[2025-03-27T16:27:02.021+0000] {processor.py:161} INFO - Started process (PID=371) to work on /home/airflow/.local/lib/python3.8/site-packages/airflow/example_dags/example_trigger_controller_dag.py
[2025-03-27T16:27:02.022+0000] {processor.py:830} INFO - Processing file /home/airflow/.local/lib/python3.8/site-packages/airflow/example_dags/example_trigger_controller_dag.py for tasks to queue
[2025-03-27T16:27:02.024+0000] {logging_mixin.py:188} INFO - [2025-03-27T16:27:02.023+0000] {dagbag.py:538} INFO - Filling up the DagBag from /home/airflow/.local/lib/python3.8/site-packages/airflow/example_dags/example_trigger_controller_dag.py
[2025-03-27T16:27:02.029+0000] {processor.py:840} INFO - DAG(s) 'example_trigger_controller_dag' retrieved from /home/airflow/.local/lib/python3.8/site-packages/airflow/example_dags/example_trigger_controller_dag.py
[2025-03-27T16:27:02.042+0000] {logging_mixin.py:188} INFO - [2025-03-27T16:27:02.042+0000] {dag.py:3036} INFO - Sync 1 DAGs
[2025-03-27T16:27:02.069+0000] {logging_mixin.py:188} INFO - [2025-03-27T16:27:02.068+0000] {dag.py:3823} INFO - Setting next_dagrun for example_trigger_controller_dag to 2021-01-01 00:00:00+00:00, run_after=2021-01-01 00:00:00+00:00
[2025-03-27T16:27:02.091+0000] {processor.py:183} INFO - Processing /home/airflow/.local/lib/python3.8/site-packages/airflow/example_dags/example_trigger_controller_dag.py took 0.072 seconds
[2025-03-27T16:27:33.104+0000] {processor.py:161} INFO - Started process (PID=626) to work on /home/airflow/.local/lib/python3.8/site-packages/airflow/example_dags/example_trigger_controller_dag.py
[2025-03-27T16:27:33.105+0000] {processor.py:830} INFO - Processing file /home/airflow/.local/lib/python3.8/site-packages/airflow/example_dags/example_trigger_controller_dag.py for tasks to queue
[2025-03-27T16:27:33.106+0000] {logging_mixin.py:188} INFO - [2025-03-27T16:27:33.106+0000] {dagbag.py:538} INFO - Filling up the DagBag from /home/airflow/.local/lib/python3.8/site-packages/airflow/example_dags/example_trigger_controller_dag.py
[2025-03-27T16:27:33.110+0000] {processor.py:840} INFO - DAG(s) 'example_trigger_controller_dag' retrieved from /home/airflow/.local/lib/python3.8/site-packages/airflow/example_dags/example_trigger_controller_dag.py
[2025-03-27T16:27:33.207+0000] {logging_mixin.py:188} INFO - [2025-03-27T16:27:33.207+0000] {dag.py:3036} INFO - Sync 1 DAGs
[2025-03-27T16:27:33.228+0000] {logging_mixin.py:188} INFO - [2025-03-27T16:27:33.227+0000] {dag.py:3823} INFO - Setting next_dagrun for example_trigger_controller_dag to 2021-01-01 00:00:00+00:00, run_after=2021-01-01 00:00:00+00:00
[2025-03-27T16:27:33.246+0000] {processor.py:183} INFO - Processing /home/airflow/.local/lib/python3.8/site-packages/airflow/example_dags/example_trigger_controller_dag.py took 0.144 seconds
[2025-03-27T16:28:03.736+0000] {processor.py:161} INFO - Started process (PID=871) to work on /home/airflow/.local/lib/python3.8/site-packages/airflow/example_dags/example_trigger_controller_dag.py
[2025-03-27T16:28:03.737+0000] {processor.py:830} INFO - Processing file /home/airflow/.local/lib/python3.8/site-packages/airflow/example_dags/example_trigger_controller_dag.py for tasks to queue
[2025-03-27T16:28:03.739+0000] {logging_mixin.py:188} INFO - [2025-03-27T16:28:03.738+0000] {dagbag.py:538} INFO - Filling up the DagBag from /home/airflow/.local/lib/python3.8/site-packages/airflow/example_dags/example_trigger_controller_dag.py
[2025-03-27T16:28:03.744+0000] {processor.py:840} INFO - DAG(s) 'example_trigger_controller_dag' retrieved from /home/airflow/.local/lib/python3.8/site-packages/airflow/example_dags/example_trigger_controller_dag.py
[2025-03-27T16:28:03.763+0000] {logging_mixin.py:188} INFO - [2025-03-27T16:28:03.763+0000] {dag.py:3036} INFO - Sync 1 DAGs
[2025-03-27T16:28:03.784+0000] {logging_mixin.py:188} INFO - [2025-03-27T16:28:03.784+0000] {dag.py:3823} INFO - Setting next_dagrun for example_trigger_controller_dag to 2021-01-01 00:00:00+00:00, run_after=2021-01-01 00:00:00+00:00
[2025-03-27T16:28:03.806+0000] {processor.py:183} INFO - Processing /home/airflow/.local/lib/python3.8/site-packages/airflow/example_dags/example_trigger_controller_dag.py took 0.075 seconds
[2025-03-27T16:28:34.498+0000] {processor.py:161} INFO - Started process (PID=1118) to work on /home/airflow/.local/lib/python3.8/site-packages/airflow/example_dags/example_trigger_controller_dag.py
[2025-03-27T16:28:34.499+0000] {processor.py:830} INFO - Processing file /home/airflow/.local/lib/python3.8/site-packages/airflow/example_dags/example_trigger_controller_dag.py for tasks to queue
[2025-03-27T16:28:34.500+0000] {logging_mixin.py:188} INFO - [2025-03-27T16:28:34.500+0000] {dagbag.py:538} INFO - Filling up the DagBag from /home/airflow/.local/lib/python3.8/site-packages/airflow/example_dags/example_trigger_controller_dag.py
[2025-03-27T16:28:34.503+0000] {processor.py:840} INFO - DAG(s) 'example_trigger_controller_dag' retrieved from /home/airflow/.local/lib/python3.8/site-packages/airflow/example_dags/example_trigger_controller_dag.py
[2025-03-27T16:28:34.521+0000] {logging_mixin.py:188} INFO - [2025-03-27T16:28:34.521+0000] {dag.py:3036} INFO - Sync 1 DAGs
[2025-03-27T16:28:34.540+0000] {logging_mixin.py:188} INFO - [2025-03-27T16:28:34.540+0000] {dag.py:3823} INFO - Setting next_dagrun for example_trigger_controller_dag to 2021-01-01 00:00:00+00:00, run_after=2021-01-01 00:00:00+00:00
[2025-03-27T16:28:34.556+0000] {processor.py:183} INFO - Processing /home/airflow/.local/lib/python3.8/site-packages/airflow/example_dags/example_trigger_controller_dag.py took 0.060 seconds
[2025-03-27T16:29:05.058+0000] {processor.py:161} INFO - Started process (PID=1365) to work on /home/airflow/.local/lib/python3.8/site-packages/airflow/example_dags/example_trigger_controller_dag.py
[2025-03-27T16:29:05.059+0000] {processor.py:830} INFO - Processing file /home/airflow/.local/lib/python3.8/site-packages/airflow/example_dags/example_trigger_controller_dag.py for tasks to queue
[2025-03-27T16:29:05.060+0000] {logging_mixin.py:188} INFO - [2025-03-27T16:29:05.059+0000] {dagbag.py:538} INFO - Filling up the DagBag from /home/airflow/.local/lib/python3.8/site-packages/airflow/example_dags/example_trigger_controller_dag.py
[2025-03-27T16:29:05.063+0000] {processor.py:840} INFO - DAG(s) 'example_trigger_controller_dag' retrieved from /home/airflow/.local/lib/python3.8/site-packages/airflow/example_dags/example_trigger_controller_dag.py
[2025-03-27T16:29:05.081+0000] {logging_mixin.py:188} INFO - [2025-03-27T16:29:05.081+0000] {dag.py:3036} INFO - Sync 1 DAGs
[2025-03-27T16:29:05.100+0000] {logging_mixin.py:188} INFO - [2025-03-27T16:29:05.099+0000] {dag.py:3823} INFO - Setting next_dagrun for example_trigger_controller_dag to 2021-01-01 00:00:00+00:00, run_after=2021-01-01 00:00:00+00:00
[2025-03-27T16:29:05.115+0000] {processor.py:183} INFO - Processing /home/airflow/.local/lib/python3.8/site-packages/airflow/example_dags/example_trigger_controller_dag.py took 0.060 seconds
[2025-03-27T16:29:35.678+0000] {processor.py:161} INFO - Started process (PID=1614) to work on /home/airflow/.local/lib/python3.8/site-packages/airflow/example_dags/example_trigger_controller_dag.py
[2025-03-27T16:29:35.679+0000] {processor.py:830} INFO - Processing file /home/airflow/.local/lib/python3.8/site-packages/airflow/example_dags/example_trigger_controller_dag.py for tasks to queue
[2025-03-27T16:29:35.680+0000] {logging_mixin.py:188} INFO - [2025-03-27T16:29:35.679+0000] {dagbag.py:538} INFO - Filling up the DagBag from /home/airflow/.local/lib/python3.8/site-packages/airflow/example_dags/example_trigger_controller_dag.py
[2025-03-27T16:29:35.683+0000] {processor.py:840} INFO - DAG(s) 'example_trigger_controller_dag' retrieved from /home/airflow/.local/lib/python3.8/site-packages/airflow/example_dags/example_trigger_controller_dag.py
[2025-03-27T16:29:35.700+0000] {logging_mixin.py:188} INFO - [2025-03-27T16:29:35.700+0000] {dag.py:3036} INFO - Sync 1 DAGs
[2025-03-27T16:29:35.719+0000] {logging_mixin.py:188} INFO - [2025-03-27T16:29:35.719+0000] {dag.py:3823} INFO - Setting next_dagrun for example_trigger_controller_dag to 2021-01-01 00:00:00+00:00, run_after=2021-01-01 00:00:00+00:00
[2025-03-27T16:29:35.734+0000] {processor.py:183} INFO - Processing /home/airflow/.local/lib/python3.8/site-packages/airflow/example_dags/example_trigger_controller_dag.py took 0.058 seconds
[2025-03-27T16:30:06.245+0000] {processor.py:161} INFO - Started process (PID=1861) to work on /home/airflow/.local/lib/python3.8/site-packages/airflow/example_dags/example_trigger_controller_dag.py
[2025-03-27T16:30:06.246+0000] {processor.py:830} INFO - Processing file /home/airflow/.local/lib/python3.8/site-packages/airflow/example_dags/example_trigger_controller_dag.py for tasks to queue
[2025-03-27T16:30:06.247+0000] {logging_mixin.py:188} INFO - [2025-03-27T16:30:06.246+0000] {dagbag.py:538} INFO - Filling up the DagBag from /home/airflow/.local/lib/python3.8/site-packages/airflow/example_dags/example_trigger_controller_dag.py
[2025-03-27T16:30:06.250+0000] {processor.py:840} INFO - DAG(s) 'example_trigger_controller_dag' retrieved from /home/airflow/.local/lib/python3.8/site-packages/airflow/example_dags/example_trigger_controller_dag.py
[2025-03-27T16:30:06.268+0000] {logging_mixin.py:188} INFO - [2025-03-27T16:30:06.267+0000] {dag.py:3036} INFO - Sync 1 DAGs
[2025-03-27T16:30:06.286+0000] {logging_mixin.py:188} INFO - [2025-03-27T16:30:06.286+0000] {dag.py:3823} INFO - Setting next_dagrun for example_trigger_controller_dag to 2021-01-01 00:00:00+00:00, run_after=2021-01-01 00:00:00+00:00
[2025-03-27T16:30:06.301+0000] {processor.py:183} INFO - Processing /home/airflow/.local/lib/python3.8/site-packages/airflow/example_dags/example_trigger_controller_dag.py took 0.059 seconds
[2025-03-27T16:30:36.659+0000] {processor.py:161} INFO - Started process (PID=2106) to work on /home/airflow/.local/lib/python3.8/site-packages/airflow/example_dags/example_trigger_controller_dag.py
[2025-03-27T16:30:36.660+0000] {processor.py:830} INFO - Processing file /home/airflow/.local/lib/python3.8/site-packages/airflow/example_dags/example_trigger_controller_dag.py for tasks to queue
[2025-03-27T16:30:36.661+0000] {logging_mixin.py:188} INFO - [2025-03-27T16:30:36.660+0000] {dagbag.py:538} INFO - Filling up the DagBag from /home/airflow/.local/lib/python3.8/site-packages/airflow/example_dags/example_trigger_controller_dag.py
[2025-03-27T16:30:36.665+0000] {processor.py:840} INFO - DAG(s) 'example_trigger_controller_dag' retrieved from /home/airflow/.local/lib/python3.8/site-packages/airflow/example_dags/example_trigger_controller_dag.py
[2025-03-27T16:30:36.683+0000] {logging_mixin.py:188} INFO - [2025-03-27T16:30:36.683+0000] {dag.py:3036} INFO - Sync 1 DAGs
[2025-03-27T16:30:36.702+0000] {logging_mixin.py:188} INFO - [2025-03-27T16:30:36.702+0000] {dag.py:3823} INFO - Setting next_dagrun for example_trigger_controller_dag to 2021-01-01 00:00:00+00:00, run_after=2021-01-01 00:00:00+00:00
[2025-03-27T16:30:36.718+0000] {processor.py:183} INFO - Processing /home/airflow/.local/lib/python3.8/site-packages/airflow/example_dags/example_trigger_controller_dag.py took 0.062 seconds
[2025-03-27T16:31:07.231+0000] {processor.py:161} INFO - Started process (PID=2353) to work on /home/airflow/.local/lib/python3.8/site-packages/airflow/example_dags/example_trigger_controller_dag.py
[2025-03-27T16:31:07.232+0000] {processor.py:830} INFO - Processing file /home/airflow/.local/lib/python3.8/site-packages/airflow/example_dags/example_trigger_controller_dag.py for tasks to queue
[2025-03-27T16:31:07.233+0000] {logging_mixin.py:188} INFO - [2025-03-27T16:31:07.233+0000] {dagbag.py:538} INFO - Filling up the DagBag from /home/airflow/.local/lib/python3.8/site-packages/airflow/example_dags/example_trigger_controller_dag.py
[2025-03-27T16:31:07.237+0000] {processor.py:840} INFO - DAG(s) 'example_trigger_controller_dag' retrieved from /home/airflow/.local/lib/python3.8/site-packages/airflow/example_dags/example_trigger_controller_dag.py
[2025-03-27T16:31:07.253+0000] {logging_mixin.py:188} INFO - [2025-03-27T16:31:07.253+0000] {dag.py:3036} INFO - Sync 1 DAGs
[2025-03-27T16:31:07.273+0000] {logging_mixin.py:188} INFO - [2025-03-27T16:31:07.272+0000] {dag.py:3823} INFO - Setting next_dagrun for example_trigger_controller_dag to 2021-01-01 00:00:00+00:00, run_after=2021-01-01 00:00:00+00:00
[2025-03-27T16:31:07.288+0000] {processor.py:183} INFO - Processing /home/airflow/.local/lib/python3.8/site-packages/airflow/example_dags/example_trigger_controller_dag.py took 0.059 seconds
[2025-03-27T16:31:37.821+0000] {processor.py:161} INFO - Started process (PID=2602) to work on /home/airflow/.local/lib/python3.8/site-packages/airflow/example_dags/example_trigger_controller_dag.py
[2025-03-27T16:31:37.822+0000] {processor.py:830} INFO - Processing file /home/airflow/.local/lib/python3.8/site-packages/airflow/example_dags/example_trigger_controller_dag.py for tasks to queue
[2025-03-27T16:31:37.823+0000] {logging_mixin.py:188} INFO - [2025-03-27T16:31:37.822+0000] {dagbag.py:538} INFO - Filling up the DagBag from /home/airflow/.local/lib/python3.8/site-packages/airflow/example_dags/example_trigger_controller_dag.py
[2025-03-27T16:31:37.827+0000] {processor.py:840} INFO - DAG(s) 'example_trigger_controller_dag' retrieved from /home/airflow/.local/lib/python3.8/site-packages/airflow/example_dags/example_trigger_controller_dag.py
[2025-03-27T16:31:37.846+0000] {logging_mixin.py:188} INFO - [2025-03-27T16:31:37.846+0000] {dag.py:3036} INFO - Sync 1 DAGs
[2025-03-27T16:31:37.868+0000] {logging_mixin.py:188} INFO - [2025-03-27T16:31:37.867+0000] {dag.py:3823} INFO - Setting next_dagrun for example_trigger_controller_dag to 2021-01-01 00:00:00+00:00, run_after=2021-01-01 00:00:00+00:00
[2025-03-27T16:31:37.884+0000] {processor.py:183} INFO - Processing /home/airflow/.local/lib/python3.8/site-packages/airflow/example_dags/example_trigger_controller_dag.py took 0.066 seconds
[2025-03-27T16:32:08.022+0000] {processor.py:161} INFO - Started process (PID=2847) to work on /home/airflow/.local/lib/python3.8/site-packages/airflow/example_dags/example_trigger_controller_dag.py
[2025-03-27T16:32:08.022+0000] {processor.py:830} INFO - Processing file /home/airflow/.local/lib/python3.8/site-packages/airflow/example_dags/example_trigger_controller_dag.py for tasks to queue
[2025-03-27T16:32:08.023+0000] {logging_mixin.py:188} INFO - [2025-03-27T16:32:08.023+0000] {dagbag.py:538} INFO - Filling up the DagBag from /home/airflow/.local/lib/python3.8/site-packages/airflow/example_dags/example_trigger_controller_dag.py
[2025-03-27T16:32:08.027+0000] {processor.py:840} INFO - DAG(s) 'example_trigger_controller_dag' retrieved from /home/airflow/.local/lib/python3.8/site-packages/airflow/example_dags/example_trigger_controller_dag.py
[2025-03-27T16:32:08.045+0000] {logging_mixin.py:188} INFO - [2025-03-27T16:32:08.044+0000] {dag.py:3036} INFO - Sync 1 DAGs
[2025-03-27T16:32:08.064+0000] {logging_mixin.py:188} INFO - [2025-03-27T16:32:08.063+0000] {dag.py:3823} INFO - Setting next_dagrun for example_trigger_controller_dag to 2021-01-01 00:00:00+00:00, run_after=2021-01-01 00:00:00+00:00
[2025-03-27T16:32:08.080+0000] {processor.py:183} INFO - Processing /home/airflow/.local/lib/python3.8/site-packages/airflow/example_dags/example_trigger_controller_dag.py took 0.061 seconds
[2025-03-27T16:32:39.640+0000] {processor.py:161} INFO - Started process (PID=3094) to work on /home/airflow/.local/lib/python3.8/site-packages/airflow/example_dags/example_trigger_controller_dag.py
[2025-03-27T16:32:39.641+0000] {processor.py:830} INFO - Processing file /home/airflow/.local/lib/python3.8/site-packages/airflow/example_dags/example_trigger_controller_dag.py for tasks to queue
[2025-03-27T16:32:39.643+0000] {logging_mixin.py:188} INFO - [2025-03-27T16:32:39.642+0000] {dagbag.py:538} INFO - Filling up the DagBag from /home/airflow/.local/lib/python3.8/site-packages/airflow/example_dags/example_trigger_controller_dag.py
[2025-03-27T16:32:39.652+0000] {processor.py:840} INFO - DAG(s) 'example_trigger_controller_dag' retrieved from /home/airflow/.local/lib/python3.8/site-packages/airflow/example_dags/example_trigger_controller_dag.py
[2025-03-27T16:32:39.687+0000] {logging_mixin.py:188} INFO - [2025-03-27T16:32:39.686+0000] {dag.py:3036} INFO - Sync 1 DAGs
[2025-03-27T16:32:39.734+0000] {logging_mixin.py:188} INFO - [2025-03-27T16:32:39.733+0000] {dag.py:3823} INFO - Setting next_dagrun for example_trigger_controller_dag to 2021-01-01 00:00:00+00:00, run_after=2021-01-01 00:00:00+00:00
[2025-03-27T16:32:39.774+0000] {processor.py:183} INFO - Processing /home/airflow/.local/lib/python3.8/site-packages/airflow/example_dags/example_trigger_controller_dag.py took 0.139 seconds
[2025-03-27T16:33:09.854+0000] {processor.py:161} INFO - Started process (PID=3343) to work on /home/airflow/.local/lib/python3.8/site-packages/airflow/example_dags/example_trigger_controller_dag.py
[2025-03-27T16:33:09.855+0000] {processor.py:830} INFO - Processing file /home/airflow/.local/lib/python3.8/site-packages/airflow/example_dags/example_trigger_controller_dag.py for tasks to queue
[2025-03-27T16:33:09.856+0000] {logging_mixin.py:188} INFO - [2025-03-27T16:33:09.856+0000] {dagbag.py:538} INFO - Filling up the DagBag from /home/airflow/.local/lib/python3.8/site-packages/airflow/example_dags/example_trigger_controller_dag.py
[2025-03-27T16:33:09.860+0000] {processor.py:840} INFO - DAG(s) 'example_trigger_controller_dag' retrieved from /home/airflow/.local/lib/python3.8/site-packages/airflow/example_dags/example_trigger_controller_dag.py
[2025-03-27T16:33:09.878+0000] {logging_mixin.py:188} INFO - [2025-03-27T16:33:09.877+0000] {dag.py:3036} INFO - Sync 1 DAGs
[2025-03-27T16:33:09.896+0000] {logging_mixin.py:188} INFO - [2025-03-27T16:33:09.896+0000] {dag.py:3823} INFO - Setting next_dagrun for example_trigger_controller_dag to 2021-01-01 00:00:00+00:00, run_after=2021-01-01 00:00:00+00:00
[2025-03-27T16:33:09.912+0000] {processor.py:183} INFO - Processing /home/airflow/.local/lib/python3.8/site-packages/airflow/example_dags/example_trigger_controller_dag.py took 0.060 seconds
[2025-03-27T16:33:40.769+0000] {processor.py:161} INFO - Started process (PID=3588) to work on /home/airflow/.local/lib/python3.8/site-packages/airflow/example_dags/example_trigger_controller_dag.py
[2025-03-27T16:33:40.770+0000] {processor.py:830} INFO - Processing file /home/airflow/.local/lib/python3.8/site-packages/airflow/example_dags/example_trigger_controller_dag.py for tasks to queue
[2025-03-27T16:33:40.771+0000] {logging_mixin.py:188} INFO - [2025-03-27T16:33:40.771+0000] {dagbag.py:538} INFO - Filling up the DagBag from /home/airflow/.local/lib/python3.8/site-packages/airflow/example_dags/example_trigger_controller_dag.py
[2025-03-27T16:33:40.775+0000] {processor.py:840} INFO - DAG(s) 'example_trigger_controller_dag' retrieved from /home/airflow/.local/lib/python3.8/site-packages/airflow/example_dags/example_trigger_controller_dag.py
[2025-03-27T16:33:40.794+0000] {logging_mixin.py:188} INFO - [2025-03-27T16:33:40.793+0000] {dag.py:3036} INFO - Sync 1 DAGs
[2025-03-27T16:33:40.813+0000] {logging_mixin.py:188} INFO - [2025-03-27T16:33:40.812+0000] {dag.py:3823} INFO - Setting next_dagrun for example_trigger_controller_dag to 2021-01-01 00:00:00+00:00, run_after=2021-01-01 00:00:00+00:00
[2025-03-27T16:33:40.829+0000] {processor.py:183} INFO - Processing /home/airflow/.local/lib/python3.8/site-packages/airflow/example_dags/example_trigger_controller_dag.py took 0.063 seconds
[2025-03-27T16:34:11.214+0000] {processor.py:161} INFO - Started process (PID=3835) to work on /home/airflow/.local/lib/python3.8/site-packages/airflow/example_dags/example_trigger_controller_dag.py
[2025-03-27T16:34:11.215+0000] {processor.py:830} INFO - Processing file /home/airflow/.local/lib/python3.8/site-packages/airflow/example_dags/example_trigger_controller_dag.py for tasks to queue
[2025-03-27T16:34:11.216+0000] {logging_mixin.py:188} INFO - [2025-03-27T16:34:11.215+0000] {dagbag.py:538} INFO - Filling up the DagBag from /home/airflow/.local/lib/python3.8/site-packages/airflow/example_dags/example_trigger_controller_dag.py
[2025-03-27T16:34:11.220+0000] {processor.py:840} INFO - DAG(s) 'example_trigger_controller_dag' retrieved from /home/airflow/.local/lib/python3.8/site-packages/airflow/example_dags/example_trigger_controller_dag.py
[2025-03-27T16:34:11.238+0000] {logging_mixin.py:188} INFO - [2025-03-27T16:34:11.238+0000] {dag.py:3036} INFO - Sync 1 DAGs
[2025-03-27T16:34:11.257+0000] {logging_mixin.py:188} INFO - [2025-03-27T16:34:11.257+0000] {dag.py:3823} INFO - Setting next_dagrun for example_trigger_controller_dag to 2021-01-01 00:00:00+00:00, run_after=2021-01-01 00:00:00+00:00
[2025-03-27T16:34:11.273+0000] {processor.py:183} INFO - Processing /home/airflow/.local/lib/python3.8/site-packages/airflow/example_dags/example_trigger_controller_dag.py took 0.061 seconds
[2025-03-27T16:34:41.627+0000] {processor.py:161} INFO - Started process (PID=4082) to work on /home/airflow/.local/lib/python3.8/site-packages/airflow/example_dags/example_trigger_controller_dag.py
[2025-03-27T16:34:41.628+0000] {processor.py:830} INFO - Processing file /home/airflow/.local/lib/python3.8/site-packages/airflow/example_dags/example_trigger_controller_dag.py for tasks to queue
[2025-03-27T16:34:41.629+0000] {logging_mixin.py:188} INFO - [2025-03-27T16:34:41.628+0000] {dagbag.py:538} INFO - Filling up the DagBag from /home/airflow/.local/lib/python3.8/site-packages/airflow/example_dags/example_trigger_controller_dag.py
[2025-03-27T16:34:41.632+0000] {processor.py:840} INFO - DAG(s) 'example_trigger_controller_dag' retrieved from /home/airflow/.local/lib/python3.8/site-packages/airflow/example_dags/example_trigger_controller_dag.py
[2025-03-27T16:34:41.649+0000] {logging_mixin.py:188} INFO - [2025-03-27T16:34:41.649+0000] {dag.py:3036} INFO - Sync 1 DAGs
[2025-03-27T16:34:41.667+0000] {logging_mixin.py:188} INFO - [2025-03-27T16:34:41.667+0000] {dag.py:3823} INFO - Setting next_dagrun for example_trigger_controller_dag to 2021-01-01 00:00:00+00:00, run_after=2021-01-01 00:00:00+00:00
[2025-03-27T16:34:41.683+0000] {processor.py:183} INFO - Processing /home/airflow/.local/lib/python3.8/site-packages/airflow/example_dags/example_trigger_controller_dag.py took 0.059 seconds
[2025-03-27T16:35:12.065+0000] {processor.py:161} INFO - Started process (PID=4329) to work on /home/airflow/.local/lib/python3.8/site-packages/airflow/example_dags/example_trigger_controller_dag.py
[2025-03-27T16:35:12.066+0000] {processor.py:830} INFO - Processing file /home/airflow/.local/lib/python3.8/site-packages/airflow/example_dags/example_trigger_controller_dag.py for tasks to queue
[2025-03-27T16:35:12.067+0000] {logging_mixin.py:188} INFO - [2025-03-27T16:35:12.067+0000] {dagbag.py:538} INFO - Filling up the DagBag from /home/airflow/.local/lib/python3.8/site-packages/airflow/example_dags/example_trigger_controller_dag.py
[2025-03-27T16:35:12.071+0000] {processor.py:840} INFO - DAG(s) 'example_trigger_controller_dag' retrieved from /home/airflow/.local/lib/python3.8/site-packages/airflow/example_dags/example_trigger_controller_dag.py
[2025-03-27T16:35:12.089+0000] {logging_mixin.py:188} INFO - [2025-03-27T16:35:12.088+0000] {dag.py:3036} INFO - Sync 1 DAGs
[2025-03-27T16:35:12.108+0000] {logging_mixin.py:188} INFO - [2025-03-27T16:35:12.107+0000] {dag.py:3823} INFO - Setting next_dagrun for example_trigger_controller_dag to 2021-01-01 00:00:00+00:00, run_after=2021-01-01 00:00:00+00:00
[2025-03-27T16:35:12.124+0000] {processor.py:183} INFO - Processing /home/airflow/.local/lib/python3.8/site-packages/airflow/example_dags/example_trigger_controller_dag.py took 0.062 seconds
[2025-03-27T16:35:42.182+0000] {processor.py:161} INFO - Started process (PID=4576) to work on /home/airflow/.local/lib/python3.8/site-packages/airflow/example_dags/example_trigger_controller_dag.py
[2025-03-27T16:35:42.183+0000] {processor.py:830} INFO - Processing file /home/airflow/.local/lib/python3.8/site-packages/airflow/example_dags/example_trigger_controller_dag.py for tasks to queue
[2025-03-27T16:35:42.184+0000] {logging_mixin.py:188} INFO - [2025-03-27T16:35:42.184+0000] {dagbag.py:538} INFO - Filling up the DagBag from /home/airflow/.local/lib/python3.8/site-packages/airflow/example_dags/example_trigger_controller_dag.py
[2025-03-27T16:35:42.188+0000] {processor.py:840} INFO - DAG(s) 'example_trigger_controller_dag' retrieved from /home/airflow/.local/lib/python3.8/site-packages/airflow/example_dags/example_trigger_controller_dag.py
[2025-03-27T16:35:42.207+0000] {logging_mixin.py:188} INFO - [2025-03-27T16:35:42.206+0000] {dag.py:3036} INFO - Sync 1 DAGs
[2025-03-27T16:35:42.227+0000] {logging_mixin.py:188} INFO - [2025-03-27T16:35:42.227+0000] {dag.py:3823} INFO - Setting next_dagrun for example_trigger_controller_dag to 2021-01-01 00:00:00+00:00, run_after=2021-01-01 00:00:00+00:00
[2025-03-27T16:35:42.244+0000] {processor.py:183} INFO - Processing /home/airflow/.local/lib/python3.8/site-packages/airflow/example_dags/example_trigger_controller_dag.py took 0.064 seconds
[2025-03-27T16:36:12.903+0000] {processor.py:161} INFO - Started process (PID=4823) to work on /home/airflow/.local/lib/python3.8/site-packages/airflow/example_dags/example_trigger_controller_dag.py
[2025-03-27T16:36:12.904+0000] {processor.py:830} INFO - Processing file /home/airflow/.local/lib/python3.8/site-packages/airflow/example_dags/example_trigger_controller_dag.py for tasks to queue
[2025-03-27T16:36:12.905+0000] {logging_mixin.py:188} INFO - [2025-03-27T16:36:12.905+0000] {dagbag.py:538} INFO - Filling up the DagBag from /home/airflow/.local/lib/python3.8/site-packages/airflow/example_dags/example_trigger_controller_dag.py
[2025-03-27T16:36:12.910+0000] {processor.py:840} INFO - DAG(s) 'example_trigger_controller_dag' retrieved from /home/airflow/.local/lib/python3.8/site-packages/airflow/example_dags/example_trigger_controller_dag.py
[2025-03-27T16:36:12.928+0000] {logging_mixin.py:188} INFO - [2025-03-27T16:36:12.928+0000] {dag.py:3036} INFO - Sync 1 DAGs
[2025-03-27T16:36:12.950+0000] {logging_mixin.py:188} INFO - [2025-03-27T16:36:12.950+0000] {dag.py:3823} INFO - Setting next_dagrun for example_trigger_controller_dag to 2021-01-01 00:00:00+00:00, run_after=2021-01-01 00:00:00+00:00
[2025-03-27T16:36:12.967+0000] {processor.py:183} INFO - Processing /home/airflow/.local/lib/python3.8/site-packages/airflow/example_dags/example_trigger_controller_dag.py took 0.066 seconds
[2025-03-27T16:36:43.373+0000] {processor.py:161} INFO - Started process (PID=5072) to work on /home/airflow/.local/lib/python3.8/site-packages/airflow/example_dags/example_trigger_controller_dag.py
[2025-03-27T16:36:43.374+0000] {processor.py:830} INFO - Processing file /home/airflow/.local/lib/python3.8/site-packages/airflow/example_dags/example_trigger_controller_dag.py for tasks to queue
[2025-03-27T16:36:43.375+0000] {logging_mixin.py:188} INFO - [2025-03-27T16:36:43.375+0000] {dagbag.py:538} INFO - Filling up the DagBag from /home/airflow/.local/lib/python3.8/site-packages/airflow/example_dags/example_trigger_controller_dag.py
[2025-03-27T16:36:43.378+0000] {processor.py:840} INFO - DAG(s) 'example_trigger_controller_dag' retrieved from /home/airflow/.local/lib/python3.8/site-packages/airflow/example_dags/example_trigger_controller_dag.py
[2025-03-27T16:36:43.395+0000] {logging_mixin.py:188} INFO - [2025-03-27T16:36:43.395+0000] {dag.py:3036} INFO - Sync 1 DAGs
[2025-03-27T16:36:43.414+0000] {logging_mixin.py:188} INFO - [2025-03-27T16:36:43.414+0000] {dag.py:3823} INFO - Setting next_dagrun for example_trigger_controller_dag to 2021-01-01 00:00:00+00:00, run_after=2021-01-01 00:00:00+00:00
[2025-03-27T16:36:43.430+0000] {processor.py:183} INFO - Processing /home/airflow/.local/lib/python3.8/site-packages/airflow/example_dags/example_trigger_controller_dag.py took 0.059 seconds
[2025-03-27T16:37:14.247+0000] {processor.py:161} INFO - Started process (PID=5322) to work on /home/airflow/.local/lib/python3.8/site-packages/airflow/example_dags/example_trigger_controller_dag.py
[2025-03-27T16:37:14.248+0000] {processor.py:830} INFO - Processing file /home/airflow/.local/lib/python3.8/site-packages/airflow/example_dags/example_trigger_controller_dag.py for tasks to queue
[2025-03-27T16:37:14.249+0000] {logging_mixin.py:188} INFO - [2025-03-27T16:37:14.249+0000] {dagbag.py:538} INFO - Filling up the DagBag from /home/airflow/.local/lib/python3.8/site-packages/airflow/example_dags/example_trigger_controller_dag.py
[2025-03-27T16:37:14.253+0000] {processor.py:840} INFO - DAG(s) 'example_trigger_controller_dag' retrieved from /home/airflow/.local/lib/python3.8/site-packages/airflow/example_dags/example_trigger_controller_dag.py
[2025-03-27T16:37:14.272+0000] {logging_mixin.py:188} INFO - [2025-03-27T16:37:14.272+0000] {dag.py:3036} INFO - Sync 1 DAGs
[2025-03-27T16:37:14.292+0000] {logging_mixin.py:188} INFO - [2025-03-27T16:37:14.292+0000] {dag.py:3823} INFO - Setting next_dagrun for example_trigger_controller_dag to 2021-01-01 00:00:00+00:00, run_after=2021-01-01 00:00:00+00:00
[2025-03-27T16:37:14.308+0000] {processor.py:183} INFO - Processing /home/airflow/.local/lib/python3.8/site-packages/airflow/example_dags/example_trigger_controller_dag.py took 0.064 seconds
[2025-03-27T16:37:44.415+0000] {processor.py:161} INFO - Started process (PID=5576) to work on /home/airflow/.local/lib/python3.8/site-packages/airflow/example_dags/example_trigger_controller_dag.py
[2025-03-27T16:37:44.416+0000] {processor.py:830} INFO - Processing file /home/airflow/.local/lib/python3.8/site-packages/airflow/example_dags/example_trigger_controller_dag.py for tasks to queue
[2025-03-27T16:37:44.416+0000] {logging_mixin.py:188} INFO - [2025-03-27T16:37:44.416+0000] {dagbag.py:538} INFO - Filling up the DagBag from /home/airflow/.local/lib/python3.8/site-packages/airflow/example_dags/example_trigger_controller_dag.py
[2025-03-27T16:37:44.420+0000] {processor.py:840} INFO - DAG(s) 'example_trigger_controller_dag' retrieved from /home/airflow/.local/lib/python3.8/site-packages/airflow/example_dags/example_trigger_controller_dag.py
[2025-03-27T16:37:44.439+0000] {logging_mixin.py:188} INFO - [2025-03-27T16:37:44.439+0000] {dag.py:3036} INFO - Sync 1 DAGs
[2025-03-27T16:37:44.459+0000] {logging_mixin.py:188} INFO - [2025-03-27T16:37:44.459+0000] {dag.py:3823} INFO - Setting next_dagrun for example_trigger_controller_dag to 2021-01-01 00:00:00+00:00, run_after=2021-01-01 00:00:00+00:00
[2025-03-27T16:37:44.475+0000] {processor.py:183} INFO - Processing /home/airflow/.local/lib/python3.8/site-packages/airflow/example_dags/example_trigger_controller_dag.py took 0.063 seconds
[2025-03-27T16:38:14.619+0000] {processor.py:161} INFO - Started process (PID=5826) to work on /home/airflow/.local/lib/python3.8/site-packages/airflow/example_dags/example_trigger_controller_dag.py
[2025-03-27T16:38:14.620+0000] {processor.py:830} INFO - Processing file /home/airflow/.local/lib/python3.8/site-packages/airflow/example_dags/example_trigger_controller_dag.py for tasks to queue
[2025-03-27T16:38:14.621+0000] {logging_mixin.py:188} INFO - [2025-03-27T16:38:14.620+0000] {dagbag.py:538} INFO - Filling up the DagBag from /home/airflow/.local/lib/python3.8/site-packages/airflow/example_dags/example_trigger_controller_dag.py
[2025-03-27T16:38:14.624+0000] {processor.py:840} INFO - DAG(s) 'example_trigger_controller_dag' retrieved from /home/airflow/.local/lib/python3.8/site-packages/airflow/example_dags/example_trigger_controller_dag.py
[2025-03-27T16:38:14.640+0000] {logging_mixin.py:188} INFO - [2025-03-27T16:38:14.640+0000] {dag.py:3036} INFO - Sync 1 DAGs
[2025-03-27T16:38:14.658+0000] {logging_mixin.py:188} INFO - [2025-03-27T16:38:14.658+0000] {dag.py:3823} INFO - Setting next_dagrun for example_trigger_controller_dag to 2021-01-01 00:00:00+00:00, run_after=2021-01-01 00:00:00+00:00
[2025-03-27T16:38:14.673+0000] {processor.py:183} INFO - Processing /home/airflow/.local/lib/python3.8/site-packages/airflow/example_dags/example_trigger_controller_dag.py took 0.057 seconds
[2025-03-27T16:38:45.094+0000] {processor.py:161} INFO - Started process (PID=6080) to work on /home/airflow/.local/lib/python3.8/site-packages/airflow/example_dags/example_trigger_controller_dag.py
[2025-03-27T16:38:45.095+0000] {processor.py:830} INFO - Processing file /home/airflow/.local/lib/python3.8/site-packages/airflow/example_dags/example_trigger_controller_dag.py for tasks to queue
[2025-03-27T16:38:45.096+0000] {logging_mixin.py:188} INFO - [2025-03-27T16:38:45.096+0000] {dagbag.py:538} INFO - Filling up the DagBag from /home/airflow/.local/lib/python3.8/site-packages/airflow/example_dags/example_trigger_controller_dag.py
[2025-03-27T16:38:45.100+0000] {processor.py:840} INFO - DAG(s) 'example_trigger_controller_dag' retrieved from /home/airflow/.local/lib/python3.8/site-packages/airflow/example_dags/example_trigger_controller_dag.py
[2025-03-27T16:38:45.120+0000] {logging_mixin.py:188} INFO - [2025-03-27T16:38:45.120+0000] {dag.py:3036} INFO - Sync 1 DAGs
[2025-03-27T16:38:45.144+0000] {logging_mixin.py:188} INFO - [2025-03-27T16:38:45.144+0000] {dag.py:3823} INFO - Setting next_dagrun for example_trigger_controller_dag to 2021-01-01 00:00:00+00:00, run_after=2021-01-01 00:00:00+00:00
[2025-03-27T16:38:45.161+0000] {processor.py:183} INFO - Processing /home/airflow/.local/lib/python3.8/site-packages/airflow/example_dags/example_trigger_controller_dag.py took 0.070 seconds
[2025-03-27T16:39:15.905+0000] {processor.py:161} INFO - Started process (PID=6352) to work on /home/airflow/.local/lib/python3.8/site-packages/airflow/example_dags/example_trigger_controller_dag.py
[2025-03-27T16:39:15.906+0000] {processor.py:830} INFO - Processing file /home/airflow/.local/lib/python3.8/site-packages/airflow/example_dags/example_trigger_controller_dag.py for tasks to queue
[2025-03-27T16:39:15.907+0000] {logging_mixin.py:188} INFO - [2025-03-27T16:39:15.907+0000] {dagbag.py:538} INFO - Filling up the DagBag from /home/airflow/.local/lib/python3.8/site-packages/airflow/example_dags/example_trigger_controller_dag.py
[2025-03-27T16:39:15.912+0000] {processor.py:840} INFO - DAG(s) 'example_trigger_controller_dag' retrieved from /home/airflow/.local/lib/python3.8/site-packages/airflow/example_dags/example_trigger_controller_dag.py
[2025-03-27T16:39:15.932+0000] {logging_mixin.py:188} INFO - [2025-03-27T16:39:15.932+0000] {dag.py:3036} INFO - Sync 1 DAGs
[2025-03-27T16:39:15.954+0000] {logging_mixin.py:188} INFO - [2025-03-27T16:39:15.953+0000] {dag.py:3823} INFO - Setting next_dagrun for example_trigger_controller_dag to 2021-01-01 00:00:00+00:00, run_after=2021-01-01 00:00:00+00:00
[2025-03-27T16:39:15.971+0000] {processor.py:183} INFO - Processing /home/airflow/.local/lib/python3.8/site-packages/airflow/example_dags/example_trigger_controller_dag.py took 0.069 seconds
[2025-03-27T16:39:46.340+0000] {processor.py:161} INFO - Started process (PID=6607) to work on /home/airflow/.local/lib/python3.8/site-packages/airflow/example_dags/example_trigger_controller_dag.py
[2025-03-27T16:39:46.341+0000] {processor.py:830} INFO - Processing file /home/airflow/.local/lib/python3.8/site-packages/airflow/example_dags/example_trigger_controller_dag.py for tasks to queue
[2025-03-27T16:39:46.343+0000] {logging_mixin.py:188} INFO - [2025-03-27T16:39:46.342+0000] {dagbag.py:538} INFO - Filling up the DagBag from /home/airflow/.local/lib/python3.8/site-packages/airflow/example_dags/example_trigger_controller_dag.py
[2025-03-27T16:39:46.349+0000] {processor.py:840} INFO - DAG(s) 'example_trigger_controller_dag' retrieved from /home/airflow/.local/lib/python3.8/site-packages/airflow/example_dags/example_trigger_controller_dag.py
[2025-03-27T16:39:46.369+0000] {logging_mixin.py:188} INFO - [2025-03-27T16:39:46.369+0000] {dag.py:3036} INFO - Sync 1 DAGs
[2025-03-27T16:39:46.389+0000] {logging_mixin.py:188} INFO - [2025-03-27T16:39:46.388+0000] {dag.py:3823} INFO - Setting next_dagrun for example_trigger_controller_dag to 2021-01-01 00:00:00+00:00, run_after=2021-01-01 00:00:00+00:00
[2025-03-27T16:39:46.403+0000] {processor.py:183} INFO - Processing /home/airflow/.local/lib/python3.8/site-packages/airflow/example_dags/example_trigger_controller_dag.py took 0.067 seconds
[2025-03-27T16:40:16.839+0000] {processor.py:161} INFO - Started process (PID=6861) to work on /home/airflow/.local/lib/python3.8/site-packages/airflow/example_dags/example_trigger_controller_dag.py
[2025-03-27T16:40:16.840+0000] {processor.py:830} INFO - Processing file /home/airflow/.local/lib/python3.8/site-packages/airflow/example_dags/example_trigger_controller_dag.py for tasks to queue
[2025-03-27T16:40:16.841+0000] {logging_mixin.py:188} INFO - [2025-03-27T16:40:16.841+0000] {dagbag.py:538} INFO - Filling up the DagBag from /home/airflow/.local/lib/python3.8/site-packages/airflow/example_dags/example_trigger_controller_dag.py
[2025-03-27T16:40:16.848+0000] {processor.py:840} INFO - DAG(s) 'example_trigger_controller_dag' retrieved from /home/airflow/.local/lib/python3.8/site-packages/airflow/example_dags/example_trigger_controller_dag.py
[2025-03-27T16:40:16.876+0000] {logging_mixin.py:188} INFO - [2025-03-27T16:40:16.875+0000] {dag.py:3036} INFO - Sync 1 DAGs
[2025-03-27T16:40:16.906+0000] {logging_mixin.py:188} INFO - [2025-03-27T16:40:16.905+0000] {dag.py:3823} INFO - Setting next_dagrun for example_trigger_controller_dag to 2021-01-01 00:00:00+00:00, run_after=2021-01-01 00:00:00+00:00
[2025-03-27T16:40:16.925+0000] {processor.py:183} INFO - Processing /home/airflow/.local/lib/python3.8/site-packages/airflow/example_dags/example_trigger_controller_dag.py took 0.090 seconds
[2025-03-27T16:40:47.647+0000] {processor.py:161} INFO - Started process (PID=7111) to work on /home/airflow/.local/lib/python3.8/site-packages/airflow/example_dags/example_trigger_controller_dag.py
[2025-03-27T16:40:47.647+0000] {processor.py:830} INFO - Processing file /home/airflow/.local/lib/python3.8/site-packages/airflow/example_dags/example_trigger_controller_dag.py for tasks to queue
[2025-03-27T16:40:47.648+0000] {logging_mixin.py:188} INFO - [2025-03-27T16:40:47.648+0000] {dagbag.py:538} INFO - Filling up the DagBag from /home/airflow/.local/lib/python3.8/site-packages/airflow/example_dags/example_trigger_controller_dag.py
[2025-03-27T16:40:47.652+0000] {processor.py:840} INFO - DAG(s) 'example_trigger_controller_dag' retrieved from /home/airflow/.local/lib/python3.8/site-packages/airflow/example_dags/example_trigger_controller_dag.py
[2025-03-27T16:40:47.669+0000] {logging_mixin.py:188} INFO - [2025-03-27T16:40:47.669+0000] {dag.py:3036} INFO - Sync 1 DAGs
[2025-03-27T16:40:47.689+0000] {logging_mixin.py:188} INFO - [2025-03-27T16:40:47.689+0000] {dag.py:3823} INFO - Setting next_dagrun for example_trigger_controller_dag to 2021-01-01 00:00:00+00:00, run_after=2021-01-01 00:00:00+00:00
[2025-03-27T16:40:47.704+0000] {processor.py:183} INFO - Processing /home/airflow/.local/lib/python3.8/site-packages/airflow/example_dags/example_trigger_controller_dag.py took 0.060 seconds
[2025-03-27T16:41:17.933+0000] {processor.py:161} INFO - Started process (PID=7378) to work on /home/airflow/.local/lib/python3.8/site-packages/airflow/example_dags/example_trigger_controller_dag.py
[2025-03-27T16:41:17.934+0000] {processor.py:830} INFO - Processing file /home/airflow/.local/lib/python3.8/site-packages/airflow/example_dags/example_trigger_controller_dag.py for tasks to queue
[2025-03-27T16:41:17.934+0000] {logging_mixin.py:188} INFO - [2025-03-27T16:41:17.934+0000] {dagbag.py:538} INFO - Filling up the DagBag from /home/airflow/.local/lib/python3.8/site-packages/airflow/example_dags/example_trigger_controller_dag.py
[2025-03-27T16:41:17.938+0000] {processor.py:840} INFO - DAG(s) 'example_trigger_controller_dag' retrieved from /home/airflow/.local/lib/python3.8/site-packages/airflow/example_dags/example_trigger_controller_dag.py
[2025-03-27T16:41:17.955+0000] {logging_mixin.py:188} INFO - [2025-03-27T16:41:17.955+0000] {dag.py:3036} INFO - Sync 1 DAGs
[2025-03-27T16:41:17.974+0000] {logging_mixin.py:188} INFO - [2025-03-27T16:41:17.974+0000] {dag.py:3823} INFO - Setting next_dagrun for example_trigger_controller_dag to 2021-01-01 00:00:00+00:00, run_after=2021-01-01 00:00:00+00:00
[2025-03-27T16:41:17.989+0000] {processor.py:183} INFO - Processing /home/airflow/.local/lib/python3.8/site-packages/airflow/example_dags/example_trigger_controller_dag.py took 0.059 seconds
[2025-03-27T16:41:48.329+0000] {processor.py:161} INFO - Started process (PID=7632) to work on /home/airflow/.local/lib/python3.8/site-packages/airflow/example_dags/example_trigger_controller_dag.py
[2025-03-27T16:41:48.330+0000] {processor.py:830} INFO - Processing file /home/airflow/.local/lib/python3.8/site-packages/airflow/example_dags/example_trigger_controller_dag.py for tasks to queue
[2025-03-27T16:41:48.330+0000] {logging_mixin.py:188} INFO - [2025-03-27T16:41:48.330+0000] {dagbag.py:538} INFO - Filling up the DagBag from /home/airflow/.local/lib/python3.8/site-packages/airflow/example_dags/example_trigger_controller_dag.py
[2025-03-27T16:41:48.334+0000] {processor.py:840} INFO - DAG(s) 'example_trigger_controller_dag' retrieved from /home/airflow/.local/lib/python3.8/site-packages/airflow/example_dags/example_trigger_controller_dag.py
[2025-03-27T16:41:48.351+0000] {logging_mixin.py:188} INFO - [2025-03-27T16:41:48.351+0000] {dag.py:3036} INFO - Sync 1 DAGs
[2025-03-27T16:41:48.371+0000] {logging_mixin.py:188} INFO - [2025-03-27T16:41:48.370+0000] {dag.py:3823} INFO - Setting next_dagrun for example_trigger_controller_dag to 2021-01-01 00:00:00+00:00, run_after=2021-01-01 00:00:00+00:00
[2025-03-27T16:41:48.385+0000] {processor.py:183} INFO - Processing /home/airflow/.local/lib/python3.8/site-packages/airflow/example_dags/example_trigger_controller_dag.py took 0.059 seconds
[2025-03-27T16:42:19.437+0000] {processor.py:161} INFO - Started process (PID=7884) to work on /home/airflow/.local/lib/python3.8/site-packages/airflow/example_dags/example_trigger_controller_dag.py
[2025-03-27T16:42:19.438+0000] {processor.py:830} INFO - Processing file /home/airflow/.local/lib/python3.8/site-packages/airflow/example_dags/example_trigger_controller_dag.py for tasks to queue
[2025-03-27T16:42:19.439+0000] {logging_mixin.py:188} INFO - [2025-03-27T16:42:19.439+0000] {dagbag.py:538} INFO - Filling up the DagBag from /home/airflow/.local/lib/python3.8/site-packages/airflow/example_dags/example_trigger_controller_dag.py
[2025-03-27T16:42:19.443+0000] {processor.py:840} INFO - DAG(s) 'example_trigger_controller_dag' retrieved from /home/airflow/.local/lib/python3.8/site-packages/airflow/example_dags/example_trigger_controller_dag.py
[2025-03-27T16:42:19.461+0000] {logging_mixin.py:188} INFO - [2025-03-27T16:42:19.461+0000] {dag.py:3036} INFO - Sync 1 DAGs
[2025-03-27T16:42:19.481+0000] {logging_mixin.py:188} INFO - [2025-03-27T16:42:19.480+0000] {dag.py:3823} INFO - Setting next_dagrun for example_trigger_controller_dag to 2021-01-01 00:00:00+00:00, run_after=2021-01-01 00:00:00+00:00
[2025-03-27T16:42:19.495+0000] {processor.py:183} INFO - Processing /home/airflow/.local/lib/python3.8/site-packages/airflow/example_dags/example_trigger_controller_dag.py took 0.061 seconds
[2025-03-27T16:42:49.899+0000] {processor.py:161} INFO - Started process (PID=8136) to work on /home/airflow/.local/lib/python3.8/site-packages/airflow/example_dags/example_trigger_controller_dag.py
[2025-03-27T16:42:49.900+0000] {processor.py:830} INFO - Processing file /home/airflow/.local/lib/python3.8/site-packages/airflow/example_dags/example_trigger_controller_dag.py for tasks to queue
[2025-03-27T16:42:49.901+0000] {logging_mixin.py:188} INFO - [2025-03-27T16:42:49.900+0000] {dagbag.py:538} INFO - Filling up the DagBag from /home/airflow/.local/lib/python3.8/site-packages/airflow/example_dags/example_trigger_controller_dag.py
[2025-03-27T16:42:49.905+0000] {processor.py:840} INFO - DAG(s) 'example_trigger_controller_dag' retrieved from /home/airflow/.local/lib/python3.8/site-packages/airflow/example_dags/example_trigger_controller_dag.py
[2025-03-27T16:42:49.924+0000] {logging_mixin.py:188} INFO - [2025-03-27T16:42:49.924+0000] {dag.py:3036} INFO - Sync 1 DAGs
[2025-03-27T16:42:49.945+0000] {logging_mixin.py:188} INFO - [2025-03-27T16:42:49.944+0000] {dag.py:3823} INFO - Setting next_dagrun for example_trigger_controller_dag to 2021-01-01 00:00:00+00:00, run_after=2021-01-01 00:00:00+00:00
[2025-03-27T16:42:49.962+0000] {processor.py:183} INFO - Processing /home/airflow/.local/lib/python3.8/site-packages/airflow/example_dags/example_trigger_controller_dag.py took 0.066 seconds
[2025-03-27T16:43:21.225+0000] {processor.py:161} INFO - Started process (PID=8426) to work on /home/airflow/.local/lib/python3.8/site-packages/airflow/example_dags/example_trigger_controller_dag.py
[2025-03-27T16:43:21.227+0000] {processor.py:830} INFO - Processing file /home/airflow/.local/lib/python3.8/site-packages/airflow/example_dags/example_trigger_controller_dag.py for tasks to queue
[2025-03-27T16:43:21.233+0000] {logging_mixin.py:188} INFO - [2025-03-27T16:43:21.232+0000] {dagbag.py:538} INFO - Filling up the DagBag from /home/airflow/.local/lib/python3.8/site-packages/airflow/example_dags/example_trigger_controller_dag.py
[2025-03-27T16:43:21.248+0000] {processor.py:840} INFO - DAG(s) 'example_trigger_controller_dag' retrieved from /home/airflow/.local/lib/python3.8/site-packages/airflow/example_dags/example_trigger_controller_dag.py
[2025-03-27T16:43:21.289+0000] {logging_mixin.py:188} INFO - [2025-03-27T16:43:21.289+0000] {dag.py:3036} INFO - Sync 1 DAGs
[2025-03-27T16:43:21.351+0000] {logging_mixin.py:188} INFO - [2025-03-27T16:43:21.351+0000] {dag.py:3823} INFO - Setting next_dagrun for example_trigger_controller_dag to 2021-01-01 00:00:00+00:00, run_after=2021-01-01 00:00:00+00:00
[2025-03-27T16:43:21.399+0000] {processor.py:183} INFO - Processing /home/airflow/.local/lib/python3.8/site-packages/airflow/example_dags/example_trigger_controller_dag.py took 0.184 seconds
[2025-03-27T16:43:52.207+0000] {processor.py:161} INFO - Started process (PID=8707) to work on /home/airflow/.local/lib/python3.8/site-packages/airflow/example_dags/example_trigger_controller_dag.py
[2025-03-27T16:43:52.208+0000] {processor.py:830} INFO - Processing file /home/airflow/.local/lib/python3.8/site-packages/airflow/example_dags/example_trigger_controller_dag.py for tasks to queue
[2025-03-27T16:43:52.209+0000] {logging_mixin.py:188} INFO - [2025-03-27T16:43:52.209+0000] {dagbag.py:538} INFO - Filling up the DagBag from /home/airflow/.local/lib/python3.8/site-packages/airflow/example_dags/example_trigger_controller_dag.py
[2025-03-27T16:43:52.213+0000] {processor.py:840} INFO - DAG(s) 'example_trigger_controller_dag' retrieved from /home/airflow/.local/lib/python3.8/site-packages/airflow/example_dags/example_trigger_controller_dag.py
[2025-03-27T16:43:52.233+0000] {logging_mixin.py:188} INFO - [2025-03-27T16:43:52.232+0000] {dag.py:3036} INFO - Sync 1 DAGs
[2025-03-27T16:43:52.265+0000] {logging_mixin.py:188} INFO - [2025-03-27T16:43:52.264+0000] {dag.py:3823} INFO - Setting next_dagrun for example_trigger_controller_dag to 2021-01-01 00:00:00+00:00, run_after=2021-01-01 00:00:00+00:00
[2025-03-27T16:43:52.291+0000] {processor.py:183} INFO - Processing /home/airflow/.local/lib/python3.8/site-packages/airflow/example_dags/example_trigger_controller_dag.py took 0.088 seconds
[2025-03-27T16:44:22.847+0000] {processor.py:161} INFO - Started process (PID=8979) to work on /home/airflow/.local/lib/python3.8/site-packages/airflow/example_dags/example_trigger_controller_dag.py
[2025-03-27T16:44:22.848+0000] {processor.py:830} INFO - Processing file /home/airflow/.local/lib/python3.8/site-packages/airflow/example_dags/example_trigger_controller_dag.py for tasks to queue
[2025-03-27T16:44:22.850+0000] {logging_mixin.py:188} INFO - [2025-03-27T16:44:22.849+0000] {dagbag.py:538} INFO - Filling up the DagBag from /home/airflow/.local/lib/python3.8/site-packages/airflow/example_dags/example_trigger_controller_dag.py
[2025-03-27T16:44:22.856+0000] {processor.py:840} INFO - DAG(s) 'example_trigger_controller_dag' retrieved from /home/airflow/.local/lib/python3.8/site-packages/airflow/example_dags/example_trigger_controller_dag.py
[2025-03-27T16:44:22.880+0000] {logging_mixin.py:188} INFO - [2025-03-27T16:44:22.880+0000] {dag.py:3036} INFO - Sync 1 DAGs
[2025-03-27T16:44:22.907+0000] {logging_mixin.py:188} INFO - [2025-03-27T16:44:22.907+0000] {dag.py:3823} INFO - Setting next_dagrun for example_trigger_controller_dag to 2021-01-01 00:00:00+00:00, run_after=2021-01-01 00:00:00+00:00
[2025-03-27T16:44:22.931+0000] {processor.py:183} INFO - Processing /home/airflow/.local/lib/python3.8/site-packages/airflow/example_dags/example_trigger_controller_dag.py took 0.088 seconds
[2025-03-27T16:44:53.055+0000] {processor.py:161} INFO - Started process (PID=9231) to work on /home/airflow/.local/lib/python3.8/site-packages/airflow/example_dags/example_trigger_controller_dag.py
[2025-03-27T16:44:53.056+0000] {processor.py:830} INFO - Processing file /home/airflow/.local/lib/python3.8/site-packages/airflow/example_dags/example_trigger_controller_dag.py for tasks to queue
[2025-03-27T16:44:53.057+0000] {logging_mixin.py:188} INFO - [2025-03-27T16:44:53.057+0000] {dagbag.py:538} INFO - Filling up the DagBag from /home/airflow/.local/lib/python3.8/site-packages/airflow/example_dags/example_trigger_controller_dag.py
[2025-03-27T16:44:53.062+0000] {processor.py:840} INFO - DAG(s) 'example_trigger_controller_dag' retrieved from /home/airflow/.local/lib/python3.8/site-packages/airflow/example_dags/example_trigger_controller_dag.py
[2025-03-27T16:44:53.083+0000] {logging_mixin.py:188} INFO - [2025-03-27T16:44:53.082+0000] {dag.py:3036} INFO - Sync 1 DAGs
[2025-03-27T16:44:53.105+0000] {logging_mixin.py:188} INFO - [2025-03-27T16:44:53.105+0000] {dag.py:3823} INFO - Setting next_dagrun for example_trigger_controller_dag to 2021-01-01 00:00:00+00:00, run_after=2021-01-01 00:00:00+00:00
[2025-03-27T16:44:53.125+0000] {processor.py:183} INFO - Processing /home/airflow/.local/lib/python3.8/site-packages/airflow/example_dags/example_trigger_controller_dag.py took 0.073 seconds
[2025-03-27T16:45:24.100+0000] {processor.py:161} INFO - Started process (PID=9519) to work on /home/airflow/.local/lib/python3.8/site-packages/airflow/example_dags/example_trigger_controller_dag.py
[2025-03-27T16:45:24.109+0000] {processor.py:830} INFO - Processing file /home/airflow/.local/lib/python3.8/site-packages/airflow/example_dags/example_trigger_controller_dag.py for tasks to queue
[2025-03-27T16:45:24.114+0000] {logging_mixin.py:188} INFO - [2025-03-27T16:45:24.114+0000] {dagbag.py:538} INFO - Filling up the DagBag from /home/airflow/.local/lib/python3.8/site-packages/airflow/example_dags/example_trigger_controller_dag.py
[2025-03-27T16:45:24.122+0000] {processor.py:840} INFO - DAG(s) 'example_trigger_controller_dag' retrieved from /home/airflow/.local/lib/python3.8/site-packages/airflow/example_dags/example_trigger_controller_dag.py
[2025-03-27T16:45:24.231+0000] {logging_mixin.py:188} INFO - [2025-03-27T16:45:24.229+0000] {dag.py:3036} INFO - Sync 1 DAGs
[2025-03-27T16:45:24.303+0000] {logging_mixin.py:188} INFO - [2025-03-27T16:45:24.302+0000] {dag.py:3823} INFO - Setting next_dagrun for example_trigger_controller_dag to 2021-01-01 00:00:00+00:00, run_after=2021-01-01 00:00:00+00:00
[2025-03-27T16:45:24.440+0000] {processor.py:183} INFO - Processing /home/airflow/.local/lib/python3.8/site-packages/airflow/example_dags/example_trigger_controller_dag.py took 0.349 seconds
[2025-03-27T16:45:54.695+0000] {processor.py:161} INFO - Started process (PID=10118) to work on /home/airflow/.local/lib/python3.8/site-packages/airflow/example_dags/example_trigger_controller_dag.py
[2025-03-27T16:45:54.697+0000] {processor.py:830} INFO - Processing file /home/airflow/.local/lib/python3.8/site-packages/airflow/example_dags/example_trigger_controller_dag.py for tasks to queue
[2025-03-27T16:45:54.698+0000] {logging_mixin.py:188} INFO - [2025-03-27T16:45:54.698+0000] {dagbag.py:538} INFO - Filling up the DagBag from /home/airflow/.local/lib/python3.8/site-packages/airflow/example_dags/example_trigger_controller_dag.py
[2025-03-27T16:45:54.704+0000] {processor.py:840} INFO - DAG(s) 'example_trigger_controller_dag' retrieved from /home/airflow/.local/lib/python3.8/site-packages/airflow/example_dags/example_trigger_controller_dag.py
[2025-03-27T16:45:54.737+0000] {logging_mixin.py:188} INFO - [2025-03-27T16:45:54.737+0000] {dag.py:3036} INFO - Sync 1 DAGs
[2025-03-27T16:45:54.771+0000] {logging_mixin.py:188} INFO - [2025-03-27T16:45:54.770+0000] {dag.py:3823} INFO - Setting next_dagrun for example_trigger_controller_dag to 2021-01-01 00:00:00+00:00, run_after=2021-01-01 00:00:00+00:00
[2025-03-27T16:45:54.803+0000] {processor.py:183} INFO - Processing /home/airflow/.local/lib/python3.8/site-packages/airflow/example_dags/example_trigger_controller_dag.py took 0.112 seconds
[2025-03-27T16:46:25.166+0000] {processor.py:161} INFO - Started process (PID=10772) to work on /home/airflow/.local/lib/python3.8/site-packages/airflow/example_dags/example_trigger_controller_dag.py
[2025-03-27T16:46:25.167+0000] {processor.py:830} INFO - Processing file /home/airflow/.local/lib/python3.8/site-packages/airflow/example_dags/example_trigger_controller_dag.py for tasks to queue
[2025-03-27T16:46:25.168+0000] {logging_mixin.py:188} INFO - [2025-03-27T16:46:25.168+0000] {dagbag.py:538} INFO - Filling up the DagBag from /home/airflow/.local/lib/python3.8/site-packages/airflow/example_dags/example_trigger_controller_dag.py
[2025-03-27T16:46:25.172+0000] {processor.py:840} INFO - DAG(s) 'example_trigger_controller_dag' retrieved from /home/airflow/.local/lib/python3.8/site-packages/airflow/example_dags/example_trigger_controller_dag.py
[2025-03-27T16:46:25.194+0000] {logging_mixin.py:188} INFO - [2025-03-27T16:46:25.194+0000] {dag.py:3036} INFO - Sync 1 DAGs
[2025-03-27T16:46:25.227+0000] {logging_mixin.py:188} INFO - [2025-03-27T16:46:25.227+0000] {dag.py:3823} INFO - Setting next_dagrun for example_trigger_controller_dag to 2021-01-01 00:00:00+00:00, run_after=2021-01-01 00:00:00+00:00
[2025-03-27T16:46:25.249+0000] {processor.py:183} INFO - Processing /home/airflow/.local/lib/python3.8/site-packages/airflow/example_dags/example_trigger_controller_dag.py took 0.087 seconds
[2025-03-27T16:46:56.575+0000] {processor.py:161} INFO - Started process (PID=11454) to work on /home/airflow/.local/lib/python3.8/site-packages/airflow/example_dags/example_trigger_controller_dag.py
[2025-03-27T16:46:56.577+0000] {processor.py:830} INFO - Processing file /home/airflow/.local/lib/python3.8/site-packages/airflow/example_dags/example_trigger_controller_dag.py for tasks to queue
[2025-03-27T16:46:56.579+0000] {logging_mixin.py:188} INFO - [2025-03-27T16:46:56.578+0000] {dagbag.py:538} INFO - Filling up the DagBag from /home/airflow/.local/lib/python3.8/site-packages/airflow/example_dags/example_trigger_controller_dag.py
[2025-03-27T16:46:56.594+0000] {processor.py:840} INFO - DAG(s) 'example_trigger_controller_dag' retrieved from /home/airflow/.local/lib/python3.8/site-packages/airflow/example_dags/example_trigger_controller_dag.py
[2025-03-27T16:46:56.648+0000] {logging_mixin.py:188} INFO - [2025-03-27T16:46:56.647+0000] {dag.py:3036} INFO - Sync 1 DAGs
[2025-03-27T16:46:56.704+0000] {logging_mixin.py:188} INFO - [2025-03-27T16:46:56.703+0000] {dag.py:3823} INFO - Setting next_dagrun for example_trigger_controller_dag to 2021-01-01 00:00:00+00:00, run_after=2021-01-01 00:00:00+00:00
[2025-03-27T16:46:56.756+0000] {processor.py:183} INFO - Processing /home/airflow/.local/lib/python3.8/site-packages/airflow/example_dags/example_trigger_controller_dag.py took 0.188 seconds
[2025-03-27T16:47:27.143+0000] {processor.py:161} INFO - Started process (PID=12173) to work on /home/airflow/.local/lib/python3.8/site-packages/airflow/example_dags/example_trigger_controller_dag.py
[2025-03-27T16:47:27.145+0000] {processor.py:830} INFO - Processing file /home/airflow/.local/lib/python3.8/site-packages/airflow/example_dags/example_trigger_controller_dag.py for tasks to queue
[2025-03-27T16:47:27.147+0000] {logging_mixin.py:188} INFO - [2025-03-27T16:47:27.147+0000] {dagbag.py:538} INFO - Filling up the DagBag from /home/airflow/.local/lib/python3.8/site-packages/airflow/example_dags/example_trigger_controller_dag.py
[2025-03-27T16:47:27.155+0000] {processor.py:840} INFO - DAG(s) 'example_trigger_controller_dag' retrieved from /home/airflow/.local/lib/python3.8/site-packages/airflow/example_dags/example_trigger_controller_dag.py
[2025-03-27T16:47:27.192+0000] {logging_mixin.py:188} INFO - [2025-03-27T16:47:27.191+0000] {dag.py:3036} INFO - Sync 1 DAGs
[2025-03-27T16:47:27.232+0000] {logging_mixin.py:188} INFO - [2025-03-27T16:47:27.231+0000] {dag.py:3823} INFO - Setting next_dagrun for example_trigger_controller_dag to 2021-01-01 00:00:00+00:00, run_after=2021-01-01 00:00:00+00:00
[2025-03-27T16:47:27.270+0000] {processor.py:183} INFO - Processing /home/airflow/.local/lib/python3.8/site-packages/airflow/example_dags/example_trigger_controller_dag.py took 0.132 seconds
[2025-03-27T16:47:58.166+0000] {processor.py:161} INFO - Started process (PID=12854) to work on /home/airflow/.local/lib/python3.8/site-packages/airflow/example_dags/example_trigger_controller_dag.py
[2025-03-27T16:47:58.168+0000] {processor.py:830} INFO - Processing file /home/airflow/.local/lib/python3.8/site-packages/airflow/example_dags/example_trigger_controller_dag.py for tasks to queue
[2025-03-27T16:47:58.170+0000] {logging_mixin.py:188} INFO - [2025-03-27T16:47:58.169+0000] {dagbag.py:538} INFO - Filling up the DagBag from /home/airflow/.local/lib/python3.8/site-packages/airflow/example_dags/example_trigger_controller_dag.py
[2025-03-27T16:47:58.180+0000] {processor.py:840} INFO - DAG(s) 'example_trigger_controller_dag' retrieved from /home/airflow/.local/lib/python3.8/site-packages/airflow/example_dags/example_trigger_controller_dag.py
[2025-03-27T16:47:58.224+0000] {logging_mixin.py:188} INFO - [2025-03-27T16:47:58.224+0000] {dag.py:3036} INFO - Sync 1 DAGs
[2025-03-27T16:47:58.276+0000] {logging_mixin.py:188} INFO - [2025-03-27T16:47:58.276+0000] {dag.py:3823} INFO - Setting next_dagrun for example_trigger_controller_dag to 2021-01-01 00:00:00+00:00, run_after=2021-01-01 00:00:00+00:00
[2025-03-27T16:47:58.347+0000] {processor.py:183} INFO - Processing /home/airflow/.local/lib/python3.8/site-packages/airflow/example_dags/example_trigger_controller_dag.py took 0.189 seconds
[2025-03-27T16:48:29.006+0000] {processor.py:161} INFO - Started process (PID=13522) to work on /home/airflow/.local/lib/python3.8/site-packages/airflow/example_dags/example_trigger_controller_dag.py
[2025-03-27T16:48:29.007+0000] {processor.py:830} INFO - Processing file /home/airflow/.local/lib/python3.8/site-packages/airflow/example_dags/example_trigger_controller_dag.py for tasks to queue
[2025-03-27T16:48:29.008+0000] {logging_mixin.py:188} INFO - [2025-03-27T16:48:29.008+0000] {dagbag.py:538} INFO - Filling up the DagBag from /home/airflow/.local/lib/python3.8/site-packages/airflow/example_dags/example_trigger_controller_dag.py
[2025-03-27T16:48:29.013+0000] {processor.py:840} INFO - DAG(s) 'example_trigger_controller_dag' retrieved from /home/airflow/.local/lib/python3.8/site-packages/airflow/example_dags/example_trigger_controller_dag.py
[2025-03-27T16:48:29.042+0000] {logging_mixin.py:188} INFO - [2025-03-27T16:48:29.042+0000] {dag.py:3036} INFO - Sync 1 DAGs
[2025-03-27T16:48:29.069+0000] {logging_mixin.py:188} INFO - [2025-03-27T16:48:29.068+0000] {dag.py:3823} INFO - Setting next_dagrun for example_trigger_controller_dag to 2021-01-01 00:00:00+00:00, run_after=2021-01-01 00:00:00+00:00
[2025-03-27T16:48:29.099+0000] {processor.py:183} INFO - Processing /home/airflow/.local/lib/python3.8/site-packages/airflow/example_dags/example_trigger_controller_dag.py took 0.096 seconds
[2025-03-27T16:49:00.486+0000] {processor.py:161} INFO - Started process (PID=14224) to work on /home/airflow/.local/lib/python3.8/site-packages/airflow/example_dags/example_trigger_controller_dag.py
[2025-03-27T16:49:00.489+0000] {processor.py:830} INFO - Processing file /home/airflow/.local/lib/python3.8/site-packages/airflow/example_dags/example_trigger_controller_dag.py for tasks to queue
[2025-03-27T16:49:00.519+0000] {logging_mixin.py:188} INFO - [2025-03-27T16:49:00.511+0000] {dagbag.py:538} INFO - Filling up the DagBag from /home/airflow/.local/lib/python3.8/site-packages/airflow/example_dags/example_trigger_controller_dag.py
[2025-03-27T16:49:00.567+0000] {processor.py:840} INFO - DAG(s) 'example_trigger_controller_dag' retrieved from /home/airflow/.local/lib/python3.8/site-packages/airflow/example_dags/example_trigger_controller_dag.py
[2025-03-27T16:49:00.726+0000] {logging_mixin.py:188} INFO - [2025-03-27T16:49:00.726+0000] {dag.py:3036} INFO - Sync 1 DAGs
[2025-03-27T16:49:00.841+0000] {logging_mixin.py:188} INFO - [2025-03-27T16:49:00.841+0000] {dag.py:3823} INFO - Setting next_dagrun for example_trigger_controller_dag to 2021-01-01 00:00:00+00:00, run_after=2021-01-01 00:00:00+00:00
[2025-03-27T16:49:00.920+0000] {processor.py:183} INFO - Processing /home/airflow/.local/lib/python3.8/site-packages/airflow/example_dags/example_trigger_controller_dag.py took 0.447 seconds
[2025-03-27T16:49:31.703+0000] {processor.py:161} INFO - Started process (PID=14962) to work on /home/airflow/.local/lib/python3.8/site-packages/airflow/example_dags/example_trigger_controller_dag.py
[2025-03-27T16:49:31.704+0000] {processor.py:830} INFO - Processing file /home/airflow/.local/lib/python3.8/site-packages/airflow/example_dags/example_trigger_controller_dag.py for tasks to queue
[2025-03-27T16:49:31.705+0000] {logging_mixin.py:188} INFO - [2025-03-27T16:49:31.705+0000] {dagbag.py:538} INFO - Filling up the DagBag from /home/airflow/.local/lib/python3.8/site-packages/airflow/example_dags/example_trigger_controller_dag.py
[2025-03-27T16:49:31.711+0000] {processor.py:840} INFO - DAG(s) 'example_trigger_controller_dag' retrieved from /home/airflow/.local/lib/python3.8/site-packages/airflow/example_dags/example_trigger_controller_dag.py
[2025-03-27T16:49:31.740+0000] {logging_mixin.py:188} INFO - [2025-03-27T16:49:31.740+0000] {dag.py:3036} INFO - Sync 1 DAGs
[2025-03-27T16:49:31.770+0000] {logging_mixin.py:188} INFO - [2025-03-27T16:49:31.770+0000] {dag.py:3823} INFO - Setting next_dagrun for example_trigger_controller_dag to 2021-01-01 00:00:00+00:00, run_after=2021-01-01 00:00:00+00:00
[2025-03-27T16:49:31.796+0000] {processor.py:183} INFO - Processing /home/airflow/.local/lib/python3.8/site-packages/airflow/example_dags/example_trigger_controller_dag.py took 0.096 seconds
[2025-03-27T16:50:02.429+0000] {processor.py:161} INFO - Started process (PID=15629) to work on /home/airflow/.local/lib/python3.8/site-packages/airflow/example_dags/example_trigger_controller_dag.py
[2025-03-27T16:50:02.430+0000] {processor.py:830} INFO - Processing file /home/airflow/.local/lib/python3.8/site-packages/airflow/example_dags/example_trigger_controller_dag.py for tasks to queue
[2025-03-27T16:50:02.431+0000] {logging_mixin.py:188} INFO - [2025-03-27T16:50:02.431+0000] {dagbag.py:538} INFO - Filling up the DagBag from /home/airflow/.local/lib/python3.8/site-packages/airflow/example_dags/example_trigger_controller_dag.py
[2025-03-27T16:50:02.439+0000] {processor.py:840} INFO - DAG(s) 'example_trigger_controller_dag' retrieved from /home/airflow/.local/lib/python3.8/site-packages/airflow/example_dags/example_trigger_controller_dag.py
[2025-03-27T16:50:02.480+0000] {logging_mixin.py:188} INFO - [2025-03-27T16:50:02.479+0000] {dag.py:3036} INFO - Sync 1 DAGs
[2025-03-27T16:50:02.530+0000] {logging_mixin.py:188} INFO - [2025-03-27T16:50:02.529+0000] {dag.py:3823} INFO - Setting next_dagrun for example_trigger_controller_dag to 2021-01-01 00:00:00+00:00, run_after=2021-01-01 00:00:00+00:00
[2025-03-27T16:50:02.577+0000] {processor.py:183} INFO - Processing /home/airflow/.local/lib/python3.8/site-packages/airflow/example_dags/example_trigger_controller_dag.py took 0.153 seconds
[2025-03-27T16:50:33.081+0000] {processor.py:161} INFO - Started process (PID=16321) to work on /home/airflow/.local/lib/python3.8/site-packages/airflow/example_dags/example_trigger_controller_dag.py
[2025-03-27T16:50:33.083+0000] {processor.py:830} INFO - Processing file /home/airflow/.local/lib/python3.8/site-packages/airflow/example_dags/example_trigger_controller_dag.py for tasks to queue
[2025-03-27T16:50:33.086+0000] {logging_mixin.py:188} INFO - [2025-03-27T16:50:33.085+0000] {dagbag.py:538} INFO - Filling up the DagBag from /home/airflow/.local/lib/python3.8/site-packages/airflow/example_dags/example_trigger_controller_dag.py
[2025-03-27T16:50:33.096+0000] {processor.py:840} INFO - DAG(s) 'example_trigger_controller_dag' retrieved from /home/airflow/.local/lib/python3.8/site-packages/airflow/example_dags/example_trigger_controller_dag.py
[2025-03-27T16:50:33.140+0000] {logging_mixin.py:188} INFO - [2025-03-27T16:50:33.139+0000] {dag.py:3036} INFO - Sync 1 DAGs
[2025-03-27T16:50:33.189+0000] {logging_mixin.py:188} INFO - [2025-03-27T16:50:33.188+0000] {dag.py:3823} INFO - Setting next_dagrun for example_trigger_controller_dag to 2021-01-01 00:00:00+00:00, run_after=2021-01-01 00:00:00+00:00
[2025-03-27T16:50:33.246+0000] {processor.py:183} INFO - Processing /home/airflow/.local/lib/python3.8/site-packages/airflow/example_dags/example_trigger_controller_dag.py took 0.170 seconds
[2025-03-27T16:51:04.294+0000] {processor.py:161} INFO - Started process (PID=17024) to work on /home/airflow/.local/lib/python3.8/site-packages/airflow/example_dags/example_trigger_controller_dag.py
[2025-03-27T16:51:04.295+0000] {processor.py:830} INFO - Processing file /home/airflow/.local/lib/python3.8/site-packages/airflow/example_dags/example_trigger_controller_dag.py for tasks to queue
[2025-03-27T16:51:04.296+0000] {logging_mixin.py:188} INFO - [2025-03-27T16:51:04.296+0000] {dagbag.py:538} INFO - Filling up the DagBag from /home/airflow/.local/lib/python3.8/site-packages/airflow/example_dags/example_trigger_controller_dag.py
[2025-03-27T16:51:04.302+0000] {processor.py:840} INFO - DAG(s) 'example_trigger_controller_dag' retrieved from /home/airflow/.local/lib/python3.8/site-packages/airflow/example_dags/example_trigger_controller_dag.py
[2025-03-27T16:51:04.325+0000] {logging_mixin.py:188} INFO - [2025-03-27T16:51:04.325+0000] {dag.py:3036} INFO - Sync 1 DAGs
[2025-03-27T16:51:04.350+0000] {logging_mixin.py:188} INFO - [2025-03-27T16:51:04.350+0000] {dag.py:3823} INFO - Setting next_dagrun for example_trigger_controller_dag to 2021-01-01 00:00:00+00:00, run_after=2021-01-01 00:00:00+00:00
[2025-03-27T16:51:04.380+0000] {processor.py:183} INFO - Processing /home/airflow/.local/lib/python3.8/site-packages/airflow/example_dags/example_trigger_controller_dag.py took 0.089 seconds
[2025-03-27T16:51:34.511+0000] {processor.py:161} INFO - Started process (PID=17663) to work on /home/airflow/.local/lib/python3.8/site-packages/airflow/example_dags/example_trigger_controller_dag.py
[2025-03-27T16:51:34.512+0000] {processor.py:830} INFO - Processing file /home/airflow/.local/lib/python3.8/site-packages/airflow/example_dags/example_trigger_controller_dag.py for tasks to queue
[2025-03-27T16:51:34.513+0000] {logging_mixin.py:188} INFO - [2025-03-27T16:51:34.513+0000] {dagbag.py:538} INFO - Filling up the DagBag from /home/airflow/.local/lib/python3.8/site-packages/airflow/example_dags/example_trigger_controller_dag.py
[2025-03-27T16:51:34.517+0000] {processor.py:840} INFO - DAG(s) 'example_trigger_controller_dag' retrieved from /home/airflow/.local/lib/python3.8/site-packages/airflow/example_dags/example_trigger_controller_dag.py
[2025-03-27T16:51:34.536+0000] {logging_mixin.py:188} INFO - [2025-03-27T16:51:34.536+0000] {dag.py:3036} INFO - Sync 1 DAGs
[2025-03-27T16:51:34.558+0000] {logging_mixin.py:188} INFO - [2025-03-27T16:51:34.557+0000] {dag.py:3823} INFO - Setting next_dagrun for example_trigger_controller_dag to 2021-01-01 00:00:00+00:00, run_after=2021-01-01 00:00:00+00:00
[2025-03-27T16:51:34.577+0000] {processor.py:183} INFO - Processing /home/airflow/.local/lib/python3.8/site-packages/airflow/example_dags/example_trigger_controller_dag.py took 0.068 seconds
[2025-03-27T16:52:04.822+0000] {processor.py:161} INFO - Started process (PID=17915) to work on /home/airflow/.local/lib/python3.8/site-packages/airflow/example_dags/example_trigger_controller_dag.py
[2025-03-27T16:52:04.823+0000] {processor.py:830} INFO - Processing file /home/airflow/.local/lib/python3.8/site-packages/airflow/example_dags/example_trigger_controller_dag.py for tasks to queue
[2025-03-27T16:52:04.824+0000] {logging_mixin.py:188} INFO - [2025-03-27T16:52:04.824+0000] {dagbag.py:538} INFO - Filling up the DagBag from /home/airflow/.local/lib/python3.8/site-packages/airflow/example_dags/example_trigger_controller_dag.py
[2025-03-27T16:52:04.828+0000] {processor.py:840} INFO - DAG(s) 'example_trigger_controller_dag' retrieved from /home/airflow/.local/lib/python3.8/site-packages/airflow/example_dags/example_trigger_controller_dag.py
[2025-03-27T16:52:04.847+0000] {logging_mixin.py:188} INFO - [2025-03-27T16:52:04.847+0000] {dag.py:3036} INFO - Sync 1 DAGs
[2025-03-27T16:52:04.867+0000] {logging_mixin.py:188} INFO - [2025-03-27T16:52:04.867+0000] {dag.py:3823} INFO - Setting next_dagrun for example_trigger_controller_dag to 2021-01-01 00:00:00+00:00, run_after=2021-01-01 00:00:00+00:00
[2025-03-27T16:52:04.884+0000] {processor.py:183} INFO - Processing /home/airflow/.local/lib/python3.8/site-packages/airflow/example_dags/example_trigger_controller_dag.py took 0.065 seconds
[2025-03-27T16:52:35.014+0000] {processor.py:161} INFO - Started process (PID=18173) to work on /home/airflow/.local/lib/python3.8/site-packages/airflow/example_dags/example_trigger_controller_dag.py
[2025-03-27T16:52:35.015+0000] {processor.py:830} INFO - Processing file /home/airflow/.local/lib/python3.8/site-packages/airflow/example_dags/example_trigger_controller_dag.py for tasks to queue
[2025-03-27T16:52:35.016+0000] {logging_mixin.py:188} INFO - [2025-03-27T16:52:35.016+0000] {dagbag.py:538} INFO - Filling up the DagBag from /home/airflow/.local/lib/python3.8/site-packages/airflow/example_dags/example_trigger_controller_dag.py
[2025-03-27T16:52:35.020+0000] {processor.py:840} INFO - DAG(s) 'example_trigger_controller_dag' retrieved from /home/airflow/.local/lib/python3.8/site-packages/airflow/example_dags/example_trigger_controller_dag.py
[2025-03-27T16:52:35.038+0000] {logging_mixin.py:188} INFO - [2025-03-27T16:52:35.038+0000] {dag.py:3036} INFO - Sync 1 DAGs
[2025-03-27T16:52:35.060+0000] {logging_mixin.py:188} INFO - [2025-03-27T16:52:35.059+0000] {dag.py:3823} INFO - Setting next_dagrun for example_trigger_controller_dag to 2021-01-01 00:00:00+00:00, run_after=2021-01-01 00:00:00+00:00
[2025-03-27T16:52:35.075+0000] {processor.py:183} INFO - Processing /home/airflow/.local/lib/python3.8/site-packages/airflow/example_dags/example_trigger_controller_dag.py took 0.063 seconds
[2025-03-27T16:53:05.568+0000] {processor.py:161} INFO - Started process (PID=18425) to work on /home/airflow/.local/lib/python3.8/site-packages/airflow/example_dags/example_trigger_controller_dag.py
[2025-03-27T16:53:05.569+0000] {processor.py:830} INFO - Processing file /home/airflow/.local/lib/python3.8/site-packages/airflow/example_dags/example_trigger_controller_dag.py for tasks to queue
[2025-03-27T16:53:05.569+0000] {logging_mixin.py:188} INFO - [2025-03-27T16:53:05.569+0000] {dagbag.py:538} INFO - Filling up the DagBag from /home/airflow/.local/lib/python3.8/site-packages/airflow/example_dags/example_trigger_controller_dag.py
[2025-03-27T16:53:05.573+0000] {processor.py:840} INFO - DAG(s) 'example_trigger_controller_dag' retrieved from /home/airflow/.local/lib/python3.8/site-packages/airflow/example_dags/example_trigger_controller_dag.py
[2025-03-27T16:53:05.594+0000] {logging_mixin.py:188} INFO - [2025-03-27T16:53:05.594+0000] {dag.py:3036} INFO - Sync 1 DAGs
[2025-03-27T16:53:05.615+0000] {logging_mixin.py:188} INFO - [2025-03-27T16:53:05.615+0000] {dag.py:3823} INFO - Setting next_dagrun for example_trigger_controller_dag to 2021-01-01 00:00:00+00:00, run_after=2021-01-01 00:00:00+00:00
[2025-03-27T16:53:05.634+0000] {processor.py:183} INFO - Processing /home/airflow/.local/lib/python3.8/site-packages/airflow/example_dags/example_trigger_controller_dag.py took 0.069 seconds
[2025-03-27T16:53:36.235+0000] {processor.py:161} INFO - Started process (PID=18677) to work on /home/airflow/.local/lib/python3.8/site-packages/airflow/example_dags/example_trigger_controller_dag.py
[2025-03-27T16:53:36.236+0000] {processor.py:830} INFO - Processing file /home/airflow/.local/lib/python3.8/site-packages/airflow/example_dags/example_trigger_controller_dag.py for tasks to queue
[2025-03-27T16:53:36.237+0000] {logging_mixin.py:188} INFO - [2025-03-27T16:53:36.237+0000] {dagbag.py:538} INFO - Filling up the DagBag from /home/airflow/.local/lib/python3.8/site-packages/airflow/example_dags/example_trigger_controller_dag.py
[2025-03-27T16:53:36.241+0000] {processor.py:840} INFO - DAG(s) 'example_trigger_controller_dag' retrieved from /home/airflow/.local/lib/python3.8/site-packages/airflow/example_dags/example_trigger_controller_dag.py
[2025-03-27T16:53:36.259+0000] {logging_mixin.py:188} INFO - [2025-03-27T16:53:36.259+0000] {dag.py:3036} INFO - Sync 1 DAGs
[2025-03-27T16:53:36.279+0000] {logging_mixin.py:188} INFO - [2025-03-27T16:53:36.279+0000] {dag.py:3823} INFO - Setting next_dagrun for example_trigger_controller_dag to 2021-01-01 00:00:00+00:00, run_after=2021-01-01 00:00:00+00:00
[2025-03-27T16:53:36.299+0000] {processor.py:183} INFO - Processing /home/airflow/.local/lib/python3.8/site-packages/airflow/example_dags/example_trigger_controller_dag.py took 0.066 seconds
[2025-03-27T16:54:07.217+0000] {processor.py:161} INFO - Started process (PID=18929) to work on /home/airflow/.local/lib/python3.8/site-packages/airflow/example_dags/example_trigger_controller_dag.py
[2025-03-27T16:54:07.217+0000] {processor.py:830} INFO - Processing file /home/airflow/.local/lib/python3.8/site-packages/airflow/example_dags/example_trigger_controller_dag.py for tasks to queue
[2025-03-27T16:54:07.218+0000] {logging_mixin.py:188} INFO - [2025-03-27T16:54:07.218+0000] {dagbag.py:538} INFO - Filling up the DagBag from /home/airflow/.local/lib/python3.8/site-packages/airflow/example_dags/example_trigger_controller_dag.py
[2025-03-27T16:54:07.223+0000] {processor.py:840} INFO - DAG(s) 'example_trigger_controller_dag' retrieved from /home/airflow/.local/lib/python3.8/site-packages/airflow/example_dags/example_trigger_controller_dag.py
[2025-03-27T16:54:07.242+0000] {logging_mixin.py:188} INFO - [2025-03-27T16:54:07.241+0000] {dag.py:3036} INFO - Sync 1 DAGs
[2025-03-27T16:54:07.263+0000] {logging_mixin.py:188} INFO - [2025-03-27T16:54:07.263+0000] {dag.py:3823} INFO - Setting next_dagrun for example_trigger_controller_dag to 2021-01-01 00:00:00+00:00, run_after=2021-01-01 00:00:00+00:00
[2025-03-27T16:54:07.279+0000] {processor.py:183} INFO - Processing /home/airflow/.local/lib/python3.8/site-packages/airflow/example_dags/example_trigger_controller_dag.py took 0.066 seconds
[2025-03-27T16:54:38.210+0000] {processor.py:161} INFO - Started process (PID=19181) to work on /home/airflow/.local/lib/python3.8/site-packages/airflow/example_dags/example_trigger_controller_dag.py
[2025-03-27T16:54:38.211+0000] {processor.py:830} INFO - Processing file /home/airflow/.local/lib/python3.8/site-packages/airflow/example_dags/example_trigger_controller_dag.py for tasks to queue
[2025-03-27T16:54:38.212+0000] {logging_mixin.py:188} INFO - [2025-03-27T16:54:38.212+0000] {dagbag.py:538} INFO - Filling up the DagBag from /home/airflow/.local/lib/python3.8/site-packages/airflow/example_dags/example_trigger_controller_dag.py
[2025-03-27T16:54:38.216+0000] {processor.py:840} INFO - DAG(s) 'example_trigger_controller_dag' retrieved from /home/airflow/.local/lib/python3.8/site-packages/airflow/example_dags/example_trigger_controller_dag.py
[2025-03-27T16:54:38.235+0000] {logging_mixin.py:188} INFO - [2025-03-27T16:54:38.235+0000] {dag.py:3036} INFO - Sync 1 DAGs
[2025-03-27T16:54:38.411+0000] {logging_mixin.py:188} INFO - [2025-03-27T16:54:38.411+0000] {dag.py:3823} INFO - Setting next_dagrun for example_trigger_controller_dag to 2021-01-01 00:00:00+00:00, run_after=2021-01-01 00:00:00+00:00
[2025-03-27T16:54:38.430+0000] {processor.py:183} INFO - Processing /home/airflow/.local/lib/python3.8/site-packages/airflow/example_dags/example_trigger_controller_dag.py took 0.222 seconds
[2025-03-27T16:55:09.164+0000] {processor.py:161} INFO - Started process (PID=19433) to work on /home/airflow/.local/lib/python3.8/site-packages/airflow/example_dags/example_trigger_controller_dag.py
[2025-03-27T16:55:09.165+0000] {processor.py:830} INFO - Processing file /home/airflow/.local/lib/python3.8/site-packages/airflow/example_dags/example_trigger_controller_dag.py for tasks to queue
[2025-03-27T16:55:09.166+0000] {logging_mixin.py:188} INFO - [2025-03-27T16:55:09.166+0000] {dagbag.py:538} INFO - Filling up the DagBag from /home/airflow/.local/lib/python3.8/site-packages/airflow/example_dags/example_trigger_controller_dag.py
[2025-03-27T16:55:09.170+0000] {processor.py:840} INFO - DAG(s) 'example_trigger_controller_dag' retrieved from /home/airflow/.local/lib/python3.8/site-packages/airflow/example_dags/example_trigger_controller_dag.py
[2025-03-27T16:55:09.188+0000] {logging_mixin.py:188} INFO - [2025-03-27T16:55:09.187+0000] {dag.py:3036} INFO - Sync 1 DAGs
[2025-03-27T16:55:09.353+0000] {logging_mixin.py:188} INFO - [2025-03-27T16:55:09.353+0000] {dag.py:3823} INFO - Setting next_dagrun for example_trigger_controller_dag to 2021-01-01 00:00:00+00:00, run_after=2021-01-01 00:00:00+00:00
[2025-03-27T16:55:09.370+0000] {processor.py:183} INFO - Processing /home/airflow/.local/lib/python3.8/site-packages/airflow/example_dags/example_trigger_controller_dag.py took 0.209 seconds
[2025-03-27T16:55:39.800+0000] {processor.py:161} INFO - Started process (PID=19685) to work on /home/airflow/.local/lib/python3.8/site-packages/airflow/example_dags/example_trigger_controller_dag.py
[2025-03-27T16:55:39.801+0000] {processor.py:830} INFO - Processing file /home/airflow/.local/lib/python3.8/site-packages/airflow/example_dags/example_trigger_controller_dag.py for tasks to queue
[2025-03-27T16:55:39.802+0000] {logging_mixin.py:188} INFO - [2025-03-27T16:55:39.802+0000] {dagbag.py:538} INFO - Filling up the DagBag from /home/airflow/.local/lib/python3.8/site-packages/airflow/example_dags/example_trigger_controller_dag.py
[2025-03-27T16:55:39.806+0000] {processor.py:840} INFO - DAG(s) 'example_trigger_controller_dag' retrieved from /home/airflow/.local/lib/python3.8/site-packages/airflow/example_dags/example_trigger_controller_dag.py
[2025-03-27T16:55:39.825+0000] {logging_mixin.py:188} INFO - [2025-03-27T16:55:39.824+0000] {dag.py:3036} INFO - Sync 1 DAGs
[2025-03-27T16:55:39.845+0000] {logging_mixin.py:188} INFO - [2025-03-27T16:55:39.845+0000] {dag.py:3823} INFO - Setting next_dagrun for example_trigger_controller_dag to 2021-01-01 00:00:00+00:00, run_after=2021-01-01 00:00:00+00:00
[2025-03-27T16:55:39.862+0000] {processor.py:183} INFO - Processing /home/airflow/.local/lib/python3.8/site-packages/airflow/example_dags/example_trigger_controller_dag.py took 0.064 seconds
[2025-03-27T16:56:10.039+0000] {processor.py:161} INFO - Started process (PID=19937) to work on /home/airflow/.local/lib/python3.8/site-packages/airflow/example_dags/example_trigger_controller_dag.py
[2025-03-27T16:56:10.040+0000] {processor.py:830} INFO - Processing file /home/airflow/.local/lib/python3.8/site-packages/airflow/example_dags/example_trigger_controller_dag.py for tasks to queue
[2025-03-27T16:56:10.041+0000] {logging_mixin.py:188} INFO - [2025-03-27T16:56:10.040+0000] {dagbag.py:538} INFO - Filling up the DagBag from /home/airflow/.local/lib/python3.8/site-packages/airflow/example_dags/example_trigger_controller_dag.py
[2025-03-27T16:56:10.045+0000] {processor.py:840} INFO - DAG(s) 'example_trigger_controller_dag' retrieved from /home/airflow/.local/lib/python3.8/site-packages/airflow/example_dags/example_trigger_controller_dag.py
[2025-03-27T16:56:10.062+0000] {logging_mixin.py:188} INFO - [2025-03-27T16:56:10.062+0000] {dag.py:3036} INFO - Sync 1 DAGs
[2025-03-27T16:56:10.081+0000] {logging_mixin.py:188} INFO - [2025-03-27T16:56:10.081+0000] {dag.py:3823} INFO - Setting next_dagrun for example_trigger_controller_dag to 2021-01-01 00:00:00+00:00, run_after=2021-01-01 00:00:00+00:00
[2025-03-27T16:56:10.097+0000] {processor.py:183} INFO - Processing /home/airflow/.local/lib/python3.8/site-packages/airflow/example_dags/example_trigger_controller_dag.py took 0.061 seconds
[2025-03-27T16:56:40.504+0000] {processor.py:161} INFO - Started process (PID=20189) to work on /home/airflow/.local/lib/python3.8/site-packages/airflow/example_dags/example_trigger_controller_dag.py
[2025-03-27T16:56:40.505+0000] {processor.py:830} INFO - Processing file /home/airflow/.local/lib/python3.8/site-packages/airflow/example_dags/example_trigger_controller_dag.py for tasks to queue
[2025-03-27T16:56:40.507+0000] {logging_mixin.py:188} INFO - [2025-03-27T16:56:40.507+0000] {dagbag.py:538} INFO - Filling up the DagBag from /home/airflow/.local/lib/python3.8/site-packages/airflow/example_dags/example_trigger_controller_dag.py
[2025-03-27T16:56:40.513+0000] {processor.py:840} INFO - DAG(s) 'example_trigger_controller_dag' retrieved from /home/airflow/.local/lib/python3.8/site-packages/airflow/example_dags/example_trigger_controller_dag.py
[2025-03-27T16:56:40.540+0000] {logging_mixin.py:188} INFO - [2025-03-27T16:56:40.539+0000] {dag.py:3036} INFO - Sync 1 DAGs
[2025-03-27T16:56:40.566+0000] {logging_mixin.py:188} INFO - [2025-03-27T16:56:40.566+0000] {dag.py:3823} INFO - Setting next_dagrun for example_trigger_controller_dag to 2021-01-01 00:00:00+00:00, run_after=2021-01-01 00:00:00+00:00
[2025-03-27T16:56:40.591+0000] {processor.py:183} INFO - Processing /home/airflow/.local/lib/python3.8/site-packages/airflow/example_dags/example_trigger_controller_dag.py took 0.091 seconds
[2025-03-27T16:57:10.881+0000] {processor.py:161} INFO - Started process (PID=20441) to work on /home/airflow/.local/lib/python3.8/site-packages/airflow/example_dags/example_trigger_controller_dag.py
[2025-03-27T16:57:10.882+0000] {processor.py:830} INFO - Processing file /home/airflow/.local/lib/python3.8/site-packages/airflow/example_dags/example_trigger_controller_dag.py for tasks to queue
[2025-03-27T16:57:10.883+0000] {logging_mixin.py:188} INFO - [2025-03-27T16:57:10.883+0000] {dagbag.py:538} INFO - Filling up the DagBag from /home/airflow/.local/lib/python3.8/site-packages/airflow/example_dags/example_trigger_controller_dag.py
[2025-03-27T16:57:10.887+0000] {processor.py:840} INFO - DAG(s) 'example_trigger_controller_dag' retrieved from /home/airflow/.local/lib/python3.8/site-packages/airflow/example_dags/example_trigger_controller_dag.py
[2025-03-27T16:57:10.909+0000] {logging_mixin.py:188} INFO - [2025-03-27T16:57:10.909+0000] {dag.py:3036} INFO - Sync 1 DAGs
[2025-03-27T16:57:10.931+0000] {logging_mixin.py:188} INFO - [2025-03-27T16:57:10.930+0000] {dag.py:3823} INFO - Setting next_dagrun for example_trigger_controller_dag to 2021-01-01 00:00:00+00:00, run_after=2021-01-01 00:00:00+00:00
[2025-03-27T16:57:10.950+0000] {processor.py:183} INFO - Processing /home/airflow/.local/lib/python3.8/site-packages/airflow/example_dags/example_trigger_controller_dag.py took 0.072 seconds
[2025-03-27T16:57:41.210+0000] {processor.py:161} INFO - Started process (PID=20693) to work on /home/airflow/.local/lib/python3.8/site-packages/airflow/example_dags/example_trigger_controller_dag.py
[2025-03-27T16:57:41.211+0000] {processor.py:830} INFO - Processing file /home/airflow/.local/lib/python3.8/site-packages/airflow/example_dags/example_trigger_controller_dag.py for tasks to queue
[2025-03-27T16:57:41.212+0000] {logging_mixin.py:188} INFO - [2025-03-27T16:57:41.212+0000] {dagbag.py:538} INFO - Filling up the DagBag from /home/airflow/.local/lib/python3.8/site-packages/airflow/example_dags/example_trigger_controller_dag.py
[2025-03-27T16:57:41.216+0000] {processor.py:840} INFO - DAG(s) 'example_trigger_controller_dag' retrieved from /home/airflow/.local/lib/python3.8/site-packages/airflow/example_dags/example_trigger_controller_dag.py
[2025-03-27T16:57:41.234+0000] {logging_mixin.py:188} INFO - [2025-03-27T16:57:41.233+0000] {dag.py:3036} INFO - Sync 1 DAGs
[2025-03-27T16:57:41.252+0000] {logging_mixin.py:188} INFO - [2025-03-27T16:57:41.251+0000] {dag.py:3823} INFO - Setting next_dagrun for example_trigger_controller_dag to 2021-01-01 00:00:00+00:00, run_after=2021-01-01 00:00:00+00:00
[2025-03-27T16:57:41.266+0000] {processor.py:183} INFO - Processing /home/airflow/.local/lib/python3.8/site-packages/airflow/example_dags/example_trigger_controller_dag.py took 0.059 seconds
[2025-03-27T16:58:11.433+0000] {processor.py:161} INFO - Started process (PID=20945) to work on /home/airflow/.local/lib/python3.8/site-packages/airflow/example_dags/example_trigger_controller_dag.py
[2025-03-27T16:58:11.434+0000] {processor.py:830} INFO - Processing file /home/airflow/.local/lib/python3.8/site-packages/airflow/example_dags/example_trigger_controller_dag.py for tasks to queue
[2025-03-27T16:58:11.435+0000] {logging_mixin.py:188} INFO - [2025-03-27T16:58:11.435+0000] {dagbag.py:538} INFO - Filling up the DagBag from /home/airflow/.local/lib/python3.8/site-packages/airflow/example_dags/example_trigger_controller_dag.py
[2025-03-27T16:58:11.439+0000] {processor.py:840} INFO - DAG(s) 'example_trigger_controller_dag' retrieved from /home/airflow/.local/lib/python3.8/site-packages/airflow/example_dags/example_trigger_controller_dag.py
[2025-03-27T16:58:11.456+0000] {logging_mixin.py:188} INFO - [2025-03-27T16:58:11.456+0000] {dag.py:3036} INFO - Sync 1 DAGs
[2025-03-27T16:58:11.476+0000] {logging_mixin.py:188} INFO - [2025-03-27T16:58:11.475+0000] {dag.py:3823} INFO - Setting next_dagrun for example_trigger_controller_dag to 2021-01-01 00:00:00+00:00, run_after=2021-01-01 00:00:00+00:00
[2025-03-27T16:58:11.493+0000] {processor.py:183} INFO - Processing /home/airflow/.local/lib/python3.8/site-packages/airflow/example_dags/example_trigger_controller_dag.py took 0.062 seconds
[2025-03-27T16:58:41.633+0000] {processor.py:161} INFO - Started process (PID=21197) to work on /home/airflow/.local/lib/python3.8/site-packages/airflow/example_dags/example_trigger_controller_dag.py
[2025-03-27T16:58:41.633+0000] {processor.py:830} INFO - Processing file /home/airflow/.local/lib/python3.8/site-packages/airflow/example_dags/example_trigger_controller_dag.py for tasks to queue
[2025-03-27T16:58:41.634+0000] {logging_mixin.py:188} INFO - [2025-03-27T16:58:41.634+0000] {dagbag.py:538} INFO - Filling up the DagBag from /home/airflow/.local/lib/python3.8/site-packages/airflow/example_dags/example_trigger_controller_dag.py
[2025-03-27T16:58:41.638+0000] {processor.py:840} INFO - DAG(s) 'example_trigger_controller_dag' retrieved from /home/airflow/.local/lib/python3.8/site-packages/airflow/example_dags/example_trigger_controller_dag.py
[2025-03-27T16:58:41.655+0000] {logging_mixin.py:188} INFO - [2025-03-27T16:58:41.655+0000] {dag.py:3036} INFO - Sync 1 DAGs
[2025-03-27T16:58:41.674+0000] {logging_mixin.py:188} INFO - [2025-03-27T16:58:41.674+0000] {dag.py:3823} INFO - Setting next_dagrun for example_trigger_controller_dag to 2021-01-01 00:00:00+00:00, run_after=2021-01-01 00:00:00+00:00
[2025-03-27T16:58:41.698+0000] {processor.py:183} INFO - Processing /home/airflow/.local/lib/python3.8/site-packages/airflow/example_dags/example_trigger_controller_dag.py took 0.068 seconds
[2025-03-27T16:59:12.015+0000] {processor.py:161} INFO - Started process (PID=21449) to work on /home/airflow/.local/lib/python3.8/site-packages/airflow/example_dags/example_trigger_controller_dag.py
[2025-03-27T16:59:12.016+0000] {processor.py:830} INFO - Processing file /home/airflow/.local/lib/python3.8/site-packages/airflow/example_dags/example_trigger_controller_dag.py for tasks to queue
[2025-03-27T16:59:12.017+0000] {logging_mixin.py:188} INFO - [2025-03-27T16:59:12.016+0000] {dagbag.py:538} INFO - Filling up the DagBag from /home/airflow/.local/lib/python3.8/site-packages/airflow/example_dags/example_trigger_controller_dag.py
[2025-03-27T16:59:12.020+0000] {processor.py:840} INFO - DAG(s) 'example_trigger_controller_dag' retrieved from /home/airflow/.local/lib/python3.8/site-packages/airflow/example_dags/example_trigger_controller_dag.py
[2025-03-27T16:59:12.038+0000] {logging_mixin.py:188} INFO - [2025-03-27T16:59:12.038+0000] {dag.py:3036} INFO - Sync 1 DAGs
[2025-03-27T16:59:12.058+0000] {logging_mixin.py:188} INFO - [2025-03-27T16:59:12.058+0000] {dag.py:3823} INFO - Setting next_dagrun for example_trigger_controller_dag to 2021-01-01 00:00:00+00:00, run_after=2021-01-01 00:00:00+00:00
[2025-03-27T16:59:12.075+0000] {processor.py:183} INFO - Processing /home/airflow/.local/lib/python3.8/site-packages/airflow/example_dags/example_trigger_controller_dag.py took 0.063 seconds
[2025-03-27T16:59:42.770+0000] {processor.py:161} INFO - Started process (PID=21701) to work on /home/airflow/.local/lib/python3.8/site-packages/airflow/example_dags/example_trigger_controller_dag.py
[2025-03-27T16:59:42.771+0000] {processor.py:830} INFO - Processing file /home/airflow/.local/lib/python3.8/site-packages/airflow/example_dags/example_trigger_controller_dag.py for tasks to queue
[2025-03-27T16:59:42.772+0000] {logging_mixin.py:188} INFO - [2025-03-27T16:59:42.772+0000] {dagbag.py:538} INFO - Filling up the DagBag from /home/airflow/.local/lib/python3.8/site-packages/airflow/example_dags/example_trigger_controller_dag.py
[2025-03-27T16:59:42.776+0000] {processor.py:840} INFO - DAG(s) 'example_trigger_controller_dag' retrieved from /home/airflow/.local/lib/python3.8/site-packages/airflow/example_dags/example_trigger_controller_dag.py
[2025-03-27T16:59:42.794+0000] {logging_mixin.py:188} INFO - [2025-03-27T16:59:42.793+0000] {dag.py:3036} INFO - Sync 1 DAGs
[2025-03-27T16:59:42.812+0000] {logging_mixin.py:188} INFO - [2025-03-27T16:59:42.812+0000] {dag.py:3823} INFO - Setting next_dagrun for example_trigger_controller_dag to 2021-01-01 00:00:00+00:00, run_after=2021-01-01 00:00:00+00:00
[2025-03-27T16:59:42.827+0000] {processor.py:183} INFO - Processing /home/airflow/.local/lib/python3.8/site-packages/airflow/example_dags/example_trigger_controller_dag.py took 0.060 seconds
[2025-03-27T17:00:13.085+0000] {processor.py:161} INFO - Started process (PID=21953) to work on /home/airflow/.local/lib/python3.8/site-packages/airflow/example_dags/example_trigger_controller_dag.py
[2025-03-27T17:00:13.086+0000] {processor.py:830} INFO - Processing file /home/airflow/.local/lib/python3.8/site-packages/airflow/example_dags/example_trigger_controller_dag.py for tasks to queue
[2025-03-27T17:00:13.087+0000] {logging_mixin.py:188} INFO - [2025-03-27T17:00:13.087+0000] {dagbag.py:538} INFO - Filling up the DagBag from /home/airflow/.local/lib/python3.8/site-packages/airflow/example_dags/example_trigger_controller_dag.py
[2025-03-27T17:00:13.091+0000] {processor.py:840} INFO - DAG(s) 'example_trigger_controller_dag' retrieved from /home/airflow/.local/lib/python3.8/site-packages/airflow/example_dags/example_trigger_controller_dag.py
[2025-03-27T17:00:13.111+0000] {logging_mixin.py:188} INFO - [2025-03-27T17:00:13.110+0000] {dag.py:3036} INFO - Sync 1 DAGs
[2025-03-27T17:00:13.131+0000] {logging_mixin.py:188} INFO - [2025-03-27T17:00:13.131+0000] {dag.py:3823} INFO - Setting next_dagrun for example_trigger_controller_dag to 2021-01-01 00:00:00+00:00, run_after=2021-01-01 00:00:00+00:00
[2025-03-27T17:00:13.147+0000] {processor.py:183} INFO - Processing /home/airflow/.local/lib/python3.8/site-packages/airflow/example_dags/example_trigger_controller_dag.py took 0.064 seconds
