[2025-03-27T17:19:29.164+0000] {processor.py:161} INFO - Started process (PID=357) to work on /home/airflow/.local/lib/python3.8/site-packages/airflow/example_dags/example_params_trigger_ui.py
[2025-03-27T17:19:29.165+0000] {processor.py:830} INFO - Processing file /home/airflow/.local/lib/python3.8/site-packages/airflow/example_dags/example_params_trigger_ui.py for tasks to queue
[2025-03-27T17:19:29.166+0000] {logging_mixin.py:188} INFO - [2025-03-27T17:19:29.166+0000] {dagbag.py:538} INFO - Filling up the DagBag from /home/airflow/.local/lib/python3.8/site-packages/airflow/example_dags/example_params_trigger_ui.py
[2025-03-27T17:19:29.180+0000] {processor.py:840} INFO - DAG(s) 'example_params_trigger_ui' retrieved from /home/airflow/.local/lib/python3.8/site-packages/airflow/example_dags/example_params_trigger_ui.py
[2025-03-27T17:19:29.194+0000] {logging_mixin.py:188} INFO - [2025-03-27T17:19:29.194+0000] {dag.py:3036} INFO - Sync 1 DAGs
[2025-03-27T17:19:29.217+0000] {logging_mixin.py:188} INFO - [2025-03-27T17:19:29.216+0000] {dag.py:3823} INFO - Setting next_dagrun for example_params_trigger_ui to None, run_after=None
[2025-03-27T17:19:29.241+0000] {processor.py:183} INFO - Processing /home/airflow/.local/lib/python3.8/site-packages/airflow/example_dags/example_params_trigger_ui.py took 0.081 seconds
[2025-03-27T17:20:01.377+0000] {processor.py:161} INFO - Started process (PID=604) to work on /home/airflow/.local/lib/python3.8/site-packages/airflow/example_dags/example_params_trigger_ui.py
[2025-03-27T17:20:01.378+0000] {processor.py:830} INFO - Processing file /home/airflow/.local/lib/python3.8/site-packages/airflow/example_dags/example_params_trigger_ui.py for tasks to queue
[2025-03-27T17:20:01.379+0000] {logging_mixin.py:188} INFO - [2025-03-27T17:20:01.379+0000] {dagbag.py:538} INFO - Filling up the DagBag from /home/airflow/.local/lib/python3.8/site-packages/airflow/example_dags/example_params_trigger_ui.py
[2025-03-27T17:20:01.392+0000] {processor.py:840} INFO - DAG(s) 'example_params_trigger_ui' retrieved from /home/airflow/.local/lib/python3.8/site-packages/airflow/example_dags/example_params_trigger_ui.py
[2025-03-27T17:20:01.527+0000] {logging_mixin.py:188} INFO - [2025-03-27T17:20:01.526+0000] {dag.py:3036} INFO - Sync 1 DAGs
[2025-03-27T17:20:01.537+0000] {logging_mixin.py:188} INFO - [2025-03-27T17:20:01.537+0000] {dag.py:3823} INFO - Setting next_dagrun for example_params_trigger_ui to None, run_after=None
[2025-03-27T17:20:01.556+0000] {processor.py:183} INFO - Processing /home/airflow/.local/lib/python3.8/site-packages/airflow/example_dags/example_params_trigger_ui.py took 0.182 seconds
[2025-03-27T17:22:40.072+0000] {processor.py:161} INFO - Started process (PID=345) to work on /home/airflow/.local/lib/python3.8/site-packages/airflow/example_dags/example_params_trigger_ui.py
[2025-03-27T17:22:40.073+0000] {processor.py:830} INFO - Processing file /home/airflow/.local/lib/python3.8/site-packages/airflow/example_dags/example_params_trigger_ui.py for tasks to queue
[2025-03-27T17:22:40.074+0000] {logging_mixin.py:188} INFO - [2025-03-27T17:22:40.074+0000] {dagbag.py:538} INFO - Filling up the DagBag from /home/airflow/.local/lib/python3.8/site-packages/airflow/example_dags/example_params_trigger_ui.py
[2025-03-27T17:22:40.086+0000] {processor.py:840} INFO - DAG(s) 'example_params_trigger_ui' retrieved from /home/airflow/.local/lib/python3.8/site-packages/airflow/example_dags/example_params_trigger_ui.py
[2025-03-27T17:22:40.098+0000] {logging_mixin.py:188} INFO - [2025-03-27T17:22:40.097+0000] {dag.py:3036} INFO - Sync 1 DAGs
[2025-03-27T17:22:40.113+0000] {logging_mixin.py:188} INFO - [2025-03-27T17:22:40.112+0000] {dag.py:3823} INFO - Setting next_dagrun for example_params_trigger_ui to None, run_after=None
[2025-03-27T17:22:40.134+0000] {processor.py:183} INFO - Processing /home/airflow/.local/lib/python3.8/site-packages/airflow/example_dags/example_params_trigger_ui.py took 0.064 seconds
[2025-03-27T17:23:12.248+0000] {processor.py:161} INFO - Started process (PID=598) to work on /home/airflow/.local/lib/python3.8/site-packages/airflow/example_dags/example_params_trigger_ui.py
[2025-03-27T17:23:12.250+0000] {processor.py:830} INFO - Processing file /home/airflow/.local/lib/python3.8/site-packages/airflow/example_dags/example_params_trigger_ui.py for tasks to queue
[2025-03-27T17:23:12.252+0000] {logging_mixin.py:188} INFO - [2025-03-27T17:23:12.251+0000] {dagbag.py:538} INFO - Filling up the DagBag from /home/airflow/.local/lib/python3.8/site-packages/airflow/example_dags/example_params_trigger_ui.py
[2025-03-27T17:23:12.276+0000] {processor.py:840} INFO - DAG(s) 'example_params_trigger_ui' retrieved from /home/airflow/.local/lib/python3.8/site-packages/airflow/example_dags/example_params_trigger_ui.py
[2025-03-27T17:23:12.407+0000] {logging_mixin.py:188} INFO - [2025-03-27T17:23:12.407+0000] {dag.py:3036} INFO - Sync 1 DAGs
[2025-03-27T17:23:12.419+0000] {logging_mixin.py:188} INFO - [2025-03-27T17:23:12.419+0000] {dag.py:3823} INFO - Setting next_dagrun for example_params_trigger_ui to None, run_after=None
[2025-03-27T17:23:12.440+0000] {processor.py:183} INFO - Processing /home/airflow/.local/lib/python3.8/site-packages/airflow/example_dags/example_params_trigger_ui.py took 0.197 seconds
[2025-03-27T17:23:43.378+0000] {processor.py:161} INFO - Started process (PID=847) to work on /home/airflow/.local/lib/python3.8/site-packages/airflow/example_dags/example_params_trigger_ui.py
[2025-03-27T17:23:43.379+0000] {processor.py:830} INFO - Processing file /home/airflow/.local/lib/python3.8/site-packages/airflow/example_dags/example_params_trigger_ui.py for tasks to queue
[2025-03-27T17:23:43.379+0000] {logging_mixin.py:188} INFO - [2025-03-27T17:23:43.379+0000] {dagbag.py:538} INFO - Filling up the DagBag from /home/airflow/.local/lib/python3.8/site-packages/airflow/example_dags/example_params_trigger_ui.py
[2025-03-27T17:23:43.391+0000] {processor.py:840} INFO - DAG(s) 'example_params_trigger_ui' retrieved from /home/airflow/.local/lib/python3.8/site-packages/airflow/example_dags/example_params_trigger_ui.py
[2025-03-27T17:23:43.439+0000] {logging_mixin.py:188} INFO - [2025-03-27T17:23:43.439+0000] {dag.py:3036} INFO - Sync 1 DAGs
[2025-03-27T17:23:43.451+0000] {logging_mixin.py:188} INFO - [2025-03-27T17:23:43.451+0000] {dag.py:3823} INFO - Setting next_dagrun for example_params_trigger_ui to None, run_after=None
[2025-03-27T17:23:43.467+0000] {processor.py:183} INFO - Processing /home/airflow/.local/lib/python3.8/site-packages/airflow/example_dags/example_params_trigger_ui.py took 0.092 seconds
[2025-03-27T17:24:13.580+0000] {processor.py:161} INFO - Started process (PID=1099) to work on /home/airflow/.local/lib/python3.8/site-packages/airflow/example_dags/example_params_trigger_ui.py
[2025-03-27T17:24:13.581+0000] {processor.py:830} INFO - Processing file /home/airflow/.local/lib/python3.8/site-packages/airflow/example_dags/example_params_trigger_ui.py for tasks to queue
[2025-03-27T17:24:13.582+0000] {logging_mixin.py:188} INFO - [2025-03-27T17:24:13.581+0000] {dagbag.py:538} INFO - Filling up the DagBag from /home/airflow/.local/lib/python3.8/site-packages/airflow/example_dags/example_params_trigger_ui.py
[2025-03-27T17:24:13.593+0000] {processor.py:840} INFO - DAG(s) 'example_params_trigger_ui' retrieved from /home/airflow/.local/lib/python3.8/site-packages/airflow/example_dags/example_params_trigger_ui.py
[2025-03-27T17:24:13.643+0000] {logging_mixin.py:188} INFO - [2025-03-27T17:24:13.643+0000] {dag.py:3036} INFO - Sync 1 DAGs
[2025-03-27T17:24:13.656+0000] {logging_mixin.py:188} INFO - [2025-03-27T17:24:13.656+0000] {dag.py:3823} INFO - Setting next_dagrun for example_params_trigger_ui to None, run_after=None
[2025-03-27T17:24:13.675+0000] {processor.py:183} INFO - Processing /home/airflow/.local/lib/python3.8/site-packages/airflow/example_dags/example_params_trigger_ui.py took 0.097 seconds
[2025-03-27T17:24:44.296+0000] {processor.py:161} INFO - Started process (PID=1341) to work on /home/airflow/.local/lib/python3.8/site-packages/airflow/example_dags/example_params_trigger_ui.py
[2025-03-27T17:24:44.297+0000] {processor.py:830} INFO - Processing file /home/airflow/.local/lib/python3.8/site-packages/airflow/example_dags/example_params_trigger_ui.py for tasks to queue
[2025-03-27T17:24:44.298+0000] {logging_mixin.py:188} INFO - [2025-03-27T17:24:44.297+0000] {dagbag.py:538} INFO - Filling up the DagBag from /home/airflow/.local/lib/python3.8/site-packages/airflow/example_dags/example_params_trigger_ui.py
[2025-03-27T17:24:44.309+0000] {processor.py:840} INFO - DAG(s) 'example_params_trigger_ui' retrieved from /home/airflow/.local/lib/python3.8/site-packages/airflow/example_dags/example_params_trigger_ui.py
[2025-03-27T17:24:44.358+0000] {logging_mixin.py:188} INFO - [2025-03-27T17:24:44.357+0000] {dag.py:3036} INFO - Sync 1 DAGs
[2025-03-27T17:24:44.369+0000] {logging_mixin.py:188} INFO - [2025-03-27T17:24:44.369+0000] {dag.py:3823} INFO - Setting next_dagrun for example_params_trigger_ui to None, run_after=None
[2025-03-27T17:24:44.387+0000] {processor.py:183} INFO - Processing /home/airflow/.local/lib/python3.8/site-packages/airflow/example_dags/example_params_trigger_ui.py took 0.094 seconds
[2025-03-27T17:25:14.934+0000] {processor.py:161} INFO - Started process (PID=1588) to work on /home/airflow/.local/lib/python3.8/site-packages/airflow/example_dags/example_params_trigger_ui.py
[2025-03-27T17:25:14.935+0000] {processor.py:830} INFO - Processing file /home/airflow/.local/lib/python3.8/site-packages/airflow/example_dags/example_params_trigger_ui.py for tasks to queue
[2025-03-27T17:25:14.936+0000] {logging_mixin.py:188} INFO - [2025-03-27T17:25:14.935+0000] {dagbag.py:538} INFO - Filling up the DagBag from /home/airflow/.local/lib/python3.8/site-packages/airflow/example_dags/example_params_trigger_ui.py
[2025-03-27T17:25:14.947+0000] {processor.py:840} INFO - DAG(s) 'example_params_trigger_ui' retrieved from /home/airflow/.local/lib/python3.8/site-packages/airflow/example_dags/example_params_trigger_ui.py
[2025-03-27T17:25:14.997+0000] {logging_mixin.py:188} INFO - [2025-03-27T17:25:14.997+0000] {dag.py:3036} INFO - Sync 1 DAGs
[2025-03-27T17:25:15.008+0000] {logging_mixin.py:188} INFO - [2025-03-27T17:25:15.007+0000] {dag.py:3823} INFO - Setting next_dagrun for example_params_trigger_ui to None, run_after=None
[2025-03-27T17:25:15.024+0000] {processor.py:183} INFO - Processing /home/airflow/.local/lib/python3.8/site-packages/airflow/example_dags/example_params_trigger_ui.py took 0.093 seconds
[2025-03-27T17:27:52.789+0000] {processor.py:161} INFO - Started process (PID=364) to work on /home/airflow/.local/lib/python3.8/site-packages/airflow/example_dags/example_params_trigger_ui.py
[2025-03-27T17:27:52.790+0000] {processor.py:830} INFO - Processing file /home/airflow/.local/lib/python3.8/site-packages/airflow/example_dags/example_params_trigger_ui.py for tasks to queue
[2025-03-27T17:27:52.791+0000] {logging_mixin.py:188} INFO - [2025-03-27T17:27:52.791+0000] {dagbag.py:538} INFO - Filling up the DagBag from /home/airflow/.local/lib/python3.8/site-packages/airflow/example_dags/example_params_trigger_ui.py
[2025-03-27T17:27:52.804+0000] {processor.py:840} INFO - DAG(s) 'example_params_trigger_ui' retrieved from /home/airflow/.local/lib/python3.8/site-packages/airflow/example_dags/example_params_trigger_ui.py
[2025-03-27T17:27:52.930+0000] {logging_mixin.py:188} INFO - [2025-03-27T17:27:52.929+0000] {override.py:1769} INFO - Created Permission View: can edit on DAG:example_params_trigger_ui
[2025-03-27T17:27:52.938+0000] {logging_mixin.py:188} INFO - [2025-03-27T17:27:52.938+0000] {override.py:1769} INFO - Created Permission View: can read on DAG:example_params_trigger_ui
[2025-03-27T17:27:52.944+0000] {logging_mixin.py:188} INFO - [2025-03-27T17:27:52.944+0000] {override.py:1769} INFO - Created Permission View: can delete on DAG:example_params_trigger_ui
[2025-03-27T17:27:52.944+0000] {logging_mixin.py:188} INFO - [2025-03-27T17:27:52.944+0000] {dag.py:3036} INFO - Sync 1 DAGs
[2025-03-27T17:27:52.955+0000] {logging_mixin.py:188} INFO - [2025-03-27T17:27:52.955+0000] {dag.py:3058} INFO - Creating ORM DAG for example_params_trigger_ui
[2025-03-27T17:27:52.956+0000] {logging_mixin.py:188} INFO - [2025-03-27T17:27:52.956+0000] {dag.py:3823} INFO - Setting next_dagrun for example_params_trigger_ui to None, run_after=None
[2025-03-27T17:27:52.970+0000] {processor.py:183} INFO - Processing /home/airflow/.local/lib/python3.8/site-packages/airflow/example_dags/example_params_trigger_ui.py took 0.184 seconds
[2025-03-27T17:28:23.123+0000] {processor.py:161} INFO - Started process (PID=614) to work on /home/airflow/.local/lib/python3.8/site-packages/airflow/example_dags/example_params_trigger_ui.py
[2025-03-27T17:28:23.124+0000] {processor.py:830} INFO - Processing file /home/airflow/.local/lib/python3.8/site-packages/airflow/example_dags/example_params_trigger_ui.py for tasks to queue
[2025-03-27T17:28:23.125+0000] {logging_mixin.py:188} INFO - [2025-03-27T17:28:23.125+0000] {dagbag.py:538} INFO - Filling up the DagBag from /home/airflow/.local/lib/python3.8/site-packages/airflow/example_dags/example_params_trigger_ui.py
[2025-03-27T17:28:23.137+0000] {processor.py:840} INFO - DAG(s) 'example_params_trigger_ui' retrieved from /home/airflow/.local/lib/python3.8/site-packages/airflow/example_dags/example_params_trigger_ui.py
[2025-03-27T17:28:23.190+0000] {logging_mixin.py:188} INFO - [2025-03-27T17:28:23.190+0000] {dag.py:3036} INFO - Sync 1 DAGs
[2025-03-27T17:28:23.202+0000] {logging_mixin.py:188} INFO - [2025-03-27T17:28:23.202+0000] {dag.py:3823} INFO - Setting next_dagrun for example_params_trigger_ui to None, run_after=None
[2025-03-27T17:28:23.220+0000] {processor.py:183} INFO - Processing /home/airflow/.local/lib/python3.8/site-packages/airflow/example_dags/example_params_trigger_ui.py took 0.100 seconds
[2025-03-27T17:28:55.676+0000] {processor.py:161} INFO - Started process (PID=920) to work on /home/airflow/.local/lib/python3.8/site-packages/airflow/example_dags/example_params_trigger_ui.py
[2025-03-27T17:28:55.692+0000] {processor.py:830} INFO - Processing file /home/airflow/.local/lib/python3.8/site-packages/airflow/example_dags/example_params_trigger_ui.py for tasks to queue
[2025-03-27T17:28:55.696+0000] {logging_mixin.py:188} INFO - [2025-03-27T17:28:55.695+0000] {dagbag.py:538} INFO - Filling up the DagBag from /home/airflow/.local/lib/python3.8/site-packages/airflow/example_dags/example_params_trigger_ui.py
[2025-03-27T17:28:55.751+0000] {processor.py:840} INFO - DAG(s) 'example_params_trigger_ui' retrieved from /home/airflow/.local/lib/python3.8/site-packages/airflow/example_dags/example_params_trigger_ui.py
[2025-03-27T17:28:55.921+0000] {logging_mixin.py:188} INFO - [2025-03-27T17:28:55.921+0000] {dag.py:3036} INFO - Sync 1 DAGs
[2025-03-27T17:28:55.980+0000] {logging_mixin.py:188} INFO - [2025-03-27T17:28:55.979+0000] {dag.py:3823} INFO - Setting next_dagrun for example_params_trigger_ui to None, run_after=None
[2025-03-27T17:28:56.115+0000] {processor.py:183} INFO - Processing /home/airflow/.local/lib/python3.8/site-packages/airflow/example_dags/example_params_trigger_ui.py took 0.446 seconds
[2025-03-27T17:29:27.171+0000] {processor.py:161} INFO - Started process (PID=1579) to work on /home/airflow/.local/lib/python3.8/site-packages/airflow/example_dags/example_params_trigger_ui.py
[2025-03-27T17:29:27.206+0000] {processor.py:830} INFO - Processing file /home/airflow/.local/lib/python3.8/site-packages/airflow/example_dags/example_params_trigger_ui.py for tasks to queue
[2025-03-27T17:29:27.237+0000] {logging_mixin.py:188} INFO - [2025-03-27T17:29:27.236+0000] {dagbag.py:538} INFO - Filling up the DagBag from /home/airflow/.local/lib/python3.8/site-packages/airflow/example_dags/example_params_trigger_ui.py
[2025-03-27T17:29:27.424+0000] {processor.py:840} INFO - DAG(s) 'example_params_trigger_ui' retrieved from /home/airflow/.local/lib/python3.8/site-packages/airflow/example_dags/example_params_trigger_ui.py
[2025-03-27T17:29:27.667+0000] {logging_mixin.py:188} INFO - [2025-03-27T17:29:27.666+0000] {dag.py:3036} INFO - Sync 1 DAGs
[2025-03-27T17:29:27.715+0000] {logging_mixin.py:188} INFO - [2025-03-27T17:29:27.714+0000] {dag.py:3823} INFO - Setting next_dagrun for example_params_trigger_ui to None, run_after=None
[2025-03-27T17:29:27.795+0000] {processor.py:183} INFO - Processing /home/airflow/.local/lib/python3.8/site-packages/airflow/example_dags/example_params_trigger_ui.py took 0.651 seconds
