[2025-03-27T17:19:26.408+0000] {processor.py:161} INFO - Started process (PID=188) to work on /home/airflow/.local/lib/python3.8/site-packages/airflow/example_dags/example_branch_labels.py
[2025-03-27T17:19:26.409+0000] {processor.py:830} INFO - Processing file /home/airflow/.local/lib/python3.8/site-packages/airflow/example_dags/example_branch_labels.py for tasks to queue
[2025-03-27T17:19:26.410+0000] {logging_mixin.py:188} INFO - [2025-03-27T17:19:26.410+0000] {dagbag.py:538} INFO - Filling up the DagBag from /home/airflow/.local/lib/python3.8/site-packages/airflow/example_dags/example_branch_labels.py
[2025-03-27T17:19:26.435+0000] {processor.py:840} INFO - DAG(s) 'example_branch_labels' retrieved from /home/airflow/.local/lib/python3.8/site-packages/airflow/example_dags/example_branch_labels.py
[2025-03-27T17:19:26.465+0000] {logging_mixin.py:188} INFO - [2025-03-27T17:19:26.464+0000] {dag.py:3036} INFO - Sync 1 DAGs
[2025-03-27T17:19:26.495+0000] {logging_mixin.py:188} INFO - [2025-03-27T17:19:26.494+0000] {dag.py:3823} INFO - Setting next_dagrun for example_branch_labels to 2025-03-26 00:00:00+00:00, run_after=2025-03-27 00:00:00+00:00
[2025-03-27T17:19:26.515+0000] {processor.py:183} INFO - Processing /home/airflow/.local/lib/python3.8/site-packages/airflow/example_dags/example_branch_labels.py took 0.111 seconds
[2025-03-27T17:19:57.197+0000] {processor.py:161} INFO - Started process (PID=441) to work on /home/airflow/.local/lib/python3.8/site-packages/airflow/example_dags/example_branch_labels.py
[2025-03-27T17:19:57.198+0000] {processor.py:830} INFO - Processing file /home/airflow/.local/lib/python3.8/site-packages/airflow/example_dags/example_branch_labels.py for tasks to queue
[2025-03-27T17:19:57.199+0000] {logging_mixin.py:188} INFO - [2025-03-27T17:19:57.199+0000] {dagbag.py:538} INFO - Filling up the DagBag from /home/airflow/.local/lib/python3.8/site-packages/airflow/example_dags/example_branch_labels.py
[2025-03-27T17:19:57.211+0000] {processor.py:840} INFO - DAG(s) 'example_branch_labels' retrieved from /home/airflow/.local/lib/python3.8/site-packages/airflow/example_dags/example_branch_labels.py
[2025-03-27T17:19:57.419+0000] {logging_mixin.py:188} INFO - [2025-03-27T17:19:57.418+0000] {dag.py:3036} INFO - Sync 1 DAGs
[2025-03-27T17:19:57.441+0000] {logging_mixin.py:188} INFO - [2025-03-27T17:19:57.441+0000] {dag.py:3823} INFO - Setting next_dagrun for example_branch_labels to 2025-03-26 00:00:00+00:00, run_after=2025-03-27 00:00:00+00:00
[2025-03-27T17:19:57.462+0000] {processor.py:183} INFO - Processing /home/airflow/.local/lib/python3.8/site-packages/airflow/example_dags/example_branch_labels.py took 0.269 seconds
[2025-03-27T17:22:38.226+0000] {processor.py:161} INFO - Started process (PID=182) to work on /home/airflow/.local/lib/python3.8/site-packages/airflow/example_dags/example_branch_labels.py
[2025-03-27T17:22:38.228+0000] {processor.py:830} INFO - Processing file /home/airflow/.local/lib/python3.8/site-packages/airflow/example_dags/example_branch_labels.py for tasks to queue
[2025-03-27T17:22:38.229+0000] {logging_mixin.py:188} INFO - [2025-03-27T17:22:38.228+0000] {dagbag.py:538} INFO - Filling up the DagBag from /home/airflow/.local/lib/python3.8/site-packages/airflow/example_dags/example_branch_labels.py
[2025-03-27T17:22:38.242+0000] {processor.py:840} INFO - DAG(s) 'example_branch_labels' retrieved from /home/airflow/.local/lib/python3.8/site-packages/airflow/example_dags/example_branch_labels.py
[2025-03-27T17:22:38.271+0000] {logging_mixin.py:188} INFO - [2025-03-27T17:22:38.271+0000] {dag.py:3036} INFO - Sync 1 DAGs
[2025-03-27T17:22:38.297+0000] {logging_mixin.py:188} INFO - [2025-03-27T17:22:38.296+0000] {dag.py:3823} INFO - Setting next_dagrun for example_branch_labels to 2025-03-26 00:00:00+00:00, run_after=2025-03-27 00:00:00+00:00
[2025-03-27T17:22:38.315+0000] {processor.py:183} INFO - Processing /home/airflow/.local/lib/python3.8/site-packages/airflow/example_dags/example_branch_labels.py took 0.092 seconds
[2025-03-27T17:23:09.022+0000] {processor.py:161} INFO - Started process (PID=429) to work on /home/airflow/.local/lib/python3.8/site-packages/airflow/example_dags/example_branch_labels.py
[2025-03-27T17:23:09.024+0000] {processor.py:830} INFO - Processing file /home/airflow/.local/lib/python3.8/site-packages/airflow/example_dags/example_branch_labels.py for tasks to queue
[2025-03-27T17:23:09.025+0000] {logging_mixin.py:188} INFO - [2025-03-27T17:23:09.025+0000] {dagbag.py:538} INFO - Filling up the DagBag from /home/airflow/.local/lib/python3.8/site-packages/airflow/example_dags/example_branch_labels.py
[2025-03-27T17:23:09.034+0000] {processor.py:840} INFO - DAG(s) 'example_branch_labels' retrieved from /home/airflow/.local/lib/python3.8/site-packages/airflow/example_dags/example_branch_labels.py
[2025-03-27T17:23:09.155+0000] {logging_mixin.py:188} INFO - [2025-03-27T17:23:09.155+0000] {dag.py:3036} INFO - Sync 1 DAGs
[2025-03-27T17:23:09.180+0000] {logging_mixin.py:188} INFO - [2025-03-27T17:23:09.180+0000] {dag.py:3823} INFO - Setting next_dagrun for example_branch_labels to 2025-03-26 00:00:00+00:00, run_after=2025-03-27 00:00:00+00:00
[2025-03-27T17:23:09.202+0000] {processor.py:183} INFO - Processing /home/airflow/.local/lib/python3.8/site-packages/airflow/example_dags/example_branch_labels.py took 0.185 seconds
[2025-03-27T17:23:39.958+0000] {processor.py:161} INFO - Started process (PID=676) to work on /home/airflow/.local/lib/python3.8/site-packages/airflow/example_dags/example_branch_labels.py
[2025-03-27T17:23:39.960+0000] {processor.py:830} INFO - Processing file /home/airflow/.local/lib/python3.8/site-packages/airflow/example_dags/example_branch_labels.py for tasks to queue
[2025-03-27T17:23:39.961+0000] {logging_mixin.py:188} INFO - [2025-03-27T17:23:39.961+0000] {dagbag.py:538} INFO - Filling up the DagBag from /home/airflow/.local/lib/python3.8/site-packages/airflow/example_dags/example_branch_labels.py
[2025-03-27T17:23:39.972+0000] {processor.py:840} INFO - DAG(s) 'example_branch_labels' retrieved from /home/airflow/.local/lib/python3.8/site-packages/airflow/example_dags/example_branch_labels.py
[2025-03-27T17:23:40.002+0000] {logging_mixin.py:188} INFO - [2025-03-27T17:23:40.002+0000] {dag.py:3036} INFO - Sync 1 DAGs
[2025-03-27T17:23:40.030+0000] {logging_mixin.py:188} INFO - [2025-03-27T17:23:40.029+0000] {dag.py:3823} INFO - Setting next_dagrun for example_branch_labels to 2025-03-26 00:00:00+00:00, run_after=2025-03-27 00:00:00+00:00
[2025-03-27T17:23:40.055+0000] {processor.py:183} INFO - Processing /home/airflow/.local/lib/python3.8/site-packages/airflow/example_dags/example_branch_labels.py took 0.102 seconds
[2025-03-27T17:24:10.219+0000] {processor.py:161} INFO - Started process (PID=923) to work on /home/airflow/.local/lib/python3.8/site-packages/airflow/example_dags/example_branch_labels.py
[2025-03-27T17:24:10.221+0000] {processor.py:830} INFO - Processing file /home/airflow/.local/lib/python3.8/site-packages/airflow/example_dags/example_branch_labels.py for tasks to queue
[2025-03-27T17:24:10.222+0000] {logging_mixin.py:188} INFO - [2025-03-27T17:24:10.221+0000] {dagbag.py:538} INFO - Filling up the DagBag from /home/airflow/.local/lib/python3.8/site-packages/airflow/example_dags/example_branch_labels.py
[2025-03-27T17:24:10.232+0000] {processor.py:840} INFO - DAG(s) 'example_branch_labels' retrieved from /home/airflow/.local/lib/python3.8/site-packages/airflow/example_dags/example_branch_labels.py
[2025-03-27T17:24:10.258+0000] {logging_mixin.py:188} INFO - [2025-03-27T17:24:10.258+0000] {dag.py:3036} INFO - Sync 1 DAGs
[2025-03-27T17:24:10.290+0000] {logging_mixin.py:188} INFO - [2025-03-27T17:24:10.289+0000] {dag.py:3823} INFO - Setting next_dagrun for example_branch_labels to 2025-03-26 00:00:00+00:00, run_after=2025-03-27 00:00:00+00:00
[2025-03-27T17:24:10.315+0000] {processor.py:183} INFO - Processing /home/airflow/.local/lib/python3.8/site-packages/airflow/example_dags/example_branch_labels.py took 0.100 seconds
[2025-03-27T17:24:40.476+0000] {processor.py:161} INFO - Started process (PID=1176) to work on /home/airflow/.local/lib/python3.8/site-packages/airflow/example_dags/example_branch_labels.py
[2025-03-27T17:24:40.478+0000] {processor.py:830} INFO - Processing file /home/airflow/.local/lib/python3.8/site-packages/airflow/example_dags/example_branch_labels.py for tasks to queue
[2025-03-27T17:24:40.479+0000] {logging_mixin.py:188} INFO - [2025-03-27T17:24:40.479+0000] {dagbag.py:538} INFO - Filling up the DagBag from /home/airflow/.local/lib/python3.8/site-packages/airflow/example_dags/example_branch_labels.py
[2025-03-27T17:24:40.488+0000] {processor.py:840} INFO - DAG(s) 'example_branch_labels' retrieved from /home/airflow/.local/lib/python3.8/site-packages/airflow/example_dags/example_branch_labels.py
[2025-03-27T17:24:40.512+0000] {logging_mixin.py:188} INFO - [2025-03-27T17:24:40.512+0000] {dag.py:3036} INFO - Sync 1 DAGs
[2025-03-27T17:24:40.536+0000] {logging_mixin.py:188} INFO - [2025-03-27T17:24:40.536+0000] {dag.py:3823} INFO - Setting next_dagrun for example_branch_labels to 2025-03-26 00:00:00+00:00, run_after=2025-03-27 00:00:00+00:00
[2025-03-27T17:24:40.553+0000] {processor.py:183} INFO - Processing /home/airflow/.local/lib/python3.8/site-packages/airflow/example_dags/example_branch_labels.py took 0.081 seconds
[2025-03-27T17:25:11.130+0000] {processor.py:161} INFO - Started process (PID=1423) to work on /home/airflow/.local/lib/python3.8/site-packages/airflow/example_dags/example_branch_labels.py
[2025-03-27T17:25:11.130+0000] {processor.py:830} INFO - Processing file /home/airflow/.local/lib/python3.8/site-packages/airflow/example_dags/example_branch_labels.py for tasks to queue
[2025-03-27T17:25:11.131+0000] {logging_mixin.py:188} INFO - [2025-03-27T17:25:11.131+0000] {dagbag.py:538} INFO - Filling up the DagBag from /home/airflow/.local/lib/python3.8/site-packages/airflow/example_dags/example_branch_labels.py
[2025-03-27T17:25:11.137+0000] {processor.py:840} INFO - DAG(s) 'example_branch_labels' retrieved from /home/airflow/.local/lib/python3.8/site-packages/airflow/example_dags/example_branch_labels.py
[2025-03-27T17:25:11.156+0000] {logging_mixin.py:188} INFO - [2025-03-27T17:25:11.156+0000] {dag.py:3036} INFO - Sync 1 DAGs
[2025-03-27T17:25:11.177+0000] {logging_mixin.py:188} INFO - [2025-03-27T17:25:11.176+0000] {dag.py:3823} INFO - Setting next_dagrun for example_branch_labels to 2025-03-26 00:00:00+00:00, run_after=2025-03-27 00:00:00+00:00
[2025-03-27T17:25:11.192+0000] {processor.py:183} INFO - Processing /home/airflow/.local/lib/python3.8/site-packages/airflow/example_dags/example_branch_labels.py took 0.065 seconds
[2025-03-27T17:27:48.070+0000] {processor.py:161} INFO - Started process (PID=191) to work on /home/airflow/.local/lib/python3.8/site-packages/airflow/example_dags/example_branch_labels.py
[2025-03-27T17:27:48.071+0000] {processor.py:830} INFO - Processing file /home/airflow/.local/lib/python3.8/site-packages/airflow/example_dags/example_branch_labels.py for tasks to queue
[2025-03-27T17:27:48.072+0000] {logging_mixin.py:188} INFO - [2025-03-27T17:27:48.072+0000] {dagbag.py:538} INFO - Filling up the DagBag from /home/airflow/.local/lib/python3.8/site-packages/airflow/example_dags/example_branch_labels.py
[2025-03-27T17:27:48.098+0000] {processor.py:840} INFO - DAG(s) 'example_branch_labels' retrieved from /home/airflow/.local/lib/python3.8/site-packages/airflow/example_dags/example_branch_labels.py
[2025-03-27T17:27:48.329+0000] {logging_mixin.py:188} INFO - [2025-03-27T17:27:48.329+0000] {override.py:1769} INFO - Created Permission View: can edit on DAG:example_branch_labels
[2025-03-27T17:27:48.339+0000] {logging_mixin.py:188} INFO - [2025-03-27T17:27:48.339+0000] {override.py:1769} INFO - Created Permission View: can read on DAG:example_branch_labels
[2025-03-27T17:27:48.346+0000] {logging_mixin.py:188} INFO - [2025-03-27T17:27:48.346+0000] {override.py:1769} INFO - Created Permission View: can delete on DAG:example_branch_labels
[2025-03-27T17:27:48.347+0000] {logging_mixin.py:188} INFO - [2025-03-27T17:27:48.347+0000] {dag.py:3036} INFO - Sync 1 DAGs
[2025-03-27T17:27:48.360+0000] {logging_mixin.py:188} INFO - [2025-03-27T17:27:48.360+0000] {dag.py:3058} INFO - Creating ORM DAG for example_branch_labels
[2025-03-27T17:27:48.374+0000] {logging_mixin.py:188} INFO - [2025-03-27T17:27:48.374+0000] {dag.py:3823} INFO - Setting next_dagrun for example_branch_labels to 2025-03-26 00:00:00+00:00, run_after=2025-03-27 00:00:00+00:00
[2025-03-27T17:27:48.390+0000] {processor.py:183} INFO - Processing /home/airflow/.local/lib/python3.8/site-packages/airflow/example_dags/example_branch_labels.py took 0.326 seconds
[2025-03-27T17:28:19.072+0000] {processor.py:161} INFO - Started process (PID=443) to work on /home/airflow/.local/lib/python3.8/site-packages/airflow/example_dags/example_branch_labels.py
[2025-03-27T17:28:19.074+0000] {processor.py:830} INFO - Processing file /home/airflow/.local/lib/python3.8/site-packages/airflow/example_dags/example_branch_labels.py for tasks to queue
[2025-03-27T17:28:19.076+0000] {logging_mixin.py:188} INFO - [2025-03-27T17:28:19.075+0000] {dagbag.py:538} INFO - Filling up the DagBag from /home/airflow/.local/lib/python3.8/site-packages/airflow/example_dags/example_branch_labels.py
[2025-03-27T17:28:19.089+0000] {processor.py:840} INFO - DAG(s) 'example_branch_labels' retrieved from /home/airflow/.local/lib/python3.8/site-packages/airflow/example_dags/example_branch_labels.py
[2025-03-27T17:28:19.119+0000] {logging_mixin.py:188} INFO - [2025-03-27T17:28:19.118+0000] {dag.py:3036} INFO - Sync 1 DAGs
[2025-03-27T17:28:19.150+0000] {logging_mixin.py:188} INFO - [2025-03-27T17:28:19.150+0000] {dag.py:3823} INFO - Setting next_dagrun for example_branch_labels to 2025-03-26 00:00:00+00:00, run_after=2025-03-27 00:00:00+00:00
[2025-03-27T17:28:19.169+0000] {processor.py:183} INFO - Processing /home/airflow/.local/lib/python3.8/site-packages/airflow/example_dags/example_branch_labels.py took 0.104 seconds
[2025-03-27T17:28:49.357+0000] {processor.py:161} INFO - Started process (PID=695) to work on /home/airflow/.local/lib/python3.8/site-packages/airflow/example_dags/example_branch_labels.py
[2025-03-27T17:28:49.358+0000] {processor.py:830} INFO - Processing file /home/airflow/.local/lib/python3.8/site-packages/airflow/example_dags/example_branch_labels.py for tasks to queue
[2025-03-27T17:28:49.360+0000] {logging_mixin.py:188} INFO - [2025-03-27T17:28:49.359+0000] {dagbag.py:538} INFO - Filling up the DagBag from /home/airflow/.local/lib/python3.8/site-packages/airflow/example_dags/example_branch_labels.py
[2025-03-27T17:28:49.369+0000] {processor.py:840} INFO - DAG(s) 'example_branch_labels' retrieved from /home/airflow/.local/lib/python3.8/site-packages/airflow/example_dags/example_branch_labels.py
[2025-03-27T17:28:49.396+0000] {logging_mixin.py:188} INFO - [2025-03-27T17:28:49.396+0000] {dag.py:3036} INFO - Sync 1 DAGs
[2025-03-27T17:28:49.424+0000] {logging_mixin.py:188} INFO - [2025-03-27T17:28:49.424+0000] {dag.py:3823} INFO - Setting next_dagrun for example_branch_labels to 2025-03-26 00:00:00+00:00, run_after=2025-03-27 00:00:00+00:00
[2025-03-27T17:28:49.441+0000] {processor.py:183} INFO - Processing /home/airflow/.local/lib/python3.8/site-packages/airflow/example_dags/example_branch_labels.py took 0.089 seconds
[2025-03-27T17:29:19.917+0000] {processor.py:161} INFO - Started process (PID=1331) to work on /home/airflow/.local/lib/python3.8/site-packages/airflow/example_dags/example_branch_labels.py
[2025-03-27T17:29:19.918+0000] {processor.py:830} INFO - Processing file /home/airflow/.local/lib/python3.8/site-packages/airflow/example_dags/example_branch_labels.py for tasks to queue
[2025-03-27T17:29:19.919+0000] {logging_mixin.py:188} INFO - [2025-03-27T17:29:19.919+0000] {dagbag.py:538} INFO - Filling up the DagBag from /home/airflow/.local/lib/python3.8/site-packages/airflow/example_dags/example_branch_labels.py
[2025-03-27T17:29:19.926+0000] {processor.py:840} INFO - DAG(s) 'example_branch_labels' retrieved from /home/airflow/.local/lib/python3.8/site-packages/airflow/example_dags/example_branch_labels.py
[2025-03-27T17:29:19.946+0000] {logging_mixin.py:188} INFO - [2025-03-27T17:29:19.946+0000] {dag.py:3036} INFO - Sync 1 DAGs
[2025-03-27T17:29:19.968+0000] {logging_mixin.py:188} INFO - [2025-03-27T17:29:19.967+0000] {dag.py:3823} INFO - Setting next_dagrun for example_branch_labels to 2025-03-26 00:00:00+00:00, run_after=2025-03-27 00:00:00+00:00
[2025-03-27T17:29:19.985+0000] {processor.py:183} INFO - Processing /home/airflow/.local/lib/python3.8/site-packages/airflow/example_dags/example_branch_labels.py took 0.070 seconds
