[2025-03-27T16:27:00.527+0000] {processor.py:161} INFO - Started process (PID=251) to work on /home/airflow/.local/lib/python3.8/site-packages/airflow/example_dags/example_python_decorator.py
[2025-03-27T16:27:00.528+0000] {processor.py:830} INFO - Processing file /home/airflow/.local/lib/python3.8/site-packages/airflow/example_dags/example_python_decorator.py for tasks to queue
[2025-03-27T16:27:00.529+0000] {logging_mixin.py:188} INFO - [2025-03-27T16:27:00.529+0000] {dagbag.py:538} INFO - Filling up the DagBag from /home/airflow/.local/lib/python3.8/site-packages/airflow/example_dags/example_python_decorator.py
[2025-03-27T16:27:00.542+0000] {processor.py:840} INFO - DAG(s) 'example_python_decorator' retrieved from /home/airflow/.local/lib/python3.8/site-packages/airflow/example_dags/example_python_decorator.py
[2025-03-27T16:27:00.556+0000] {logging_mixin.py:188} INFO - [2025-03-27T16:27:00.555+0000] {dag.py:3036} INFO - Sync 1 DAGs
[2025-03-27T16:27:00.578+0000] {logging_mixin.py:188} INFO - [2025-03-27T16:27:00.578+0000] {dag.py:3823} INFO - Setting next_dagrun for example_python_decorator to None, run_after=None
[2025-03-27T16:27:00.602+0000] {processor.py:183} INFO - Processing /home/airflow/.local/lib/python3.8/site-packages/airflow/example_dags/example_python_decorator.py took 0.078 seconds
[2025-03-27T16:27:31.029+0000] {processor.py:161} INFO - Started process (PID=498) to work on /home/airflow/.local/lib/python3.8/site-packages/airflow/example_dags/example_python_decorator.py
[2025-03-27T16:27:31.030+0000] {processor.py:830} INFO - Processing file /home/airflow/.local/lib/python3.8/site-packages/airflow/example_dags/example_python_decorator.py for tasks to queue
[2025-03-27T16:27:31.031+0000] {logging_mixin.py:188} INFO - [2025-03-27T16:27:31.031+0000] {dagbag.py:538} INFO - Filling up the DagBag from /home/airflow/.local/lib/python3.8/site-packages/airflow/example_dags/example_python_decorator.py
[2025-03-27T16:27:31.041+0000] {processor.py:840} INFO - DAG(s) 'example_python_decorator' retrieved from /home/airflow/.local/lib/python3.8/site-packages/airflow/example_dags/example_python_decorator.py
[2025-03-27T16:27:31.131+0000] {logging_mixin.py:188} INFO - [2025-03-27T16:27:31.131+0000] {dag.py:3036} INFO - Sync 1 DAGs
[2025-03-27T16:27:31.140+0000] {logging_mixin.py:188} INFO - [2025-03-27T16:27:31.140+0000] {dag.py:3823} INFO - Setting next_dagrun for example_python_decorator to None, run_after=None
[2025-03-27T16:27:31.158+0000] {processor.py:183} INFO - Processing /home/airflow/.local/lib/python3.8/site-packages/airflow/example_dags/example_python_decorator.py took 0.132 seconds
[2025-03-27T16:28:02.068+0000] {processor.py:161} INFO - Started process (PID=745) to work on /home/airflow/.local/lib/python3.8/site-packages/airflow/example_dags/example_python_decorator.py
[2025-03-27T16:28:02.070+0000] {processor.py:830} INFO - Processing file /home/airflow/.local/lib/python3.8/site-packages/airflow/example_dags/example_python_decorator.py for tasks to queue
[2025-03-27T16:28:02.071+0000] {logging_mixin.py:188} INFO - [2025-03-27T16:28:02.071+0000] {dagbag.py:538} INFO - Filling up the DagBag from /home/airflow/.local/lib/python3.8/site-packages/airflow/example_dags/example_python_decorator.py
[2025-03-27T16:28:02.086+0000] {processor.py:840} INFO - DAG(s) 'example_python_decorator' retrieved from /home/airflow/.local/lib/python3.8/site-packages/airflow/example_dags/example_python_decorator.py
[2025-03-27T16:28:02.111+0000] {logging_mixin.py:188} INFO - [2025-03-27T16:28:02.111+0000] {dag.py:3036} INFO - Sync 1 DAGs
[2025-03-27T16:28:02.127+0000] {logging_mixin.py:188} INFO - [2025-03-27T16:28:02.127+0000] {dag.py:3823} INFO - Setting next_dagrun for example_python_decorator to None, run_after=None
[2025-03-27T16:28:02.151+0000] {processor.py:183} INFO - Processing /home/airflow/.local/lib/python3.8/site-packages/airflow/example_dags/example_python_decorator.py took 0.086 seconds
[2025-03-27T16:28:33.046+0000] {processor.py:161} INFO - Started process (PID=998) to work on /home/airflow/.local/lib/python3.8/site-packages/airflow/example_dags/example_python_decorator.py
[2025-03-27T16:28:33.047+0000] {processor.py:830} INFO - Processing file /home/airflow/.local/lib/python3.8/site-packages/airflow/example_dags/example_python_decorator.py for tasks to queue
[2025-03-27T16:28:33.048+0000] {logging_mixin.py:188} INFO - [2025-03-27T16:28:33.047+0000] {dagbag.py:538} INFO - Filling up the DagBag from /home/airflow/.local/lib/python3.8/site-packages/airflow/example_dags/example_python_decorator.py
[2025-03-27T16:28:33.059+0000] {processor.py:840} INFO - DAG(s) 'example_python_decorator' retrieved from /home/airflow/.local/lib/python3.8/site-packages/airflow/example_dags/example_python_decorator.py
[2025-03-27T16:28:33.079+0000] {logging_mixin.py:188} INFO - [2025-03-27T16:28:33.078+0000] {dag.py:3036} INFO - Sync 1 DAGs
[2025-03-27T16:28:33.089+0000] {logging_mixin.py:188} INFO - [2025-03-27T16:28:33.089+0000] {dag.py:3823} INFO - Setting next_dagrun for example_python_decorator to None, run_after=None
[2025-03-27T16:28:33.105+0000] {processor.py:183} INFO - Processing /home/airflow/.local/lib/python3.8/site-packages/airflow/example_dags/example_python_decorator.py took 0.062 seconds
[2025-03-27T16:29:03.698+0000] {processor.py:161} INFO - Started process (PID=1245) to work on /home/airflow/.local/lib/python3.8/site-packages/airflow/example_dags/example_python_decorator.py
[2025-03-27T16:29:03.699+0000] {processor.py:830} INFO - Processing file /home/airflow/.local/lib/python3.8/site-packages/airflow/example_dags/example_python_decorator.py for tasks to queue
[2025-03-27T16:29:03.699+0000] {logging_mixin.py:188} INFO - [2025-03-27T16:29:03.699+0000] {dagbag.py:538} INFO - Filling up the DagBag from /home/airflow/.local/lib/python3.8/site-packages/airflow/example_dags/example_python_decorator.py
[2025-03-27T16:29:03.711+0000] {processor.py:840} INFO - DAG(s) 'example_python_decorator' retrieved from /home/airflow/.local/lib/python3.8/site-packages/airflow/example_dags/example_python_decorator.py
[2025-03-27T16:29:03.731+0000] {logging_mixin.py:188} INFO - [2025-03-27T16:29:03.731+0000] {dag.py:3036} INFO - Sync 1 DAGs
[2025-03-27T16:29:03.742+0000] {logging_mixin.py:188} INFO - [2025-03-27T16:29:03.742+0000] {dag.py:3823} INFO - Setting next_dagrun for example_python_decorator to None, run_after=None
[2025-03-27T16:29:03.756+0000] {processor.py:183} INFO - Processing /home/airflow/.local/lib/python3.8/site-packages/airflow/example_dags/example_python_decorator.py took 0.061 seconds
[2025-03-27T16:29:34.349+0000] {processor.py:161} INFO - Started process (PID=1492) to work on /home/airflow/.local/lib/python3.8/site-packages/airflow/example_dags/example_python_decorator.py
[2025-03-27T16:29:34.350+0000] {processor.py:830} INFO - Processing file /home/airflow/.local/lib/python3.8/site-packages/airflow/example_dags/example_python_decorator.py for tasks to queue
[2025-03-27T16:29:34.351+0000] {logging_mixin.py:188} INFO - [2025-03-27T16:29:34.351+0000] {dagbag.py:538} INFO - Filling up the DagBag from /home/airflow/.local/lib/python3.8/site-packages/airflow/example_dags/example_python_decorator.py
[2025-03-27T16:29:34.362+0000] {processor.py:840} INFO - DAG(s) 'example_python_decorator' retrieved from /home/airflow/.local/lib/python3.8/site-packages/airflow/example_dags/example_python_decorator.py
[2025-03-27T16:29:34.382+0000] {logging_mixin.py:188} INFO - [2025-03-27T16:29:34.382+0000] {dag.py:3036} INFO - Sync 1 DAGs
[2025-03-27T16:29:34.394+0000] {logging_mixin.py:188} INFO - [2025-03-27T16:29:34.394+0000] {dag.py:3823} INFO - Setting next_dagrun for example_python_decorator to None, run_after=None
[2025-03-27T16:29:34.408+0000] {processor.py:183} INFO - Processing /home/airflow/.local/lib/python3.8/site-packages/airflow/example_dags/example_python_decorator.py took 0.062 seconds
[2025-03-27T16:30:04.901+0000] {processor.py:161} INFO - Started process (PID=1739) to work on /home/airflow/.local/lib/python3.8/site-packages/airflow/example_dags/example_python_decorator.py
[2025-03-27T16:30:04.901+0000] {processor.py:830} INFO - Processing file /home/airflow/.local/lib/python3.8/site-packages/airflow/example_dags/example_python_decorator.py for tasks to queue
[2025-03-27T16:30:04.902+0000] {logging_mixin.py:188} INFO - [2025-03-27T16:30:04.902+0000] {dagbag.py:538} INFO - Filling up the DagBag from /home/airflow/.local/lib/python3.8/site-packages/airflow/example_dags/example_python_decorator.py
[2025-03-27T16:30:04.913+0000] {processor.py:840} INFO - DAG(s) 'example_python_decorator' retrieved from /home/airflow/.local/lib/python3.8/site-packages/airflow/example_dags/example_python_decorator.py
[2025-03-27T16:30:04.932+0000] {logging_mixin.py:188} INFO - [2025-03-27T16:30:04.932+0000] {dag.py:3036} INFO - Sync 1 DAGs
[2025-03-27T16:30:04.943+0000] {logging_mixin.py:188} INFO - [2025-03-27T16:30:04.943+0000] {dag.py:3823} INFO - Setting next_dagrun for example_python_decorator to None, run_after=None
[2025-03-27T16:30:04.959+0000] {processor.py:183} INFO - Processing /home/airflow/.local/lib/python3.8/site-packages/airflow/example_dags/example_python_decorator.py took 0.061 seconds
[2025-03-27T16:30:35.457+0000] {processor.py:161} INFO - Started process (PID=1986) to work on /home/airflow/.local/lib/python3.8/site-packages/airflow/example_dags/example_python_decorator.py
[2025-03-27T16:30:35.458+0000] {processor.py:830} INFO - Processing file /home/airflow/.local/lib/python3.8/site-packages/airflow/example_dags/example_python_decorator.py for tasks to queue
[2025-03-27T16:30:35.458+0000] {logging_mixin.py:188} INFO - [2025-03-27T16:30:35.458+0000] {dagbag.py:538} INFO - Filling up the DagBag from /home/airflow/.local/lib/python3.8/site-packages/airflow/example_dags/example_python_decorator.py
[2025-03-27T16:30:35.469+0000] {processor.py:840} INFO - DAG(s) 'example_python_decorator' retrieved from /home/airflow/.local/lib/python3.8/site-packages/airflow/example_dags/example_python_decorator.py
[2025-03-27T16:30:35.489+0000] {logging_mixin.py:188} INFO - [2025-03-27T16:30:35.489+0000] {dag.py:3036} INFO - Sync 1 DAGs
[2025-03-27T16:30:35.500+0000] {logging_mixin.py:188} INFO - [2025-03-27T16:30:35.500+0000] {dag.py:3823} INFO - Setting next_dagrun for example_python_decorator to None, run_after=None
[2025-03-27T16:30:35.516+0000] {processor.py:183} INFO - Processing /home/airflow/.local/lib/python3.8/site-packages/airflow/example_dags/example_python_decorator.py took 0.062 seconds
[2025-03-27T16:31:05.888+0000] {processor.py:161} INFO - Started process (PID=2233) to work on /home/airflow/.local/lib/python3.8/site-packages/airflow/example_dags/example_python_decorator.py
[2025-03-27T16:31:05.889+0000] {processor.py:830} INFO - Processing file /home/airflow/.local/lib/python3.8/site-packages/airflow/example_dags/example_python_decorator.py for tasks to queue
[2025-03-27T16:31:05.890+0000] {logging_mixin.py:188} INFO - [2025-03-27T16:31:05.890+0000] {dagbag.py:538} INFO - Filling up the DagBag from /home/airflow/.local/lib/python3.8/site-packages/airflow/example_dags/example_python_decorator.py
[2025-03-27T16:31:05.901+0000] {processor.py:840} INFO - DAG(s) 'example_python_decorator' retrieved from /home/airflow/.local/lib/python3.8/site-packages/airflow/example_dags/example_python_decorator.py
[2025-03-27T16:31:05.920+0000] {logging_mixin.py:188} INFO - [2025-03-27T16:31:05.920+0000] {dag.py:3036} INFO - Sync 1 DAGs
[2025-03-27T16:31:05.931+0000] {logging_mixin.py:188} INFO - [2025-03-27T16:31:05.931+0000] {dag.py:3823} INFO - Setting next_dagrun for example_python_decorator to None, run_after=None
[2025-03-27T16:31:05.948+0000] {processor.py:183} INFO - Processing /home/airflow/.local/lib/python3.8/site-packages/airflow/example_dags/example_python_decorator.py took 0.062 seconds
[2025-03-27T16:31:36.437+0000] {processor.py:161} INFO - Started process (PID=2480) to work on /home/airflow/.local/lib/python3.8/site-packages/airflow/example_dags/example_python_decorator.py
[2025-03-27T16:31:36.438+0000] {processor.py:830} INFO - Processing file /home/airflow/.local/lib/python3.8/site-packages/airflow/example_dags/example_python_decorator.py for tasks to queue
[2025-03-27T16:31:36.439+0000] {logging_mixin.py:188} INFO - [2025-03-27T16:31:36.438+0000] {dagbag.py:538} INFO - Filling up the DagBag from /home/airflow/.local/lib/python3.8/site-packages/airflow/example_dags/example_python_decorator.py
[2025-03-27T16:31:36.450+0000] {processor.py:840} INFO - DAG(s) 'example_python_decorator' retrieved from /home/airflow/.local/lib/python3.8/site-packages/airflow/example_dags/example_python_decorator.py
[2025-03-27T16:31:36.470+0000] {logging_mixin.py:188} INFO - [2025-03-27T16:31:36.469+0000] {dag.py:3036} INFO - Sync 1 DAGs
[2025-03-27T16:31:36.481+0000] {logging_mixin.py:188} INFO - [2025-03-27T16:31:36.480+0000] {dag.py:3823} INFO - Setting next_dagrun for example_python_decorator to None, run_after=None
[2025-03-27T16:31:36.497+0000] {processor.py:183} INFO - Processing /home/airflow/.local/lib/python3.8/site-packages/airflow/example_dags/example_python_decorator.py took 0.063 seconds
[2025-03-27T16:32:06.653+0000] {processor.py:161} INFO - Started process (PID=2727) to work on /home/airflow/.local/lib/python3.8/site-packages/airflow/example_dags/example_python_decorator.py
[2025-03-27T16:32:06.654+0000] {processor.py:830} INFO - Processing file /home/airflow/.local/lib/python3.8/site-packages/airflow/example_dags/example_python_decorator.py for tasks to queue
[2025-03-27T16:32:06.655+0000] {logging_mixin.py:188} INFO - [2025-03-27T16:32:06.655+0000] {dagbag.py:538} INFO - Filling up the DagBag from /home/airflow/.local/lib/python3.8/site-packages/airflow/example_dags/example_python_decorator.py
[2025-03-27T16:32:06.667+0000] {processor.py:840} INFO - DAG(s) 'example_python_decorator' retrieved from /home/airflow/.local/lib/python3.8/site-packages/airflow/example_dags/example_python_decorator.py
[2025-03-27T16:32:06.689+0000] {logging_mixin.py:188} INFO - [2025-03-27T16:32:06.689+0000] {dag.py:3036} INFO - Sync 1 DAGs
[2025-03-27T16:32:06.702+0000] {logging_mixin.py:188} INFO - [2025-03-27T16:32:06.702+0000] {dag.py:3823} INFO - Setting next_dagrun for example_python_decorator to None, run_after=None
[2025-03-27T16:32:06.720+0000] {processor.py:183} INFO - Processing /home/airflow/.local/lib/python3.8/site-packages/airflow/example_dags/example_python_decorator.py took 0.069 seconds
[2025-03-27T16:32:37.264+0000] {processor.py:161} INFO - Started process (PID=2974) to work on /home/airflow/.local/lib/python3.8/site-packages/airflow/example_dags/example_python_decorator.py
[2025-03-27T16:32:37.265+0000] {processor.py:830} INFO - Processing file /home/airflow/.local/lib/python3.8/site-packages/airflow/example_dags/example_python_decorator.py for tasks to queue
[2025-03-27T16:32:37.266+0000] {logging_mixin.py:188} INFO - [2025-03-27T16:32:37.266+0000] {dagbag.py:538} INFO - Filling up the DagBag from /home/airflow/.local/lib/python3.8/site-packages/airflow/example_dags/example_python_decorator.py
[2025-03-27T16:32:37.277+0000] {processor.py:840} INFO - DAG(s) 'example_python_decorator' retrieved from /home/airflow/.local/lib/python3.8/site-packages/airflow/example_dags/example_python_decorator.py
[2025-03-27T16:32:37.297+0000] {logging_mixin.py:188} INFO - [2025-03-27T16:32:37.297+0000] {dag.py:3036} INFO - Sync 1 DAGs
[2025-03-27T16:32:37.307+0000] {logging_mixin.py:188} INFO - [2025-03-27T16:32:37.307+0000] {dag.py:3823} INFO - Setting next_dagrun for example_python_decorator to None, run_after=None
[2025-03-27T16:32:37.323+0000] {processor.py:183} INFO - Processing /home/airflow/.local/lib/python3.8/site-packages/airflow/example_dags/example_python_decorator.py took 0.062 seconds
[2025-03-27T16:33:08.417+0000] {processor.py:161} INFO - Started process (PID=3221) to work on /home/airflow/.local/lib/python3.8/site-packages/airflow/example_dags/example_python_decorator.py
[2025-03-27T16:33:08.418+0000] {processor.py:830} INFO - Processing file /home/airflow/.local/lib/python3.8/site-packages/airflow/example_dags/example_python_decorator.py for tasks to queue
[2025-03-27T16:33:08.419+0000] {logging_mixin.py:188} INFO - [2025-03-27T16:33:08.419+0000] {dagbag.py:538} INFO - Filling up the DagBag from /home/airflow/.local/lib/python3.8/site-packages/airflow/example_dags/example_python_decorator.py
[2025-03-27T16:33:08.432+0000] {processor.py:840} INFO - DAG(s) 'example_python_decorator' retrieved from /home/airflow/.local/lib/python3.8/site-packages/airflow/example_dags/example_python_decorator.py
[2025-03-27T16:33:08.455+0000] {logging_mixin.py:188} INFO - [2025-03-27T16:33:08.455+0000] {dag.py:3036} INFO - Sync 1 DAGs
[2025-03-27T16:33:08.467+0000] {logging_mixin.py:188} INFO - [2025-03-27T16:33:08.467+0000] {dag.py:3823} INFO - Setting next_dagrun for example_python_decorator to None, run_after=None
[2025-03-27T16:33:08.485+0000] {processor.py:183} INFO - Processing /home/airflow/.local/lib/python3.8/site-packages/airflow/example_dags/example_python_decorator.py took 0.070 seconds
[2025-03-27T16:33:38.552+0000] {processor.py:161} INFO - Started process (PID=3468) to work on /home/airflow/.local/lib/python3.8/site-packages/airflow/example_dags/example_python_decorator.py
[2025-03-27T16:33:38.553+0000] {processor.py:830} INFO - Processing file /home/airflow/.local/lib/python3.8/site-packages/airflow/example_dags/example_python_decorator.py for tasks to queue
[2025-03-27T16:33:38.554+0000] {logging_mixin.py:188} INFO - [2025-03-27T16:33:38.554+0000] {dagbag.py:538} INFO - Filling up the DagBag from /home/airflow/.local/lib/python3.8/site-packages/airflow/example_dags/example_python_decorator.py
[2025-03-27T16:33:38.565+0000] {processor.py:840} INFO - DAG(s) 'example_python_decorator' retrieved from /home/airflow/.local/lib/python3.8/site-packages/airflow/example_dags/example_python_decorator.py
[2025-03-27T16:33:38.587+0000] {logging_mixin.py:188} INFO - [2025-03-27T16:33:38.587+0000] {dag.py:3036} INFO - Sync 1 DAGs
[2025-03-27T16:33:38.600+0000] {logging_mixin.py:188} INFO - [2025-03-27T16:33:38.600+0000] {dag.py:3823} INFO - Setting next_dagrun for example_python_decorator to None, run_after=None
[2025-03-27T16:33:38.618+0000] {processor.py:183} INFO - Processing /home/airflow/.local/lib/python3.8/site-packages/airflow/example_dags/example_python_decorator.py took 0.069 seconds
[2025-03-27T16:34:09.075+0000] {processor.py:161} INFO - Started process (PID=3717) to work on /home/airflow/.local/lib/python3.8/site-packages/airflow/example_dags/example_python_decorator.py
[2025-03-27T16:34:09.076+0000] {processor.py:830} INFO - Processing file /home/airflow/.local/lib/python3.8/site-packages/airflow/example_dags/example_python_decorator.py for tasks to queue
[2025-03-27T16:34:09.077+0000] {logging_mixin.py:188} INFO - [2025-03-27T16:34:09.077+0000] {dagbag.py:538} INFO - Filling up the DagBag from /home/airflow/.local/lib/python3.8/site-packages/airflow/example_dags/example_python_decorator.py
[2025-03-27T16:34:09.088+0000] {processor.py:840} INFO - DAG(s) 'example_python_decorator' retrieved from /home/airflow/.local/lib/python3.8/site-packages/airflow/example_dags/example_python_decorator.py
[2025-03-27T16:34:09.107+0000] {logging_mixin.py:188} INFO - [2025-03-27T16:34:09.107+0000] {dag.py:3036} INFO - Sync 1 DAGs
[2025-03-27T16:34:09.118+0000] {logging_mixin.py:188} INFO - [2025-03-27T16:34:09.118+0000] {dag.py:3823} INFO - Setting next_dagrun for example_python_decorator to None, run_after=None
[2025-03-27T16:34:09.136+0000] {processor.py:183} INFO - Processing /home/airflow/.local/lib/python3.8/site-packages/airflow/example_dags/example_python_decorator.py took 0.063 seconds
[2025-03-27T16:34:39.460+0000] {processor.py:161} INFO - Started process (PID=3962) to work on /home/airflow/.local/lib/python3.8/site-packages/airflow/example_dags/example_python_decorator.py
[2025-03-27T16:34:39.461+0000] {processor.py:830} INFO - Processing file /home/airflow/.local/lib/python3.8/site-packages/airflow/example_dags/example_python_decorator.py for tasks to queue
[2025-03-27T16:34:39.461+0000] {logging_mixin.py:188} INFO - [2025-03-27T16:34:39.461+0000] {dagbag.py:538} INFO - Filling up the DagBag from /home/airflow/.local/lib/python3.8/site-packages/airflow/example_dags/example_python_decorator.py
[2025-03-27T16:34:39.474+0000] {processor.py:840} INFO - DAG(s) 'example_python_decorator' retrieved from /home/airflow/.local/lib/python3.8/site-packages/airflow/example_dags/example_python_decorator.py
[2025-03-27T16:34:39.496+0000] {logging_mixin.py:188} INFO - [2025-03-27T16:34:39.495+0000] {dag.py:3036} INFO - Sync 1 DAGs
[2025-03-27T16:34:39.508+0000] {logging_mixin.py:188} INFO - [2025-03-27T16:34:39.507+0000] {dag.py:3823} INFO - Setting next_dagrun for example_python_decorator to None, run_after=None
[2025-03-27T16:34:39.523+0000] {processor.py:183} INFO - Processing /home/airflow/.local/lib/python3.8/site-packages/airflow/example_dags/example_python_decorator.py took 0.066 seconds
[2025-03-27T16:35:09.872+0000] {processor.py:161} INFO - Started process (PID=4209) to work on /home/airflow/.local/lib/python3.8/site-packages/airflow/example_dags/example_python_decorator.py
[2025-03-27T16:35:09.873+0000] {processor.py:830} INFO - Processing file /home/airflow/.local/lib/python3.8/site-packages/airflow/example_dags/example_python_decorator.py for tasks to queue
[2025-03-27T16:35:09.875+0000] {logging_mixin.py:188} INFO - [2025-03-27T16:35:09.874+0000] {dagbag.py:538} INFO - Filling up the DagBag from /home/airflow/.local/lib/python3.8/site-packages/airflow/example_dags/example_python_decorator.py
[2025-03-27T16:35:09.886+0000] {processor.py:840} INFO - DAG(s) 'example_python_decorator' retrieved from /home/airflow/.local/lib/python3.8/site-packages/airflow/example_dags/example_python_decorator.py
[2025-03-27T16:35:09.908+0000] {logging_mixin.py:188} INFO - [2025-03-27T16:35:09.908+0000] {dag.py:3036} INFO - Sync 1 DAGs
[2025-03-27T16:35:09.921+0000] {logging_mixin.py:188} INFO - [2025-03-27T16:35:09.920+0000] {dag.py:3823} INFO - Setting next_dagrun for example_python_decorator to None, run_after=None
[2025-03-27T16:35:09.938+0000] {processor.py:183} INFO - Processing /home/airflow/.local/lib/python3.8/site-packages/airflow/example_dags/example_python_decorator.py took 0.069 seconds
[2025-03-27T16:35:40.674+0000] {processor.py:161} INFO - Started process (PID=4458) to work on /home/airflow/.local/lib/python3.8/site-packages/airflow/example_dags/example_python_decorator.py
[2025-03-27T16:35:40.675+0000] {processor.py:830} INFO - Processing file /home/airflow/.local/lib/python3.8/site-packages/airflow/example_dags/example_python_decorator.py for tasks to queue
[2025-03-27T16:35:40.677+0000] {logging_mixin.py:188} INFO - [2025-03-27T16:35:40.676+0000] {dagbag.py:538} INFO - Filling up the DagBag from /home/airflow/.local/lib/python3.8/site-packages/airflow/example_dags/example_python_decorator.py
[2025-03-27T16:35:40.691+0000] {processor.py:840} INFO - DAG(s) 'example_python_decorator' retrieved from /home/airflow/.local/lib/python3.8/site-packages/airflow/example_dags/example_python_decorator.py
[2025-03-27T16:35:40.716+0000] {logging_mixin.py:188} INFO - [2025-03-27T16:35:40.716+0000] {dag.py:3036} INFO - Sync 1 DAGs
[2025-03-27T16:35:40.731+0000] {logging_mixin.py:188} INFO - [2025-03-27T16:35:40.730+0000] {dag.py:3823} INFO - Setting next_dagrun for example_python_decorator to None, run_after=None
[2025-03-27T16:35:40.753+0000] {processor.py:183} INFO - Processing /home/airflow/.local/lib/python3.8/site-packages/airflow/example_dags/example_python_decorator.py took 0.083 seconds
[2025-03-27T16:36:11.682+0000] {processor.py:161} INFO - Started process (PID=4705) to work on /home/airflow/.local/lib/python3.8/site-packages/airflow/example_dags/example_python_decorator.py
[2025-03-27T16:36:11.683+0000] {processor.py:830} INFO - Processing file /home/airflow/.local/lib/python3.8/site-packages/airflow/example_dags/example_python_decorator.py for tasks to queue
[2025-03-27T16:36:11.684+0000] {logging_mixin.py:188} INFO - [2025-03-27T16:36:11.683+0000] {dagbag.py:538} INFO - Filling up the DagBag from /home/airflow/.local/lib/python3.8/site-packages/airflow/example_dags/example_python_decorator.py
[2025-03-27T16:36:11.695+0000] {processor.py:840} INFO - DAG(s) 'example_python_decorator' retrieved from /home/airflow/.local/lib/python3.8/site-packages/airflow/example_dags/example_python_decorator.py
[2025-03-27T16:36:11.715+0000] {logging_mixin.py:188} INFO - [2025-03-27T16:36:11.714+0000] {dag.py:3036} INFO - Sync 1 DAGs
[2025-03-27T16:36:11.725+0000] {logging_mixin.py:188} INFO - [2025-03-27T16:36:11.725+0000] {dag.py:3823} INFO - Setting next_dagrun for example_python_decorator to None, run_after=None
[2025-03-27T16:36:11.741+0000] {processor.py:183} INFO - Processing /home/airflow/.local/lib/python3.8/site-packages/airflow/example_dags/example_python_decorator.py took 0.062 seconds
[2025-03-27T16:36:42.238+0000] {processor.py:161} INFO - Started process (PID=4952) to work on /home/airflow/.local/lib/python3.8/site-packages/airflow/example_dags/example_python_decorator.py
[2025-03-27T16:36:42.238+0000] {processor.py:830} INFO - Processing file /home/airflow/.local/lib/python3.8/site-packages/airflow/example_dags/example_python_decorator.py for tasks to queue
[2025-03-27T16:36:42.239+0000] {logging_mixin.py:188} INFO - [2025-03-27T16:36:42.239+0000] {dagbag.py:538} INFO - Filling up the DagBag from /home/airflow/.local/lib/python3.8/site-packages/airflow/example_dags/example_python_decorator.py
[2025-03-27T16:36:42.250+0000] {processor.py:840} INFO - DAG(s) 'example_python_decorator' retrieved from /home/airflow/.local/lib/python3.8/site-packages/airflow/example_dags/example_python_decorator.py
[2025-03-27T16:36:42.270+0000] {logging_mixin.py:188} INFO - [2025-03-27T16:36:42.269+0000] {dag.py:3036} INFO - Sync 1 DAGs
[2025-03-27T16:36:42.281+0000] {logging_mixin.py:188} INFO - [2025-03-27T16:36:42.281+0000] {dag.py:3823} INFO - Setting next_dagrun for example_python_decorator to None, run_after=None
[2025-03-27T16:36:42.297+0000] {processor.py:183} INFO - Processing /home/airflow/.local/lib/python3.8/site-packages/airflow/example_dags/example_python_decorator.py took 0.062 seconds
[2025-03-27T16:37:12.824+0000] {processor.py:161} INFO - Started process (PID=5204) to work on /home/airflow/.local/lib/python3.8/site-packages/airflow/example_dags/example_python_decorator.py
[2025-03-27T16:37:12.825+0000] {processor.py:830} INFO - Processing file /home/airflow/.local/lib/python3.8/site-packages/airflow/example_dags/example_python_decorator.py for tasks to queue
[2025-03-27T16:37:12.826+0000] {logging_mixin.py:188} INFO - [2025-03-27T16:37:12.826+0000] {dagbag.py:538} INFO - Filling up the DagBag from /home/airflow/.local/lib/python3.8/site-packages/airflow/example_dags/example_python_decorator.py
[2025-03-27T16:37:12.838+0000] {processor.py:840} INFO - DAG(s) 'example_python_decorator' retrieved from /home/airflow/.local/lib/python3.8/site-packages/airflow/example_dags/example_python_decorator.py
[2025-03-27T16:37:12.864+0000] {logging_mixin.py:188} INFO - [2025-03-27T16:37:12.863+0000] {dag.py:3036} INFO - Sync 1 DAGs
[2025-03-27T16:37:12.877+0000] {logging_mixin.py:188} INFO - [2025-03-27T16:37:12.877+0000] {dag.py:3823} INFO - Setting next_dagrun for example_python_decorator to None, run_after=None
[2025-03-27T16:37:12.896+0000] {processor.py:183} INFO - Processing /home/airflow/.local/lib/python3.8/site-packages/airflow/example_dags/example_python_decorator.py took 0.075 seconds
[2025-03-27T16:37:42.984+0000] {processor.py:161} INFO - Started process (PID=5454) to work on /home/airflow/.local/lib/python3.8/site-packages/airflow/example_dags/example_python_decorator.py
[2025-03-27T16:37:42.985+0000] {processor.py:830} INFO - Processing file /home/airflow/.local/lib/python3.8/site-packages/airflow/example_dags/example_python_decorator.py for tasks to queue
[2025-03-27T16:37:42.986+0000] {logging_mixin.py:188} INFO - [2025-03-27T16:37:42.985+0000] {dagbag.py:538} INFO - Filling up the DagBag from /home/airflow/.local/lib/python3.8/site-packages/airflow/example_dags/example_python_decorator.py
[2025-03-27T16:37:42.996+0000] {processor.py:840} INFO - DAG(s) 'example_python_decorator' retrieved from /home/airflow/.local/lib/python3.8/site-packages/airflow/example_dags/example_python_decorator.py
[2025-03-27T16:37:43.017+0000] {logging_mixin.py:188} INFO - [2025-03-27T16:37:43.017+0000] {dag.py:3036} INFO - Sync 1 DAGs
[2025-03-27T16:37:43.029+0000] {logging_mixin.py:188} INFO - [2025-03-27T16:37:43.029+0000] {dag.py:3823} INFO - Setting next_dagrun for example_python_decorator to None, run_after=None
[2025-03-27T16:37:43.047+0000] {processor.py:183} INFO - Processing /home/airflow/.local/lib/python3.8/site-packages/airflow/example_dags/example_python_decorator.py took 0.065 seconds
[2025-03-27T16:38:13.131+0000] {processor.py:161} INFO - Started process (PID=5706) to work on /home/airflow/.local/lib/python3.8/site-packages/airflow/example_dags/example_python_decorator.py
[2025-03-27T16:38:13.132+0000] {processor.py:830} INFO - Processing file /home/airflow/.local/lib/python3.8/site-packages/airflow/example_dags/example_python_decorator.py for tasks to queue
[2025-03-27T16:38:13.133+0000] {logging_mixin.py:188} INFO - [2025-03-27T16:38:13.132+0000] {dagbag.py:538} INFO - Filling up the DagBag from /home/airflow/.local/lib/python3.8/site-packages/airflow/example_dags/example_python_decorator.py
[2025-03-27T16:38:13.144+0000] {processor.py:840} INFO - DAG(s) 'example_python_decorator' retrieved from /home/airflow/.local/lib/python3.8/site-packages/airflow/example_dags/example_python_decorator.py
[2025-03-27T16:38:13.164+0000] {logging_mixin.py:188} INFO - [2025-03-27T16:38:13.163+0000] {dag.py:3036} INFO - Sync 1 DAGs
[2025-03-27T16:38:13.175+0000] {logging_mixin.py:188} INFO - [2025-03-27T16:38:13.175+0000] {dag.py:3823} INFO - Setting next_dagrun for example_python_decorator to None, run_after=None
[2025-03-27T16:38:13.191+0000] {processor.py:183} INFO - Processing /home/airflow/.local/lib/python3.8/site-packages/airflow/example_dags/example_python_decorator.py took 0.062 seconds
[2025-03-27T16:38:43.456+0000] {processor.py:161} INFO - Started process (PID=5953) to work on /home/airflow/.local/lib/python3.8/site-packages/airflow/example_dags/example_python_decorator.py
[2025-03-27T16:38:43.457+0000] {processor.py:830} INFO - Processing file /home/airflow/.local/lib/python3.8/site-packages/airflow/example_dags/example_python_decorator.py for tasks to queue
[2025-03-27T16:38:43.458+0000] {logging_mixin.py:188} INFO - [2025-03-27T16:38:43.458+0000] {dagbag.py:538} INFO - Filling up the DagBag from /home/airflow/.local/lib/python3.8/site-packages/airflow/example_dags/example_python_decorator.py
[2025-03-27T16:38:43.470+0000] {processor.py:840} INFO - DAG(s) 'example_python_decorator' retrieved from /home/airflow/.local/lib/python3.8/site-packages/airflow/example_dags/example_python_decorator.py
[2025-03-27T16:38:43.496+0000] {logging_mixin.py:188} INFO - [2025-03-27T16:38:43.496+0000] {dag.py:3036} INFO - Sync 1 DAGs
[2025-03-27T16:38:43.513+0000] {logging_mixin.py:188} INFO - [2025-03-27T16:38:43.512+0000] {dag.py:3823} INFO - Setting next_dagrun for example_python_decorator to None, run_after=None
[2025-03-27T16:38:43.540+0000] {processor.py:183} INFO - Processing /home/airflow/.local/lib/python3.8/site-packages/airflow/example_dags/example_python_decorator.py took 0.088 seconds
[2025-03-27T16:39:13.615+0000] {processor.py:161} INFO - Started process (PID=6225) to work on /home/airflow/.local/lib/python3.8/site-packages/airflow/example_dags/example_python_decorator.py
[2025-03-27T16:39:13.616+0000] {processor.py:830} INFO - Processing file /home/airflow/.local/lib/python3.8/site-packages/airflow/example_dags/example_python_decorator.py for tasks to queue
[2025-03-27T16:39:13.617+0000] {logging_mixin.py:188} INFO - [2025-03-27T16:39:13.617+0000] {dagbag.py:538} INFO - Filling up the DagBag from /home/airflow/.local/lib/python3.8/site-packages/airflow/example_dags/example_python_decorator.py
[2025-03-27T16:39:13.628+0000] {processor.py:840} INFO - DAG(s) 'example_python_decorator' retrieved from /home/airflow/.local/lib/python3.8/site-packages/airflow/example_dags/example_python_decorator.py
[2025-03-27T16:39:13.653+0000] {logging_mixin.py:188} INFO - [2025-03-27T16:39:13.652+0000] {dag.py:3036} INFO - Sync 1 DAGs
[2025-03-27T16:39:13.667+0000] {logging_mixin.py:188} INFO - [2025-03-27T16:39:13.667+0000] {dag.py:3823} INFO - Setting next_dagrun for example_python_decorator to None, run_after=None
[2025-03-27T16:39:13.684+0000] {processor.py:183} INFO - Processing /home/airflow/.local/lib/python3.8/site-packages/airflow/example_dags/example_python_decorator.py took 0.072 seconds
[2025-03-27T16:39:43.836+0000] {processor.py:161} INFO - Started process (PID=6477) to work on /home/airflow/.local/lib/python3.8/site-packages/airflow/example_dags/example_python_decorator.py
[2025-03-27T16:39:43.837+0000] {processor.py:830} INFO - Processing file /home/airflow/.local/lib/python3.8/site-packages/airflow/example_dags/example_python_decorator.py for tasks to queue
[2025-03-27T16:39:43.838+0000] {logging_mixin.py:188} INFO - [2025-03-27T16:39:43.838+0000] {dagbag.py:538} INFO - Filling up the DagBag from /home/airflow/.local/lib/python3.8/site-packages/airflow/example_dags/example_python_decorator.py
[2025-03-27T16:39:43.850+0000] {processor.py:840} INFO - DAG(s) 'example_python_decorator' retrieved from /home/airflow/.local/lib/python3.8/site-packages/airflow/example_dags/example_python_decorator.py
[2025-03-27T16:39:43.872+0000] {logging_mixin.py:188} INFO - [2025-03-27T16:39:43.872+0000] {dag.py:3036} INFO - Sync 1 DAGs
[2025-03-27T16:39:43.884+0000] {logging_mixin.py:188} INFO - [2025-03-27T16:39:43.884+0000] {dag.py:3823} INFO - Setting next_dagrun for example_python_decorator to None, run_after=None
[2025-03-27T16:39:43.903+0000] {processor.py:183} INFO - Processing /home/airflow/.local/lib/python3.8/site-packages/airflow/example_dags/example_python_decorator.py took 0.069 seconds
[2025-03-27T16:40:14.120+0000] {processor.py:161} INFO - Started process (PID=6734) to work on /home/airflow/.local/lib/python3.8/site-packages/airflow/example_dags/example_python_decorator.py
[2025-03-27T16:40:14.121+0000] {processor.py:830} INFO - Processing file /home/airflow/.local/lib/python3.8/site-packages/airflow/example_dags/example_python_decorator.py for tasks to queue
[2025-03-27T16:40:14.123+0000] {logging_mixin.py:188} INFO - [2025-03-27T16:40:14.122+0000] {dagbag.py:538} INFO - Filling up the DagBag from /home/airflow/.local/lib/python3.8/site-packages/airflow/example_dags/example_python_decorator.py
[2025-03-27T16:40:14.139+0000] {processor.py:840} INFO - DAG(s) 'example_python_decorator' retrieved from /home/airflow/.local/lib/python3.8/site-packages/airflow/example_dags/example_python_decorator.py
[2025-03-27T16:40:14.169+0000] {logging_mixin.py:188} INFO - [2025-03-27T16:40:14.168+0000] {dag.py:3036} INFO - Sync 1 DAGs
[2025-03-27T16:40:14.188+0000] {logging_mixin.py:188} INFO - [2025-03-27T16:40:14.187+0000] {dag.py:3823} INFO - Setting next_dagrun for example_python_decorator to None, run_after=None
[2025-03-27T16:40:14.215+0000] {processor.py:183} INFO - Processing /home/airflow/.local/lib/python3.8/site-packages/airflow/example_dags/example_python_decorator.py took 0.098 seconds
[2025-03-27T16:40:44.348+0000] {processor.py:161} INFO - Started process (PID=6986) to work on /home/airflow/.local/lib/python3.8/site-packages/airflow/example_dags/example_python_decorator.py
[2025-03-27T16:40:44.350+0000] {processor.py:830} INFO - Processing file /home/airflow/.local/lib/python3.8/site-packages/airflow/example_dags/example_python_decorator.py for tasks to queue
[2025-03-27T16:40:44.351+0000] {logging_mixin.py:188} INFO - [2025-03-27T16:40:44.350+0000] {dagbag.py:538} INFO - Filling up the DagBag from /home/airflow/.local/lib/python3.8/site-packages/airflow/example_dags/example_python_decorator.py
[2025-03-27T16:40:44.364+0000] {processor.py:840} INFO - DAG(s) 'example_python_decorator' retrieved from /home/airflow/.local/lib/python3.8/site-packages/airflow/example_dags/example_python_decorator.py
[2025-03-27T16:40:44.388+0000] {logging_mixin.py:188} INFO - [2025-03-27T16:40:44.388+0000] {dag.py:3036} INFO - Sync 1 DAGs
[2025-03-27T16:40:44.402+0000] {logging_mixin.py:188} INFO - [2025-03-27T16:40:44.402+0000] {dag.py:3823} INFO - Setting next_dagrun for example_python_decorator to None, run_after=None
[2025-03-27T16:40:44.423+0000] {processor.py:183} INFO - Processing /home/airflow/.local/lib/python3.8/site-packages/airflow/example_dags/example_python_decorator.py took 0.078 seconds
[2025-03-27T16:41:14.467+0000] {processor.py:161} INFO - Started process (PID=7243) to work on /home/airflow/.local/lib/python3.8/site-packages/airflow/example_dags/example_python_decorator.py
[2025-03-27T16:41:14.468+0000] {processor.py:830} INFO - Processing file /home/airflow/.local/lib/python3.8/site-packages/airflow/example_dags/example_python_decorator.py for tasks to queue
[2025-03-27T16:41:14.468+0000] {logging_mixin.py:188} INFO - [2025-03-27T16:41:14.468+0000] {dagbag.py:538} INFO - Filling up the DagBag from /home/airflow/.local/lib/python3.8/site-packages/airflow/example_dags/example_python_decorator.py
[2025-03-27T16:41:14.479+0000] {processor.py:840} INFO - DAG(s) 'example_python_decorator' retrieved from /home/airflow/.local/lib/python3.8/site-packages/airflow/example_dags/example_python_decorator.py
[2025-03-27T16:41:14.499+0000] {logging_mixin.py:188} INFO - [2025-03-27T16:41:14.499+0000] {dag.py:3036} INFO - Sync 1 DAGs
[2025-03-27T16:41:14.509+0000] {logging_mixin.py:188} INFO - [2025-03-27T16:41:14.509+0000] {dag.py:3823} INFO - Setting next_dagrun for example_python_decorator to None, run_after=None
[2025-03-27T16:41:14.526+0000] {processor.py:183} INFO - Processing /home/airflow/.local/lib/python3.8/site-packages/airflow/example_dags/example_python_decorator.py took 0.062 seconds
[2025-03-27T16:41:44.627+0000] {processor.py:161} INFO - Started process (PID=7500) to work on /home/airflow/.local/lib/python3.8/site-packages/airflow/example_dags/example_python_decorator.py
[2025-03-27T16:41:44.628+0000] {processor.py:830} INFO - Processing file /home/airflow/.local/lib/python3.8/site-packages/airflow/example_dags/example_python_decorator.py for tasks to queue
[2025-03-27T16:41:44.629+0000] {logging_mixin.py:188} INFO - [2025-03-27T16:41:44.629+0000] {dagbag.py:538} INFO - Filling up the DagBag from /home/airflow/.local/lib/python3.8/site-packages/airflow/example_dags/example_python_decorator.py
[2025-03-27T16:41:44.640+0000] {processor.py:840} INFO - DAG(s) 'example_python_decorator' retrieved from /home/airflow/.local/lib/python3.8/site-packages/airflow/example_dags/example_python_decorator.py
[2025-03-27T16:41:44.661+0000] {logging_mixin.py:188} INFO - [2025-03-27T16:41:44.661+0000] {dag.py:3036} INFO - Sync 1 DAGs
[2025-03-27T16:41:44.673+0000] {logging_mixin.py:188} INFO - [2025-03-27T16:41:44.673+0000] {dag.py:3823} INFO - Setting next_dagrun for example_python_decorator to None, run_after=None
[2025-03-27T16:41:44.693+0000] {processor.py:183} INFO - Processing /home/airflow/.local/lib/python3.8/site-packages/airflow/example_dags/example_python_decorator.py took 0.069 seconds
[2025-03-27T16:42:14.967+0000] {processor.py:161} INFO - Started process (PID=7752) to work on /home/airflow/.local/lib/python3.8/site-packages/airflow/example_dags/example_python_decorator.py
[2025-03-27T16:42:14.968+0000] {processor.py:830} INFO - Processing file /home/airflow/.local/lib/python3.8/site-packages/airflow/example_dags/example_python_decorator.py for tasks to queue
[2025-03-27T16:42:14.969+0000] {logging_mixin.py:188} INFO - [2025-03-27T16:42:14.969+0000] {dagbag.py:538} INFO - Filling up the DagBag from /home/airflow/.local/lib/python3.8/site-packages/airflow/example_dags/example_python_decorator.py
[2025-03-27T16:42:14.981+0000] {processor.py:840} INFO - DAG(s) 'example_python_decorator' retrieved from /home/airflow/.local/lib/python3.8/site-packages/airflow/example_dags/example_python_decorator.py
[2025-03-27T16:42:15.001+0000] {logging_mixin.py:188} INFO - [2025-03-27T16:42:15.001+0000] {dag.py:3036} INFO - Sync 1 DAGs
[2025-03-27T16:42:15.012+0000] {logging_mixin.py:188} INFO - [2025-03-27T16:42:15.012+0000] {dag.py:3823} INFO - Setting next_dagrun for example_python_decorator to None, run_after=None
[2025-03-27T16:42:15.028+0000] {processor.py:183} INFO - Processing /home/airflow/.local/lib/python3.8/site-packages/airflow/example_dags/example_python_decorator.py took 0.063 seconds
[2025-03-27T16:42:45.213+0000] {processor.py:161} INFO - Started process (PID=8004) to work on /home/airflow/.local/lib/python3.8/site-packages/airflow/example_dags/example_python_decorator.py
[2025-03-27T16:42:45.214+0000] {processor.py:830} INFO - Processing file /home/airflow/.local/lib/python3.8/site-packages/airflow/example_dags/example_python_decorator.py for tasks to queue
[2025-03-27T16:42:45.216+0000] {logging_mixin.py:188} INFO - [2025-03-27T16:42:45.215+0000] {dagbag.py:538} INFO - Filling up the DagBag from /home/airflow/.local/lib/python3.8/site-packages/airflow/example_dags/example_python_decorator.py
[2025-03-27T16:42:45.237+0000] {processor.py:840} INFO - DAG(s) 'example_python_decorator' retrieved from /home/airflow/.local/lib/python3.8/site-packages/airflow/example_dags/example_python_decorator.py
[2025-03-27T16:42:45.273+0000] {logging_mixin.py:188} INFO - [2025-03-27T16:42:45.272+0000] {dag.py:3036} INFO - Sync 1 DAGs
[2025-03-27T16:42:45.286+0000] {logging_mixin.py:188} INFO - [2025-03-27T16:42:45.285+0000] {dag.py:3823} INFO - Setting next_dagrun for example_python_decorator to None, run_after=None
[2025-03-27T16:42:45.303+0000] {processor.py:183} INFO - Processing /home/airflow/.local/lib/python3.8/site-packages/airflow/example_dags/example_python_decorator.py took 0.093 seconds
[2025-03-27T16:43:15.406+0000] {processor.py:161} INFO - Started process (PID=8266) to work on /home/airflow/.local/lib/python3.8/site-packages/airflow/example_dags/example_python_decorator.py
[2025-03-27T16:43:15.407+0000] {processor.py:830} INFO - Processing file /home/airflow/.local/lib/python3.8/site-packages/airflow/example_dags/example_python_decorator.py for tasks to queue
[2025-03-27T16:43:15.408+0000] {logging_mixin.py:188} INFO - [2025-03-27T16:43:15.408+0000] {dagbag.py:538} INFO - Filling up the DagBag from /home/airflow/.local/lib/python3.8/site-packages/airflow/example_dags/example_python_decorator.py
[2025-03-27T16:43:15.439+0000] {processor.py:840} INFO - DAG(s) 'example_python_decorator' retrieved from /home/airflow/.local/lib/python3.8/site-packages/airflow/example_dags/example_python_decorator.py
[2025-03-27T16:43:15.484+0000] {logging_mixin.py:188} INFO - [2025-03-27T16:43:15.483+0000] {dag.py:3036} INFO - Sync 1 DAGs
[2025-03-27T16:43:15.505+0000] {logging_mixin.py:188} INFO - [2025-03-27T16:43:15.505+0000] {dag.py:3823} INFO - Setting next_dagrun for example_python_decorator to None, run_after=None
[2025-03-27T16:43:15.530+0000] {processor.py:183} INFO - Processing /home/airflow/.local/lib/python3.8/site-packages/airflow/example_dags/example_python_decorator.py took 0.128 seconds
[2025-03-27T16:43:46.466+0000] {processor.py:161} INFO - Started process (PID=8582) to work on /home/airflow/.local/lib/python3.8/site-packages/airflow/example_dags/example_python_decorator.py
[2025-03-27T16:43:46.467+0000] {processor.py:830} INFO - Processing file /home/airflow/.local/lib/python3.8/site-packages/airflow/example_dags/example_python_decorator.py for tasks to queue
[2025-03-27T16:43:46.468+0000] {logging_mixin.py:188} INFO - [2025-03-27T16:43:46.468+0000] {dagbag.py:538} INFO - Filling up the DagBag from /home/airflow/.local/lib/python3.8/site-packages/airflow/example_dags/example_python_decorator.py
[2025-03-27T16:43:46.482+0000] {processor.py:840} INFO - DAG(s) 'example_python_decorator' retrieved from /home/airflow/.local/lib/python3.8/site-packages/airflow/example_dags/example_python_decorator.py
[2025-03-27T16:43:46.507+0000] {logging_mixin.py:188} INFO - [2025-03-27T16:43:46.507+0000] {dag.py:3036} INFO - Sync 1 DAGs
[2025-03-27T16:43:46.523+0000] {logging_mixin.py:188} INFO - [2025-03-27T16:43:46.523+0000] {dag.py:3823} INFO - Setting next_dagrun for example_python_decorator to None, run_after=None
[2025-03-27T16:43:46.543+0000] {processor.py:183} INFO - Processing /home/airflow/.local/lib/python3.8/site-packages/airflow/example_dags/example_python_decorator.py took 0.081 seconds
[2025-03-27T16:44:16.785+0000] {processor.py:161} INFO - Started process (PID=8844) to work on /home/airflow/.local/lib/python3.8/site-packages/airflow/example_dags/example_python_decorator.py
[2025-03-27T16:44:16.786+0000] {processor.py:830} INFO - Processing file /home/airflow/.local/lib/python3.8/site-packages/airflow/example_dags/example_python_decorator.py for tasks to queue
[2025-03-27T16:44:16.787+0000] {logging_mixin.py:188} INFO - [2025-03-27T16:44:16.786+0000] {dagbag.py:538} INFO - Filling up the DagBag from /home/airflow/.local/lib/python3.8/site-packages/airflow/example_dags/example_python_decorator.py
[2025-03-27T16:44:16.798+0000] {processor.py:840} INFO - DAG(s) 'example_python_decorator' retrieved from /home/airflow/.local/lib/python3.8/site-packages/airflow/example_dags/example_python_decorator.py
[2025-03-27T16:44:16.819+0000] {logging_mixin.py:188} INFO - [2025-03-27T16:44:16.819+0000] {dag.py:3036} INFO - Sync 1 DAGs
[2025-03-27T16:44:16.831+0000] {logging_mixin.py:188} INFO - [2025-03-27T16:44:16.831+0000] {dag.py:3823} INFO - Setting next_dagrun for example_python_decorator to None, run_after=None
[2025-03-27T16:44:16.850+0000] {processor.py:183} INFO - Processing /home/airflow/.local/lib/python3.8/site-packages/airflow/example_dags/example_python_decorator.py took 0.068 seconds
[2025-03-27T16:44:47.146+0000] {processor.py:161} INFO - Started process (PID=9101) to work on /home/airflow/.local/lib/python3.8/site-packages/airflow/example_dags/example_python_decorator.py
[2025-03-27T16:44:47.147+0000] {processor.py:830} INFO - Processing file /home/airflow/.local/lib/python3.8/site-packages/airflow/example_dags/example_python_decorator.py for tasks to queue
[2025-03-27T16:44:47.148+0000] {logging_mixin.py:188} INFO - [2025-03-27T16:44:47.147+0000] {dagbag.py:538} INFO - Filling up the DagBag from /home/airflow/.local/lib/python3.8/site-packages/airflow/example_dags/example_python_decorator.py
[2025-03-27T16:44:47.161+0000] {processor.py:840} INFO - DAG(s) 'example_python_decorator' retrieved from /home/airflow/.local/lib/python3.8/site-packages/airflow/example_dags/example_python_decorator.py
[2025-03-27T16:44:47.183+0000] {logging_mixin.py:188} INFO - [2025-03-27T16:44:47.182+0000] {dag.py:3036} INFO - Sync 1 DAGs
[2025-03-27T16:44:47.194+0000] {logging_mixin.py:188} INFO - [2025-03-27T16:44:47.194+0000] {dag.py:3823} INFO - Setting next_dagrun for example_python_decorator to None, run_after=None
[2025-03-27T16:44:47.210+0000] {processor.py:183} INFO - Processing /home/airflow/.local/lib/python3.8/site-packages/airflow/example_dags/example_python_decorator.py took 0.068 seconds
[2025-03-27T16:45:17.278+0000] {processor.py:161} INFO - Started process (PID=9350) to work on /home/airflow/.local/lib/python3.8/site-packages/airflow/example_dags/example_python_decorator.py
[2025-03-27T16:45:17.279+0000] {processor.py:830} INFO - Processing file /home/airflow/.local/lib/python3.8/site-packages/airflow/example_dags/example_python_decorator.py for tasks to queue
[2025-03-27T16:45:17.280+0000] {logging_mixin.py:188} INFO - [2025-03-27T16:45:17.280+0000] {dagbag.py:538} INFO - Filling up the DagBag from /home/airflow/.local/lib/python3.8/site-packages/airflow/example_dags/example_python_decorator.py
[2025-03-27T16:45:17.292+0000] {processor.py:840} INFO - DAG(s) 'example_python_decorator' retrieved from /home/airflow/.local/lib/python3.8/site-packages/airflow/example_dags/example_python_decorator.py
[2025-03-27T16:45:17.313+0000] {logging_mixin.py:188} INFO - [2025-03-27T16:45:17.313+0000] {dag.py:3036} INFO - Sync 1 DAGs
[2025-03-27T16:45:17.325+0000] {logging_mixin.py:188} INFO - [2025-03-27T16:45:17.325+0000] {dag.py:3823} INFO - Setting next_dagrun for example_python_decorator to None, run_after=None
[2025-03-27T16:45:17.344+0000] {processor.py:183} INFO - Processing /home/airflow/.local/lib/python3.8/site-packages/airflow/example_dags/example_python_decorator.py took 0.069 seconds
[2025-03-27T16:45:47.480+0000] {processor.py:161} INFO - Started process (PID=9896) to work on /home/airflow/.local/lib/python3.8/site-packages/airflow/example_dags/example_python_decorator.py
[2025-03-27T16:45:47.486+0000] {processor.py:830} INFO - Processing file /home/airflow/.local/lib/python3.8/site-packages/airflow/example_dags/example_python_decorator.py for tasks to queue
[2025-03-27T16:45:47.490+0000] {logging_mixin.py:188} INFO - [2025-03-27T16:45:47.489+0000] {dagbag.py:538} INFO - Filling up the DagBag from /home/airflow/.local/lib/python3.8/site-packages/airflow/example_dags/example_python_decorator.py
[2025-03-27T16:45:47.533+0000] {processor.py:840} INFO - DAG(s) 'example_python_decorator' retrieved from /home/airflow/.local/lib/python3.8/site-packages/airflow/example_dags/example_python_decorator.py
[2025-03-27T16:45:47.618+0000] {logging_mixin.py:188} INFO - [2025-03-27T16:45:47.617+0000] {dag.py:3036} INFO - Sync 1 DAGs
[2025-03-27T16:45:47.685+0000] {logging_mixin.py:188} INFO - [2025-03-27T16:45:47.685+0000] {dag.py:3823} INFO - Setting next_dagrun for example_python_decorator to None, run_after=None
[2025-03-27T16:45:47.826+0000] {processor.py:183} INFO - Processing /home/airflow/.local/lib/python3.8/site-packages/airflow/example_dags/example_python_decorator.py took 0.357 seconds
[2025-03-27T16:46:17.998+0000] {processor.py:161} INFO - Started process (PID=10529) to work on /home/airflow/.local/lib/python3.8/site-packages/airflow/example_dags/example_python_decorator.py
[2025-03-27T16:46:18.000+0000] {processor.py:830} INFO - Processing file /home/airflow/.local/lib/python3.8/site-packages/airflow/example_dags/example_python_decorator.py for tasks to queue
[2025-03-27T16:46:18.002+0000] {logging_mixin.py:188} INFO - [2025-03-27T16:46:18.001+0000] {dagbag.py:538} INFO - Filling up the DagBag from /home/airflow/.local/lib/python3.8/site-packages/airflow/example_dags/example_python_decorator.py
[2025-03-27T16:46:18.028+0000] {processor.py:840} INFO - DAG(s) 'example_python_decorator' retrieved from /home/airflow/.local/lib/python3.8/site-packages/airflow/example_dags/example_python_decorator.py
[2025-03-27T16:46:18.071+0000] {logging_mixin.py:188} INFO - [2025-03-27T16:46:18.071+0000] {dag.py:3036} INFO - Sync 1 DAGs
[2025-03-27T16:46:18.092+0000] {logging_mixin.py:188} INFO - [2025-03-27T16:46:18.091+0000] {dag.py:3823} INFO - Setting next_dagrun for example_python_decorator to None, run_after=None
[2025-03-27T16:46:18.124+0000] {processor.py:183} INFO - Processing /home/airflow/.local/lib/python3.8/site-packages/airflow/example_dags/example_python_decorator.py took 0.131 seconds
[2025-03-27T16:46:48.456+0000] {processor.py:161} INFO - Started process (PID=11231) to work on /home/airflow/.local/lib/python3.8/site-packages/airflow/example_dags/example_python_decorator.py
[2025-03-27T16:46:48.460+0000] {processor.py:830} INFO - Processing file /home/airflow/.local/lib/python3.8/site-packages/airflow/example_dags/example_python_decorator.py for tasks to queue
[2025-03-27T16:46:48.462+0000] {logging_mixin.py:188} INFO - [2025-03-27T16:46:48.462+0000] {dagbag.py:538} INFO - Filling up the DagBag from /home/airflow/.local/lib/python3.8/site-packages/airflow/example_dags/example_python_decorator.py
[2025-03-27T16:46:48.498+0000] {processor.py:840} INFO - DAG(s) 'example_python_decorator' retrieved from /home/airflow/.local/lib/python3.8/site-packages/airflow/example_dags/example_python_decorator.py
[2025-03-27T16:46:48.560+0000] {logging_mixin.py:188} INFO - [2025-03-27T16:46:48.559+0000] {dag.py:3036} INFO - Sync 1 DAGs
[2025-03-27T16:46:48.606+0000] {logging_mixin.py:188} INFO - [2025-03-27T16:46:48.605+0000] {dag.py:3823} INFO - Setting next_dagrun for example_python_decorator to None, run_after=None
[2025-03-27T16:46:48.699+0000] {processor.py:183} INFO - Processing /home/airflow/.local/lib/python3.8/site-packages/airflow/example_dags/example_python_decorator.py took 0.250 seconds
[2025-03-27T16:47:18.854+0000] {processor.py:161} INFO - Started process (PID=11918) to work on /home/airflow/.local/lib/python3.8/site-packages/airflow/example_dags/example_python_decorator.py
[2025-03-27T16:47:18.855+0000] {processor.py:830} INFO - Processing file /home/airflow/.local/lib/python3.8/site-packages/airflow/example_dags/example_python_decorator.py for tasks to queue
[2025-03-27T16:47:18.856+0000] {logging_mixin.py:188} INFO - [2025-03-27T16:47:18.855+0000] {dagbag.py:538} INFO - Filling up the DagBag from /home/airflow/.local/lib/python3.8/site-packages/airflow/example_dags/example_python_decorator.py
[2025-03-27T16:47:18.867+0000] {processor.py:840} INFO - DAG(s) 'example_python_decorator' retrieved from /home/airflow/.local/lib/python3.8/site-packages/airflow/example_dags/example_python_decorator.py
[2025-03-27T16:47:18.888+0000] {logging_mixin.py:188} INFO - [2025-03-27T16:47:18.888+0000] {dag.py:3036} INFO - Sync 1 DAGs
[2025-03-27T16:47:18.900+0000] {logging_mixin.py:188} INFO - [2025-03-27T16:47:18.900+0000] {dag.py:3823} INFO - Setting next_dagrun for example_python_decorator to None, run_after=None
[2025-03-27T16:47:18.915+0000] {processor.py:183} INFO - Processing /home/airflow/.local/lib/python3.8/site-packages/airflow/example_dags/example_python_decorator.py took 0.064 seconds
[2025-03-27T16:47:49.147+0000] {processor.py:161} INFO - Started process (PID=12577) to work on /home/airflow/.local/lib/python3.8/site-packages/airflow/example_dags/example_python_decorator.py
[2025-03-27T16:47:49.150+0000] {processor.py:830} INFO - Processing file /home/airflow/.local/lib/python3.8/site-packages/airflow/example_dags/example_python_decorator.py for tasks to queue
[2025-03-27T16:47:49.152+0000] {logging_mixin.py:188} INFO - [2025-03-27T16:47:49.151+0000] {dagbag.py:538} INFO - Filling up the DagBag from /home/airflow/.local/lib/python3.8/site-packages/airflow/example_dags/example_python_decorator.py
[2025-03-27T16:47:49.185+0000] {processor.py:840} INFO - DAG(s) 'example_python_decorator' retrieved from /home/airflow/.local/lib/python3.8/site-packages/airflow/example_dags/example_python_decorator.py
[2025-03-27T16:47:49.229+0000] {logging_mixin.py:188} INFO - [2025-03-27T16:47:49.228+0000] {dag.py:3036} INFO - Sync 1 DAGs
[2025-03-27T16:47:49.253+0000] {logging_mixin.py:188} INFO - [2025-03-27T16:47:49.253+0000] {dag.py:3823} INFO - Setting next_dagrun for example_python_decorator to None, run_after=None
[2025-03-27T16:47:49.295+0000] {processor.py:183} INFO - Processing /home/airflow/.local/lib/python3.8/site-packages/airflow/example_dags/example_python_decorator.py took 0.157 seconds
[2025-03-27T16:48:20.180+0000] {processor.py:161} INFO - Started process (PID=13290) to work on /home/airflow/.local/lib/python3.8/site-packages/airflow/example_dags/example_python_decorator.py
[2025-03-27T16:48:20.182+0000] {processor.py:830} INFO - Processing file /home/airflow/.local/lib/python3.8/site-packages/airflow/example_dags/example_python_decorator.py for tasks to queue
[2025-03-27T16:48:20.184+0000] {logging_mixin.py:188} INFO - [2025-03-27T16:48:20.183+0000] {dagbag.py:538} INFO - Filling up the DagBag from /home/airflow/.local/lib/python3.8/site-packages/airflow/example_dags/example_python_decorator.py
[2025-03-27T16:48:20.202+0000] {processor.py:840} INFO - DAG(s) 'example_python_decorator' retrieved from /home/airflow/.local/lib/python3.8/site-packages/airflow/example_dags/example_python_decorator.py
[2025-03-27T16:48:20.237+0000] {logging_mixin.py:188} INFO - [2025-03-27T16:48:20.237+0000] {dag.py:3036} INFO - Sync 1 DAGs
[2025-03-27T16:48:20.256+0000] {logging_mixin.py:188} INFO - [2025-03-27T16:48:20.256+0000] {dag.py:3823} INFO - Setting next_dagrun for example_python_decorator to None, run_after=None
[2025-03-27T16:48:20.289+0000] {processor.py:183} INFO - Processing /home/airflow/.local/lib/python3.8/site-packages/airflow/example_dags/example_python_decorator.py took 0.113 seconds
[2025-03-27T16:48:50.477+0000] {processor.py:161} INFO - Started process (PID=13966) to work on /home/airflow/.local/lib/python3.8/site-packages/airflow/example_dags/example_python_decorator.py
[2025-03-27T16:48:50.482+0000] {processor.py:830} INFO - Processing file /home/airflow/.local/lib/python3.8/site-packages/airflow/example_dags/example_python_decorator.py for tasks to queue
[2025-03-27T16:48:50.489+0000] {logging_mixin.py:188} INFO - [2025-03-27T16:48:50.488+0000] {dagbag.py:538} INFO - Filling up the DagBag from /home/airflow/.local/lib/python3.8/site-packages/airflow/example_dags/example_python_decorator.py
[2025-03-27T16:48:50.530+0000] {processor.py:840} INFO - DAG(s) 'example_python_decorator' retrieved from /home/airflow/.local/lib/python3.8/site-packages/airflow/example_dags/example_python_decorator.py
[2025-03-27T16:48:50.600+0000] {logging_mixin.py:188} INFO - [2025-03-27T16:48:50.599+0000] {dag.py:3036} INFO - Sync 1 DAGs
[2025-03-27T16:48:50.634+0000] {logging_mixin.py:188} INFO - [2025-03-27T16:48:50.633+0000] {dag.py:3823} INFO - Setting next_dagrun for example_python_decorator to None, run_after=None
[2025-03-27T16:48:50.680+0000] {processor.py:183} INFO - Processing /home/airflow/.local/lib/python3.8/site-packages/airflow/example_dags/example_python_decorator.py took 0.208 seconds
[2025-03-27T16:49:20.807+0000] {processor.py:161} INFO - Started process (PID=14639) to work on /home/airflow/.local/lib/python3.8/site-packages/airflow/example_dags/example_python_decorator.py
[2025-03-27T16:49:20.808+0000] {processor.py:830} INFO - Processing file /home/airflow/.local/lib/python3.8/site-packages/airflow/example_dags/example_python_decorator.py for tasks to queue
[2025-03-27T16:49:20.809+0000] {logging_mixin.py:188} INFO - [2025-03-27T16:49:20.809+0000] {dagbag.py:538} INFO - Filling up the DagBag from /home/airflow/.local/lib/python3.8/site-packages/airflow/example_dags/example_python_decorator.py
[2025-03-27T16:49:20.824+0000] {processor.py:840} INFO - DAG(s) 'example_python_decorator' retrieved from /home/airflow/.local/lib/python3.8/site-packages/airflow/example_dags/example_python_decorator.py
[2025-03-27T16:49:20.853+0000] {logging_mixin.py:188} INFO - [2025-03-27T16:49:20.852+0000] {dag.py:3036} INFO - Sync 1 DAGs
[2025-03-27T16:49:20.872+0000] {logging_mixin.py:188} INFO - [2025-03-27T16:49:20.872+0000] {dag.py:3823} INFO - Setting next_dagrun for example_python_decorator to None, run_after=None
[2025-03-27T16:49:20.905+0000] {processor.py:183} INFO - Processing /home/airflow/.local/lib/python3.8/site-packages/airflow/example_dags/example_python_decorator.py took 0.101 seconds
[2025-03-27T16:49:51.364+0000] {processor.py:161} INFO - Started process (PID=15334) to work on /home/airflow/.local/lib/python3.8/site-packages/airflow/example_dags/example_python_decorator.py
[2025-03-27T16:49:51.367+0000] {processor.py:830} INFO - Processing file /home/airflow/.local/lib/python3.8/site-packages/airflow/example_dags/example_python_decorator.py for tasks to queue
[2025-03-27T16:49:51.378+0000] {logging_mixin.py:188} INFO - [2025-03-27T16:49:51.377+0000] {dagbag.py:538} INFO - Filling up the DagBag from /home/airflow/.local/lib/python3.8/site-packages/airflow/example_dags/example_python_decorator.py
[2025-03-27T16:49:51.422+0000] {processor.py:840} INFO - DAG(s) 'example_python_decorator' retrieved from /home/airflow/.local/lib/python3.8/site-packages/airflow/example_dags/example_python_decorator.py
[2025-03-27T16:49:51.472+0000] {logging_mixin.py:188} INFO - [2025-03-27T16:49:51.471+0000] {dag.py:3036} INFO - Sync 1 DAGs
[2025-03-27T16:49:51.494+0000] {logging_mixin.py:188} INFO - [2025-03-27T16:49:51.493+0000] {dag.py:3823} INFO - Setting next_dagrun for example_python_decorator to None, run_after=None
[2025-03-27T16:49:51.536+0000] {processor.py:183} INFO - Processing /home/airflow/.local/lib/python3.8/site-packages/airflow/example_dags/example_python_decorator.py took 0.178 seconds
[2025-03-27T16:50:22.019+0000] {processor.py:161} INFO - Started process (PID=16040) to work on /home/airflow/.local/lib/python3.8/site-packages/airflow/example_dags/example_python_decorator.py
[2025-03-27T16:50:22.024+0000] {processor.py:830} INFO - Processing file /home/airflow/.local/lib/python3.8/site-packages/airflow/example_dags/example_python_decorator.py for tasks to queue
[2025-03-27T16:50:22.032+0000] {logging_mixin.py:188} INFO - [2025-03-27T16:50:22.031+0000] {dagbag.py:538} INFO - Filling up the DagBag from /home/airflow/.local/lib/python3.8/site-packages/airflow/example_dags/example_python_decorator.py
[2025-03-27T16:50:22.063+0000] {processor.py:840} INFO - DAG(s) 'example_python_decorator' retrieved from /home/airflow/.local/lib/python3.8/site-packages/airflow/example_dags/example_python_decorator.py
[2025-03-27T16:50:22.121+0000] {logging_mixin.py:188} INFO - [2025-03-27T16:50:22.120+0000] {dag.py:3036} INFO - Sync 1 DAGs
[2025-03-27T16:50:22.156+0000] {logging_mixin.py:188} INFO - [2025-03-27T16:50:22.156+0000] {dag.py:3823} INFO - Setting next_dagrun for example_python_decorator to None, run_after=None
[2025-03-27T16:50:22.228+0000] {processor.py:183} INFO - Processing /home/airflow/.local/lib/python3.8/site-packages/airflow/example_dags/example_python_decorator.py took 0.215 seconds
[2025-03-27T16:50:52.956+0000] {processor.py:161} INFO - Started process (PID=16727) to work on /home/airflow/.local/lib/python3.8/site-packages/airflow/example_dags/example_python_decorator.py
[2025-03-27T16:50:52.956+0000] {processor.py:830} INFO - Processing file /home/airflow/.local/lib/python3.8/site-packages/airflow/example_dags/example_python_decorator.py for tasks to queue
[2025-03-27T16:50:52.957+0000] {logging_mixin.py:188} INFO - [2025-03-27T16:50:52.957+0000] {dagbag.py:538} INFO - Filling up the DagBag from /home/airflow/.local/lib/python3.8/site-packages/airflow/example_dags/example_python_decorator.py
[2025-03-27T16:50:52.969+0000] {processor.py:840} INFO - DAG(s) 'example_python_decorator' retrieved from /home/airflow/.local/lib/python3.8/site-packages/airflow/example_dags/example_python_decorator.py
[2025-03-27T16:50:52.990+0000] {logging_mixin.py:188} INFO - [2025-03-27T16:50:52.990+0000] {dag.py:3036} INFO - Sync 1 DAGs
[2025-03-27T16:50:53.001+0000] {logging_mixin.py:188} INFO - [2025-03-27T16:50:53.001+0000] {dag.py:3823} INFO - Setting next_dagrun for example_python_decorator to None, run_after=None
[2025-03-27T16:50:53.019+0000] {processor.py:183} INFO - Processing /home/airflow/.local/lib/python3.8/site-packages/airflow/example_dags/example_python_decorator.py took 0.066 seconds
[2025-03-27T16:51:23.228+0000] {processor.py:161} INFO - Started process (PID=17379) to work on /home/airflow/.local/lib/python3.8/site-packages/airflow/example_dags/example_python_decorator.py
[2025-03-27T16:51:23.230+0000] {processor.py:830} INFO - Processing file /home/airflow/.local/lib/python3.8/site-packages/airflow/example_dags/example_python_decorator.py for tasks to queue
[2025-03-27T16:51:23.231+0000] {logging_mixin.py:188} INFO - [2025-03-27T16:51:23.231+0000] {dagbag.py:538} INFO - Filling up the DagBag from /home/airflow/.local/lib/python3.8/site-packages/airflow/example_dags/example_python_decorator.py
[2025-03-27T16:51:23.249+0000] {processor.py:840} INFO - DAG(s) 'example_python_decorator' retrieved from /home/airflow/.local/lib/python3.8/site-packages/airflow/example_dags/example_python_decorator.py
[2025-03-27T16:51:23.282+0000] {logging_mixin.py:188} INFO - [2025-03-27T16:51:23.282+0000] {dag.py:3036} INFO - Sync 1 DAGs
[2025-03-27T16:51:23.302+0000] {logging_mixin.py:188} INFO - [2025-03-27T16:51:23.301+0000] {dag.py:3823} INFO - Setting next_dagrun for example_python_decorator to None, run_after=None
[2025-03-27T16:51:23.337+0000] {processor.py:183} INFO - Processing /home/airflow/.local/lib/python3.8/site-packages/airflow/example_dags/example_python_decorator.py took 0.113 seconds
[2025-03-27T16:51:53.529+0000] {processor.py:161} INFO - Started process (PID=17788) to work on /home/airflow/.local/lib/python3.8/site-packages/airflow/example_dags/example_python_decorator.py
[2025-03-27T16:51:53.530+0000] {processor.py:830} INFO - Processing file /home/airflow/.local/lib/python3.8/site-packages/airflow/example_dags/example_python_decorator.py for tasks to queue
[2025-03-27T16:51:53.531+0000] {logging_mixin.py:188} INFO - [2025-03-27T16:51:53.531+0000] {dagbag.py:538} INFO - Filling up the DagBag from /home/airflow/.local/lib/python3.8/site-packages/airflow/example_dags/example_python_decorator.py
[2025-03-27T16:51:53.543+0000] {processor.py:840} INFO - DAG(s) 'example_python_decorator' retrieved from /home/airflow/.local/lib/python3.8/site-packages/airflow/example_dags/example_python_decorator.py
[2025-03-27T16:51:53.564+0000] {logging_mixin.py:188} INFO - [2025-03-27T16:51:53.564+0000] {dag.py:3036} INFO - Sync 1 DAGs
[2025-03-27T16:51:53.575+0000] {logging_mixin.py:188} INFO - [2025-03-27T16:51:53.575+0000] {dag.py:3823} INFO - Setting next_dagrun for example_python_decorator to None, run_after=None
[2025-03-27T16:51:53.593+0000] {processor.py:183} INFO - Processing /home/airflow/.local/lib/python3.8/site-packages/airflow/example_dags/example_python_decorator.py took 0.066 seconds
[2025-03-27T16:52:23.735+0000] {processor.py:161} INFO - Started process (PID=18040) to work on /home/airflow/.local/lib/python3.8/site-packages/airflow/example_dags/example_python_decorator.py
[2025-03-27T16:52:23.736+0000] {processor.py:830} INFO - Processing file /home/airflow/.local/lib/python3.8/site-packages/airflow/example_dags/example_python_decorator.py for tasks to queue
[2025-03-27T16:52:23.736+0000] {logging_mixin.py:188} INFO - [2025-03-27T16:52:23.736+0000] {dagbag.py:538} INFO - Filling up the DagBag from /home/airflow/.local/lib/python3.8/site-packages/airflow/example_dags/example_python_decorator.py
[2025-03-27T16:52:23.748+0000] {processor.py:840} INFO - DAG(s) 'example_python_decorator' retrieved from /home/airflow/.local/lib/python3.8/site-packages/airflow/example_dags/example_python_decorator.py
[2025-03-27T16:52:23.769+0000] {logging_mixin.py:188} INFO - [2025-03-27T16:52:23.769+0000] {dag.py:3036} INFO - Sync 1 DAGs
[2025-03-27T16:52:23.780+0000] {logging_mixin.py:188} INFO - [2025-03-27T16:52:23.780+0000] {dag.py:3823} INFO - Setting next_dagrun for example_python_decorator to None, run_after=None
[2025-03-27T16:52:23.796+0000] {processor.py:183} INFO - Processing /home/airflow/.local/lib/python3.8/site-packages/airflow/example_dags/example_python_decorator.py took 0.064 seconds
[2025-03-27T16:52:54.345+0000] {processor.py:161} INFO - Started process (PID=18286) to work on /home/airflow/.local/lib/python3.8/site-packages/airflow/example_dags/example_python_decorator.py
[2025-03-27T16:52:54.346+0000] {processor.py:830} INFO - Processing file /home/airflow/.local/lib/python3.8/site-packages/airflow/example_dags/example_python_decorator.py for tasks to queue
[2025-03-27T16:52:54.347+0000] {logging_mixin.py:188} INFO - [2025-03-27T16:52:54.347+0000] {dagbag.py:538} INFO - Filling up the DagBag from /home/airflow/.local/lib/python3.8/site-packages/airflow/example_dags/example_python_decorator.py
[2025-03-27T16:52:54.359+0000] {processor.py:840} INFO - DAG(s) 'example_python_decorator' retrieved from /home/airflow/.local/lib/python3.8/site-packages/airflow/example_dags/example_python_decorator.py
[2025-03-27T16:52:54.379+0000] {logging_mixin.py:188} INFO - [2025-03-27T16:52:54.379+0000] {dag.py:3036} INFO - Sync 1 DAGs
[2025-03-27T16:52:54.390+0000] {logging_mixin.py:188} INFO - [2025-03-27T16:52:54.390+0000] {dag.py:3823} INFO - Setting next_dagrun for example_python_decorator to None, run_after=None
[2025-03-27T16:52:54.409+0000] {processor.py:183} INFO - Processing /home/airflow/.local/lib/python3.8/site-packages/airflow/example_dags/example_python_decorator.py took 0.066 seconds
[2025-03-27T16:53:25.282+0000] {processor.py:161} INFO - Started process (PID=18538) to work on /home/airflow/.local/lib/python3.8/site-packages/airflow/example_dags/example_python_decorator.py
[2025-03-27T16:53:25.283+0000] {processor.py:830} INFO - Processing file /home/airflow/.local/lib/python3.8/site-packages/airflow/example_dags/example_python_decorator.py for tasks to queue
[2025-03-27T16:53:25.284+0000] {logging_mixin.py:188} INFO - [2025-03-27T16:53:25.284+0000] {dagbag.py:538} INFO - Filling up the DagBag from /home/airflow/.local/lib/python3.8/site-packages/airflow/example_dags/example_python_decorator.py
[2025-03-27T16:53:25.297+0000] {processor.py:840} INFO - DAG(s) 'example_python_decorator' retrieved from /home/airflow/.local/lib/python3.8/site-packages/airflow/example_dags/example_python_decorator.py
[2025-03-27T16:53:25.319+0000] {logging_mixin.py:188} INFO - [2025-03-27T16:53:25.319+0000] {dag.py:3036} INFO - Sync 1 DAGs
[2025-03-27T16:53:25.333+0000] {logging_mixin.py:188} INFO - [2025-03-27T16:53:25.332+0000] {dag.py:3823} INFO - Setting next_dagrun for example_python_decorator to None, run_after=None
[2025-03-27T16:53:25.483+0000] {processor.py:183} INFO - Processing /home/airflow/.local/lib/python3.8/site-packages/airflow/example_dags/example_python_decorator.py took 0.203 seconds
[2025-03-27T16:53:56.212+0000] {processor.py:161} INFO - Started process (PID=18790) to work on /home/airflow/.local/lib/python3.8/site-packages/airflow/example_dags/example_python_decorator.py
[2025-03-27T16:53:56.213+0000] {processor.py:830} INFO - Processing file /home/airflow/.local/lib/python3.8/site-packages/airflow/example_dags/example_python_decorator.py for tasks to queue
[2025-03-27T16:53:56.214+0000] {logging_mixin.py:188} INFO - [2025-03-27T16:53:56.213+0000] {dagbag.py:538} INFO - Filling up the DagBag from /home/airflow/.local/lib/python3.8/site-packages/airflow/example_dags/example_python_decorator.py
[2025-03-27T16:53:56.225+0000] {processor.py:840} INFO - DAG(s) 'example_python_decorator' retrieved from /home/airflow/.local/lib/python3.8/site-packages/airflow/example_dags/example_python_decorator.py
[2025-03-27T16:53:56.245+0000] {logging_mixin.py:188} INFO - [2025-03-27T16:53:56.245+0000] {dag.py:3036} INFO - Sync 1 DAGs
[2025-03-27T16:53:56.257+0000] {logging_mixin.py:188} INFO - [2025-03-27T16:53:56.257+0000] {dag.py:3823} INFO - Setting next_dagrun for example_python_decorator to None, run_after=None
[2025-03-27T16:53:56.274+0000] {processor.py:183} INFO - Processing /home/airflow/.local/lib/python3.8/site-packages/airflow/example_dags/example_python_decorator.py took 0.064 seconds
[2025-03-27T16:54:26.458+0000] {processor.py:161} INFO - Started process (PID=19042) to work on /home/airflow/.local/lib/python3.8/site-packages/airflow/example_dags/example_python_decorator.py
[2025-03-27T16:54:26.459+0000] {processor.py:830} INFO - Processing file /home/airflow/.local/lib/python3.8/site-packages/airflow/example_dags/example_python_decorator.py for tasks to queue
[2025-03-27T16:54:26.460+0000] {logging_mixin.py:188} INFO - [2025-03-27T16:54:26.460+0000] {dagbag.py:538} INFO - Filling up the DagBag from /home/airflow/.local/lib/python3.8/site-packages/airflow/example_dags/example_python_decorator.py
[2025-03-27T16:54:26.473+0000] {processor.py:840} INFO - DAG(s) 'example_python_decorator' retrieved from /home/airflow/.local/lib/python3.8/site-packages/airflow/example_dags/example_python_decorator.py
[2025-03-27T16:54:26.495+0000] {logging_mixin.py:188} INFO - [2025-03-27T16:54:26.494+0000] {dag.py:3036} INFO - Sync 1 DAGs
[2025-03-27T16:54:26.506+0000] {logging_mixin.py:188} INFO - [2025-03-27T16:54:26.505+0000] {dag.py:3823} INFO - Setting next_dagrun for example_python_decorator to None, run_after=None
[2025-03-27T16:54:26.522+0000] {processor.py:183} INFO - Processing /home/airflow/.local/lib/python3.8/site-packages/airflow/example_dags/example_python_decorator.py took 0.067 seconds
[2025-03-27T16:54:56.810+0000] {processor.py:161} INFO - Started process (PID=19294) to work on /home/airflow/.local/lib/python3.8/site-packages/airflow/example_dags/example_python_decorator.py
[2025-03-27T16:54:56.811+0000] {processor.py:830} INFO - Processing file /home/airflow/.local/lib/python3.8/site-packages/airflow/example_dags/example_python_decorator.py for tasks to queue
[2025-03-27T16:54:56.812+0000] {logging_mixin.py:188} INFO - [2025-03-27T16:54:56.812+0000] {dagbag.py:538} INFO - Filling up the DagBag from /home/airflow/.local/lib/python3.8/site-packages/airflow/example_dags/example_python_decorator.py
[2025-03-27T16:54:56.823+0000] {processor.py:840} INFO - DAG(s) 'example_python_decorator' retrieved from /home/airflow/.local/lib/python3.8/site-packages/airflow/example_dags/example_python_decorator.py
[2025-03-27T16:54:56.841+0000] {logging_mixin.py:188} INFO - [2025-03-27T16:54:56.841+0000] {dag.py:3036} INFO - Sync 1 DAGs
[2025-03-27T16:54:56.852+0000] {logging_mixin.py:188} INFO - [2025-03-27T16:54:56.851+0000] {dag.py:3823} INFO - Setting next_dagrun for example_python_decorator to None, run_after=None
[2025-03-27T16:54:56.867+0000] {processor.py:183} INFO - Processing /home/airflow/.local/lib/python3.8/site-packages/airflow/example_dags/example_python_decorator.py took 0.059 seconds
[2025-03-27T16:55:27.576+0000] {processor.py:161} INFO - Started process (PID=19546) to work on /home/airflow/.local/lib/python3.8/site-packages/airflow/example_dags/example_python_decorator.py
[2025-03-27T16:55:27.578+0000] {processor.py:830} INFO - Processing file /home/airflow/.local/lib/python3.8/site-packages/airflow/example_dags/example_python_decorator.py for tasks to queue
[2025-03-27T16:55:27.580+0000] {logging_mixin.py:188} INFO - [2025-03-27T16:55:27.579+0000] {dagbag.py:538} INFO - Filling up the DagBag from /home/airflow/.local/lib/python3.8/site-packages/airflow/example_dags/example_python_decorator.py
[2025-03-27T16:55:28.224+0000] {processor.py:840} INFO - DAG(s) 'example_python_decorator' retrieved from /home/airflow/.local/lib/python3.8/site-packages/airflow/example_dags/example_python_decorator.py
[2025-03-27T16:55:28.274+0000] {logging_mixin.py:188} INFO - [2025-03-27T16:55:28.273+0000] {dag.py:3036} INFO - Sync 1 DAGs
[2025-03-27T16:55:28.307+0000] {logging_mixin.py:188} INFO - [2025-03-27T16:55:28.306+0000] {dag.py:3823} INFO - Setting next_dagrun for example_python_decorator to None, run_after=None
[2025-03-27T16:55:28.361+0000] {processor.py:183} INFO - Processing /home/airflow/.local/lib/python3.8/site-packages/airflow/example_dags/example_python_decorator.py took 0.791 seconds
[2025-03-27T16:55:58.755+0000] {processor.py:161} INFO - Started process (PID=19798) to work on /home/airflow/.local/lib/python3.8/site-packages/airflow/example_dags/example_python_decorator.py
[2025-03-27T16:55:58.756+0000] {processor.py:830} INFO - Processing file /home/airflow/.local/lib/python3.8/site-packages/airflow/example_dags/example_python_decorator.py for tasks to queue
[2025-03-27T16:55:58.757+0000] {logging_mixin.py:188} INFO - [2025-03-27T16:55:58.757+0000] {dagbag.py:538} INFO - Filling up the DagBag from /home/airflow/.local/lib/python3.8/site-packages/airflow/example_dags/example_python_decorator.py
[2025-03-27T16:55:58.768+0000] {processor.py:840} INFO - DAG(s) 'example_python_decorator' retrieved from /home/airflow/.local/lib/python3.8/site-packages/airflow/example_dags/example_python_decorator.py
[2025-03-27T16:55:58.787+0000] {logging_mixin.py:188} INFO - [2025-03-27T16:55:58.787+0000] {dag.py:3036} INFO - Sync 1 DAGs
[2025-03-27T16:55:58.798+0000] {logging_mixin.py:188} INFO - [2025-03-27T16:55:58.798+0000] {dag.py:3823} INFO - Setting next_dagrun for example_python_decorator to None, run_after=None
[2025-03-27T16:55:58.813+0000] {processor.py:183} INFO - Processing /home/airflow/.local/lib/python3.8/site-packages/airflow/example_dags/example_python_decorator.py took 0.060 seconds
[2025-03-27T16:56:29.112+0000] {processor.py:161} INFO - Started process (PID=20050) to work on /home/airflow/.local/lib/python3.8/site-packages/airflow/example_dags/example_python_decorator.py
[2025-03-27T16:56:29.113+0000] {processor.py:830} INFO - Processing file /home/airflow/.local/lib/python3.8/site-packages/airflow/example_dags/example_python_decorator.py for tasks to queue
[2025-03-27T16:56:29.114+0000] {logging_mixin.py:188} INFO - [2025-03-27T16:56:29.114+0000] {dagbag.py:538} INFO - Filling up the DagBag from /home/airflow/.local/lib/python3.8/site-packages/airflow/example_dags/example_python_decorator.py
[2025-03-27T16:56:29.126+0000] {processor.py:840} INFO - DAG(s) 'example_python_decorator' retrieved from /home/airflow/.local/lib/python3.8/site-packages/airflow/example_dags/example_python_decorator.py
[2025-03-27T16:56:29.147+0000] {logging_mixin.py:188} INFO - [2025-03-27T16:56:29.147+0000] {dag.py:3036} INFO - Sync 1 DAGs
[2025-03-27T16:56:29.159+0000] {logging_mixin.py:188} INFO - [2025-03-27T16:56:29.158+0000] {dag.py:3823} INFO - Setting next_dagrun for example_python_decorator to None, run_after=None
[2025-03-27T16:56:29.176+0000] {processor.py:183} INFO - Processing /home/airflow/.local/lib/python3.8/site-packages/airflow/example_dags/example_python_decorator.py took 0.067 seconds
[2025-03-27T16:56:59.641+0000] {processor.py:161} INFO - Started process (PID=20302) to work on /home/airflow/.local/lib/python3.8/site-packages/airflow/example_dags/example_python_decorator.py
[2025-03-27T16:56:59.642+0000] {processor.py:830} INFO - Processing file /home/airflow/.local/lib/python3.8/site-packages/airflow/example_dags/example_python_decorator.py for tasks to queue
[2025-03-27T16:56:59.643+0000] {logging_mixin.py:188} INFO - [2025-03-27T16:56:59.643+0000] {dagbag.py:538} INFO - Filling up the DagBag from /home/airflow/.local/lib/python3.8/site-packages/airflow/example_dags/example_python_decorator.py
[2025-03-27T16:56:59.657+0000] {processor.py:840} INFO - DAG(s) 'example_python_decorator' retrieved from /home/airflow/.local/lib/python3.8/site-packages/airflow/example_dags/example_python_decorator.py
[2025-03-27T16:56:59.680+0000] {logging_mixin.py:188} INFO - [2025-03-27T16:56:59.680+0000] {dag.py:3036} INFO - Sync 1 DAGs
[2025-03-27T16:56:59.695+0000] {logging_mixin.py:188} INFO - [2025-03-27T16:56:59.694+0000] {dag.py:3823} INFO - Setting next_dagrun for example_python_decorator to None, run_after=None
[2025-03-27T16:56:59.714+0000] {processor.py:183} INFO - Processing /home/airflow/.local/lib/python3.8/site-packages/airflow/example_dags/example_python_decorator.py took 0.076 seconds
[2025-03-27T16:57:29.907+0000] {processor.py:161} INFO - Started process (PID=20554) to work on /home/airflow/.local/lib/python3.8/site-packages/airflow/example_dags/example_python_decorator.py
[2025-03-27T16:57:29.908+0000] {processor.py:830} INFO - Processing file /home/airflow/.local/lib/python3.8/site-packages/airflow/example_dags/example_python_decorator.py for tasks to queue
[2025-03-27T16:57:29.909+0000] {logging_mixin.py:188} INFO - [2025-03-27T16:57:29.908+0000] {dagbag.py:538} INFO - Filling up the DagBag from /home/airflow/.local/lib/python3.8/site-packages/airflow/example_dags/example_python_decorator.py
[2025-03-27T16:57:29.919+0000] {processor.py:840} INFO - DAG(s) 'example_python_decorator' retrieved from /home/airflow/.local/lib/python3.8/site-packages/airflow/example_dags/example_python_decorator.py
[2025-03-27T16:57:29.940+0000] {logging_mixin.py:188} INFO - [2025-03-27T16:57:29.939+0000] {dag.py:3036} INFO - Sync 1 DAGs
[2025-03-27T16:57:29.951+0000] {logging_mixin.py:188} INFO - [2025-03-27T16:57:29.950+0000] {dag.py:3823} INFO - Setting next_dagrun for example_python_decorator to None, run_after=None
[2025-03-27T16:57:29.967+0000] {processor.py:183} INFO - Processing /home/airflow/.local/lib/python3.8/site-packages/airflow/example_dags/example_python_decorator.py took 0.063 seconds
[2025-03-27T16:58:00.126+0000] {processor.py:161} INFO - Started process (PID=20806) to work on /home/airflow/.local/lib/python3.8/site-packages/airflow/example_dags/example_python_decorator.py
[2025-03-27T16:58:00.126+0000] {processor.py:830} INFO - Processing file /home/airflow/.local/lib/python3.8/site-packages/airflow/example_dags/example_python_decorator.py for tasks to queue
[2025-03-27T16:58:00.127+0000] {logging_mixin.py:188} INFO - [2025-03-27T16:58:00.127+0000] {dagbag.py:538} INFO - Filling up the DagBag from /home/airflow/.local/lib/python3.8/site-packages/airflow/example_dags/example_python_decorator.py
[2025-03-27T16:58:00.138+0000] {processor.py:840} INFO - DAG(s) 'example_python_decorator' retrieved from /home/airflow/.local/lib/python3.8/site-packages/airflow/example_dags/example_python_decorator.py
[2025-03-27T16:58:00.158+0000] {logging_mixin.py:188} INFO - [2025-03-27T16:58:00.158+0000] {dag.py:3036} INFO - Sync 1 DAGs
[2025-03-27T16:58:00.171+0000] {logging_mixin.py:188} INFO - [2025-03-27T16:58:00.171+0000] {dag.py:3823} INFO - Setting next_dagrun for example_python_decorator to None, run_after=None
[2025-03-27T16:58:00.188+0000] {processor.py:183} INFO - Processing /home/airflow/.local/lib/python3.8/site-packages/airflow/example_dags/example_python_decorator.py took 0.065 seconds
[2025-03-27T16:58:30.424+0000] {processor.py:161} INFO - Started process (PID=21058) to work on /home/airflow/.local/lib/python3.8/site-packages/airflow/example_dags/example_python_decorator.py
[2025-03-27T16:58:30.426+0000] {processor.py:830} INFO - Processing file /home/airflow/.local/lib/python3.8/site-packages/airflow/example_dags/example_python_decorator.py for tasks to queue
[2025-03-27T16:58:30.427+0000] {logging_mixin.py:188} INFO - [2025-03-27T16:58:30.427+0000] {dagbag.py:538} INFO - Filling up the DagBag from /home/airflow/.local/lib/python3.8/site-packages/airflow/example_dags/example_python_decorator.py
[2025-03-27T16:58:30.445+0000] {processor.py:840} INFO - DAG(s) 'example_python_decorator' retrieved from /home/airflow/.local/lib/python3.8/site-packages/airflow/example_dags/example_python_decorator.py
[2025-03-27T16:58:30.478+0000] {logging_mixin.py:188} INFO - [2025-03-27T16:58:30.478+0000] {dag.py:3036} INFO - Sync 1 DAGs
[2025-03-27T16:58:30.499+0000] {logging_mixin.py:188} INFO - [2025-03-27T16:58:30.498+0000] {dag.py:3823} INFO - Setting next_dagrun for example_python_decorator to None, run_after=None
[2025-03-27T16:58:30.541+0000] {processor.py:183} INFO - Processing /home/airflow/.local/lib/python3.8/site-packages/airflow/example_dags/example_python_decorator.py took 0.121 seconds
[2025-03-27T16:59:00.711+0000] {processor.py:161} INFO - Started process (PID=21310) to work on /home/airflow/.local/lib/python3.8/site-packages/airflow/example_dags/example_python_decorator.py
[2025-03-27T16:59:00.712+0000] {processor.py:830} INFO - Processing file /home/airflow/.local/lib/python3.8/site-packages/airflow/example_dags/example_python_decorator.py for tasks to queue
[2025-03-27T16:59:00.713+0000] {logging_mixin.py:188} INFO - [2025-03-27T16:59:00.713+0000] {dagbag.py:538} INFO - Filling up the DagBag from /home/airflow/.local/lib/python3.8/site-packages/airflow/example_dags/example_python_decorator.py
[2025-03-27T16:59:00.725+0000] {processor.py:840} INFO - DAG(s) 'example_python_decorator' retrieved from /home/airflow/.local/lib/python3.8/site-packages/airflow/example_dags/example_python_decorator.py
[2025-03-27T16:59:00.745+0000] {logging_mixin.py:188} INFO - [2025-03-27T16:59:00.744+0000] {dag.py:3036} INFO - Sync 1 DAGs
[2025-03-27T16:59:00.756+0000] {logging_mixin.py:188} INFO - [2025-03-27T16:59:00.756+0000] {dag.py:3823} INFO - Setting next_dagrun for example_python_decorator to None, run_after=None
[2025-03-27T16:59:00.772+0000] {processor.py:183} INFO - Processing /home/airflow/.local/lib/python3.8/site-packages/airflow/example_dags/example_python_decorator.py took 0.064 seconds
[2025-03-27T16:59:31.064+0000] {processor.py:161} INFO - Started process (PID=21562) to work on /home/airflow/.local/lib/python3.8/site-packages/airflow/example_dags/example_python_decorator.py
[2025-03-27T16:59:31.065+0000] {processor.py:830} INFO - Processing file /home/airflow/.local/lib/python3.8/site-packages/airflow/example_dags/example_python_decorator.py for tasks to queue
[2025-03-27T16:59:31.066+0000] {logging_mixin.py:188} INFO - [2025-03-27T16:59:31.065+0000] {dagbag.py:538} INFO - Filling up the DagBag from /home/airflow/.local/lib/python3.8/site-packages/airflow/example_dags/example_python_decorator.py
[2025-03-27T16:59:31.076+0000] {processor.py:840} INFO - DAG(s) 'example_python_decorator' retrieved from /home/airflow/.local/lib/python3.8/site-packages/airflow/example_dags/example_python_decorator.py
[2025-03-27T16:59:31.095+0000] {logging_mixin.py:188} INFO - [2025-03-27T16:59:31.094+0000] {dag.py:3036} INFO - Sync 1 DAGs
[2025-03-27T16:59:31.106+0000] {logging_mixin.py:188} INFO - [2025-03-27T16:59:31.106+0000] {dag.py:3823} INFO - Setting next_dagrun for example_python_decorator to None, run_after=None
[2025-03-27T16:59:31.125+0000] {processor.py:183} INFO - Processing /home/airflow/.local/lib/python3.8/site-packages/airflow/example_dags/example_python_decorator.py took 0.063 seconds
[2025-03-27T17:00:01.803+0000] {processor.py:161} INFO - Started process (PID=21814) to work on /home/airflow/.local/lib/python3.8/site-packages/airflow/example_dags/example_python_decorator.py
[2025-03-27T17:00:01.804+0000] {processor.py:830} INFO - Processing file /home/airflow/.local/lib/python3.8/site-packages/airflow/example_dags/example_python_decorator.py for tasks to queue
[2025-03-27T17:00:01.805+0000] {logging_mixin.py:188} INFO - [2025-03-27T17:00:01.805+0000] {dagbag.py:538} INFO - Filling up the DagBag from /home/airflow/.local/lib/python3.8/site-packages/airflow/example_dags/example_python_decorator.py
[2025-03-27T17:00:01.817+0000] {processor.py:840} INFO - DAG(s) 'example_python_decorator' retrieved from /home/airflow/.local/lib/python3.8/site-packages/airflow/example_dags/example_python_decorator.py
[2025-03-27T17:00:01.838+0000] {logging_mixin.py:188} INFO - [2025-03-27T17:00:01.838+0000] {dag.py:3036} INFO - Sync 1 DAGs
[2025-03-27T17:00:01.850+0000] {logging_mixin.py:188} INFO - [2025-03-27T17:00:01.850+0000] {dag.py:3823} INFO - Setting next_dagrun for example_python_decorator to None, run_after=None
[2025-03-27T17:00:01.866+0000] {processor.py:183} INFO - Processing /home/airflow/.local/lib/python3.8/site-packages/airflow/example_dags/example_python_decorator.py took 0.067 seconds
