[2025-03-27T17:19:29.075+0000] {processor.py:161} INFO - Started process (PID=349) to work on /home/airflow/.local/lib/python3.8/site-packages/airflow/example_dags/example_time_delta_sensor_async.py
[2025-03-27T17:19:29.076+0000] {processor.py:830} INFO - Processing file /home/airflow/.local/lib/python3.8/site-packages/airflow/example_dags/example_time_delta_sensor_async.py for tasks to queue
[2025-03-27T17:19:29.077+0000] {logging_mixin.py:188} INFO - [2025-03-27T17:19:29.077+0000] {dagbag.py:538} INFO - Filling up the DagBag from /home/airflow/.local/lib/python3.8/site-packages/airflow/example_dags/example_time_delta_sensor_async.py
[2025-03-27T17:19:29.082+0000] {processor.py:840} INFO - DAG(s) 'example_time_delta_sensor_async' retrieved from /home/airflow/.local/lib/python3.8/site-packages/airflow/example_dags/example_time_delta_sensor_async.py
[2025-03-27T17:19:29.094+0000] {logging_mixin.py:188} INFO - [2025-03-27T17:19:29.094+0000] {dag.py:3036} INFO - Sync 1 DAGs
[2025-03-27T17:19:29.107+0000] {logging_mixin.py:188} INFO - [2025-03-27T17:19:29.106+0000] {dag.py:3823} INFO - Setting next_dagrun for example_time_delta_sensor_async to None, run_after=None
[2025-03-27T17:19:29.125+0000] {processor.py:183} INFO - Processing /home/airflow/.local/lib/python3.8/site-packages/airflow/example_dags/example_time_delta_sensor_async.py took 0.053 seconds
[2025-03-27T17:20:01.183+0000] {processor.py:161} INFO - Started process (PID=594) to work on /home/airflow/.local/lib/python3.8/site-packages/airflow/example_dags/example_time_delta_sensor_async.py
[2025-03-27T17:20:01.184+0000] {processor.py:830} INFO - Processing file /home/airflow/.local/lib/python3.8/site-packages/airflow/example_dags/example_time_delta_sensor_async.py for tasks to queue
[2025-03-27T17:20:01.185+0000] {logging_mixin.py:188} INFO - [2025-03-27T17:20:01.185+0000] {dagbag.py:538} INFO - Filling up the DagBag from /home/airflow/.local/lib/python3.8/site-packages/airflow/example_dags/example_time_delta_sensor_async.py
[2025-03-27T17:20:01.190+0000] {processor.py:840} INFO - DAG(s) 'example_time_delta_sensor_async' retrieved from /home/airflow/.local/lib/python3.8/site-packages/airflow/example_dags/example_time_delta_sensor_async.py
[2025-03-27T17:20:01.303+0000] {logging_mixin.py:188} INFO - [2025-03-27T17:20:01.302+0000] {dag.py:3036} INFO - Sync 1 DAGs
[2025-03-27T17:20:01.318+0000] {logging_mixin.py:188} INFO - [2025-03-27T17:20:01.318+0000] {dag.py:3823} INFO - Setting next_dagrun for example_time_delta_sensor_async to None, run_after=None
[2025-03-27T17:20:01.342+0000] {processor.py:183} INFO - Processing /home/airflow/.local/lib/python3.8/site-packages/airflow/example_dags/example_time_delta_sensor_async.py took 0.163 seconds
[2025-03-27T17:22:39.981+0000] {processor.py:161} INFO - Started process (PID=335) to work on /home/airflow/.local/lib/python3.8/site-packages/airflow/example_dags/example_time_delta_sensor_async.py
[2025-03-27T17:22:39.982+0000] {processor.py:830} INFO - Processing file /home/airflow/.local/lib/python3.8/site-packages/airflow/example_dags/example_time_delta_sensor_async.py for tasks to queue
[2025-03-27T17:22:39.983+0000] {logging_mixin.py:188} INFO - [2025-03-27T17:22:39.982+0000] {dagbag.py:538} INFO - Filling up the DagBag from /home/airflow/.local/lib/python3.8/site-packages/airflow/example_dags/example_time_delta_sensor_async.py
[2025-03-27T17:22:39.986+0000] {processor.py:840} INFO - DAG(s) 'example_time_delta_sensor_async' retrieved from /home/airflow/.local/lib/python3.8/site-packages/airflow/example_dags/example_time_delta_sensor_async.py
[2025-03-27T17:22:40.000+0000] {logging_mixin.py:188} INFO - [2025-03-27T17:22:40.000+0000] {dag.py:3036} INFO - Sync 1 DAGs
[2025-03-27T17:22:40.014+0000] {logging_mixin.py:188} INFO - [2025-03-27T17:22:40.013+0000] {dag.py:3823} INFO - Setting next_dagrun for example_time_delta_sensor_async to None, run_after=None
[2025-03-27T17:22:40.033+0000] {processor.py:183} INFO - Processing /home/airflow/.local/lib/python3.8/site-packages/airflow/example_dags/example_time_delta_sensor_async.py took 0.054 seconds
[2025-03-27T17:23:12.060+0000] {processor.py:161} INFO - Started process (PID=588) to work on /home/airflow/.local/lib/python3.8/site-packages/airflow/example_dags/example_time_delta_sensor_async.py
[2025-03-27T17:23:12.061+0000] {processor.py:830} INFO - Processing file /home/airflow/.local/lib/python3.8/site-packages/airflow/example_dags/example_time_delta_sensor_async.py for tasks to queue
[2025-03-27T17:23:12.063+0000] {logging_mixin.py:188} INFO - [2025-03-27T17:23:12.062+0000] {dagbag.py:538} INFO - Filling up the DagBag from /home/airflow/.local/lib/python3.8/site-packages/airflow/example_dags/example_time_delta_sensor_async.py
[2025-03-27T17:23:12.067+0000] {processor.py:840} INFO - DAG(s) 'example_time_delta_sensor_async' retrieved from /home/airflow/.local/lib/python3.8/site-packages/airflow/example_dags/example_time_delta_sensor_async.py
[2025-03-27T17:23:12.172+0000] {logging_mixin.py:188} INFO - [2025-03-27T17:23:12.171+0000] {dag.py:3036} INFO - Sync 1 DAGs
[2025-03-27T17:23:12.182+0000] {logging_mixin.py:188} INFO - [2025-03-27T17:23:12.182+0000] {dag.py:3823} INFO - Setting next_dagrun for example_time_delta_sensor_async to None, run_after=None
[2025-03-27T17:23:12.205+0000] {processor.py:183} INFO - Processing /home/airflow/.local/lib/python3.8/site-packages/airflow/example_dags/example_time_delta_sensor_async.py took 0.148 seconds
[2025-03-27T17:23:42.282+0000] {processor.py:161} INFO - Started process (PID=837) to work on /home/airflow/.local/lib/python3.8/site-packages/airflow/example_dags/example_time_delta_sensor_async.py
[2025-03-27T17:23:42.283+0000] {processor.py:830} INFO - Processing file /home/airflow/.local/lib/python3.8/site-packages/airflow/example_dags/example_time_delta_sensor_async.py for tasks to queue
[2025-03-27T17:23:42.284+0000] {logging_mixin.py:188} INFO - [2025-03-27T17:23:42.284+0000] {dagbag.py:538} INFO - Filling up the DagBag from /home/airflow/.local/lib/python3.8/site-packages/airflow/example_dags/example_time_delta_sensor_async.py
[2025-03-27T17:23:42.288+0000] {processor.py:840} INFO - DAG(s) 'example_time_delta_sensor_async' retrieved from /home/airflow/.local/lib/python3.8/site-packages/airflow/example_dags/example_time_delta_sensor_async.py
[2025-03-27T17:23:42.308+0000] {logging_mixin.py:188} INFO - [2025-03-27T17:23:42.307+0000] {dag.py:3036} INFO - Sync 1 DAGs
[2025-03-27T17:23:42.319+0000] {logging_mixin.py:188} INFO - [2025-03-27T17:23:42.319+0000] {dag.py:3823} INFO - Setting next_dagrun for example_time_delta_sensor_async to None, run_after=None
[2025-03-27T17:23:42.335+0000] {processor.py:183} INFO - Processing /home/airflow/.local/lib/python3.8/site-packages/airflow/example_dags/example_time_delta_sensor_async.py took 0.056 seconds
[2025-03-27T17:24:12.395+0000] {processor.py:161} INFO - Started process (PID=1084) to work on /home/airflow/.local/lib/python3.8/site-packages/airflow/example_dags/example_time_delta_sensor_async.py
[2025-03-27T17:24:12.396+0000] {processor.py:830} INFO - Processing file /home/airflow/.local/lib/python3.8/site-packages/airflow/example_dags/example_time_delta_sensor_async.py for tasks to queue
[2025-03-27T17:24:12.397+0000] {logging_mixin.py:188} INFO - [2025-03-27T17:24:12.397+0000] {dagbag.py:538} INFO - Filling up the DagBag from /home/airflow/.local/lib/python3.8/site-packages/airflow/example_dags/example_time_delta_sensor_async.py
[2025-03-27T17:24:12.401+0000] {processor.py:840} INFO - DAG(s) 'example_time_delta_sensor_async' retrieved from /home/airflow/.local/lib/python3.8/site-packages/airflow/example_dags/example_time_delta_sensor_async.py
[2025-03-27T17:24:12.420+0000] {logging_mixin.py:188} INFO - [2025-03-27T17:24:12.420+0000] {dag.py:3036} INFO - Sync 1 DAGs
[2025-03-27T17:24:12.432+0000] {logging_mixin.py:188} INFO - [2025-03-27T17:24:12.431+0000] {dag.py:3823} INFO - Setting next_dagrun for example_time_delta_sensor_async to None, run_after=None
[2025-03-27T17:24:12.448+0000] {processor.py:183} INFO - Processing /home/airflow/.local/lib/python3.8/site-packages/airflow/example_dags/example_time_delta_sensor_async.py took 0.055 seconds
[2025-03-27T17:24:43.192+0000] {processor.py:161} INFO - Started process (PID=1329) to work on /home/airflow/.local/lib/python3.8/site-packages/airflow/example_dags/example_time_delta_sensor_async.py
[2025-03-27T17:24:43.193+0000] {processor.py:830} INFO - Processing file /home/airflow/.local/lib/python3.8/site-packages/airflow/example_dags/example_time_delta_sensor_async.py for tasks to queue
[2025-03-27T17:24:43.194+0000] {logging_mixin.py:188} INFO - [2025-03-27T17:24:43.194+0000] {dagbag.py:538} INFO - Filling up the DagBag from /home/airflow/.local/lib/python3.8/site-packages/airflow/example_dags/example_time_delta_sensor_async.py
[2025-03-27T17:24:43.199+0000] {processor.py:840} INFO - DAG(s) 'example_time_delta_sensor_async' retrieved from /home/airflow/.local/lib/python3.8/site-packages/airflow/example_dags/example_time_delta_sensor_async.py
[2025-03-27T17:24:43.219+0000] {logging_mixin.py:188} INFO - [2025-03-27T17:24:43.218+0000] {dag.py:3036} INFO - Sync 1 DAGs
[2025-03-27T17:24:43.230+0000] {logging_mixin.py:188} INFO - [2025-03-27T17:24:43.229+0000] {dag.py:3823} INFO - Setting next_dagrun for example_time_delta_sensor_async to None, run_after=None
[2025-03-27T17:24:43.247+0000] {processor.py:183} INFO - Processing /home/airflow/.local/lib/python3.8/site-packages/airflow/example_dags/example_time_delta_sensor_async.py took 0.057 seconds
[2025-03-27T17:25:13.835+0000] {processor.py:161} INFO - Started process (PID=1576) to work on /home/airflow/.local/lib/python3.8/site-packages/airflow/example_dags/example_time_delta_sensor_async.py
[2025-03-27T17:25:13.836+0000] {processor.py:830} INFO - Processing file /home/airflow/.local/lib/python3.8/site-packages/airflow/example_dags/example_time_delta_sensor_async.py for tasks to queue
[2025-03-27T17:25:13.836+0000] {logging_mixin.py:188} INFO - [2025-03-27T17:25:13.836+0000] {dagbag.py:538} INFO - Filling up the DagBag from /home/airflow/.local/lib/python3.8/site-packages/airflow/example_dags/example_time_delta_sensor_async.py
[2025-03-27T17:25:13.840+0000] {processor.py:840} INFO - DAG(s) 'example_time_delta_sensor_async' retrieved from /home/airflow/.local/lib/python3.8/site-packages/airflow/example_dags/example_time_delta_sensor_async.py
[2025-03-27T17:25:13.859+0000] {logging_mixin.py:188} INFO - [2025-03-27T17:25:13.858+0000] {dag.py:3036} INFO - Sync 1 DAGs
[2025-03-27T17:25:13.870+0000] {logging_mixin.py:188} INFO - [2025-03-27T17:25:13.870+0000] {dag.py:3823} INFO - Setting next_dagrun for example_time_delta_sensor_async to None, run_after=None
[2025-03-27T17:25:13.886+0000] {processor.py:183} INFO - Processing /home/airflow/.local/lib/python3.8/site-packages/airflow/example_dags/example_time_delta_sensor_async.py took 0.054 seconds
[2025-03-27T17:27:52.612+0000] {processor.py:161} INFO - Started process (PID=354) to work on /home/airflow/.local/lib/python3.8/site-packages/airflow/example_dags/example_time_delta_sensor_async.py
[2025-03-27T17:27:52.614+0000] {processor.py:830} INFO - Processing file /home/airflow/.local/lib/python3.8/site-packages/airflow/example_dags/example_time_delta_sensor_async.py for tasks to queue
[2025-03-27T17:27:52.615+0000] {logging_mixin.py:188} INFO - [2025-03-27T17:27:52.614+0000] {dagbag.py:538} INFO - Filling up the DagBag from /home/airflow/.local/lib/python3.8/site-packages/airflow/example_dags/example_time_delta_sensor_async.py
[2025-03-27T17:27:52.619+0000] {processor.py:840} INFO - DAG(s) 'example_time_delta_sensor_async' retrieved from /home/airflow/.local/lib/python3.8/site-packages/airflow/example_dags/example_time_delta_sensor_async.py
[2025-03-27T17:27:52.713+0000] {logging_mixin.py:188} INFO - [2025-03-27T17:27:52.713+0000] {override.py:1769} INFO - Created Permission View: can edit on DAG:example_time_delta_sensor_async
[2025-03-27T17:27:52.722+0000] {logging_mixin.py:188} INFO - [2025-03-27T17:27:52.721+0000] {override.py:1769} INFO - Created Permission View: can read on DAG:example_time_delta_sensor_async
[2025-03-27T17:27:52.728+0000] {logging_mixin.py:188} INFO - [2025-03-27T17:27:52.728+0000] {override.py:1769} INFO - Created Permission View: can delete on DAG:example_time_delta_sensor_async
[2025-03-27T17:27:52.728+0000] {logging_mixin.py:188} INFO - [2025-03-27T17:27:52.728+0000] {dag.py:3036} INFO - Sync 1 DAGs
[2025-03-27T17:27:52.738+0000] {logging_mixin.py:188} INFO - [2025-03-27T17:27:52.738+0000] {dag.py:3058} INFO - Creating ORM DAG for example_time_delta_sensor_async
[2025-03-27T17:27:52.739+0000] {logging_mixin.py:188} INFO - [2025-03-27T17:27:52.739+0000] {dag.py:3823} INFO - Setting next_dagrun for example_time_delta_sensor_async to None, run_after=None
[2025-03-27T17:27:52.754+0000] {processor.py:183} INFO - Processing /home/airflow/.local/lib/python3.8/site-packages/airflow/example_dags/example_time_delta_sensor_async.py took 0.144 seconds
[2025-03-27T17:28:23.028+0000] {processor.py:161} INFO - Started process (PID=604) to work on /home/airflow/.local/lib/python3.8/site-packages/airflow/example_dags/example_time_delta_sensor_async.py
[2025-03-27T17:28:23.029+0000] {processor.py:830} INFO - Processing file /home/airflow/.local/lib/python3.8/site-packages/airflow/example_dags/example_time_delta_sensor_async.py for tasks to queue
[2025-03-27T17:28:23.030+0000] {logging_mixin.py:188} INFO - [2025-03-27T17:28:23.029+0000] {dagbag.py:538} INFO - Filling up the DagBag from /home/airflow/.local/lib/python3.8/site-packages/airflow/example_dags/example_time_delta_sensor_async.py
[2025-03-27T17:28:23.034+0000] {processor.py:840} INFO - DAG(s) 'example_time_delta_sensor_async' retrieved from /home/airflow/.local/lib/python3.8/site-packages/airflow/example_dags/example_time_delta_sensor_async.py
[2025-03-27T17:28:23.054+0000] {logging_mixin.py:188} INFO - [2025-03-27T17:28:23.054+0000] {dag.py:3036} INFO - Sync 1 DAGs
[2025-03-27T17:28:23.068+0000] {logging_mixin.py:188} INFO - [2025-03-27T17:28:23.067+0000] {dag.py:3823} INFO - Setting next_dagrun for example_time_delta_sensor_async to None, run_after=None
[2025-03-27T17:28:23.087+0000] {processor.py:183} INFO - Processing /home/airflow/.local/lib/python3.8/site-packages/airflow/example_dags/example_time_delta_sensor_async.py took 0.062 seconds
[2025-03-27T17:28:55.228+0000] {processor.py:161} INFO - Started process (PID=911) to work on /home/airflow/.local/lib/python3.8/site-packages/airflow/example_dags/example_time_delta_sensor_async.py
[2025-03-27T17:28:55.230+0000] {processor.py:830} INFO - Processing file /home/airflow/.local/lib/python3.8/site-packages/airflow/example_dags/example_time_delta_sensor_async.py for tasks to queue
[2025-03-27T17:28:55.232+0000] {logging_mixin.py:188} INFO - [2025-03-27T17:28:55.231+0000] {dagbag.py:538} INFO - Filling up the DagBag from /home/airflow/.local/lib/python3.8/site-packages/airflow/example_dags/example_time_delta_sensor_async.py
[2025-03-27T17:28:55.246+0000] {processor.py:840} INFO - DAG(s) 'example_time_delta_sensor_async' retrieved from /home/airflow/.local/lib/python3.8/site-packages/airflow/example_dags/example_time_delta_sensor_async.py
[2025-03-27T17:28:55.307+0000] {logging_mixin.py:188} INFO - [2025-03-27T17:28:55.307+0000] {dag.py:3036} INFO - Sync 1 DAGs
[2025-03-27T17:28:55.369+0000] {logging_mixin.py:188} INFO - [2025-03-27T17:28:55.369+0000] {dag.py:3823} INFO - Setting next_dagrun for example_time_delta_sensor_async to None, run_after=None
[2025-03-27T17:28:55.450+0000] {processor.py:183} INFO - Processing /home/airflow/.local/lib/python3.8/site-packages/airflow/example_dags/example_time_delta_sensor_async.py took 0.231 seconds
[2025-03-27T17:29:26.476+0000] {processor.py:161} INFO - Started process (PID=1564) to work on /home/airflow/.local/lib/python3.8/site-packages/airflow/example_dags/example_time_delta_sensor_async.py
[2025-03-27T17:29:26.496+0000] {processor.py:830} INFO - Processing file /home/airflow/.local/lib/python3.8/site-packages/airflow/example_dags/example_time_delta_sensor_async.py for tasks to queue
[2025-03-27T17:29:26.510+0000] {logging_mixin.py:188} INFO - [2025-03-27T17:29:26.509+0000] {dagbag.py:538} INFO - Filling up the DagBag from /home/airflow/.local/lib/python3.8/site-packages/airflow/example_dags/example_time_delta_sensor_async.py
[2025-03-27T17:29:26.540+0000] {processor.py:840} INFO - DAG(s) 'example_time_delta_sensor_async' retrieved from /home/airflow/.local/lib/python3.8/site-packages/airflow/example_dags/example_time_delta_sensor_async.py
[2025-03-27T17:29:26.617+0000] {logging_mixin.py:188} INFO - [2025-03-27T17:29:26.616+0000] {dag.py:3036} INFO - Sync 1 DAGs
[2025-03-27T17:29:26.711+0000] {logging_mixin.py:188} INFO - [2025-03-27T17:29:26.710+0000] {dag.py:3823} INFO - Setting next_dagrun for example_time_delta_sensor_async to None, run_after=None
[2025-03-27T17:29:26.812+0000] {processor.py:183} INFO - Processing /home/airflow/.local/lib/python3.8/site-packages/airflow/example_dags/example_time_delta_sensor_async.py took 0.343 seconds
