[2025-03-27T17:19:27.654+0000] {processor.py:161} INFO - Started process (PID=262) to work on /home/airflow/.local/lib/python3.8/site-packages/airflow/example_dags/example_task_group_decorator.py
[2025-03-27T17:19:27.656+0000] {processor.py:830} INFO - Processing file /home/airflow/.local/lib/python3.8/site-packages/airflow/example_dags/example_task_group_decorator.py for tasks to queue
[2025-03-27T17:19:27.658+0000] {logging_mixin.py:188} INFO - [2025-03-27T17:19:27.658+0000] {dagbag.py:538} INFO - Filling up the DagBag from /home/airflow/.local/lib/python3.8/site-packages/airflow/example_dags/example_task_group_decorator.py
[2025-03-27T17:19:27.683+0000] {processor.py:840} INFO - DAG(s) 'example_task_group_decorator' retrieved from /home/airflow/.local/lib/python3.8/site-packages/airflow/example_dags/example_task_group_decorator.py
[2025-03-27T17:19:27.700+0000] {logging_mixin.py:188} INFO - [2025-03-27T17:19:27.699+0000] {dag.py:3036} INFO - Sync 1 DAGs
[2025-03-27T17:19:27.735+0000] {logging_mixin.py:188} INFO - [2025-03-27T17:19:27.735+0000] {dag.py:3823} INFO - Setting next_dagrun for example_task_group_decorator to 2025-03-26 00:00:00+00:00, run_after=2025-03-27 00:00:00+00:00
[2025-03-27T17:19:27.765+0000] {processor.py:183} INFO - Processing /home/airflow/.local/lib/python3.8/site-packages/airflow/example_dags/example_task_group_decorator.py took 0.116 seconds
[2025-03-27T17:19:59.496+0000] {processor.py:161} INFO - Started process (PID=509) to work on /home/airflow/.local/lib/python3.8/site-packages/airflow/example_dags/example_task_group_decorator.py
[2025-03-27T17:19:59.498+0000] {processor.py:830} INFO - Processing file /home/airflow/.local/lib/python3.8/site-packages/airflow/example_dags/example_task_group_decorator.py for tasks to queue
[2025-03-27T17:19:59.499+0000] {logging_mixin.py:188} INFO - [2025-03-27T17:19:59.498+0000] {dagbag.py:538} INFO - Filling up the DagBag from /home/airflow/.local/lib/python3.8/site-packages/airflow/example_dags/example_task_group_decorator.py
[2025-03-27T17:19:59.513+0000] {processor.py:840} INFO - DAG(s) 'example_task_group_decorator' retrieved from /home/airflow/.local/lib/python3.8/site-packages/airflow/example_dags/example_task_group_decorator.py
[2025-03-27T17:19:59.623+0000] {logging_mixin.py:188} INFO - [2025-03-27T17:19:59.623+0000] {dag.py:3036} INFO - Sync 1 DAGs
[2025-03-27T17:19:59.647+0000] {logging_mixin.py:188} INFO - [2025-03-27T17:19:59.646+0000] {dag.py:3823} INFO - Setting next_dagrun for example_task_group_decorator to 2025-03-26 00:00:00+00:00, run_after=2025-03-27 00:00:00+00:00
[2025-03-27T17:19:59.668+0000] {processor.py:183} INFO - Processing /home/airflow/.local/lib/python3.8/site-packages/airflow/example_dags/example_task_group_decorator.py took 0.174 seconds
[2025-03-27T17:22:39.034+0000] {processor.py:161} INFO - Started process (PID=252) to work on /home/airflow/.local/lib/python3.8/site-packages/airflow/example_dags/example_task_group_decorator.py
[2025-03-27T17:22:39.035+0000] {processor.py:830} INFO - Processing file /home/airflow/.local/lib/python3.8/site-packages/airflow/example_dags/example_task_group_decorator.py for tasks to queue
[2025-03-27T17:22:39.036+0000] {logging_mixin.py:188} INFO - [2025-03-27T17:22:39.036+0000] {dagbag.py:538} INFO - Filling up the DagBag from /home/airflow/.local/lib/python3.8/site-packages/airflow/example_dags/example_task_group_decorator.py
[2025-03-27T17:22:39.049+0000] {processor.py:840} INFO - DAG(s) 'example_task_group_decorator' retrieved from /home/airflow/.local/lib/python3.8/site-packages/airflow/example_dags/example_task_group_decorator.py
[2025-03-27T17:22:39.060+0000] {logging_mixin.py:188} INFO - [2025-03-27T17:22:39.060+0000] {dag.py:3036} INFO - Sync 1 DAGs
[2025-03-27T17:22:39.083+0000] {logging_mixin.py:188} INFO - [2025-03-27T17:22:39.083+0000] {dag.py:3823} INFO - Setting next_dagrun for example_task_group_decorator to 2025-03-26 00:00:00+00:00, run_after=2025-03-27 00:00:00+00:00
[2025-03-27T17:22:39.104+0000] {processor.py:183} INFO - Processing /home/airflow/.local/lib/python3.8/site-packages/airflow/example_dags/example_task_group_decorator.py took 0.073 seconds
[2025-03-27T17:23:10.454+0000] {processor.py:161} INFO - Started process (PID=503) to work on /home/airflow/.local/lib/python3.8/site-packages/airflow/example_dags/example_task_group_decorator.py
[2025-03-27T17:23:10.455+0000] {processor.py:830} INFO - Processing file /home/airflow/.local/lib/python3.8/site-packages/airflow/example_dags/example_task_group_decorator.py for tasks to queue
[2025-03-27T17:23:10.456+0000] {logging_mixin.py:188} INFO - [2025-03-27T17:23:10.456+0000] {dagbag.py:538} INFO - Filling up the DagBag from /home/airflow/.local/lib/python3.8/site-packages/airflow/example_dags/example_task_group_decorator.py
[2025-03-27T17:23:10.469+0000] {processor.py:840} INFO - DAG(s) 'example_task_group_decorator' retrieved from /home/airflow/.local/lib/python3.8/site-packages/airflow/example_dags/example_task_group_decorator.py
[2025-03-27T17:23:10.574+0000] {logging_mixin.py:188} INFO - [2025-03-27T17:23:10.574+0000] {dag.py:3036} INFO - Sync 1 DAGs
[2025-03-27T17:23:10.595+0000] {logging_mixin.py:188} INFO - [2025-03-27T17:23:10.595+0000] {dag.py:3823} INFO - Setting next_dagrun for example_task_group_decorator to 2025-03-26 00:00:00+00:00, run_after=2025-03-27 00:00:00+00:00
[2025-03-27T17:23:10.617+0000] {processor.py:183} INFO - Processing /home/airflow/.local/lib/python3.8/site-packages/airflow/example_dags/example_task_group_decorator.py took 0.166 seconds
[2025-03-27T17:23:41.051+0000] {processor.py:161} INFO - Started process (PID=750) to work on /home/airflow/.local/lib/python3.8/site-packages/airflow/example_dags/example_task_group_decorator.py
[2025-03-27T17:23:41.052+0000] {processor.py:830} INFO - Processing file /home/airflow/.local/lib/python3.8/site-packages/airflow/example_dags/example_task_group_decorator.py for tasks to queue
[2025-03-27T17:23:41.053+0000] {logging_mixin.py:188} INFO - [2025-03-27T17:23:41.053+0000] {dagbag.py:538} INFO - Filling up the DagBag from /home/airflow/.local/lib/python3.8/site-packages/airflow/example_dags/example_task_group_decorator.py
[2025-03-27T17:23:41.072+0000] {processor.py:840} INFO - DAG(s) 'example_task_group_decorator' retrieved from /home/airflow/.local/lib/python3.8/site-packages/airflow/example_dags/example_task_group_decorator.py
[2025-03-27T17:23:41.107+0000] {logging_mixin.py:188} INFO - [2025-03-27T17:23:41.107+0000] {dag.py:3036} INFO - Sync 1 DAGs
[2025-03-27T17:23:41.138+0000] {logging_mixin.py:188} INFO - [2025-03-27T17:23:41.138+0000] {dag.py:3823} INFO - Setting next_dagrun for example_task_group_decorator to 2025-03-26 00:00:00+00:00, run_after=2025-03-27 00:00:00+00:00
[2025-03-27T17:23:41.165+0000] {processor.py:183} INFO - Processing /home/airflow/.local/lib/python3.8/site-packages/airflow/example_dags/example_task_group_decorator.py took 0.118 seconds
[2025-03-27T17:24:11.311+0000] {processor.py:161} INFO - Started process (PID=997) to work on /home/airflow/.local/lib/python3.8/site-packages/airflow/example_dags/example_task_group_decorator.py
[2025-03-27T17:24:11.312+0000] {processor.py:830} INFO - Processing file /home/airflow/.local/lib/python3.8/site-packages/airflow/example_dags/example_task_group_decorator.py for tasks to queue
[2025-03-27T17:24:11.313+0000] {logging_mixin.py:188} INFO - [2025-03-27T17:24:11.313+0000] {dagbag.py:538} INFO - Filling up the DagBag from /home/airflow/.local/lib/python3.8/site-packages/airflow/example_dags/example_task_group_decorator.py
[2025-03-27T17:24:11.326+0000] {processor.py:840} INFO - DAG(s) 'example_task_group_decorator' retrieved from /home/airflow/.local/lib/python3.8/site-packages/airflow/example_dags/example_task_group_decorator.py
[2025-03-27T17:24:11.349+0000] {logging_mixin.py:188} INFO - [2025-03-27T17:24:11.349+0000] {dag.py:3036} INFO - Sync 1 DAGs
[2025-03-27T17:24:11.370+0000] {logging_mixin.py:188} INFO - [2025-03-27T17:24:11.369+0000] {dag.py:3823} INFO - Setting next_dagrun for example_task_group_decorator to 2025-03-26 00:00:00+00:00, run_after=2025-03-27 00:00:00+00:00
[2025-03-27T17:24:11.385+0000] {processor.py:183} INFO - Processing /home/airflow/.local/lib/python3.8/site-packages/airflow/example_dags/example_task_group_decorator.py took 0.077 seconds
[2025-03-27T17:24:42.322+0000] {processor.py:161} INFO - Started process (PID=1246) to work on /home/airflow/.local/lib/python3.8/site-packages/airflow/example_dags/example_task_group_decorator.py
[2025-03-27T17:24:42.323+0000] {processor.py:830} INFO - Processing file /home/airflow/.local/lib/python3.8/site-packages/airflow/example_dags/example_task_group_decorator.py for tasks to queue
[2025-03-27T17:24:42.323+0000] {logging_mixin.py:188} INFO - [2025-03-27T17:24:42.323+0000] {dagbag.py:538} INFO - Filling up the DagBag from /home/airflow/.local/lib/python3.8/site-packages/airflow/example_dags/example_task_group_decorator.py
[2025-03-27T17:24:42.337+0000] {processor.py:840} INFO - DAG(s) 'example_task_group_decorator' retrieved from /home/airflow/.local/lib/python3.8/site-packages/airflow/example_dags/example_task_group_decorator.py
[2025-03-27T17:24:42.363+0000] {logging_mixin.py:188} INFO - [2025-03-27T17:24:42.362+0000] {dag.py:3036} INFO - Sync 1 DAGs
[2025-03-27T17:24:42.382+0000] {logging_mixin.py:188} INFO - [2025-03-27T17:24:42.382+0000] {dag.py:3823} INFO - Setting next_dagrun for example_task_group_decorator to 2025-03-26 00:00:00+00:00, run_after=2025-03-27 00:00:00+00:00
[2025-03-27T17:24:42.398+0000] {processor.py:183} INFO - Processing /home/airflow/.local/lib/python3.8/site-packages/airflow/example_dags/example_task_group_decorator.py took 0.079 seconds
[2025-03-27T17:25:12.871+0000] {processor.py:161} INFO - Started process (PID=1493) to work on /home/airflow/.local/lib/python3.8/site-packages/airflow/example_dags/example_task_group_decorator.py
[2025-03-27T17:25:12.872+0000] {processor.py:830} INFO - Processing file /home/airflow/.local/lib/python3.8/site-packages/airflow/example_dags/example_task_group_decorator.py for tasks to queue
[2025-03-27T17:25:12.873+0000] {logging_mixin.py:188} INFO - [2025-03-27T17:25:12.872+0000] {dagbag.py:538} INFO - Filling up the DagBag from /home/airflow/.local/lib/python3.8/site-packages/airflow/example_dags/example_task_group_decorator.py
[2025-03-27T17:25:12.888+0000] {processor.py:840} INFO - DAG(s) 'example_task_group_decorator' retrieved from /home/airflow/.local/lib/python3.8/site-packages/airflow/example_dags/example_task_group_decorator.py
[2025-03-27T17:25:12.912+0000] {logging_mixin.py:188} INFO - [2025-03-27T17:25:12.911+0000] {dag.py:3036} INFO - Sync 1 DAGs
[2025-03-27T17:25:12.930+0000] {logging_mixin.py:188} INFO - [2025-03-27T17:25:12.930+0000] {dag.py:3823} INFO - Setting next_dagrun for example_task_group_decorator to 2025-03-26 00:00:00+00:00, run_after=2025-03-27 00:00:00+00:00
[2025-03-27T17:25:12.949+0000] {processor.py:183} INFO - Processing /home/airflow/.local/lib/python3.8/site-packages/airflow/example_dags/example_task_group_decorator.py took 0.080 seconds
[2025-03-27T17:27:50.304+0000] {processor.py:161} INFO - Started process (PID=269) to work on /home/airflow/.local/lib/python3.8/site-packages/airflow/example_dags/example_task_group_decorator.py
[2025-03-27T17:27:50.306+0000] {processor.py:830} INFO - Processing file /home/airflow/.local/lib/python3.8/site-packages/airflow/example_dags/example_task_group_decorator.py for tasks to queue
[2025-03-27T17:27:50.308+0000] {logging_mixin.py:188} INFO - [2025-03-27T17:27:50.308+0000] {dagbag.py:538} INFO - Filling up the DagBag from /home/airflow/.local/lib/python3.8/site-packages/airflow/example_dags/example_task_group_decorator.py
[2025-03-27T17:27:50.327+0000] {processor.py:840} INFO - DAG(s) 'example_task_group_decorator' retrieved from /home/airflow/.local/lib/python3.8/site-packages/airflow/example_dags/example_task_group_decorator.py
[2025-03-27T17:27:50.484+0000] {logging_mixin.py:188} INFO - [2025-03-27T17:27:50.483+0000] {override.py:1769} INFO - Created Permission View: can edit on DAG:example_task_group_decorator
[2025-03-27T17:27:50.500+0000] {logging_mixin.py:188} INFO - [2025-03-27T17:27:50.499+0000] {override.py:1769} INFO - Created Permission View: can read on DAG:example_task_group_decorator
[2025-03-27T17:27:50.510+0000] {logging_mixin.py:188} INFO - [2025-03-27T17:27:50.510+0000] {override.py:1769} INFO - Created Permission View: can delete on DAG:example_task_group_decorator
[2025-03-27T17:27:50.511+0000] {logging_mixin.py:188} INFO - [2025-03-27T17:27:50.511+0000] {dag.py:3036} INFO - Sync 1 DAGs
[2025-03-27T17:27:50.529+0000] {logging_mixin.py:188} INFO - [2025-03-27T17:27:50.529+0000] {dag.py:3058} INFO - Creating ORM DAG for example_task_group_decorator
[2025-03-27T17:27:50.543+0000] {logging_mixin.py:188} INFO - [2025-03-27T17:27:50.543+0000] {dag.py:3823} INFO - Setting next_dagrun for example_task_group_decorator to 2025-03-26 00:00:00+00:00, run_after=2025-03-27 00:00:00+00:00
[2025-03-27T17:27:50.562+0000] {processor.py:183} INFO - Processing /home/airflow/.local/lib/python3.8/site-packages/airflow/example_dags/example_task_group_decorator.py took 0.264 seconds
[2025-03-27T17:28:21.158+0000] {processor.py:161} INFO - Started process (PID=519) to work on /home/airflow/.local/lib/python3.8/site-packages/airflow/example_dags/example_task_group_decorator.py
[2025-03-27T17:28:21.159+0000] {processor.py:830} INFO - Processing file /home/airflow/.local/lib/python3.8/site-packages/airflow/example_dags/example_task_group_decorator.py for tasks to queue
[2025-03-27T17:28:21.160+0000] {logging_mixin.py:188} INFO - [2025-03-27T17:28:21.159+0000] {dagbag.py:538} INFO - Filling up the DagBag from /home/airflow/.local/lib/python3.8/site-packages/airflow/example_dags/example_task_group_decorator.py
[2025-03-27T17:28:21.172+0000] {processor.py:840} INFO - DAG(s) 'example_task_group_decorator' retrieved from /home/airflow/.local/lib/python3.8/site-packages/airflow/example_dags/example_task_group_decorator.py
[2025-03-27T17:28:21.192+0000] {logging_mixin.py:188} INFO - [2025-03-27T17:28:21.192+0000] {dag.py:3036} INFO - Sync 1 DAGs
[2025-03-27T17:28:21.211+0000] {logging_mixin.py:188} INFO - [2025-03-27T17:28:21.211+0000] {dag.py:3823} INFO - Setting next_dagrun for example_task_group_decorator to 2025-03-26 00:00:00+00:00, run_after=2025-03-27 00:00:00+00:00
[2025-03-27T17:28:21.227+0000] {processor.py:183} INFO - Processing /home/airflow/.local/lib/python3.8/site-packages/airflow/example_dags/example_task_group_decorator.py took 0.071 seconds
[2025-03-27T17:28:51.411+0000] {processor.py:161} INFO - Started process (PID=771) to work on /home/airflow/.local/lib/python3.8/site-packages/airflow/example_dags/example_task_group_decorator.py
[2025-03-27T17:28:51.412+0000] {processor.py:830} INFO - Processing file /home/airflow/.local/lib/python3.8/site-packages/airflow/example_dags/example_task_group_decorator.py for tasks to queue
[2025-03-27T17:28:51.412+0000] {logging_mixin.py:188} INFO - [2025-03-27T17:28:51.412+0000] {dagbag.py:538} INFO - Filling up the DagBag from /home/airflow/.local/lib/python3.8/site-packages/airflow/example_dags/example_task_group_decorator.py
[2025-03-27T17:28:51.426+0000] {processor.py:840} INFO - DAG(s) 'example_task_group_decorator' retrieved from /home/airflow/.local/lib/python3.8/site-packages/airflow/example_dags/example_task_group_decorator.py
[2025-03-27T17:28:51.448+0000] {logging_mixin.py:188} INFO - [2025-03-27T17:28:51.448+0000] {dag.py:3036} INFO - Sync 1 DAGs
[2025-03-27T17:28:51.469+0000] {logging_mixin.py:188} INFO - [2025-03-27T17:28:51.468+0000] {dag.py:3823} INFO - Setting next_dagrun for example_task_group_decorator to 2025-03-26 00:00:00+00:00, run_after=2025-03-27 00:00:00+00:00
[2025-03-27T17:28:51.488+0000] {processor.py:183} INFO - Processing /home/airflow/.local/lib/python3.8/site-packages/airflow/example_dags/example_task_group_decorator.py took 0.080 seconds
[2025-03-27T17:29:21.831+0000] {processor.py:161} INFO - Started process (PID=1419) to work on /home/airflow/.local/lib/python3.8/site-packages/airflow/example_dags/example_task_group_decorator.py
[2025-03-27T17:29:21.833+0000] {processor.py:830} INFO - Processing file /home/airflow/.local/lib/python3.8/site-packages/airflow/example_dags/example_task_group_decorator.py for tasks to queue
[2025-03-27T17:29:21.836+0000] {logging_mixin.py:188} INFO - [2025-03-27T17:29:21.835+0000] {dagbag.py:538} INFO - Filling up the DagBag from /home/airflow/.local/lib/python3.8/site-packages/airflow/example_dags/example_task_group_decorator.py
[2025-03-27T17:29:21.865+0000] {processor.py:840} INFO - DAG(s) 'example_task_group_decorator' retrieved from /home/airflow/.local/lib/python3.8/site-packages/airflow/example_dags/example_task_group_decorator.py
[2025-03-27T17:29:21.909+0000] {logging_mixin.py:188} INFO - [2025-03-27T17:29:21.909+0000] {dag.py:3036} INFO - Sync 1 DAGs
[2025-03-27T17:29:21.947+0000] {logging_mixin.py:188} INFO - [2025-03-27T17:29:21.947+0000] {dag.py:3823} INFO - Setting next_dagrun for example_task_group_decorator to 2025-03-26 00:00:00+00:00, run_after=2025-03-27 00:00:00+00:00
[2025-03-27T17:29:21.982+0000] {processor.py:183} INFO - Processing /home/airflow/.local/lib/python3.8/site-packages/airflow/example_dags/example_task_group_decorator.py took 0.159 seconds
