[2025-03-27T17:19:27.098+0000] {processor.py:161} INFO - Started process (PID=239) to work on /home/airflow/.local/lib/python3.8/site-packages/airflow/example_dags/example_dag_decorator.py
[2025-03-27T17:19:27.099+0000] {processor.py:830} INFO - Processing file /home/airflow/.local/lib/python3.8/site-packages/airflow/example_dags/example_dag_decorator.py for tasks to queue
[2025-03-27T17:19:27.100+0000] {logging_mixin.py:188} INFO - [2025-03-27T17:19:27.100+0000] {dagbag.py:538} INFO - Filling up the DagBag from /home/airflow/.local/lib/python3.8/site-packages/airflow/example_dags/example_dag_decorator.py
[2025-03-27T17:19:27.322+0000] {processor.py:840} INFO - DAG(s) 'example_dag_decorator' retrieved from /home/airflow/.local/lib/python3.8/site-packages/airflow/example_dags/example_dag_decorator.py
[2025-03-27T17:19:27.337+0000] {logging_mixin.py:188} INFO - [2025-03-27T17:19:27.337+0000] {dag.py:3036} INFO - Sync 1 DAGs
[2025-03-27T17:19:27.351+0000] {logging_mixin.py:188} INFO - [2025-03-27T17:19:27.350+0000] {dag.py:3823} INFO - Setting next_dagrun for example_dag_decorator to None, run_after=None
[2025-03-27T17:19:27.370+0000] {processor.py:183} INFO - Processing /home/airflow/.local/lib/python3.8/site-packages/airflow/example_dags/example_dag_decorator.py took 0.277 seconds
[2025-03-27T17:19:58.896+0000] {processor.py:161} INFO - Started process (PID=486) to work on /home/airflow/.local/lib/python3.8/site-packages/airflow/example_dags/example_dag_decorator.py
[2025-03-27T17:19:58.898+0000] {processor.py:830} INFO - Processing file /home/airflow/.local/lib/python3.8/site-packages/airflow/example_dags/example_dag_decorator.py for tasks to queue
[2025-03-27T17:19:58.900+0000] {logging_mixin.py:188} INFO - [2025-03-27T17:19:58.899+0000] {dagbag.py:538} INFO - Filling up the DagBag from /home/airflow/.local/lib/python3.8/site-packages/airflow/example_dags/example_dag_decorator.py
[2025-03-27T17:19:59.017+0000] {processor.py:840} INFO - DAG(s) 'example_dag_decorator' retrieved from /home/airflow/.local/lib/python3.8/site-packages/airflow/example_dags/example_dag_decorator.py
[2025-03-27T17:19:59.132+0000] {logging_mixin.py:188} INFO - [2025-03-27T17:19:59.131+0000] {dag.py:3036} INFO - Sync 1 DAGs
[2025-03-27T17:19:59.145+0000] {logging_mixin.py:188} INFO - [2025-03-27T17:19:59.145+0000] {dag.py:3823} INFO - Setting next_dagrun for example_dag_decorator to None, run_after=None
[2025-03-27T17:19:59.168+0000] {processor.py:183} INFO - Processing /home/airflow/.local/lib/python3.8/site-packages/airflow/example_dags/example_dag_decorator.py took 0.276 seconds
[2025-03-27T17:22:38.667+0000] {processor.py:161} INFO - Started process (PID=225) to work on /home/airflow/.local/lib/python3.8/site-packages/airflow/example_dags/example_dag_decorator.py
[2025-03-27T17:22:38.668+0000] {processor.py:830} INFO - Processing file /home/airflow/.local/lib/python3.8/site-packages/airflow/example_dags/example_dag_decorator.py for tasks to queue
[2025-03-27T17:22:38.669+0000] {logging_mixin.py:188} INFO - [2025-03-27T17:22:38.669+0000] {dagbag.py:538} INFO - Filling up the DagBag from /home/airflow/.local/lib/python3.8/site-packages/airflow/example_dags/example_dag_decorator.py
[2025-03-27T17:22:38.768+0000] {processor.py:840} INFO - DAG(s) 'example_dag_decorator' retrieved from /home/airflow/.local/lib/python3.8/site-packages/airflow/example_dags/example_dag_decorator.py
[2025-03-27T17:22:38.782+0000] {logging_mixin.py:188} INFO - [2025-03-27T17:22:38.781+0000] {dag.py:3036} INFO - Sync 1 DAGs
[2025-03-27T17:22:38.798+0000] {logging_mixin.py:188} INFO - [2025-03-27T17:22:38.798+0000] {dag.py:3823} INFO - Setting next_dagrun for example_dag_decorator to None, run_after=None
[2025-03-27T17:22:38.819+0000] {processor.py:183} INFO - Processing /home/airflow/.local/lib/python3.8/site-packages/airflow/example_dags/example_dag_decorator.py took 0.155 seconds
[2025-03-27T17:23:09.974+0000] {processor.py:161} INFO - Started process (PID=474) to work on /home/airflow/.local/lib/python3.8/site-packages/airflow/example_dags/example_dag_decorator.py
[2025-03-27T17:23:09.975+0000] {processor.py:830} INFO - Processing file /home/airflow/.local/lib/python3.8/site-packages/airflow/example_dags/example_dag_decorator.py for tasks to queue
[2025-03-27T17:23:09.976+0000] {logging_mixin.py:188} INFO - [2025-03-27T17:23:09.976+0000] {dagbag.py:538} INFO - Filling up the DagBag from /home/airflow/.local/lib/python3.8/site-packages/airflow/example_dags/example_dag_decorator.py
[2025-03-27T17:23:10.067+0000] {processor.py:840} INFO - DAG(s) 'example_dag_decorator' retrieved from /home/airflow/.local/lib/python3.8/site-packages/airflow/example_dags/example_dag_decorator.py
[2025-03-27T17:23:10.179+0000] {logging_mixin.py:188} INFO - [2025-03-27T17:23:10.178+0000] {dag.py:3036} INFO - Sync 1 DAGs
[2025-03-27T17:23:10.190+0000] {logging_mixin.py:188} INFO - [2025-03-27T17:23:10.190+0000] {dag.py:3823} INFO - Setting next_dagrun for example_dag_decorator to None, run_after=None
[2025-03-27T17:23:10.212+0000] {processor.py:183} INFO - Processing /home/airflow/.local/lib/python3.8/site-packages/airflow/example_dags/example_dag_decorator.py took 0.241 seconds
[2025-03-27T17:23:40.485+0000] {processor.py:161} INFO - Started process (PID=727) to work on /home/airflow/.local/lib/python3.8/site-packages/airflow/example_dags/example_dag_decorator.py
[2025-03-27T17:23:40.486+0000] {processor.py:830} INFO - Processing file /home/airflow/.local/lib/python3.8/site-packages/airflow/example_dags/example_dag_decorator.py for tasks to queue
[2025-03-27T17:23:40.487+0000] {logging_mixin.py:188} INFO - [2025-03-27T17:23:40.487+0000] {dagbag.py:538} INFO - Filling up the DagBag from /home/airflow/.local/lib/python3.8/site-packages/airflow/example_dags/example_dag_decorator.py
[2025-03-27T17:23:40.590+0000] {processor.py:840} INFO - DAG(s) 'example_dag_decorator' retrieved from /home/airflow/.local/lib/python3.8/site-packages/airflow/example_dags/example_dag_decorator.py
[2025-03-27T17:23:40.696+0000] {logging_mixin.py:188} INFO - [2025-03-27T17:23:40.695+0000] {dag.py:3036} INFO - Sync 1 DAGs
[2025-03-27T17:23:40.707+0000] {logging_mixin.py:188} INFO - [2025-03-27T17:23:40.706+0000] {dag.py:3823} INFO - Setting next_dagrun for example_dag_decorator to None, run_after=None
[2025-03-27T17:23:40.729+0000] {processor.py:183} INFO - Processing /home/airflow/.local/lib/python3.8/site-packages/airflow/example_dags/example_dag_decorator.py took 0.247 seconds
[2025-03-27T17:24:10.829+0000] {processor.py:161} INFO - Started process (PID=974) to work on /home/airflow/.local/lib/python3.8/site-packages/airflow/example_dags/example_dag_decorator.py
[2025-03-27T17:24:10.830+0000] {processor.py:830} INFO - Processing file /home/airflow/.local/lib/python3.8/site-packages/airflow/example_dags/example_dag_decorator.py for tasks to queue
[2025-03-27T17:24:10.831+0000] {logging_mixin.py:188} INFO - [2025-03-27T17:24:10.831+0000] {dagbag.py:538} INFO - Filling up the DagBag from /home/airflow/.local/lib/python3.8/site-packages/airflow/example_dags/example_dag_decorator.py
[2025-03-27T17:24:10.933+0000] {processor.py:840} INFO - DAG(s) 'example_dag_decorator' retrieved from /home/airflow/.local/lib/python3.8/site-packages/airflow/example_dags/example_dag_decorator.py
[2025-03-27T17:24:11.040+0000] {logging_mixin.py:188} INFO - [2025-03-27T17:24:11.039+0000] {dag.py:3036} INFO - Sync 1 DAGs
[2025-03-27T17:24:11.051+0000] {logging_mixin.py:188} INFO - [2025-03-27T17:24:11.051+0000] {dag.py:3823} INFO - Setting next_dagrun for example_dag_decorator to None, run_after=None
[2025-03-27T17:24:11.072+0000] {processor.py:183} INFO - Processing /home/airflow/.local/lib/python3.8/site-packages/airflow/example_dags/example_dag_decorator.py took 0.246 seconds
[2025-03-27T17:24:41.981+0000] {processor.py:161} INFO - Started process (PID=1221) to work on /home/airflow/.local/lib/python3.8/site-packages/airflow/example_dags/example_dag_decorator.py
[2025-03-27T17:24:41.983+0000] {processor.py:830} INFO - Processing file /home/airflow/.local/lib/python3.8/site-packages/airflow/example_dags/example_dag_decorator.py for tasks to queue
[2025-03-27T17:24:41.984+0000] {logging_mixin.py:188} INFO - [2025-03-27T17:24:41.983+0000] {dagbag.py:538} INFO - Filling up the DagBag from /home/airflow/.local/lib/python3.8/site-packages/airflow/example_dags/example_dag_decorator.py
[2025-03-27T17:24:42.070+0000] {processor.py:840} INFO - DAG(s) 'example_dag_decorator' retrieved from /home/airflow/.local/lib/python3.8/site-packages/airflow/example_dags/example_dag_decorator.py
[2025-03-27T17:24:42.172+0000] {logging_mixin.py:188} INFO - [2025-03-27T17:24:42.172+0000] {dag.py:3036} INFO - Sync 1 DAGs
[2025-03-27T17:24:42.183+0000] {logging_mixin.py:188} INFO - [2025-03-27T17:24:42.183+0000] {dag.py:3823} INFO - Setting next_dagrun for example_dag_decorator to None, run_after=None
[2025-03-27T17:24:42.200+0000] {processor.py:183} INFO - Processing /home/airflow/.local/lib/python3.8/site-packages/airflow/example_dags/example_dag_decorator.py took 0.222 seconds
[2025-03-27T17:25:12.521+0000] {processor.py:161} INFO - Started process (PID=1468) to work on /home/airflow/.local/lib/python3.8/site-packages/airflow/example_dags/example_dag_decorator.py
[2025-03-27T17:25:12.521+0000] {processor.py:830} INFO - Processing file /home/airflow/.local/lib/python3.8/site-packages/airflow/example_dags/example_dag_decorator.py for tasks to queue
[2025-03-27T17:25:12.523+0000] {logging_mixin.py:188} INFO - [2025-03-27T17:25:12.522+0000] {dagbag.py:538} INFO - Filling up the DagBag from /home/airflow/.local/lib/python3.8/site-packages/airflow/example_dags/example_dag_decorator.py
[2025-03-27T17:25:12.605+0000] {processor.py:840} INFO - DAG(s) 'example_dag_decorator' retrieved from /home/airflow/.local/lib/python3.8/site-packages/airflow/example_dags/example_dag_decorator.py
[2025-03-27T17:25:12.719+0000] {logging_mixin.py:188} INFO - [2025-03-27T17:25:12.719+0000] {dag.py:3036} INFO - Sync 1 DAGs
[2025-03-27T17:25:12.730+0000] {logging_mixin.py:188} INFO - [2025-03-27T17:25:12.730+0000] {dag.py:3823} INFO - Setting next_dagrun for example_dag_decorator to None, run_after=None
[2025-03-27T17:25:12.752+0000] {processor.py:183} INFO - Processing /home/airflow/.local/lib/python3.8/site-packages/airflow/example_dags/example_dag_decorator.py took 0.234 seconds
[2025-03-27T17:27:49.383+0000] {processor.py:161} INFO - Started process (PID=236) to work on /home/airflow/.local/lib/python3.8/site-packages/airflow/example_dags/example_dag_decorator.py
[2025-03-27T17:27:49.384+0000] {processor.py:830} INFO - Processing file /home/airflow/.local/lib/python3.8/site-packages/airflow/example_dags/example_dag_decorator.py for tasks to queue
[2025-03-27T17:27:49.385+0000] {logging_mixin.py:188} INFO - [2025-03-27T17:27:49.385+0000] {dagbag.py:538} INFO - Filling up the DagBag from /home/airflow/.local/lib/python3.8/site-packages/airflow/example_dags/example_dag_decorator.py
[2025-03-27T17:27:49.579+0000] {processor.py:840} INFO - DAG(s) 'example_dag_decorator' retrieved from /home/airflow/.local/lib/python3.8/site-packages/airflow/example_dags/example_dag_decorator.py
[2025-03-27T17:27:49.691+0000] {logging_mixin.py:188} INFO - [2025-03-27T17:27:49.690+0000] {override.py:1769} INFO - Created Permission View: can edit on DAG:example_dag_decorator
[2025-03-27T17:27:49.701+0000] {logging_mixin.py:188} INFO - [2025-03-27T17:27:49.700+0000] {override.py:1769} INFO - Created Permission View: can read on DAG:example_dag_decorator
[2025-03-27T17:27:49.707+0000] {logging_mixin.py:188} INFO - [2025-03-27T17:27:49.707+0000] {override.py:1769} INFO - Created Permission View: can delete on DAG:example_dag_decorator
[2025-03-27T17:27:49.708+0000] {logging_mixin.py:188} INFO - [2025-03-27T17:27:49.708+0000] {dag.py:3036} INFO - Sync 1 DAGs
[2025-03-27T17:27:49.719+0000] {logging_mixin.py:188} INFO - [2025-03-27T17:27:49.719+0000] {dag.py:3058} INFO - Creating ORM DAG for example_dag_decorator
[2025-03-27T17:27:49.720+0000] {logging_mixin.py:188} INFO - [2025-03-27T17:27:49.720+0000] {dag.py:3823} INFO - Setting next_dagrun for example_dag_decorator to None, run_after=None
[2025-03-27T17:27:49.737+0000] {processor.py:183} INFO - Processing /home/airflow/.local/lib/python3.8/site-packages/airflow/example_dags/example_dag_decorator.py took 0.357 seconds
[2025-03-27T17:28:19.808+0000] {processor.py:161} INFO - Started process (PID=490) to work on /home/airflow/.local/lib/python3.8/site-packages/airflow/example_dags/example_dag_decorator.py
[2025-03-27T17:28:19.809+0000] {processor.py:830} INFO - Processing file /home/airflow/.local/lib/python3.8/site-packages/airflow/example_dags/example_dag_decorator.py for tasks to queue
[2025-03-27T17:28:19.810+0000] {logging_mixin.py:188} INFO - [2025-03-27T17:28:19.810+0000] {dagbag.py:538} INFO - Filling up the DagBag from /home/airflow/.local/lib/python3.8/site-packages/airflow/example_dags/example_dag_decorator.py
[2025-03-27T17:28:19.892+0000] {processor.py:840} INFO - DAG(s) 'example_dag_decorator' retrieved from /home/airflow/.local/lib/python3.8/site-packages/airflow/example_dags/example_dag_decorator.py
[2025-03-27T17:28:19.984+0000] {logging_mixin.py:188} INFO - [2025-03-27T17:28:19.984+0000] {dag.py:3036} INFO - Sync 1 DAGs
[2025-03-27T17:28:19.995+0000] {logging_mixin.py:188} INFO - [2025-03-27T17:28:19.995+0000] {dag.py:3823} INFO - Setting next_dagrun for example_dag_decorator to None, run_after=None
[2025-03-27T17:28:20.013+0000] {processor.py:183} INFO - Processing /home/airflow/.local/lib/python3.8/site-packages/airflow/example_dags/example_dag_decorator.py took 0.207 seconds
[2025-03-27T17:28:50.057+0000] {processor.py:161} INFO - Started process (PID=747) to work on /home/airflow/.local/lib/python3.8/site-packages/airflow/example_dags/example_dag_decorator.py
[2025-03-27T17:28:50.058+0000] {processor.py:830} INFO - Processing file /home/airflow/.local/lib/python3.8/site-packages/airflow/example_dags/example_dag_decorator.py for tasks to queue
[2025-03-27T17:28:50.058+0000] {logging_mixin.py:188} INFO - [2025-03-27T17:28:50.058+0000] {dagbag.py:538} INFO - Filling up the DagBag from /home/airflow/.local/lib/python3.8/site-packages/airflow/example_dags/example_dag_decorator.py
[2025-03-27T17:28:50.142+0000] {processor.py:840} INFO - DAG(s) 'example_dag_decorator' retrieved from /home/airflow/.local/lib/python3.8/site-packages/airflow/example_dags/example_dag_decorator.py
[2025-03-27T17:28:50.235+0000] {logging_mixin.py:188} INFO - [2025-03-27T17:28:50.234+0000] {dag.py:3036} INFO - Sync 1 DAGs
[2025-03-27T17:28:50.244+0000] {logging_mixin.py:188} INFO - [2025-03-27T17:28:50.244+0000] {dag.py:3823} INFO - Setting next_dagrun for example_dag_decorator to None, run_after=None
[2025-03-27T17:28:50.261+0000] {processor.py:183} INFO - Processing /home/airflow/.local/lib/python3.8/site-packages/airflow/example_dags/example_dag_decorator.py took 0.207 seconds
[2025-03-27T17:29:20.527+0000] {processor.py:161} INFO - Started process (PID=1384) to work on /home/airflow/.local/lib/python3.8/site-packages/airflow/example_dags/example_dag_decorator.py
[2025-03-27T17:29:20.528+0000] {processor.py:830} INFO - Processing file /home/airflow/.local/lib/python3.8/site-packages/airflow/example_dags/example_dag_decorator.py for tasks to queue
[2025-03-27T17:29:20.529+0000] {logging_mixin.py:188} INFO - [2025-03-27T17:29:20.528+0000] {dagbag.py:538} INFO - Filling up the DagBag from /home/airflow/.local/lib/python3.8/site-packages/airflow/example_dags/example_dag_decorator.py
[2025-03-27T17:29:20.615+0000] {processor.py:840} INFO - DAG(s) 'example_dag_decorator' retrieved from /home/airflow/.local/lib/python3.8/site-packages/airflow/example_dags/example_dag_decorator.py
[2025-03-27T17:29:20.714+0000] {logging_mixin.py:188} INFO - [2025-03-27T17:29:20.713+0000] {dag.py:3036} INFO - Sync 1 DAGs
[2025-03-27T17:29:20.725+0000] {logging_mixin.py:188} INFO - [2025-03-27T17:29:20.725+0000] {dag.py:3823} INFO - Setting next_dagrun for example_dag_decorator to None, run_after=None
[2025-03-27T17:29:20.742+0000] {processor.py:183} INFO - Processing /home/airflow/.local/lib/python3.8/site-packages/airflow/example_dags/example_dag_decorator.py took 0.218 seconds
