[2025-03-27T16:26:59.974+0000] {processor.py:161} INFO - Started process (PID=221) to work on /home/airflow/.local/lib/python3.8/site-packages/airflow/example_dags/example_branch_python_dop_operator_3.py
[2025-03-27T16:26:59.975+0000] {processor.py:830} INFO - Processing file /home/airflow/.local/lib/python3.8/site-packages/airflow/example_dags/example_branch_python_dop_operator_3.py for tasks to queue
[2025-03-27T16:26:59.976+0000] {logging_mixin.py:188} INFO - [2025-03-27T16:26:59.976+0000] {dagbag.py:538} INFO - Filling up the DagBag from /home/airflow/.local/lib/python3.8/site-packages/airflow/example_dags/example_branch_python_dop_operator_3.py
[2025-03-27T16:26:59.985+0000] {processor.py:840} INFO - DAG(s) 'example_branch_dop_operator_v3' retrieved from /home/airflow/.local/lib/python3.8/site-packages/airflow/example_dags/example_branch_python_dop_operator_3.py
[2025-03-27T16:26:59.995+0000] {logging_mixin.py:188} INFO - [2025-03-27T16:26:59.995+0000] {dag.py:3036} INFO - Sync 1 DAGs
[2025-03-27T16:27:00.026+0000] {logging_mixin.py:188} INFO - [2025-03-27T16:27:00.026+0000] {dag.py:3823} INFO - Setting next_dagrun for example_branch_dop_operator_v3 to 2025-03-27 16:26:00+00:00, run_after=2025-03-27 16:27:00+00:00
[2025-03-27T16:27:00.044+0000] {processor.py:183} INFO - Processing /home/airflow/.local/lib/python3.8/site-packages/airflow/example_dags/example_branch_python_dop_operator_3.py took 0.072 seconds
[2025-03-27T16:27:30.384+0000] {processor.py:161} INFO - Started process (PID=468) to work on /home/airflow/.local/lib/python3.8/site-packages/airflow/example_dags/example_branch_python_dop_operator_3.py
[2025-03-27T16:27:30.385+0000] {processor.py:830} INFO - Processing file /home/airflow/.local/lib/python3.8/site-packages/airflow/example_dags/example_branch_python_dop_operator_3.py for tasks to queue
[2025-03-27T16:27:30.386+0000] {logging_mixin.py:188} INFO - [2025-03-27T16:27:30.386+0000] {dagbag.py:538} INFO - Filling up the DagBag from /home/airflow/.local/lib/python3.8/site-packages/airflow/example_dags/example_branch_python_dop_operator_3.py
[2025-03-27T16:27:30.394+0000] {processor.py:840} INFO - DAG(s) 'example_branch_dop_operator_v3' retrieved from /home/airflow/.local/lib/python3.8/site-packages/airflow/example_dags/example_branch_python_dop_operator_3.py
[2025-03-27T16:27:30.484+0000] {logging_mixin.py:188} INFO - [2025-03-27T16:27:30.484+0000] {dag.py:3036} INFO - Sync 1 DAGs
[2025-03-27T16:27:30.508+0000] {logging_mixin.py:188} INFO - [2025-03-27T16:27:30.507+0000] {dag.py:3823} INFO - Setting next_dagrun for example_branch_dop_operator_v3 to 2025-03-27 16:26:00+00:00, run_after=2025-03-27 16:27:00+00:00
[2025-03-27T16:27:30.527+0000] {processor.py:183} INFO - Processing /home/airflow/.local/lib/python3.8/site-packages/airflow/example_dags/example_branch_python_dop_operator_3.py took 0.145 seconds
[2025-03-27T16:28:01.490+0000] {processor.py:161} INFO - Started process (PID=715) to work on /home/airflow/.local/lib/python3.8/site-packages/airflow/example_dags/example_branch_python_dop_operator_3.py
[2025-03-27T16:28:01.492+0000] {processor.py:830} INFO - Processing file /home/airflow/.local/lib/python3.8/site-packages/airflow/example_dags/example_branch_python_dop_operator_3.py for tasks to queue
[2025-03-27T16:28:01.493+0000] {logging_mixin.py:188} INFO - [2025-03-27T16:28:01.493+0000] {dagbag.py:538} INFO - Filling up the DagBag from /home/airflow/.local/lib/python3.8/site-packages/airflow/example_dags/example_branch_python_dop_operator_3.py
[2025-03-27T16:28:01.503+0000] {processor.py:840} INFO - DAG(s) 'example_branch_dop_operator_v3' retrieved from /home/airflow/.local/lib/python3.8/site-packages/airflow/example_dags/example_branch_python_dop_operator_3.py
[2025-03-27T16:28:01.533+0000] {logging_mixin.py:188} INFO - [2025-03-27T16:28:01.532+0000] {dag.py:3036} INFO - Sync 1 DAGs
[2025-03-27T16:28:01.566+0000] {logging_mixin.py:188} INFO - [2025-03-27T16:28:01.565+0000] {dag.py:3823} INFO - Setting next_dagrun for example_branch_dop_operator_v3 to 2025-03-27 16:27:00+00:00, run_after=2025-03-27 16:28:00+00:00
[2025-03-27T16:28:01.597+0000] {processor.py:183} INFO - Processing /home/airflow/.local/lib/python3.8/site-packages/airflow/example_dags/example_branch_python_dop_operator_3.py took 0.111 seconds
[2025-03-27T16:28:31.698+0000] {processor.py:161} INFO - Started process (PID=962) to work on /home/airflow/.local/lib/python3.8/site-packages/airflow/example_dags/example_branch_python_dop_operator_3.py
[2025-03-27T16:28:31.699+0000] {processor.py:830} INFO - Processing file /home/airflow/.local/lib/python3.8/site-packages/airflow/example_dags/example_branch_python_dop_operator_3.py for tasks to queue
[2025-03-27T16:28:31.700+0000] {logging_mixin.py:188} INFO - [2025-03-27T16:28:31.699+0000] {dagbag.py:538} INFO - Filling up the DagBag from /home/airflow/.local/lib/python3.8/site-packages/airflow/example_dags/example_branch_python_dop_operator_3.py
[2025-03-27T16:28:31.710+0000] {processor.py:840} INFO - DAG(s) 'example_branch_dop_operator_v3' retrieved from /home/airflow/.local/lib/python3.8/site-packages/airflow/example_dags/example_branch_python_dop_operator_3.py
[2025-03-27T16:28:31.731+0000] {logging_mixin.py:188} INFO - [2025-03-27T16:28:31.731+0000] {dag.py:3036} INFO - Sync 1 DAGs
[2025-03-27T16:28:31.756+0000] {logging_mixin.py:188} INFO - [2025-03-27T16:28:31.756+0000] {dag.py:3823} INFO - Setting next_dagrun for example_branch_dop_operator_v3 to 2025-03-27 16:27:00+00:00, run_after=2025-03-27 16:28:00+00:00
[2025-03-27T16:28:31.772+0000] {processor.py:183} INFO - Processing /home/airflow/.local/lib/python3.8/site-packages/airflow/example_dags/example_branch_python_dop_operator_3.py took 0.077 seconds
[2025-03-27T16:29:02.356+0000] {processor.py:161} INFO - Started process (PID=1209) to work on /home/airflow/.local/lib/python3.8/site-packages/airflow/example_dags/example_branch_python_dop_operator_3.py
[2025-03-27T16:29:02.357+0000] {processor.py:830} INFO - Processing file /home/airflow/.local/lib/python3.8/site-packages/airflow/example_dags/example_branch_python_dop_operator_3.py for tasks to queue
[2025-03-27T16:29:02.358+0000] {logging_mixin.py:188} INFO - [2025-03-27T16:29:02.358+0000] {dagbag.py:538} INFO - Filling up the DagBag from /home/airflow/.local/lib/python3.8/site-packages/airflow/example_dags/example_branch_python_dop_operator_3.py
[2025-03-27T16:29:02.365+0000] {processor.py:840} INFO - DAG(s) 'example_branch_dop_operator_v3' retrieved from /home/airflow/.local/lib/python3.8/site-packages/airflow/example_dags/example_branch_python_dop_operator_3.py
[2025-03-27T16:29:02.383+0000] {logging_mixin.py:188} INFO - [2025-03-27T16:29:02.383+0000] {dag.py:3036} INFO - Sync 1 DAGs
[2025-03-27T16:29:02.406+0000] {logging_mixin.py:188} INFO - [2025-03-27T16:29:02.406+0000] {dag.py:3823} INFO - Setting next_dagrun for example_branch_dop_operator_v3 to 2025-03-27 16:28:00+00:00, run_after=2025-03-27 16:29:00+00:00
[2025-03-27T16:29:02.422+0000] {processor.py:183} INFO - Processing /home/airflow/.local/lib/python3.8/site-packages/airflow/example_dags/example_branch_python_dop_operator_3.py took 0.068 seconds
[2025-03-27T16:29:32.985+0000] {processor.py:161} INFO - Started process (PID=1462) to work on /home/airflow/.local/lib/python3.8/site-packages/airflow/example_dags/example_branch_python_dop_operator_3.py
[2025-03-27T16:29:32.986+0000] {processor.py:830} INFO - Processing file /home/airflow/.local/lib/python3.8/site-packages/airflow/example_dags/example_branch_python_dop_operator_3.py for tasks to queue
[2025-03-27T16:29:32.987+0000] {logging_mixin.py:188} INFO - [2025-03-27T16:29:32.987+0000] {dagbag.py:538} INFO - Filling up the DagBag from /home/airflow/.local/lib/python3.8/site-packages/airflow/example_dags/example_branch_python_dop_operator_3.py
[2025-03-27T16:29:32.994+0000] {processor.py:840} INFO - DAG(s) 'example_branch_dop_operator_v3' retrieved from /home/airflow/.local/lib/python3.8/site-packages/airflow/example_dags/example_branch_python_dop_operator_3.py
[2025-03-27T16:29:33.012+0000] {logging_mixin.py:188} INFO - [2025-03-27T16:29:33.012+0000] {dag.py:3036} INFO - Sync 1 DAGs
[2025-03-27T16:29:33.035+0000] {logging_mixin.py:188} INFO - [2025-03-27T16:29:33.034+0000] {dag.py:3823} INFO - Setting next_dagrun for example_branch_dop_operator_v3 to 2025-03-27 16:28:00+00:00, run_after=2025-03-27 16:29:00+00:00
[2025-03-27T16:29:33.051+0000] {processor.py:183} INFO - Processing /home/airflow/.local/lib/python3.8/site-packages/airflow/example_dags/example_branch_python_dop_operator_3.py took 0.068 seconds
[2025-03-27T16:30:03.560+0000] {processor.py:161} INFO - Started process (PID=1709) to work on /home/airflow/.local/lib/python3.8/site-packages/airflow/example_dags/example_branch_python_dop_operator_3.py
[2025-03-27T16:30:03.561+0000] {processor.py:830} INFO - Processing file /home/airflow/.local/lib/python3.8/site-packages/airflow/example_dags/example_branch_python_dop_operator_3.py for tasks to queue
[2025-03-27T16:30:03.562+0000] {logging_mixin.py:188} INFO - [2025-03-27T16:30:03.562+0000] {dagbag.py:538} INFO - Filling up the DagBag from /home/airflow/.local/lib/python3.8/site-packages/airflow/example_dags/example_branch_python_dop_operator_3.py
[2025-03-27T16:30:03.569+0000] {processor.py:840} INFO - DAG(s) 'example_branch_dop_operator_v3' retrieved from /home/airflow/.local/lib/python3.8/site-packages/airflow/example_dags/example_branch_python_dop_operator_3.py
[2025-03-27T16:30:03.587+0000] {logging_mixin.py:188} INFO - [2025-03-27T16:30:03.587+0000] {dag.py:3036} INFO - Sync 1 DAGs
[2025-03-27T16:30:03.612+0000] {logging_mixin.py:188} INFO - [2025-03-27T16:30:03.612+0000] {dag.py:3823} INFO - Setting next_dagrun for example_branch_dop_operator_v3 to 2025-03-27 16:29:00+00:00, run_after=2025-03-27 16:30:00+00:00
[2025-03-27T16:30:03.628+0000] {processor.py:183} INFO - Processing /home/airflow/.local/lib/python3.8/site-packages/airflow/example_dags/example_branch_python_dop_operator_3.py took 0.070 seconds
[2025-03-27T16:30:34.113+0000] {processor.py:161} INFO - Started process (PID=1956) to work on /home/airflow/.local/lib/python3.8/site-packages/airflow/example_dags/example_branch_python_dop_operator_3.py
[2025-03-27T16:30:34.114+0000] {processor.py:830} INFO - Processing file /home/airflow/.local/lib/python3.8/site-packages/airflow/example_dags/example_branch_python_dop_operator_3.py for tasks to queue
[2025-03-27T16:30:34.114+0000] {logging_mixin.py:188} INFO - [2025-03-27T16:30:34.114+0000] {dagbag.py:538} INFO - Filling up the DagBag from /home/airflow/.local/lib/python3.8/site-packages/airflow/example_dags/example_branch_python_dop_operator_3.py
[2025-03-27T16:30:34.122+0000] {processor.py:840} INFO - DAG(s) 'example_branch_dop_operator_v3' retrieved from /home/airflow/.local/lib/python3.8/site-packages/airflow/example_dags/example_branch_python_dop_operator_3.py
[2025-03-27T16:30:34.140+0000] {logging_mixin.py:188} INFO - [2025-03-27T16:30:34.140+0000] {dag.py:3036} INFO - Sync 1 DAGs
[2025-03-27T16:30:34.163+0000] {logging_mixin.py:188} INFO - [2025-03-27T16:30:34.163+0000] {dag.py:3823} INFO - Setting next_dagrun for example_branch_dop_operator_v3 to 2025-03-27 16:29:00+00:00, run_after=2025-03-27 16:30:00+00:00
[2025-03-27T16:30:34.181+0000] {processor.py:183} INFO - Processing /home/airflow/.local/lib/python3.8/site-packages/airflow/example_dags/example_branch_python_dop_operator_3.py took 0.071 seconds
[2025-03-27T16:31:04.547+0000] {processor.py:161} INFO - Started process (PID=2203) to work on /home/airflow/.local/lib/python3.8/site-packages/airflow/example_dags/example_branch_python_dop_operator_3.py
[2025-03-27T16:31:04.547+0000] {processor.py:830} INFO - Processing file /home/airflow/.local/lib/python3.8/site-packages/airflow/example_dags/example_branch_python_dop_operator_3.py for tasks to queue
[2025-03-27T16:31:04.548+0000] {logging_mixin.py:188} INFO - [2025-03-27T16:31:04.548+0000] {dagbag.py:538} INFO - Filling up the DagBag from /home/airflow/.local/lib/python3.8/site-packages/airflow/example_dags/example_branch_python_dop_operator_3.py
[2025-03-27T16:31:04.556+0000] {processor.py:840} INFO - DAG(s) 'example_branch_dop_operator_v3' retrieved from /home/airflow/.local/lib/python3.8/site-packages/airflow/example_dags/example_branch_python_dop_operator_3.py
[2025-03-27T16:31:04.574+0000] {logging_mixin.py:188} INFO - [2025-03-27T16:31:04.574+0000] {dag.py:3036} INFO - Sync 1 DAGs
[2025-03-27T16:31:04.596+0000] {logging_mixin.py:188} INFO - [2025-03-27T16:31:04.595+0000] {dag.py:3823} INFO - Setting next_dagrun for example_branch_dop_operator_v3 to 2025-03-27 16:30:00+00:00, run_after=2025-03-27 16:31:00+00:00
[2025-03-27T16:31:04.611+0000] {processor.py:183} INFO - Processing /home/airflow/.local/lib/python3.8/site-packages/airflow/example_dags/example_branch_python_dop_operator_3.py took 0.067 seconds
[2025-03-27T16:31:35.073+0000] {processor.py:161} INFO - Started process (PID=2450) to work on /home/airflow/.local/lib/python3.8/site-packages/airflow/example_dags/example_branch_python_dop_operator_3.py
[2025-03-27T16:31:35.074+0000] {processor.py:830} INFO - Processing file /home/airflow/.local/lib/python3.8/site-packages/airflow/example_dags/example_branch_python_dop_operator_3.py for tasks to queue
[2025-03-27T16:31:35.075+0000] {logging_mixin.py:188} INFO - [2025-03-27T16:31:35.075+0000] {dagbag.py:538} INFO - Filling up the DagBag from /home/airflow/.local/lib/python3.8/site-packages/airflow/example_dags/example_branch_python_dop_operator_3.py
[2025-03-27T16:31:35.084+0000] {processor.py:840} INFO - DAG(s) 'example_branch_dop_operator_v3' retrieved from /home/airflow/.local/lib/python3.8/site-packages/airflow/example_dags/example_branch_python_dop_operator_3.py
[2025-03-27T16:31:35.104+0000] {logging_mixin.py:188} INFO - [2025-03-27T16:31:35.104+0000] {dag.py:3036} INFO - Sync 1 DAGs
[2025-03-27T16:31:35.131+0000] {logging_mixin.py:188} INFO - [2025-03-27T16:31:35.130+0000] {dag.py:3823} INFO - Setting next_dagrun for example_branch_dop_operator_v3 to 2025-03-27 16:30:00+00:00, run_after=2025-03-27 16:31:00+00:00
[2025-03-27T16:31:35.154+0000] {processor.py:183} INFO - Processing /home/airflow/.local/lib/python3.8/site-packages/airflow/example_dags/example_branch_python_dop_operator_3.py took 0.084 seconds
[2025-03-27T16:32:05.234+0000] {processor.py:161} INFO - Started process (PID=2697) to work on /home/airflow/.local/lib/python3.8/site-packages/airflow/example_dags/example_branch_python_dop_operator_3.py
[2025-03-27T16:32:05.235+0000] {processor.py:830} INFO - Processing file /home/airflow/.local/lib/python3.8/site-packages/airflow/example_dags/example_branch_python_dop_operator_3.py for tasks to queue
[2025-03-27T16:32:05.236+0000] {logging_mixin.py:188} INFO - [2025-03-27T16:32:05.236+0000] {dagbag.py:538} INFO - Filling up the DagBag from /home/airflow/.local/lib/python3.8/site-packages/airflow/example_dags/example_branch_python_dop_operator_3.py
[2025-03-27T16:32:05.244+0000] {processor.py:840} INFO - DAG(s) 'example_branch_dop_operator_v3' retrieved from /home/airflow/.local/lib/python3.8/site-packages/airflow/example_dags/example_branch_python_dop_operator_3.py
[2025-03-27T16:32:05.261+0000] {logging_mixin.py:188} INFO - [2025-03-27T16:32:05.261+0000] {dag.py:3036} INFO - Sync 1 DAGs
[2025-03-27T16:32:05.284+0000] {logging_mixin.py:188} INFO - [2025-03-27T16:32:05.284+0000] {dag.py:3823} INFO - Setting next_dagrun for example_branch_dop_operator_v3 to 2025-03-27 16:31:00+00:00, run_after=2025-03-27 16:32:00+00:00
[2025-03-27T16:32:05.300+0000] {processor.py:183} INFO - Processing /home/airflow/.local/lib/python3.8/site-packages/airflow/example_dags/example_branch_python_dop_operator_3.py took 0.068 seconds
[2025-03-27T16:32:35.921+0000] {processor.py:161} INFO - Started process (PID=2944) to work on /home/airflow/.local/lib/python3.8/site-packages/airflow/example_dags/example_branch_python_dop_operator_3.py
[2025-03-27T16:32:35.922+0000] {processor.py:830} INFO - Processing file /home/airflow/.local/lib/python3.8/site-packages/airflow/example_dags/example_branch_python_dop_operator_3.py for tasks to queue
[2025-03-27T16:32:35.923+0000] {logging_mixin.py:188} INFO - [2025-03-27T16:32:35.922+0000] {dagbag.py:538} INFO - Filling up the DagBag from /home/airflow/.local/lib/python3.8/site-packages/airflow/example_dags/example_branch_python_dop_operator_3.py
[2025-03-27T16:32:35.930+0000] {processor.py:840} INFO - DAG(s) 'example_branch_dop_operator_v3' retrieved from /home/airflow/.local/lib/python3.8/site-packages/airflow/example_dags/example_branch_python_dop_operator_3.py
[2025-03-27T16:32:35.948+0000] {logging_mixin.py:188} INFO - [2025-03-27T16:32:35.947+0000] {dag.py:3036} INFO - Sync 1 DAGs
[2025-03-27T16:32:35.972+0000] {logging_mixin.py:188} INFO - [2025-03-27T16:32:35.972+0000] {dag.py:3823} INFO - Setting next_dagrun for example_branch_dop_operator_v3 to 2025-03-27 16:31:00+00:00, run_after=2025-03-27 16:32:00+00:00
[2025-03-27T16:32:35.989+0000] {processor.py:183} INFO - Processing /home/airflow/.local/lib/python3.8/site-packages/airflow/example_dags/example_branch_python_dop_operator_3.py took 0.071 seconds
[2025-03-27T16:33:07.021+0000] {processor.py:161} INFO - Started process (PID=3191) to work on /home/airflow/.local/lib/python3.8/site-packages/airflow/example_dags/example_branch_python_dop_operator_3.py
[2025-03-27T16:33:07.022+0000] {processor.py:830} INFO - Processing file /home/airflow/.local/lib/python3.8/site-packages/airflow/example_dags/example_branch_python_dop_operator_3.py for tasks to queue
[2025-03-27T16:33:07.023+0000] {logging_mixin.py:188} INFO - [2025-03-27T16:33:07.023+0000] {dagbag.py:538} INFO - Filling up the DagBag from /home/airflow/.local/lib/python3.8/site-packages/airflow/example_dags/example_branch_python_dop_operator_3.py
[2025-03-27T16:33:07.030+0000] {processor.py:840} INFO - DAG(s) 'example_branch_dop_operator_v3' retrieved from /home/airflow/.local/lib/python3.8/site-packages/airflow/example_dags/example_branch_python_dop_operator_3.py
[2025-03-27T16:33:07.048+0000] {logging_mixin.py:188} INFO - [2025-03-27T16:33:07.048+0000] {dag.py:3036} INFO - Sync 1 DAGs
[2025-03-27T16:33:07.072+0000] {logging_mixin.py:188} INFO - [2025-03-27T16:33:07.072+0000] {dag.py:3823} INFO - Setting next_dagrun for example_branch_dop_operator_v3 to 2025-03-27 16:32:00+00:00, run_after=2025-03-27 16:33:00+00:00
[2025-03-27T16:33:07.088+0000] {processor.py:183} INFO - Processing /home/airflow/.local/lib/python3.8/site-packages/airflow/example_dags/example_branch_python_dop_operator_3.py took 0.070 seconds
[2025-03-27T16:33:37.163+0000] {processor.py:161} INFO - Started process (PID=3438) to work on /home/airflow/.local/lib/python3.8/site-packages/airflow/example_dags/example_branch_python_dop_operator_3.py
[2025-03-27T16:33:37.164+0000] {processor.py:830} INFO - Processing file /home/airflow/.local/lib/python3.8/site-packages/airflow/example_dags/example_branch_python_dop_operator_3.py for tasks to queue
[2025-03-27T16:33:37.165+0000] {logging_mixin.py:188} INFO - [2025-03-27T16:33:37.165+0000] {dagbag.py:538} INFO - Filling up the DagBag from /home/airflow/.local/lib/python3.8/site-packages/airflow/example_dags/example_branch_python_dop_operator_3.py
[2025-03-27T16:33:37.173+0000] {processor.py:840} INFO - DAG(s) 'example_branch_dop_operator_v3' retrieved from /home/airflow/.local/lib/python3.8/site-packages/airflow/example_dags/example_branch_python_dop_operator_3.py
[2025-03-27T16:33:37.191+0000] {logging_mixin.py:188} INFO - [2025-03-27T16:33:37.190+0000] {dag.py:3036} INFO - Sync 1 DAGs
[2025-03-27T16:33:37.214+0000] {logging_mixin.py:188} INFO - [2025-03-27T16:33:37.214+0000] {dag.py:3823} INFO - Setting next_dagrun for example_branch_dop_operator_v3 to 2025-03-27 16:32:00+00:00, run_after=2025-03-27 16:33:00+00:00
[2025-03-27T16:33:37.231+0000] {processor.py:183} INFO - Processing /home/airflow/.local/lib/python3.8/site-packages/airflow/example_dags/example_branch_python_dop_operator_3.py took 0.070 seconds
[2025-03-27T16:34:07.691+0000] {processor.py:161} INFO - Started process (PID=3685) to work on /home/airflow/.local/lib/python3.8/site-packages/airflow/example_dags/example_branch_python_dop_operator_3.py
[2025-03-27T16:34:07.692+0000] {processor.py:830} INFO - Processing file /home/airflow/.local/lib/python3.8/site-packages/airflow/example_dags/example_branch_python_dop_operator_3.py for tasks to queue
[2025-03-27T16:34:07.693+0000] {logging_mixin.py:188} INFO - [2025-03-27T16:34:07.693+0000] {dagbag.py:538} INFO - Filling up the DagBag from /home/airflow/.local/lib/python3.8/site-packages/airflow/example_dags/example_branch_python_dop_operator_3.py
[2025-03-27T16:34:07.701+0000] {processor.py:840} INFO - DAG(s) 'example_branch_dop_operator_v3' retrieved from /home/airflow/.local/lib/python3.8/site-packages/airflow/example_dags/example_branch_python_dop_operator_3.py
[2025-03-27T16:34:07.719+0000] {logging_mixin.py:188} INFO - [2025-03-27T16:34:07.719+0000] {dag.py:3036} INFO - Sync 1 DAGs
[2025-03-27T16:34:07.744+0000] {logging_mixin.py:188} INFO - [2025-03-27T16:34:07.743+0000] {dag.py:3823} INFO - Setting next_dagrun for example_branch_dop_operator_v3 to 2025-03-27 16:33:00+00:00, run_after=2025-03-27 16:34:00+00:00
[2025-03-27T16:34:07.761+0000] {processor.py:183} INFO - Processing /home/airflow/.local/lib/python3.8/site-packages/airflow/example_dags/example_branch_python_dop_operator_3.py took 0.073 seconds
[2025-03-27T16:34:38.064+0000] {processor.py:161} INFO - Started process (PID=3932) to work on /home/airflow/.local/lib/python3.8/site-packages/airflow/example_dags/example_branch_python_dop_operator_3.py
[2025-03-27T16:34:38.065+0000] {processor.py:830} INFO - Processing file /home/airflow/.local/lib/python3.8/site-packages/airflow/example_dags/example_branch_python_dop_operator_3.py for tasks to queue
[2025-03-27T16:34:38.065+0000] {logging_mixin.py:188} INFO - [2025-03-27T16:34:38.065+0000] {dagbag.py:538} INFO - Filling up the DagBag from /home/airflow/.local/lib/python3.8/site-packages/airflow/example_dags/example_branch_python_dop_operator_3.py
[2025-03-27T16:34:38.073+0000] {processor.py:840} INFO - DAG(s) 'example_branch_dop_operator_v3' retrieved from /home/airflow/.local/lib/python3.8/site-packages/airflow/example_dags/example_branch_python_dop_operator_3.py
[2025-03-27T16:34:38.090+0000] {logging_mixin.py:188} INFO - [2025-03-27T16:34:38.090+0000] {dag.py:3036} INFO - Sync 1 DAGs
[2025-03-27T16:34:38.113+0000] {logging_mixin.py:188} INFO - [2025-03-27T16:34:38.113+0000] {dag.py:3823} INFO - Setting next_dagrun for example_branch_dop_operator_v3 to 2025-03-27 16:33:00+00:00, run_after=2025-03-27 16:34:00+00:00
[2025-03-27T16:34:38.129+0000] {processor.py:183} INFO - Processing /home/airflow/.local/lib/python3.8/site-packages/airflow/example_dags/example_branch_python_dop_operator_3.py took 0.068 seconds
[2025-03-27T16:35:08.496+0000] {processor.py:161} INFO - Started process (PID=4179) to work on /home/airflow/.local/lib/python3.8/site-packages/airflow/example_dags/example_branch_python_dop_operator_3.py
[2025-03-27T16:35:08.497+0000] {processor.py:830} INFO - Processing file /home/airflow/.local/lib/python3.8/site-packages/airflow/example_dags/example_branch_python_dop_operator_3.py for tasks to queue
[2025-03-27T16:35:08.497+0000] {logging_mixin.py:188} INFO - [2025-03-27T16:35:08.497+0000] {dagbag.py:538} INFO - Filling up the DagBag from /home/airflow/.local/lib/python3.8/site-packages/airflow/example_dags/example_branch_python_dop_operator_3.py
[2025-03-27T16:35:08.505+0000] {processor.py:840} INFO - DAG(s) 'example_branch_dop_operator_v3' retrieved from /home/airflow/.local/lib/python3.8/site-packages/airflow/example_dags/example_branch_python_dop_operator_3.py
[2025-03-27T16:35:08.523+0000] {logging_mixin.py:188} INFO - [2025-03-27T16:35:08.523+0000] {dag.py:3036} INFO - Sync 1 DAGs
[2025-03-27T16:35:08.546+0000] {logging_mixin.py:188} INFO - [2025-03-27T16:35:08.546+0000] {dag.py:3823} INFO - Setting next_dagrun for example_branch_dop_operator_v3 to 2025-03-27 16:34:00+00:00, run_after=2025-03-27 16:35:00+00:00
[2025-03-27T16:35:08.563+0000] {processor.py:183} INFO - Processing /home/airflow/.local/lib/python3.8/site-packages/airflow/example_dags/example_branch_python_dop_operator_3.py took 0.070 seconds
[2025-03-27T16:35:39.064+0000] {processor.py:161} INFO - Started process (PID=4426) to work on /home/airflow/.local/lib/python3.8/site-packages/airflow/example_dags/example_branch_python_dop_operator_3.py
[2025-03-27T16:35:39.066+0000] {processor.py:830} INFO - Processing file /home/airflow/.local/lib/python3.8/site-packages/airflow/example_dags/example_branch_python_dop_operator_3.py for tasks to queue
[2025-03-27T16:35:39.069+0000] {logging_mixin.py:188} INFO - [2025-03-27T16:35:39.068+0000] {dagbag.py:538} INFO - Filling up the DagBag from /home/airflow/.local/lib/python3.8/site-packages/airflow/example_dags/example_branch_python_dop_operator_3.py
[2025-03-27T16:35:39.085+0000] {processor.py:840} INFO - DAG(s) 'example_branch_dop_operator_v3' retrieved from /home/airflow/.local/lib/python3.8/site-packages/airflow/example_dags/example_branch_python_dop_operator_3.py
[2025-03-27T16:35:39.114+0000] {logging_mixin.py:188} INFO - [2025-03-27T16:35:39.113+0000] {dag.py:3036} INFO - Sync 1 DAGs
[2025-03-27T16:35:39.153+0000] {logging_mixin.py:188} INFO - [2025-03-27T16:35:39.153+0000] {dag.py:3823} INFO - Setting next_dagrun for example_branch_dop_operator_v3 to 2025-03-27 16:34:00+00:00, run_after=2025-03-27 16:35:00+00:00
[2025-03-27T16:35:39.188+0000] {processor.py:183} INFO - Processing /home/airflow/.local/lib/python3.8/site-packages/airflow/example_dags/example_branch_python_dop_operator_3.py took 0.128 seconds
[2025-03-27T16:36:09.258+0000] {processor.py:161} INFO - Started process (PID=4673) to work on /home/airflow/.local/lib/python3.8/site-packages/airflow/example_dags/example_branch_python_dop_operator_3.py
[2025-03-27T16:36:09.259+0000] {processor.py:830} INFO - Processing file /home/airflow/.local/lib/python3.8/site-packages/airflow/example_dags/example_branch_python_dop_operator_3.py for tasks to queue
[2025-03-27T16:36:09.260+0000] {logging_mixin.py:188} INFO - [2025-03-27T16:36:09.259+0000] {dagbag.py:538} INFO - Filling up the DagBag from /home/airflow/.local/lib/python3.8/site-packages/airflow/example_dags/example_branch_python_dop_operator_3.py
[2025-03-27T16:36:09.267+0000] {processor.py:840} INFO - DAG(s) 'example_branch_dop_operator_v3' retrieved from /home/airflow/.local/lib/python3.8/site-packages/airflow/example_dags/example_branch_python_dop_operator_3.py
[2025-03-27T16:36:09.284+0000] {logging_mixin.py:188} INFO - [2025-03-27T16:36:09.284+0000] {dag.py:3036} INFO - Sync 1 DAGs
[2025-03-27T16:36:09.307+0000] {logging_mixin.py:188} INFO - [2025-03-27T16:36:09.307+0000] {dag.py:3823} INFO - Setting next_dagrun for example_branch_dop_operator_v3 to 2025-03-27 16:35:00+00:00, run_after=2025-03-27 16:36:00+00:00
[2025-03-27T16:36:09.323+0000] {processor.py:183} INFO - Processing /home/airflow/.local/lib/python3.8/site-packages/airflow/example_dags/example_branch_python_dop_operator_3.py took 0.068 seconds
[2025-03-27T16:36:39.847+0000] {processor.py:161} INFO - Started process (PID=4920) to work on /home/airflow/.local/lib/python3.8/site-packages/airflow/example_dags/example_branch_python_dop_operator_3.py
[2025-03-27T16:36:39.847+0000] {processor.py:830} INFO - Processing file /home/airflow/.local/lib/python3.8/site-packages/airflow/example_dags/example_branch_python_dop_operator_3.py for tasks to queue
[2025-03-27T16:36:39.848+0000] {logging_mixin.py:188} INFO - [2025-03-27T16:36:39.848+0000] {dagbag.py:538} INFO - Filling up the DagBag from /home/airflow/.local/lib/python3.8/site-packages/airflow/example_dags/example_branch_python_dop_operator_3.py
[2025-03-27T16:36:39.856+0000] {processor.py:840} INFO - DAG(s) 'example_branch_dop_operator_v3' retrieved from /home/airflow/.local/lib/python3.8/site-packages/airflow/example_dags/example_branch_python_dop_operator_3.py
[2025-03-27T16:36:39.874+0000] {logging_mixin.py:188} INFO - [2025-03-27T16:36:39.874+0000] {dag.py:3036} INFO - Sync 1 DAGs
[2025-03-27T16:36:39.897+0000] {logging_mixin.py:188} INFO - [2025-03-27T16:36:39.896+0000] {dag.py:3823} INFO - Setting next_dagrun for example_branch_dop_operator_v3 to 2025-03-27 16:35:00+00:00, run_after=2025-03-27 16:36:00+00:00
[2025-03-27T16:36:39.913+0000] {processor.py:183} INFO - Processing /home/airflow/.local/lib/python3.8/site-packages/airflow/example_dags/example_branch_python_dop_operator_3.py took 0.069 seconds
[2025-03-27T16:37:10.360+0000] {processor.py:161} INFO - Started process (PID=5172) to work on /home/airflow/.local/lib/python3.8/site-packages/airflow/example_dags/example_branch_python_dop_operator_3.py
[2025-03-27T16:37:10.361+0000] {processor.py:830} INFO - Processing file /home/airflow/.local/lib/python3.8/site-packages/airflow/example_dags/example_branch_python_dop_operator_3.py for tasks to queue
[2025-03-27T16:37:10.362+0000] {logging_mixin.py:188} INFO - [2025-03-27T16:37:10.362+0000] {dagbag.py:538} INFO - Filling up the DagBag from /home/airflow/.local/lib/python3.8/site-packages/airflow/example_dags/example_branch_python_dop_operator_3.py
[2025-03-27T16:37:10.370+0000] {processor.py:840} INFO - DAG(s) 'example_branch_dop_operator_v3' retrieved from /home/airflow/.local/lib/python3.8/site-packages/airflow/example_dags/example_branch_python_dop_operator_3.py
[2025-03-27T16:37:10.389+0000] {logging_mixin.py:188} INFO - [2025-03-27T16:37:10.389+0000] {dag.py:3036} INFO - Sync 1 DAGs
[2025-03-27T16:37:10.413+0000] {logging_mixin.py:188} INFO - [2025-03-27T16:37:10.413+0000] {dag.py:3823} INFO - Setting next_dagrun for example_branch_dop_operator_v3 to 2025-03-27 16:36:00+00:00, run_after=2025-03-27 16:37:00+00:00
[2025-03-27T16:37:10.430+0000] {processor.py:183} INFO - Processing /home/airflow/.local/lib/python3.8/site-packages/airflow/example_dags/example_branch_python_dop_operator_3.py took 0.073 seconds
[2025-03-27T16:37:40.544+0000] {processor.py:161} INFO - Started process (PID=5424) to work on /home/airflow/.local/lib/python3.8/site-packages/airflow/example_dags/example_branch_python_dop_operator_3.py
[2025-03-27T16:37:40.545+0000] {processor.py:830} INFO - Processing file /home/airflow/.local/lib/python3.8/site-packages/airflow/example_dags/example_branch_python_dop_operator_3.py for tasks to queue
[2025-03-27T16:37:40.545+0000] {logging_mixin.py:188} INFO - [2025-03-27T16:37:40.545+0000] {dagbag.py:538} INFO - Filling up the DagBag from /home/airflow/.local/lib/python3.8/site-packages/airflow/example_dags/example_branch_python_dop_operator_3.py
[2025-03-27T16:37:40.553+0000] {processor.py:840} INFO - DAG(s) 'example_branch_dop_operator_v3' retrieved from /home/airflow/.local/lib/python3.8/site-packages/airflow/example_dags/example_branch_python_dop_operator_3.py
[2025-03-27T16:37:40.571+0000] {logging_mixin.py:188} INFO - [2025-03-27T16:37:40.570+0000] {dag.py:3036} INFO - Sync 1 DAGs
[2025-03-27T16:37:40.594+0000] {logging_mixin.py:188} INFO - [2025-03-27T16:37:40.594+0000] {dag.py:3823} INFO - Setting next_dagrun for example_branch_dop_operator_v3 to 2025-03-27 16:36:00+00:00, run_after=2025-03-27 16:37:00+00:00
[2025-03-27T16:37:40.610+0000] {processor.py:183} INFO - Processing /home/airflow/.local/lib/python3.8/site-packages/airflow/example_dags/example_branch_python_dop_operator_3.py took 0.069 seconds
[2025-03-27T16:38:10.750+0000] {processor.py:161} INFO - Started process (PID=5676) to work on /home/airflow/.local/lib/python3.8/site-packages/airflow/example_dags/example_branch_python_dop_operator_3.py
[2025-03-27T16:38:10.751+0000] {processor.py:830} INFO - Processing file /home/airflow/.local/lib/python3.8/site-packages/airflow/example_dags/example_branch_python_dop_operator_3.py for tasks to queue
[2025-03-27T16:38:10.752+0000] {logging_mixin.py:188} INFO - [2025-03-27T16:38:10.752+0000] {dagbag.py:538} INFO - Filling up the DagBag from /home/airflow/.local/lib/python3.8/site-packages/airflow/example_dags/example_branch_python_dop_operator_3.py
[2025-03-27T16:38:10.759+0000] {processor.py:840} INFO - DAG(s) 'example_branch_dop_operator_v3' retrieved from /home/airflow/.local/lib/python3.8/site-packages/airflow/example_dags/example_branch_python_dop_operator_3.py
[2025-03-27T16:38:10.777+0000] {logging_mixin.py:188} INFO - [2025-03-27T16:38:10.777+0000] {dag.py:3036} INFO - Sync 1 DAGs
[2025-03-27T16:38:10.800+0000] {logging_mixin.py:188} INFO - [2025-03-27T16:38:10.800+0000] {dag.py:3823} INFO - Setting next_dagrun for example_branch_dop_operator_v3 to 2025-03-27 16:37:00+00:00, run_after=2025-03-27 16:38:00+00:00
[2025-03-27T16:38:10.816+0000] {processor.py:183} INFO - Processing /home/airflow/.local/lib/python3.8/site-packages/airflow/example_dags/example_branch_python_dop_operator_3.py took 0.069 seconds
[2025-03-27T16:38:41.120+0000] {processor.py:161} INFO - Started process (PID=5928) to work on /home/airflow/.local/lib/python3.8/site-packages/airflow/example_dags/example_branch_python_dop_operator_3.py
[2025-03-27T16:38:41.121+0000] {processor.py:830} INFO - Processing file /home/airflow/.local/lib/python3.8/site-packages/airflow/example_dags/example_branch_python_dop_operator_3.py for tasks to queue
[2025-03-27T16:38:41.122+0000] {logging_mixin.py:188} INFO - [2025-03-27T16:38:41.121+0000] {dagbag.py:538} INFO - Filling up the DagBag from /home/airflow/.local/lib/python3.8/site-packages/airflow/example_dags/example_branch_python_dop_operator_3.py
[2025-03-27T16:38:41.130+0000] {processor.py:840} INFO - DAG(s) 'example_branch_dop_operator_v3' retrieved from /home/airflow/.local/lib/python3.8/site-packages/airflow/example_dags/example_branch_python_dop_operator_3.py
[2025-03-27T16:38:41.155+0000] {logging_mixin.py:188} INFO - [2025-03-27T16:38:41.154+0000] {dag.py:3036} INFO - Sync 1 DAGs
[2025-03-27T16:38:41.181+0000] {logging_mixin.py:188} INFO - [2025-03-27T16:38:41.181+0000] {dag.py:3823} INFO - Setting next_dagrun for example_branch_dop_operator_v3 to 2025-03-27 16:37:00+00:00, run_after=2025-03-27 16:38:00+00:00
[2025-03-27T16:38:41.203+0000] {processor.py:183} INFO - Processing /home/airflow/.local/lib/python3.8/site-packages/airflow/example_dags/example_branch_python_dop_operator_3.py took 0.086 seconds
[2025-03-27T16:39:11.311+0000] {processor.py:161} INFO - Started process (PID=6202) to work on /home/airflow/.local/lib/python3.8/site-packages/airflow/example_dags/example_branch_python_dop_operator_3.py
[2025-03-27T16:39:11.312+0000] {processor.py:830} INFO - Processing file /home/airflow/.local/lib/python3.8/site-packages/airflow/example_dags/example_branch_python_dop_operator_3.py for tasks to queue
[2025-03-27T16:39:11.313+0000] {logging_mixin.py:188} INFO - [2025-03-27T16:39:11.312+0000] {dagbag.py:538} INFO - Filling up the DagBag from /home/airflow/.local/lib/python3.8/site-packages/airflow/example_dags/example_branch_python_dop_operator_3.py
[2025-03-27T16:39:11.320+0000] {processor.py:840} INFO - DAG(s) 'example_branch_dop_operator_v3' retrieved from /home/airflow/.local/lib/python3.8/site-packages/airflow/example_dags/example_branch_python_dop_operator_3.py
[2025-03-27T16:39:11.339+0000] {logging_mixin.py:188} INFO - [2025-03-27T16:39:11.338+0000] {dag.py:3036} INFO - Sync 1 DAGs
[2025-03-27T16:39:11.361+0000] {logging_mixin.py:188} INFO - [2025-03-27T16:39:11.361+0000] {dag.py:3823} INFO - Setting next_dagrun for example_branch_dop_operator_v3 to 2025-03-27 16:38:00+00:00, run_after=2025-03-27 16:39:00+00:00
[2025-03-27T16:39:11.377+0000] {processor.py:183} INFO - Processing /home/airflow/.local/lib/python3.8/site-packages/airflow/example_dags/example_branch_python_dop_operator_3.py took 0.068 seconds
[2025-03-27T16:39:41.515+0000] {processor.py:161} INFO - Started process (PID=6454) to work on /home/airflow/.local/lib/python3.8/site-packages/airflow/example_dags/example_branch_python_dop_operator_3.py
[2025-03-27T16:39:41.516+0000] {processor.py:830} INFO - Processing file /home/airflow/.local/lib/python3.8/site-packages/airflow/example_dags/example_branch_python_dop_operator_3.py for tasks to queue
[2025-03-27T16:39:41.518+0000] {logging_mixin.py:188} INFO - [2025-03-27T16:39:41.517+0000] {dagbag.py:538} INFO - Filling up the DagBag from /home/airflow/.local/lib/python3.8/site-packages/airflow/example_dags/example_branch_python_dop_operator_3.py
[2025-03-27T16:39:41.526+0000] {processor.py:840} INFO - DAG(s) 'example_branch_dop_operator_v3' retrieved from /home/airflow/.local/lib/python3.8/site-packages/airflow/example_dags/example_branch_python_dop_operator_3.py
[2025-03-27T16:39:41.547+0000] {logging_mixin.py:188} INFO - [2025-03-27T16:39:41.546+0000] {dag.py:3036} INFO - Sync 1 DAGs
[2025-03-27T16:39:41.573+0000] {logging_mixin.py:188} INFO - [2025-03-27T16:39:41.573+0000] {dag.py:3823} INFO - Setting next_dagrun for example_branch_dop_operator_v3 to 2025-03-27 16:38:00+00:00, run_after=2025-03-27 16:39:00+00:00
[2025-03-27T16:39:41.593+0000] {processor.py:183} INFO - Processing /home/airflow/.local/lib/python3.8/site-packages/airflow/example_dags/example_branch_python_dop_operator_3.py took 0.081 seconds
[2025-03-27T16:40:11.756+0000] {processor.py:161} INFO - Started process (PID=6709) to work on /home/airflow/.local/lib/python3.8/site-packages/airflow/example_dags/example_branch_python_dop_operator_3.py
[2025-03-27T16:40:11.758+0000] {processor.py:830} INFO - Processing file /home/airflow/.local/lib/python3.8/site-packages/airflow/example_dags/example_branch_python_dop_operator_3.py for tasks to queue
[2025-03-27T16:40:11.759+0000] {logging_mixin.py:188} INFO - [2025-03-27T16:40:11.759+0000] {dagbag.py:538} INFO - Filling up the DagBag from /home/airflow/.local/lib/python3.8/site-packages/airflow/example_dags/example_branch_python_dop_operator_3.py
[2025-03-27T16:40:11.769+0000] {processor.py:840} INFO - DAG(s) 'example_branch_dop_operator_v3' retrieved from /home/airflow/.local/lib/python3.8/site-packages/airflow/example_dags/example_branch_python_dop_operator_3.py
[2025-03-27T16:40:11.797+0000] {logging_mixin.py:188} INFO - [2025-03-27T16:40:11.797+0000] {dag.py:3036} INFO - Sync 1 DAGs
[2025-03-27T16:40:11.831+0000] {logging_mixin.py:188} INFO - [2025-03-27T16:40:11.830+0000] {dag.py:3823} INFO - Setting next_dagrun for example_branch_dop_operator_v3 to 2025-03-27 16:39:00+00:00, run_after=2025-03-27 16:40:00+00:00
[2025-03-27T16:40:11.857+0000] {processor.py:183} INFO - Processing /home/airflow/.local/lib/python3.8/site-packages/airflow/example_dags/example_branch_python_dop_operator_3.py took 0.106 seconds
[2025-03-27T16:40:42.009+0000] {processor.py:161} INFO - Started process (PID=6961) to work on /home/airflow/.local/lib/python3.8/site-packages/airflow/example_dags/example_branch_python_dop_operator_3.py
[2025-03-27T16:40:42.010+0000] {processor.py:830} INFO - Processing file /home/airflow/.local/lib/python3.8/site-packages/airflow/example_dags/example_branch_python_dop_operator_3.py for tasks to queue
[2025-03-27T16:40:42.011+0000] {logging_mixin.py:188} INFO - [2025-03-27T16:40:42.011+0000] {dagbag.py:538} INFO - Filling up the DagBag from /home/airflow/.local/lib/python3.8/site-packages/airflow/example_dags/example_branch_python_dop_operator_3.py
[2025-03-27T16:40:42.019+0000] {processor.py:840} INFO - DAG(s) 'example_branch_dop_operator_v3' retrieved from /home/airflow/.local/lib/python3.8/site-packages/airflow/example_dags/example_branch_python_dop_operator_3.py
[2025-03-27T16:40:42.045+0000] {logging_mixin.py:188} INFO - [2025-03-27T16:40:42.045+0000] {dag.py:3036} INFO - Sync 1 DAGs
[2025-03-27T16:40:42.076+0000] {logging_mixin.py:188} INFO - [2025-03-27T16:40:42.075+0000] {dag.py:3823} INFO - Setting next_dagrun for example_branch_dop_operator_v3 to 2025-03-27 16:39:00+00:00, run_after=2025-03-27 16:40:00+00:00
[2025-03-27T16:40:42.101+0000] {processor.py:183} INFO - Processing /home/airflow/.local/lib/python3.8/site-packages/airflow/example_dags/example_branch_python_dop_operator_3.py took 0.094 seconds
[2025-03-27T16:41:12.180+0000] {processor.py:161} INFO - Started process (PID=7218) to work on /home/airflow/.local/lib/python3.8/site-packages/airflow/example_dags/example_branch_python_dop_operator_3.py
[2025-03-27T16:41:12.181+0000] {processor.py:830} INFO - Processing file /home/airflow/.local/lib/python3.8/site-packages/airflow/example_dags/example_branch_python_dop_operator_3.py for tasks to queue
[2025-03-27T16:41:12.182+0000] {logging_mixin.py:188} INFO - [2025-03-27T16:41:12.182+0000] {dagbag.py:538} INFO - Filling up the DagBag from /home/airflow/.local/lib/python3.8/site-packages/airflow/example_dags/example_branch_python_dop_operator_3.py
[2025-03-27T16:41:12.192+0000] {processor.py:840} INFO - DAG(s) 'example_branch_dop_operator_v3' retrieved from /home/airflow/.local/lib/python3.8/site-packages/airflow/example_dags/example_branch_python_dop_operator_3.py
[2025-03-27T16:41:12.214+0000] {logging_mixin.py:188} INFO - [2025-03-27T16:41:12.213+0000] {dag.py:3036} INFO - Sync 1 DAGs
[2025-03-27T16:41:12.243+0000] {logging_mixin.py:188} INFO - [2025-03-27T16:41:12.243+0000] {dag.py:3823} INFO - Setting next_dagrun for example_branch_dop_operator_v3 to 2025-03-27 16:40:00+00:00, run_after=2025-03-27 16:41:00+00:00
[2025-03-27T16:41:12.264+0000] {processor.py:183} INFO - Processing /home/airflow/.local/lib/python3.8/site-packages/airflow/example_dags/example_branch_python_dop_operator_3.py took 0.087 seconds
[2025-03-27T16:41:42.353+0000] {processor.py:161} INFO - Started process (PID=7475) to work on /home/airflow/.local/lib/python3.8/site-packages/airflow/example_dags/example_branch_python_dop_operator_3.py
[2025-03-27T16:41:42.354+0000] {processor.py:830} INFO - Processing file /home/airflow/.local/lib/python3.8/site-packages/airflow/example_dags/example_branch_python_dop_operator_3.py for tasks to queue
[2025-03-27T16:41:42.355+0000] {logging_mixin.py:188} INFO - [2025-03-27T16:41:42.355+0000] {dagbag.py:538} INFO - Filling up the DagBag from /home/airflow/.local/lib/python3.8/site-packages/airflow/example_dags/example_branch_python_dop_operator_3.py
[2025-03-27T16:41:42.363+0000] {processor.py:840} INFO - DAG(s) 'example_branch_dop_operator_v3' retrieved from /home/airflow/.local/lib/python3.8/site-packages/airflow/example_dags/example_branch_python_dop_operator_3.py
[2025-03-27T16:41:42.382+0000] {logging_mixin.py:188} INFO - [2025-03-27T16:41:42.381+0000] {dag.py:3036} INFO - Sync 1 DAGs
[2025-03-27T16:41:42.405+0000] {logging_mixin.py:188} INFO - [2025-03-27T16:41:42.404+0000] {dag.py:3823} INFO - Setting next_dagrun for example_branch_dop_operator_v3 to 2025-03-27 16:40:00+00:00, run_after=2025-03-27 16:41:00+00:00
[2025-03-27T16:41:42.423+0000] {processor.py:183} INFO - Processing /home/airflow/.local/lib/python3.8/site-packages/airflow/example_dags/example_branch_python_dop_operator_3.py took 0.073 seconds
[2025-03-27T16:42:12.714+0000] {processor.py:161} INFO - Started process (PID=7727) to work on /home/airflow/.local/lib/python3.8/site-packages/airflow/example_dags/example_branch_python_dop_operator_3.py
[2025-03-27T16:42:12.715+0000] {processor.py:830} INFO - Processing file /home/airflow/.local/lib/python3.8/site-packages/airflow/example_dags/example_branch_python_dop_operator_3.py for tasks to queue
[2025-03-27T16:42:12.716+0000] {logging_mixin.py:188} INFO - [2025-03-27T16:42:12.716+0000] {dagbag.py:538} INFO - Filling up the DagBag from /home/airflow/.local/lib/python3.8/site-packages/airflow/example_dags/example_branch_python_dop_operator_3.py
[2025-03-27T16:42:12.724+0000] {processor.py:840} INFO - DAG(s) 'example_branch_dop_operator_v3' retrieved from /home/airflow/.local/lib/python3.8/site-packages/airflow/example_dags/example_branch_python_dop_operator_3.py
[2025-03-27T16:42:12.742+0000] {logging_mixin.py:188} INFO - [2025-03-27T16:42:12.742+0000] {dag.py:3036} INFO - Sync 1 DAGs
[2025-03-27T16:42:12.765+0000] {logging_mixin.py:188} INFO - [2025-03-27T16:42:12.765+0000] {dag.py:3823} INFO - Setting next_dagrun for example_branch_dop_operator_v3 to 2025-03-27 16:41:00+00:00, run_after=2025-03-27 16:42:00+00:00
[2025-03-27T16:42:12.781+0000] {processor.py:183} INFO - Processing /home/airflow/.local/lib/python3.8/site-packages/airflow/example_dags/example_branch_python_dop_operator_3.py took 0.070 seconds
[2025-03-27T16:42:42.903+0000] {processor.py:161} INFO - Started process (PID=7979) to work on /home/airflow/.local/lib/python3.8/site-packages/airflow/example_dags/example_branch_python_dop_operator_3.py
[2025-03-27T16:42:42.904+0000] {processor.py:830} INFO - Processing file /home/airflow/.local/lib/python3.8/site-packages/airflow/example_dags/example_branch_python_dop_operator_3.py for tasks to queue
[2025-03-27T16:42:42.904+0000] {logging_mixin.py:188} INFO - [2025-03-27T16:42:42.904+0000] {dagbag.py:538} INFO - Filling up the DagBag from /home/airflow/.local/lib/python3.8/site-packages/airflow/example_dags/example_branch_python_dop_operator_3.py
[2025-03-27T16:42:42.913+0000] {processor.py:840} INFO - DAG(s) 'example_branch_dop_operator_v3' retrieved from /home/airflow/.local/lib/python3.8/site-packages/airflow/example_dags/example_branch_python_dop_operator_3.py
[2025-03-27T16:42:42.933+0000] {logging_mixin.py:188} INFO - [2025-03-27T16:42:42.932+0000] {dag.py:3036} INFO - Sync 1 DAGs
[2025-03-27T16:42:42.961+0000] {logging_mixin.py:188} INFO - [2025-03-27T16:42:42.960+0000] {dag.py:3823} INFO - Setting next_dagrun for example_branch_dop_operator_v3 to 2025-03-27 16:41:00+00:00, run_after=2025-03-27 16:42:00+00:00
[2025-03-27T16:42:42.978+0000] {processor.py:183} INFO - Processing /home/airflow/.local/lib/python3.8/site-packages/airflow/example_dags/example_branch_python_dop_operator_3.py took 0.079 seconds
[2025-03-27T16:43:13.029+0000] {processor.py:161} INFO - Started process (PID=8241) to work on /home/airflow/.local/lib/python3.8/site-packages/airflow/example_dags/example_branch_python_dop_operator_3.py
[2025-03-27T16:43:13.030+0000] {processor.py:830} INFO - Processing file /home/airflow/.local/lib/python3.8/site-packages/airflow/example_dags/example_branch_python_dop_operator_3.py for tasks to queue
[2025-03-27T16:43:13.031+0000] {logging_mixin.py:188} INFO - [2025-03-27T16:43:13.030+0000] {dagbag.py:538} INFO - Filling up the DagBag from /home/airflow/.local/lib/python3.8/site-packages/airflow/example_dags/example_branch_python_dop_operator_3.py
[2025-03-27T16:43:13.040+0000] {processor.py:840} INFO - DAG(s) 'example_branch_dop_operator_v3' retrieved from /home/airflow/.local/lib/python3.8/site-packages/airflow/example_dags/example_branch_python_dop_operator_3.py
[2025-03-27T16:43:13.060+0000] {logging_mixin.py:188} INFO - [2025-03-27T16:43:13.060+0000] {dag.py:3036} INFO - Sync 1 DAGs
[2025-03-27T16:43:13.085+0000] {logging_mixin.py:188} INFO - [2025-03-27T16:43:13.084+0000] {dag.py:3823} INFO - Setting next_dagrun for example_branch_dop_operator_v3 to 2025-03-27 16:42:00+00:00, run_after=2025-03-27 16:43:00+00:00
[2025-03-27T16:43:13.102+0000] {processor.py:183} INFO - Processing /home/airflow/.local/lib/python3.8/site-packages/airflow/example_dags/example_branch_python_dop_operator_3.py took 0.076 seconds
[2025-03-27T16:43:43.211+0000] {processor.py:161} INFO - Started process (PID=8557) to work on /home/airflow/.local/lib/python3.8/site-packages/airflow/example_dags/example_branch_python_dop_operator_3.py
[2025-03-27T16:43:43.212+0000] {processor.py:830} INFO - Processing file /home/airflow/.local/lib/python3.8/site-packages/airflow/example_dags/example_branch_python_dop_operator_3.py for tasks to queue
[2025-03-27T16:43:43.213+0000] {logging_mixin.py:188} INFO - [2025-03-27T16:43:43.213+0000] {dagbag.py:538} INFO - Filling up the DagBag from /home/airflow/.local/lib/python3.8/site-packages/airflow/example_dags/example_branch_python_dop_operator_3.py
[2025-03-27T16:43:43.222+0000] {processor.py:840} INFO - DAG(s) 'example_branch_dop_operator_v3' retrieved from /home/airflow/.local/lib/python3.8/site-packages/airflow/example_dags/example_branch_python_dop_operator_3.py
[2025-03-27T16:43:43.243+0000] {logging_mixin.py:188} INFO - [2025-03-27T16:43:43.242+0000] {dag.py:3036} INFO - Sync 1 DAGs
[2025-03-27T16:43:43.270+0000] {logging_mixin.py:188} INFO - [2025-03-27T16:43:43.270+0000] {dag.py:3823} INFO - Setting next_dagrun for example_branch_dop_operator_v3 to 2025-03-27 16:42:00+00:00, run_after=2025-03-27 16:43:00+00:00
[2025-03-27T16:43:43.291+0000] {processor.py:183} INFO - Processing /home/airflow/.local/lib/python3.8/site-packages/airflow/example_dags/example_branch_python_dop_operator_3.py took 0.082 seconds
[2025-03-27T16:44:13.432+0000] {processor.py:161} INFO - Started process (PID=8809) to work on /home/airflow/.local/lib/python3.8/site-packages/airflow/example_dags/example_branch_python_dop_operator_3.py
[2025-03-27T16:44:13.433+0000] {processor.py:830} INFO - Processing file /home/airflow/.local/lib/python3.8/site-packages/airflow/example_dags/example_branch_python_dop_operator_3.py for tasks to queue
[2025-03-27T16:44:13.434+0000] {logging_mixin.py:188} INFO - [2025-03-27T16:44:13.434+0000] {dagbag.py:538} INFO - Filling up the DagBag from /home/airflow/.local/lib/python3.8/site-packages/airflow/example_dags/example_branch_python_dop_operator_3.py
[2025-03-27T16:44:13.442+0000] {processor.py:840} INFO - DAG(s) 'example_branch_dop_operator_v3' retrieved from /home/airflow/.local/lib/python3.8/site-packages/airflow/example_dags/example_branch_python_dop_operator_3.py
[2025-03-27T16:44:13.461+0000] {logging_mixin.py:188} INFO - [2025-03-27T16:44:13.461+0000] {dag.py:3036} INFO - Sync 1 DAGs
[2025-03-27T16:44:13.497+0000] {logging_mixin.py:188} INFO - [2025-03-27T16:44:13.497+0000] {dag.py:3823} INFO - Setting next_dagrun for example_branch_dop_operator_v3 to 2025-03-27 16:43:00+00:00, run_after=2025-03-27 16:44:00+00:00
[2025-03-27T16:44:13.520+0000] {processor.py:183} INFO - Processing /home/airflow/.local/lib/python3.8/site-packages/airflow/example_dags/example_branch_python_dop_operator_3.py took 0.091 seconds
[2025-03-27T16:44:43.916+0000] {processor.py:161} INFO - Started process (PID=9076) to work on /home/airflow/.local/lib/python3.8/site-packages/airflow/example_dags/example_branch_python_dop_operator_3.py
[2025-03-27T16:44:43.917+0000] {processor.py:830} INFO - Processing file /home/airflow/.local/lib/python3.8/site-packages/airflow/example_dags/example_branch_python_dop_operator_3.py for tasks to queue
[2025-03-27T16:44:43.918+0000] {logging_mixin.py:188} INFO - [2025-03-27T16:44:43.918+0000] {dagbag.py:538} INFO - Filling up the DagBag from /home/airflow/.local/lib/python3.8/site-packages/airflow/example_dags/example_branch_python_dop_operator_3.py
[2025-03-27T16:44:43.926+0000] {processor.py:840} INFO - DAG(s) 'example_branch_dop_operator_v3' retrieved from /home/airflow/.local/lib/python3.8/site-packages/airflow/example_dags/example_branch_python_dop_operator_3.py
[2025-03-27T16:44:43.946+0000] {logging_mixin.py:188} INFO - [2025-03-27T16:44:43.946+0000] {dag.py:3036} INFO - Sync 1 DAGs
[2025-03-27T16:44:43.970+0000] {logging_mixin.py:188} INFO - [2025-03-27T16:44:43.970+0000] {dag.py:3823} INFO - Setting next_dagrun for example_branch_dop_operator_v3 to 2025-03-27 16:43:00+00:00, run_after=2025-03-27 16:44:00+00:00
[2025-03-27T16:44:43.987+0000] {processor.py:183} INFO - Processing /home/airflow/.local/lib/python3.8/site-packages/airflow/example_dags/example_branch_python_dop_operator_3.py took 0.074 seconds
[2025-03-27T16:45:14.052+0000] {processor.py:161} INFO - Started process (PID=9328) to work on /home/airflow/.local/lib/python3.8/site-packages/airflow/example_dags/example_branch_python_dop_operator_3.py
[2025-03-27T16:45:14.053+0000] {processor.py:830} INFO - Processing file /home/airflow/.local/lib/python3.8/site-packages/airflow/example_dags/example_branch_python_dop_operator_3.py for tasks to queue
[2025-03-27T16:45:14.054+0000] {logging_mixin.py:188} INFO - [2025-03-27T16:45:14.053+0000] {dagbag.py:538} INFO - Filling up the DagBag from /home/airflow/.local/lib/python3.8/site-packages/airflow/example_dags/example_branch_python_dop_operator_3.py
[2025-03-27T16:45:14.062+0000] {processor.py:840} INFO - DAG(s) 'example_branch_dop_operator_v3' retrieved from /home/airflow/.local/lib/python3.8/site-packages/airflow/example_dags/example_branch_python_dop_operator_3.py
[2025-03-27T16:45:14.082+0000] {logging_mixin.py:188} INFO - [2025-03-27T16:45:14.082+0000] {dag.py:3036} INFO - Sync 1 DAGs
[2025-03-27T16:45:14.106+0000] {logging_mixin.py:188} INFO - [2025-03-27T16:45:14.106+0000] {dag.py:3823} INFO - Setting next_dagrun for example_branch_dop_operator_v3 to 2025-03-27 16:44:00+00:00, run_after=2025-03-27 16:45:00+00:00
[2025-03-27T16:45:14.125+0000] {processor.py:183} INFO - Processing /home/airflow/.local/lib/python3.8/site-packages/airflow/example_dags/example_branch_python_dop_operator_3.py took 0.076 seconds
[2025-03-27T16:45:45.598+0000] {processor.py:161} INFO - Started process (PID=9848) to work on /home/airflow/.local/lib/python3.8/site-packages/airflow/example_dags/example_branch_python_dop_operator_3.py
[2025-03-27T16:45:45.600+0000] {processor.py:830} INFO - Processing file /home/airflow/.local/lib/python3.8/site-packages/airflow/example_dags/example_branch_python_dop_operator_3.py for tasks to queue
[2025-03-27T16:45:45.605+0000] {logging_mixin.py:188} INFO - [2025-03-27T16:45:45.605+0000] {dagbag.py:538} INFO - Filling up the DagBag from /home/airflow/.local/lib/python3.8/site-packages/airflow/example_dags/example_branch_python_dop_operator_3.py
[2025-03-27T16:45:45.652+0000] {processor.py:840} INFO - DAG(s) 'example_branch_dop_operator_v3' retrieved from /home/airflow/.local/lib/python3.8/site-packages/airflow/example_dags/example_branch_python_dop_operator_3.py
[2025-03-27T16:45:45.713+0000] {logging_mixin.py:188} INFO - [2025-03-27T16:45:45.712+0000] {dag.py:3036} INFO - Sync 1 DAGs
[2025-03-27T16:45:45.776+0000] {logging_mixin.py:188} INFO - [2025-03-27T16:45:45.776+0000] {dag.py:3823} INFO - Setting next_dagrun for example_branch_dop_operator_v3 to 2025-03-27 16:44:00+00:00, run_after=2025-03-27 16:45:00+00:00
[2025-03-27T16:45:45.848+0000] {processor.py:183} INFO - Processing /home/airflow/.local/lib/python3.8/site-packages/airflow/example_dags/example_branch_python_dop_operator_3.py took 0.259 seconds
[2025-03-27T16:46:16.294+0000] {processor.py:161} INFO - Started process (PID=10478) to work on /home/airflow/.local/lib/python3.8/site-packages/airflow/example_dags/example_branch_python_dop_operator_3.py
[2025-03-27T16:46:16.296+0000] {processor.py:830} INFO - Processing file /home/airflow/.local/lib/python3.8/site-packages/airflow/example_dags/example_branch_python_dop_operator_3.py for tasks to queue
[2025-03-27T16:46:16.298+0000] {logging_mixin.py:188} INFO - [2025-03-27T16:46:16.298+0000] {dagbag.py:538} INFO - Filling up the DagBag from /home/airflow/.local/lib/python3.8/site-packages/airflow/example_dags/example_branch_python_dop_operator_3.py
[2025-03-27T16:46:16.313+0000] {processor.py:840} INFO - DAG(s) 'example_branch_dop_operator_v3' retrieved from /home/airflow/.local/lib/python3.8/site-packages/airflow/example_dags/example_branch_python_dop_operator_3.py
[2025-03-27T16:46:16.422+0000] {logging_mixin.py:188} INFO - [2025-03-27T16:46:16.422+0000] {dag.py:3036} INFO - Sync 1 DAGs
[2025-03-27T16:46:16.488+0000] {logging_mixin.py:188} INFO - [2025-03-27T16:46:16.488+0000] {dag.py:3823} INFO - Setting next_dagrun for example_branch_dop_operator_v3 to 2025-03-27 16:45:00+00:00, run_after=2025-03-27 16:46:00+00:00
[2025-03-27T16:46:16.527+0000] {processor.py:183} INFO - Processing /home/airflow/.local/lib/python3.8/site-packages/airflow/example_dags/example_branch_python_dop_operator_3.py took 0.245 seconds
[2025-03-27T16:46:46.852+0000] {processor.py:161} INFO - Started process (PID=11178) to work on /home/airflow/.local/lib/python3.8/site-packages/airflow/example_dags/example_branch_python_dop_operator_3.py
[2025-03-27T16:46:46.855+0000] {processor.py:830} INFO - Processing file /home/airflow/.local/lib/python3.8/site-packages/airflow/example_dags/example_branch_python_dop_operator_3.py for tasks to queue
[2025-03-27T16:46:46.857+0000] {logging_mixin.py:188} INFO - [2025-03-27T16:46:46.856+0000] {dagbag.py:538} INFO - Filling up the DagBag from /home/airflow/.local/lib/python3.8/site-packages/airflow/example_dags/example_branch_python_dop_operator_3.py
[2025-03-27T16:46:46.877+0000] {processor.py:840} INFO - DAG(s) 'example_branch_dop_operator_v3' retrieved from /home/airflow/.local/lib/python3.8/site-packages/airflow/example_dags/example_branch_python_dop_operator_3.py
[2025-03-27T16:46:46.935+0000] {logging_mixin.py:188} INFO - [2025-03-27T16:46:46.934+0000] {dag.py:3036} INFO - Sync 1 DAGs
[2025-03-27T16:46:47.017+0000] {logging_mixin.py:188} INFO - [2025-03-27T16:46:47.017+0000] {dag.py:3823} INFO - Setting next_dagrun for example_branch_dop_operator_v3 to 2025-03-27 16:45:00+00:00, run_after=2025-03-27 16:46:00+00:00
[2025-03-27T16:46:47.085+0000] {processor.py:183} INFO - Processing /home/airflow/.local/lib/python3.8/site-packages/airflow/example_dags/example_branch_python_dop_operator_3.py took 0.238 seconds
[2025-03-27T16:47:17.571+0000] {processor.py:161} INFO - Started process (PID=11890) to work on /home/airflow/.local/lib/python3.8/site-packages/airflow/example_dags/example_branch_python_dop_operator_3.py
[2025-03-27T16:47:17.572+0000] {processor.py:830} INFO - Processing file /home/airflow/.local/lib/python3.8/site-packages/airflow/example_dags/example_branch_python_dop_operator_3.py for tasks to queue
[2025-03-27T16:47:17.574+0000] {logging_mixin.py:188} INFO - [2025-03-27T16:47:17.573+0000] {dagbag.py:538} INFO - Filling up the DagBag from /home/airflow/.local/lib/python3.8/site-packages/airflow/example_dags/example_branch_python_dop_operator_3.py
[2025-03-27T16:47:17.584+0000] {processor.py:840} INFO - DAG(s) 'example_branch_dop_operator_v3' retrieved from /home/airflow/.local/lib/python3.8/site-packages/airflow/example_dags/example_branch_python_dop_operator_3.py
[2025-03-27T16:47:17.610+0000] {logging_mixin.py:188} INFO - [2025-03-27T16:47:17.609+0000] {dag.py:3036} INFO - Sync 1 DAGs
[2025-03-27T16:47:17.647+0000] {logging_mixin.py:188} INFO - [2025-03-27T16:47:17.647+0000] {dag.py:3823} INFO - Setting next_dagrun for example_branch_dop_operator_v3 to 2025-03-27 16:46:00+00:00, run_after=2025-03-27 16:47:00+00:00
[2025-03-27T16:47:17.679+0000] {processor.py:183} INFO - Processing /home/airflow/.local/lib/python3.8/site-packages/airflow/example_dags/example_branch_python_dop_operator_3.py took 0.112 seconds
[2025-03-27T16:47:47.784+0000] {processor.py:161} INFO - Started process (PID=12539) to work on /home/airflow/.local/lib/python3.8/site-packages/airflow/example_dags/example_branch_python_dop_operator_3.py
[2025-03-27T16:47:47.785+0000] {processor.py:830} INFO - Processing file /home/airflow/.local/lib/python3.8/site-packages/airflow/example_dags/example_branch_python_dop_operator_3.py for tasks to queue
[2025-03-27T16:47:47.787+0000] {logging_mixin.py:188} INFO - [2025-03-27T16:47:47.786+0000] {dagbag.py:538} INFO - Filling up the DagBag from /home/airflow/.local/lib/python3.8/site-packages/airflow/example_dags/example_branch_python_dop_operator_3.py
[2025-03-27T16:47:47.798+0000] {processor.py:840} INFO - DAG(s) 'example_branch_dop_operator_v3' retrieved from /home/airflow/.local/lib/python3.8/site-packages/airflow/example_dags/example_branch_python_dop_operator_3.py
[2025-03-27T16:47:47.822+0000] {logging_mixin.py:188} INFO - [2025-03-27T16:47:47.821+0000] {dag.py:3036} INFO - Sync 1 DAGs
[2025-03-27T16:47:47.859+0000] {logging_mixin.py:188} INFO - [2025-03-27T16:47:47.858+0000] {dag.py:3823} INFO - Setting next_dagrun for example_branch_dop_operator_v3 to 2025-03-27 16:46:00+00:00, run_after=2025-03-27 16:47:00+00:00
[2025-03-27T16:47:47.891+0000] {processor.py:183} INFO - Processing /home/airflow/.local/lib/python3.8/site-packages/airflow/example_dags/example_branch_python_dop_operator_3.py took 0.111 seconds
[2025-03-27T16:48:18.533+0000] {processor.py:161} INFO - Started process (PID=13235) to work on /home/airflow/.local/lib/python3.8/site-packages/airflow/example_dags/example_branch_python_dop_operator_3.py
[2025-03-27T16:48:18.534+0000] {processor.py:830} INFO - Processing file /home/airflow/.local/lib/python3.8/site-packages/airflow/example_dags/example_branch_python_dop_operator_3.py for tasks to queue
[2025-03-27T16:48:18.537+0000] {logging_mixin.py:188} INFO - [2025-03-27T16:48:18.536+0000] {dagbag.py:538} INFO - Filling up the DagBag from /home/airflow/.local/lib/python3.8/site-packages/airflow/example_dags/example_branch_python_dop_operator_3.py
[2025-03-27T16:48:18.554+0000] {processor.py:840} INFO - DAG(s) 'example_branch_dop_operator_v3' retrieved from /home/airflow/.local/lib/python3.8/site-packages/airflow/example_dags/example_branch_python_dop_operator_3.py
[2025-03-27T16:48:18.612+0000] {logging_mixin.py:188} INFO - [2025-03-27T16:48:18.612+0000] {dag.py:3036} INFO - Sync 1 DAGs
[2025-03-27T16:48:18.718+0000] {logging_mixin.py:188} INFO - [2025-03-27T16:48:18.717+0000] {dag.py:3823} INFO - Setting next_dagrun for example_branch_dop_operator_v3 to 2025-03-27 16:47:00+00:00, run_after=2025-03-27 16:48:00+00:00
[2025-03-27T16:48:18.769+0000] {processor.py:183} INFO - Processing /home/airflow/.local/lib/python3.8/site-packages/airflow/example_dags/example_branch_python_dop_operator_3.py took 0.243 seconds
[2025-03-27T16:48:49.687+0000] {processor.py:161} INFO - Started process (PID=13944) to work on /home/airflow/.local/lib/python3.8/site-packages/airflow/example_dags/example_branch_python_dop_operator_3.py
[2025-03-27T16:48:49.703+0000] {processor.py:830} INFO - Processing file /home/airflow/.local/lib/python3.8/site-packages/airflow/example_dags/example_branch_python_dop_operator_3.py for tasks to queue
[2025-03-27T16:48:49.706+0000] {logging_mixin.py:188} INFO - [2025-03-27T16:48:49.705+0000] {dagbag.py:538} INFO - Filling up the DagBag from /home/airflow/.local/lib/python3.8/site-packages/airflow/example_dags/example_branch_python_dop_operator_3.py
[2025-03-27T16:48:49.749+0000] {processor.py:840} INFO - DAG(s) 'example_branch_dop_operator_v3' retrieved from /home/airflow/.local/lib/python3.8/site-packages/airflow/example_dags/example_branch_python_dop_operator_3.py
[2025-03-27T16:48:49.819+0000] {logging_mixin.py:188} INFO - [2025-03-27T16:48:49.819+0000] {dag.py:3036} INFO - Sync 1 DAGs
[2025-03-27T16:48:49.915+0000] {logging_mixin.py:188} INFO - [2025-03-27T16:48:49.914+0000] {dag.py:3823} INFO - Setting next_dagrun for example_branch_dop_operator_v3 to 2025-03-27 16:47:00+00:00, run_after=2025-03-27 16:48:00+00:00
[2025-03-27T16:48:49.966+0000] {processor.py:183} INFO - Processing /home/airflow/.local/lib/python3.8/site-packages/airflow/example_dags/example_branch_python_dop_operator_3.py took 0.289 seconds
[2025-03-27T16:49:20.414+0000] {processor.py:161} INFO - Started process (PID=14619) to work on /home/airflow/.local/lib/python3.8/site-packages/airflow/example_dags/example_branch_python_dop_operator_3.py
[2025-03-27T16:49:20.415+0000] {processor.py:830} INFO - Processing file /home/airflow/.local/lib/python3.8/site-packages/airflow/example_dags/example_branch_python_dop_operator_3.py for tasks to queue
[2025-03-27T16:49:20.416+0000] {logging_mixin.py:188} INFO - [2025-03-27T16:49:20.416+0000] {dagbag.py:538} INFO - Filling up the DagBag from /home/airflow/.local/lib/python3.8/site-packages/airflow/example_dags/example_branch_python_dop_operator_3.py
[2025-03-27T16:49:20.428+0000] {processor.py:840} INFO - DAG(s) 'example_branch_dop_operator_v3' retrieved from /home/airflow/.local/lib/python3.8/site-packages/airflow/example_dags/example_branch_python_dop_operator_3.py
[2025-03-27T16:49:20.461+0000] {logging_mixin.py:188} INFO - [2025-03-27T16:49:20.460+0000] {dag.py:3036} INFO - Sync 1 DAGs
[2025-03-27T16:49:20.491+0000] {logging_mixin.py:188} INFO - [2025-03-27T16:49:20.491+0000] {dag.py:3823} INFO - Setting next_dagrun for example_branch_dop_operator_v3 to 2025-03-27 16:48:00+00:00, run_after=2025-03-27 16:49:00+00:00
[2025-03-27T16:49:20.519+0000] {processor.py:183} INFO - Processing /home/airflow/.local/lib/python3.8/site-packages/airflow/example_dags/example_branch_python_dop_operator_3.py took 0.109 seconds
[2025-03-27T16:49:50.795+0000] {processor.py:161} INFO - Started process (PID=15307) to work on /home/airflow/.local/lib/python3.8/site-packages/airflow/example_dags/example_branch_python_dop_operator_3.py
[2025-03-27T16:49:50.797+0000] {processor.py:830} INFO - Processing file /home/airflow/.local/lib/python3.8/site-packages/airflow/example_dags/example_branch_python_dop_operator_3.py for tasks to queue
[2025-03-27T16:49:50.799+0000] {logging_mixin.py:188} INFO - [2025-03-27T16:49:50.798+0000] {dagbag.py:538} INFO - Filling up the DagBag from /home/airflow/.local/lib/python3.8/site-packages/airflow/example_dags/example_branch_python_dop_operator_3.py
[2025-03-27T16:49:50.814+0000] {processor.py:840} INFO - DAG(s) 'example_branch_dop_operator_v3' retrieved from /home/airflow/.local/lib/python3.8/site-packages/airflow/example_dags/example_branch_python_dop_operator_3.py
[2025-03-27T16:49:50.852+0000] {logging_mixin.py:188} INFO - [2025-03-27T16:49:50.851+0000] {dag.py:3036} INFO - Sync 1 DAGs
[2025-03-27T16:49:50.916+0000] {logging_mixin.py:188} INFO - [2025-03-27T16:49:50.915+0000] {dag.py:3823} INFO - Setting next_dagrun for example_branch_dop_operator_v3 to 2025-03-27 16:48:00+00:00, run_after=2025-03-27 16:49:00+00:00
[2025-03-27T16:49:50.973+0000] {processor.py:183} INFO - Processing /home/airflow/.local/lib/python3.8/site-packages/airflow/example_dags/example_branch_python_dop_operator_3.py took 0.183 seconds
[2025-03-27T16:50:21.247+0000] {processor.py:161} INFO - Started process (PID=16003) to work on /home/airflow/.local/lib/python3.8/site-packages/airflow/example_dags/example_branch_python_dop_operator_3.py
[2025-03-27T16:50:21.249+0000] {processor.py:830} INFO - Processing file /home/airflow/.local/lib/python3.8/site-packages/airflow/example_dags/example_branch_python_dop_operator_3.py for tasks to queue
[2025-03-27T16:50:21.250+0000] {logging_mixin.py:188} INFO - [2025-03-27T16:50:21.250+0000] {dagbag.py:538} INFO - Filling up the DagBag from /home/airflow/.local/lib/python3.8/site-packages/airflow/example_dags/example_branch_python_dop_operator_3.py
[2025-03-27T16:50:21.265+0000] {processor.py:840} INFO - DAG(s) 'example_branch_dop_operator_v3' retrieved from /home/airflow/.local/lib/python3.8/site-packages/airflow/example_dags/example_branch_python_dop_operator_3.py
[2025-03-27T16:50:21.299+0000] {logging_mixin.py:188} INFO - [2025-03-27T16:50:21.299+0000] {dag.py:3036} INFO - Sync 1 DAGs
[2025-03-27T16:50:21.354+0000] {logging_mixin.py:188} INFO - [2025-03-27T16:50:21.354+0000] {dag.py:3823} INFO - Setting next_dagrun for example_branch_dop_operator_v3 to 2025-03-27 16:49:00+00:00, run_after=2025-03-27 16:50:00+00:00
[2025-03-27T16:50:21.411+0000] {processor.py:183} INFO - Processing /home/airflow/.local/lib/python3.8/site-packages/airflow/example_dags/example_branch_python_dop_operator_3.py took 0.169 seconds
[2025-03-27T16:50:51.747+0000] {processor.py:161} INFO - Started process (PID=16693) to work on /home/airflow/.local/lib/python3.8/site-packages/airflow/example_dags/example_branch_python_dop_operator_3.py
[2025-03-27T16:50:51.749+0000] {processor.py:830} INFO - Processing file /home/airflow/.local/lib/python3.8/site-packages/airflow/example_dags/example_branch_python_dop_operator_3.py for tasks to queue
[2025-03-27T16:50:51.751+0000] {logging_mixin.py:188} INFO - [2025-03-27T16:50:51.750+0000] {dagbag.py:538} INFO - Filling up the DagBag from /home/airflow/.local/lib/python3.8/site-packages/airflow/example_dags/example_branch_python_dop_operator_3.py
[2025-03-27T16:50:51.767+0000] {processor.py:840} INFO - DAG(s) 'example_branch_dop_operator_v3' retrieved from /home/airflow/.local/lib/python3.8/site-packages/airflow/example_dags/example_branch_python_dop_operator_3.py
[2025-03-27T16:50:51.799+0000] {logging_mixin.py:188} INFO - [2025-03-27T16:50:51.798+0000] {dag.py:3036} INFO - Sync 1 DAGs
[2025-03-27T16:50:51.840+0000] {logging_mixin.py:188} INFO - [2025-03-27T16:50:51.839+0000] {dag.py:3823} INFO - Setting next_dagrun for example_branch_dop_operator_v3 to 2025-03-27 16:49:00+00:00, run_after=2025-03-27 16:50:00+00:00
[2025-03-27T16:50:51.871+0000] {processor.py:183} INFO - Processing /home/airflow/.local/lib/python3.8/site-packages/airflow/example_dags/example_branch_python_dop_operator_3.py took 0.130 seconds
[2025-03-27T16:51:22.018+0000] {processor.py:161} INFO - Started process (PID=17348) to work on /home/airflow/.local/lib/python3.8/site-packages/airflow/example_dags/example_branch_python_dop_operator_3.py
[2025-03-27T16:51:22.019+0000] {processor.py:830} INFO - Processing file /home/airflow/.local/lib/python3.8/site-packages/airflow/example_dags/example_branch_python_dop_operator_3.py for tasks to queue
[2025-03-27T16:51:22.020+0000] {logging_mixin.py:188} INFO - [2025-03-27T16:51:22.019+0000] {dagbag.py:538} INFO - Filling up the DagBag from /home/airflow/.local/lib/python3.8/site-packages/airflow/example_dags/example_branch_python_dop_operator_3.py
[2025-03-27T16:51:22.028+0000] {processor.py:840} INFO - DAG(s) 'example_branch_dop_operator_v3' retrieved from /home/airflow/.local/lib/python3.8/site-packages/airflow/example_dags/example_branch_python_dop_operator_3.py
[2025-03-27T16:51:22.047+0000] {logging_mixin.py:188} INFO - [2025-03-27T16:51:22.047+0000] {dag.py:3036} INFO - Sync 1 DAGs
[2025-03-27T16:51:22.071+0000] {logging_mixin.py:188} INFO - [2025-03-27T16:51:22.071+0000] {dag.py:3823} INFO - Setting next_dagrun for example_branch_dop_operator_v3 to 2025-03-27 16:50:00+00:00, run_after=2025-03-27 16:51:00+00:00
[2025-03-27T16:51:22.089+0000] {processor.py:183} INFO - Processing /home/airflow/.local/lib/python3.8/site-packages/airflow/example_dags/example_branch_python_dop_operator_3.py took 0.074 seconds
[2025-03-27T16:51:52.200+0000] {processor.py:161} INFO - Started process (PID=17764) to work on /home/airflow/.local/lib/python3.8/site-packages/airflow/example_dags/example_branch_python_dop_operator_3.py
[2025-03-27T16:51:52.201+0000] {processor.py:830} INFO - Processing file /home/airflow/.local/lib/python3.8/site-packages/airflow/example_dags/example_branch_python_dop_operator_3.py for tasks to queue
[2025-03-27T16:51:52.202+0000] {logging_mixin.py:188} INFO - [2025-03-27T16:51:52.202+0000] {dagbag.py:538} INFO - Filling up the DagBag from /home/airflow/.local/lib/python3.8/site-packages/airflow/example_dags/example_branch_python_dop_operator_3.py
[2025-03-27T16:51:52.212+0000] {processor.py:840} INFO - DAG(s) 'example_branch_dop_operator_v3' retrieved from /home/airflow/.local/lib/python3.8/site-packages/airflow/example_dags/example_branch_python_dop_operator_3.py
[2025-03-27T16:51:52.234+0000] {logging_mixin.py:188} INFO - [2025-03-27T16:51:52.234+0000] {dag.py:3036} INFO - Sync 1 DAGs
[2025-03-27T16:51:52.263+0000] {logging_mixin.py:188} INFO - [2025-03-27T16:51:52.263+0000] {dag.py:3823} INFO - Setting next_dagrun for example_branch_dop_operator_v3 to 2025-03-27 16:50:00+00:00, run_after=2025-03-27 16:51:00+00:00
[2025-03-27T16:51:52.289+0000] {processor.py:183} INFO - Processing /home/airflow/.local/lib/python3.8/site-packages/airflow/example_dags/example_branch_python_dop_operator_3.py took 0.092 seconds
[2025-03-27T16:52:22.341+0000] {processor.py:161} INFO - Started process (PID=18014) to work on /home/airflow/.local/lib/python3.8/site-packages/airflow/example_dags/example_branch_python_dop_operator_3.py
[2025-03-27T16:52:22.342+0000] {processor.py:830} INFO - Processing file /home/airflow/.local/lib/python3.8/site-packages/airflow/example_dags/example_branch_python_dop_operator_3.py for tasks to queue
[2025-03-27T16:52:22.343+0000] {logging_mixin.py:188} INFO - [2025-03-27T16:52:22.342+0000] {dagbag.py:538} INFO - Filling up the DagBag from /home/airflow/.local/lib/python3.8/site-packages/airflow/example_dags/example_branch_python_dop_operator_3.py
[2025-03-27T16:52:22.351+0000] {processor.py:840} INFO - DAG(s) 'example_branch_dop_operator_v3' retrieved from /home/airflow/.local/lib/python3.8/site-packages/airflow/example_dags/example_branch_python_dop_operator_3.py
[2025-03-27T16:52:22.369+0000] {logging_mixin.py:188} INFO - [2025-03-27T16:52:22.368+0000] {dag.py:3036} INFO - Sync 1 DAGs
[2025-03-27T16:52:22.393+0000] {logging_mixin.py:188} INFO - [2025-03-27T16:52:22.392+0000] {dag.py:3823} INFO - Setting next_dagrun for example_branch_dop_operator_v3 to 2025-03-27 16:51:00+00:00, run_after=2025-03-27 16:52:00+00:00
[2025-03-27T16:52:22.409+0000] {processor.py:183} INFO - Processing /home/airflow/.local/lib/python3.8/site-packages/airflow/example_dags/example_branch_python_dop_operator_3.py took 0.071 seconds
[2025-03-27T16:52:53.096+0000] {processor.py:161} INFO - Started process (PID=18266) to work on /home/airflow/.local/lib/python3.8/site-packages/airflow/example_dags/example_branch_python_dop_operator_3.py
[2025-03-27T16:52:53.097+0000] {processor.py:830} INFO - Processing file /home/airflow/.local/lib/python3.8/site-packages/airflow/example_dags/example_branch_python_dop_operator_3.py for tasks to queue
[2025-03-27T16:52:53.097+0000] {logging_mixin.py:188} INFO - [2025-03-27T16:52:53.097+0000] {dagbag.py:538} INFO - Filling up the DagBag from /home/airflow/.local/lib/python3.8/site-packages/airflow/example_dags/example_branch_python_dop_operator_3.py
[2025-03-27T16:52:53.105+0000] {processor.py:840} INFO - DAG(s) 'example_branch_dop_operator_v3' retrieved from /home/airflow/.local/lib/python3.8/site-packages/airflow/example_dags/example_branch_python_dop_operator_3.py
[2025-03-27T16:52:53.124+0000] {logging_mixin.py:188} INFO - [2025-03-27T16:52:53.124+0000] {dag.py:3036} INFO - Sync 1 DAGs
[2025-03-27T16:52:53.280+0000] {logging_mixin.py:188} INFO - [2025-03-27T16:52:53.279+0000] {dag.py:3823} INFO - Setting next_dagrun for example_branch_dop_operator_v3 to 2025-03-27 16:51:00+00:00, run_after=2025-03-27 16:52:00+00:00
[2025-03-27T16:52:53.295+0000] {processor.py:183} INFO - Processing /home/airflow/.local/lib/python3.8/site-packages/airflow/example_dags/example_branch_python_dop_operator_3.py took 0.202 seconds
[2025-03-27T16:53:23.987+0000] {processor.py:161} INFO - Started process (PID=18518) to work on /home/airflow/.local/lib/python3.8/site-packages/airflow/example_dags/example_branch_python_dop_operator_3.py
[2025-03-27T16:53:23.988+0000] {processor.py:830} INFO - Processing file /home/airflow/.local/lib/python3.8/site-packages/airflow/example_dags/example_branch_python_dop_operator_3.py for tasks to queue
[2025-03-27T16:53:23.989+0000] {logging_mixin.py:188} INFO - [2025-03-27T16:53:23.989+0000] {dagbag.py:538} INFO - Filling up the DagBag from /home/airflow/.local/lib/python3.8/site-packages/airflow/example_dags/example_branch_python_dop_operator_3.py
[2025-03-27T16:53:23.998+0000] {processor.py:840} INFO - DAG(s) 'example_branch_dop_operator_v3' retrieved from /home/airflow/.local/lib/python3.8/site-packages/airflow/example_dags/example_branch_python_dop_operator_3.py
[2025-03-27T16:53:24.018+0000] {logging_mixin.py:188} INFO - [2025-03-27T16:53:24.018+0000] {dag.py:3036} INFO - Sync 1 DAGs
[2025-03-27T16:53:24.044+0000] {logging_mixin.py:188} INFO - [2025-03-27T16:53:24.044+0000] {dag.py:3823} INFO - Setting next_dagrun for example_branch_dop_operator_v3 to 2025-03-27 16:52:00+00:00, run_after=2025-03-27 16:53:00+00:00
[2025-03-27T16:53:24.230+0000] {processor.py:183} INFO - Processing /home/airflow/.local/lib/python3.8/site-packages/airflow/example_dags/example_branch_python_dop_operator_3.py took 0.246 seconds
[2025-03-27T16:53:55.148+0000] {processor.py:161} INFO - Started process (PID=18777) to work on /home/airflow/.local/lib/python3.8/site-packages/airflow/example_dags/example_branch_python_dop_operator_3.py
[2025-03-27T16:53:55.149+0000] {processor.py:830} INFO - Processing file /home/airflow/.local/lib/python3.8/site-packages/airflow/example_dags/example_branch_python_dop_operator_3.py for tasks to queue
[2025-03-27T16:53:55.150+0000] {logging_mixin.py:188} INFO - [2025-03-27T16:53:55.149+0000] {dagbag.py:538} INFO - Filling up the DagBag from /home/airflow/.local/lib/python3.8/site-packages/airflow/example_dags/example_branch_python_dop_operator_3.py
[2025-03-27T16:53:55.158+0000] {processor.py:840} INFO - DAG(s) 'example_branch_dop_operator_v3' retrieved from /home/airflow/.local/lib/python3.8/site-packages/airflow/example_dags/example_branch_python_dop_operator_3.py
[2025-03-27T16:53:55.177+0000] {logging_mixin.py:188} INFO - [2025-03-27T16:53:55.177+0000] {dag.py:3036} INFO - Sync 1 DAGs
[2025-03-27T16:53:55.202+0000] {logging_mixin.py:188} INFO - [2025-03-27T16:53:55.202+0000] {dag.py:3823} INFO - Setting next_dagrun for example_branch_dop_operator_v3 to 2025-03-27 16:52:00+00:00, run_after=2025-03-27 16:53:00+00:00
[2025-03-27T16:53:55.219+0000] {processor.py:183} INFO - Processing /home/airflow/.local/lib/python3.8/site-packages/airflow/example_dags/example_branch_python_dop_operator_3.py took 0.073 seconds
[2025-03-27T16:54:25.398+0000] {processor.py:161} INFO - Started process (PID=19029) to work on /home/airflow/.local/lib/python3.8/site-packages/airflow/example_dags/example_branch_python_dop_operator_3.py
[2025-03-27T16:54:25.399+0000] {processor.py:830} INFO - Processing file /home/airflow/.local/lib/python3.8/site-packages/airflow/example_dags/example_branch_python_dop_operator_3.py for tasks to queue
[2025-03-27T16:54:25.400+0000] {logging_mixin.py:188} INFO - [2025-03-27T16:54:25.399+0000] {dagbag.py:538} INFO - Filling up the DagBag from /home/airflow/.local/lib/python3.8/site-packages/airflow/example_dags/example_branch_python_dop_operator_3.py
[2025-03-27T16:54:25.408+0000] {processor.py:840} INFO - DAG(s) 'example_branch_dop_operator_v3' retrieved from /home/airflow/.local/lib/python3.8/site-packages/airflow/example_dags/example_branch_python_dop_operator_3.py
[2025-03-27T16:54:25.428+0000] {logging_mixin.py:188} INFO - [2025-03-27T16:54:25.427+0000] {dag.py:3036} INFO - Sync 1 DAGs
[2025-03-27T16:54:25.453+0000] {logging_mixin.py:188} INFO - [2025-03-27T16:54:25.453+0000] {dag.py:3823} INFO - Setting next_dagrun for example_branch_dop_operator_v3 to 2025-03-27 16:53:00+00:00, run_after=2025-03-27 16:54:00+00:00
[2025-03-27T16:54:25.473+0000] {processor.py:183} INFO - Processing /home/airflow/.local/lib/python3.8/site-packages/airflow/example_dags/example_branch_python_dop_operator_3.py took 0.078 seconds
[2025-03-27T16:54:55.703+0000] {processor.py:161} INFO - Started process (PID=19281) to work on /home/airflow/.local/lib/python3.8/site-packages/airflow/example_dags/example_branch_python_dop_operator_3.py
[2025-03-27T16:54:55.704+0000] {processor.py:830} INFO - Processing file /home/airflow/.local/lib/python3.8/site-packages/airflow/example_dags/example_branch_python_dop_operator_3.py for tasks to queue
[2025-03-27T16:54:55.705+0000] {logging_mixin.py:188} INFO - [2025-03-27T16:54:55.705+0000] {dagbag.py:538} INFO - Filling up the DagBag from /home/airflow/.local/lib/python3.8/site-packages/airflow/example_dags/example_branch_python_dop_operator_3.py
[2025-03-27T16:54:55.714+0000] {processor.py:840} INFO - DAG(s) 'example_branch_dop_operator_v3' retrieved from /home/airflow/.local/lib/python3.8/site-packages/airflow/example_dags/example_branch_python_dop_operator_3.py
[2025-03-27T16:54:55.735+0000] {logging_mixin.py:188} INFO - [2025-03-27T16:54:55.735+0000] {dag.py:3036} INFO - Sync 1 DAGs
[2025-03-27T16:54:55.759+0000] {logging_mixin.py:188} INFO - [2025-03-27T16:54:55.759+0000] {dag.py:3823} INFO - Setting next_dagrun for example_branch_dop_operator_v3 to 2025-03-27 16:53:00+00:00, run_after=2025-03-27 16:54:00+00:00
[2025-03-27T16:54:55.775+0000] {processor.py:183} INFO - Processing /home/airflow/.local/lib/python3.8/site-packages/airflow/example_dags/example_branch_python_dop_operator_3.py took 0.075 seconds
[2025-03-27T16:55:26.356+0000] {processor.py:161} INFO - Started process (PID=19533) to work on /home/airflow/.local/lib/python3.8/site-packages/airflow/example_dags/example_branch_python_dop_operator_3.py
[2025-03-27T16:55:26.357+0000] {processor.py:830} INFO - Processing file /home/airflow/.local/lib/python3.8/site-packages/airflow/example_dags/example_branch_python_dop_operator_3.py for tasks to queue
[2025-03-27T16:55:26.358+0000] {logging_mixin.py:188} INFO - [2025-03-27T16:55:26.358+0000] {dagbag.py:538} INFO - Filling up the DagBag from /home/airflow/.local/lib/python3.8/site-packages/airflow/example_dags/example_branch_python_dop_operator_3.py
[2025-03-27T16:55:26.366+0000] {processor.py:840} INFO - DAG(s) 'example_branch_dop_operator_v3' retrieved from /home/airflow/.local/lib/python3.8/site-packages/airflow/example_dags/example_branch_python_dop_operator_3.py
[2025-03-27T16:55:26.567+0000] {logging_mixin.py:188} INFO - [2025-03-27T16:55:26.567+0000] {dag.py:3036} INFO - Sync 1 DAGs
[2025-03-27T16:55:26.593+0000] {logging_mixin.py:188} INFO - [2025-03-27T16:55:26.593+0000] {dag.py:3823} INFO - Setting next_dagrun for example_branch_dop_operator_v3 to 2025-03-27 16:54:00+00:00, run_after=2025-03-27 16:55:00+00:00
[2025-03-27T16:55:26.610+0000] {processor.py:183} INFO - Processing /home/airflow/.local/lib/python3.8/site-packages/airflow/example_dags/example_branch_python_dop_operator_3.py took 0.256 seconds
[2025-03-27T16:55:56.659+0000] {processor.py:161} INFO - Started process (PID=19785) to work on /home/airflow/.local/lib/python3.8/site-packages/airflow/example_dags/example_branch_python_dop_operator_3.py
[2025-03-27T16:55:56.660+0000] {processor.py:830} INFO - Processing file /home/airflow/.local/lib/python3.8/site-packages/airflow/example_dags/example_branch_python_dop_operator_3.py for tasks to queue
[2025-03-27T16:55:56.661+0000] {logging_mixin.py:188} INFO - [2025-03-27T16:55:56.661+0000] {dagbag.py:538} INFO - Filling up the DagBag from /home/airflow/.local/lib/python3.8/site-packages/airflow/example_dags/example_branch_python_dop_operator_3.py
[2025-03-27T16:55:56.669+0000] {processor.py:840} INFO - DAG(s) 'example_branch_dop_operator_v3' retrieved from /home/airflow/.local/lib/python3.8/site-packages/airflow/example_dags/example_branch_python_dop_operator_3.py
[2025-03-27T16:55:56.690+0000] {logging_mixin.py:188} INFO - [2025-03-27T16:55:56.690+0000] {dag.py:3036} INFO - Sync 1 DAGs
[2025-03-27T16:55:56.714+0000] {logging_mixin.py:188} INFO - [2025-03-27T16:55:56.713+0000] {dag.py:3823} INFO - Setting next_dagrun for example_branch_dop_operator_v3 to 2025-03-27 16:54:00+00:00, run_after=2025-03-27 16:55:00+00:00
[2025-03-27T16:55:56.731+0000] {processor.py:183} INFO - Processing /home/airflow/.local/lib/python3.8/site-packages/airflow/example_dags/example_branch_python_dop_operator_3.py took 0.074 seconds
[2025-03-27T16:56:27.021+0000] {processor.py:161} INFO - Started process (PID=20037) to work on /home/airflow/.local/lib/python3.8/site-packages/airflow/example_dags/example_branch_python_dop_operator_3.py
[2025-03-27T16:56:27.022+0000] {processor.py:830} INFO - Processing file /home/airflow/.local/lib/python3.8/site-packages/airflow/example_dags/example_branch_python_dop_operator_3.py for tasks to queue
[2025-03-27T16:56:27.022+0000] {logging_mixin.py:188} INFO - [2025-03-27T16:56:27.022+0000] {dagbag.py:538} INFO - Filling up the DagBag from /home/airflow/.local/lib/python3.8/site-packages/airflow/example_dags/example_branch_python_dop_operator_3.py
[2025-03-27T16:56:27.030+0000] {processor.py:840} INFO - DAG(s) 'example_branch_dop_operator_v3' retrieved from /home/airflow/.local/lib/python3.8/site-packages/airflow/example_dags/example_branch_python_dop_operator_3.py
[2025-03-27T16:56:27.048+0000] {logging_mixin.py:188} INFO - [2025-03-27T16:56:27.048+0000] {dag.py:3036} INFO - Sync 1 DAGs
[2025-03-27T16:56:27.072+0000] {logging_mixin.py:188} INFO - [2025-03-27T16:56:27.072+0000] {dag.py:3823} INFO - Setting next_dagrun for example_branch_dop_operator_v3 to 2025-03-27 16:55:00+00:00, run_after=2025-03-27 16:56:00+00:00
[2025-03-27T16:56:27.087+0000] {processor.py:183} INFO - Processing /home/airflow/.local/lib/python3.8/site-packages/airflow/example_dags/example_branch_python_dop_operator_3.py took 0.069 seconds
[2025-03-27T16:56:57.537+0000] {processor.py:161} INFO - Started process (PID=20289) to work on /home/airflow/.local/lib/python3.8/site-packages/airflow/example_dags/example_branch_python_dop_operator_3.py
[2025-03-27T16:56:57.538+0000] {processor.py:830} INFO - Processing file /home/airflow/.local/lib/python3.8/site-packages/airflow/example_dags/example_branch_python_dop_operator_3.py for tasks to queue
[2025-03-27T16:56:57.539+0000] {logging_mixin.py:188} INFO - [2025-03-27T16:56:57.539+0000] {dagbag.py:538} INFO - Filling up the DagBag from /home/airflow/.local/lib/python3.8/site-packages/airflow/example_dags/example_branch_python_dop_operator_3.py
[2025-03-27T16:56:57.547+0000] {processor.py:840} INFO - DAG(s) 'example_branch_dop_operator_v3' retrieved from /home/airflow/.local/lib/python3.8/site-packages/airflow/example_dags/example_branch_python_dop_operator_3.py
[2025-03-27T16:56:57.568+0000] {logging_mixin.py:188} INFO - [2025-03-27T16:56:57.568+0000] {dag.py:3036} INFO - Sync 1 DAGs
[2025-03-27T16:56:57.594+0000] {logging_mixin.py:188} INFO - [2025-03-27T16:56:57.594+0000] {dag.py:3823} INFO - Setting next_dagrun for example_branch_dop_operator_v3 to 2025-03-27 16:55:00+00:00, run_after=2025-03-27 16:56:00+00:00
[2025-03-27T16:56:57.612+0000] {processor.py:183} INFO - Processing /home/airflow/.local/lib/python3.8/site-packages/airflow/example_dags/example_branch_python_dop_operator_3.py took 0.078 seconds
[2025-03-27T16:57:27.843+0000] {processor.py:161} INFO - Started process (PID=20541) to work on /home/airflow/.local/lib/python3.8/site-packages/airflow/example_dags/example_branch_python_dop_operator_3.py
[2025-03-27T16:57:27.844+0000] {processor.py:830} INFO - Processing file /home/airflow/.local/lib/python3.8/site-packages/airflow/example_dags/example_branch_python_dop_operator_3.py for tasks to queue
[2025-03-27T16:57:27.845+0000] {logging_mixin.py:188} INFO - [2025-03-27T16:57:27.845+0000] {dagbag.py:538} INFO - Filling up the DagBag from /home/airflow/.local/lib/python3.8/site-packages/airflow/example_dags/example_branch_python_dop_operator_3.py
[2025-03-27T16:57:27.853+0000] {processor.py:840} INFO - DAG(s) 'example_branch_dop_operator_v3' retrieved from /home/airflow/.local/lib/python3.8/site-packages/airflow/example_dags/example_branch_python_dop_operator_3.py
[2025-03-27T16:57:27.870+0000] {logging_mixin.py:188} INFO - [2025-03-27T16:57:27.870+0000] {dag.py:3036} INFO - Sync 1 DAGs
[2025-03-27T16:57:27.894+0000] {logging_mixin.py:188} INFO - [2025-03-27T16:57:27.894+0000] {dag.py:3823} INFO - Setting next_dagrun for example_branch_dop_operator_v3 to 2025-03-27 16:56:00+00:00, run_after=2025-03-27 16:57:00+00:00
[2025-03-27T16:57:27.910+0000] {processor.py:183} INFO - Processing /home/airflow/.local/lib/python3.8/site-packages/airflow/example_dags/example_branch_python_dop_operator_3.py took 0.069 seconds
[2025-03-27T16:57:58.055+0000] {processor.py:161} INFO - Started process (PID=20793) to work on /home/airflow/.local/lib/python3.8/site-packages/airflow/example_dags/example_branch_python_dop_operator_3.py
[2025-03-27T16:57:58.055+0000] {processor.py:830} INFO - Processing file /home/airflow/.local/lib/python3.8/site-packages/airflow/example_dags/example_branch_python_dop_operator_3.py for tasks to queue
[2025-03-27T16:57:58.056+0000] {logging_mixin.py:188} INFO - [2025-03-27T16:57:58.056+0000] {dagbag.py:538} INFO - Filling up the DagBag from /home/airflow/.local/lib/python3.8/site-packages/airflow/example_dags/example_branch_python_dop_operator_3.py
[2025-03-27T16:57:58.065+0000] {processor.py:840} INFO - DAG(s) 'example_branch_dop_operator_v3' retrieved from /home/airflow/.local/lib/python3.8/site-packages/airflow/example_dags/example_branch_python_dop_operator_3.py
[2025-03-27T16:57:58.085+0000] {logging_mixin.py:188} INFO - [2025-03-27T16:57:58.084+0000] {dag.py:3036} INFO - Sync 1 DAGs
[2025-03-27T16:57:58.110+0000] {logging_mixin.py:188} INFO - [2025-03-27T16:57:58.110+0000] {dag.py:3823} INFO - Setting next_dagrun for example_branch_dop_operator_v3 to 2025-03-27 16:56:00+00:00, run_after=2025-03-27 16:57:00+00:00
[2025-03-27T16:57:58.128+0000] {processor.py:183} INFO - Processing /home/airflow/.local/lib/python3.8/site-packages/airflow/example_dags/example_branch_python_dop_operator_3.py took 0.076 seconds
[2025-03-27T16:58:28.351+0000] {processor.py:161} INFO - Started process (PID=21045) to work on /home/airflow/.local/lib/python3.8/site-packages/airflow/example_dags/example_branch_python_dop_operator_3.py
[2025-03-27T16:58:28.352+0000] {processor.py:830} INFO - Processing file /home/airflow/.local/lib/python3.8/site-packages/airflow/example_dags/example_branch_python_dop_operator_3.py for tasks to queue
[2025-03-27T16:58:28.353+0000] {logging_mixin.py:188} INFO - [2025-03-27T16:58:28.353+0000] {dagbag.py:538} INFO - Filling up the DagBag from /home/airflow/.local/lib/python3.8/site-packages/airflow/example_dags/example_branch_python_dop_operator_3.py
[2025-03-27T16:58:28.361+0000] {processor.py:840} INFO - DAG(s) 'example_branch_dop_operator_v3' retrieved from /home/airflow/.local/lib/python3.8/site-packages/airflow/example_dags/example_branch_python_dop_operator_3.py
[2025-03-27T16:58:28.383+0000] {logging_mixin.py:188} INFO - [2025-03-27T16:58:28.383+0000] {dag.py:3036} INFO - Sync 1 DAGs
[2025-03-27T16:58:28.410+0000] {logging_mixin.py:188} INFO - [2025-03-27T16:58:28.410+0000] {dag.py:3823} INFO - Setting next_dagrun for example_branch_dop_operator_v3 to 2025-03-27 16:57:00+00:00, run_after=2025-03-27 16:58:00+00:00
[2025-03-27T16:58:28.427+0000] {processor.py:183} INFO - Processing /home/airflow/.local/lib/python3.8/site-packages/airflow/example_dags/example_branch_python_dop_operator_3.py took 0.080 seconds
[2025-03-27T16:58:58.637+0000] {processor.py:161} INFO - Started process (PID=21297) to work on /home/airflow/.local/lib/python3.8/site-packages/airflow/example_dags/example_branch_python_dop_operator_3.py
[2025-03-27T16:58:58.638+0000] {processor.py:830} INFO - Processing file /home/airflow/.local/lib/python3.8/site-packages/airflow/example_dags/example_branch_python_dop_operator_3.py for tasks to queue
[2025-03-27T16:58:58.639+0000] {logging_mixin.py:188} INFO - [2025-03-27T16:58:58.638+0000] {dagbag.py:538} INFO - Filling up the DagBag from /home/airflow/.local/lib/python3.8/site-packages/airflow/example_dags/example_branch_python_dop_operator_3.py
[2025-03-27T16:58:58.646+0000] {processor.py:840} INFO - DAG(s) 'example_branch_dop_operator_v3' retrieved from /home/airflow/.local/lib/python3.8/site-packages/airflow/example_dags/example_branch_python_dop_operator_3.py
[2025-03-27T16:58:58.664+0000] {logging_mixin.py:188} INFO - [2025-03-27T16:58:58.664+0000] {dag.py:3036} INFO - Sync 1 DAGs
[2025-03-27T16:58:58.687+0000] {logging_mixin.py:188} INFO - [2025-03-27T16:58:58.687+0000] {dag.py:3823} INFO - Setting next_dagrun for example_branch_dop_operator_v3 to 2025-03-27 16:57:00+00:00, run_after=2025-03-27 16:58:00+00:00
[2025-03-27T16:58:58.705+0000] {processor.py:183} INFO - Processing /home/airflow/.local/lib/python3.8/site-packages/airflow/example_dags/example_branch_python_dop_operator_3.py took 0.070 seconds
[2025-03-27T16:59:28.931+0000] {processor.py:161} INFO - Started process (PID=21549) to work on /home/airflow/.local/lib/python3.8/site-packages/airflow/example_dags/example_branch_python_dop_operator_3.py
[2025-03-27T16:59:28.932+0000] {processor.py:830} INFO - Processing file /home/airflow/.local/lib/python3.8/site-packages/airflow/example_dags/example_branch_python_dop_operator_3.py for tasks to queue
[2025-03-27T16:59:28.932+0000] {logging_mixin.py:188} INFO - [2025-03-27T16:59:28.932+0000] {dagbag.py:538} INFO - Filling up the DagBag from /home/airflow/.local/lib/python3.8/site-packages/airflow/example_dags/example_branch_python_dop_operator_3.py
[2025-03-27T16:59:28.941+0000] {processor.py:840} INFO - DAG(s) 'example_branch_dop_operator_v3' retrieved from /home/airflow/.local/lib/python3.8/site-packages/airflow/example_dags/example_branch_python_dop_operator_3.py
[2025-03-27T16:59:28.966+0000] {logging_mixin.py:188} INFO - [2025-03-27T16:59:28.966+0000] {dag.py:3036} INFO - Sync 1 DAGs
[2025-03-27T16:59:28.995+0000] {logging_mixin.py:188} INFO - [2025-03-27T16:59:28.995+0000] {dag.py:3823} INFO - Setting next_dagrun for example_branch_dop_operator_v3 to 2025-03-27 16:58:00+00:00, run_after=2025-03-27 16:59:00+00:00
[2025-03-27T16:59:29.016+0000] {processor.py:183} INFO - Processing /home/airflow/.local/lib/python3.8/site-packages/airflow/example_dags/example_branch_python_dop_operator_3.py took 0.088 seconds
[2025-03-27T16:59:59.730+0000] {processor.py:161} INFO - Started process (PID=21801) to work on /home/airflow/.local/lib/python3.8/site-packages/airflow/example_dags/example_branch_python_dop_operator_3.py
[2025-03-27T16:59:59.731+0000] {processor.py:830} INFO - Processing file /home/airflow/.local/lib/python3.8/site-packages/airflow/example_dags/example_branch_python_dop_operator_3.py for tasks to queue
[2025-03-27T16:59:59.732+0000] {logging_mixin.py:188} INFO - [2025-03-27T16:59:59.732+0000] {dagbag.py:538} INFO - Filling up the DagBag from /home/airflow/.local/lib/python3.8/site-packages/airflow/example_dags/example_branch_python_dop_operator_3.py
[2025-03-27T16:59:59.742+0000] {processor.py:840} INFO - DAG(s) 'example_branch_dop_operator_v3' retrieved from /home/airflow/.local/lib/python3.8/site-packages/airflow/example_dags/example_branch_python_dop_operator_3.py
[2025-03-27T16:59:59.764+0000] {logging_mixin.py:188} INFO - [2025-03-27T16:59:59.764+0000] {dag.py:3036} INFO - Sync 1 DAGs
[2025-03-27T16:59:59.791+0000] {logging_mixin.py:188} INFO - [2025-03-27T16:59:59.791+0000] {dag.py:3823} INFO - Setting next_dagrun for example_branch_dop_operator_v3 to 2025-03-27 16:58:00+00:00, run_after=2025-03-27 16:59:00+00:00
[2025-03-27T16:59:59.811+0000] {processor.py:183} INFO - Processing /home/airflow/.local/lib/python3.8/site-packages/airflow/example_dags/example_branch_python_dop_operator_3.py took 0.085 seconds
