[2025-03-27T17:19:28.242+0000] {processor.py:161} INFO - Started process (PID=299) to work on /home/airflow/.local/lib/python3.8/site-packages/airflow/example_dags/example_external_task_marker_dag.py
[2025-03-27T17:19:28.244+0000] {processor.py:830} INFO - Processing file /home/airflow/.local/lib/python3.8/site-packages/airflow/example_dags/example_external_task_marker_dag.py for tasks to queue
[2025-03-27T17:19:28.245+0000] {logging_mixin.py:188} INFO - [2025-03-27T17:19:28.244+0000] {dagbag.py:538} INFO - Filling up the DagBag from /home/airflow/.local/lib/python3.8/site-packages/airflow/example_dags/example_external_task_marker_dag.py
[2025-03-27T17:19:28.253+0000] {processor.py:840} INFO - DAG(s) 'example_external_task_marker_child', 'example_external_task_marker_parent' retrieved from /home/airflow/.local/lib/python3.8/site-packages/airflow/example_dags/example_external_task_marker_dag.py
[2025-03-27T17:19:28.269+0000] {logging_mixin.py:188} INFO - [2025-03-27T17:19:28.269+0000] {dag.py:3036} INFO - Sync 2 DAGs
[2025-03-27T17:19:28.288+0000] {logging_mixin.py:188} INFO - [2025-03-27T17:19:28.288+0000] {dag.py:3823} INFO - Setting next_dagrun for example_external_task_marker_child to None, run_after=None
[2025-03-27T17:19:28.293+0000] {logging_mixin.py:188} INFO - [2025-03-27T17:19:28.293+0000] {dag.py:3823} INFO - Setting next_dagrun for example_external_task_marker_parent to None, run_after=None
[2025-03-27T17:19:28.318+0000] {processor.py:183} INFO - Processing /home/airflow/.local/lib/python3.8/site-packages/airflow/example_dags/example_external_task_marker_dag.py took 0.079 seconds
[2025-03-27T17:20:00.256+0000] {processor.py:161} INFO - Started process (PID=544) to work on /home/airflow/.local/lib/python3.8/site-packages/airflow/example_dags/example_external_task_marker_dag.py
[2025-03-27T17:20:00.257+0000] {processor.py:830} INFO - Processing file /home/airflow/.local/lib/python3.8/site-packages/airflow/example_dags/example_external_task_marker_dag.py for tasks to queue
[2025-03-27T17:20:00.258+0000] {logging_mixin.py:188} INFO - [2025-03-27T17:20:00.258+0000] {dagbag.py:538} INFO - Filling up the DagBag from /home/airflow/.local/lib/python3.8/site-packages/airflow/example_dags/example_external_task_marker_dag.py
[2025-03-27T17:20:00.265+0000] {processor.py:840} INFO - DAG(s) 'example_external_task_marker_parent', 'example_external_task_marker_child' retrieved from /home/airflow/.local/lib/python3.8/site-packages/airflow/example_dags/example_external_task_marker_dag.py
[2025-03-27T17:20:00.386+0000] {logging_mixin.py:188} INFO - [2025-03-27T17:20:00.385+0000] {dag.py:3036} INFO - Sync 2 DAGs
[2025-03-27T17:20:00.399+0000] {logging_mixin.py:188} INFO - [2025-03-27T17:20:00.399+0000] {dag.py:3823} INFO - Setting next_dagrun for example_external_task_marker_child to None, run_after=None
[2025-03-27T17:20:00.403+0000] {logging_mixin.py:188} INFO - [2025-03-27T17:20:00.402+0000] {dag.py:3823} INFO - Setting next_dagrun for example_external_task_marker_parent to None, run_after=None
[2025-03-27T17:20:00.420+0000] {processor.py:183} INFO - Processing /home/airflow/.local/lib/python3.8/site-packages/airflow/example_dags/example_external_task_marker_dag.py took 0.168 seconds
[2025-03-27T17:22:39.448+0000] {processor.py:161} INFO - Started process (PID=285) to work on /home/airflow/.local/lib/python3.8/site-packages/airflow/example_dags/example_external_task_marker_dag.py
[2025-03-27T17:22:39.449+0000] {processor.py:830} INFO - Processing file /home/airflow/.local/lib/python3.8/site-packages/airflow/example_dags/example_external_task_marker_dag.py for tasks to queue
[2025-03-27T17:22:39.450+0000] {logging_mixin.py:188} INFO - [2025-03-27T17:22:39.450+0000] {dagbag.py:538} INFO - Filling up the DagBag from /home/airflow/.local/lib/python3.8/site-packages/airflow/example_dags/example_external_task_marker_dag.py
[2025-03-27T17:22:39.456+0000] {processor.py:840} INFO - DAG(s) 'example_external_task_marker_parent', 'example_external_task_marker_child' retrieved from /home/airflow/.local/lib/python3.8/site-packages/airflow/example_dags/example_external_task_marker_dag.py
[2025-03-27T17:22:39.468+0000] {logging_mixin.py:188} INFO - [2025-03-27T17:22:39.468+0000] {dag.py:3036} INFO - Sync 2 DAGs
[2025-03-27T17:22:39.483+0000] {logging_mixin.py:188} INFO - [2025-03-27T17:22:39.482+0000] {dag.py:3823} INFO - Setting next_dagrun for example_external_task_marker_child to None, run_after=None
[2025-03-27T17:22:39.487+0000] {logging_mixin.py:188} INFO - [2025-03-27T17:22:39.487+0000] {dag.py:3823} INFO - Setting next_dagrun for example_external_task_marker_parent to None, run_after=None
[2025-03-27T17:22:39.504+0000] {processor.py:183} INFO - Processing /home/airflow/.local/lib/python3.8/site-packages/airflow/example_dags/example_external_task_marker_dag.py took 0.058 seconds
[2025-03-27T17:23:11.137+0000] {processor.py:161} INFO - Started process (PID=538) to work on /home/airflow/.local/lib/python3.8/site-packages/airflow/example_dags/example_external_task_marker_dag.py
[2025-03-27T17:23:11.138+0000] {processor.py:830} INFO - Processing file /home/airflow/.local/lib/python3.8/site-packages/airflow/example_dags/example_external_task_marker_dag.py for tasks to queue
[2025-03-27T17:23:11.138+0000] {logging_mixin.py:188} INFO - [2025-03-27T17:23:11.138+0000] {dagbag.py:538} INFO - Filling up the DagBag from /home/airflow/.local/lib/python3.8/site-packages/airflow/example_dags/example_external_task_marker_dag.py
[2025-03-27T17:23:11.144+0000] {processor.py:840} INFO - DAG(s) 'example_external_task_marker_child', 'example_external_task_marker_parent' retrieved from /home/airflow/.local/lib/python3.8/site-packages/airflow/example_dags/example_external_task_marker_dag.py
[2025-03-27T17:23:11.253+0000] {logging_mixin.py:188} INFO - [2025-03-27T17:23:11.253+0000] {dag.py:3036} INFO - Sync 2 DAGs
[2025-03-27T17:23:11.264+0000] {logging_mixin.py:188} INFO - [2025-03-27T17:23:11.264+0000] {dag.py:3823} INFO - Setting next_dagrun for example_external_task_marker_child to None, run_after=None
[2025-03-27T17:23:11.268+0000] {logging_mixin.py:188} INFO - [2025-03-27T17:23:11.268+0000] {dag.py:3823} INFO - Setting next_dagrun for example_external_task_marker_parent to None, run_after=None
[2025-03-27T17:23:11.287+0000] {processor.py:183} INFO - Processing /home/airflow/.local/lib/python3.8/site-packages/airflow/example_dags/example_external_task_marker_dag.py took 0.153 seconds
[2025-03-27T17:23:41.514+0000] {processor.py:161} INFO - Started process (PID=785) to work on /home/airflow/.local/lib/python3.8/site-packages/airflow/example_dags/example_external_task_marker_dag.py
[2025-03-27T17:23:41.515+0000] {processor.py:830} INFO - Processing file /home/airflow/.local/lib/python3.8/site-packages/airflow/example_dags/example_external_task_marker_dag.py for tasks to queue
[2025-03-27T17:23:41.516+0000] {logging_mixin.py:188} INFO - [2025-03-27T17:23:41.515+0000] {dagbag.py:538} INFO - Filling up the DagBag from /home/airflow/.local/lib/python3.8/site-packages/airflow/example_dags/example_external_task_marker_dag.py
[2025-03-27T17:23:41.523+0000] {processor.py:840} INFO - DAG(s) 'example_external_task_marker_parent', 'example_external_task_marker_child' retrieved from /home/airflow/.local/lib/python3.8/site-packages/airflow/example_dags/example_external_task_marker_dag.py
[2025-03-27T17:23:41.556+0000] {logging_mixin.py:188} INFO - [2025-03-27T17:23:41.556+0000] {dag.py:3036} INFO - Sync 2 DAGs
[2025-03-27T17:23:41.572+0000] {logging_mixin.py:188} INFO - [2025-03-27T17:23:41.572+0000] {dag.py:3823} INFO - Setting next_dagrun for example_external_task_marker_child to None, run_after=None
[2025-03-27T17:23:41.577+0000] {logging_mixin.py:188} INFO - [2025-03-27T17:23:41.577+0000] {dag.py:3823} INFO - Setting next_dagrun for example_external_task_marker_parent to None, run_after=None
[2025-03-27T17:23:41.599+0000] {processor.py:183} INFO - Processing /home/airflow/.local/lib/python3.8/site-packages/airflow/example_dags/example_external_task_marker_dag.py took 0.088 seconds
[2025-03-27T17:24:11.726+0000] {processor.py:161} INFO - Started process (PID=1032) to work on /home/airflow/.local/lib/python3.8/site-packages/airflow/example_dags/example_external_task_marker_dag.py
[2025-03-27T17:24:11.727+0000] {processor.py:830} INFO - Processing file /home/airflow/.local/lib/python3.8/site-packages/airflow/example_dags/example_external_task_marker_dag.py for tasks to queue
[2025-03-27T17:24:11.728+0000] {logging_mixin.py:188} INFO - [2025-03-27T17:24:11.727+0000] {dagbag.py:538} INFO - Filling up the DagBag from /home/airflow/.local/lib/python3.8/site-packages/airflow/example_dags/example_external_task_marker_dag.py
[2025-03-27T17:24:11.733+0000] {processor.py:840} INFO - DAG(s) 'example_external_task_marker_child', 'example_external_task_marker_parent' retrieved from /home/airflow/.local/lib/python3.8/site-packages/airflow/example_dags/example_external_task_marker_dag.py
[2025-03-27T17:24:11.758+0000] {logging_mixin.py:188} INFO - [2025-03-27T17:24:11.758+0000] {dag.py:3036} INFO - Sync 2 DAGs
[2025-03-27T17:24:11.770+0000] {logging_mixin.py:188} INFO - [2025-03-27T17:24:11.770+0000] {dag.py:3823} INFO - Setting next_dagrun for example_external_task_marker_child to None, run_after=None
[2025-03-27T17:24:11.774+0000] {logging_mixin.py:188} INFO - [2025-03-27T17:24:11.774+0000] {dag.py:3823} INFO - Setting next_dagrun for example_external_task_marker_parent to None, run_after=None
[2025-03-27T17:24:11.790+0000] {processor.py:183} INFO - Processing /home/airflow/.local/lib/python3.8/site-packages/airflow/example_dags/example_external_task_marker_dag.py took 0.067 seconds
[2025-03-27T17:24:42.634+0000] {processor.py:161} INFO - Started process (PID=1279) to work on /home/airflow/.local/lib/python3.8/site-packages/airflow/example_dags/example_external_task_marker_dag.py
[2025-03-27T17:24:42.634+0000] {processor.py:830} INFO - Processing file /home/airflow/.local/lib/python3.8/site-packages/airflow/example_dags/example_external_task_marker_dag.py for tasks to queue
[2025-03-27T17:24:42.635+0000] {logging_mixin.py:188} INFO - [2025-03-27T17:24:42.635+0000] {dagbag.py:538} INFO - Filling up the DagBag from /home/airflow/.local/lib/python3.8/site-packages/airflow/example_dags/example_external_task_marker_dag.py
[2025-03-27T17:24:42.641+0000] {processor.py:840} INFO - DAG(s) 'example_external_task_marker_parent', 'example_external_task_marker_child' retrieved from /home/airflow/.local/lib/python3.8/site-packages/airflow/example_dags/example_external_task_marker_dag.py
[2025-03-27T17:24:42.664+0000] {logging_mixin.py:188} INFO - [2025-03-27T17:24:42.664+0000] {dag.py:3036} INFO - Sync 2 DAGs
[2025-03-27T17:24:42.676+0000] {logging_mixin.py:188} INFO - [2025-03-27T17:24:42.676+0000] {dag.py:3823} INFO - Setting next_dagrun for example_external_task_marker_child to None, run_after=None
[2025-03-27T17:24:42.679+0000] {logging_mixin.py:188} INFO - [2025-03-27T17:24:42.679+0000] {dag.py:3823} INFO - Setting next_dagrun for example_external_task_marker_parent to None, run_after=None
[2025-03-27T17:24:42.694+0000] {processor.py:183} INFO - Processing /home/airflow/.local/lib/python3.8/site-packages/airflow/example_dags/example_external_task_marker_dag.py took 0.063 seconds
[2025-03-27T17:25:13.284+0000] {processor.py:161} INFO - Started process (PID=1528) to work on /home/airflow/.local/lib/python3.8/site-packages/airflow/example_dags/example_external_task_marker_dag.py
[2025-03-27T17:25:13.285+0000] {processor.py:830} INFO - Processing file /home/airflow/.local/lib/python3.8/site-packages/airflow/example_dags/example_external_task_marker_dag.py for tasks to queue
[2025-03-27T17:25:13.286+0000] {logging_mixin.py:188} INFO - [2025-03-27T17:25:13.285+0000] {dagbag.py:538} INFO - Filling up the DagBag from /home/airflow/.local/lib/python3.8/site-packages/airflow/example_dags/example_external_task_marker_dag.py
[2025-03-27T17:25:13.291+0000] {processor.py:840} INFO - DAG(s) 'example_external_task_marker_child', 'example_external_task_marker_parent' retrieved from /home/airflow/.local/lib/python3.8/site-packages/airflow/example_dags/example_external_task_marker_dag.py
[2025-03-27T17:25:13.313+0000] {logging_mixin.py:188} INFO - [2025-03-27T17:25:13.313+0000] {dag.py:3036} INFO - Sync 2 DAGs
[2025-03-27T17:25:13.325+0000] {logging_mixin.py:188} INFO - [2025-03-27T17:25:13.324+0000] {dag.py:3823} INFO - Setting next_dagrun for example_external_task_marker_child to None, run_after=None
[2025-03-27T17:25:13.328+0000] {logging_mixin.py:188} INFO - [2025-03-27T17:25:13.328+0000] {dag.py:3823} INFO - Setting next_dagrun for example_external_task_marker_parent to None, run_after=None
[2025-03-27T17:25:13.342+0000] {processor.py:183} INFO - Processing /home/airflow/.local/lib/python3.8/site-packages/airflow/example_dags/example_external_task_marker_dag.py took 0.061 seconds
[2025-03-27T17:27:51.450+0000] {processor.py:161} INFO - Started process (PID=302) to work on /home/airflow/.local/lib/python3.8/site-packages/airflow/example_dags/example_external_task_marker_dag.py
[2025-03-27T17:27:51.452+0000] {processor.py:830} INFO - Processing file /home/airflow/.local/lib/python3.8/site-packages/airflow/example_dags/example_external_task_marker_dag.py for tasks to queue
[2025-03-27T17:27:51.453+0000] {logging_mixin.py:188} INFO - [2025-03-27T17:27:51.453+0000] {dagbag.py:538} INFO - Filling up the DagBag from /home/airflow/.local/lib/python3.8/site-packages/airflow/example_dags/example_external_task_marker_dag.py
[2025-03-27T17:27:51.461+0000] {processor.py:840} INFO - DAG(s) 'example_external_task_marker_child', 'example_external_task_marker_parent' retrieved from /home/airflow/.local/lib/python3.8/site-packages/airflow/example_dags/example_external_task_marker_dag.py
[2025-03-27T17:27:51.559+0000] {logging_mixin.py:188} INFO - [2025-03-27T17:27:51.558+0000] {override.py:1769} INFO - Created Permission View: can edit on DAG:example_external_task_marker_child
[2025-03-27T17:27:51.569+0000] {logging_mixin.py:188} INFO - [2025-03-27T17:27:51.569+0000] {override.py:1769} INFO - Created Permission View: can read on DAG:example_external_task_marker_child
[2025-03-27T17:27:51.575+0000] {logging_mixin.py:188} INFO - [2025-03-27T17:27:51.575+0000] {override.py:1769} INFO - Created Permission View: can delete on DAG:example_external_task_marker_child
[2025-03-27T17:27:51.586+0000] {logging_mixin.py:188} INFO - [2025-03-27T17:27:51.586+0000] {override.py:1769} INFO - Created Permission View: can edit on DAG:example_external_task_marker_parent
[2025-03-27T17:27:51.592+0000] {logging_mixin.py:188} INFO - [2025-03-27T17:27:51.592+0000] {override.py:1769} INFO - Created Permission View: can read on DAG:example_external_task_marker_parent
[2025-03-27T17:27:51.599+0000] {logging_mixin.py:188} INFO - [2025-03-27T17:27:51.599+0000] {override.py:1769} INFO - Created Permission View: can delete on DAG:example_external_task_marker_parent
[2025-03-27T17:27:51.600+0000] {logging_mixin.py:188} INFO - [2025-03-27T17:27:51.599+0000] {dag.py:3036} INFO - Sync 2 DAGs
[2025-03-27T17:27:51.611+0000] {logging_mixin.py:188} INFO - [2025-03-27T17:27:51.611+0000] {dag.py:3058} INFO - Creating ORM DAG for example_external_task_marker_child
[2025-03-27T17:27:51.612+0000] {logging_mixin.py:188} INFO - [2025-03-27T17:27:51.612+0000] {dag.py:3058} INFO - Creating ORM DAG for example_external_task_marker_parent
[2025-03-27T17:27:51.613+0000] {logging_mixin.py:188} INFO - [2025-03-27T17:27:51.613+0000] {dag.py:3823} INFO - Setting next_dagrun for example_external_task_marker_child to None, run_after=None
[2025-03-27T17:27:51.613+0000] {logging_mixin.py:188} INFO - [2025-03-27T17:27:51.613+0000] {dag.py:3823} INFO - Setting next_dagrun for example_external_task_marker_parent to None, run_after=None
[2025-03-27T17:27:51.631+0000] {processor.py:183} INFO - Processing /home/airflow/.local/lib/python3.8/site-packages/airflow/example_dags/example_external_task_marker_dag.py took 0.184 seconds
[2025-03-27T17:28:22.490+0000] {processor.py:161} INFO - Started process (PID=554) to work on /home/airflow/.local/lib/python3.8/site-packages/airflow/example_dags/example_external_task_marker_dag.py
[2025-03-27T17:28:22.491+0000] {processor.py:830} INFO - Processing file /home/airflow/.local/lib/python3.8/site-packages/airflow/example_dags/example_external_task_marker_dag.py for tasks to queue
[2025-03-27T17:28:22.492+0000] {logging_mixin.py:188} INFO - [2025-03-27T17:28:22.492+0000] {dagbag.py:538} INFO - Filling up the DagBag from /home/airflow/.local/lib/python3.8/site-packages/airflow/example_dags/example_external_task_marker_dag.py
[2025-03-27T17:28:22.502+0000] {processor.py:840} INFO - DAG(s) 'example_external_task_marker_child', 'example_external_task_marker_parent' retrieved from /home/airflow/.local/lib/python3.8/site-packages/airflow/example_dags/example_external_task_marker_dag.py
[2025-03-27T17:28:22.532+0000] {logging_mixin.py:188} INFO - [2025-03-27T17:28:22.532+0000] {dag.py:3036} INFO - Sync 2 DAGs
[2025-03-27T17:28:22.545+0000] {logging_mixin.py:188} INFO - [2025-03-27T17:28:22.544+0000] {dag.py:3823} INFO - Setting next_dagrun for example_external_task_marker_child to None, run_after=None
[2025-03-27T17:28:22.548+0000] {logging_mixin.py:188} INFO - [2025-03-27T17:28:22.548+0000] {dag.py:3823} INFO - Setting next_dagrun for example_external_task_marker_parent to None, run_after=None
[2025-03-27T17:28:22.565+0000] {processor.py:183} INFO - Processing /home/airflow/.local/lib/python3.8/site-packages/airflow/example_dags/example_external_task_marker_dag.py took 0.079 seconds
[2025-03-27T17:28:52.867+0000] {processor.py:161} INFO - Started process (PID=823) to work on /home/airflow/.local/lib/python3.8/site-packages/airflow/example_dags/example_external_task_marker_dag.py
[2025-03-27T17:28:52.873+0000] {processor.py:830} INFO - Processing file /home/airflow/.local/lib/python3.8/site-packages/airflow/example_dags/example_external_task_marker_dag.py for tasks to queue
[2025-03-27T17:28:52.881+0000] {logging_mixin.py:188} INFO - [2025-03-27T17:28:52.879+0000] {dagbag.py:538} INFO - Filling up the DagBag from /home/airflow/.local/lib/python3.8/site-packages/airflow/example_dags/example_external_task_marker_dag.py
[2025-03-27T17:28:52.901+0000] {processor.py:840} INFO - DAG(s) 'example_external_task_marker_child', 'example_external_task_marker_parent' retrieved from /home/airflow/.local/lib/python3.8/site-packages/airflow/example_dags/example_external_task_marker_dag.py
[2025-03-27T17:28:52.996+0000] {logging_mixin.py:188} INFO - [2025-03-27T17:28:52.996+0000] {dag.py:3036} INFO - Sync 2 DAGs
[2025-03-27T17:28:53.037+0000] {logging_mixin.py:188} INFO - [2025-03-27T17:28:53.036+0000] {dag.py:3823} INFO - Setting next_dagrun for example_external_task_marker_child to None, run_after=None
[2025-03-27T17:28:53.048+0000] {logging_mixin.py:188} INFO - [2025-03-27T17:28:53.047+0000] {dag.py:3823} INFO - Setting next_dagrun for example_external_task_marker_parent to None, run_after=None
[2025-03-27T17:28:53.094+0000] {processor.py:183} INFO - Processing /home/airflow/.local/lib/python3.8/site-packages/airflow/example_dags/example_external_task_marker_dag.py took 0.236 seconds
[2025-03-27T17:29:23.596+0000] {processor.py:161} INFO - Started process (PID=1484) to work on /home/airflow/.local/lib/python3.8/site-packages/airflow/example_dags/example_external_task_marker_dag.py
[2025-03-27T17:29:23.628+0000] {processor.py:830} INFO - Processing file /home/airflow/.local/lib/python3.8/site-packages/airflow/example_dags/example_external_task_marker_dag.py for tasks to queue
[2025-03-27T17:29:23.634+0000] {logging_mixin.py:188} INFO - [2025-03-27T17:29:23.633+0000] {dagbag.py:538} INFO - Filling up the DagBag from /home/airflow/.local/lib/python3.8/site-packages/airflow/example_dags/example_external_task_marker_dag.py
[2025-03-27T17:29:23.658+0000] {processor.py:840} INFO - DAG(s) 'example_external_task_marker_parent', 'example_external_task_marker_child' retrieved from /home/airflow/.local/lib/python3.8/site-packages/airflow/example_dags/example_external_task_marker_dag.py
[2025-03-27T17:29:23.730+0000] {logging_mixin.py:188} INFO - [2025-03-27T17:29:23.729+0000] {dag.py:3036} INFO - Sync 2 DAGs
[2025-03-27T17:29:23.762+0000] {logging_mixin.py:188} INFO - [2025-03-27T17:29:23.761+0000] {dag.py:3823} INFO - Setting next_dagrun for example_external_task_marker_child to None, run_after=None
[2025-03-27T17:29:23.769+0000] {logging_mixin.py:188} INFO - [2025-03-27T17:29:23.768+0000] {dag.py:3823} INFO - Setting next_dagrun for example_external_task_marker_parent to None, run_after=None
[2025-03-27T17:29:23.832+0000] {processor.py:183} INFO - Processing /home/airflow/.local/lib/python3.8/site-packages/airflow/example_dags/example_external_task_marker_dag.py took 0.263 seconds
