[2025-03-27T17:19:27.691+0000] {processor.py:161} INFO - Started process (PID=267) to work on /home/airflow/.local/lib/python3.8/site-packages/airflow/example_dags/example_branch_day_of_week_operator.py
[2025-03-27T17:19:27.692+0000] {processor.py:830} INFO - Processing file /home/airflow/.local/lib/python3.8/site-packages/airflow/example_dags/example_branch_day_of_week_operator.py for tasks to queue
[2025-03-27T17:19:27.694+0000] {logging_mixin.py:188} INFO - [2025-03-27T17:19:27.694+0000] {dagbag.py:538} INFO - Filling up the DagBag from /home/airflow/.local/lib/python3.8/site-packages/airflow/example_dags/example_branch_day_of_week_operator.py
[2025-03-27T17:19:27.706+0000] {processor.py:840} INFO - DAG(s) 'example_weekday_branch_operator' retrieved from /home/airflow/.local/lib/python3.8/site-packages/airflow/example_dags/example_branch_day_of_week_operator.py
[2025-03-27T17:19:27.723+0000] {logging_mixin.py:188} INFO - [2025-03-27T17:19:27.723+0000] {dag.py:3036} INFO - Sync 1 DAGs
[2025-03-27T17:19:27.765+0000] {logging_mixin.py:188} INFO - [2025-03-27T17:19:27.765+0000] {dag.py:3823} INFO - Setting next_dagrun for example_weekday_branch_operator to 2025-03-26 00:00:00+00:00, run_after=2025-03-27 00:00:00+00:00
[2025-03-27T17:19:27.798+0000] {processor.py:183} INFO - Processing /home/airflow/.local/lib/python3.8/site-packages/airflow/example_dags/example_branch_day_of_week_operator.py took 0.112 seconds
[2025-03-27T17:19:59.661+0000] {processor.py:161} INFO - Started process (PID=514) to work on /home/airflow/.local/lib/python3.8/site-packages/airflow/example_dags/example_branch_day_of_week_operator.py
[2025-03-27T17:19:59.663+0000] {processor.py:830} INFO - Processing file /home/airflow/.local/lib/python3.8/site-packages/airflow/example_dags/example_branch_day_of_week_operator.py for tasks to queue
[2025-03-27T17:19:59.664+0000] {logging_mixin.py:188} INFO - [2025-03-27T17:19:59.663+0000] {dagbag.py:538} INFO - Filling up the DagBag from /home/airflow/.local/lib/python3.8/site-packages/airflow/example_dags/example_branch_day_of_week_operator.py
[2025-03-27T17:19:59.672+0000] {processor.py:840} INFO - DAG(s) 'example_weekday_branch_operator' retrieved from /home/airflow/.local/lib/python3.8/site-packages/airflow/example_dags/example_branch_day_of_week_operator.py
[2025-03-27T17:19:59.778+0000] {logging_mixin.py:188} INFO - [2025-03-27T17:19:59.778+0000] {dag.py:3036} INFO - Sync 1 DAGs
[2025-03-27T17:19:59.800+0000] {logging_mixin.py:188} INFO - [2025-03-27T17:19:59.799+0000] {dag.py:3823} INFO - Setting next_dagrun for example_weekday_branch_operator to 2025-03-26 00:00:00+00:00, run_after=2025-03-27 00:00:00+00:00
[2025-03-27T17:19:59.821+0000] {processor.py:183} INFO - Processing /home/airflow/.local/lib/python3.8/site-packages/airflow/example_dags/example_branch_day_of_week_operator.py took 0.163 seconds
[2025-03-27T17:22:39.037+0000] {processor.py:161} INFO - Started process (PID=255) to work on /home/airflow/.local/lib/python3.8/site-packages/airflow/example_dags/example_branch_day_of_week_operator.py
[2025-03-27T17:22:39.038+0000] {processor.py:830} INFO - Processing file /home/airflow/.local/lib/python3.8/site-packages/airflow/example_dags/example_branch_day_of_week_operator.py for tasks to queue
[2025-03-27T17:22:39.039+0000] {logging_mixin.py:188} INFO - [2025-03-27T17:22:39.038+0000] {dagbag.py:538} INFO - Filling up the DagBag from /home/airflow/.local/lib/python3.8/site-packages/airflow/example_dags/example_branch_day_of_week_operator.py
[2025-03-27T17:22:39.045+0000] {processor.py:840} INFO - DAG(s) 'example_weekday_branch_operator' retrieved from /home/airflow/.local/lib/python3.8/site-packages/airflow/example_dags/example_branch_day_of_week_operator.py
[2025-03-27T17:22:39.057+0000] {logging_mixin.py:188} INFO - [2025-03-27T17:22:39.056+0000] {dag.py:3036} INFO - Sync 1 DAGs
[2025-03-27T17:22:39.079+0000] {logging_mixin.py:188} INFO - [2025-03-27T17:22:39.079+0000] {dag.py:3823} INFO - Setting next_dagrun for example_weekday_branch_operator to 2025-03-26 00:00:00+00:00, run_after=2025-03-27 00:00:00+00:00
[2025-03-27T17:22:39.102+0000] {processor.py:183} INFO - Processing /home/airflow/.local/lib/python3.8/site-packages/airflow/example_dags/example_branch_day_of_week_operator.py took 0.068 seconds
[2025-03-27T17:23:10.602+0000] {processor.py:161} INFO - Started process (PID=508) to work on /home/airflow/.local/lib/python3.8/site-packages/airflow/example_dags/example_branch_day_of_week_operator.py
[2025-03-27T17:23:10.603+0000] {processor.py:830} INFO - Processing file /home/airflow/.local/lib/python3.8/site-packages/airflow/example_dags/example_branch_day_of_week_operator.py for tasks to queue
[2025-03-27T17:23:10.604+0000] {logging_mixin.py:188} INFO - [2025-03-27T17:23:10.604+0000] {dagbag.py:538} INFO - Filling up the DagBag from /home/airflow/.local/lib/python3.8/site-packages/airflow/example_dags/example_branch_day_of_week_operator.py
[2025-03-27T17:23:10.612+0000] {processor.py:840} INFO - DAG(s) 'example_weekday_branch_operator' retrieved from /home/airflow/.local/lib/python3.8/site-packages/airflow/example_dags/example_branch_day_of_week_operator.py
[2025-03-27T17:23:10.717+0000] {logging_mixin.py:188} INFO - [2025-03-27T17:23:10.716+0000] {dag.py:3036} INFO - Sync 1 DAGs
[2025-03-27T17:23:10.739+0000] {logging_mixin.py:188} INFO - [2025-03-27T17:23:10.738+0000] {dag.py:3823} INFO - Setting next_dagrun for example_weekday_branch_operator to 2025-03-26 00:00:00+00:00, run_after=2025-03-27 00:00:00+00:00
[2025-03-27T17:23:10.758+0000] {processor.py:183} INFO - Processing /home/airflow/.local/lib/python3.8/site-packages/airflow/example_dags/example_branch_day_of_week_operator.py took 0.159 seconds
[2025-03-27T17:23:41.146+0000] {processor.py:161} INFO - Started process (PID=755) to work on /home/airflow/.local/lib/python3.8/site-packages/airflow/example_dags/example_branch_day_of_week_operator.py
[2025-03-27T17:23:41.148+0000] {processor.py:830} INFO - Processing file /home/airflow/.local/lib/python3.8/site-packages/airflow/example_dags/example_branch_day_of_week_operator.py for tasks to queue
[2025-03-27T17:23:41.149+0000] {logging_mixin.py:188} INFO - [2025-03-27T17:23:41.148+0000] {dagbag.py:538} INFO - Filling up the DagBag from /home/airflow/.local/lib/python3.8/site-packages/airflow/example_dags/example_branch_day_of_week_operator.py
[2025-03-27T17:23:41.157+0000] {processor.py:840} INFO - DAG(s) 'example_weekday_branch_operator' retrieved from /home/airflow/.local/lib/python3.8/site-packages/airflow/example_dags/example_branch_day_of_week_operator.py
[2025-03-27T17:23:41.186+0000] {logging_mixin.py:188} INFO - [2025-03-27T17:23:41.186+0000] {dag.py:3036} INFO - Sync 1 DAGs
[2025-03-27T17:23:41.217+0000] {logging_mixin.py:188} INFO - [2025-03-27T17:23:41.216+0000] {dag.py:3823} INFO - Setting next_dagrun for example_weekday_branch_operator to 2025-03-26 00:00:00+00:00, run_after=2025-03-27 00:00:00+00:00
[2025-03-27T17:23:41.243+0000] {processor.py:183} INFO - Processing /home/airflow/.local/lib/python3.8/site-packages/airflow/example_dags/example_branch_day_of_week_operator.py took 0.101 seconds
[2025-03-27T17:24:11.342+0000] {processor.py:161} INFO - Started process (PID=1002) to work on /home/airflow/.local/lib/python3.8/site-packages/airflow/example_dags/example_branch_day_of_week_operator.py
[2025-03-27T17:24:11.343+0000] {processor.py:830} INFO - Processing file /home/airflow/.local/lib/python3.8/site-packages/airflow/example_dags/example_branch_day_of_week_operator.py for tasks to queue
[2025-03-27T17:24:11.344+0000] {logging_mixin.py:188} INFO - [2025-03-27T17:24:11.344+0000] {dagbag.py:538} INFO - Filling up the DagBag from /home/airflow/.local/lib/python3.8/site-packages/airflow/example_dags/example_branch_day_of_week_operator.py
[2025-03-27T17:24:11.350+0000] {processor.py:840} INFO - DAG(s) 'example_weekday_branch_operator' retrieved from /home/airflow/.local/lib/python3.8/site-packages/airflow/example_dags/example_branch_day_of_week_operator.py
[2025-03-27T17:24:11.371+0000] {logging_mixin.py:188} INFO - [2025-03-27T17:24:11.371+0000] {dag.py:3036} INFO - Sync 1 DAGs
[2025-03-27T17:24:11.391+0000] {logging_mixin.py:188} INFO - [2025-03-27T17:24:11.391+0000] {dag.py:3823} INFO - Setting next_dagrun for example_weekday_branch_operator to 2025-03-26 00:00:00+00:00, run_after=2025-03-27 00:00:00+00:00
[2025-03-27T17:24:11.407+0000] {processor.py:183} INFO - Processing /home/airflow/.local/lib/python3.8/site-packages/airflow/example_dags/example_branch_day_of_week_operator.py took 0.068 seconds
[2025-03-27T17:24:42.322+0000] {processor.py:161} INFO - Started process (PID=1249) to work on /home/airflow/.local/lib/python3.8/site-packages/airflow/example_dags/example_branch_day_of_week_operator.py
[2025-03-27T17:24:42.323+0000] {processor.py:830} INFO - Processing file /home/airflow/.local/lib/python3.8/site-packages/airflow/example_dags/example_branch_day_of_week_operator.py for tasks to queue
[2025-03-27T17:24:42.323+0000] {logging_mixin.py:188} INFO - [2025-03-27T17:24:42.323+0000] {dagbag.py:538} INFO - Filling up the DagBag from /home/airflow/.local/lib/python3.8/site-packages/airflow/example_dags/example_branch_day_of_week_operator.py
[2025-03-27T17:24:42.330+0000] {processor.py:840} INFO - DAG(s) 'example_weekday_branch_operator' retrieved from /home/airflow/.local/lib/python3.8/site-packages/airflow/example_dags/example_branch_day_of_week_operator.py
[2025-03-27T17:24:42.350+0000] {logging_mixin.py:188} INFO - [2025-03-27T17:24:42.350+0000] {dag.py:3036} INFO - Sync 1 DAGs
[2025-03-27T17:24:42.373+0000] {logging_mixin.py:188} INFO - [2025-03-27T17:24:42.373+0000] {dag.py:3823} INFO - Setting next_dagrun for example_weekday_branch_operator to 2025-03-26 00:00:00+00:00, run_after=2025-03-27 00:00:00+00:00
[2025-03-27T17:24:42.389+0000] {processor.py:183} INFO - Processing /home/airflow/.local/lib/python3.8/site-packages/airflow/example_dags/example_branch_day_of_week_operator.py took 0.070 seconds
[2025-03-27T17:25:12.880+0000] {processor.py:161} INFO - Started process (PID=1496) to work on /home/airflow/.local/lib/python3.8/site-packages/airflow/example_dags/example_branch_day_of_week_operator.py
[2025-03-27T17:25:12.881+0000] {processor.py:830} INFO - Processing file /home/airflow/.local/lib/python3.8/site-packages/airflow/example_dags/example_branch_day_of_week_operator.py for tasks to queue
[2025-03-27T17:25:12.882+0000] {logging_mixin.py:188} INFO - [2025-03-27T17:25:12.881+0000] {dagbag.py:538} INFO - Filling up the DagBag from /home/airflow/.local/lib/python3.8/site-packages/airflow/example_dags/example_branch_day_of_week_operator.py
[2025-03-27T17:25:12.889+0000] {processor.py:840} INFO - DAG(s) 'example_weekday_branch_operator' retrieved from /home/airflow/.local/lib/python3.8/site-packages/airflow/example_dags/example_branch_day_of_week_operator.py
[2025-03-27T17:25:12.908+0000] {logging_mixin.py:188} INFO - [2025-03-27T17:25:12.908+0000] {dag.py:3036} INFO - Sync 1 DAGs
[2025-03-27T17:25:12.930+0000] {logging_mixin.py:188} INFO - [2025-03-27T17:25:12.930+0000] {dag.py:3823} INFO - Setting next_dagrun for example_weekday_branch_operator to 2025-03-26 00:00:00+00:00, run_after=2025-03-27 00:00:00+00:00
[2025-03-27T17:25:12.949+0000] {processor.py:183} INFO - Processing /home/airflow/.local/lib/python3.8/site-packages/airflow/example_dags/example_branch_day_of_week_operator.py took 0.072 seconds
[2025-03-27T17:27:50.320+0000] {processor.py:161} INFO - Started process (PID=272) to work on /home/airflow/.local/lib/python3.8/site-packages/airflow/example_dags/example_branch_day_of_week_operator.py
[2025-03-27T17:27:50.322+0000] {processor.py:830} INFO - Processing file /home/airflow/.local/lib/python3.8/site-packages/airflow/example_dags/example_branch_day_of_week_operator.py for tasks to queue
[2025-03-27T17:27:50.323+0000] {logging_mixin.py:188} INFO - [2025-03-27T17:27:50.323+0000] {dagbag.py:538} INFO - Filling up the DagBag from /home/airflow/.local/lib/python3.8/site-packages/airflow/example_dags/example_branch_day_of_week_operator.py
[2025-03-27T17:27:50.335+0000] {processor.py:840} INFO - DAG(s) 'example_weekday_branch_operator' retrieved from /home/airflow/.local/lib/python3.8/site-packages/airflow/example_dags/example_branch_day_of_week_operator.py
[2025-03-27T17:27:50.492+0000] {logging_mixin.py:188} INFO - [2025-03-27T17:27:50.491+0000] {override.py:1769} INFO - Created Permission View: can edit on DAG:example_weekday_branch_operator
[2025-03-27T17:27:50.507+0000] {logging_mixin.py:188} INFO - [2025-03-27T17:27:50.507+0000] {override.py:1769} INFO - Created Permission View: can read on DAG:example_weekday_branch_operator
[2025-03-27T17:27:50.517+0000] {logging_mixin.py:188} INFO - [2025-03-27T17:27:50.517+0000] {override.py:1769} INFO - Created Permission View: can delete on DAG:example_weekday_branch_operator
[2025-03-27T17:27:50.518+0000] {logging_mixin.py:188} INFO - [2025-03-27T17:27:50.518+0000] {dag.py:3036} INFO - Sync 1 DAGs
[2025-03-27T17:27:50.534+0000] {logging_mixin.py:188} INFO - [2025-03-27T17:27:50.534+0000] {dag.py:3058} INFO - Creating ORM DAG for example_weekday_branch_operator
[2025-03-27T17:27:50.548+0000] {logging_mixin.py:188} INFO - [2025-03-27T17:27:50.547+0000] {dag.py:3823} INFO - Setting next_dagrun for example_weekday_branch_operator to 2025-03-26 00:00:00+00:00, run_after=2025-03-27 00:00:00+00:00
[2025-03-27T17:27:50.566+0000] {processor.py:183} INFO - Processing /home/airflow/.local/lib/python3.8/site-packages/airflow/example_dags/example_branch_day_of_week_operator.py took 0.251 seconds
[2025-03-27T17:28:21.248+0000] {processor.py:161} INFO - Started process (PID=526) to work on /home/airflow/.local/lib/python3.8/site-packages/airflow/example_dags/example_branch_day_of_week_operator.py
[2025-03-27T17:28:21.249+0000] {processor.py:830} INFO - Processing file /home/airflow/.local/lib/python3.8/site-packages/airflow/example_dags/example_branch_day_of_week_operator.py for tasks to queue
[2025-03-27T17:28:21.250+0000] {logging_mixin.py:188} INFO - [2025-03-27T17:28:21.250+0000] {dagbag.py:538} INFO - Filling up the DagBag from /home/airflow/.local/lib/python3.8/site-packages/airflow/example_dags/example_branch_day_of_week_operator.py
[2025-03-27T17:28:21.256+0000] {processor.py:840} INFO - DAG(s) 'example_weekday_branch_operator' retrieved from /home/airflow/.local/lib/python3.8/site-packages/airflow/example_dags/example_branch_day_of_week_operator.py
[2025-03-27T17:28:21.275+0000] {logging_mixin.py:188} INFO - [2025-03-27T17:28:21.275+0000] {dag.py:3036} INFO - Sync 1 DAGs
[2025-03-27T17:28:21.295+0000] {logging_mixin.py:188} INFO - [2025-03-27T17:28:21.295+0000] {dag.py:3823} INFO - Setting next_dagrun for example_weekday_branch_operator to 2025-03-26 00:00:00+00:00, run_after=2025-03-27 00:00:00+00:00
[2025-03-27T17:28:21.312+0000] {processor.py:183} INFO - Processing /home/airflow/.local/lib/python3.8/site-packages/airflow/example_dags/example_branch_day_of_week_operator.py took 0.066 seconds
[2025-03-27T17:28:51.511+0000] {processor.py:161} INFO - Started process (PID=778) to work on /home/airflow/.local/lib/python3.8/site-packages/airflow/example_dags/example_branch_day_of_week_operator.py
[2025-03-27T17:28:51.512+0000] {processor.py:830} INFO - Processing file /home/airflow/.local/lib/python3.8/site-packages/airflow/example_dags/example_branch_day_of_week_operator.py for tasks to queue
[2025-03-27T17:28:51.513+0000] {logging_mixin.py:188} INFO - [2025-03-27T17:28:51.513+0000] {dagbag.py:538} INFO - Filling up the DagBag from /home/airflow/.local/lib/python3.8/site-packages/airflow/example_dags/example_branch_day_of_week_operator.py
[2025-03-27T17:28:51.521+0000] {processor.py:840} INFO - DAG(s) 'example_weekday_branch_operator' retrieved from /home/airflow/.local/lib/python3.8/site-packages/airflow/example_dags/example_branch_day_of_week_operator.py
[2025-03-27T17:28:51.541+0000] {logging_mixin.py:188} INFO - [2025-03-27T17:28:51.541+0000] {dag.py:3036} INFO - Sync 1 DAGs
[2025-03-27T17:28:51.568+0000] {logging_mixin.py:188} INFO - [2025-03-27T17:28:51.567+0000] {dag.py:3823} INFO - Setting next_dagrun for example_weekday_branch_operator to 2025-03-26 00:00:00+00:00, run_after=2025-03-27 00:00:00+00:00
[2025-03-27T17:28:51.587+0000] {processor.py:183} INFO - Processing /home/airflow/.local/lib/python3.8/site-packages/airflow/example_dags/example_branch_day_of_week_operator.py took 0.079 seconds
[2025-03-27T17:29:21.995+0000] {processor.py:161} INFO - Started process (PID=1425) to work on /home/airflow/.local/lib/python3.8/site-packages/airflow/example_dags/example_branch_day_of_week_operator.py
[2025-03-27T17:29:21.997+0000] {processor.py:830} INFO - Processing file /home/airflow/.local/lib/python3.8/site-packages/airflow/example_dags/example_branch_day_of_week_operator.py for tasks to queue
[2025-03-27T17:29:21.999+0000] {logging_mixin.py:188} INFO - [2025-03-27T17:29:21.998+0000] {dagbag.py:538} INFO - Filling up the DagBag from /home/airflow/.local/lib/python3.8/site-packages/airflow/example_dags/example_branch_day_of_week_operator.py
[2025-03-27T17:29:22.012+0000] {processor.py:840} INFO - DAG(s) 'example_weekday_branch_operator' retrieved from /home/airflow/.local/lib/python3.8/site-packages/airflow/example_dags/example_branch_day_of_week_operator.py
[2025-03-27T17:29:22.053+0000] {logging_mixin.py:188} INFO - [2025-03-27T17:29:22.053+0000] {dag.py:3036} INFO - Sync 1 DAGs
[2025-03-27T17:29:22.100+0000] {logging_mixin.py:188} INFO - [2025-03-27T17:29:22.100+0000] {dag.py:3823} INFO - Setting next_dagrun for example_weekday_branch_operator to 2025-03-26 00:00:00+00:00, run_after=2025-03-27 00:00:00+00:00
[2025-03-27T17:29:22.137+0000] {processor.py:183} INFO - Processing /home/airflow/.local/lib/python3.8/site-packages/airflow/example_dags/example_branch_day_of_week_operator.py took 0.148 seconds
