[2025-03-27T16:27:02.519+0000] {processor.py:161} INFO - Started process (PID=398) to work on /home/airflow/.local/lib/python3.8/site-packages/airflow/example_dags/example_kubernetes_executor.py
[2025-03-27T16:27:02.520+0000] {processor.py:830} INFO - Processing file /home/airflow/.local/lib/python3.8/site-packages/airflow/example_dags/example_kubernetes_executor.py for tasks to queue
[2025-03-27T16:27:02.521+0000] {logging_mixin.py:188} INFO - [2025-03-27T16:27:02.521+0000] {dagbag.py:538} INFO - Filling up the DagBag from /home/airflow/.local/lib/python3.8/site-packages/airflow/example_dags/example_kubernetes_executor.py
[2025-03-27T16:27:02.535+0000] {processor.py:840} INFO - DAG(s) 'example_kubernetes_executor' retrieved from /home/airflow/.local/lib/python3.8/site-packages/airflow/example_dags/example_kubernetes_executor.py
[2025-03-27T16:27:02.548+0000] {logging_mixin.py:188} INFO - [2025-03-27T16:27:02.548+0000] {dag.py:3036} INFO - Sync 1 DAGs
[2025-03-27T16:27:02.564+0000] {logging_mixin.py:188} INFO - [2025-03-27T16:27:02.564+0000] {dag.py:3823} INFO - Setting next_dagrun for example_kubernetes_executor to None, run_after=None
[2025-03-27T16:27:02.585+0000] {processor.py:183} INFO - Processing /home/airflow/.local/lib/python3.8/site-packages/airflow/example_dags/example_kubernetes_executor.py took 0.069 seconds
[2025-03-27T16:27:33.672+0000] {processor.py:161} INFO - Started process (PID=651) to work on /home/airflow/.local/lib/python3.8/site-packages/airflow/example_dags/example_kubernetes_executor.py
[2025-03-27T16:27:33.673+0000] {processor.py:830} INFO - Processing file /home/airflow/.local/lib/python3.8/site-packages/airflow/example_dags/example_kubernetes_executor.py for tasks to queue
[2025-03-27T16:27:33.674+0000] {logging_mixin.py:188} INFO - [2025-03-27T16:27:33.673+0000] {dagbag.py:538} INFO - Filling up the DagBag from /home/airflow/.local/lib/python3.8/site-packages/airflow/example_dags/example_kubernetes_executor.py
[2025-03-27T16:27:33.686+0000] {processor.py:840} INFO - DAG(s) 'example_kubernetes_executor' retrieved from /home/airflow/.local/lib/python3.8/site-packages/airflow/example_dags/example_kubernetes_executor.py
[2025-03-27T16:27:33.793+0000] {logging_mixin.py:188} INFO - [2025-03-27T16:27:33.793+0000] {dag.py:3036} INFO - Sync 1 DAGs
[2025-03-27T16:27:33.803+0000] {logging_mixin.py:188} INFO - [2025-03-27T16:27:33.803+0000] {dag.py:3823} INFO - Setting next_dagrun for example_kubernetes_executor to None, run_after=None
[2025-03-27T16:27:33.820+0000] {processor.py:183} INFO - Processing /home/airflow/.local/lib/python3.8/site-packages/airflow/example_dags/example_kubernetes_executor.py took 0.151 seconds
[2025-03-27T16:28:04.029+0000] {processor.py:161} INFO - Started process (PID=896) to work on /home/airflow/.local/lib/python3.8/site-packages/airflow/example_dags/example_kubernetes_executor.py
[2025-03-27T16:28:04.030+0000] {processor.py:830} INFO - Processing file /home/airflow/.local/lib/python3.8/site-packages/airflow/example_dags/example_kubernetes_executor.py for tasks to queue
[2025-03-27T16:28:04.031+0000] {logging_mixin.py:188} INFO - [2025-03-27T16:28:04.031+0000] {dagbag.py:538} INFO - Filling up the DagBag from /home/airflow/.local/lib/python3.8/site-packages/airflow/example_dags/example_kubernetes_executor.py
[2025-03-27T16:28:04.045+0000] {processor.py:840} INFO - DAG(s) 'example_kubernetes_executor' retrieved from /home/airflow/.local/lib/python3.8/site-packages/airflow/example_dags/example_kubernetes_executor.py
[2025-03-27T16:28:04.082+0000] {logging_mixin.py:188} INFO - [2025-03-27T16:28:04.082+0000] {dag.py:3036} INFO - Sync 1 DAGs
[2025-03-27T16:28:04.094+0000] {logging_mixin.py:188} INFO - [2025-03-27T16:28:04.094+0000] {dag.py:3823} INFO - Setting next_dagrun for example_kubernetes_executor to None, run_after=None
[2025-03-27T16:28:04.112+0000] {processor.py:183} INFO - Processing /home/airflow/.local/lib/python3.8/site-packages/airflow/example_dags/example_kubernetes_executor.py took 0.086 seconds
[2025-03-27T16:28:34.737+0000] {processor.py:161} INFO - Started process (PID=1143) to work on /home/airflow/.local/lib/python3.8/site-packages/airflow/example_dags/example_kubernetes_executor.py
[2025-03-27T16:28:34.738+0000] {processor.py:830} INFO - Processing file /home/airflow/.local/lib/python3.8/site-packages/airflow/example_dags/example_kubernetes_executor.py for tasks to queue
[2025-03-27T16:28:34.739+0000] {logging_mixin.py:188} INFO - [2025-03-27T16:28:34.739+0000] {dagbag.py:538} INFO - Filling up the DagBag from /home/airflow/.local/lib/python3.8/site-packages/airflow/example_dags/example_kubernetes_executor.py
[2025-03-27T16:28:34.751+0000] {processor.py:840} INFO - DAG(s) 'example_kubernetes_executor' retrieved from /home/airflow/.local/lib/python3.8/site-packages/airflow/example_dags/example_kubernetes_executor.py
[2025-03-27T16:28:34.785+0000] {logging_mixin.py:188} INFO - [2025-03-27T16:28:34.784+0000] {dag.py:3036} INFO - Sync 1 DAGs
[2025-03-27T16:28:34.795+0000] {logging_mixin.py:188} INFO - [2025-03-27T16:28:34.795+0000] {dag.py:3823} INFO - Setting next_dagrun for example_kubernetes_executor to None, run_after=None
[2025-03-27T16:28:34.812+0000] {processor.py:183} INFO - Processing /home/airflow/.local/lib/python3.8/site-packages/airflow/example_dags/example_kubernetes_executor.py took 0.078 seconds
[2025-03-27T16:29:05.309+0000] {processor.py:161} INFO - Started process (PID=1392) to work on /home/airflow/.local/lib/python3.8/site-packages/airflow/example_dags/example_kubernetes_executor.py
[2025-03-27T16:29:05.310+0000] {processor.py:830} INFO - Processing file /home/airflow/.local/lib/python3.8/site-packages/airflow/example_dags/example_kubernetes_executor.py for tasks to queue
[2025-03-27T16:29:05.311+0000] {logging_mixin.py:188} INFO - [2025-03-27T16:29:05.310+0000] {dagbag.py:538} INFO - Filling up the DagBag from /home/airflow/.local/lib/python3.8/site-packages/airflow/example_dags/example_kubernetes_executor.py
[2025-03-27T16:29:05.323+0000] {processor.py:840} INFO - DAG(s) 'example_kubernetes_executor' retrieved from /home/airflow/.local/lib/python3.8/site-packages/airflow/example_dags/example_kubernetes_executor.py
[2025-03-27T16:29:05.358+0000] {logging_mixin.py:188} INFO - [2025-03-27T16:29:05.358+0000] {dag.py:3036} INFO - Sync 1 DAGs
[2025-03-27T16:29:05.370+0000] {logging_mixin.py:188} INFO - [2025-03-27T16:29:05.370+0000] {dag.py:3823} INFO - Setting next_dagrun for example_kubernetes_executor to None, run_after=None
[2025-03-27T16:29:05.386+0000] {processor.py:183} INFO - Processing /home/airflow/.local/lib/python3.8/site-packages/airflow/example_dags/example_kubernetes_executor.py took 0.080 seconds
[2025-03-27T16:29:35.952+0000] {processor.py:161} INFO - Started process (PID=1639) to work on /home/airflow/.local/lib/python3.8/site-packages/airflow/example_dags/example_kubernetes_executor.py
[2025-03-27T16:29:35.953+0000] {processor.py:830} INFO - Processing file /home/airflow/.local/lib/python3.8/site-packages/airflow/example_dags/example_kubernetes_executor.py for tasks to queue
[2025-03-27T16:29:35.953+0000] {logging_mixin.py:188} INFO - [2025-03-27T16:29:35.953+0000] {dagbag.py:538} INFO - Filling up the DagBag from /home/airflow/.local/lib/python3.8/site-packages/airflow/example_dags/example_kubernetes_executor.py
[2025-03-27T16:29:35.965+0000] {processor.py:840} INFO - DAG(s) 'example_kubernetes_executor' retrieved from /home/airflow/.local/lib/python3.8/site-packages/airflow/example_dags/example_kubernetes_executor.py
[2025-03-27T16:29:35.998+0000] {logging_mixin.py:188} INFO - [2025-03-27T16:29:35.998+0000] {dag.py:3036} INFO - Sync 1 DAGs
[2025-03-27T16:29:36.008+0000] {logging_mixin.py:188} INFO - [2025-03-27T16:29:36.008+0000] {dag.py:3823} INFO - Setting next_dagrun for example_kubernetes_executor to None, run_after=None
[2025-03-27T16:29:36.025+0000] {processor.py:183} INFO - Processing /home/airflow/.local/lib/python3.8/site-packages/airflow/example_dags/example_kubernetes_executor.py took 0.075 seconds
[2025-03-27T16:30:06.517+0000] {processor.py:161} INFO - Started process (PID=1886) to work on /home/airflow/.local/lib/python3.8/site-packages/airflow/example_dags/example_kubernetes_executor.py
[2025-03-27T16:30:06.518+0000] {processor.py:830} INFO - Processing file /home/airflow/.local/lib/python3.8/site-packages/airflow/example_dags/example_kubernetes_executor.py for tasks to queue
[2025-03-27T16:30:06.519+0000] {logging_mixin.py:188} INFO - [2025-03-27T16:30:06.519+0000] {dagbag.py:538} INFO - Filling up the DagBag from /home/airflow/.local/lib/python3.8/site-packages/airflow/example_dags/example_kubernetes_executor.py
[2025-03-27T16:30:06.531+0000] {processor.py:840} INFO - DAG(s) 'example_kubernetes_executor' retrieved from /home/airflow/.local/lib/python3.8/site-packages/airflow/example_dags/example_kubernetes_executor.py
[2025-03-27T16:30:06.564+0000] {logging_mixin.py:188} INFO - [2025-03-27T16:30:06.563+0000] {dag.py:3036} INFO - Sync 1 DAGs
[2025-03-27T16:30:06.574+0000] {logging_mixin.py:188} INFO - [2025-03-27T16:30:06.574+0000] {dag.py:3823} INFO - Setting next_dagrun for example_kubernetes_executor to None, run_after=None
[2025-03-27T16:30:06.590+0000] {processor.py:183} INFO - Processing /home/airflow/.local/lib/python3.8/site-packages/airflow/example_dags/example_kubernetes_executor.py took 0.076 seconds
[2025-03-27T16:30:36.934+0000] {processor.py:161} INFO - Started process (PID=2133) to work on /home/airflow/.local/lib/python3.8/site-packages/airflow/example_dags/example_kubernetes_executor.py
[2025-03-27T16:30:36.935+0000] {processor.py:830} INFO - Processing file /home/airflow/.local/lib/python3.8/site-packages/airflow/example_dags/example_kubernetes_executor.py for tasks to queue
[2025-03-27T16:30:36.936+0000] {logging_mixin.py:188} INFO - [2025-03-27T16:30:36.936+0000] {dagbag.py:538} INFO - Filling up the DagBag from /home/airflow/.local/lib/python3.8/site-packages/airflow/example_dags/example_kubernetes_executor.py
[2025-03-27T16:30:36.949+0000] {processor.py:840} INFO - DAG(s) 'example_kubernetes_executor' retrieved from /home/airflow/.local/lib/python3.8/site-packages/airflow/example_dags/example_kubernetes_executor.py
[2025-03-27T16:30:36.986+0000] {logging_mixin.py:188} INFO - [2025-03-27T16:30:36.986+0000] {dag.py:3036} INFO - Sync 1 DAGs
[2025-03-27T16:30:36.998+0000] {logging_mixin.py:188} INFO - [2025-03-27T16:30:36.998+0000] {dag.py:3823} INFO - Setting next_dagrun for example_kubernetes_executor to None, run_after=None
[2025-03-27T16:30:37.017+0000] {processor.py:183} INFO - Processing /home/airflow/.local/lib/python3.8/site-packages/airflow/example_dags/example_kubernetes_executor.py took 0.086 seconds
[2025-03-27T16:31:07.465+0000] {processor.py:161} INFO - Started process (PID=2378) to work on /home/airflow/.local/lib/python3.8/site-packages/airflow/example_dags/example_kubernetes_executor.py
[2025-03-27T16:31:07.466+0000] {processor.py:830} INFO - Processing file /home/airflow/.local/lib/python3.8/site-packages/airflow/example_dags/example_kubernetes_executor.py for tasks to queue
[2025-03-27T16:31:07.467+0000] {logging_mixin.py:188} INFO - [2025-03-27T16:31:07.466+0000] {dagbag.py:538} INFO - Filling up the DagBag from /home/airflow/.local/lib/python3.8/site-packages/airflow/example_dags/example_kubernetes_executor.py
[2025-03-27T16:31:07.479+0000] {processor.py:840} INFO - DAG(s) 'example_kubernetes_executor' retrieved from /home/airflow/.local/lib/python3.8/site-packages/airflow/example_dags/example_kubernetes_executor.py
[2025-03-27T16:31:07.512+0000] {logging_mixin.py:188} INFO - [2025-03-27T16:31:07.512+0000] {dag.py:3036} INFO - Sync 1 DAGs
[2025-03-27T16:31:07.523+0000] {logging_mixin.py:188} INFO - [2025-03-27T16:31:07.522+0000] {dag.py:3823} INFO - Setting next_dagrun for example_kubernetes_executor to None, run_after=None
[2025-03-27T16:31:07.539+0000] {processor.py:183} INFO - Processing /home/airflow/.local/lib/python3.8/site-packages/airflow/example_dags/example_kubernetes_executor.py took 0.077 seconds
[2025-03-27T16:31:38.142+0000] {processor.py:161} INFO - Started process (PID=2627) to work on /home/airflow/.local/lib/python3.8/site-packages/airflow/example_dags/example_kubernetes_executor.py
[2025-03-27T16:31:38.143+0000] {processor.py:830} INFO - Processing file /home/airflow/.local/lib/python3.8/site-packages/airflow/example_dags/example_kubernetes_executor.py for tasks to queue
[2025-03-27T16:31:38.144+0000] {logging_mixin.py:188} INFO - [2025-03-27T16:31:38.144+0000] {dagbag.py:538} INFO - Filling up the DagBag from /home/airflow/.local/lib/python3.8/site-packages/airflow/example_dags/example_kubernetes_executor.py
[2025-03-27T16:31:38.157+0000] {processor.py:840} INFO - DAG(s) 'example_kubernetes_executor' retrieved from /home/airflow/.local/lib/python3.8/site-packages/airflow/example_dags/example_kubernetes_executor.py
[2025-03-27T16:31:38.194+0000] {logging_mixin.py:188} INFO - [2025-03-27T16:31:38.193+0000] {dag.py:3036} INFO - Sync 1 DAGs
[2025-03-27T16:31:38.206+0000] {logging_mixin.py:188} INFO - [2025-03-27T16:31:38.205+0000] {dag.py:3823} INFO - Setting next_dagrun for example_kubernetes_executor to None, run_after=None
[2025-03-27T16:31:38.223+0000] {processor.py:183} INFO - Processing /home/airflow/.local/lib/python3.8/site-packages/airflow/example_dags/example_kubernetes_executor.py took 0.084 seconds
[2025-03-27T16:32:08.293+0000] {processor.py:161} INFO - Started process (PID=2874) to work on /home/airflow/.local/lib/python3.8/site-packages/airflow/example_dags/example_kubernetes_executor.py
[2025-03-27T16:32:08.293+0000] {processor.py:830} INFO - Processing file /home/airflow/.local/lib/python3.8/site-packages/airflow/example_dags/example_kubernetes_executor.py for tasks to queue
[2025-03-27T16:32:08.294+0000] {logging_mixin.py:188} INFO - [2025-03-27T16:32:08.294+0000] {dagbag.py:538} INFO - Filling up the DagBag from /home/airflow/.local/lib/python3.8/site-packages/airflow/example_dags/example_kubernetes_executor.py
[2025-03-27T16:32:08.306+0000] {processor.py:840} INFO - DAG(s) 'example_kubernetes_executor' retrieved from /home/airflow/.local/lib/python3.8/site-packages/airflow/example_dags/example_kubernetes_executor.py
[2025-03-27T16:32:08.345+0000] {logging_mixin.py:188} INFO - [2025-03-27T16:32:08.345+0000] {dag.py:3036} INFO - Sync 1 DAGs
[2025-03-27T16:32:08.357+0000] {logging_mixin.py:188} INFO - [2025-03-27T16:32:08.357+0000] {dag.py:3823} INFO - Setting next_dagrun for example_kubernetes_executor to None, run_after=None
[2025-03-27T16:32:08.375+0000] {processor.py:183} INFO - Processing /home/airflow/.local/lib/python3.8/site-packages/airflow/example_dags/example_kubernetes_executor.py took 0.085 seconds
[2025-03-27T16:32:40.155+0000] {processor.py:161} INFO - Started process (PID=3121) to work on /home/airflow/.local/lib/python3.8/site-packages/airflow/example_dags/example_kubernetes_executor.py
[2025-03-27T16:32:40.157+0000] {processor.py:830} INFO - Processing file /home/airflow/.local/lib/python3.8/site-packages/airflow/example_dags/example_kubernetes_executor.py for tasks to queue
[2025-03-27T16:32:40.160+0000] {logging_mixin.py:188} INFO - [2025-03-27T16:32:40.159+0000] {dagbag.py:538} INFO - Filling up the DagBag from /home/airflow/.local/lib/python3.8/site-packages/airflow/example_dags/example_kubernetes_executor.py
[2025-03-27T16:32:40.215+0000] {processor.py:840} INFO - DAG(s) 'example_kubernetes_executor' retrieved from /home/airflow/.local/lib/python3.8/site-packages/airflow/example_dags/example_kubernetes_executor.py
[2025-03-27T16:32:40.289+0000] {logging_mixin.py:188} INFO - [2025-03-27T16:32:40.289+0000] {dag.py:3036} INFO - Sync 1 DAGs
[2025-03-27T16:32:40.307+0000] {logging_mixin.py:188} INFO - [2025-03-27T16:32:40.306+0000] {dag.py:3823} INFO - Setting next_dagrun for example_kubernetes_executor to None, run_after=None
[2025-03-27T16:32:40.339+0000] {processor.py:183} INFO - Processing /home/airflow/.local/lib/python3.8/site-packages/airflow/example_dags/example_kubernetes_executor.py took 0.189 seconds
[2025-03-27T16:33:11.045+0000] {processor.py:161} INFO - Started process (PID=3366) to work on /home/airflow/.local/lib/python3.8/site-packages/airflow/example_dags/example_kubernetes_executor.py
[2025-03-27T16:33:11.046+0000] {processor.py:830} INFO - Processing file /home/airflow/.local/lib/python3.8/site-packages/airflow/example_dags/example_kubernetes_executor.py for tasks to queue
[2025-03-27T16:33:11.047+0000] {logging_mixin.py:188} INFO - [2025-03-27T16:33:11.047+0000] {dagbag.py:538} INFO - Filling up the DagBag from /home/airflow/.local/lib/python3.8/site-packages/airflow/example_dags/example_kubernetes_executor.py
[2025-03-27T16:33:11.060+0000] {processor.py:840} INFO - DAG(s) 'example_kubernetes_executor' retrieved from /home/airflow/.local/lib/python3.8/site-packages/airflow/example_dags/example_kubernetes_executor.py
[2025-03-27T16:33:11.095+0000] {logging_mixin.py:188} INFO - [2025-03-27T16:33:11.095+0000] {dag.py:3036} INFO - Sync 1 DAGs
[2025-03-27T16:33:11.107+0000] {logging_mixin.py:188} INFO - [2025-03-27T16:33:11.106+0000] {dag.py:3823} INFO - Setting next_dagrun for example_kubernetes_executor to None, run_after=None
[2025-03-27T16:33:11.123+0000] {processor.py:183} INFO - Processing /home/airflow/.local/lib/python3.8/site-packages/airflow/example_dags/example_kubernetes_executor.py took 0.081 seconds
[2025-03-27T16:33:42.053+0000] {processor.py:161} INFO - Started process (PID=3615) to work on /home/airflow/.local/lib/python3.8/site-packages/airflow/example_dags/example_kubernetes_executor.py
[2025-03-27T16:33:42.054+0000] {processor.py:830} INFO - Processing file /home/airflow/.local/lib/python3.8/site-packages/airflow/example_dags/example_kubernetes_executor.py for tasks to queue
[2025-03-27T16:33:42.055+0000] {logging_mixin.py:188} INFO - [2025-03-27T16:33:42.055+0000] {dagbag.py:538} INFO - Filling up the DagBag from /home/airflow/.local/lib/python3.8/site-packages/airflow/example_dags/example_kubernetes_executor.py
[2025-03-27T16:33:42.069+0000] {processor.py:840} INFO - DAG(s) 'example_kubernetes_executor' retrieved from /home/airflow/.local/lib/python3.8/site-packages/airflow/example_dags/example_kubernetes_executor.py
[2025-03-27T16:33:42.107+0000] {logging_mixin.py:188} INFO - [2025-03-27T16:33:42.106+0000] {dag.py:3036} INFO - Sync 1 DAGs
[2025-03-27T16:33:42.118+0000] {logging_mixin.py:188} INFO - [2025-03-27T16:33:42.118+0000] {dag.py:3823} INFO - Setting next_dagrun for example_kubernetes_executor to None, run_after=None
[2025-03-27T16:33:42.141+0000] {processor.py:183} INFO - Processing /home/airflow/.local/lib/python3.8/site-packages/airflow/example_dags/example_kubernetes_executor.py took 0.091 seconds
[2025-03-27T16:34:12.436+0000] {processor.py:161} INFO - Started process (PID=3860) to work on /home/airflow/.local/lib/python3.8/site-packages/airflow/example_dags/example_kubernetes_executor.py
[2025-03-27T16:34:12.437+0000] {processor.py:830} INFO - Processing file /home/airflow/.local/lib/python3.8/site-packages/airflow/example_dags/example_kubernetes_executor.py for tasks to queue
[2025-03-27T16:34:12.438+0000] {logging_mixin.py:188} INFO - [2025-03-27T16:34:12.437+0000] {dagbag.py:538} INFO - Filling up the DagBag from /home/airflow/.local/lib/python3.8/site-packages/airflow/example_dags/example_kubernetes_executor.py
[2025-03-27T16:34:12.449+0000] {processor.py:840} INFO - DAG(s) 'example_kubernetes_executor' retrieved from /home/airflow/.local/lib/python3.8/site-packages/airflow/example_dags/example_kubernetes_executor.py
[2025-03-27T16:34:12.485+0000] {logging_mixin.py:188} INFO - [2025-03-27T16:34:12.484+0000] {dag.py:3036} INFO - Sync 1 DAGs
[2025-03-27T16:34:12.496+0000] {logging_mixin.py:188} INFO - [2025-03-27T16:34:12.495+0000] {dag.py:3823} INFO - Setting next_dagrun for example_kubernetes_executor to None, run_after=None
[2025-03-27T16:34:12.514+0000] {processor.py:183} INFO - Processing /home/airflow/.local/lib/python3.8/site-packages/airflow/example_dags/example_kubernetes_executor.py took 0.081 seconds
[2025-03-27T16:34:42.853+0000] {processor.py:161} INFO - Started process (PID=4109) to work on /home/airflow/.local/lib/python3.8/site-packages/airflow/example_dags/example_kubernetes_executor.py
[2025-03-27T16:34:42.854+0000] {processor.py:830} INFO - Processing file /home/airflow/.local/lib/python3.8/site-packages/airflow/example_dags/example_kubernetes_executor.py for tasks to queue
[2025-03-27T16:34:42.855+0000] {logging_mixin.py:188} INFO - [2025-03-27T16:34:42.855+0000] {dagbag.py:538} INFO - Filling up the DagBag from /home/airflow/.local/lib/python3.8/site-packages/airflow/example_dags/example_kubernetes_executor.py
[2025-03-27T16:34:42.868+0000] {processor.py:840} INFO - DAG(s) 'example_kubernetes_executor' retrieved from /home/airflow/.local/lib/python3.8/site-packages/airflow/example_dags/example_kubernetes_executor.py
[2025-03-27T16:34:42.908+0000] {logging_mixin.py:188} INFO - [2025-03-27T16:34:42.907+0000] {dag.py:3036} INFO - Sync 1 DAGs
[2025-03-27T16:34:42.919+0000] {logging_mixin.py:188} INFO - [2025-03-27T16:34:42.919+0000] {dag.py:3823} INFO - Setting next_dagrun for example_kubernetes_executor to None, run_after=None
[2025-03-27T16:34:42.938+0000] {processor.py:183} INFO - Processing /home/airflow/.local/lib/python3.8/site-packages/airflow/example_dags/example_kubernetes_executor.py took 0.087 seconds
[2025-03-27T16:35:13.308+0000] {processor.py:161} INFO - Started process (PID=4356) to work on /home/airflow/.local/lib/python3.8/site-packages/airflow/example_dags/example_kubernetes_executor.py
[2025-03-27T16:35:13.309+0000] {processor.py:830} INFO - Processing file /home/airflow/.local/lib/python3.8/site-packages/airflow/example_dags/example_kubernetes_executor.py for tasks to queue
[2025-03-27T16:35:13.310+0000] {logging_mixin.py:188} INFO - [2025-03-27T16:35:13.309+0000] {dagbag.py:538} INFO - Filling up the DagBag from /home/airflow/.local/lib/python3.8/site-packages/airflow/example_dags/example_kubernetes_executor.py
[2025-03-27T16:35:13.322+0000] {processor.py:840} INFO - DAG(s) 'example_kubernetes_executor' retrieved from /home/airflow/.local/lib/python3.8/site-packages/airflow/example_dags/example_kubernetes_executor.py
[2025-03-27T16:35:13.358+0000] {logging_mixin.py:188} INFO - [2025-03-27T16:35:13.358+0000] {dag.py:3036} INFO - Sync 1 DAGs
[2025-03-27T16:35:13.368+0000] {logging_mixin.py:188} INFO - [2025-03-27T16:35:13.368+0000] {dag.py:3823} INFO - Setting next_dagrun for example_kubernetes_executor to None, run_after=None
[2025-03-27T16:35:13.386+0000] {processor.py:183} INFO - Processing /home/airflow/.local/lib/python3.8/site-packages/airflow/example_dags/example_kubernetes_executor.py took 0.081 seconds
[2025-03-27T16:35:43.519+0000] {processor.py:161} INFO - Started process (PID=4603) to work on /home/airflow/.local/lib/python3.8/site-packages/airflow/example_dags/example_kubernetes_executor.py
[2025-03-27T16:35:43.520+0000] {processor.py:830} INFO - Processing file /home/airflow/.local/lib/python3.8/site-packages/airflow/example_dags/example_kubernetes_executor.py for tasks to queue
[2025-03-27T16:35:43.521+0000] {logging_mixin.py:188} INFO - [2025-03-27T16:35:43.521+0000] {dagbag.py:538} INFO - Filling up the DagBag from /home/airflow/.local/lib/python3.8/site-packages/airflow/example_dags/example_kubernetes_executor.py
[2025-03-27T16:35:43.536+0000] {processor.py:840} INFO - DAG(s) 'example_kubernetes_executor' retrieved from /home/airflow/.local/lib/python3.8/site-packages/airflow/example_dags/example_kubernetes_executor.py
[2025-03-27T16:35:43.579+0000] {logging_mixin.py:188} INFO - [2025-03-27T16:35:43.579+0000] {dag.py:3036} INFO - Sync 1 DAGs
[2025-03-27T16:35:43.593+0000] {logging_mixin.py:188} INFO - [2025-03-27T16:35:43.593+0000] {dag.py:3823} INFO - Setting next_dagrun for example_kubernetes_executor to None, run_after=None
[2025-03-27T16:35:43.622+0000] {processor.py:183} INFO - Processing /home/airflow/.local/lib/python3.8/site-packages/airflow/example_dags/example_kubernetes_executor.py took 0.106 seconds
[2025-03-27T16:36:14.186+0000] {processor.py:161} INFO - Started process (PID=4850) to work on /home/airflow/.local/lib/python3.8/site-packages/airflow/example_dags/example_kubernetes_executor.py
[2025-03-27T16:36:14.187+0000] {processor.py:830} INFO - Processing file /home/airflow/.local/lib/python3.8/site-packages/airflow/example_dags/example_kubernetes_executor.py for tasks to queue
[2025-03-27T16:36:14.188+0000] {logging_mixin.py:188} INFO - [2025-03-27T16:36:14.188+0000] {dagbag.py:538} INFO - Filling up the DagBag from /home/airflow/.local/lib/python3.8/site-packages/airflow/example_dags/example_kubernetes_executor.py
[2025-03-27T16:36:14.200+0000] {processor.py:840} INFO - DAG(s) 'example_kubernetes_executor' retrieved from /home/airflow/.local/lib/python3.8/site-packages/airflow/example_dags/example_kubernetes_executor.py
[2025-03-27T16:36:14.237+0000] {logging_mixin.py:188} INFO - [2025-03-27T16:36:14.236+0000] {dag.py:3036} INFO - Sync 1 DAGs
[2025-03-27T16:36:14.248+0000] {logging_mixin.py:188} INFO - [2025-03-27T16:36:14.248+0000] {dag.py:3823} INFO - Setting next_dagrun for example_kubernetes_executor to None, run_after=None
[2025-03-27T16:36:14.265+0000] {processor.py:183} INFO - Processing /home/airflow/.local/lib/python3.8/site-packages/airflow/example_dags/example_kubernetes_executor.py took 0.081 seconds
[2025-03-27T16:36:44.616+0000] {processor.py:161} INFO - Started process (PID=5097) to work on /home/airflow/.local/lib/python3.8/site-packages/airflow/example_dags/example_kubernetes_executor.py
[2025-03-27T16:36:44.617+0000] {processor.py:830} INFO - Processing file /home/airflow/.local/lib/python3.8/site-packages/airflow/example_dags/example_kubernetes_executor.py for tasks to queue
[2025-03-27T16:36:44.618+0000] {logging_mixin.py:188} INFO - [2025-03-27T16:36:44.618+0000] {dagbag.py:538} INFO - Filling up the DagBag from /home/airflow/.local/lib/python3.8/site-packages/airflow/example_dags/example_kubernetes_executor.py
[2025-03-27T16:36:44.630+0000] {processor.py:840} INFO - DAG(s) 'example_kubernetes_executor' retrieved from /home/airflow/.local/lib/python3.8/site-packages/airflow/example_dags/example_kubernetes_executor.py
[2025-03-27T16:36:44.668+0000] {logging_mixin.py:188} INFO - [2025-03-27T16:36:44.667+0000] {dag.py:3036} INFO - Sync 1 DAGs
[2025-03-27T16:36:44.680+0000] {logging_mixin.py:188} INFO - [2025-03-27T16:36:44.680+0000] {dag.py:3823} INFO - Setting next_dagrun for example_kubernetes_executor to None, run_after=None
[2025-03-27T16:36:44.697+0000] {processor.py:183} INFO - Processing /home/airflow/.local/lib/python3.8/site-packages/airflow/example_dags/example_kubernetes_executor.py took 0.083 seconds
[2025-03-27T16:37:15.542+0000] {processor.py:161} INFO - Started process (PID=5349) to work on /home/airflow/.local/lib/python3.8/site-packages/airflow/example_dags/example_kubernetes_executor.py
[2025-03-27T16:37:15.542+0000] {processor.py:830} INFO - Processing file /home/airflow/.local/lib/python3.8/site-packages/airflow/example_dags/example_kubernetes_executor.py for tasks to queue
[2025-03-27T16:37:15.543+0000] {logging_mixin.py:188} INFO - [2025-03-27T16:37:15.543+0000] {dagbag.py:538} INFO - Filling up the DagBag from /home/airflow/.local/lib/python3.8/site-packages/airflow/example_dags/example_kubernetes_executor.py
[2025-03-27T16:37:15.558+0000] {processor.py:840} INFO - DAG(s) 'example_kubernetes_executor' retrieved from /home/airflow/.local/lib/python3.8/site-packages/airflow/example_dags/example_kubernetes_executor.py
[2025-03-27T16:37:15.595+0000] {logging_mixin.py:188} INFO - [2025-03-27T16:37:15.595+0000] {dag.py:3036} INFO - Sync 1 DAGs
[2025-03-27T16:37:15.607+0000] {logging_mixin.py:188} INFO - [2025-03-27T16:37:15.606+0000] {dag.py:3823} INFO - Setting next_dagrun for example_kubernetes_executor to None, run_after=None
[2025-03-27T16:37:15.625+0000] {processor.py:183} INFO - Processing /home/airflow/.local/lib/python3.8/site-packages/airflow/example_dags/example_kubernetes_executor.py took 0.086 seconds
[2025-03-27T16:37:45.725+0000] {processor.py:161} INFO - Started process (PID=5601) to work on /home/airflow/.local/lib/python3.8/site-packages/airflow/example_dags/example_kubernetes_executor.py
[2025-03-27T16:37:45.726+0000] {processor.py:830} INFO - Processing file /home/airflow/.local/lib/python3.8/site-packages/airflow/example_dags/example_kubernetes_executor.py for tasks to queue
[2025-03-27T16:37:45.727+0000] {logging_mixin.py:188} INFO - [2025-03-27T16:37:45.727+0000] {dagbag.py:538} INFO - Filling up the DagBag from /home/airflow/.local/lib/python3.8/site-packages/airflow/example_dags/example_kubernetes_executor.py
[2025-03-27T16:37:45.739+0000] {processor.py:840} INFO - DAG(s) 'example_kubernetes_executor' retrieved from /home/airflow/.local/lib/python3.8/site-packages/airflow/example_dags/example_kubernetes_executor.py
[2025-03-27T16:37:45.773+0000] {logging_mixin.py:188} INFO - [2025-03-27T16:37:45.773+0000] {dag.py:3036} INFO - Sync 1 DAGs
[2025-03-27T16:37:45.784+0000] {logging_mixin.py:188} INFO - [2025-03-27T16:37:45.783+0000] {dag.py:3823} INFO - Setting next_dagrun for example_kubernetes_executor to None, run_after=None
[2025-03-27T16:37:45.799+0000] {processor.py:183} INFO - Processing /home/airflow/.local/lib/python3.8/site-packages/airflow/example_dags/example_kubernetes_executor.py took 0.076 seconds
[2025-03-27T16:38:15.865+0000] {processor.py:161} INFO - Started process (PID=5856) to work on /home/airflow/.local/lib/python3.8/site-packages/airflow/example_dags/example_kubernetes_executor.py
[2025-03-27T16:38:15.866+0000] {processor.py:830} INFO - Processing file /home/airflow/.local/lib/python3.8/site-packages/airflow/example_dags/example_kubernetes_executor.py for tasks to queue
[2025-03-27T16:38:15.867+0000] {logging_mixin.py:188} INFO - [2025-03-27T16:38:15.866+0000] {dagbag.py:538} INFO - Filling up the DagBag from /home/airflow/.local/lib/python3.8/site-packages/airflow/example_dags/example_kubernetes_executor.py
[2025-03-27T16:38:15.878+0000] {processor.py:840} INFO - DAG(s) 'example_kubernetes_executor' retrieved from /home/airflow/.local/lib/python3.8/site-packages/airflow/example_dags/example_kubernetes_executor.py
[2025-03-27T16:38:15.915+0000] {logging_mixin.py:188} INFO - [2025-03-27T16:38:15.914+0000] {dag.py:3036} INFO - Sync 1 DAGs
[2025-03-27T16:38:15.926+0000] {logging_mixin.py:188} INFO - [2025-03-27T16:38:15.925+0000] {dag.py:3823} INFO - Setting next_dagrun for example_kubernetes_executor to None, run_after=None
[2025-03-27T16:38:15.941+0000] {processor.py:183} INFO - Processing /home/airflow/.local/lib/python3.8/site-packages/airflow/example_dags/example_kubernetes_executor.py took 0.079 seconds
[2025-03-27T16:38:46.364+0000] {processor.py:161} INFO - Started process (PID=6105) to work on /home/airflow/.local/lib/python3.8/site-packages/airflow/example_dags/example_kubernetes_executor.py
[2025-03-27T16:38:46.365+0000] {processor.py:830} INFO - Processing file /home/airflow/.local/lib/python3.8/site-packages/airflow/example_dags/example_kubernetes_executor.py for tasks to queue
[2025-03-27T16:38:46.366+0000] {logging_mixin.py:188} INFO - [2025-03-27T16:38:46.366+0000] {dagbag.py:538} INFO - Filling up the DagBag from /home/airflow/.local/lib/python3.8/site-packages/airflow/example_dags/example_kubernetes_executor.py
[2025-03-27T16:38:46.379+0000] {processor.py:840} INFO - DAG(s) 'example_kubernetes_executor' retrieved from /home/airflow/.local/lib/python3.8/site-packages/airflow/example_dags/example_kubernetes_executor.py
[2025-03-27T16:38:46.418+0000] {logging_mixin.py:188} INFO - [2025-03-27T16:38:46.417+0000] {dag.py:3036} INFO - Sync 1 DAGs
[2025-03-27T16:38:46.430+0000] {logging_mixin.py:188} INFO - [2025-03-27T16:38:46.430+0000] {dag.py:3823} INFO - Setting next_dagrun for example_kubernetes_executor to None, run_after=None
[2025-03-27T16:38:46.447+0000] {processor.py:183} INFO - Processing /home/airflow/.local/lib/python3.8/site-packages/airflow/example_dags/example_kubernetes_executor.py took 0.086 seconds
[2025-03-27T16:39:17.245+0000] {processor.py:161} INFO - Started process (PID=6380) to work on /home/airflow/.local/lib/python3.8/site-packages/airflow/example_dags/example_kubernetes_executor.py
[2025-03-27T16:39:17.246+0000] {processor.py:830} INFO - Processing file /home/airflow/.local/lib/python3.8/site-packages/airflow/example_dags/example_kubernetes_executor.py for tasks to queue
[2025-03-27T16:39:17.247+0000] {logging_mixin.py:188} INFO - [2025-03-27T16:39:17.247+0000] {dagbag.py:538} INFO - Filling up the DagBag from /home/airflow/.local/lib/python3.8/site-packages/airflow/example_dags/example_kubernetes_executor.py
[2025-03-27T16:39:17.259+0000] {processor.py:840} INFO - DAG(s) 'example_kubernetes_executor' retrieved from /home/airflow/.local/lib/python3.8/site-packages/airflow/example_dags/example_kubernetes_executor.py
[2025-03-27T16:39:17.300+0000] {logging_mixin.py:188} INFO - [2025-03-27T16:39:17.300+0000] {dag.py:3036} INFO - Sync 1 DAGs
[2025-03-27T16:39:17.313+0000] {logging_mixin.py:188} INFO - [2025-03-27T16:39:17.313+0000] {dag.py:3823} INFO - Setting next_dagrun for example_kubernetes_executor to None, run_after=None
[2025-03-27T16:39:17.334+0000] {processor.py:183} INFO - Processing /home/airflow/.local/lib/python3.8/site-packages/airflow/example_dags/example_kubernetes_executor.py took 0.092 seconds
[2025-03-27T16:39:47.573+0000] {processor.py:161} INFO - Started process (PID=6634) to work on /home/airflow/.local/lib/python3.8/site-packages/airflow/example_dags/example_kubernetes_executor.py
[2025-03-27T16:39:47.574+0000] {processor.py:830} INFO - Processing file /home/airflow/.local/lib/python3.8/site-packages/airflow/example_dags/example_kubernetes_executor.py for tasks to queue
[2025-03-27T16:39:47.576+0000] {logging_mixin.py:188} INFO - [2025-03-27T16:39:47.575+0000] {dagbag.py:538} INFO - Filling up the DagBag from /home/airflow/.local/lib/python3.8/site-packages/airflow/example_dags/example_kubernetes_executor.py
[2025-03-27T16:39:47.589+0000] {processor.py:840} INFO - DAG(s) 'example_kubernetes_executor' retrieved from /home/airflow/.local/lib/python3.8/site-packages/airflow/example_dags/example_kubernetes_executor.py
[2025-03-27T16:39:47.626+0000] {logging_mixin.py:188} INFO - [2025-03-27T16:39:47.625+0000] {dag.py:3036} INFO - Sync 1 DAGs
[2025-03-27T16:39:47.639+0000] {logging_mixin.py:188} INFO - [2025-03-27T16:39:47.638+0000] {dag.py:3823} INFO - Setting next_dagrun for example_kubernetes_executor to None, run_after=None
[2025-03-27T16:39:47.658+0000] {processor.py:183} INFO - Processing /home/airflow/.local/lib/python3.8/site-packages/airflow/example_dags/example_kubernetes_executor.py took 0.087 seconds
[2025-03-27T16:40:18.137+0000] {processor.py:161} INFO - Started process (PID=6884) to work on /home/airflow/.local/lib/python3.8/site-packages/airflow/example_dags/example_kubernetes_executor.py
[2025-03-27T16:40:18.138+0000] {processor.py:830} INFO - Processing file /home/airflow/.local/lib/python3.8/site-packages/airflow/example_dags/example_kubernetes_executor.py for tasks to queue
[2025-03-27T16:40:18.139+0000] {logging_mixin.py:188} INFO - [2025-03-27T16:40:18.139+0000] {dagbag.py:538} INFO - Filling up the DagBag from /home/airflow/.local/lib/python3.8/site-packages/airflow/example_dags/example_kubernetes_executor.py
[2025-03-27T16:40:18.151+0000] {processor.py:840} INFO - DAG(s) 'example_kubernetes_executor' retrieved from /home/airflow/.local/lib/python3.8/site-packages/airflow/example_dags/example_kubernetes_executor.py
[2025-03-27T16:40:18.187+0000] {logging_mixin.py:188} INFO - [2025-03-27T16:40:18.186+0000] {dag.py:3036} INFO - Sync 1 DAGs
[2025-03-27T16:40:18.199+0000] {logging_mixin.py:188} INFO - [2025-03-27T16:40:18.199+0000] {dag.py:3823} INFO - Setting next_dagrun for example_kubernetes_executor to None, run_after=None
[2025-03-27T16:40:18.220+0000] {processor.py:183} INFO - Processing /home/airflow/.local/lib/python3.8/site-packages/airflow/example_dags/example_kubernetes_executor.py took 0.086 seconds
[2025-03-27T16:40:48.862+0000] {processor.py:161} INFO - Started process (PID=7138) to work on /home/airflow/.local/lib/python3.8/site-packages/airflow/example_dags/example_kubernetes_executor.py
[2025-03-27T16:40:48.862+0000] {processor.py:830} INFO - Processing file /home/airflow/.local/lib/python3.8/site-packages/airflow/example_dags/example_kubernetes_executor.py for tasks to queue
[2025-03-27T16:40:48.863+0000] {logging_mixin.py:188} INFO - [2025-03-27T16:40:48.863+0000] {dagbag.py:538} INFO - Filling up the DagBag from /home/airflow/.local/lib/python3.8/site-packages/airflow/example_dags/example_kubernetes_executor.py
[2025-03-27T16:40:48.875+0000] {processor.py:840} INFO - DAG(s) 'example_kubernetes_executor' retrieved from /home/airflow/.local/lib/python3.8/site-packages/airflow/example_dags/example_kubernetes_executor.py
[2025-03-27T16:40:48.910+0000] {logging_mixin.py:188} INFO - [2025-03-27T16:40:48.910+0000] {dag.py:3036} INFO - Sync 1 DAGs
[2025-03-27T16:40:48.921+0000] {logging_mixin.py:188} INFO - [2025-03-27T16:40:48.921+0000] {dag.py:3823} INFO - Setting next_dagrun for example_kubernetes_executor to None, run_after=None
[2025-03-27T16:40:48.937+0000] {processor.py:183} INFO - Processing /home/airflow/.local/lib/python3.8/site-packages/airflow/example_dags/example_kubernetes_executor.py took 0.077 seconds
[2025-03-27T16:41:19.221+0000] {processor.py:161} INFO - Started process (PID=7405) to work on /home/airflow/.local/lib/python3.8/site-packages/airflow/example_dags/example_kubernetes_executor.py
[2025-03-27T16:41:19.222+0000] {processor.py:830} INFO - Processing file /home/airflow/.local/lib/python3.8/site-packages/airflow/example_dags/example_kubernetes_executor.py for tasks to queue
[2025-03-27T16:41:19.223+0000] {logging_mixin.py:188} INFO - [2025-03-27T16:41:19.223+0000] {dagbag.py:538} INFO - Filling up the DagBag from /home/airflow/.local/lib/python3.8/site-packages/airflow/example_dags/example_kubernetes_executor.py
[2025-03-27T16:41:19.234+0000] {processor.py:840} INFO - DAG(s) 'example_kubernetes_executor' retrieved from /home/airflow/.local/lib/python3.8/site-packages/airflow/example_dags/example_kubernetes_executor.py
[2025-03-27T16:41:19.269+0000] {logging_mixin.py:188} INFO - [2025-03-27T16:41:19.269+0000] {dag.py:3036} INFO - Sync 1 DAGs
[2025-03-27T16:41:19.280+0000] {logging_mixin.py:188} INFO - [2025-03-27T16:41:19.280+0000] {dag.py:3823} INFO - Setting next_dagrun for example_kubernetes_executor to None, run_after=None
[2025-03-27T16:41:19.296+0000] {processor.py:183} INFO - Processing /home/airflow/.local/lib/python3.8/site-packages/airflow/example_dags/example_kubernetes_executor.py took 0.077 seconds
[2025-03-27T16:41:49.545+0000] {processor.py:161} INFO - Started process (PID=7657) to work on /home/airflow/.local/lib/python3.8/site-packages/airflow/example_dags/example_kubernetes_executor.py
[2025-03-27T16:41:49.546+0000] {processor.py:830} INFO - Processing file /home/airflow/.local/lib/python3.8/site-packages/airflow/example_dags/example_kubernetes_executor.py for tasks to queue
[2025-03-27T16:41:49.546+0000] {logging_mixin.py:188} INFO - [2025-03-27T16:41:49.546+0000] {dagbag.py:538} INFO - Filling up the DagBag from /home/airflow/.local/lib/python3.8/site-packages/airflow/example_dags/example_kubernetes_executor.py
[2025-03-27T16:41:49.558+0000] {processor.py:840} INFO - DAG(s) 'example_kubernetes_executor' retrieved from /home/airflow/.local/lib/python3.8/site-packages/airflow/example_dags/example_kubernetes_executor.py
[2025-03-27T16:41:49.595+0000] {logging_mixin.py:188} INFO - [2025-03-27T16:41:49.594+0000] {dag.py:3036} INFO - Sync 1 DAGs
[2025-03-27T16:41:49.607+0000] {logging_mixin.py:188} INFO - [2025-03-27T16:41:49.607+0000] {dag.py:3823} INFO - Setting next_dagrun for example_kubernetes_executor to None, run_after=None
[2025-03-27T16:41:49.623+0000] {processor.py:183} INFO - Processing /home/airflow/.local/lib/python3.8/site-packages/airflow/example_dags/example_kubernetes_executor.py took 0.081 seconds
[2025-03-27T16:42:19.722+0000] {processor.py:161} INFO - Started process (PID=7909) to work on /home/airflow/.local/lib/python3.8/site-packages/airflow/example_dags/example_kubernetes_executor.py
[2025-03-27T16:42:19.723+0000] {processor.py:830} INFO - Processing file /home/airflow/.local/lib/python3.8/site-packages/airflow/example_dags/example_kubernetes_executor.py for tasks to queue
[2025-03-27T16:42:19.724+0000] {logging_mixin.py:188} INFO - [2025-03-27T16:42:19.724+0000] {dagbag.py:538} INFO - Filling up the DagBag from /home/airflow/.local/lib/python3.8/site-packages/airflow/example_dags/example_kubernetes_executor.py
[2025-03-27T16:42:19.736+0000] {processor.py:840} INFO - DAG(s) 'example_kubernetes_executor' retrieved from /home/airflow/.local/lib/python3.8/site-packages/airflow/example_dags/example_kubernetes_executor.py
[2025-03-27T16:42:19.772+0000] {logging_mixin.py:188} INFO - [2025-03-27T16:42:19.772+0000] {dag.py:3036} INFO - Sync 1 DAGs
[2025-03-27T16:42:19.784+0000] {logging_mixin.py:188} INFO - [2025-03-27T16:42:19.784+0000] {dag.py:3823} INFO - Setting next_dagrun for example_kubernetes_executor to None, run_after=None
[2025-03-27T16:42:19.798+0000] {processor.py:183} INFO - Processing /home/airflow/.local/lib/python3.8/site-packages/airflow/example_dags/example_kubernetes_executor.py took 0.079 seconds
[2025-03-27T16:42:50.231+0000] {processor.py:161} INFO - Started process (PID=8161) to work on /home/airflow/.local/lib/python3.8/site-packages/airflow/example_dags/example_kubernetes_executor.py
[2025-03-27T16:42:50.232+0000] {processor.py:830} INFO - Processing file /home/airflow/.local/lib/python3.8/site-packages/airflow/example_dags/example_kubernetes_executor.py for tasks to queue
[2025-03-27T16:42:50.233+0000] {logging_mixin.py:188} INFO - [2025-03-27T16:42:50.233+0000] {dagbag.py:538} INFO - Filling up the DagBag from /home/airflow/.local/lib/python3.8/site-packages/airflow/example_dags/example_kubernetes_executor.py
[2025-03-27T16:42:50.246+0000] {processor.py:840} INFO - DAG(s) 'example_kubernetes_executor' retrieved from /home/airflow/.local/lib/python3.8/site-packages/airflow/example_dags/example_kubernetes_executor.py
[2025-03-27T16:42:50.287+0000] {logging_mixin.py:188} INFO - [2025-03-27T16:42:50.287+0000] {dag.py:3036} INFO - Sync 1 DAGs
[2025-03-27T16:42:50.299+0000] {logging_mixin.py:188} INFO - [2025-03-27T16:42:50.299+0000] {dag.py:3823} INFO - Setting next_dagrun for example_kubernetes_executor to None, run_after=None
[2025-03-27T16:42:50.336+0000] {processor.py:183} INFO - Processing /home/airflow/.local/lib/python3.8/site-packages/airflow/example_dags/example_kubernetes_executor.py took 0.107 seconds
[2025-03-27T16:43:21.792+0000] {processor.py:161} INFO - Started process (PID=8460) to work on /home/airflow/.local/lib/python3.8/site-packages/airflow/example_dags/example_kubernetes_executor.py
[2025-03-27T16:43:21.794+0000] {processor.py:830} INFO - Processing file /home/airflow/.local/lib/python3.8/site-packages/airflow/example_dags/example_kubernetes_executor.py for tasks to queue
[2025-03-27T16:43:21.798+0000] {logging_mixin.py:188} INFO - [2025-03-27T16:43:21.797+0000] {dagbag.py:538} INFO - Filling up the DagBag from /home/airflow/.local/lib/python3.8/site-packages/airflow/example_dags/example_kubernetes_executor.py
[2025-03-27T16:43:21.824+0000] {processor.py:840} INFO - DAG(s) 'example_kubernetes_executor' retrieved from /home/airflow/.local/lib/python3.8/site-packages/airflow/example_dags/example_kubernetes_executor.py
[2025-03-27T16:43:21.898+0000] {logging_mixin.py:188} INFO - [2025-03-27T16:43:21.897+0000] {dag.py:3036} INFO - Sync 1 DAGs
[2025-03-27T16:43:21.919+0000] {logging_mixin.py:188} INFO - [2025-03-27T16:43:21.918+0000] {dag.py:3823} INFO - Setting next_dagrun for example_kubernetes_executor to None, run_after=None
[2025-03-27T16:43:21.952+0000] {processor.py:183} INFO - Processing /home/airflow/.local/lib/python3.8/site-packages/airflow/example_dags/example_kubernetes_executor.py took 0.166 seconds
[2025-03-27T16:43:52.558+0000] {processor.py:161} INFO - Started process (PID=8732) to work on /home/airflow/.local/lib/python3.8/site-packages/airflow/example_dags/example_kubernetes_executor.py
[2025-03-27T16:43:52.559+0000] {processor.py:830} INFO - Processing file /home/airflow/.local/lib/python3.8/site-packages/airflow/example_dags/example_kubernetes_executor.py for tasks to queue
[2025-03-27T16:43:52.560+0000] {logging_mixin.py:188} INFO - [2025-03-27T16:43:52.560+0000] {dagbag.py:538} INFO - Filling up the DagBag from /home/airflow/.local/lib/python3.8/site-packages/airflow/example_dags/example_kubernetes_executor.py
[2025-03-27T16:43:52.574+0000] {processor.py:840} INFO - DAG(s) 'example_kubernetes_executor' retrieved from /home/airflow/.local/lib/python3.8/site-packages/airflow/example_dags/example_kubernetes_executor.py
[2025-03-27T16:43:52.613+0000] {logging_mixin.py:188} INFO - [2025-03-27T16:43:52.613+0000] {dag.py:3036} INFO - Sync 1 DAGs
[2025-03-27T16:43:52.624+0000] {logging_mixin.py:188} INFO - [2025-03-27T16:43:52.624+0000] {dag.py:3823} INFO - Setting next_dagrun for example_kubernetes_executor to None, run_after=None
[2025-03-27T16:43:52.642+0000] {processor.py:183} INFO - Processing /home/airflow/.local/lib/python3.8/site-packages/airflow/example_dags/example_kubernetes_executor.py took 0.086 seconds
[2025-03-27T16:44:23.181+0000] {processor.py:161} INFO - Started process (PID=9004) to work on /home/airflow/.local/lib/python3.8/site-packages/airflow/example_dags/example_kubernetes_executor.py
[2025-03-27T16:44:23.182+0000] {processor.py:830} INFO - Processing file /home/airflow/.local/lib/python3.8/site-packages/airflow/example_dags/example_kubernetes_executor.py for tasks to queue
[2025-03-27T16:44:23.184+0000] {logging_mixin.py:188} INFO - [2025-03-27T16:44:23.183+0000] {dagbag.py:538} INFO - Filling up the DagBag from /home/airflow/.local/lib/python3.8/site-packages/airflow/example_dags/example_kubernetes_executor.py
[2025-03-27T16:44:23.202+0000] {processor.py:840} INFO - DAG(s) 'example_kubernetes_executor' retrieved from /home/airflow/.local/lib/python3.8/site-packages/airflow/example_dags/example_kubernetes_executor.py
[2025-03-27T16:44:23.253+0000] {logging_mixin.py:188} INFO - [2025-03-27T16:44:23.253+0000] {dag.py:3036} INFO - Sync 1 DAGs
[2025-03-27T16:44:23.267+0000] {logging_mixin.py:188} INFO - [2025-03-27T16:44:23.267+0000] {dag.py:3823} INFO - Setting next_dagrun for example_kubernetes_executor to None, run_after=None
[2025-03-27T16:44:23.290+0000] {processor.py:183} INFO - Processing /home/airflow/.local/lib/python3.8/site-packages/airflow/example_dags/example_kubernetes_executor.py took 0.113 seconds
[2025-03-27T16:44:53.371+0000] {processor.py:161} INFO - Started process (PID=9256) to work on /home/airflow/.local/lib/python3.8/site-packages/airflow/example_dags/example_kubernetes_executor.py
[2025-03-27T16:44:53.374+0000] {processor.py:830} INFO - Processing file /home/airflow/.local/lib/python3.8/site-packages/airflow/example_dags/example_kubernetes_executor.py for tasks to queue
[2025-03-27T16:44:53.376+0000] {logging_mixin.py:188} INFO - [2025-03-27T16:44:53.375+0000] {dagbag.py:538} INFO - Filling up the DagBag from /home/airflow/.local/lib/python3.8/site-packages/airflow/example_dags/example_kubernetes_executor.py
[2025-03-27T16:44:53.396+0000] {processor.py:840} INFO - DAG(s) 'example_kubernetes_executor' retrieved from /home/airflow/.local/lib/python3.8/site-packages/airflow/example_dags/example_kubernetes_executor.py
[2025-03-27T16:44:53.443+0000] {logging_mixin.py:188} INFO - [2025-03-27T16:44:53.442+0000] {dag.py:3036} INFO - Sync 1 DAGs
[2025-03-27T16:44:53.457+0000] {logging_mixin.py:188} INFO - [2025-03-27T16:44:53.456+0000] {dag.py:3823} INFO - Setting next_dagrun for example_kubernetes_executor to None, run_after=None
[2025-03-27T16:44:53.477+0000] {processor.py:183} INFO - Processing /home/airflow/.local/lib/python3.8/site-packages/airflow/example_dags/example_kubernetes_executor.py took 0.109 seconds
[2025-03-27T16:45:26.376+0000] {processor.py:161} INFO - Started process (PID=9557) to work on /home/airflow/.local/lib/python3.8/site-packages/airflow/example_dags/example_kubernetes_executor.py
[2025-03-27T16:45:26.388+0000] {processor.py:830} INFO - Processing file /home/airflow/.local/lib/python3.8/site-packages/airflow/example_dags/example_kubernetes_executor.py for tasks to queue
[2025-03-27T16:45:26.390+0000] {logging_mixin.py:188} INFO - [2025-03-27T16:45:26.390+0000] {dagbag.py:538} INFO - Filling up the DagBag from /home/airflow/.local/lib/python3.8/site-packages/airflow/example_dags/example_kubernetes_executor.py
[2025-03-27T16:45:26.572+0000] {processor.py:840} INFO - DAG(s) 'example_kubernetes_executor' retrieved from /home/airflow/.local/lib/python3.8/site-packages/airflow/example_dags/example_kubernetes_executor.py
[2025-03-27T16:45:27.243+0000] {logging_mixin.py:188} INFO - [2025-03-27T16:45:27.241+0000] {dag.py:3036} INFO - Sync 1 DAGs
[2025-03-27T16:45:27.351+0000] {logging_mixin.py:188} INFO - [2025-03-27T16:45:27.348+0000] {dag.py:3823} INFO - Setting next_dagrun for example_kubernetes_executor to None, run_after=None
[2025-03-27T16:45:27.547+0000] {processor.py:183} INFO - Processing /home/airflow/.local/lib/python3.8/site-packages/airflow/example_dags/example_kubernetes_executor.py took 1.236 seconds
[2025-03-27T16:45:58.045+0000] {processor.py:161} INFO - Started process (PID=10158) to work on /home/airflow/.local/lib/python3.8/site-packages/airflow/example_dags/example_kubernetes_executor.py
[2025-03-27T16:45:58.046+0000] {processor.py:830} INFO - Processing file /home/airflow/.local/lib/python3.8/site-packages/airflow/example_dags/example_kubernetes_executor.py for tasks to queue
[2025-03-27T16:45:58.047+0000] {logging_mixin.py:188} INFO - [2025-03-27T16:45:58.047+0000] {dagbag.py:538} INFO - Filling up the DagBag from /home/airflow/.local/lib/python3.8/site-packages/airflow/example_dags/example_kubernetes_executor.py
[2025-03-27T16:45:58.059+0000] {processor.py:840} INFO - DAG(s) 'example_kubernetes_executor' retrieved from /home/airflow/.local/lib/python3.8/site-packages/airflow/example_dags/example_kubernetes_executor.py
[2025-03-27T16:45:58.097+0000] {logging_mixin.py:188} INFO - [2025-03-27T16:45:58.097+0000] {dag.py:3036} INFO - Sync 1 DAGs
[2025-03-27T16:45:58.110+0000] {logging_mixin.py:188} INFO - [2025-03-27T16:45:58.110+0000] {dag.py:3823} INFO - Setting next_dagrun for example_kubernetes_executor to None, run_after=None
[2025-03-27T16:45:58.130+0000] {processor.py:183} INFO - Processing /home/airflow/.local/lib/python3.8/site-packages/airflow/example_dags/example_kubernetes_executor.py took 0.088 seconds
[2025-03-27T16:46:28.413+0000] {processor.py:161} INFO - Started process (PID=10809) to work on /home/airflow/.local/lib/python3.8/site-packages/airflow/example_dags/example_kubernetes_executor.py
[2025-03-27T16:46:28.415+0000] {processor.py:830} INFO - Processing file /home/airflow/.local/lib/python3.8/site-packages/airflow/example_dags/example_kubernetes_executor.py for tasks to queue
[2025-03-27T16:46:28.416+0000] {logging_mixin.py:188} INFO - [2025-03-27T16:46:28.415+0000] {dagbag.py:538} INFO - Filling up the DagBag from /home/airflow/.local/lib/python3.8/site-packages/airflow/example_dags/example_kubernetes_executor.py
[2025-03-27T16:46:28.428+0000] {processor.py:840} INFO - DAG(s) 'example_kubernetes_executor' retrieved from /home/airflow/.local/lib/python3.8/site-packages/airflow/example_dags/example_kubernetes_executor.py
[2025-03-27T16:46:28.468+0000] {logging_mixin.py:188} INFO - [2025-03-27T16:46:28.468+0000] {dag.py:3036} INFO - Sync 1 DAGs
[2025-03-27T16:46:28.480+0000] {logging_mixin.py:188} INFO - [2025-03-27T16:46:28.480+0000] {dag.py:3823} INFO - Setting next_dagrun for example_kubernetes_executor to None, run_after=None
[2025-03-27T16:46:28.501+0000] {processor.py:183} INFO - Processing /home/airflow/.local/lib/python3.8/site-packages/airflow/example_dags/example_kubernetes_executor.py took 0.091 seconds
[2025-03-27T16:46:59.376+0000] {processor.py:161} INFO - Started process (PID=11532) to work on /home/airflow/.local/lib/python3.8/site-packages/airflow/example_dags/example_kubernetes_executor.py
[2025-03-27T16:46:59.379+0000] {processor.py:830} INFO - Processing file /home/airflow/.local/lib/python3.8/site-packages/airflow/example_dags/example_kubernetes_executor.py for tasks to queue
[2025-03-27T16:46:59.385+0000] {logging_mixin.py:188} INFO - [2025-03-27T16:46:59.384+0000] {dagbag.py:538} INFO - Filling up the DagBag from /home/airflow/.local/lib/python3.8/site-packages/airflow/example_dags/example_kubernetes_executor.py
[2025-03-27T16:46:59.440+0000] {processor.py:840} INFO - DAG(s) 'example_kubernetes_executor' retrieved from /home/airflow/.local/lib/python3.8/site-packages/airflow/example_dags/example_kubernetes_executor.py
[2025-03-27T16:46:59.532+0000] {logging_mixin.py:188} INFO - [2025-03-27T16:46:59.531+0000] {dag.py:3036} INFO - Sync 1 DAGs
[2025-03-27T16:46:59.555+0000] {logging_mixin.py:188} INFO - [2025-03-27T16:46:59.554+0000] {dag.py:3823} INFO - Setting next_dagrun for example_kubernetes_executor to None, run_after=None
[2025-03-27T16:46:59.597+0000] {processor.py:183} INFO - Processing /home/airflow/.local/lib/python3.8/site-packages/airflow/example_dags/example_kubernetes_executor.py took 0.236 seconds
[2025-03-27T16:47:29.689+0000] {processor.py:161} INFO - Started process (PID=12247) to work on /home/airflow/.local/lib/python3.8/site-packages/airflow/example_dags/example_kubernetes_executor.py
[2025-03-27T16:47:29.691+0000] {processor.py:830} INFO - Processing file /home/airflow/.local/lib/python3.8/site-packages/airflow/example_dags/example_kubernetes_executor.py for tasks to queue
[2025-03-27T16:47:29.692+0000] {logging_mixin.py:188} INFO - [2025-03-27T16:47:29.692+0000] {dagbag.py:538} INFO - Filling up the DagBag from /home/airflow/.local/lib/python3.8/site-packages/airflow/example_dags/example_kubernetes_executor.py
[2025-03-27T16:47:29.718+0000] {processor.py:840} INFO - DAG(s) 'example_kubernetes_executor' retrieved from /home/airflow/.local/lib/python3.8/site-packages/airflow/example_dags/example_kubernetes_executor.py
[2025-03-27T16:47:29.775+0000] {logging_mixin.py:188} INFO - [2025-03-27T16:47:29.775+0000] {dag.py:3036} INFO - Sync 1 DAGs
[2025-03-27T16:47:29.794+0000] {logging_mixin.py:188} INFO - [2025-03-27T16:47:29.793+0000] {dag.py:3823} INFO - Setting next_dagrun for example_kubernetes_executor to None, run_after=None
[2025-03-27T16:47:29.823+0000] {processor.py:183} INFO - Processing /home/airflow/.local/lib/python3.8/site-packages/airflow/example_dags/example_kubernetes_executor.py took 0.139 seconds
[2025-03-27T16:48:00.680+0000] {processor.py:161} INFO - Started process (PID=12906) to work on /home/airflow/.local/lib/python3.8/site-packages/airflow/example_dags/example_kubernetes_executor.py
[2025-03-27T16:48:00.681+0000] {processor.py:830} INFO - Processing file /home/airflow/.local/lib/python3.8/site-packages/airflow/example_dags/example_kubernetes_executor.py for tasks to queue
[2025-03-27T16:48:00.682+0000] {logging_mixin.py:188} INFO - [2025-03-27T16:48:00.682+0000] {dagbag.py:538} INFO - Filling up the DagBag from /home/airflow/.local/lib/python3.8/site-packages/airflow/example_dags/example_kubernetes_executor.py
[2025-03-27T16:48:00.695+0000] {processor.py:840} INFO - DAG(s) 'example_kubernetes_executor' retrieved from /home/airflow/.local/lib/python3.8/site-packages/airflow/example_dags/example_kubernetes_executor.py
[2025-03-27T16:48:00.733+0000] {logging_mixin.py:188} INFO - [2025-03-27T16:48:00.732+0000] {dag.py:3036} INFO - Sync 1 DAGs
[2025-03-27T16:48:00.744+0000] {logging_mixin.py:188} INFO - [2025-03-27T16:48:00.744+0000] {dag.py:3823} INFO - Setting next_dagrun for example_kubernetes_executor to None, run_after=None
[2025-03-27T16:48:00.765+0000] {processor.py:183} INFO - Processing /home/airflow/.local/lib/python3.8/site-packages/airflow/example_dags/example_kubernetes_executor.py took 0.088 seconds
[2025-03-27T16:48:31.503+0000] {processor.py:161} INFO - Started process (PID=13588) to work on /home/airflow/.local/lib/python3.8/site-packages/airflow/example_dags/example_kubernetes_executor.py
[2025-03-27T16:48:31.505+0000] {processor.py:830} INFO - Processing file /home/airflow/.local/lib/python3.8/site-packages/airflow/example_dags/example_kubernetes_executor.py for tasks to queue
[2025-03-27T16:48:31.507+0000] {logging_mixin.py:188} INFO - [2025-03-27T16:48:31.507+0000] {dagbag.py:538} INFO - Filling up the DagBag from /home/airflow/.local/lib/python3.8/site-packages/airflow/example_dags/example_kubernetes_executor.py
[2025-03-27T16:48:31.538+0000] {processor.py:840} INFO - DAG(s) 'example_kubernetes_executor' retrieved from /home/airflow/.local/lib/python3.8/site-packages/airflow/example_dags/example_kubernetes_executor.py
[2025-03-27T16:48:31.626+0000] {logging_mixin.py:188} INFO - [2025-03-27T16:48:31.626+0000] {dag.py:3036} INFO - Sync 1 DAGs
[2025-03-27T16:48:31.668+0000] {logging_mixin.py:188} INFO - [2025-03-27T16:48:31.667+0000] {dag.py:3823} INFO - Setting next_dagrun for example_kubernetes_executor to None, run_after=None
[2025-03-27T16:48:31.715+0000] {processor.py:183} INFO - Processing /home/airflow/.local/lib/python3.8/site-packages/airflow/example_dags/example_kubernetes_executor.py took 0.217 seconds
[2025-03-27T16:49:01.823+0000] {processor.py:161} INFO - Started process (PID=14269) to work on /home/airflow/.local/lib/python3.8/site-packages/airflow/example_dags/example_kubernetes_executor.py
[2025-03-27T16:49:01.825+0000] {processor.py:830} INFO - Processing file /home/airflow/.local/lib/python3.8/site-packages/airflow/example_dags/example_kubernetes_executor.py for tasks to queue
[2025-03-27T16:49:01.828+0000] {logging_mixin.py:188} INFO - [2025-03-27T16:49:01.827+0000] {dagbag.py:538} INFO - Filling up the DagBag from /home/airflow/.local/lib/python3.8/site-packages/airflow/example_dags/example_kubernetes_executor.py
[2025-03-27T16:49:01.863+0000] {processor.py:840} INFO - DAG(s) 'example_kubernetes_executor' retrieved from /home/airflow/.local/lib/python3.8/site-packages/airflow/example_dags/example_kubernetes_executor.py
[2025-03-27T16:49:01.978+0000] {logging_mixin.py:188} INFO - [2025-03-27T16:49:01.978+0000] {dag.py:3036} INFO - Sync 1 DAGs
[2025-03-27T16:49:02.002+0000] {logging_mixin.py:188} INFO - [2025-03-27T16:49:02.001+0000] {dag.py:3823} INFO - Setting next_dagrun for example_kubernetes_executor to None, run_after=None
[2025-03-27T16:49:02.054+0000] {processor.py:183} INFO - Processing /home/airflow/.local/lib/python3.8/site-packages/airflow/example_dags/example_kubernetes_executor.py took 0.237 seconds
[2025-03-27T16:49:32.332+0000] {processor.py:161} INFO - Started process (PID=14993) to work on /home/airflow/.local/lib/python3.8/site-packages/airflow/example_dags/example_kubernetes_executor.py
[2025-03-27T16:49:32.334+0000] {processor.py:830} INFO - Processing file /home/airflow/.local/lib/python3.8/site-packages/airflow/example_dags/example_kubernetes_executor.py for tasks to queue
[2025-03-27T16:49:32.335+0000] {logging_mixin.py:188} INFO - [2025-03-27T16:49:32.335+0000] {dagbag.py:538} INFO - Filling up the DagBag from /home/airflow/.local/lib/python3.8/site-packages/airflow/example_dags/example_kubernetes_executor.py
[2025-03-27T16:49:32.362+0000] {processor.py:840} INFO - DAG(s) 'example_kubernetes_executor' retrieved from /home/airflow/.local/lib/python3.8/site-packages/airflow/example_dags/example_kubernetes_executor.py
[2025-03-27T16:49:32.437+0000] {logging_mixin.py:188} INFO - [2025-03-27T16:49:32.437+0000] {dag.py:3036} INFO - Sync 1 DAGs
[2025-03-27T16:49:32.458+0000] {logging_mixin.py:188} INFO - [2025-03-27T16:49:32.457+0000] {dag.py:3823} INFO - Setting next_dagrun for example_kubernetes_executor to None, run_after=None
[2025-03-27T16:49:32.493+0000] {processor.py:183} INFO - Processing /home/airflow/.local/lib/python3.8/site-packages/airflow/example_dags/example_kubernetes_executor.py took 0.166 seconds
[2025-03-27T16:50:03.487+0000] {processor.py:161} INFO - Started process (PID=15667) to work on /home/airflow/.local/lib/python3.8/site-packages/airflow/example_dags/example_kubernetes_executor.py
[2025-03-27T16:50:03.494+0000] {processor.py:830} INFO - Processing file /home/airflow/.local/lib/python3.8/site-packages/airflow/example_dags/example_kubernetes_executor.py for tasks to queue
[2025-03-27T16:50:03.496+0000] {logging_mixin.py:188} INFO - [2025-03-27T16:50:03.496+0000] {dagbag.py:538} INFO - Filling up the DagBag from /home/airflow/.local/lib/python3.8/site-packages/airflow/example_dags/example_kubernetes_executor.py
[2025-03-27T16:50:03.529+0000] {processor.py:840} INFO - DAG(s) 'example_kubernetes_executor' retrieved from /home/airflow/.local/lib/python3.8/site-packages/airflow/example_dags/example_kubernetes_executor.py
[2025-03-27T16:50:03.649+0000] {logging_mixin.py:188} INFO - [2025-03-27T16:50:03.648+0000] {dag.py:3036} INFO - Sync 1 DAGs
[2025-03-27T16:50:03.695+0000] {logging_mixin.py:188} INFO - [2025-03-27T16:50:03.692+0000] {dag.py:3823} INFO - Setting next_dagrun for example_kubernetes_executor to None, run_after=None
[2025-03-27T16:50:03.740+0000] {processor.py:183} INFO - Processing /home/airflow/.local/lib/python3.8/site-packages/airflow/example_dags/example_kubernetes_executor.py took 0.260 seconds
[2025-03-27T16:50:34.038+0000] {processor.py:161} INFO - Started process (PID=16363) to work on /home/airflow/.local/lib/python3.8/site-packages/airflow/example_dags/example_kubernetes_executor.py
[2025-03-27T16:50:34.043+0000] {processor.py:830} INFO - Processing file /home/airflow/.local/lib/python3.8/site-packages/airflow/example_dags/example_kubernetes_executor.py for tasks to queue
[2025-03-27T16:50:34.045+0000] {logging_mixin.py:188} INFO - [2025-03-27T16:50:34.044+0000] {dagbag.py:538} INFO - Filling up the DagBag from /home/airflow/.local/lib/python3.8/site-packages/airflow/example_dags/example_kubernetes_executor.py
[2025-03-27T16:50:34.074+0000] {processor.py:840} INFO - DAG(s) 'example_kubernetes_executor' retrieved from /home/airflow/.local/lib/python3.8/site-packages/airflow/example_dags/example_kubernetes_executor.py
[2025-03-27T16:50:34.176+0000] {logging_mixin.py:188} INFO - [2025-03-27T16:50:34.174+0000] {dag.py:3036} INFO - Sync 1 DAGs
[2025-03-27T16:50:34.205+0000] {logging_mixin.py:188} INFO - [2025-03-27T16:50:34.204+0000] {dag.py:3823} INFO - Setting next_dagrun for example_kubernetes_executor to None, run_after=None
[2025-03-27T16:50:34.253+0000] {processor.py:183} INFO - Processing /home/airflow/.local/lib/python3.8/site-packages/airflow/example_dags/example_kubernetes_executor.py took 0.221 seconds
[2025-03-27T16:51:04.767+0000] {processor.py:161} INFO - Started process (PID=17061) to work on /home/airflow/.local/lib/python3.8/site-packages/airflow/example_dags/example_kubernetes_executor.py
[2025-03-27T16:51:04.769+0000] {processor.py:830} INFO - Processing file /home/airflow/.local/lib/python3.8/site-packages/airflow/example_dags/example_kubernetes_executor.py for tasks to queue
[2025-03-27T16:51:04.771+0000] {logging_mixin.py:188} INFO - [2025-03-27T16:51:04.770+0000] {dagbag.py:538} INFO - Filling up the DagBag from /home/airflow/.local/lib/python3.8/site-packages/airflow/example_dags/example_kubernetes_executor.py
[2025-03-27T16:51:04.798+0000] {processor.py:840} INFO - DAG(s) 'example_kubernetes_executor' retrieved from /home/airflow/.local/lib/python3.8/site-packages/airflow/example_dags/example_kubernetes_executor.py
[2025-03-27T16:51:04.895+0000] {logging_mixin.py:188} INFO - [2025-03-27T16:51:04.894+0000] {dag.py:3036} INFO - Sync 1 DAGs
[2025-03-27T16:51:04.922+0000] {logging_mixin.py:188} INFO - [2025-03-27T16:51:04.922+0000] {dag.py:3823} INFO - Setting next_dagrun for example_kubernetes_executor to None, run_after=None
[2025-03-27T16:51:04.958+0000] {processor.py:183} INFO - Processing /home/airflow/.local/lib/python3.8/site-packages/airflow/example_dags/example_kubernetes_executor.py took 0.195 seconds
[2025-03-27T16:51:35.079+0000] {processor.py:161} INFO - Started process (PID=17694) to work on /home/airflow/.local/lib/python3.8/site-packages/airflow/example_dags/example_kubernetes_executor.py
[2025-03-27T16:51:35.080+0000] {processor.py:830} INFO - Processing file /home/airflow/.local/lib/python3.8/site-packages/airflow/example_dags/example_kubernetes_executor.py for tasks to queue
[2025-03-27T16:51:35.081+0000] {logging_mixin.py:188} INFO - [2025-03-27T16:51:35.081+0000] {dagbag.py:538} INFO - Filling up the DagBag from /home/airflow/.local/lib/python3.8/site-packages/airflow/example_dags/example_kubernetes_executor.py
[2025-03-27T16:51:35.093+0000] {processor.py:840} INFO - DAG(s) 'example_kubernetes_executor' retrieved from /home/airflow/.local/lib/python3.8/site-packages/airflow/example_dags/example_kubernetes_executor.py
[2025-03-27T16:51:35.131+0000] {logging_mixin.py:188} INFO - [2025-03-27T16:51:35.130+0000] {dag.py:3036} INFO - Sync 1 DAGs
[2025-03-27T16:51:35.143+0000] {logging_mixin.py:188} INFO - [2025-03-27T16:51:35.143+0000] {dag.py:3823} INFO - Setting next_dagrun for example_kubernetes_executor to None, run_after=None
[2025-03-27T16:51:35.162+0000] {processor.py:183} INFO - Processing /home/airflow/.local/lib/python3.8/site-packages/airflow/example_dags/example_kubernetes_executor.py took 0.086 seconds
[2025-03-27T16:52:05.258+0000] {processor.py:161} INFO - Started process (PID=17944) to work on /home/airflow/.local/lib/python3.8/site-packages/airflow/example_dags/example_kubernetes_executor.py
[2025-03-27T16:52:05.259+0000] {processor.py:830} INFO - Processing file /home/airflow/.local/lib/python3.8/site-packages/airflow/example_dags/example_kubernetes_executor.py for tasks to queue
[2025-03-27T16:52:05.260+0000] {logging_mixin.py:188} INFO - [2025-03-27T16:52:05.260+0000] {dagbag.py:538} INFO - Filling up the DagBag from /home/airflow/.local/lib/python3.8/site-packages/airflow/example_dags/example_kubernetes_executor.py
[2025-03-27T16:52:05.274+0000] {processor.py:840} INFO - DAG(s) 'example_kubernetes_executor' retrieved from /home/airflow/.local/lib/python3.8/site-packages/airflow/example_dags/example_kubernetes_executor.py
[2025-03-27T16:52:05.311+0000] {logging_mixin.py:188} INFO - [2025-03-27T16:52:05.310+0000] {dag.py:3036} INFO - Sync 1 DAGs
[2025-03-27T16:52:05.323+0000] {logging_mixin.py:188} INFO - [2025-03-27T16:52:05.323+0000] {dag.py:3823} INFO - Setting next_dagrun for example_kubernetes_executor to None, run_after=None
[2025-03-27T16:52:05.465+0000] {processor.py:183} INFO - Processing /home/airflow/.local/lib/python3.8/site-packages/airflow/example_dags/example_kubernetes_executor.py took 0.210 seconds
[2025-03-27T16:52:36.232+0000] {processor.py:161} INFO - Started process (PID=18196) to work on /home/airflow/.local/lib/python3.8/site-packages/airflow/example_dags/example_kubernetes_executor.py
[2025-03-27T16:52:36.233+0000] {processor.py:830} INFO - Processing file /home/airflow/.local/lib/python3.8/site-packages/airflow/example_dags/example_kubernetes_executor.py for tasks to queue
[2025-03-27T16:52:36.234+0000] {logging_mixin.py:188} INFO - [2025-03-27T16:52:36.234+0000] {dagbag.py:538} INFO - Filling up the DagBag from /home/airflow/.local/lib/python3.8/site-packages/airflow/example_dags/example_kubernetes_executor.py
[2025-03-27T16:52:36.248+0000] {processor.py:840} INFO - DAG(s) 'example_kubernetes_executor' retrieved from /home/airflow/.local/lib/python3.8/site-packages/airflow/example_dags/example_kubernetes_executor.py
[2025-03-27T16:52:36.295+0000] {logging_mixin.py:188} INFO - [2025-03-27T16:52:36.294+0000] {dag.py:3036} INFO - Sync 1 DAGs
[2025-03-27T16:52:36.312+0000] {logging_mixin.py:188} INFO - [2025-03-27T16:52:36.312+0000] {dag.py:3823} INFO - Setting next_dagrun for example_kubernetes_executor to None, run_after=None
[2025-03-27T16:52:36.493+0000] {processor.py:183} INFO - Processing /home/airflow/.local/lib/python3.8/site-packages/airflow/example_dags/example_kubernetes_executor.py took 0.264 seconds
[2025-03-27T16:53:06.785+0000] {processor.py:161} INFO - Started process (PID=18448) to work on /home/airflow/.local/lib/python3.8/site-packages/airflow/example_dags/example_kubernetes_executor.py
[2025-03-27T16:53:06.786+0000] {processor.py:830} INFO - Processing file /home/airflow/.local/lib/python3.8/site-packages/airflow/example_dags/example_kubernetes_executor.py for tasks to queue
[2025-03-27T16:53:06.787+0000] {logging_mixin.py:188} INFO - [2025-03-27T16:53:06.786+0000] {dagbag.py:538} INFO - Filling up the DagBag from /home/airflow/.local/lib/python3.8/site-packages/airflow/example_dags/example_kubernetes_executor.py
[2025-03-27T16:53:06.799+0000] {processor.py:840} INFO - DAG(s) 'example_kubernetes_executor' retrieved from /home/airflow/.local/lib/python3.8/site-packages/airflow/example_dags/example_kubernetes_executor.py
[2025-03-27T16:53:06.837+0000] {logging_mixin.py:188} INFO - [2025-03-27T16:53:06.837+0000] {dag.py:3036} INFO - Sync 1 DAGs
[2025-03-27T16:53:06.849+0000] {logging_mixin.py:188} INFO - [2025-03-27T16:53:06.849+0000] {dag.py:3823} INFO - Setting next_dagrun for example_kubernetes_executor to None, run_after=None
[2025-03-27T16:53:06.866+0000] {processor.py:183} INFO - Processing /home/airflow/.local/lib/python3.8/site-packages/airflow/example_dags/example_kubernetes_executor.py took 0.084 seconds
[2025-03-27T16:53:37.470+0000] {processor.py:161} INFO - Started process (PID=18700) to work on /home/airflow/.local/lib/python3.8/site-packages/airflow/example_dags/example_kubernetes_executor.py
[2025-03-27T16:53:37.471+0000] {processor.py:830} INFO - Processing file /home/airflow/.local/lib/python3.8/site-packages/airflow/example_dags/example_kubernetes_executor.py for tasks to queue
[2025-03-27T16:53:37.472+0000] {logging_mixin.py:188} INFO - [2025-03-27T16:53:37.472+0000] {dagbag.py:538} INFO - Filling up the DagBag from /home/airflow/.local/lib/python3.8/site-packages/airflow/example_dags/example_kubernetes_executor.py
[2025-03-27T16:53:37.486+0000] {processor.py:840} INFO - DAG(s) 'example_kubernetes_executor' retrieved from /home/airflow/.local/lib/python3.8/site-packages/airflow/example_dags/example_kubernetes_executor.py
[2025-03-27T16:53:37.525+0000] {logging_mixin.py:188} INFO - [2025-03-27T16:53:37.525+0000] {dag.py:3036} INFO - Sync 1 DAGs
[2025-03-27T16:53:37.538+0000] {logging_mixin.py:188} INFO - [2025-03-27T16:53:37.537+0000] {dag.py:3823} INFO - Setting next_dagrun for example_kubernetes_executor to None, run_after=None
[2025-03-27T16:53:37.556+0000] {processor.py:183} INFO - Processing /home/airflow/.local/lib/python3.8/site-packages/airflow/example_dags/example_kubernetes_executor.py took 0.089 seconds
[2025-03-27T16:54:08.421+0000] {processor.py:161} INFO - Started process (PID=18952) to work on /home/airflow/.local/lib/python3.8/site-packages/airflow/example_dags/example_kubernetes_executor.py
[2025-03-27T16:54:08.422+0000] {processor.py:830} INFO - Processing file /home/airflow/.local/lib/python3.8/site-packages/airflow/example_dags/example_kubernetes_executor.py for tasks to queue
[2025-03-27T16:54:08.423+0000] {logging_mixin.py:188} INFO - [2025-03-27T16:54:08.423+0000] {dagbag.py:538} INFO - Filling up the DagBag from /home/airflow/.local/lib/python3.8/site-packages/airflow/example_dags/example_kubernetes_executor.py
[2025-03-27T16:54:08.436+0000] {processor.py:840} INFO - DAG(s) 'example_kubernetes_executor' retrieved from /home/airflow/.local/lib/python3.8/site-packages/airflow/example_dags/example_kubernetes_executor.py
[2025-03-27T16:54:08.472+0000] {logging_mixin.py:188} INFO - [2025-03-27T16:54:08.471+0000] {dag.py:3036} INFO - Sync 1 DAGs
[2025-03-27T16:54:08.484+0000] {logging_mixin.py:188} INFO - [2025-03-27T16:54:08.483+0000] {dag.py:3823} INFO - Setting next_dagrun for example_kubernetes_executor to None, run_after=None
[2025-03-27T16:54:08.502+0000] {processor.py:183} INFO - Processing /home/airflow/.local/lib/python3.8/site-packages/airflow/example_dags/example_kubernetes_executor.py took 0.083 seconds
[2025-03-27T16:54:38.782+0000] {processor.py:161} INFO - Started process (PID=19204) to work on /home/airflow/.local/lib/python3.8/site-packages/airflow/example_dags/example_kubernetes_executor.py
[2025-03-27T16:54:38.784+0000] {processor.py:830} INFO - Processing file /home/airflow/.local/lib/python3.8/site-packages/airflow/example_dags/example_kubernetes_executor.py for tasks to queue
[2025-03-27T16:54:38.785+0000] {logging_mixin.py:188} INFO - [2025-03-27T16:54:38.785+0000] {dagbag.py:538} INFO - Filling up the DagBag from /home/airflow/.local/lib/python3.8/site-packages/airflow/example_dags/example_kubernetes_executor.py
[2025-03-27T16:54:38.798+0000] {processor.py:840} INFO - DAG(s) 'example_kubernetes_executor' retrieved from /home/airflow/.local/lib/python3.8/site-packages/airflow/example_dags/example_kubernetes_executor.py
[2025-03-27T16:54:38.838+0000] {logging_mixin.py:188} INFO - [2025-03-27T16:54:38.838+0000] {dag.py:3036} INFO - Sync 1 DAGs
[2025-03-27T16:54:38.852+0000] {logging_mixin.py:188} INFO - [2025-03-27T16:54:38.851+0000] {dag.py:3823} INFO - Setting next_dagrun for example_kubernetes_executor to None, run_after=None
[2025-03-27T16:54:38.871+0000] {processor.py:183} INFO - Processing /home/airflow/.local/lib/python3.8/site-packages/airflow/example_dags/example_kubernetes_executor.py took 0.092 seconds
[2025-03-27T16:55:09.677+0000] {processor.py:161} INFO - Started process (PID=19456) to work on /home/airflow/.local/lib/python3.8/site-packages/airflow/example_dags/example_kubernetes_executor.py
[2025-03-27T16:55:09.678+0000] {processor.py:830} INFO - Processing file /home/airflow/.local/lib/python3.8/site-packages/airflow/example_dags/example_kubernetes_executor.py for tasks to queue
[2025-03-27T16:55:09.680+0000] {logging_mixin.py:188} INFO - [2025-03-27T16:55:09.679+0000] {dagbag.py:538} INFO - Filling up the DagBag from /home/airflow/.local/lib/python3.8/site-packages/airflow/example_dags/example_kubernetes_executor.py
[2025-03-27T16:55:09.692+0000] {processor.py:840} INFO - DAG(s) 'example_kubernetes_executor' retrieved from /home/airflow/.local/lib/python3.8/site-packages/airflow/example_dags/example_kubernetes_executor.py
[2025-03-27T16:55:09.875+0000] {logging_mixin.py:188} INFO - [2025-03-27T16:55:09.875+0000] {dag.py:3036} INFO - Sync 1 DAGs
[2025-03-27T16:55:09.887+0000] {logging_mixin.py:188} INFO - [2025-03-27T16:55:09.886+0000] {dag.py:3823} INFO - Setting next_dagrun for example_kubernetes_executor to None, run_after=None
[2025-03-27T16:55:09.909+0000] {processor.py:183} INFO - Processing /home/airflow/.local/lib/python3.8/site-packages/airflow/example_dags/example_kubernetes_executor.py took 0.235 seconds
[2025-03-27T16:55:40.037+0000] {processor.py:161} INFO - Started process (PID=19708) to work on /home/airflow/.local/lib/python3.8/site-packages/airflow/example_dags/example_kubernetes_executor.py
[2025-03-27T16:55:40.038+0000] {processor.py:830} INFO - Processing file /home/airflow/.local/lib/python3.8/site-packages/airflow/example_dags/example_kubernetes_executor.py for tasks to queue
[2025-03-27T16:55:40.039+0000] {logging_mixin.py:188} INFO - [2025-03-27T16:55:40.038+0000] {dagbag.py:538} INFO - Filling up the DagBag from /home/airflow/.local/lib/python3.8/site-packages/airflow/example_dags/example_kubernetes_executor.py
[2025-03-27T16:55:40.051+0000] {processor.py:840} INFO - DAG(s) 'example_kubernetes_executor' retrieved from /home/airflow/.local/lib/python3.8/site-packages/airflow/example_dags/example_kubernetes_executor.py
[2025-03-27T16:55:40.089+0000] {logging_mixin.py:188} INFO - [2025-03-27T16:55:40.089+0000] {dag.py:3036} INFO - Sync 1 DAGs
[2025-03-27T16:55:40.100+0000] {logging_mixin.py:188} INFO - [2025-03-27T16:55:40.100+0000] {dag.py:3823} INFO - Setting next_dagrun for example_kubernetes_executor to None, run_after=None
[2025-03-27T16:55:40.117+0000] {processor.py:183} INFO - Processing /home/airflow/.local/lib/python3.8/site-packages/airflow/example_dags/example_kubernetes_executor.py took 0.083 seconds
[2025-03-27T16:56:10.266+0000] {processor.py:161} INFO - Started process (PID=19960) to work on /home/airflow/.local/lib/python3.8/site-packages/airflow/example_dags/example_kubernetes_executor.py
[2025-03-27T16:56:10.266+0000] {processor.py:830} INFO - Processing file /home/airflow/.local/lib/python3.8/site-packages/airflow/example_dags/example_kubernetes_executor.py for tasks to queue
[2025-03-27T16:56:10.267+0000] {logging_mixin.py:188} INFO - [2025-03-27T16:56:10.267+0000] {dagbag.py:538} INFO - Filling up the DagBag from /home/airflow/.local/lib/python3.8/site-packages/airflow/example_dags/example_kubernetes_executor.py
[2025-03-27T16:56:10.279+0000] {processor.py:840} INFO - DAG(s) 'example_kubernetes_executor' retrieved from /home/airflow/.local/lib/python3.8/site-packages/airflow/example_dags/example_kubernetes_executor.py
[2025-03-27T16:56:10.315+0000] {logging_mixin.py:188} INFO - [2025-03-27T16:56:10.315+0000] {dag.py:3036} INFO - Sync 1 DAGs
[2025-03-27T16:56:10.326+0000] {logging_mixin.py:188} INFO - [2025-03-27T16:56:10.326+0000] {dag.py:3823} INFO - Setting next_dagrun for example_kubernetes_executor to None, run_after=None
[2025-03-27T16:56:10.342+0000] {processor.py:183} INFO - Processing /home/airflow/.local/lib/python3.8/site-packages/airflow/example_dags/example_kubernetes_executor.py took 0.079 seconds
[2025-03-27T16:56:40.807+0000] {processor.py:161} INFO - Started process (PID=20212) to work on /home/airflow/.local/lib/python3.8/site-packages/airflow/example_dags/example_kubernetes_executor.py
[2025-03-27T16:56:40.808+0000] {processor.py:830} INFO - Processing file /home/airflow/.local/lib/python3.8/site-packages/airflow/example_dags/example_kubernetes_executor.py for tasks to queue
[2025-03-27T16:56:40.809+0000] {logging_mixin.py:188} INFO - [2025-03-27T16:56:40.809+0000] {dagbag.py:538} INFO - Filling up the DagBag from /home/airflow/.local/lib/python3.8/site-packages/airflow/example_dags/example_kubernetes_executor.py
[2025-03-27T16:56:40.822+0000] {processor.py:840} INFO - DAG(s) 'example_kubernetes_executor' retrieved from /home/airflow/.local/lib/python3.8/site-packages/airflow/example_dags/example_kubernetes_executor.py
[2025-03-27T16:56:40.867+0000] {logging_mixin.py:188} INFO - [2025-03-27T16:56:40.867+0000] {dag.py:3036} INFO - Sync 1 DAGs
[2025-03-27T16:56:40.880+0000] {logging_mixin.py:188} INFO - [2025-03-27T16:56:40.880+0000] {dag.py:3823} INFO - Setting next_dagrun for example_kubernetes_executor to None, run_after=None
[2025-03-27T16:56:40.900+0000] {processor.py:183} INFO - Processing /home/airflow/.local/lib/python3.8/site-packages/airflow/example_dags/example_kubernetes_executor.py took 0.097 seconds
[2025-03-27T16:57:11.149+0000] {processor.py:161} INFO - Started process (PID=20464) to work on /home/airflow/.local/lib/python3.8/site-packages/airflow/example_dags/example_kubernetes_executor.py
[2025-03-27T16:57:11.150+0000] {processor.py:830} INFO - Processing file /home/airflow/.local/lib/python3.8/site-packages/airflow/example_dags/example_kubernetes_executor.py for tasks to queue
[2025-03-27T16:57:11.151+0000] {logging_mixin.py:188} INFO - [2025-03-27T16:57:11.150+0000] {dagbag.py:538} INFO - Filling up the DagBag from /home/airflow/.local/lib/python3.8/site-packages/airflow/example_dags/example_kubernetes_executor.py
[2025-03-27T16:57:11.164+0000] {processor.py:840} INFO - DAG(s) 'example_kubernetes_executor' retrieved from /home/airflow/.local/lib/python3.8/site-packages/airflow/example_dags/example_kubernetes_executor.py
[2025-03-27T16:57:11.204+0000] {logging_mixin.py:188} INFO - [2025-03-27T16:57:11.204+0000] {dag.py:3036} INFO - Sync 1 DAGs
[2025-03-27T16:57:11.219+0000] {logging_mixin.py:188} INFO - [2025-03-27T16:57:11.218+0000] {dag.py:3823} INFO - Setting next_dagrun for example_kubernetes_executor to None, run_after=None
[2025-03-27T16:57:11.238+0000] {processor.py:183} INFO - Processing /home/airflow/.local/lib/python3.8/site-packages/airflow/example_dags/example_kubernetes_executor.py took 0.093 seconds
[2025-03-27T16:57:41.430+0000] {processor.py:161} INFO - Started process (PID=20716) to work on /home/airflow/.local/lib/python3.8/site-packages/airflow/example_dags/example_kubernetes_executor.py
[2025-03-27T16:57:41.430+0000] {processor.py:830} INFO - Processing file /home/airflow/.local/lib/python3.8/site-packages/airflow/example_dags/example_kubernetes_executor.py for tasks to queue
[2025-03-27T16:57:41.431+0000] {logging_mixin.py:188} INFO - [2025-03-27T16:57:41.431+0000] {dagbag.py:538} INFO - Filling up the DagBag from /home/airflow/.local/lib/python3.8/site-packages/airflow/example_dags/example_kubernetes_executor.py
[2025-03-27T16:57:41.443+0000] {processor.py:840} INFO - DAG(s) 'example_kubernetes_executor' retrieved from /home/airflow/.local/lib/python3.8/site-packages/airflow/example_dags/example_kubernetes_executor.py
[2025-03-27T16:57:41.480+0000] {logging_mixin.py:188} INFO - [2025-03-27T16:57:41.479+0000] {dag.py:3036} INFO - Sync 1 DAGs
[2025-03-27T16:57:41.493+0000] {logging_mixin.py:188} INFO - [2025-03-27T16:57:41.492+0000] {dag.py:3823} INFO - Setting next_dagrun for example_kubernetes_executor to None, run_after=None
[2025-03-27T16:57:41.509+0000] {processor.py:183} INFO - Processing /home/airflow/.local/lib/python3.8/site-packages/airflow/example_dags/example_kubernetes_executor.py took 0.082 seconds
[2025-03-27T16:58:11.658+0000] {processor.py:161} INFO - Started process (PID=20968) to work on /home/airflow/.local/lib/python3.8/site-packages/airflow/example_dags/example_kubernetes_executor.py
[2025-03-27T16:58:11.658+0000] {processor.py:830} INFO - Processing file /home/airflow/.local/lib/python3.8/site-packages/airflow/example_dags/example_kubernetes_executor.py for tasks to queue
[2025-03-27T16:58:11.659+0000] {logging_mixin.py:188} INFO - [2025-03-27T16:58:11.659+0000] {dagbag.py:538} INFO - Filling up the DagBag from /home/airflow/.local/lib/python3.8/site-packages/airflow/example_dags/example_kubernetes_executor.py
[2025-03-27T16:58:11.671+0000] {processor.py:840} INFO - DAG(s) 'example_kubernetes_executor' retrieved from /home/airflow/.local/lib/python3.8/site-packages/airflow/example_dags/example_kubernetes_executor.py
[2025-03-27T16:58:11.706+0000] {logging_mixin.py:188} INFO - [2025-03-27T16:58:11.706+0000] {dag.py:3036} INFO - Sync 1 DAGs
[2025-03-27T16:58:11.718+0000] {logging_mixin.py:188} INFO - [2025-03-27T16:58:11.717+0000] {dag.py:3823} INFO - Setting next_dagrun for example_kubernetes_executor to None, run_after=None
[2025-03-27T16:58:11.735+0000] {processor.py:183} INFO - Processing /home/airflow/.local/lib/python3.8/site-packages/airflow/example_dags/example_kubernetes_executor.py took 0.080 seconds
[2025-03-27T16:58:41.853+0000] {processor.py:161} INFO - Started process (PID=21220) to work on /home/airflow/.local/lib/python3.8/site-packages/airflow/example_dags/example_kubernetes_executor.py
[2025-03-27T16:58:41.853+0000] {processor.py:830} INFO - Processing file /home/airflow/.local/lib/python3.8/site-packages/airflow/example_dags/example_kubernetes_executor.py for tasks to queue
[2025-03-27T16:58:41.854+0000] {logging_mixin.py:188} INFO - [2025-03-27T16:58:41.854+0000] {dagbag.py:538} INFO - Filling up the DagBag from /home/airflow/.local/lib/python3.8/site-packages/airflow/example_dags/example_kubernetes_executor.py
[2025-03-27T16:58:41.867+0000] {processor.py:840} INFO - DAG(s) 'example_kubernetes_executor' retrieved from /home/airflow/.local/lib/python3.8/site-packages/airflow/example_dags/example_kubernetes_executor.py
[2025-03-27T16:58:41.904+0000] {logging_mixin.py:188} INFO - [2025-03-27T16:58:41.904+0000] {dag.py:3036} INFO - Sync 1 DAGs
[2025-03-27T16:58:41.915+0000] {logging_mixin.py:188} INFO - [2025-03-27T16:58:41.915+0000] {dag.py:3823} INFO - Setting next_dagrun for example_kubernetes_executor to None, run_after=None
[2025-03-27T16:58:41.932+0000] {processor.py:183} INFO - Processing /home/airflow/.local/lib/python3.8/site-packages/airflow/example_dags/example_kubernetes_executor.py took 0.083 seconds
[2025-03-27T16:59:12.237+0000] {processor.py:161} INFO - Started process (PID=21472) to work on /home/airflow/.local/lib/python3.8/site-packages/airflow/example_dags/example_kubernetes_executor.py
[2025-03-27T16:59:12.238+0000] {processor.py:830} INFO - Processing file /home/airflow/.local/lib/python3.8/site-packages/airflow/example_dags/example_kubernetes_executor.py for tasks to queue
[2025-03-27T16:59:12.239+0000] {logging_mixin.py:188} INFO - [2025-03-27T16:59:12.238+0000] {dagbag.py:538} INFO - Filling up the DagBag from /home/airflow/.local/lib/python3.8/site-packages/airflow/example_dags/example_kubernetes_executor.py
[2025-03-27T16:59:12.254+0000] {processor.py:840} INFO - DAG(s) 'example_kubernetes_executor' retrieved from /home/airflow/.local/lib/python3.8/site-packages/airflow/example_dags/example_kubernetes_executor.py
[2025-03-27T16:59:12.293+0000] {logging_mixin.py:188} INFO - [2025-03-27T16:59:12.292+0000] {dag.py:3036} INFO - Sync 1 DAGs
[2025-03-27T16:59:12.304+0000] {logging_mixin.py:188} INFO - [2025-03-27T16:59:12.304+0000] {dag.py:3823} INFO - Setting next_dagrun for example_kubernetes_executor to None, run_after=None
[2025-03-27T16:59:12.322+0000] {processor.py:183} INFO - Processing /home/airflow/.local/lib/python3.8/site-packages/airflow/example_dags/example_kubernetes_executor.py took 0.088 seconds
[2025-03-27T16:59:42.989+0000] {processor.py:161} INFO - Started process (PID=21724) to work on /home/airflow/.local/lib/python3.8/site-packages/airflow/example_dags/example_kubernetes_executor.py
[2025-03-27T16:59:42.990+0000] {processor.py:830} INFO - Processing file /home/airflow/.local/lib/python3.8/site-packages/airflow/example_dags/example_kubernetes_executor.py for tasks to queue
[2025-03-27T16:59:42.991+0000] {logging_mixin.py:188} INFO - [2025-03-27T16:59:42.991+0000] {dagbag.py:538} INFO - Filling up the DagBag from /home/airflow/.local/lib/python3.8/site-packages/airflow/example_dags/example_kubernetes_executor.py
[2025-03-27T16:59:43.003+0000] {processor.py:840} INFO - DAG(s) 'example_kubernetes_executor' retrieved from /home/airflow/.local/lib/python3.8/site-packages/airflow/example_dags/example_kubernetes_executor.py
[2025-03-27T16:59:43.039+0000] {logging_mixin.py:188} INFO - [2025-03-27T16:59:43.039+0000] {dag.py:3036} INFO - Sync 1 DAGs
[2025-03-27T16:59:43.050+0000] {logging_mixin.py:188} INFO - [2025-03-27T16:59:43.049+0000] {dag.py:3823} INFO - Setting next_dagrun for example_kubernetes_executor to None, run_after=None
[2025-03-27T16:59:43.066+0000] {processor.py:183} INFO - Processing /home/airflow/.local/lib/python3.8/site-packages/airflow/example_dags/example_kubernetes_executor.py took 0.080 seconds
[2025-03-27T17:00:13.309+0000] {processor.py:161} INFO - Started process (PID=21976) to work on /home/airflow/.local/lib/python3.8/site-packages/airflow/example_dags/example_kubernetes_executor.py
[2025-03-27T17:00:13.310+0000] {processor.py:830} INFO - Processing file /home/airflow/.local/lib/python3.8/site-packages/airflow/example_dags/example_kubernetes_executor.py for tasks to queue
[2025-03-27T17:00:13.311+0000] {logging_mixin.py:188} INFO - [2025-03-27T17:00:13.311+0000] {dagbag.py:538} INFO - Filling up the DagBag from /home/airflow/.local/lib/python3.8/site-packages/airflow/example_dags/example_kubernetes_executor.py
[2025-03-27T17:00:13.323+0000] {processor.py:840} INFO - DAG(s) 'example_kubernetes_executor' retrieved from /home/airflow/.local/lib/python3.8/site-packages/airflow/example_dags/example_kubernetes_executor.py
[2025-03-27T17:00:13.359+0000] {logging_mixin.py:188} INFO - [2025-03-27T17:00:13.359+0000] {dag.py:3036} INFO - Sync 1 DAGs
[2025-03-27T17:00:13.370+0000] {logging_mixin.py:188} INFO - [2025-03-27T17:00:13.370+0000] {dag.py:3823} INFO - Setting next_dagrun for example_kubernetes_executor to None, run_after=None
[2025-03-27T17:00:13.385+0000] {processor.py:183} INFO - Processing /home/airflow/.local/lib/python3.8/site-packages/airflow/example_dags/example_kubernetes_executor.py took 0.079 seconds
