[2025-03-27T16:26:59.889+0000] {processor.py:161} INFO - Started process (PID=211) to work on /home/airflow/.local/lib/python3.8/site-packages/airflow/example_dags/example_short_circuit_operator.py
[2025-03-27T16:26:59.890+0000] {processor.py:830} INFO - Processing file /home/airflow/.local/lib/python3.8/site-packages/airflow/example_dags/example_short_circuit_operator.py for tasks to queue
[2025-03-27T16:26:59.890+0000] {logging_mixin.py:188} INFO - [2025-03-27T16:26:59.890+0000] {dagbag.py:538} INFO - Filling up the DagBag from /home/airflow/.local/lib/python3.8/site-packages/airflow/example_dags/example_short_circuit_operator.py
[2025-03-27T16:26:59.898+0000] {processor.py:840} INFO - DAG(s) 'example_short_circuit_operator' retrieved from /home/airflow/.local/lib/python3.8/site-packages/airflow/example_dags/example_short_circuit_operator.py
[2025-03-27T16:26:59.908+0000] {logging_mixin.py:188} INFO - [2025-03-27T16:26:59.908+0000] {dag.py:3036} INFO - Sync 1 DAGs
[2025-03-27T16:26:59.930+0000] {logging_mixin.py:188} INFO - [2025-03-27T16:26:59.930+0000] {dag.py:3823} INFO - Setting next_dagrun for example_short_circuit_operator to 2025-03-26 00:00:00+00:00, run_after=2025-03-27 00:00:00+00:00
[2025-03-27T16:26:59.946+0000] {processor.py:183} INFO - Processing /home/airflow/.local/lib/python3.8/site-packages/airflow/example_dags/example_short_circuit_operator.py took 0.060 seconds
[2025-03-27T16:27:30.210+0000] {processor.py:161} INFO - Started process (PID=458) to work on /home/airflow/.local/lib/python3.8/site-packages/airflow/example_dags/example_short_circuit_operator.py
[2025-03-27T16:27:30.211+0000] {processor.py:830} INFO - Processing file /home/airflow/.local/lib/python3.8/site-packages/airflow/example_dags/example_short_circuit_operator.py for tasks to queue
[2025-03-27T16:27:30.212+0000] {logging_mixin.py:188} INFO - [2025-03-27T16:27:30.211+0000] {dagbag.py:538} INFO - Filling up the DagBag from /home/airflow/.local/lib/python3.8/site-packages/airflow/example_dags/example_short_circuit_operator.py
[2025-03-27T16:27:30.218+0000] {processor.py:840} INFO - DAG(s) 'example_short_circuit_operator' retrieved from /home/airflow/.local/lib/python3.8/site-packages/airflow/example_dags/example_short_circuit_operator.py
[2025-03-27T16:27:30.309+0000] {logging_mixin.py:188} INFO - [2025-03-27T16:27:30.309+0000] {dag.py:3036} INFO - Sync 1 DAGs
[2025-03-27T16:27:30.327+0000] {logging_mixin.py:188} INFO - [2025-03-27T16:27:30.327+0000] {dag.py:3823} INFO - Setting next_dagrun for example_short_circuit_operator to 2025-03-26 00:00:00+00:00, run_after=2025-03-27 00:00:00+00:00
[2025-03-27T16:27:30.345+0000] {processor.py:183} INFO - Processing /home/airflow/.local/lib/python3.8/site-packages/airflow/example_dags/example_short_circuit_operator.py took 0.138 seconds
[2025-03-27T16:28:01.334+0000] {processor.py:161} INFO - Started process (PID=705) to work on /home/airflow/.local/lib/python3.8/site-packages/airflow/example_dags/example_short_circuit_operator.py
[2025-03-27T16:28:01.335+0000] {processor.py:830} INFO - Processing file /home/airflow/.local/lib/python3.8/site-packages/airflow/example_dags/example_short_circuit_operator.py for tasks to queue
[2025-03-27T16:28:01.336+0000] {logging_mixin.py:188} INFO - [2025-03-27T16:28:01.335+0000] {dagbag.py:538} INFO - Filling up the DagBag from /home/airflow/.local/lib/python3.8/site-packages/airflow/example_dags/example_short_circuit_operator.py
[2025-03-27T16:28:01.346+0000] {processor.py:840} INFO - DAG(s) 'example_short_circuit_operator' retrieved from /home/airflow/.local/lib/python3.8/site-packages/airflow/example_dags/example_short_circuit_operator.py
[2025-03-27T16:28:01.373+0000] {logging_mixin.py:188} INFO - [2025-03-27T16:28:01.373+0000] {dag.py:3036} INFO - Sync 1 DAGs
[2025-03-27T16:28:01.401+0000] {logging_mixin.py:188} INFO - [2025-03-27T16:28:01.400+0000] {dag.py:3823} INFO - Setting next_dagrun for example_short_circuit_operator to 2025-03-26 00:00:00+00:00, run_after=2025-03-27 00:00:00+00:00
[2025-03-27T16:28:01.422+0000] {processor.py:183} INFO - Processing /home/airflow/.local/lib/python3.8/site-packages/airflow/example_dags/example_short_circuit_operator.py took 0.092 seconds
[2025-03-27T16:28:31.560+0000] {processor.py:161} INFO - Started process (PID=952) to work on /home/airflow/.local/lib/python3.8/site-packages/airflow/example_dags/example_short_circuit_operator.py
[2025-03-27T16:28:31.561+0000] {processor.py:830} INFO - Processing file /home/airflow/.local/lib/python3.8/site-packages/airflow/example_dags/example_short_circuit_operator.py for tasks to queue
[2025-03-27T16:28:31.562+0000] {logging_mixin.py:188} INFO - [2025-03-27T16:28:31.562+0000] {dagbag.py:538} INFO - Filling up the DagBag from /home/airflow/.local/lib/python3.8/site-packages/airflow/example_dags/example_short_circuit_operator.py
[2025-03-27T16:28:31.572+0000] {processor.py:840} INFO - DAG(s) 'example_short_circuit_operator' retrieved from /home/airflow/.local/lib/python3.8/site-packages/airflow/example_dags/example_short_circuit_operator.py
[2025-03-27T16:28:31.596+0000] {logging_mixin.py:188} INFO - [2025-03-27T16:28:31.596+0000] {dag.py:3036} INFO - Sync 1 DAGs
[2025-03-27T16:28:31.620+0000] {logging_mixin.py:188} INFO - [2025-03-27T16:28:31.620+0000] {dag.py:3823} INFO - Setting next_dagrun for example_short_circuit_operator to 2025-03-26 00:00:00+00:00, run_after=2025-03-27 00:00:00+00:00
[2025-03-27T16:28:31.640+0000] {processor.py:183} INFO - Processing /home/airflow/.local/lib/python3.8/site-packages/airflow/example_dags/example_short_circuit_operator.py took 0.083 seconds
[2025-03-27T16:29:02.246+0000] {processor.py:161} INFO - Started process (PID=1199) to work on /home/airflow/.local/lib/python3.8/site-packages/airflow/example_dags/example_short_circuit_operator.py
[2025-03-27T16:29:02.247+0000] {processor.py:830} INFO - Processing file /home/airflow/.local/lib/python3.8/site-packages/airflow/example_dags/example_short_circuit_operator.py for tasks to queue
[2025-03-27T16:29:02.247+0000] {logging_mixin.py:188} INFO - [2025-03-27T16:29:02.247+0000] {dagbag.py:538} INFO - Filling up the DagBag from /home/airflow/.local/lib/python3.8/site-packages/airflow/example_dags/example_short_circuit_operator.py
[2025-03-27T16:29:02.254+0000] {processor.py:840} INFO - DAG(s) 'example_short_circuit_operator' retrieved from /home/airflow/.local/lib/python3.8/site-packages/airflow/example_dags/example_short_circuit_operator.py
[2025-03-27T16:29:02.273+0000] {logging_mixin.py:188} INFO - [2025-03-27T16:29:02.273+0000] {dag.py:3036} INFO - Sync 1 DAGs
[2025-03-27T16:29:02.295+0000] {logging_mixin.py:188} INFO - [2025-03-27T16:29:02.294+0000] {dag.py:3823} INFO - Setting next_dagrun for example_short_circuit_operator to 2025-03-26 00:00:00+00:00, run_after=2025-03-27 00:00:00+00:00
[2025-03-27T16:29:02.310+0000] {processor.py:183} INFO - Processing /home/airflow/.local/lib/python3.8/site-packages/airflow/example_dags/example_short_circuit_operator.py took 0.067 seconds
[2025-03-27T16:29:32.877+0000] {processor.py:161} INFO - Started process (PID=1452) to work on /home/airflow/.local/lib/python3.8/site-packages/airflow/example_dags/example_short_circuit_operator.py
[2025-03-27T16:29:32.878+0000] {processor.py:830} INFO - Processing file /home/airflow/.local/lib/python3.8/site-packages/airflow/example_dags/example_short_circuit_operator.py for tasks to queue
[2025-03-27T16:29:32.879+0000] {logging_mixin.py:188} INFO - [2025-03-27T16:29:32.878+0000] {dagbag.py:538} INFO - Filling up the DagBag from /home/airflow/.local/lib/python3.8/site-packages/airflow/example_dags/example_short_circuit_operator.py
[2025-03-27T16:29:32.885+0000] {processor.py:840} INFO - DAG(s) 'example_short_circuit_operator' retrieved from /home/airflow/.local/lib/python3.8/site-packages/airflow/example_dags/example_short_circuit_operator.py
[2025-03-27T16:29:32.905+0000] {logging_mixin.py:188} INFO - [2025-03-27T16:29:32.904+0000] {dag.py:3036} INFO - Sync 1 DAGs
[2025-03-27T16:29:32.923+0000] {logging_mixin.py:188} INFO - [2025-03-27T16:29:32.923+0000] {dag.py:3823} INFO - Setting next_dagrun for example_short_circuit_operator to 2025-03-26 00:00:00+00:00, run_after=2025-03-27 00:00:00+00:00
[2025-03-27T16:29:32.939+0000] {processor.py:183} INFO - Processing /home/airflow/.local/lib/python3.8/site-packages/airflow/example_dags/example_short_circuit_operator.py took 0.064 seconds
[2025-03-27T16:30:03.454+0000] {processor.py:161} INFO - Started process (PID=1699) to work on /home/airflow/.local/lib/python3.8/site-packages/airflow/example_dags/example_short_circuit_operator.py
[2025-03-27T16:30:03.455+0000] {processor.py:830} INFO - Processing file /home/airflow/.local/lib/python3.8/site-packages/airflow/example_dags/example_short_circuit_operator.py for tasks to queue
[2025-03-27T16:30:03.456+0000] {logging_mixin.py:188} INFO - [2025-03-27T16:30:03.455+0000] {dagbag.py:538} INFO - Filling up the DagBag from /home/airflow/.local/lib/python3.8/site-packages/airflow/example_dags/example_short_circuit_operator.py
[2025-03-27T16:30:03.462+0000] {processor.py:840} INFO - DAG(s) 'example_short_circuit_operator' retrieved from /home/airflow/.local/lib/python3.8/site-packages/airflow/example_dags/example_short_circuit_operator.py
[2025-03-27T16:30:03.481+0000] {logging_mixin.py:188} INFO - [2025-03-27T16:30:03.481+0000] {dag.py:3036} INFO - Sync 1 DAGs
[2025-03-27T16:30:03.500+0000] {logging_mixin.py:188} INFO - [2025-03-27T16:30:03.500+0000] {dag.py:3823} INFO - Setting next_dagrun for example_short_circuit_operator to 2025-03-26 00:00:00+00:00, run_after=2025-03-27 00:00:00+00:00
[2025-03-27T16:30:03.516+0000] {processor.py:183} INFO - Processing /home/airflow/.local/lib/python3.8/site-packages/airflow/example_dags/example_short_circuit_operator.py took 0.064 seconds
[2025-03-27T16:30:34.003+0000] {processor.py:161} INFO - Started process (PID=1946) to work on /home/airflow/.local/lib/python3.8/site-packages/airflow/example_dags/example_short_circuit_operator.py
[2025-03-27T16:30:34.003+0000] {processor.py:830} INFO - Processing file /home/airflow/.local/lib/python3.8/site-packages/airflow/example_dags/example_short_circuit_operator.py for tasks to queue
[2025-03-27T16:30:34.004+0000] {logging_mixin.py:188} INFO - [2025-03-27T16:30:34.004+0000] {dagbag.py:538} INFO - Filling up the DagBag from /home/airflow/.local/lib/python3.8/site-packages/airflow/example_dags/example_short_circuit_operator.py
[2025-03-27T16:30:34.010+0000] {processor.py:840} INFO - DAG(s) 'example_short_circuit_operator' retrieved from /home/airflow/.local/lib/python3.8/site-packages/airflow/example_dags/example_short_circuit_operator.py
[2025-03-27T16:30:34.029+0000] {logging_mixin.py:188} INFO - [2025-03-27T16:30:34.029+0000] {dag.py:3036} INFO - Sync 1 DAGs
[2025-03-27T16:30:34.048+0000] {logging_mixin.py:188} INFO - [2025-03-27T16:30:34.048+0000] {dag.py:3823} INFO - Setting next_dagrun for example_short_circuit_operator to 2025-03-26 00:00:00+00:00, run_after=2025-03-27 00:00:00+00:00
[2025-03-27T16:30:34.066+0000] {processor.py:183} INFO - Processing /home/airflow/.local/lib/python3.8/site-packages/airflow/example_dags/example_short_circuit_operator.py took 0.066 seconds
[2025-03-27T16:31:04.440+0000] {processor.py:161} INFO - Started process (PID=2193) to work on /home/airflow/.local/lib/python3.8/site-packages/airflow/example_dags/example_short_circuit_operator.py
[2025-03-27T16:31:04.441+0000] {processor.py:830} INFO - Processing file /home/airflow/.local/lib/python3.8/site-packages/airflow/example_dags/example_short_circuit_operator.py for tasks to queue
[2025-03-27T16:31:04.442+0000] {logging_mixin.py:188} INFO - [2025-03-27T16:31:04.442+0000] {dagbag.py:538} INFO - Filling up the DagBag from /home/airflow/.local/lib/python3.8/site-packages/airflow/example_dags/example_short_circuit_operator.py
[2025-03-27T16:31:04.450+0000] {processor.py:840} INFO - DAG(s) 'example_short_circuit_operator' retrieved from /home/airflow/.local/lib/python3.8/site-packages/airflow/example_dags/example_short_circuit_operator.py
[2025-03-27T16:31:04.472+0000] {logging_mixin.py:188} INFO - [2025-03-27T16:31:04.471+0000] {dag.py:3036} INFO - Sync 1 DAGs
[2025-03-27T16:31:04.492+0000] {logging_mixin.py:188} INFO - [2025-03-27T16:31:04.492+0000] {dag.py:3823} INFO - Setting next_dagrun for example_short_circuit_operator to 2025-03-26 00:00:00+00:00, run_after=2025-03-27 00:00:00+00:00
[2025-03-27T16:31:04.509+0000] {processor.py:183} INFO - Processing /home/airflow/.local/lib/python3.8/site-packages/airflow/example_dags/example_short_circuit_operator.py took 0.071 seconds
[2025-03-27T16:31:34.957+0000] {processor.py:161} INFO - Started process (PID=2440) to work on /home/airflow/.local/lib/python3.8/site-packages/airflow/example_dags/example_short_circuit_operator.py
[2025-03-27T16:31:34.958+0000] {processor.py:830} INFO - Processing file /home/airflow/.local/lib/python3.8/site-packages/airflow/example_dags/example_short_circuit_operator.py for tasks to queue
[2025-03-27T16:31:34.959+0000] {logging_mixin.py:188} INFO - [2025-03-27T16:31:34.958+0000] {dagbag.py:538} INFO - Filling up the DagBag from /home/airflow/.local/lib/python3.8/site-packages/airflow/example_dags/example_short_circuit_operator.py
[2025-03-27T16:31:34.965+0000] {processor.py:840} INFO - DAG(s) 'example_short_circuit_operator' retrieved from /home/airflow/.local/lib/python3.8/site-packages/airflow/example_dags/example_short_circuit_operator.py
[2025-03-27T16:31:34.986+0000] {logging_mixin.py:188} INFO - [2025-03-27T16:31:34.986+0000] {dag.py:3036} INFO - Sync 1 DAGs
[2025-03-27T16:31:35.006+0000] {logging_mixin.py:188} INFO - [2025-03-27T16:31:35.006+0000] {dag.py:3823} INFO - Setting next_dagrun for example_short_circuit_operator to 2025-03-26 00:00:00+00:00, run_after=2025-03-27 00:00:00+00:00
[2025-03-27T16:31:35.024+0000] {processor.py:183} INFO - Processing /home/airflow/.local/lib/python3.8/site-packages/airflow/example_dags/example_short_circuit_operator.py took 0.069 seconds
[2025-03-27T16:32:05.118+0000] {processor.py:161} INFO - Started process (PID=2687) to work on /home/airflow/.local/lib/python3.8/site-packages/airflow/example_dags/example_short_circuit_operator.py
[2025-03-27T16:32:05.119+0000] {processor.py:830} INFO - Processing file /home/airflow/.local/lib/python3.8/site-packages/airflow/example_dags/example_short_circuit_operator.py for tasks to queue
[2025-03-27T16:32:05.120+0000] {logging_mixin.py:188} INFO - [2025-03-27T16:32:05.119+0000] {dagbag.py:538} INFO - Filling up the DagBag from /home/airflow/.local/lib/python3.8/site-packages/airflow/example_dags/example_short_circuit_operator.py
[2025-03-27T16:32:05.126+0000] {processor.py:840} INFO - DAG(s) 'example_short_circuit_operator' retrieved from /home/airflow/.local/lib/python3.8/site-packages/airflow/example_dags/example_short_circuit_operator.py
[2025-03-27T16:32:05.146+0000] {logging_mixin.py:188} INFO - [2025-03-27T16:32:05.146+0000] {dag.py:3036} INFO - Sync 1 DAGs
[2025-03-27T16:32:05.168+0000] {logging_mixin.py:188} INFO - [2025-03-27T16:32:05.167+0000] {dag.py:3823} INFO - Setting next_dagrun for example_short_circuit_operator to 2025-03-26 00:00:00+00:00, run_after=2025-03-27 00:00:00+00:00
[2025-03-27T16:32:05.186+0000] {processor.py:183} INFO - Processing /home/airflow/.local/lib/python3.8/site-packages/airflow/example_dags/example_short_circuit_operator.py took 0.070 seconds
[2025-03-27T16:32:35.813+0000] {processor.py:161} INFO - Started process (PID=2934) to work on /home/airflow/.local/lib/python3.8/site-packages/airflow/example_dags/example_short_circuit_operator.py
[2025-03-27T16:32:35.814+0000] {processor.py:830} INFO - Processing file /home/airflow/.local/lib/python3.8/site-packages/airflow/example_dags/example_short_circuit_operator.py for tasks to queue
[2025-03-27T16:32:35.815+0000] {logging_mixin.py:188} INFO - [2025-03-27T16:32:35.814+0000] {dagbag.py:538} INFO - Filling up the DagBag from /home/airflow/.local/lib/python3.8/site-packages/airflow/example_dags/example_short_circuit_operator.py
[2025-03-27T16:32:35.821+0000] {processor.py:840} INFO - DAG(s) 'example_short_circuit_operator' retrieved from /home/airflow/.local/lib/python3.8/site-packages/airflow/example_dags/example_short_circuit_operator.py
[2025-03-27T16:32:35.841+0000] {logging_mixin.py:188} INFO - [2025-03-27T16:32:35.841+0000] {dag.py:3036} INFO - Sync 1 DAGs
[2025-03-27T16:32:35.860+0000] {logging_mixin.py:188} INFO - [2025-03-27T16:32:35.859+0000] {dag.py:3823} INFO - Setting next_dagrun for example_short_circuit_operator to 2025-03-26 00:00:00+00:00, run_after=2025-03-27 00:00:00+00:00
[2025-03-27T16:32:35.875+0000] {processor.py:183} INFO - Processing /home/airflow/.local/lib/python3.8/site-packages/airflow/example_dags/example_short_circuit_operator.py took 0.065 seconds
[2025-03-27T16:33:06.907+0000] {processor.py:161} INFO - Started process (PID=3181) to work on /home/airflow/.local/lib/python3.8/site-packages/airflow/example_dags/example_short_circuit_operator.py
[2025-03-27T16:33:06.908+0000] {processor.py:830} INFO - Processing file /home/airflow/.local/lib/python3.8/site-packages/airflow/example_dags/example_short_circuit_operator.py for tasks to queue
[2025-03-27T16:33:06.909+0000] {logging_mixin.py:188} INFO - [2025-03-27T16:33:06.909+0000] {dagbag.py:538} INFO - Filling up the DagBag from /home/airflow/.local/lib/python3.8/site-packages/airflow/example_dags/example_short_circuit_operator.py
[2025-03-27T16:33:06.917+0000] {processor.py:840} INFO - DAG(s) 'example_short_circuit_operator' retrieved from /home/airflow/.local/lib/python3.8/site-packages/airflow/example_dags/example_short_circuit_operator.py
[2025-03-27T16:33:06.939+0000] {logging_mixin.py:188} INFO - [2025-03-27T16:33:06.939+0000] {dag.py:3036} INFO - Sync 1 DAGs
[2025-03-27T16:33:06.959+0000] {logging_mixin.py:188} INFO - [2025-03-27T16:33:06.959+0000] {dag.py:3823} INFO - Setting next_dagrun for example_short_circuit_operator to 2025-03-26 00:00:00+00:00, run_after=2025-03-27 00:00:00+00:00
[2025-03-27T16:33:06.976+0000] {processor.py:183} INFO - Processing /home/airflow/.local/lib/python3.8/site-packages/airflow/example_dags/example_short_circuit_operator.py took 0.072 seconds
[2025-03-27T16:33:37.054+0000] {processor.py:161} INFO - Started process (PID=3428) to work on /home/airflow/.local/lib/python3.8/site-packages/airflow/example_dags/example_short_circuit_operator.py
[2025-03-27T16:33:37.055+0000] {processor.py:830} INFO - Processing file /home/airflow/.local/lib/python3.8/site-packages/airflow/example_dags/example_short_circuit_operator.py for tasks to queue
[2025-03-27T16:33:37.056+0000] {logging_mixin.py:188} INFO - [2025-03-27T16:33:37.056+0000] {dagbag.py:538} INFO - Filling up the DagBag from /home/airflow/.local/lib/python3.8/site-packages/airflow/example_dags/example_short_circuit_operator.py
[2025-03-27T16:33:37.062+0000] {processor.py:840} INFO - DAG(s) 'example_short_circuit_operator' retrieved from /home/airflow/.local/lib/python3.8/site-packages/airflow/example_dags/example_short_circuit_operator.py
[2025-03-27T16:33:37.081+0000] {logging_mixin.py:188} INFO - [2025-03-27T16:33:37.081+0000] {dag.py:3036} INFO - Sync 1 DAGs
[2025-03-27T16:33:37.099+0000] {logging_mixin.py:188} INFO - [2025-03-27T16:33:37.099+0000] {dag.py:3823} INFO - Setting next_dagrun for example_short_circuit_operator to 2025-03-26 00:00:00+00:00, run_after=2025-03-27 00:00:00+00:00
[2025-03-27T16:33:37.115+0000] {processor.py:183} INFO - Processing /home/airflow/.local/lib/python3.8/site-packages/airflow/example_dags/example_short_circuit_operator.py took 0.063 seconds
[2025-03-27T16:34:07.575+0000] {processor.py:161} INFO - Started process (PID=3675) to work on /home/airflow/.local/lib/python3.8/site-packages/airflow/example_dags/example_short_circuit_operator.py
[2025-03-27T16:34:07.576+0000] {processor.py:830} INFO - Processing file /home/airflow/.local/lib/python3.8/site-packages/airflow/example_dags/example_short_circuit_operator.py for tasks to queue
[2025-03-27T16:34:07.577+0000] {logging_mixin.py:188} INFO - [2025-03-27T16:34:07.576+0000] {dagbag.py:538} INFO - Filling up the DagBag from /home/airflow/.local/lib/python3.8/site-packages/airflow/example_dags/example_short_circuit_operator.py
[2025-03-27T16:34:07.583+0000] {processor.py:840} INFO - DAG(s) 'example_short_circuit_operator' retrieved from /home/airflow/.local/lib/python3.8/site-packages/airflow/example_dags/example_short_circuit_operator.py
[2025-03-27T16:34:07.602+0000] {logging_mixin.py:188} INFO - [2025-03-27T16:34:07.602+0000] {dag.py:3036} INFO - Sync 1 DAGs
[2025-03-27T16:34:07.622+0000] {logging_mixin.py:188} INFO - [2025-03-27T16:34:07.622+0000] {dag.py:3823} INFO - Setting next_dagrun for example_short_circuit_operator to 2025-03-26 00:00:00+00:00, run_after=2025-03-27 00:00:00+00:00
[2025-03-27T16:34:07.639+0000] {processor.py:183} INFO - Processing /home/airflow/.local/lib/python3.8/site-packages/airflow/example_dags/example_short_circuit_operator.py took 0.067 seconds
[2025-03-27T16:34:37.948+0000] {processor.py:161} INFO - Started process (PID=3922) to work on /home/airflow/.local/lib/python3.8/site-packages/airflow/example_dags/example_short_circuit_operator.py
[2025-03-27T16:34:37.949+0000] {processor.py:830} INFO - Processing file /home/airflow/.local/lib/python3.8/site-packages/airflow/example_dags/example_short_circuit_operator.py for tasks to queue
[2025-03-27T16:34:37.950+0000] {logging_mixin.py:188} INFO - [2025-03-27T16:34:37.950+0000] {dagbag.py:538} INFO - Filling up the DagBag from /home/airflow/.local/lib/python3.8/site-packages/airflow/example_dags/example_short_circuit_operator.py
[2025-03-27T16:34:37.957+0000] {processor.py:840} INFO - DAG(s) 'example_short_circuit_operator' retrieved from /home/airflow/.local/lib/python3.8/site-packages/airflow/example_dags/example_short_circuit_operator.py
[2025-03-27T16:34:37.976+0000] {logging_mixin.py:188} INFO - [2025-03-27T16:34:37.976+0000] {dag.py:3036} INFO - Sync 1 DAGs
[2025-03-27T16:34:37.996+0000] {logging_mixin.py:188} INFO - [2025-03-27T16:34:37.996+0000] {dag.py:3823} INFO - Setting next_dagrun for example_short_circuit_operator to 2025-03-26 00:00:00+00:00, run_after=2025-03-27 00:00:00+00:00
[2025-03-27T16:34:38.016+0000] {processor.py:183} INFO - Processing /home/airflow/.local/lib/python3.8/site-packages/airflow/example_dags/example_short_circuit_operator.py took 0.070 seconds
[2025-03-27T16:35:08.382+0000] {processor.py:161} INFO - Started process (PID=4169) to work on /home/airflow/.local/lib/python3.8/site-packages/airflow/example_dags/example_short_circuit_operator.py
[2025-03-27T16:35:08.382+0000] {processor.py:830} INFO - Processing file /home/airflow/.local/lib/python3.8/site-packages/airflow/example_dags/example_short_circuit_operator.py for tasks to queue
[2025-03-27T16:35:08.383+0000] {logging_mixin.py:188} INFO - [2025-03-27T16:35:08.383+0000] {dagbag.py:538} INFO - Filling up the DagBag from /home/airflow/.local/lib/python3.8/site-packages/airflow/example_dags/example_short_circuit_operator.py
[2025-03-27T16:35:08.390+0000] {processor.py:840} INFO - DAG(s) 'example_short_circuit_operator' retrieved from /home/airflow/.local/lib/python3.8/site-packages/airflow/example_dags/example_short_circuit_operator.py
[2025-03-27T16:35:08.409+0000] {logging_mixin.py:188} INFO - [2025-03-27T16:35:08.409+0000] {dag.py:3036} INFO - Sync 1 DAGs
[2025-03-27T16:35:08.429+0000] {logging_mixin.py:188} INFO - [2025-03-27T16:35:08.428+0000] {dag.py:3823} INFO - Setting next_dagrun for example_short_circuit_operator to 2025-03-26 00:00:00+00:00, run_after=2025-03-27 00:00:00+00:00
[2025-03-27T16:35:08.446+0000] {processor.py:183} INFO - Processing /home/airflow/.local/lib/python3.8/site-packages/airflow/example_dags/example_short_circuit_operator.py took 0.066 seconds
[2025-03-27T16:35:38.846+0000] {processor.py:161} INFO - Started process (PID=4416) to work on /home/airflow/.local/lib/python3.8/site-packages/airflow/example_dags/example_short_circuit_operator.py
[2025-03-27T16:35:38.848+0000] {processor.py:830} INFO - Processing file /home/airflow/.local/lib/python3.8/site-packages/airflow/example_dags/example_short_circuit_operator.py for tasks to queue
[2025-03-27T16:35:38.850+0000] {logging_mixin.py:188} INFO - [2025-03-27T16:35:38.849+0000] {dagbag.py:538} INFO - Filling up the DagBag from /home/airflow/.local/lib/python3.8/site-packages/airflow/example_dags/example_short_circuit_operator.py
[2025-03-27T16:35:38.861+0000] {processor.py:840} INFO - DAG(s) 'example_short_circuit_operator' retrieved from /home/airflow/.local/lib/python3.8/site-packages/airflow/example_dags/example_short_circuit_operator.py
[2025-03-27T16:35:38.898+0000] {logging_mixin.py:188} INFO - [2025-03-27T16:35:38.898+0000] {dag.py:3036} INFO - Sync 1 DAGs
[2025-03-27T16:35:38.937+0000] {logging_mixin.py:188} INFO - [2025-03-27T16:35:38.937+0000] {dag.py:3823} INFO - Setting next_dagrun for example_short_circuit_operator to 2025-03-26 00:00:00+00:00, run_after=2025-03-27 00:00:00+00:00
[2025-03-27T16:35:38.975+0000] {processor.py:183} INFO - Processing /home/airflow/.local/lib/python3.8/site-packages/airflow/example_dags/example_short_circuit_operator.py took 0.133 seconds
[2025-03-27T16:36:09.149+0000] {processor.py:161} INFO - Started process (PID=4663) to work on /home/airflow/.local/lib/python3.8/site-packages/airflow/example_dags/example_short_circuit_operator.py
[2025-03-27T16:36:09.150+0000] {processor.py:830} INFO - Processing file /home/airflow/.local/lib/python3.8/site-packages/airflow/example_dags/example_short_circuit_operator.py for tasks to queue
[2025-03-27T16:36:09.151+0000] {logging_mixin.py:188} INFO - [2025-03-27T16:36:09.150+0000] {dagbag.py:538} INFO - Filling up the DagBag from /home/airflow/.local/lib/python3.8/site-packages/airflow/example_dags/example_short_circuit_operator.py
[2025-03-27T16:36:09.157+0000] {processor.py:840} INFO - DAG(s) 'example_short_circuit_operator' retrieved from /home/airflow/.local/lib/python3.8/site-packages/airflow/example_dags/example_short_circuit_operator.py
[2025-03-27T16:36:09.178+0000] {logging_mixin.py:188} INFO - [2025-03-27T16:36:09.178+0000] {dag.py:3036} INFO - Sync 1 DAGs
[2025-03-27T16:36:09.197+0000] {logging_mixin.py:188} INFO - [2025-03-27T16:36:09.197+0000] {dag.py:3823} INFO - Setting next_dagrun for example_short_circuit_operator to 2025-03-26 00:00:00+00:00, run_after=2025-03-27 00:00:00+00:00
[2025-03-27T16:36:09.213+0000] {processor.py:183} INFO - Processing /home/airflow/.local/lib/python3.8/site-packages/airflow/example_dags/example_short_circuit_operator.py took 0.066 seconds
[2025-03-27T16:36:39.739+0000] {processor.py:161} INFO - Started process (PID=4910) to work on /home/airflow/.local/lib/python3.8/site-packages/airflow/example_dags/example_short_circuit_operator.py
[2025-03-27T16:36:39.739+0000] {processor.py:830} INFO - Processing file /home/airflow/.local/lib/python3.8/site-packages/airflow/example_dags/example_short_circuit_operator.py for tasks to queue
[2025-03-27T16:36:39.740+0000] {logging_mixin.py:188} INFO - [2025-03-27T16:36:39.740+0000] {dagbag.py:538} INFO - Filling up the DagBag from /home/airflow/.local/lib/python3.8/site-packages/airflow/example_dags/example_short_circuit_operator.py
[2025-03-27T16:36:39.747+0000] {processor.py:840} INFO - DAG(s) 'example_short_circuit_operator' retrieved from /home/airflow/.local/lib/python3.8/site-packages/airflow/example_dags/example_short_circuit_operator.py
[2025-03-27T16:36:39.766+0000] {logging_mixin.py:188} INFO - [2025-03-27T16:36:39.766+0000] {dag.py:3036} INFO - Sync 1 DAGs
[2025-03-27T16:36:39.785+0000] {logging_mixin.py:188} INFO - [2025-03-27T16:36:39.785+0000] {dag.py:3823} INFO - Setting next_dagrun for example_short_circuit_operator to 2025-03-26 00:00:00+00:00, run_after=2025-03-27 00:00:00+00:00
[2025-03-27T16:36:39.800+0000] {processor.py:183} INFO - Processing /home/airflow/.local/lib/python3.8/site-packages/airflow/example_dags/example_short_circuit_operator.py took 0.064 seconds
[2025-03-27T16:37:10.248+0000] {processor.py:161} INFO - Started process (PID=5162) to work on /home/airflow/.local/lib/python3.8/site-packages/airflow/example_dags/example_short_circuit_operator.py
[2025-03-27T16:37:10.249+0000] {processor.py:830} INFO - Processing file /home/airflow/.local/lib/python3.8/site-packages/airflow/example_dags/example_short_circuit_operator.py for tasks to queue
[2025-03-27T16:37:10.250+0000] {logging_mixin.py:188} INFO - [2025-03-27T16:37:10.250+0000] {dagbag.py:538} INFO - Filling up the DagBag from /home/airflow/.local/lib/python3.8/site-packages/airflow/example_dags/example_short_circuit_operator.py
[2025-03-27T16:37:10.256+0000] {processor.py:840} INFO - DAG(s) 'example_short_circuit_operator' retrieved from /home/airflow/.local/lib/python3.8/site-packages/airflow/example_dags/example_short_circuit_operator.py
[2025-03-27T16:37:10.276+0000] {logging_mixin.py:188} INFO - [2025-03-27T16:37:10.276+0000] {dag.py:3036} INFO - Sync 1 DAGs
[2025-03-27T16:37:10.295+0000] {logging_mixin.py:188} INFO - [2025-03-27T16:37:10.295+0000] {dag.py:3823} INFO - Setting next_dagrun for example_short_circuit_operator to 2025-03-26 00:00:00+00:00, run_after=2025-03-27 00:00:00+00:00
[2025-03-27T16:37:10.311+0000] {processor.py:183} INFO - Processing /home/airflow/.local/lib/python3.8/site-packages/airflow/example_dags/example_short_circuit_operator.py took 0.065 seconds
[2025-03-27T16:37:40.430+0000] {processor.py:161} INFO - Started process (PID=5414) to work on /home/airflow/.local/lib/python3.8/site-packages/airflow/example_dags/example_short_circuit_operator.py
[2025-03-27T16:37:40.431+0000] {processor.py:830} INFO - Processing file /home/airflow/.local/lib/python3.8/site-packages/airflow/example_dags/example_short_circuit_operator.py for tasks to queue
[2025-03-27T16:37:40.432+0000] {logging_mixin.py:188} INFO - [2025-03-27T16:37:40.432+0000] {dagbag.py:538} INFO - Filling up the DagBag from /home/airflow/.local/lib/python3.8/site-packages/airflow/example_dags/example_short_circuit_operator.py
[2025-03-27T16:37:40.439+0000] {processor.py:840} INFO - DAG(s) 'example_short_circuit_operator' retrieved from /home/airflow/.local/lib/python3.8/site-packages/airflow/example_dags/example_short_circuit_operator.py
[2025-03-27T16:37:40.459+0000] {logging_mixin.py:188} INFO - [2025-03-27T16:37:40.458+0000] {dag.py:3036} INFO - Sync 1 DAGs
[2025-03-27T16:37:40.477+0000] {logging_mixin.py:188} INFO - [2025-03-27T16:37:40.477+0000] {dag.py:3823} INFO - Setting next_dagrun for example_short_circuit_operator to 2025-03-26 00:00:00+00:00, run_after=2025-03-27 00:00:00+00:00
[2025-03-27T16:37:40.496+0000] {processor.py:183} INFO - Processing /home/airflow/.local/lib/python3.8/site-packages/airflow/example_dags/example_short_circuit_operator.py took 0.068 seconds
[2025-03-27T16:38:10.638+0000] {processor.py:161} INFO - Started process (PID=5666) to work on /home/airflow/.local/lib/python3.8/site-packages/airflow/example_dags/example_short_circuit_operator.py
[2025-03-27T16:38:10.639+0000] {processor.py:830} INFO - Processing file /home/airflow/.local/lib/python3.8/site-packages/airflow/example_dags/example_short_circuit_operator.py for tasks to queue
[2025-03-27T16:38:10.639+0000] {logging_mixin.py:188} INFO - [2025-03-27T16:38:10.639+0000] {dagbag.py:538} INFO - Filling up the DagBag from /home/airflow/.local/lib/python3.8/site-packages/airflow/example_dags/example_short_circuit_operator.py
[2025-03-27T16:38:10.646+0000] {processor.py:840} INFO - DAG(s) 'example_short_circuit_operator' retrieved from /home/airflow/.local/lib/python3.8/site-packages/airflow/example_dags/example_short_circuit_operator.py
[2025-03-27T16:38:10.666+0000] {logging_mixin.py:188} INFO - [2025-03-27T16:38:10.666+0000] {dag.py:3036} INFO - Sync 1 DAGs
[2025-03-27T16:38:10.684+0000] {logging_mixin.py:188} INFO - [2025-03-27T16:38:10.684+0000] {dag.py:3823} INFO - Setting next_dagrun for example_short_circuit_operator to 2025-03-26 00:00:00+00:00, run_after=2025-03-27 00:00:00+00:00
[2025-03-27T16:38:10.700+0000] {processor.py:183} INFO - Processing /home/airflow/.local/lib/python3.8/site-packages/airflow/example_dags/example_short_circuit_operator.py took 0.065 seconds
[2025-03-27T16:38:40.951+0000] {processor.py:161} INFO - Started process (PID=5918) to work on /home/airflow/.local/lib/python3.8/site-packages/airflow/example_dags/example_short_circuit_operator.py
[2025-03-27T16:38:40.952+0000] {processor.py:830} INFO - Processing file /home/airflow/.local/lib/python3.8/site-packages/airflow/example_dags/example_short_circuit_operator.py for tasks to queue
[2025-03-27T16:38:40.953+0000] {logging_mixin.py:188} INFO - [2025-03-27T16:38:40.953+0000] {dagbag.py:538} INFO - Filling up the DagBag from /home/airflow/.local/lib/python3.8/site-packages/airflow/example_dags/example_short_circuit_operator.py
[2025-03-27T16:38:40.961+0000] {processor.py:840} INFO - DAG(s) 'example_short_circuit_operator' retrieved from /home/airflow/.local/lib/python3.8/site-packages/airflow/example_dags/example_short_circuit_operator.py
[2025-03-27T16:38:40.990+0000] {logging_mixin.py:188} INFO - [2025-03-27T16:38:40.990+0000] {dag.py:3036} INFO - Sync 1 DAGs
[2025-03-27T16:38:41.020+0000] {logging_mixin.py:188} INFO - [2025-03-27T16:38:41.020+0000] {dag.py:3823} INFO - Setting next_dagrun for example_short_circuit_operator to 2025-03-26 00:00:00+00:00, run_after=2025-03-27 00:00:00+00:00
[2025-03-27T16:38:41.050+0000] {processor.py:183} INFO - Processing /home/airflow/.local/lib/python3.8/site-packages/airflow/example_dags/example_short_circuit_operator.py took 0.101 seconds
[2025-03-27T16:39:11.219+0000] {processor.py:161} INFO - Started process (PID=6190) to work on /home/airflow/.local/lib/python3.8/site-packages/airflow/example_dags/example_short_circuit_operator.py
[2025-03-27T16:39:11.220+0000] {processor.py:830} INFO - Processing file /home/airflow/.local/lib/python3.8/site-packages/airflow/example_dags/example_short_circuit_operator.py for tasks to queue
[2025-03-27T16:39:11.221+0000] {logging_mixin.py:188} INFO - [2025-03-27T16:39:11.221+0000] {dagbag.py:538} INFO - Filling up the DagBag from /home/airflow/.local/lib/python3.8/site-packages/airflow/example_dags/example_short_circuit_operator.py
[2025-03-27T16:39:11.228+0000] {processor.py:840} INFO - DAG(s) 'example_short_circuit_operator' retrieved from /home/airflow/.local/lib/python3.8/site-packages/airflow/example_dags/example_short_circuit_operator.py
[2025-03-27T16:39:11.249+0000] {logging_mixin.py:188} INFO - [2025-03-27T16:39:11.248+0000] {dag.py:3036} INFO - Sync 1 DAGs
[2025-03-27T16:39:11.268+0000] {logging_mixin.py:188} INFO - [2025-03-27T16:39:11.268+0000] {dag.py:3823} INFO - Setting next_dagrun for example_short_circuit_operator to 2025-03-26 00:00:00+00:00, run_after=2025-03-27 00:00:00+00:00
[2025-03-27T16:39:11.284+0000] {processor.py:183} INFO - Processing /home/airflow/.local/lib/python3.8/site-packages/airflow/example_dags/example_short_circuit_operator.py took 0.067 seconds
[2025-03-27T16:39:41.409+0000] {processor.py:161} INFO - Started process (PID=6444) to work on /home/airflow/.local/lib/python3.8/site-packages/airflow/example_dags/example_short_circuit_operator.py
[2025-03-27T16:39:41.410+0000] {processor.py:830} INFO - Processing file /home/airflow/.local/lib/python3.8/site-packages/airflow/example_dags/example_short_circuit_operator.py for tasks to queue
[2025-03-27T16:39:41.411+0000] {logging_mixin.py:188} INFO - [2025-03-27T16:39:41.411+0000] {dagbag.py:538} INFO - Filling up the DagBag from /home/airflow/.local/lib/python3.8/site-packages/airflow/example_dags/example_short_circuit_operator.py
[2025-03-27T16:39:41.419+0000] {processor.py:840} INFO - DAG(s) 'example_short_circuit_operator' retrieved from /home/airflow/.local/lib/python3.8/site-packages/airflow/example_dags/example_short_circuit_operator.py
[2025-03-27T16:39:41.442+0000] {logging_mixin.py:188} INFO - [2025-03-27T16:39:41.442+0000] {dag.py:3036} INFO - Sync 1 DAGs
[2025-03-27T16:39:41.465+0000] {logging_mixin.py:188} INFO - [2025-03-27T16:39:41.464+0000] {dag.py:3823} INFO - Setting next_dagrun for example_short_circuit_operator to 2025-03-26 00:00:00+00:00, run_after=2025-03-27 00:00:00+00:00
[2025-03-27T16:39:41.482+0000] {processor.py:183} INFO - Processing /home/airflow/.local/lib/python3.8/site-packages/airflow/example_dags/example_short_circuit_operator.py took 0.076 seconds
[2025-03-27T16:40:11.578+0000] {processor.py:161} INFO - Started process (PID=6699) to work on /home/airflow/.local/lib/python3.8/site-packages/airflow/example_dags/example_short_circuit_operator.py
[2025-03-27T16:40:11.579+0000] {processor.py:830} INFO - Processing file /home/airflow/.local/lib/python3.8/site-packages/airflow/example_dags/example_short_circuit_operator.py for tasks to queue
[2025-03-27T16:40:11.580+0000] {logging_mixin.py:188} INFO - [2025-03-27T16:40:11.580+0000] {dagbag.py:538} INFO - Filling up the DagBag from /home/airflow/.local/lib/python3.8/site-packages/airflow/example_dags/example_short_circuit_operator.py
[2025-03-27T16:40:11.588+0000] {processor.py:840} INFO - DAG(s) 'example_short_circuit_operator' retrieved from /home/airflow/.local/lib/python3.8/site-packages/airflow/example_dags/example_short_circuit_operator.py
[2025-03-27T16:40:11.623+0000] {logging_mixin.py:188} INFO - [2025-03-27T16:40:11.623+0000] {dag.py:3036} INFO - Sync 1 DAGs
[2025-03-27T16:40:11.657+0000] {logging_mixin.py:188} INFO - [2025-03-27T16:40:11.656+0000] {dag.py:3823} INFO - Setting next_dagrun for example_short_circuit_operator to 2025-03-26 00:00:00+00:00, run_after=2025-03-27 00:00:00+00:00
[2025-03-27T16:40:11.681+0000] {processor.py:183} INFO - Processing /home/airflow/.local/lib/python3.8/site-packages/airflow/example_dags/example_short_circuit_operator.py took 0.106 seconds
[2025-03-27T16:40:41.887+0000] {processor.py:161} INFO - Started process (PID=6951) to work on /home/airflow/.local/lib/python3.8/site-packages/airflow/example_dags/example_short_circuit_operator.py
[2025-03-27T16:40:41.888+0000] {processor.py:830} INFO - Processing file /home/airflow/.local/lib/python3.8/site-packages/airflow/example_dags/example_short_circuit_operator.py for tasks to queue
[2025-03-27T16:40:41.889+0000] {logging_mixin.py:188} INFO - [2025-03-27T16:40:41.889+0000] {dagbag.py:538} INFO - Filling up the DagBag from /home/airflow/.local/lib/python3.8/site-packages/airflow/example_dags/example_short_circuit_operator.py
[2025-03-27T16:40:41.896+0000] {processor.py:840} INFO - DAG(s) 'example_short_circuit_operator' retrieved from /home/airflow/.local/lib/python3.8/site-packages/airflow/example_dags/example_short_circuit_operator.py
[2025-03-27T16:40:41.916+0000] {logging_mixin.py:188} INFO - [2025-03-27T16:40:41.916+0000] {dag.py:3036} INFO - Sync 1 DAGs
[2025-03-27T16:40:41.937+0000] {logging_mixin.py:188} INFO - [2025-03-27T16:40:41.936+0000] {dag.py:3823} INFO - Setting next_dagrun for example_short_circuit_operator to 2025-03-26 00:00:00+00:00, run_after=2025-03-27 00:00:00+00:00
[2025-03-27T16:40:41.954+0000] {processor.py:183} INFO - Processing /home/airflow/.local/lib/python3.8/site-packages/airflow/example_dags/example_short_circuit_operator.py took 0.069 seconds
[2025-03-27T16:41:12.035+0000] {processor.py:161} INFO - Started process (PID=7208) to work on /home/airflow/.local/lib/python3.8/site-packages/airflow/example_dags/example_short_circuit_operator.py
[2025-03-27T16:41:12.036+0000] {processor.py:830} INFO - Processing file /home/airflow/.local/lib/python3.8/site-packages/airflow/example_dags/example_short_circuit_operator.py for tasks to queue
[2025-03-27T16:41:12.037+0000] {logging_mixin.py:188} INFO - [2025-03-27T16:41:12.037+0000] {dagbag.py:538} INFO - Filling up the DagBag from /home/airflow/.local/lib/python3.8/site-packages/airflow/example_dags/example_short_circuit_operator.py
[2025-03-27T16:41:12.044+0000] {processor.py:840} INFO - DAG(s) 'example_short_circuit_operator' retrieved from /home/airflow/.local/lib/python3.8/site-packages/airflow/example_dags/example_short_circuit_operator.py
[2025-03-27T16:41:12.066+0000] {logging_mixin.py:188} INFO - [2025-03-27T16:41:12.066+0000] {dag.py:3036} INFO - Sync 1 DAGs
[2025-03-27T16:41:12.093+0000] {logging_mixin.py:188} INFO - [2025-03-27T16:41:12.092+0000] {dag.py:3823} INFO - Setting next_dagrun for example_short_circuit_operator to 2025-03-26 00:00:00+00:00, run_after=2025-03-27 00:00:00+00:00
[2025-03-27T16:41:12.112+0000] {processor.py:183} INFO - Processing /home/airflow/.local/lib/python3.8/site-packages/airflow/example_dags/example_short_circuit_operator.py took 0.079 seconds
[2025-03-27T16:41:42.223+0000] {processor.py:161} INFO - Started process (PID=7465) to work on /home/airflow/.local/lib/python3.8/site-packages/airflow/example_dags/example_short_circuit_operator.py
[2025-03-27T16:41:42.224+0000] {processor.py:830} INFO - Processing file /home/airflow/.local/lib/python3.8/site-packages/airflow/example_dags/example_short_circuit_operator.py for tasks to queue
[2025-03-27T16:41:42.225+0000] {logging_mixin.py:188} INFO - [2025-03-27T16:41:42.225+0000] {dagbag.py:538} INFO - Filling up the DagBag from /home/airflow/.local/lib/python3.8/site-packages/airflow/example_dags/example_short_circuit_operator.py
[2025-03-27T16:41:42.234+0000] {processor.py:840} INFO - DAG(s) 'example_short_circuit_operator' retrieved from /home/airflow/.local/lib/python3.8/site-packages/airflow/example_dags/example_short_circuit_operator.py
[2025-03-27T16:41:42.259+0000] {logging_mixin.py:188} INFO - [2025-03-27T16:41:42.258+0000] {dag.py:3036} INFO - Sync 1 DAGs
[2025-03-27T16:41:42.281+0000] {logging_mixin.py:188} INFO - [2025-03-27T16:41:42.280+0000] {dag.py:3823} INFO - Setting next_dagrun for example_short_circuit_operator to 2025-03-26 00:00:00+00:00, run_after=2025-03-27 00:00:00+00:00
[2025-03-27T16:41:42.299+0000] {processor.py:183} INFO - Processing /home/airflow/.local/lib/python3.8/site-packages/airflow/example_dags/example_short_circuit_operator.py took 0.079 seconds
[2025-03-27T16:42:12.602+0000] {processor.py:161} INFO - Started process (PID=7717) to work on /home/airflow/.local/lib/python3.8/site-packages/airflow/example_dags/example_short_circuit_operator.py
[2025-03-27T16:42:12.603+0000] {processor.py:830} INFO - Processing file /home/airflow/.local/lib/python3.8/site-packages/airflow/example_dags/example_short_circuit_operator.py for tasks to queue
[2025-03-27T16:42:12.604+0000] {logging_mixin.py:188} INFO - [2025-03-27T16:42:12.603+0000] {dagbag.py:538} INFO - Filling up the DagBag from /home/airflow/.local/lib/python3.8/site-packages/airflow/example_dags/example_short_circuit_operator.py
[2025-03-27T16:42:12.610+0000] {processor.py:840} INFO - DAG(s) 'example_short_circuit_operator' retrieved from /home/airflow/.local/lib/python3.8/site-packages/airflow/example_dags/example_short_circuit_operator.py
[2025-03-27T16:42:12.631+0000] {logging_mixin.py:188} INFO - [2025-03-27T16:42:12.630+0000] {dag.py:3036} INFO - Sync 1 DAGs
[2025-03-27T16:42:12.651+0000] {logging_mixin.py:188} INFO - [2025-03-27T16:42:12.651+0000] {dag.py:3823} INFO - Setting next_dagrun for example_short_circuit_operator to 2025-03-26 00:00:00+00:00, run_after=2025-03-27 00:00:00+00:00
[2025-03-27T16:42:12.668+0000] {processor.py:183} INFO - Processing /home/airflow/.local/lib/python3.8/site-packages/airflow/example_dags/example_short_circuit_operator.py took 0.068 seconds
[2025-03-27T16:42:42.767+0000] {processor.py:161} INFO - Started process (PID=7969) to work on /home/airflow/.local/lib/python3.8/site-packages/airflow/example_dags/example_short_circuit_operator.py
[2025-03-27T16:42:42.768+0000] {processor.py:830} INFO - Processing file /home/airflow/.local/lib/python3.8/site-packages/airflow/example_dags/example_short_circuit_operator.py for tasks to queue
[2025-03-27T16:42:42.769+0000] {logging_mixin.py:188} INFO - [2025-03-27T16:42:42.769+0000] {dagbag.py:538} INFO - Filling up the DagBag from /home/airflow/.local/lib/python3.8/site-packages/airflow/example_dags/example_short_circuit_operator.py
[2025-03-27T16:42:42.783+0000] {processor.py:840} INFO - DAG(s) 'example_short_circuit_operator' retrieved from /home/airflow/.local/lib/python3.8/site-packages/airflow/example_dags/example_short_circuit_operator.py
[2025-03-27T16:42:42.811+0000] {logging_mixin.py:188} INFO - [2025-03-27T16:42:42.811+0000] {dag.py:3036} INFO - Sync 1 DAGs
[2025-03-27T16:42:42.838+0000] {logging_mixin.py:188} INFO - [2025-03-27T16:42:42.838+0000] {dag.py:3823} INFO - Setting next_dagrun for example_short_circuit_operator to 2025-03-26 00:00:00+00:00, run_after=2025-03-27 00:00:00+00:00
[2025-03-27T16:42:42.854+0000] {processor.py:183} INFO - Processing /home/airflow/.local/lib/python3.8/site-packages/airflow/example_dags/example_short_circuit_operator.py took 0.091 seconds
[2025-03-27T16:43:12.913+0000] {processor.py:161} INFO - Started process (PID=8231) to work on /home/airflow/.local/lib/python3.8/site-packages/airflow/example_dags/example_short_circuit_operator.py
[2025-03-27T16:43:12.914+0000] {processor.py:830} INFO - Processing file /home/airflow/.local/lib/python3.8/site-packages/airflow/example_dags/example_short_circuit_operator.py for tasks to queue
[2025-03-27T16:43:12.915+0000] {logging_mixin.py:188} INFO - [2025-03-27T16:43:12.915+0000] {dagbag.py:538} INFO - Filling up the DagBag from /home/airflow/.local/lib/python3.8/site-packages/airflow/example_dags/example_short_circuit_operator.py
[2025-03-27T16:43:12.921+0000] {processor.py:840} INFO - DAG(s) 'example_short_circuit_operator' retrieved from /home/airflow/.local/lib/python3.8/site-packages/airflow/example_dags/example_short_circuit_operator.py
[2025-03-27T16:43:12.943+0000] {logging_mixin.py:188} INFO - [2025-03-27T16:43:12.943+0000] {dag.py:3036} INFO - Sync 1 DAGs
[2025-03-27T16:43:12.963+0000] {logging_mixin.py:188} INFO - [2025-03-27T16:43:12.963+0000] {dag.py:3823} INFO - Setting next_dagrun for example_short_circuit_operator to 2025-03-26 00:00:00+00:00, run_after=2025-03-27 00:00:00+00:00
[2025-03-27T16:43:12.980+0000] {processor.py:183} INFO - Processing /home/airflow/.local/lib/python3.8/site-packages/airflow/example_dags/example_short_circuit_operator.py took 0.069 seconds
[2025-03-27T16:43:43.079+0000] {processor.py:161} INFO - Started process (PID=8547) to work on /home/airflow/.local/lib/python3.8/site-packages/airflow/example_dags/example_short_circuit_operator.py
[2025-03-27T16:43:43.080+0000] {processor.py:830} INFO - Processing file /home/airflow/.local/lib/python3.8/site-packages/airflow/example_dags/example_short_circuit_operator.py for tasks to queue
[2025-03-27T16:43:43.081+0000] {logging_mixin.py:188} INFO - [2025-03-27T16:43:43.081+0000] {dagbag.py:538} INFO - Filling up the DagBag from /home/airflow/.local/lib/python3.8/site-packages/airflow/example_dags/example_short_circuit_operator.py
[2025-03-27T16:43:43.089+0000] {processor.py:840} INFO - DAG(s) 'example_short_circuit_operator' retrieved from /home/airflow/.local/lib/python3.8/site-packages/airflow/example_dags/example_short_circuit_operator.py
[2025-03-27T16:43:43.112+0000] {logging_mixin.py:188} INFO - [2025-03-27T16:43:43.112+0000] {dag.py:3036} INFO - Sync 1 DAGs
[2025-03-27T16:43:43.137+0000] {logging_mixin.py:188} INFO - [2025-03-27T16:43:43.136+0000] {dag.py:3823} INFO - Setting next_dagrun for example_short_circuit_operator to 2025-03-26 00:00:00+00:00, run_after=2025-03-27 00:00:00+00:00
[2025-03-27T16:43:43.157+0000] {processor.py:183} INFO - Processing /home/airflow/.local/lib/python3.8/site-packages/airflow/example_dags/example_short_circuit_operator.py took 0.081 seconds
[2025-03-27T16:44:13.309+0000] {processor.py:161} INFO - Started process (PID=8799) to work on /home/airflow/.local/lib/python3.8/site-packages/airflow/example_dags/example_short_circuit_operator.py
[2025-03-27T16:44:13.310+0000] {processor.py:830} INFO - Processing file /home/airflow/.local/lib/python3.8/site-packages/airflow/example_dags/example_short_circuit_operator.py for tasks to queue
[2025-03-27T16:44:13.311+0000] {logging_mixin.py:188} INFO - [2025-03-27T16:44:13.311+0000] {dagbag.py:538} INFO - Filling up the DagBag from /home/airflow/.local/lib/python3.8/site-packages/airflow/example_dags/example_short_circuit_operator.py
[2025-03-27T16:44:13.318+0000] {processor.py:840} INFO - DAG(s) 'example_short_circuit_operator' retrieved from /home/airflow/.local/lib/python3.8/site-packages/airflow/example_dags/example_short_circuit_operator.py
[2025-03-27T16:44:13.339+0000] {logging_mixin.py:188} INFO - [2025-03-27T16:44:13.338+0000] {dag.py:3036} INFO - Sync 1 DAGs
[2025-03-27T16:44:13.359+0000] {logging_mixin.py:188} INFO - [2025-03-27T16:44:13.359+0000] {dag.py:3823} INFO - Setting next_dagrun for example_short_circuit_operator to 2025-03-26 00:00:00+00:00, run_after=2025-03-27 00:00:00+00:00
[2025-03-27T16:44:13.375+0000] {processor.py:183} INFO - Processing /home/airflow/.local/lib/python3.8/site-packages/airflow/example_dags/example_short_circuit_operator.py took 0.069 seconds
[2025-03-27T16:44:43.790+0000] {processor.py:161} INFO - Started process (PID=9066) to work on /home/airflow/.local/lib/python3.8/site-packages/airflow/example_dags/example_short_circuit_operator.py
[2025-03-27T16:44:43.791+0000] {processor.py:830} INFO - Processing file /home/airflow/.local/lib/python3.8/site-packages/airflow/example_dags/example_short_circuit_operator.py for tasks to queue
[2025-03-27T16:44:43.792+0000] {logging_mixin.py:188} INFO - [2025-03-27T16:44:43.792+0000] {dagbag.py:538} INFO - Filling up the DagBag from /home/airflow/.local/lib/python3.8/site-packages/airflow/example_dags/example_short_circuit_operator.py
[2025-03-27T16:44:43.799+0000] {processor.py:840} INFO - DAG(s) 'example_short_circuit_operator' retrieved from /home/airflow/.local/lib/python3.8/site-packages/airflow/example_dags/example_short_circuit_operator.py
[2025-03-27T16:44:43.824+0000] {logging_mixin.py:188} INFO - [2025-03-27T16:44:43.823+0000] {dag.py:3036} INFO - Sync 1 DAGs
[2025-03-27T16:44:43.847+0000] {logging_mixin.py:188} INFO - [2025-03-27T16:44:43.847+0000] {dag.py:3823} INFO - Setting next_dagrun for example_short_circuit_operator to 2025-03-26 00:00:00+00:00, run_after=2025-03-27 00:00:00+00:00
[2025-03-27T16:44:43.867+0000] {processor.py:183} INFO - Processing /home/airflow/.local/lib/python3.8/site-packages/airflow/example_dags/example_short_circuit_operator.py took 0.080 seconds
[2025-03-27T16:45:13.933+0000] {processor.py:161} INFO - Started process (PID=9318) to work on /home/airflow/.local/lib/python3.8/site-packages/airflow/example_dags/example_short_circuit_operator.py
[2025-03-27T16:45:13.933+0000] {processor.py:830} INFO - Processing file /home/airflow/.local/lib/python3.8/site-packages/airflow/example_dags/example_short_circuit_operator.py for tasks to queue
[2025-03-27T16:45:13.934+0000] {logging_mixin.py:188} INFO - [2025-03-27T16:45:13.934+0000] {dagbag.py:538} INFO - Filling up the DagBag from /home/airflow/.local/lib/python3.8/site-packages/airflow/example_dags/example_short_circuit_operator.py
[2025-03-27T16:45:13.941+0000] {processor.py:840} INFO - DAG(s) 'example_short_circuit_operator' retrieved from /home/airflow/.local/lib/python3.8/site-packages/airflow/example_dags/example_short_circuit_operator.py
[2025-03-27T16:45:13.962+0000] {logging_mixin.py:188} INFO - [2025-03-27T16:45:13.962+0000] {dag.py:3036} INFO - Sync 1 DAGs
[2025-03-27T16:45:13.983+0000] {logging_mixin.py:188} INFO - [2025-03-27T16:45:13.982+0000] {dag.py:3823} INFO - Setting next_dagrun for example_short_circuit_operator to 2025-03-26 00:00:00+00:00, run_after=2025-03-27 00:00:00+00:00
[2025-03-27T16:45:14.000+0000] {processor.py:183} INFO - Processing /home/airflow/.local/lib/python3.8/site-packages/airflow/example_dags/example_short_circuit_operator.py took 0.069 seconds
[2025-03-27T16:45:44.950+0000] {processor.py:161} INFO - Started process (PID=9831) to work on /home/airflow/.local/lib/python3.8/site-packages/airflow/example_dags/example_short_circuit_operator.py
[2025-03-27T16:45:44.956+0000] {processor.py:830} INFO - Processing file /home/airflow/.local/lib/python3.8/site-packages/airflow/example_dags/example_short_circuit_operator.py for tasks to queue
[2025-03-27T16:45:44.960+0000] {logging_mixin.py:188} INFO - [2025-03-27T16:45:44.960+0000] {dagbag.py:538} INFO - Filling up the DagBag from /home/airflow/.local/lib/python3.8/site-packages/airflow/example_dags/example_short_circuit_operator.py
[2025-03-27T16:45:44.977+0000] {processor.py:840} INFO - DAG(s) 'example_short_circuit_operator' retrieved from /home/airflow/.local/lib/python3.8/site-packages/airflow/example_dags/example_short_circuit_operator.py
[2025-03-27T16:45:45.031+0000] {logging_mixin.py:188} INFO - [2025-03-27T16:45:45.031+0000] {dag.py:3036} INFO - Sync 1 DAGs
[2025-03-27T16:45:45.098+0000] {logging_mixin.py:188} INFO - [2025-03-27T16:45:45.098+0000] {dag.py:3823} INFO - Setting next_dagrun for example_short_circuit_operator to 2025-03-26 00:00:00+00:00, run_after=2025-03-27 00:00:00+00:00
[2025-03-27T16:45:45.191+0000] {processor.py:183} INFO - Processing /home/airflow/.local/lib/python3.8/site-packages/airflow/example_dags/example_short_circuit_operator.py took 0.248 seconds
[2025-03-27T16:46:16.002+0000] {processor.py:161} INFO - Started process (PID=10462) to work on /home/airflow/.local/lib/python3.8/site-packages/airflow/example_dags/example_short_circuit_operator.py
[2025-03-27T16:46:16.005+0000] {processor.py:830} INFO - Processing file /home/airflow/.local/lib/python3.8/site-packages/airflow/example_dags/example_short_circuit_operator.py for tasks to queue
[2025-03-27T16:46:16.008+0000] {logging_mixin.py:188} INFO - [2025-03-27T16:46:16.008+0000] {dagbag.py:538} INFO - Filling up the DagBag from /home/airflow/.local/lib/python3.8/site-packages/airflow/example_dags/example_short_circuit_operator.py
[2025-03-27T16:46:16.029+0000] {processor.py:840} INFO - DAG(s) 'example_short_circuit_operator' retrieved from /home/airflow/.local/lib/python3.8/site-packages/airflow/example_dags/example_short_circuit_operator.py
[2025-03-27T16:46:16.076+0000] {logging_mixin.py:188} INFO - [2025-03-27T16:46:16.075+0000] {dag.py:3036} INFO - Sync 1 DAGs
[2025-03-27T16:46:16.119+0000] {logging_mixin.py:188} INFO - [2025-03-27T16:46:16.119+0000] {dag.py:3823} INFO - Setting next_dagrun for example_short_circuit_operator to 2025-03-26 00:00:00+00:00, run_after=2025-03-27 00:00:00+00:00
[2025-03-27T16:46:16.153+0000] {processor.py:183} INFO - Processing /home/airflow/.local/lib/python3.8/site-packages/airflow/example_dags/example_short_circuit_operator.py took 0.158 seconds
[2025-03-27T16:46:46.471+0000] {processor.py:161} INFO - Started process (PID=11163) to work on /home/airflow/.local/lib/python3.8/site-packages/airflow/example_dags/example_short_circuit_operator.py
[2025-03-27T16:46:46.488+0000] {processor.py:830} INFO - Processing file /home/airflow/.local/lib/python3.8/site-packages/airflow/example_dags/example_short_circuit_operator.py for tasks to queue
[2025-03-27T16:46:46.490+0000] {logging_mixin.py:188} INFO - [2025-03-27T16:46:46.490+0000] {dagbag.py:538} INFO - Filling up the DagBag from /home/airflow/.local/lib/python3.8/site-packages/airflow/example_dags/example_short_circuit_operator.py
[2025-03-27T16:46:46.526+0000] {processor.py:840} INFO - DAG(s) 'example_short_circuit_operator' retrieved from /home/airflow/.local/lib/python3.8/site-packages/airflow/example_dags/example_short_circuit_operator.py
[2025-03-27T16:46:46.591+0000] {logging_mixin.py:188} INFO - [2025-03-27T16:46:46.591+0000] {dag.py:3036} INFO - Sync 1 DAGs
[2025-03-27T16:46:46.658+0000] {logging_mixin.py:188} INFO - [2025-03-27T16:46:46.657+0000] {dag.py:3823} INFO - Setting next_dagrun for example_short_circuit_operator to 2025-03-26 00:00:00+00:00, run_after=2025-03-27 00:00:00+00:00
[2025-03-27T16:46:46.703+0000] {processor.py:183} INFO - Processing /home/airflow/.local/lib/python3.8/site-packages/airflow/example_dags/example_short_circuit_operator.py took 0.242 seconds
[2025-03-27T16:47:17.389+0000] {processor.py:161} INFO - Started process (PID=11880) to work on /home/airflow/.local/lib/python3.8/site-packages/airflow/example_dags/example_short_circuit_operator.py
[2025-03-27T16:47:17.390+0000] {processor.py:830} INFO - Processing file /home/airflow/.local/lib/python3.8/site-packages/airflow/example_dags/example_short_circuit_operator.py for tasks to queue
[2025-03-27T16:47:17.391+0000] {logging_mixin.py:188} INFO - [2025-03-27T16:47:17.390+0000] {dagbag.py:538} INFO - Filling up the DagBag from /home/airflow/.local/lib/python3.8/site-packages/airflow/example_dags/example_short_circuit_operator.py
[2025-03-27T16:47:17.402+0000] {processor.py:840} INFO - DAG(s) 'example_short_circuit_operator' retrieved from /home/airflow/.local/lib/python3.8/site-packages/airflow/example_dags/example_short_circuit_operator.py
[2025-03-27T16:47:17.435+0000] {logging_mixin.py:188} INFO - [2025-03-27T16:47:17.435+0000] {dag.py:3036} INFO - Sync 1 DAGs
[2025-03-27T16:47:17.466+0000] {logging_mixin.py:188} INFO - [2025-03-27T16:47:17.466+0000] {dag.py:3823} INFO - Setting next_dagrun for example_short_circuit_operator to 2025-03-26 00:00:00+00:00, run_after=2025-03-27 00:00:00+00:00
[2025-03-27T16:47:17.496+0000] {processor.py:183} INFO - Processing /home/airflow/.local/lib/python3.8/site-packages/airflow/example_dags/example_short_circuit_operator.py took 0.110 seconds
[2025-03-27T16:47:47.610+0000] {processor.py:161} INFO - Started process (PID=12527) to work on /home/airflow/.local/lib/python3.8/site-packages/airflow/example_dags/example_short_circuit_operator.py
[2025-03-27T16:47:47.611+0000] {processor.py:830} INFO - Processing file /home/airflow/.local/lib/python3.8/site-packages/airflow/example_dags/example_short_circuit_operator.py for tasks to queue
[2025-03-27T16:47:47.612+0000] {logging_mixin.py:188} INFO - [2025-03-27T16:47:47.612+0000] {dagbag.py:538} INFO - Filling up the DagBag from /home/airflow/.local/lib/python3.8/site-packages/airflow/example_dags/example_short_circuit_operator.py
[2025-03-27T16:47:47.621+0000] {processor.py:840} INFO - DAG(s) 'example_short_circuit_operator' retrieved from /home/airflow/.local/lib/python3.8/site-packages/airflow/example_dags/example_short_circuit_operator.py
[2025-03-27T16:47:47.652+0000] {logging_mixin.py:188} INFO - [2025-03-27T16:47:47.651+0000] {dag.py:3036} INFO - Sync 1 DAGs
[2025-03-27T16:47:47.684+0000] {logging_mixin.py:188} INFO - [2025-03-27T16:47:47.684+0000] {dag.py:3823} INFO - Setting next_dagrun for example_short_circuit_operator to 2025-03-26 00:00:00+00:00, run_after=2025-03-27 00:00:00+00:00
[2025-03-27T16:47:47.714+0000] {processor.py:183} INFO - Processing /home/airflow/.local/lib/python3.8/site-packages/airflow/example_dags/example_short_circuit_operator.py took 0.108 seconds
[2025-03-27T16:48:18.136+0000] {processor.py:161} INFO - Started process (PID=13220) to work on /home/airflow/.local/lib/python3.8/site-packages/airflow/example_dags/example_short_circuit_operator.py
[2025-03-27T16:48:18.138+0000] {processor.py:830} INFO - Processing file /home/airflow/.local/lib/python3.8/site-packages/airflow/example_dags/example_short_circuit_operator.py for tasks to queue
[2025-03-27T16:48:18.139+0000] {logging_mixin.py:188} INFO - [2025-03-27T16:48:18.139+0000] {dagbag.py:538} INFO - Filling up the DagBag from /home/airflow/.local/lib/python3.8/site-packages/airflow/example_dags/example_short_circuit_operator.py
[2025-03-27T16:48:18.166+0000] {processor.py:840} INFO - DAG(s) 'example_short_circuit_operator' retrieved from /home/airflow/.local/lib/python3.8/site-packages/airflow/example_dags/example_short_circuit_operator.py
[2025-03-27T16:48:18.250+0000] {logging_mixin.py:188} INFO - [2025-03-27T16:48:18.250+0000] {dag.py:3036} INFO - Sync 1 DAGs
[2025-03-27T16:48:18.298+0000] {logging_mixin.py:188} INFO - [2025-03-27T16:48:18.298+0000] {dag.py:3823} INFO - Setting next_dagrun for example_short_circuit_operator to 2025-03-26 00:00:00+00:00, run_after=2025-03-27 00:00:00+00:00
[2025-03-27T16:48:18.337+0000] {processor.py:183} INFO - Processing /home/airflow/.local/lib/python3.8/site-packages/airflow/example_dags/example_short_circuit_operator.py took 0.205 seconds
[2025-03-27T16:48:48.865+0000] {processor.py:161} INFO - Started process (PID=13916) to work on /home/airflow/.local/lib/python3.8/site-packages/airflow/example_dags/example_short_circuit_operator.py
[2025-03-27T16:48:48.874+0000] {processor.py:830} INFO - Processing file /home/airflow/.local/lib/python3.8/site-packages/airflow/example_dags/example_short_circuit_operator.py for tasks to queue
[2025-03-27T16:48:48.881+0000] {logging_mixin.py:188} INFO - [2025-03-27T16:48:48.879+0000] {dagbag.py:538} INFO - Filling up the DagBag from /home/airflow/.local/lib/python3.8/site-packages/airflow/example_dags/example_short_circuit_operator.py
[2025-03-27T16:48:48.914+0000] {processor.py:840} INFO - DAG(s) 'example_short_circuit_operator' retrieved from /home/airflow/.local/lib/python3.8/site-packages/airflow/example_dags/example_short_circuit_operator.py
[2025-03-27T16:48:49.007+0000] {logging_mixin.py:188} INFO - [2025-03-27T16:48:49.007+0000] {dag.py:3036} INFO - Sync 1 DAGs
[2025-03-27T16:48:49.058+0000] {logging_mixin.py:188} INFO - [2025-03-27T16:48:49.058+0000] {dag.py:3823} INFO - Setting next_dagrun for example_short_circuit_operator to 2025-03-26 00:00:00+00:00, run_after=2025-03-27 00:00:00+00:00
[2025-03-27T16:48:49.118+0000] {processor.py:183} INFO - Processing /home/airflow/.local/lib/python3.8/site-packages/airflow/example_dags/example_short_circuit_operator.py took 0.267 seconds
[2025-03-27T16:49:19.241+0000] {processor.py:161} INFO - Started process (PID=14583) to work on /home/airflow/.local/lib/python3.8/site-packages/airflow/example_dags/example_short_circuit_operator.py
[2025-03-27T16:49:19.243+0000] {processor.py:830} INFO - Processing file /home/airflow/.local/lib/python3.8/site-packages/airflow/example_dags/example_short_circuit_operator.py for tasks to queue
[2025-03-27T16:49:19.244+0000] {logging_mixin.py:188} INFO - [2025-03-27T16:49:19.244+0000] {dagbag.py:538} INFO - Filling up the DagBag from /home/airflow/.local/lib/python3.8/site-packages/airflow/example_dags/example_short_circuit_operator.py
[2025-03-27T16:49:19.256+0000] {processor.py:840} INFO - DAG(s) 'example_short_circuit_operator' retrieved from /home/airflow/.local/lib/python3.8/site-packages/airflow/example_dags/example_short_circuit_operator.py
[2025-03-27T16:49:19.292+0000] {logging_mixin.py:188} INFO - [2025-03-27T16:49:19.291+0000] {dag.py:3036} INFO - Sync 1 DAGs
[2025-03-27T16:49:19.326+0000] {logging_mixin.py:188} INFO - [2025-03-27T16:49:19.325+0000] {dag.py:3823} INFO - Setting next_dagrun for example_short_circuit_operator to 2025-03-26 00:00:00+00:00, run_after=2025-03-27 00:00:00+00:00
[2025-03-27T16:49:19.353+0000] {processor.py:183} INFO - Processing /home/airflow/.local/lib/python3.8/site-packages/airflow/example_dags/example_short_circuit_operator.py took 0.116 seconds
[2025-03-27T16:49:49.411+0000] {processor.py:161} INFO - Started process (PID=15264) to work on /home/airflow/.local/lib/python3.8/site-packages/airflow/example_dags/example_short_circuit_operator.py
[2025-03-27T16:49:49.412+0000] {processor.py:830} INFO - Processing file /home/airflow/.local/lib/python3.8/site-packages/airflow/example_dags/example_short_circuit_operator.py for tasks to queue
[2025-03-27T16:49:49.414+0000] {logging_mixin.py:188} INFO - [2025-03-27T16:49:49.414+0000] {dagbag.py:538} INFO - Filling up the DagBag from /home/airflow/.local/lib/python3.8/site-packages/airflow/example_dags/example_short_circuit_operator.py
[2025-03-27T16:49:49.424+0000] {processor.py:840} INFO - DAG(s) 'example_short_circuit_operator' retrieved from /home/airflow/.local/lib/python3.8/site-packages/airflow/example_dags/example_short_circuit_operator.py
[2025-03-27T16:49:49.456+0000] {logging_mixin.py:188} INFO - [2025-03-27T16:49:49.455+0000] {dag.py:3036} INFO - Sync 1 DAGs
[2025-03-27T16:49:49.485+0000] {logging_mixin.py:188} INFO - [2025-03-27T16:49:49.485+0000] {dag.py:3823} INFO - Setting next_dagrun for example_short_circuit_operator to 2025-03-26 00:00:00+00:00, run_after=2025-03-27 00:00:00+00:00
[2025-03-27T16:49:49.511+0000] {processor.py:183} INFO - Processing /home/airflow/.local/lib/python3.8/site-packages/airflow/example_dags/example_short_circuit_operator.py took 0.104 seconds
[2025-03-27T16:50:19.853+0000] {processor.py:161} INFO - Started process (PID=15964) to work on /home/airflow/.local/lib/python3.8/site-packages/airflow/example_dags/example_short_circuit_operator.py
[2025-03-27T16:50:19.856+0000] {processor.py:830} INFO - Processing file /home/airflow/.local/lib/python3.8/site-packages/airflow/example_dags/example_short_circuit_operator.py for tasks to queue
[2025-03-27T16:50:19.859+0000] {logging_mixin.py:188} INFO - [2025-03-27T16:50:19.858+0000] {dagbag.py:538} INFO - Filling up the DagBag from /home/airflow/.local/lib/python3.8/site-packages/airflow/example_dags/example_short_circuit_operator.py
[2025-03-27T16:50:19.897+0000] {processor.py:840} INFO - DAG(s) 'example_short_circuit_operator' retrieved from /home/airflow/.local/lib/python3.8/site-packages/airflow/example_dags/example_short_circuit_operator.py
[2025-03-27T16:50:19.973+0000] {logging_mixin.py:188} INFO - [2025-03-27T16:50:19.972+0000] {dag.py:3036} INFO - Sync 1 DAGs
[2025-03-27T16:50:20.035+0000] {logging_mixin.py:188} INFO - [2025-03-27T16:50:20.034+0000] {dag.py:3823} INFO - Setting next_dagrun for example_short_circuit_operator to 2025-03-26 00:00:00+00:00, run_after=2025-03-27 00:00:00+00:00
[2025-03-27T16:50:20.113+0000] {processor.py:183} INFO - Processing /home/airflow/.local/lib/python3.8/site-packages/airflow/example_dags/example_short_circuit_operator.py took 0.267 seconds
[2025-03-27T16:50:50.327+0000] {processor.py:161} INFO - Started process (PID=16665) to work on /home/airflow/.local/lib/python3.8/site-packages/airflow/example_dags/example_short_circuit_operator.py
[2025-03-27T16:50:50.328+0000] {processor.py:830} INFO - Processing file /home/airflow/.local/lib/python3.8/site-packages/airflow/example_dags/example_short_circuit_operator.py for tasks to queue
[2025-03-27T16:50:50.330+0000] {logging_mixin.py:188} INFO - [2025-03-27T16:50:50.329+0000] {dagbag.py:538} INFO - Filling up the DagBag from /home/airflow/.local/lib/python3.8/site-packages/airflow/example_dags/example_short_circuit_operator.py
[2025-03-27T16:50:50.345+0000] {processor.py:840} INFO - DAG(s) 'example_short_circuit_operator' retrieved from /home/airflow/.local/lib/python3.8/site-packages/airflow/example_dags/example_short_circuit_operator.py
[2025-03-27T16:50:50.386+0000] {logging_mixin.py:188} INFO - [2025-03-27T16:50:50.385+0000] {dag.py:3036} INFO - Sync 1 DAGs
[2025-03-27T16:50:50.433+0000] {logging_mixin.py:188} INFO - [2025-03-27T16:50:50.433+0000] {dag.py:3823} INFO - Setting next_dagrun for example_short_circuit_operator to 2025-03-26 00:00:00+00:00, run_after=2025-03-27 00:00:00+00:00
[2025-03-27T16:50:50.470+0000] {processor.py:183} INFO - Processing /home/airflow/.local/lib/python3.8/site-packages/airflow/example_dags/example_short_circuit_operator.py took 0.147 seconds
[2025-03-27T16:51:20.684+0000] {processor.py:161} INFO - Started process (PID=17327) to work on /home/airflow/.local/lib/python3.8/site-packages/airflow/example_dags/example_short_circuit_operator.py
[2025-03-27T16:51:20.685+0000] {processor.py:830} INFO - Processing file /home/airflow/.local/lib/python3.8/site-packages/airflow/example_dags/example_short_circuit_operator.py for tasks to queue
[2025-03-27T16:51:20.685+0000] {logging_mixin.py:188} INFO - [2025-03-27T16:51:20.685+0000] {dagbag.py:538} INFO - Filling up the DagBag from /home/airflow/.local/lib/python3.8/site-packages/airflow/example_dags/example_short_circuit_operator.py
[2025-03-27T16:51:20.693+0000] {processor.py:840} INFO - DAG(s) 'example_short_circuit_operator' retrieved from /home/airflow/.local/lib/python3.8/site-packages/airflow/example_dags/example_short_circuit_operator.py
[2025-03-27T16:51:20.716+0000] {logging_mixin.py:188} INFO - [2025-03-27T16:51:20.715+0000] {dag.py:3036} INFO - Sync 1 DAGs
[2025-03-27T16:51:20.738+0000] {logging_mixin.py:188} INFO - [2025-03-27T16:51:20.738+0000] {dag.py:3823} INFO - Setting next_dagrun for example_short_circuit_operator to 2025-03-26 00:00:00+00:00, run_after=2025-03-27 00:00:00+00:00
[2025-03-27T16:51:20.756+0000] {processor.py:183} INFO - Processing /home/airflow/.local/lib/python3.8/site-packages/airflow/example_dags/example_short_circuit_operator.py took 0.075 seconds
[2025-03-27T16:51:50.859+0000] {processor.py:161} INFO - Started process (PID=17747) to work on /home/airflow/.local/lib/python3.8/site-packages/airflow/example_dags/example_short_circuit_operator.py
[2025-03-27T16:51:50.860+0000] {processor.py:830} INFO - Processing file /home/airflow/.local/lib/python3.8/site-packages/airflow/example_dags/example_short_circuit_operator.py for tasks to queue
[2025-03-27T16:51:50.861+0000] {logging_mixin.py:188} INFO - [2025-03-27T16:51:50.861+0000] {dagbag.py:538} INFO - Filling up the DagBag from /home/airflow/.local/lib/python3.8/site-packages/airflow/example_dags/example_short_circuit_operator.py
[2025-03-27T16:51:50.869+0000] {processor.py:840} INFO - DAG(s) 'example_short_circuit_operator' retrieved from /home/airflow/.local/lib/python3.8/site-packages/airflow/example_dags/example_short_circuit_operator.py
[2025-03-27T16:51:50.894+0000] {logging_mixin.py:188} INFO - [2025-03-27T16:51:50.893+0000] {dag.py:3036} INFO - Sync 1 DAGs
[2025-03-27T16:51:50.917+0000] {logging_mixin.py:188} INFO - [2025-03-27T16:51:50.917+0000] {dag.py:3823} INFO - Setting next_dagrun for example_short_circuit_operator to 2025-03-26 00:00:00+00:00, run_after=2025-03-27 00:00:00+00:00
[2025-03-27T16:51:50.938+0000] {processor.py:183} INFO - Processing /home/airflow/.local/lib/python3.8/site-packages/airflow/example_dags/example_short_circuit_operator.py took 0.081 seconds
[2025-03-27T16:52:21.163+0000] {processor.py:161} INFO - Started process (PID=17999) to work on /home/airflow/.local/lib/python3.8/site-packages/airflow/example_dags/example_short_circuit_operator.py
[2025-03-27T16:52:21.164+0000] {processor.py:830} INFO - Processing file /home/airflow/.local/lib/python3.8/site-packages/airflow/example_dags/example_short_circuit_operator.py for tasks to queue
[2025-03-27T16:52:21.165+0000] {logging_mixin.py:188} INFO - [2025-03-27T16:52:21.165+0000] {dagbag.py:538} INFO - Filling up the DagBag from /home/airflow/.local/lib/python3.8/site-packages/airflow/example_dags/example_short_circuit_operator.py
[2025-03-27T16:52:21.172+0000] {processor.py:840} INFO - DAG(s) 'example_short_circuit_operator' retrieved from /home/airflow/.local/lib/python3.8/site-packages/airflow/example_dags/example_short_circuit_operator.py
[2025-03-27T16:52:21.191+0000] {logging_mixin.py:188} INFO - [2025-03-27T16:52:21.191+0000] {dag.py:3036} INFO - Sync 1 DAGs
[2025-03-27T16:52:21.210+0000] {logging_mixin.py:188} INFO - [2025-03-27T16:52:21.210+0000] {dag.py:3823} INFO - Setting next_dagrun for example_short_circuit_operator to 2025-03-26 00:00:00+00:00, run_after=2025-03-27 00:00:00+00:00
[2025-03-27T16:52:21.226+0000] {processor.py:183} INFO - Processing /home/airflow/.local/lib/python3.8/site-packages/airflow/example_dags/example_short_circuit_operator.py took 0.066 seconds
[2025-03-27T16:52:51.613+0000] {processor.py:161} INFO - Started process (PID=18251) to work on /home/airflow/.local/lib/python3.8/site-packages/airflow/example_dags/example_short_circuit_operator.py
[2025-03-27T16:52:51.614+0000] {processor.py:830} INFO - Processing file /home/airflow/.local/lib/python3.8/site-packages/airflow/example_dags/example_short_circuit_operator.py for tasks to queue
[2025-03-27T16:52:51.615+0000] {logging_mixin.py:188} INFO - [2025-03-27T16:52:51.615+0000] {dagbag.py:538} INFO - Filling up the DagBag from /home/airflow/.local/lib/python3.8/site-packages/airflow/example_dags/example_short_circuit_operator.py
[2025-03-27T16:52:51.622+0000] {processor.py:840} INFO - DAG(s) 'example_short_circuit_operator' retrieved from /home/airflow/.local/lib/python3.8/site-packages/airflow/example_dags/example_short_circuit_operator.py
[2025-03-27T16:52:51.647+0000] {logging_mixin.py:188} INFO - [2025-03-27T16:52:51.647+0000] {dag.py:3036} INFO - Sync 1 DAGs
[2025-03-27T16:52:51.812+0000] {logging_mixin.py:188} INFO - [2025-03-27T16:52:51.812+0000] {dag.py:3823} INFO - Setting next_dagrun for example_short_circuit_operator to 2025-03-26 00:00:00+00:00, run_after=2025-03-27 00:00:00+00:00
[2025-03-27T16:52:51.831+0000] {processor.py:183} INFO - Processing /home/airflow/.local/lib/python3.8/site-packages/airflow/example_dags/example_short_circuit_operator.py took 0.220 seconds
[2025-03-27T16:53:22.637+0000] {processor.py:161} INFO - Started process (PID=18503) to work on /home/airflow/.local/lib/python3.8/site-packages/airflow/example_dags/example_short_circuit_operator.py
[2025-03-27T16:53:22.638+0000] {processor.py:830} INFO - Processing file /home/airflow/.local/lib/python3.8/site-packages/airflow/example_dags/example_short_circuit_operator.py for tasks to queue
[2025-03-27T16:53:22.638+0000] {logging_mixin.py:188} INFO - [2025-03-27T16:53:22.638+0000] {dagbag.py:538} INFO - Filling up the DagBag from /home/airflow/.local/lib/python3.8/site-packages/airflow/example_dags/example_short_circuit_operator.py
[2025-03-27T16:53:22.646+0000] {processor.py:840} INFO - DAG(s) 'example_short_circuit_operator' retrieved from /home/airflow/.local/lib/python3.8/site-packages/airflow/example_dags/example_short_circuit_operator.py
[2025-03-27T16:53:22.668+0000] {logging_mixin.py:188} INFO - [2025-03-27T16:53:22.667+0000] {dag.py:3036} INFO - Sync 1 DAGs
[2025-03-27T16:53:22.688+0000] {logging_mixin.py:188} INFO - [2025-03-27T16:53:22.687+0000] {dag.py:3823} INFO - Setting next_dagrun for example_short_circuit_operator to 2025-03-26 00:00:00+00:00, run_after=2025-03-27 00:00:00+00:00
[2025-03-27T16:53:22.705+0000] {processor.py:183} INFO - Processing /home/airflow/.local/lib/python3.8/site-packages/airflow/example_dags/example_short_circuit_operator.py took 0.070 seconds
[2025-03-27T16:53:52.912+0000] {processor.py:161} INFO - Started process (PID=18755) to work on /home/airflow/.local/lib/python3.8/site-packages/airflow/example_dags/example_short_circuit_operator.py
[2025-03-27T16:53:52.913+0000] {processor.py:830} INFO - Processing file /home/airflow/.local/lib/python3.8/site-packages/airflow/example_dags/example_short_circuit_operator.py for tasks to queue
[2025-03-27T16:53:52.914+0000] {logging_mixin.py:188} INFO - [2025-03-27T16:53:52.914+0000] {dagbag.py:538} INFO - Filling up the DagBag from /home/airflow/.local/lib/python3.8/site-packages/airflow/example_dags/example_short_circuit_operator.py
[2025-03-27T16:53:52.921+0000] {processor.py:840} INFO - DAG(s) 'example_short_circuit_operator' retrieved from /home/airflow/.local/lib/python3.8/site-packages/airflow/example_dags/example_short_circuit_operator.py
[2025-03-27T16:53:52.942+0000] {logging_mixin.py:188} INFO - [2025-03-27T16:53:52.942+0000] {dag.py:3036} INFO - Sync 1 DAGs
[2025-03-27T16:53:52.964+0000] {logging_mixin.py:188} INFO - [2025-03-27T16:53:52.963+0000] {dag.py:3823} INFO - Setting next_dagrun for example_short_circuit_operator to 2025-03-26 00:00:00+00:00, run_after=2025-03-27 00:00:00+00:00
[2025-03-27T16:53:52.983+0000] {processor.py:183} INFO - Processing /home/airflow/.local/lib/python3.8/site-packages/airflow/example_dags/example_short_circuit_operator.py took 0.073 seconds
[2025-03-27T16:54:23.173+0000] {processor.py:161} INFO - Started process (PID=19007) to work on /home/airflow/.local/lib/python3.8/site-packages/airflow/example_dags/example_short_circuit_operator.py
[2025-03-27T16:54:23.174+0000] {processor.py:830} INFO - Processing file /home/airflow/.local/lib/python3.8/site-packages/airflow/example_dags/example_short_circuit_operator.py for tasks to queue
[2025-03-27T16:54:23.175+0000] {logging_mixin.py:188} INFO - [2025-03-27T16:54:23.175+0000] {dagbag.py:538} INFO - Filling up the DagBag from /home/airflow/.local/lib/python3.8/site-packages/airflow/example_dags/example_short_circuit_operator.py
[2025-03-27T16:54:23.181+0000] {processor.py:840} INFO - DAG(s) 'example_short_circuit_operator' retrieved from /home/airflow/.local/lib/python3.8/site-packages/airflow/example_dags/example_short_circuit_operator.py
[2025-03-27T16:54:23.201+0000] {logging_mixin.py:188} INFO - [2025-03-27T16:54:23.201+0000] {dag.py:3036} INFO - Sync 1 DAGs
[2025-03-27T16:54:23.220+0000] {logging_mixin.py:188} INFO - [2025-03-27T16:54:23.220+0000] {dag.py:3823} INFO - Setting next_dagrun for example_short_circuit_operator to 2025-03-26 00:00:00+00:00, run_after=2025-03-27 00:00:00+00:00
[2025-03-27T16:54:23.236+0000] {processor.py:183} INFO - Processing /home/airflow/.local/lib/python3.8/site-packages/airflow/example_dags/example_short_circuit_operator.py took 0.066 seconds
[2025-03-27T16:54:53.533+0000] {processor.py:161} INFO - Started process (PID=19259) to work on /home/airflow/.local/lib/python3.8/site-packages/airflow/example_dags/example_short_circuit_operator.py
[2025-03-27T16:54:53.534+0000] {processor.py:830} INFO - Processing file /home/airflow/.local/lib/python3.8/site-packages/airflow/example_dags/example_short_circuit_operator.py for tasks to queue
[2025-03-27T16:54:53.535+0000] {logging_mixin.py:188} INFO - [2025-03-27T16:54:53.535+0000] {dagbag.py:538} INFO - Filling up the DagBag from /home/airflow/.local/lib/python3.8/site-packages/airflow/example_dags/example_short_circuit_operator.py
[2025-03-27T16:54:53.542+0000] {processor.py:840} INFO - DAG(s) 'example_short_circuit_operator' retrieved from /home/airflow/.local/lib/python3.8/site-packages/airflow/example_dags/example_short_circuit_operator.py
[2025-03-27T16:54:53.563+0000] {logging_mixin.py:188} INFO - [2025-03-27T16:54:53.563+0000] {dag.py:3036} INFO - Sync 1 DAGs
[2025-03-27T16:54:53.583+0000] {logging_mixin.py:188} INFO - [2025-03-27T16:54:53.583+0000] {dag.py:3823} INFO - Setting next_dagrun for example_short_circuit_operator to 2025-03-26 00:00:00+00:00, run_after=2025-03-27 00:00:00+00:00
[2025-03-27T16:54:53.598+0000] {processor.py:183} INFO - Processing /home/airflow/.local/lib/python3.8/site-packages/airflow/example_dags/example_short_circuit_operator.py took 0.067 seconds
[2025-03-27T16:55:24.043+0000] {processor.py:161} INFO - Started process (PID=19513) to work on /home/airflow/.local/lib/python3.8/site-packages/airflow/example_dags/example_short_circuit_operator.py
[2025-03-27T16:55:24.044+0000] {processor.py:830} INFO - Processing file /home/airflow/.local/lib/python3.8/site-packages/airflow/example_dags/example_short_circuit_operator.py for tasks to queue
[2025-03-27T16:55:24.045+0000] {logging_mixin.py:188} INFO - [2025-03-27T16:55:24.045+0000] {dagbag.py:538} INFO - Filling up the DagBag from /home/airflow/.local/lib/python3.8/site-packages/airflow/example_dags/example_short_circuit_operator.py
[2025-03-27T16:55:24.055+0000] {processor.py:840} INFO - DAG(s) 'example_short_circuit_operator' retrieved from /home/airflow/.local/lib/python3.8/site-packages/airflow/example_dags/example_short_circuit_operator.py
[2025-03-27T16:55:24.221+0000] {logging_mixin.py:188} INFO - [2025-03-27T16:55:24.221+0000] {dag.py:3036} INFO - Sync 1 DAGs
[2025-03-27T16:55:24.243+0000] {logging_mixin.py:188} INFO - [2025-03-27T16:55:24.242+0000] {dag.py:3823} INFO - Setting next_dagrun for example_short_circuit_operator to 2025-03-26 00:00:00+00:00, run_after=2025-03-27 00:00:00+00:00
[2025-03-27T16:55:24.260+0000] {processor.py:183} INFO - Processing /home/airflow/.local/lib/python3.8/site-packages/airflow/example_dags/example_short_circuit_operator.py took 0.220 seconds
[2025-03-27T16:55:54.522+0000] {processor.py:161} INFO - Started process (PID=19765) to work on /home/airflow/.local/lib/python3.8/site-packages/airflow/example_dags/example_short_circuit_operator.py
[2025-03-27T16:55:54.523+0000] {processor.py:830} INFO - Processing file /home/airflow/.local/lib/python3.8/site-packages/airflow/example_dags/example_short_circuit_operator.py for tasks to queue
[2025-03-27T16:55:54.524+0000] {logging_mixin.py:188} INFO - [2025-03-27T16:55:54.523+0000] {dagbag.py:538} INFO - Filling up the DagBag from /home/airflow/.local/lib/python3.8/site-packages/airflow/example_dags/example_short_circuit_operator.py
[2025-03-27T16:55:54.530+0000] {processor.py:840} INFO - DAG(s) 'example_short_circuit_operator' retrieved from /home/airflow/.local/lib/python3.8/site-packages/airflow/example_dags/example_short_circuit_operator.py
[2025-03-27T16:55:54.552+0000] {logging_mixin.py:188} INFO - [2025-03-27T16:55:54.552+0000] {dag.py:3036} INFO - Sync 1 DAGs
[2025-03-27T16:55:54.572+0000] {logging_mixin.py:188} INFO - [2025-03-27T16:55:54.571+0000] {dag.py:3823} INFO - Setting next_dagrun for example_short_circuit_operator to 2025-03-26 00:00:00+00:00, run_after=2025-03-27 00:00:00+00:00
[2025-03-27T16:55:54.586+0000] {processor.py:183} INFO - Processing /home/airflow/.local/lib/python3.8/site-packages/airflow/example_dags/example_short_circuit_operator.py took 0.067 seconds
[2025-03-27T16:56:24.877+0000] {processor.py:161} INFO - Started process (PID=20017) to work on /home/airflow/.local/lib/python3.8/site-packages/airflow/example_dags/example_short_circuit_operator.py
[2025-03-27T16:56:24.878+0000] {processor.py:830} INFO - Processing file /home/airflow/.local/lib/python3.8/site-packages/airflow/example_dags/example_short_circuit_operator.py for tasks to queue
[2025-03-27T16:56:24.879+0000] {logging_mixin.py:188} INFO - [2025-03-27T16:56:24.879+0000] {dagbag.py:538} INFO - Filling up the DagBag from /home/airflow/.local/lib/python3.8/site-packages/airflow/example_dags/example_short_circuit_operator.py
[2025-03-27T16:56:24.886+0000] {processor.py:840} INFO - DAG(s) 'example_short_circuit_operator' retrieved from /home/airflow/.local/lib/python3.8/site-packages/airflow/example_dags/example_short_circuit_operator.py
[2025-03-27T16:56:24.908+0000] {logging_mixin.py:188} INFO - [2025-03-27T16:56:24.908+0000] {dag.py:3036} INFO - Sync 1 DAGs
[2025-03-27T16:56:24.928+0000] {logging_mixin.py:188} INFO - [2025-03-27T16:56:24.928+0000] {dag.py:3823} INFO - Setting next_dagrun for example_short_circuit_operator to 2025-03-26 00:00:00+00:00, run_after=2025-03-27 00:00:00+00:00
[2025-03-27T16:56:24.945+0000] {processor.py:183} INFO - Processing /home/airflow/.local/lib/python3.8/site-packages/airflow/example_dags/example_short_circuit_operator.py took 0.070 seconds
[2025-03-27T16:56:55.393+0000] {processor.py:161} INFO - Started process (PID=20269) to work on /home/airflow/.local/lib/python3.8/site-packages/airflow/example_dags/example_short_circuit_operator.py
[2025-03-27T16:56:55.394+0000] {processor.py:830} INFO - Processing file /home/airflow/.local/lib/python3.8/site-packages/airflow/example_dags/example_short_circuit_operator.py for tasks to queue
[2025-03-27T16:56:55.395+0000] {logging_mixin.py:188} INFO - [2025-03-27T16:56:55.395+0000] {dagbag.py:538} INFO - Filling up the DagBag from /home/airflow/.local/lib/python3.8/site-packages/airflow/example_dags/example_short_circuit_operator.py
[2025-03-27T16:56:55.402+0000] {processor.py:840} INFO - DAG(s) 'example_short_circuit_operator' retrieved from /home/airflow/.local/lib/python3.8/site-packages/airflow/example_dags/example_short_circuit_operator.py
[2025-03-27T16:56:55.423+0000] {logging_mixin.py:188} INFO - [2025-03-27T16:56:55.423+0000] {dag.py:3036} INFO - Sync 1 DAGs
[2025-03-27T16:56:55.442+0000] {logging_mixin.py:188} INFO - [2025-03-27T16:56:55.442+0000] {dag.py:3823} INFO - Setting next_dagrun for example_short_circuit_operator to 2025-03-26 00:00:00+00:00, run_after=2025-03-27 00:00:00+00:00
[2025-03-27T16:56:55.458+0000] {processor.py:183} INFO - Processing /home/airflow/.local/lib/python3.8/site-packages/airflow/example_dags/example_short_circuit_operator.py took 0.067 seconds
[2025-03-27T16:57:25.699+0000] {processor.py:161} INFO - Started process (PID=20521) to work on /home/airflow/.local/lib/python3.8/site-packages/airflow/example_dags/example_short_circuit_operator.py
[2025-03-27T16:57:25.700+0000] {processor.py:830} INFO - Processing file /home/airflow/.local/lib/python3.8/site-packages/airflow/example_dags/example_short_circuit_operator.py for tasks to queue
[2025-03-27T16:57:25.701+0000] {logging_mixin.py:188} INFO - [2025-03-27T16:57:25.700+0000] {dagbag.py:538} INFO - Filling up the DagBag from /home/airflow/.local/lib/python3.8/site-packages/airflow/example_dags/example_short_circuit_operator.py
[2025-03-27T16:57:25.708+0000] {processor.py:840} INFO - DAG(s) 'example_short_circuit_operator' retrieved from /home/airflow/.local/lib/python3.8/site-packages/airflow/example_dags/example_short_circuit_operator.py
[2025-03-27T16:57:25.729+0000] {logging_mixin.py:188} INFO - [2025-03-27T16:57:25.729+0000] {dag.py:3036} INFO - Sync 1 DAGs
[2025-03-27T16:57:25.750+0000] {logging_mixin.py:188} INFO - [2025-03-27T16:57:25.749+0000] {dag.py:3823} INFO - Setting next_dagrun for example_short_circuit_operator to 2025-03-26 00:00:00+00:00, run_after=2025-03-27 00:00:00+00:00
[2025-03-27T16:57:25.766+0000] {processor.py:183} INFO - Processing /home/airflow/.local/lib/python3.8/site-packages/airflow/example_dags/example_short_circuit_operator.py took 0.070 seconds
[2025-03-27T16:57:55.914+0000] {processor.py:161} INFO - Started process (PID=20773) to work on /home/airflow/.local/lib/python3.8/site-packages/airflow/example_dags/example_short_circuit_operator.py
[2025-03-27T16:57:55.915+0000] {processor.py:830} INFO - Processing file /home/airflow/.local/lib/python3.8/site-packages/airflow/example_dags/example_short_circuit_operator.py for tasks to queue
[2025-03-27T16:57:55.916+0000] {logging_mixin.py:188} INFO - [2025-03-27T16:57:55.916+0000] {dagbag.py:538} INFO - Filling up the DagBag from /home/airflow/.local/lib/python3.8/site-packages/airflow/example_dags/example_short_circuit_operator.py
[2025-03-27T16:57:55.923+0000] {processor.py:840} INFO - DAG(s) 'example_short_circuit_operator' retrieved from /home/airflow/.local/lib/python3.8/site-packages/airflow/example_dags/example_short_circuit_operator.py
[2025-03-27T16:57:55.946+0000] {logging_mixin.py:188} INFO - [2025-03-27T16:57:55.945+0000] {dag.py:3036} INFO - Sync 1 DAGs
[2025-03-27T16:57:55.967+0000] {logging_mixin.py:188} INFO - [2025-03-27T16:57:55.967+0000] {dag.py:3823} INFO - Setting next_dagrun for example_short_circuit_operator to 2025-03-26 00:00:00+00:00, run_after=2025-03-27 00:00:00+00:00
[2025-03-27T16:57:55.982+0000] {processor.py:183} INFO - Processing /home/airflow/.local/lib/python3.8/site-packages/airflow/example_dags/example_short_circuit_operator.py took 0.071 seconds
[2025-03-27T16:58:26.203+0000] {processor.py:161} INFO - Started process (PID=21025) to work on /home/airflow/.local/lib/python3.8/site-packages/airflow/example_dags/example_short_circuit_operator.py
[2025-03-27T16:58:26.204+0000] {processor.py:830} INFO - Processing file /home/airflow/.local/lib/python3.8/site-packages/airflow/example_dags/example_short_circuit_operator.py for tasks to queue
[2025-03-27T16:58:26.205+0000] {logging_mixin.py:188} INFO - [2025-03-27T16:58:26.205+0000] {dagbag.py:538} INFO - Filling up the DagBag from /home/airflow/.local/lib/python3.8/site-packages/airflow/example_dags/example_short_circuit_operator.py
[2025-03-27T16:58:26.213+0000] {processor.py:840} INFO - DAG(s) 'example_short_circuit_operator' retrieved from /home/airflow/.local/lib/python3.8/site-packages/airflow/example_dags/example_short_circuit_operator.py
[2025-03-27T16:58:26.235+0000] {logging_mixin.py:188} INFO - [2025-03-27T16:58:26.235+0000] {dag.py:3036} INFO - Sync 1 DAGs
[2025-03-27T16:58:26.259+0000] {logging_mixin.py:188} INFO - [2025-03-27T16:58:26.259+0000] {dag.py:3823} INFO - Setting next_dagrun for example_short_circuit_operator to 2025-03-26 00:00:00+00:00, run_after=2025-03-27 00:00:00+00:00
[2025-03-27T16:58:26.281+0000] {processor.py:183} INFO - Processing /home/airflow/.local/lib/python3.8/site-packages/airflow/example_dags/example_short_circuit_operator.py took 0.081 seconds
[2025-03-27T16:58:56.483+0000] {processor.py:161} INFO - Started process (PID=21276) to work on /home/airflow/.local/lib/python3.8/site-packages/airflow/example_dags/example_short_circuit_operator.py
[2025-03-27T16:58:56.484+0000] {processor.py:830} INFO - Processing file /home/airflow/.local/lib/python3.8/site-packages/airflow/example_dags/example_short_circuit_operator.py for tasks to queue
[2025-03-27T16:58:56.485+0000] {logging_mixin.py:188} INFO - [2025-03-27T16:58:56.484+0000] {dagbag.py:538} INFO - Filling up the DagBag from /home/airflow/.local/lib/python3.8/site-packages/airflow/example_dags/example_short_circuit_operator.py
[2025-03-27T16:58:56.491+0000] {processor.py:840} INFO - DAG(s) 'example_short_circuit_operator' retrieved from /home/airflow/.local/lib/python3.8/site-packages/airflow/example_dags/example_short_circuit_operator.py
[2025-03-27T16:58:56.513+0000] {logging_mixin.py:188} INFO - [2025-03-27T16:58:56.513+0000] {dag.py:3036} INFO - Sync 1 DAGs
[2025-03-27T16:58:56.533+0000] {logging_mixin.py:188} INFO - [2025-03-27T16:58:56.532+0000] {dag.py:3823} INFO - Setting next_dagrun for example_short_circuit_operator to 2025-03-26 00:00:00+00:00, run_after=2025-03-27 00:00:00+00:00
[2025-03-27T16:58:56.550+0000] {processor.py:183} INFO - Processing /home/airflow/.local/lib/python3.8/site-packages/airflow/example_dags/example_short_circuit_operator.py took 0.070 seconds
[2025-03-27T16:59:26.774+0000] {processor.py:161} INFO - Started process (PID=21529) to work on /home/airflow/.local/lib/python3.8/site-packages/airflow/example_dags/example_short_circuit_operator.py
[2025-03-27T16:59:26.775+0000] {processor.py:830} INFO - Processing file /home/airflow/.local/lib/python3.8/site-packages/airflow/example_dags/example_short_circuit_operator.py for tasks to queue
[2025-03-27T16:59:26.776+0000] {logging_mixin.py:188} INFO - [2025-03-27T16:59:26.776+0000] {dagbag.py:538} INFO - Filling up the DagBag from /home/airflow/.local/lib/python3.8/site-packages/airflow/example_dags/example_short_circuit_operator.py
[2025-03-27T16:59:26.782+0000] {processor.py:840} INFO - DAG(s) 'example_short_circuit_operator' retrieved from /home/airflow/.local/lib/python3.8/site-packages/airflow/example_dags/example_short_circuit_operator.py
[2025-03-27T16:59:26.803+0000] {logging_mixin.py:188} INFO - [2025-03-27T16:59:26.803+0000] {dag.py:3036} INFO - Sync 1 DAGs
[2025-03-27T16:59:26.822+0000] {logging_mixin.py:188} INFO - [2025-03-27T16:59:26.822+0000] {dag.py:3823} INFO - Setting next_dagrun for example_short_circuit_operator to 2025-03-26 00:00:00+00:00, run_after=2025-03-27 00:00:00+00:00
[2025-03-27T16:59:26.839+0000] {processor.py:183} INFO - Processing /home/airflow/.local/lib/python3.8/site-packages/airflow/example_dags/example_short_circuit_operator.py took 0.067 seconds
[2025-03-27T16:59:57.557+0000] {processor.py:161} INFO - Started process (PID=21779) to work on /home/airflow/.local/lib/python3.8/site-packages/airflow/example_dags/example_short_circuit_operator.py
[2025-03-27T16:59:57.559+0000] {processor.py:830} INFO - Processing file /home/airflow/.local/lib/python3.8/site-packages/airflow/example_dags/example_short_circuit_operator.py for tasks to queue
[2025-03-27T16:59:57.560+0000] {logging_mixin.py:188} INFO - [2025-03-27T16:59:57.559+0000] {dagbag.py:538} INFO - Filling up the DagBag from /home/airflow/.local/lib/python3.8/site-packages/airflow/example_dags/example_short_circuit_operator.py
[2025-03-27T16:59:57.570+0000] {processor.py:840} INFO - DAG(s) 'example_short_circuit_operator' retrieved from /home/airflow/.local/lib/python3.8/site-packages/airflow/example_dags/example_short_circuit_operator.py
[2025-03-27T16:59:57.601+0000] {logging_mixin.py:188} INFO - [2025-03-27T16:59:57.601+0000] {dag.py:3036} INFO - Sync 1 DAGs
[2025-03-27T16:59:57.640+0000] {logging_mixin.py:188} INFO - [2025-03-27T16:59:57.640+0000] {dag.py:3823} INFO - Setting next_dagrun for example_short_circuit_operator to 2025-03-26 00:00:00+00:00, run_after=2025-03-27 00:00:00+00:00
[2025-03-27T16:59:57.686+0000] {processor.py:183} INFO - Processing /home/airflow/.local/lib/python3.8/site-packages/airflow/example_dags/example_short_circuit_operator.py took 0.134 seconds
