[2025-03-27T16:27:01.709+0000] {processor.py:161} INFO - Started process (PID=348) to work on /home/airflow/.local/lib/python3.8/site-packages/airflow/example_dags/example_latest_only_with_trigger.py
[2025-03-27T16:27:01.710+0000] {processor.py:830} INFO - Processing file /home/airflow/.local/lib/python3.8/site-packages/airflow/example_dags/example_latest_only_with_trigger.py for tasks to queue
[2025-03-27T16:27:01.711+0000] {logging_mixin.py:188} INFO - [2025-03-27T16:27:01.711+0000] {dagbag.py:538} INFO - Filling up the DagBag from /home/airflow/.local/lib/python3.8/site-packages/airflow/example_dags/example_latest_only_with_trigger.py
[2025-03-27T16:27:01.718+0000] {processor.py:840} INFO - DAG(s) 'latest_only_with_trigger' retrieved from /home/airflow/.local/lib/python3.8/site-packages/airflow/example_dags/example_latest_only_with_trigger.py
[2025-03-27T16:27:01.731+0000] {logging_mixin.py:188} INFO - [2025-03-27T16:27:01.731+0000] {dag.py:3036} INFO - Sync 1 DAGs
[2025-03-27T16:27:01.756+0000] {logging_mixin.py:188} INFO - [2025-03-27T16:27:01.756+0000] {dag.py:3823} INFO - Setting next_dagrun for latest_only_with_trigger to 2025-03-27 12:00:00+00:00, run_after=2025-03-27 16:00:00+00:00
[2025-03-27T16:27:01.776+0000] {processor.py:183} INFO - Processing /home/airflow/.local/lib/python3.8/site-packages/airflow/example_dags/example_latest_only_with_trigger.py took 0.071 seconds
[2025-03-27T16:27:32.601+0000] {processor.py:161} INFO - Started process (PID=593) to work on /home/airflow/.local/lib/python3.8/site-packages/airflow/example_dags/example_latest_only_with_trigger.py
[2025-03-27T16:27:32.602+0000] {processor.py:830} INFO - Processing file /home/airflow/.local/lib/python3.8/site-packages/airflow/example_dags/example_latest_only_with_trigger.py for tasks to queue
[2025-03-27T16:27:32.603+0000] {logging_mixin.py:188} INFO - [2025-03-27T16:27:32.603+0000] {dagbag.py:538} INFO - Filling up the DagBag from /home/airflow/.local/lib/python3.8/site-packages/airflow/example_dags/example_latest_only_with_trigger.py
[2025-03-27T16:27:32.608+0000] {processor.py:840} INFO - DAG(s) 'latest_only_with_trigger' retrieved from /home/airflow/.local/lib/python3.8/site-packages/airflow/example_dags/example_latest_only_with_trigger.py
[2025-03-27T16:27:32.703+0000] {logging_mixin.py:188} INFO - [2025-03-27T16:27:32.702+0000] {dag.py:3036} INFO - Sync 1 DAGs
[2025-03-27T16:27:32.722+0000] {logging_mixin.py:188} INFO - [2025-03-27T16:27:32.722+0000] {dag.py:3823} INFO - Setting next_dagrun for latest_only_with_trigger to 2025-03-27 12:00:00+00:00, run_after=2025-03-27 16:00:00+00:00
[2025-03-27T16:27:32.738+0000] {processor.py:183} INFO - Processing /home/airflow/.local/lib/python3.8/site-packages/airflow/example_dags/example_latest_only_with_trigger.py took 0.139 seconds
[2025-03-27T16:28:03.409+0000] {processor.py:161} INFO - Started process (PID=846) to work on /home/airflow/.local/lib/python3.8/site-packages/airflow/example_dags/example_latest_only_with_trigger.py
[2025-03-27T16:28:03.410+0000] {processor.py:830} INFO - Processing file /home/airflow/.local/lib/python3.8/site-packages/airflow/example_dags/example_latest_only_with_trigger.py for tasks to queue
[2025-03-27T16:28:03.412+0000] {logging_mixin.py:188} INFO - [2025-03-27T16:28:03.411+0000] {dagbag.py:538} INFO - Filling up the DagBag from /home/airflow/.local/lib/python3.8/site-packages/airflow/example_dags/example_latest_only_with_trigger.py
[2025-03-27T16:28:03.418+0000] {processor.py:840} INFO - DAG(s) 'latest_only_with_trigger' retrieved from /home/airflow/.local/lib/python3.8/site-packages/airflow/example_dags/example_latest_only_with_trigger.py
[2025-03-27T16:28:03.439+0000] {logging_mixin.py:188} INFO - [2025-03-27T16:28:03.438+0000] {dag.py:3036} INFO - Sync 1 DAGs
[2025-03-27T16:28:03.459+0000] {logging_mixin.py:188} INFO - [2025-03-27T16:28:03.459+0000] {dag.py:3823} INFO - Setting next_dagrun for latest_only_with_trigger to 2025-03-27 12:00:00+00:00, run_after=2025-03-27 16:00:00+00:00
[2025-03-27T16:28:03.482+0000] {processor.py:183} INFO - Processing /home/airflow/.local/lib/python3.8/site-packages/airflow/example_dags/example_latest_only_with_trigger.py took 0.076 seconds
[2025-03-27T16:28:34.250+0000] {processor.py:161} INFO - Started process (PID=1095) to work on /home/airflow/.local/lib/python3.8/site-packages/airflow/example_dags/example_latest_only_with_trigger.py
[2025-03-27T16:28:34.251+0000] {processor.py:830} INFO - Processing file /home/airflow/.local/lib/python3.8/site-packages/airflow/example_dags/example_latest_only_with_trigger.py for tasks to queue
[2025-03-27T16:28:34.252+0000] {logging_mixin.py:188} INFO - [2025-03-27T16:28:34.252+0000] {dagbag.py:538} INFO - Filling up the DagBag from /home/airflow/.local/lib/python3.8/site-packages/airflow/example_dags/example_latest_only_with_trigger.py
[2025-03-27T16:28:34.257+0000] {processor.py:840} INFO - DAG(s) 'latest_only_with_trigger' retrieved from /home/airflow/.local/lib/python3.8/site-packages/airflow/example_dags/example_latest_only_with_trigger.py
[2025-03-27T16:28:34.276+0000] {logging_mixin.py:188} INFO - [2025-03-27T16:28:34.276+0000] {dag.py:3036} INFO - Sync 1 DAGs
[2025-03-27T16:28:34.297+0000] {logging_mixin.py:188} INFO - [2025-03-27T16:28:34.297+0000] {dag.py:3823} INFO - Setting next_dagrun for latest_only_with_trigger to 2025-03-27 12:00:00+00:00, run_after=2025-03-27 16:00:00+00:00
[2025-03-27T16:28:34.314+0000] {processor.py:183} INFO - Processing /home/airflow/.local/lib/python3.8/site-packages/airflow/example_dags/example_latest_only_with_trigger.py took 0.067 seconds
[2025-03-27T16:29:04.810+0000] {processor.py:161} INFO - Started process (PID=1342) to work on /home/airflow/.local/lib/python3.8/site-packages/airflow/example_dags/example_latest_only_with_trigger.py
[2025-03-27T16:29:04.811+0000] {processor.py:830} INFO - Processing file /home/airflow/.local/lib/python3.8/site-packages/airflow/example_dags/example_latest_only_with_trigger.py for tasks to queue
[2025-03-27T16:29:04.811+0000] {logging_mixin.py:188} INFO - [2025-03-27T16:29:04.811+0000] {dagbag.py:538} INFO - Filling up the DagBag from /home/airflow/.local/lib/python3.8/site-packages/airflow/example_dags/example_latest_only_with_trigger.py
[2025-03-27T16:29:04.817+0000] {processor.py:840} INFO - DAG(s) 'latest_only_with_trigger' retrieved from /home/airflow/.local/lib/python3.8/site-packages/airflow/example_dags/example_latest_only_with_trigger.py
[2025-03-27T16:29:04.836+0000] {logging_mixin.py:188} INFO - [2025-03-27T16:29:04.835+0000] {dag.py:3036} INFO - Sync 1 DAGs
[2025-03-27T16:29:04.855+0000] {logging_mixin.py:188} INFO - [2025-03-27T16:29:04.854+0000] {dag.py:3823} INFO - Setting next_dagrun for latest_only_with_trigger to 2025-03-27 12:00:00+00:00, run_after=2025-03-27 16:00:00+00:00
[2025-03-27T16:29:04.870+0000] {processor.py:183} INFO - Processing /home/airflow/.local/lib/python3.8/site-packages/airflow/example_dags/example_latest_only_with_trigger.py took 0.063 seconds
[2025-03-27T16:29:35.380+0000] {processor.py:161} INFO - Started process (PID=1587) to work on /home/airflow/.local/lib/python3.8/site-packages/airflow/example_dags/example_latest_only_with_trigger.py
[2025-03-27T16:29:35.381+0000] {processor.py:830} INFO - Processing file /home/airflow/.local/lib/python3.8/site-packages/airflow/example_dags/example_latest_only_with_trigger.py for tasks to queue
[2025-03-27T16:29:35.382+0000] {logging_mixin.py:188} INFO - [2025-03-27T16:29:35.381+0000] {dagbag.py:538} INFO - Filling up the DagBag from /home/airflow/.local/lib/python3.8/site-packages/airflow/example_dags/example_latest_only_with_trigger.py
[2025-03-27T16:29:35.387+0000] {processor.py:840} INFO - DAG(s) 'latest_only_with_trigger' retrieved from /home/airflow/.local/lib/python3.8/site-packages/airflow/example_dags/example_latest_only_with_trigger.py
[2025-03-27T16:29:35.405+0000] {logging_mixin.py:188} INFO - [2025-03-27T16:29:35.405+0000] {dag.py:3036} INFO - Sync 1 DAGs
[2025-03-27T16:29:35.425+0000] {logging_mixin.py:188} INFO - [2025-03-27T16:29:35.425+0000] {dag.py:3823} INFO - Setting next_dagrun for latest_only_with_trigger to 2025-03-27 12:00:00+00:00, run_after=2025-03-27 16:00:00+00:00
[2025-03-27T16:29:35.443+0000] {processor.py:183} INFO - Processing /home/airflow/.local/lib/python3.8/site-packages/airflow/example_dags/example_latest_only_with_trigger.py took 0.065 seconds
[2025-03-27T16:30:05.939+0000] {processor.py:161} INFO - Started process (PID=1836) to work on /home/airflow/.local/lib/python3.8/site-packages/airflow/example_dags/example_latest_only_with_trigger.py
[2025-03-27T16:30:05.940+0000] {processor.py:830} INFO - Processing file /home/airflow/.local/lib/python3.8/site-packages/airflow/example_dags/example_latest_only_with_trigger.py for tasks to queue
[2025-03-27T16:30:05.941+0000] {logging_mixin.py:188} INFO - [2025-03-27T16:30:05.941+0000] {dagbag.py:538} INFO - Filling up the DagBag from /home/airflow/.local/lib/python3.8/site-packages/airflow/example_dags/example_latest_only_with_trigger.py
[2025-03-27T16:30:05.946+0000] {processor.py:840} INFO - DAG(s) 'latest_only_with_trigger' retrieved from /home/airflow/.local/lib/python3.8/site-packages/airflow/example_dags/example_latest_only_with_trigger.py
[2025-03-27T16:30:05.965+0000] {logging_mixin.py:188} INFO - [2025-03-27T16:30:05.965+0000] {dag.py:3036} INFO - Sync 1 DAGs
[2025-03-27T16:30:05.985+0000] {logging_mixin.py:188} INFO - [2025-03-27T16:30:05.985+0000] {dag.py:3823} INFO - Setting next_dagrun for latest_only_with_trigger to 2025-03-27 12:00:00+00:00, run_after=2025-03-27 16:00:00+00:00
[2025-03-27T16:30:06.000+0000] {processor.py:183} INFO - Processing /home/airflow/.local/lib/python3.8/site-packages/airflow/example_dags/example_latest_only_with_trigger.py took 0.064 seconds
[2025-03-27T16:30:36.390+0000] {processor.py:161} INFO - Started process (PID=2081) to work on /home/airflow/.local/lib/python3.8/site-packages/airflow/example_dags/example_latest_only_with_trigger.py
[2025-03-27T16:30:36.391+0000] {processor.py:830} INFO - Processing file /home/airflow/.local/lib/python3.8/site-packages/airflow/example_dags/example_latest_only_with_trigger.py for tasks to queue
[2025-03-27T16:30:36.392+0000] {logging_mixin.py:188} INFO - [2025-03-27T16:30:36.391+0000] {dagbag.py:538} INFO - Filling up the DagBag from /home/airflow/.local/lib/python3.8/site-packages/airflow/example_dags/example_latest_only_with_trigger.py
[2025-03-27T16:30:36.397+0000] {processor.py:840} INFO - DAG(s) 'latest_only_with_trigger' retrieved from /home/airflow/.local/lib/python3.8/site-packages/airflow/example_dags/example_latest_only_with_trigger.py
[2025-03-27T16:30:36.415+0000] {logging_mixin.py:188} INFO - [2025-03-27T16:30:36.415+0000] {dag.py:3036} INFO - Sync 1 DAGs
[2025-03-27T16:30:36.436+0000] {logging_mixin.py:188} INFO - [2025-03-27T16:30:36.436+0000] {dag.py:3823} INFO - Setting next_dagrun for latest_only_with_trigger to 2025-03-27 12:00:00+00:00, run_after=2025-03-27 16:00:00+00:00
[2025-03-27T16:30:36.452+0000] {processor.py:183} INFO - Processing /home/airflow/.local/lib/python3.8/site-packages/airflow/example_dags/example_latest_only_with_trigger.py took 0.064 seconds
[2025-03-27T16:31:06.975+0000] {processor.py:161} INFO - Started process (PID=2330) to work on /home/airflow/.local/lib/python3.8/site-packages/airflow/example_dags/example_latest_only_with_trigger.py
[2025-03-27T16:31:06.976+0000] {processor.py:830} INFO - Processing file /home/airflow/.local/lib/python3.8/site-packages/airflow/example_dags/example_latest_only_with_trigger.py for tasks to queue
[2025-03-27T16:31:06.977+0000] {logging_mixin.py:188} INFO - [2025-03-27T16:31:06.977+0000] {dagbag.py:538} INFO - Filling up the DagBag from /home/airflow/.local/lib/python3.8/site-packages/airflow/example_dags/example_latest_only_with_trigger.py
[2025-03-27T16:31:06.982+0000] {processor.py:840} INFO - DAG(s) 'latest_only_with_trigger' retrieved from /home/airflow/.local/lib/python3.8/site-packages/airflow/example_dags/example_latest_only_with_trigger.py
[2025-03-27T16:31:07.000+0000] {logging_mixin.py:188} INFO - [2025-03-27T16:31:06.999+0000] {dag.py:3036} INFO - Sync 1 DAGs
[2025-03-27T16:31:07.020+0000] {logging_mixin.py:188} INFO - [2025-03-27T16:31:07.019+0000] {dag.py:3823} INFO - Setting next_dagrun for latest_only_with_trigger to 2025-03-27 12:00:00+00:00, run_after=2025-03-27 16:00:00+00:00
[2025-03-27T16:31:07.035+0000] {processor.py:183} INFO - Processing /home/airflow/.local/lib/python3.8/site-packages/airflow/example_dags/example_latest_only_with_trigger.py took 0.063 seconds
[2025-03-27T16:31:37.489+0000] {processor.py:161} INFO - Started process (PID=2577) to work on /home/airflow/.local/lib/python3.8/site-packages/airflow/example_dags/example_latest_only_with_trigger.py
[2025-03-27T16:31:37.490+0000] {processor.py:830} INFO - Processing file /home/airflow/.local/lib/python3.8/site-packages/airflow/example_dags/example_latest_only_with_trigger.py for tasks to queue
[2025-03-27T16:31:37.491+0000] {logging_mixin.py:188} INFO - [2025-03-27T16:31:37.491+0000] {dagbag.py:538} INFO - Filling up the DagBag from /home/airflow/.local/lib/python3.8/site-packages/airflow/example_dags/example_latest_only_with_trigger.py
[2025-03-27T16:31:37.497+0000] {processor.py:840} INFO - DAG(s) 'latest_only_with_trigger' retrieved from /home/airflow/.local/lib/python3.8/site-packages/airflow/example_dags/example_latest_only_with_trigger.py
[2025-03-27T16:31:37.517+0000] {logging_mixin.py:188} INFO - [2025-03-27T16:31:37.517+0000] {dag.py:3036} INFO - Sync 1 DAGs
[2025-03-27T16:31:37.538+0000] {logging_mixin.py:188} INFO - [2025-03-27T16:31:37.537+0000] {dag.py:3823} INFO - Setting next_dagrun for latest_only_with_trigger to 2025-03-27 12:00:00+00:00, run_after=2025-03-27 16:00:00+00:00
[2025-03-27T16:31:37.557+0000] {processor.py:183} INFO - Processing /home/airflow/.local/lib/python3.8/site-packages/airflow/example_dags/example_latest_only_with_trigger.py took 0.071 seconds
[2025-03-27T16:32:07.597+0000] {processor.py:161} INFO - Started process (PID=2824) to work on /home/airflow/.local/lib/python3.8/site-packages/airflow/example_dags/example_latest_only_with_trigger.py
[2025-03-27T16:32:07.598+0000] {processor.py:830} INFO - Processing file /home/airflow/.local/lib/python3.8/site-packages/airflow/example_dags/example_latest_only_with_trigger.py for tasks to queue
[2025-03-27T16:32:07.599+0000] {logging_mixin.py:188} INFO - [2025-03-27T16:32:07.598+0000] {dagbag.py:538} INFO - Filling up the DagBag from /home/airflow/.local/lib/python3.8/site-packages/airflow/example_dags/example_latest_only_with_trigger.py
[2025-03-27T16:32:07.604+0000] {processor.py:840} INFO - DAG(s) 'latest_only_with_trigger' retrieved from /home/airflow/.local/lib/python3.8/site-packages/airflow/example_dags/example_latest_only_with_trigger.py
[2025-03-27T16:32:07.626+0000] {logging_mixin.py:188} INFO - [2025-03-27T16:32:07.625+0000] {dag.py:3036} INFO - Sync 1 DAGs
[2025-03-27T16:32:07.650+0000] {logging_mixin.py:188} INFO - [2025-03-27T16:32:07.650+0000] {dag.py:3823} INFO - Setting next_dagrun for latest_only_with_trigger to 2025-03-27 12:00:00+00:00, run_after=2025-03-27 16:00:00+00:00
[2025-03-27T16:32:07.671+0000] {processor.py:183} INFO - Processing /home/airflow/.local/lib/python3.8/site-packages/airflow/example_dags/example_latest_only_with_trigger.py took 0.077 seconds
[2025-03-27T16:32:39.060+0000] {processor.py:161} INFO - Started process (PID=3071) to work on /home/airflow/.local/lib/python3.8/site-packages/airflow/example_dags/example_latest_only_with_trigger.py
[2025-03-27T16:32:39.062+0000] {processor.py:830} INFO - Processing file /home/airflow/.local/lib/python3.8/site-packages/airflow/example_dags/example_latest_only_with_trigger.py for tasks to queue
[2025-03-27T16:32:39.064+0000] {logging_mixin.py:188} INFO - [2025-03-27T16:32:39.063+0000] {dagbag.py:538} INFO - Filling up the DagBag from /home/airflow/.local/lib/python3.8/site-packages/airflow/example_dags/example_latest_only_with_trigger.py
[2025-03-27T16:32:39.075+0000] {processor.py:840} INFO - DAG(s) 'latest_only_with_trigger' retrieved from /home/airflow/.local/lib/python3.8/site-packages/airflow/example_dags/example_latest_only_with_trigger.py
[2025-03-27T16:32:39.115+0000] {logging_mixin.py:188} INFO - [2025-03-27T16:32:39.114+0000] {dag.py:3036} INFO - Sync 1 DAGs
[2025-03-27T16:32:39.155+0000] {logging_mixin.py:188} INFO - [2025-03-27T16:32:39.155+0000] {dag.py:3823} INFO - Setting next_dagrun for latest_only_with_trigger to 2025-03-27 12:00:00+00:00, run_after=2025-03-27 16:00:00+00:00
[2025-03-27T16:32:39.206+0000] {processor.py:183} INFO - Processing /home/airflow/.local/lib/python3.8/site-packages/airflow/example_dags/example_latest_only_with_trigger.py took 0.151 seconds
[2025-03-27T16:33:09.362+0000] {processor.py:161} INFO - Started process (PID=3316) to work on /home/airflow/.local/lib/python3.8/site-packages/airflow/example_dags/example_latest_only_with_trigger.py
[2025-03-27T16:33:09.363+0000] {processor.py:830} INFO - Processing file /home/airflow/.local/lib/python3.8/site-packages/airflow/example_dags/example_latest_only_with_trigger.py for tasks to queue
[2025-03-27T16:33:09.364+0000] {logging_mixin.py:188} INFO - [2025-03-27T16:33:09.364+0000] {dagbag.py:538} INFO - Filling up the DagBag from /home/airflow/.local/lib/python3.8/site-packages/airflow/example_dags/example_latest_only_with_trigger.py
[2025-03-27T16:33:09.369+0000] {processor.py:840} INFO - DAG(s) 'latest_only_with_trigger' retrieved from /home/airflow/.local/lib/python3.8/site-packages/airflow/example_dags/example_latest_only_with_trigger.py
[2025-03-27T16:33:09.391+0000] {logging_mixin.py:188} INFO - [2025-03-27T16:33:09.390+0000] {dag.py:3036} INFO - Sync 1 DAGs
[2025-03-27T16:33:09.414+0000] {logging_mixin.py:188} INFO - [2025-03-27T16:33:09.413+0000] {dag.py:3823} INFO - Setting next_dagrun for latest_only_with_trigger to 2025-03-27 12:00:00+00:00, run_after=2025-03-27 16:00:00+00:00
[2025-03-27T16:33:09.432+0000] {processor.py:183} INFO - Processing /home/airflow/.local/lib/python3.8/site-packages/airflow/example_dags/example_latest_only_with_trigger.py took 0.072 seconds
[2025-03-27T16:33:39.525+0000] {processor.py:161} INFO - Started process (PID=3564) to work on /home/airflow/.local/lib/python3.8/site-packages/airflow/example_dags/example_latest_only_with_trigger.py
[2025-03-27T16:33:39.526+0000] {processor.py:830} INFO - Processing file /home/airflow/.local/lib/python3.8/site-packages/airflow/example_dags/example_latest_only_with_trigger.py for tasks to queue
[2025-03-27T16:33:39.527+0000] {logging_mixin.py:188} INFO - [2025-03-27T16:33:39.527+0000] {dagbag.py:538} INFO - Filling up the DagBag from /home/airflow/.local/lib/python3.8/site-packages/airflow/example_dags/example_latest_only_with_trigger.py
[2025-03-27T16:33:39.532+0000] {processor.py:840} INFO - DAG(s) 'latest_only_with_trigger' retrieved from /home/airflow/.local/lib/python3.8/site-packages/airflow/example_dags/example_latest_only_with_trigger.py
[2025-03-27T16:33:39.552+0000] {logging_mixin.py:188} INFO - [2025-03-27T16:33:39.552+0000] {dag.py:3036} INFO - Sync 1 DAGs
[2025-03-27T16:33:39.574+0000] {logging_mixin.py:188} INFO - [2025-03-27T16:33:39.573+0000] {dag.py:3823} INFO - Setting next_dagrun for latest_only_with_trigger to 2025-03-27 12:00:00+00:00, run_after=2025-03-27 16:00:00+00:00
[2025-03-27T16:33:39.590+0000] {processor.py:183} INFO - Processing /home/airflow/.local/lib/python3.8/site-packages/airflow/example_dags/example_latest_only_with_trigger.py took 0.068 seconds
[2025-03-27T16:34:09.955+0000] {processor.py:161} INFO - Started process (PID=3810) to work on /home/airflow/.local/lib/python3.8/site-packages/airflow/example_dags/example_latest_only_with_trigger.py
[2025-03-27T16:34:09.956+0000] {processor.py:830} INFO - Processing file /home/airflow/.local/lib/python3.8/site-packages/airflow/example_dags/example_latest_only_with_trigger.py for tasks to queue
[2025-03-27T16:34:09.957+0000] {logging_mixin.py:188} INFO - [2025-03-27T16:34:09.956+0000] {dagbag.py:538} INFO - Filling up the DagBag from /home/airflow/.local/lib/python3.8/site-packages/airflow/example_dags/example_latest_only_with_trigger.py
[2025-03-27T16:34:09.961+0000] {processor.py:840} INFO - DAG(s) 'latest_only_with_trigger' retrieved from /home/airflow/.local/lib/python3.8/site-packages/airflow/example_dags/example_latest_only_with_trigger.py
[2025-03-27T16:34:09.981+0000] {logging_mixin.py:188} INFO - [2025-03-27T16:34:09.981+0000] {dag.py:3036} INFO - Sync 1 DAGs
[2025-03-27T16:34:10.002+0000] {logging_mixin.py:188} INFO - [2025-03-27T16:34:10.001+0000] {dag.py:3823} INFO - Setting next_dagrun for latest_only_with_trigger to 2025-03-27 12:00:00+00:00, run_after=2025-03-27 16:00:00+00:00
[2025-03-27T16:34:10.018+0000] {processor.py:183} INFO - Processing /home/airflow/.local/lib/python3.8/site-packages/airflow/example_dags/example_latest_only_with_trigger.py took 0.066 seconds
[2025-03-27T16:34:40.372+0000] {processor.py:161} INFO - Started process (PID=4057) to work on /home/airflow/.local/lib/python3.8/site-packages/airflow/example_dags/example_latest_only_with_trigger.py
[2025-03-27T16:34:40.373+0000] {processor.py:830} INFO - Processing file /home/airflow/.local/lib/python3.8/site-packages/airflow/example_dags/example_latest_only_with_trigger.py for tasks to queue
[2025-03-27T16:34:40.374+0000] {logging_mixin.py:188} INFO - [2025-03-27T16:34:40.374+0000] {dagbag.py:538} INFO - Filling up the DagBag from /home/airflow/.local/lib/python3.8/site-packages/airflow/example_dags/example_latest_only_with_trigger.py
[2025-03-27T16:34:40.379+0000] {processor.py:840} INFO - DAG(s) 'latest_only_with_trigger' retrieved from /home/airflow/.local/lib/python3.8/site-packages/airflow/example_dags/example_latest_only_with_trigger.py
[2025-03-27T16:34:40.399+0000] {logging_mixin.py:188} INFO - [2025-03-27T16:34:40.399+0000] {dag.py:3036} INFO - Sync 1 DAGs
[2025-03-27T16:34:40.420+0000] {logging_mixin.py:188} INFO - [2025-03-27T16:34:40.420+0000] {dag.py:3823} INFO - Setting next_dagrun for latest_only_with_trigger to 2025-03-27 12:00:00+00:00, run_after=2025-03-27 16:00:00+00:00
[2025-03-27T16:34:40.436+0000] {processor.py:183} INFO - Processing /home/airflow/.local/lib/python3.8/site-packages/airflow/example_dags/example_latest_only_with_trigger.py took 0.067 seconds
[2025-03-27T16:35:10.773+0000] {processor.py:161} INFO - Started process (PID=4304) to work on /home/airflow/.local/lib/python3.8/site-packages/airflow/example_dags/example_latest_only_with_trigger.py
[2025-03-27T16:35:10.774+0000] {processor.py:830} INFO - Processing file /home/airflow/.local/lib/python3.8/site-packages/airflow/example_dags/example_latest_only_with_trigger.py for tasks to queue
[2025-03-27T16:35:10.776+0000] {logging_mixin.py:188} INFO - [2025-03-27T16:35:10.775+0000] {dagbag.py:538} INFO - Filling up the DagBag from /home/airflow/.local/lib/python3.8/site-packages/airflow/example_dags/example_latest_only_with_trigger.py
[2025-03-27T16:35:10.781+0000] {processor.py:840} INFO - DAG(s) 'latest_only_with_trigger' retrieved from /home/airflow/.local/lib/python3.8/site-packages/airflow/example_dags/example_latest_only_with_trigger.py
[2025-03-27T16:35:10.803+0000] {logging_mixin.py:188} INFO - [2025-03-27T16:35:10.803+0000] {dag.py:3036} INFO - Sync 1 DAGs
[2025-03-27T16:35:10.824+0000] {logging_mixin.py:188} INFO - [2025-03-27T16:35:10.824+0000] {dag.py:3823} INFO - Setting next_dagrun for latest_only_with_trigger to 2025-03-27 12:00:00+00:00, run_after=2025-03-27 16:00:00+00:00
[2025-03-27T16:35:10.842+0000] {processor.py:183} INFO - Processing /home/airflow/.local/lib/python3.8/site-packages/airflow/example_dags/example_latest_only_with_trigger.py took 0.072 seconds
[2025-03-27T16:35:41.937+0000] {processor.py:161} INFO - Started process (PID=4553) to work on /home/airflow/.local/lib/python3.8/site-packages/airflow/example_dags/example_latest_only_with_trigger.py
[2025-03-27T16:35:41.938+0000] {processor.py:830} INFO - Processing file /home/airflow/.local/lib/python3.8/site-packages/airflow/example_dags/example_latest_only_with_trigger.py for tasks to queue
[2025-03-27T16:35:41.939+0000] {logging_mixin.py:188} INFO - [2025-03-27T16:35:41.939+0000] {dagbag.py:538} INFO - Filling up the DagBag from /home/airflow/.local/lib/python3.8/site-packages/airflow/example_dags/example_latest_only_with_trigger.py
[2025-03-27T16:35:41.947+0000] {processor.py:840} INFO - DAG(s) 'latest_only_with_trigger' retrieved from /home/airflow/.local/lib/python3.8/site-packages/airflow/example_dags/example_latest_only_with_trigger.py
[2025-03-27T16:35:41.971+0000] {logging_mixin.py:188} INFO - [2025-03-27T16:35:41.970+0000] {dag.py:3036} INFO - Sync 1 DAGs
[2025-03-27T16:35:41.998+0000] {logging_mixin.py:188} INFO - [2025-03-27T16:35:41.998+0000] {dag.py:3823} INFO - Setting next_dagrun for latest_only_with_trigger to 2025-03-27 12:00:00+00:00, run_after=2025-03-27 16:00:00+00:00
[2025-03-27T16:35:42.019+0000] {processor.py:183} INFO - Processing /home/airflow/.local/lib/python3.8/site-packages/airflow/example_dags/example_latest_only_with_trigger.py took 0.086 seconds
[2025-03-27T16:36:12.653+0000] {processor.py:161} INFO - Started process (PID=4798) to work on /home/airflow/.local/lib/python3.8/site-packages/airflow/example_dags/example_latest_only_with_trigger.py
[2025-03-27T16:36:12.654+0000] {processor.py:830} INFO - Processing file /home/airflow/.local/lib/python3.8/site-packages/airflow/example_dags/example_latest_only_with_trigger.py for tasks to queue
[2025-03-27T16:36:12.655+0000] {logging_mixin.py:188} INFO - [2025-03-27T16:36:12.655+0000] {dagbag.py:538} INFO - Filling up the DagBag from /home/airflow/.local/lib/python3.8/site-packages/airflow/example_dags/example_latest_only_with_trigger.py
[2025-03-27T16:36:12.661+0000] {processor.py:840} INFO - DAG(s) 'latest_only_with_trigger' retrieved from /home/airflow/.local/lib/python3.8/site-packages/airflow/example_dags/example_latest_only_with_trigger.py
[2025-03-27T16:36:12.680+0000] {logging_mixin.py:188} INFO - [2025-03-27T16:36:12.680+0000] {dag.py:3036} INFO - Sync 1 DAGs
[2025-03-27T16:36:12.702+0000] {logging_mixin.py:188} INFO - [2025-03-27T16:36:12.701+0000] {dag.py:3823} INFO - Setting next_dagrun for latest_only_with_trigger to 2025-03-27 12:00:00+00:00, run_after=2025-03-27 16:00:00+00:00
[2025-03-27T16:36:12.720+0000] {processor.py:183} INFO - Processing /home/airflow/.local/lib/python3.8/site-packages/airflow/example_dags/example_latest_only_with_trigger.py took 0.070 seconds
[2025-03-27T16:36:43.108+0000] {processor.py:161} INFO - Started process (PID=5045) to work on /home/airflow/.local/lib/python3.8/site-packages/airflow/example_dags/example_latest_only_with_trigger.py
[2025-03-27T16:36:43.109+0000] {processor.py:830} INFO - Processing file /home/airflow/.local/lib/python3.8/site-packages/airflow/example_dags/example_latest_only_with_trigger.py for tasks to queue
[2025-03-27T16:36:43.110+0000] {logging_mixin.py:188} INFO - [2025-03-27T16:36:43.110+0000] {dagbag.py:538} INFO - Filling up the DagBag from /home/airflow/.local/lib/python3.8/site-packages/airflow/example_dags/example_latest_only_with_trigger.py
[2025-03-27T16:36:43.115+0000] {processor.py:840} INFO - DAG(s) 'latest_only_with_trigger' retrieved from /home/airflow/.local/lib/python3.8/site-packages/airflow/example_dags/example_latest_only_with_trigger.py
[2025-03-27T16:36:43.136+0000] {logging_mixin.py:188} INFO - [2025-03-27T16:36:43.135+0000] {dag.py:3036} INFO - Sync 1 DAGs
[2025-03-27T16:36:43.156+0000] {logging_mixin.py:188} INFO - [2025-03-27T16:36:43.156+0000] {dag.py:3823} INFO - Setting next_dagrun for latest_only_with_trigger to 2025-03-27 12:00:00+00:00, run_after=2025-03-27 16:00:00+00:00
[2025-03-27T16:36:43.173+0000] {processor.py:183} INFO - Processing /home/airflow/.local/lib/python3.8/site-packages/airflow/example_dags/example_latest_only_with_trigger.py took 0.068 seconds
[2025-03-27T16:37:13.996+0000] {processor.py:161} INFO - Started process (PID=5299) to work on /home/airflow/.local/lib/python3.8/site-packages/airflow/example_dags/example_latest_only_with_trigger.py
[2025-03-27T16:37:13.997+0000] {processor.py:830} INFO - Processing file /home/airflow/.local/lib/python3.8/site-packages/airflow/example_dags/example_latest_only_with_trigger.py for tasks to queue
[2025-03-27T16:37:13.998+0000] {logging_mixin.py:188} INFO - [2025-03-27T16:37:13.998+0000] {dagbag.py:538} INFO - Filling up the DagBag from /home/airflow/.local/lib/python3.8/site-packages/airflow/example_dags/example_latest_only_with_trigger.py
[2025-03-27T16:37:14.004+0000] {processor.py:840} INFO - DAG(s) 'latest_only_with_trigger' retrieved from /home/airflow/.local/lib/python3.8/site-packages/airflow/example_dags/example_latest_only_with_trigger.py
[2025-03-27T16:37:14.022+0000] {logging_mixin.py:188} INFO - [2025-03-27T16:37:14.022+0000] {dag.py:3036} INFO - Sync 1 DAGs
[2025-03-27T16:37:14.042+0000] {logging_mixin.py:188} INFO - [2025-03-27T16:37:14.042+0000] {dag.py:3823} INFO - Setting next_dagrun for latest_only_with_trigger to 2025-03-27 12:00:00+00:00, run_after=2025-03-27 16:00:00+00:00
[2025-03-27T16:37:14.058+0000] {processor.py:183} INFO - Processing /home/airflow/.local/lib/python3.8/site-packages/airflow/example_dags/example_latest_only_with_trigger.py took 0.065 seconds
[2025-03-27T16:37:44.102+0000] {processor.py:161} INFO - Started process (PID=5551) to work on /home/airflow/.local/lib/python3.8/site-packages/airflow/example_dags/example_latest_only_with_trigger.py
[2025-03-27T16:37:44.103+0000] {processor.py:830} INFO - Processing file /home/airflow/.local/lib/python3.8/site-packages/airflow/example_dags/example_latest_only_with_trigger.py for tasks to queue
[2025-03-27T16:37:44.104+0000] {logging_mixin.py:188} INFO - [2025-03-27T16:37:44.104+0000] {dagbag.py:538} INFO - Filling up the DagBag from /home/airflow/.local/lib/python3.8/site-packages/airflow/example_dags/example_latest_only_with_trigger.py
[2025-03-27T16:37:44.109+0000] {processor.py:840} INFO - DAG(s) 'latest_only_with_trigger' retrieved from /home/airflow/.local/lib/python3.8/site-packages/airflow/example_dags/example_latest_only_with_trigger.py
[2025-03-27T16:37:44.128+0000] {logging_mixin.py:188} INFO - [2025-03-27T16:37:44.128+0000] {dag.py:3036} INFO - Sync 1 DAGs
[2025-03-27T16:37:44.147+0000] {logging_mixin.py:188} INFO - [2025-03-27T16:37:44.147+0000] {dag.py:3823} INFO - Setting next_dagrun for latest_only_with_trigger to 2025-03-27 12:00:00+00:00, run_after=2025-03-27 16:00:00+00:00
[2025-03-27T16:37:44.162+0000] {processor.py:183} INFO - Processing /home/airflow/.local/lib/python3.8/site-packages/airflow/example_dags/example_latest_only_with_trigger.py took 0.063 seconds
[2025-03-27T16:38:14.196+0000] {processor.py:161} INFO - Started process (PID=5803) to work on /home/airflow/.local/lib/python3.8/site-packages/airflow/example_dags/example_latest_only_with_trigger.py
[2025-03-27T16:38:14.197+0000] {processor.py:830} INFO - Processing file /home/airflow/.local/lib/python3.8/site-packages/airflow/example_dags/example_latest_only_with_trigger.py for tasks to queue
[2025-03-27T16:38:14.198+0000] {logging_mixin.py:188} INFO - [2025-03-27T16:38:14.198+0000] {dagbag.py:538} INFO - Filling up the DagBag from /home/airflow/.local/lib/python3.8/site-packages/airflow/example_dags/example_latest_only_with_trigger.py
[2025-03-27T16:38:14.203+0000] {processor.py:840} INFO - DAG(s) 'latest_only_with_trigger' retrieved from /home/airflow/.local/lib/python3.8/site-packages/airflow/example_dags/example_latest_only_with_trigger.py
[2025-03-27T16:38:14.221+0000] {logging_mixin.py:188} INFO - [2025-03-27T16:38:14.221+0000] {dag.py:3036} INFO - Sync 1 DAGs
[2025-03-27T16:38:14.240+0000] {logging_mixin.py:188} INFO - [2025-03-27T16:38:14.240+0000] {dag.py:3823} INFO - Setting next_dagrun for latest_only_with_trigger to 2025-03-27 12:00:00+00:00, run_after=2025-03-27 16:00:00+00:00
[2025-03-27T16:38:14.255+0000] {processor.py:183} INFO - Processing /home/airflow/.local/lib/python3.8/site-packages/airflow/example_dags/example_latest_only_with_trigger.py took 0.061 seconds
[2025-03-27T16:38:44.793+0000] {processor.py:161} INFO - Started process (PID=6053) to work on /home/airflow/.local/lib/python3.8/site-packages/airflow/example_dags/example_latest_only_with_trigger.py
[2025-03-27T16:38:44.794+0000] {processor.py:830} INFO - Processing file /home/airflow/.local/lib/python3.8/site-packages/airflow/example_dags/example_latest_only_with_trigger.py for tasks to queue
[2025-03-27T16:38:44.795+0000] {logging_mixin.py:188} INFO - [2025-03-27T16:38:44.794+0000] {dagbag.py:538} INFO - Filling up the DagBag from /home/airflow/.local/lib/python3.8/site-packages/airflow/example_dags/example_latest_only_with_trigger.py
[2025-03-27T16:38:44.800+0000] {processor.py:840} INFO - DAG(s) 'latest_only_with_trigger' retrieved from /home/airflow/.local/lib/python3.8/site-packages/airflow/example_dags/example_latest_only_with_trigger.py
[2025-03-27T16:38:44.820+0000] {logging_mixin.py:188} INFO - [2025-03-27T16:38:44.820+0000] {dag.py:3036} INFO - Sync 1 DAGs
[2025-03-27T16:38:44.841+0000] {logging_mixin.py:188} INFO - [2025-03-27T16:38:44.841+0000] {dag.py:3823} INFO - Setting next_dagrun for latest_only_with_trigger to 2025-03-27 12:00:00+00:00, run_after=2025-03-27 16:00:00+00:00
[2025-03-27T16:38:44.859+0000] {processor.py:183} INFO - Processing /home/airflow/.local/lib/python3.8/site-packages/airflow/example_dags/example_latest_only_with_trigger.py took 0.069 seconds
[2025-03-27T16:39:15.602+0000] {processor.py:161} INFO - Started process (PID=6325) to work on /home/airflow/.local/lib/python3.8/site-packages/airflow/example_dags/example_latest_only_with_trigger.py
[2025-03-27T16:39:15.603+0000] {processor.py:830} INFO - Processing file /home/airflow/.local/lib/python3.8/site-packages/airflow/example_dags/example_latest_only_with_trigger.py for tasks to queue
[2025-03-27T16:39:15.604+0000] {logging_mixin.py:188} INFO - [2025-03-27T16:39:15.604+0000] {dagbag.py:538} INFO - Filling up the DagBag from /home/airflow/.local/lib/python3.8/site-packages/airflow/example_dags/example_latest_only_with_trigger.py
[2025-03-27T16:39:15.609+0000] {processor.py:840} INFO - DAG(s) 'latest_only_with_trigger' retrieved from /home/airflow/.local/lib/python3.8/site-packages/airflow/example_dags/example_latest_only_with_trigger.py
[2025-03-27T16:39:15.630+0000] {logging_mixin.py:188} INFO - [2025-03-27T16:39:15.630+0000] {dag.py:3036} INFO - Sync 1 DAGs
[2025-03-27T16:39:15.652+0000] {logging_mixin.py:188} INFO - [2025-03-27T16:39:15.651+0000] {dag.py:3823} INFO - Setting next_dagrun for latest_only_with_trigger to 2025-03-27 12:00:00+00:00, run_after=2025-03-27 16:00:00+00:00
[2025-03-27T16:39:15.670+0000] {processor.py:183} INFO - Processing /home/airflow/.local/lib/python3.8/site-packages/airflow/example_dags/example_latest_only_with_trigger.py took 0.070 seconds
[2025-03-27T16:39:46.031+0000] {processor.py:161} INFO - Started process (PID=6582) to work on /home/airflow/.local/lib/python3.8/site-packages/airflow/example_dags/example_latest_only_with_trigger.py
[2025-03-27T16:39:46.032+0000] {processor.py:830} INFO - Processing file /home/airflow/.local/lib/python3.8/site-packages/airflow/example_dags/example_latest_only_with_trigger.py for tasks to queue
[2025-03-27T16:39:46.033+0000] {logging_mixin.py:188} INFO - [2025-03-27T16:39:46.032+0000] {dagbag.py:538} INFO - Filling up the DagBag from /home/airflow/.local/lib/python3.8/site-packages/airflow/example_dags/example_latest_only_with_trigger.py
[2025-03-27T16:39:46.039+0000] {processor.py:840} INFO - DAG(s) 'latest_only_with_trigger' retrieved from /home/airflow/.local/lib/python3.8/site-packages/airflow/example_dags/example_latest_only_with_trigger.py
[2025-03-27T16:39:46.058+0000] {logging_mixin.py:188} INFO - [2025-03-27T16:39:46.058+0000] {dag.py:3036} INFO - Sync 1 DAGs
[2025-03-27T16:39:46.078+0000] {logging_mixin.py:188} INFO - [2025-03-27T16:39:46.077+0000] {dag.py:3823} INFO - Setting next_dagrun for latest_only_with_trigger to 2025-03-27 12:00:00+00:00, run_after=2025-03-27 16:00:00+00:00
[2025-03-27T16:39:46.093+0000] {processor.py:183} INFO - Processing /home/airflow/.local/lib/python3.8/site-packages/airflow/example_dags/example_latest_only_with_trigger.py took 0.065 seconds
[2025-03-27T16:40:16.438+0000] {processor.py:161} INFO - Started process (PID=6834) to work on /home/airflow/.local/lib/python3.8/site-packages/airflow/example_dags/example_latest_only_with_trigger.py
[2025-03-27T16:40:16.439+0000] {processor.py:830} INFO - Processing file /home/airflow/.local/lib/python3.8/site-packages/airflow/example_dags/example_latest_only_with_trigger.py for tasks to queue
[2025-03-27T16:40:16.441+0000] {logging_mixin.py:188} INFO - [2025-03-27T16:40:16.441+0000] {dagbag.py:538} INFO - Filling up the DagBag from /home/airflow/.local/lib/python3.8/site-packages/airflow/example_dags/example_latest_only_with_trigger.py
[2025-03-27T16:40:16.447+0000] {processor.py:840} INFO - DAG(s) 'latest_only_with_trigger' retrieved from /home/airflow/.local/lib/python3.8/site-packages/airflow/example_dags/example_latest_only_with_trigger.py
[2025-03-27T16:40:16.473+0000] {logging_mixin.py:188} INFO - [2025-03-27T16:40:16.473+0000] {dag.py:3036} INFO - Sync 1 DAGs
[2025-03-27T16:40:16.500+0000] {logging_mixin.py:188} INFO - [2025-03-27T16:40:16.500+0000] {dag.py:3823} INFO - Setting next_dagrun for latest_only_with_trigger to 2025-03-27 12:00:00+00:00, run_after=2025-03-27 16:00:00+00:00
[2025-03-27T16:40:16.523+0000] {processor.py:183} INFO - Processing /home/airflow/.local/lib/python3.8/site-packages/airflow/example_dags/example_latest_only_with_trigger.py took 0.088 seconds
[2025-03-27T16:40:47.384+0000] {processor.py:161} INFO - Started process (PID=7086) to work on /home/airflow/.local/lib/python3.8/site-packages/airflow/example_dags/example_latest_only_with_trigger.py
[2025-03-27T16:40:47.385+0000] {processor.py:830} INFO - Processing file /home/airflow/.local/lib/python3.8/site-packages/airflow/example_dags/example_latest_only_with_trigger.py for tasks to queue
[2025-03-27T16:40:47.386+0000] {logging_mixin.py:188} INFO - [2025-03-27T16:40:47.386+0000] {dagbag.py:538} INFO - Filling up the DagBag from /home/airflow/.local/lib/python3.8/site-packages/airflow/example_dags/example_latest_only_with_trigger.py
[2025-03-27T16:40:47.391+0000] {processor.py:840} INFO - DAG(s) 'latest_only_with_trigger' retrieved from /home/airflow/.local/lib/python3.8/site-packages/airflow/example_dags/example_latest_only_with_trigger.py
[2025-03-27T16:40:47.409+0000] {logging_mixin.py:188} INFO - [2025-03-27T16:40:47.409+0000] {dag.py:3036} INFO - Sync 1 DAGs
[2025-03-27T16:40:47.429+0000] {logging_mixin.py:188} INFO - [2025-03-27T16:40:47.429+0000] {dag.py:3823} INFO - Setting next_dagrun for latest_only_with_trigger to 2025-03-27 12:00:00+00:00, run_after=2025-03-27 16:00:00+00:00
[2025-03-27T16:40:47.445+0000] {processor.py:183} INFO - Processing /home/airflow/.local/lib/python3.8/site-packages/airflow/example_dags/example_latest_only_with_trigger.py took 0.065 seconds
[2025-03-27T16:41:17.628+0000] {processor.py:161} INFO - Started process (PID=7353) to work on /home/airflow/.local/lib/python3.8/site-packages/airflow/example_dags/example_latest_only_with_trigger.py
[2025-03-27T16:41:17.629+0000] {processor.py:830} INFO - Processing file /home/airflow/.local/lib/python3.8/site-packages/airflow/example_dags/example_latest_only_with_trigger.py for tasks to queue
[2025-03-27T16:41:17.630+0000] {logging_mixin.py:188} INFO - [2025-03-27T16:41:17.629+0000] {dagbag.py:538} INFO - Filling up the DagBag from /home/airflow/.local/lib/python3.8/site-packages/airflow/example_dags/example_latest_only_with_trigger.py
[2025-03-27T16:41:17.634+0000] {processor.py:840} INFO - DAG(s) 'latest_only_with_trigger' retrieved from /home/airflow/.local/lib/python3.8/site-packages/airflow/example_dags/example_latest_only_with_trigger.py
[2025-03-27T16:41:17.653+0000] {logging_mixin.py:188} INFO - [2025-03-27T16:41:17.653+0000] {dag.py:3036} INFO - Sync 1 DAGs
[2025-03-27T16:41:17.675+0000] {logging_mixin.py:188} INFO - [2025-03-27T16:41:17.675+0000] {dag.py:3823} INFO - Setting next_dagrun for latest_only_with_trigger to 2025-03-27 12:00:00+00:00, run_after=2025-03-27 16:00:00+00:00
[2025-03-27T16:41:17.691+0000] {processor.py:183} INFO - Processing /home/airflow/.local/lib/python3.8/site-packages/airflow/example_dags/example_latest_only_with_trigger.py took 0.066 seconds
[2025-03-27T16:41:48.056+0000] {processor.py:161} INFO - Started process (PID=7605) to work on /home/airflow/.local/lib/python3.8/site-packages/airflow/example_dags/example_latest_only_with_trigger.py
[2025-03-27T16:41:48.057+0000] {processor.py:830} INFO - Processing file /home/airflow/.local/lib/python3.8/site-packages/airflow/example_dags/example_latest_only_with_trigger.py for tasks to queue
[2025-03-27T16:41:48.058+0000] {logging_mixin.py:188} INFO - [2025-03-27T16:41:48.058+0000] {dagbag.py:538} INFO - Filling up the DagBag from /home/airflow/.local/lib/python3.8/site-packages/airflow/example_dags/example_latest_only_with_trigger.py
[2025-03-27T16:41:48.063+0000] {processor.py:840} INFO - DAG(s) 'latest_only_with_trigger' retrieved from /home/airflow/.local/lib/python3.8/site-packages/airflow/example_dags/example_latest_only_with_trigger.py
[2025-03-27T16:41:48.083+0000] {logging_mixin.py:188} INFO - [2025-03-27T16:41:48.083+0000] {dag.py:3036} INFO - Sync 1 DAGs
[2025-03-27T16:41:48.104+0000] {logging_mixin.py:188} INFO - [2025-03-27T16:41:48.103+0000] {dag.py:3823} INFO - Setting next_dagrun for latest_only_with_trigger to 2025-03-27 12:00:00+00:00, run_after=2025-03-27 16:00:00+00:00
[2025-03-27T16:41:48.119+0000] {processor.py:183} INFO - Processing /home/airflow/.local/lib/python3.8/site-packages/airflow/example_dags/example_latest_only_with_trigger.py took 0.066 seconds
[2025-03-27T16:42:19.116+0000] {processor.py:161} INFO - Started process (PID=7859) to work on /home/airflow/.local/lib/python3.8/site-packages/airflow/example_dags/example_latest_only_with_trigger.py
[2025-03-27T16:42:19.117+0000] {processor.py:830} INFO - Processing file /home/airflow/.local/lib/python3.8/site-packages/airflow/example_dags/example_latest_only_with_trigger.py for tasks to queue
[2025-03-27T16:42:19.118+0000] {logging_mixin.py:188} INFO - [2025-03-27T16:42:19.118+0000] {dagbag.py:538} INFO - Filling up the DagBag from /home/airflow/.local/lib/python3.8/site-packages/airflow/example_dags/example_latest_only_with_trigger.py
[2025-03-27T16:42:19.123+0000] {processor.py:840} INFO - DAG(s) 'latest_only_with_trigger' retrieved from /home/airflow/.local/lib/python3.8/site-packages/airflow/example_dags/example_latest_only_with_trigger.py
[2025-03-27T16:42:19.144+0000] {logging_mixin.py:188} INFO - [2025-03-27T16:42:19.144+0000] {dag.py:3036} INFO - Sync 1 DAGs
[2025-03-27T16:42:19.164+0000] {logging_mixin.py:188} INFO - [2025-03-27T16:42:19.164+0000] {dag.py:3823} INFO - Setting next_dagrun for latest_only_with_trigger to 2025-03-27 12:00:00+00:00, run_after=2025-03-27 16:00:00+00:00
[2025-03-27T16:42:19.179+0000] {processor.py:183} INFO - Processing /home/airflow/.local/lib/python3.8/site-packages/airflow/example_dags/example_latest_only_with_trigger.py took 0.066 seconds
[2025-03-27T16:42:49.552+0000] {processor.py:161} INFO - Started process (PID=8109) to work on /home/airflow/.local/lib/python3.8/site-packages/airflow/example_dags/example_latest_only_with_trigger.py
[2025-03-27T16:42:49.553+0000] {processor.py:830} INFO - Processing file /home/airflow/.local/lib/python3.8/site-packages/airflow/example_dags/example_latest_only_with_trigger.py for tasks to queue
[2025-03-27T16:42:49.555+0000] {logging_mixin.py:188} INFO - [2025-03-27T16:42:49.554+0000] {dagbag.py:538} INFO - Filling up the DagBag from /home/airflow/.local/lib/python3.8/site-packages/airflow/example_dags/example_latest_only_with_trigger.py
[2025-03-27T16:42:49.561+0000] {processor.py:840} INFO - DAG(s) 'latest_only_with_trigger' retrieved from /home/airflow/.local/lib/python3.8/site-packages/airflow/example_dags/example_latest_only_with_trigger.py
[2025-03-27T16:42:49.587+0000] {logging_mixin.py:188} INFO - [2025-03-27T16:42:49.587+0000] {dag.py:3036} INFO - Sync 1 DAGs
[2025-03-27T16:42:49.617+0000] {logging_mixin.py:188} INFO - [2025-03-27T16:42:49.617+0000] {dag.py:3823} INFO - Setting next_dagrun for latest_only_with_trigger to 2025-03-27 12:00:00+00:00, run_after=2025-03-27 16:00:00+00:00
[2025-03-27T16:42:49.640+0000] {processor.py:183} INFO - Processing /home/airflow/.local/lib/python3.8/site-packages/airflow/example_dags/example_latest_only_with_trigger.py took 0.092 seconds
[2025-03-27T16:43:20.336+0000] {processor.py:161} INFO - Started process (PID=8389) to work on /home/airflow/.local/lib/python3.8/site-packages/airflow/example_dags/example_latest_only_with_trigger.py
[2025-03-27T16:43:20.338+0000] {processor.py:830} INFO - Processing file /home/airflow/.local/lib/python3.8/site-packages/airflow/example_dags/example_latest_only_with_trigger.py for tasks to queue
[2025-03-27T16:43:20.340+0000] {logging_mixin.py:188} INFO - [2025-03-27T16:43:20.339+0000] {dagbag.py:538} INFO - Filling up the DagBag from /home/airflow/.local/lib/python3.8/site-packages/airflow/example_dags/example_latest_only_with_trigger.py
[2025-03-27T16:43:20.351+0000] {processor.py:840} INFO - DAG(s) 'latest_only_with_trigger' retrieved from /home/airflow/.local/lib/python3.8/site-packages/airflow/example_dags/example_latest_only_with_trigger.py
[2025-03-27T16:43:20.413+0000] {logging_mixin.py:188} INFO - [2025-03-27T16:43:20.413+0000] {dag.py:3036} INFO - Sync 1 DAGs
[2025-03-27T16:43:20.473+0000] {logging_mixin.py:188} INFO - [2025-03-27T16:43:20.473+0000] {dag.py:3823} INFO - Setting next_dagrun for latest_only_with_trigger to 2025-03-27 12:00:00+00:00, run_after=2025-03-27 16:00:00+00:00
[2025-03-27T16:43:20.515+0000] {processor.py:183} INFO - Processing /home/airflow/.local/lib/python3.8/site-packages/airflow/example_dags/example_latest_only_with_trigger.py took 0.188 seconds
[2025-03-27T16:43:50.911+0000] {processor.py:161} INFO - Started process (PID=8682) to work on /home/airflow/.local/lib/python3.8/site-packages/airflow/example_dags/example_latest_only_with_trigger.py
[2025-03-27T16:43:50.912+0000] {processor.py:830} INFO - Processing file /home/airflow/.local/lib/python3.8/site-packages/airflow/example_dags/example_latest_only_with_trigger.py for tasks to queue
[2025-03-27T16:43:50.913+0000] {logging_mixin.py:188} INFO - [2025-03-27T16:43:50.913+0000] {dagbag.py:538} INFO - Filling up the DagBag from /home/airflow/.local/lib/python3.8/site-packages/airflow/example_dags/example_latest_only_with_trigger.py
[2025-03-27T16:43:50.918+0000] {processor.py:840} INFO - DAG(s) 'latest_only_with_trigger' retrieved from /home/airflow/.local/lib/python3.8/site-packages/airflow/example_dags/example_latest_only_with_trigger.py
[2025-03-27T16:43:50.938+0000] {logging_mixin.py:188} INFO - [2025-03-27T16:43:50.937+0000] {dag.py:3036} INFO - Sync 1 DAGs
[2025-03-27T16:43:50.959+0000] {logging_mixin.py:188} INFO - [2025-03-27T16:43:50.959+0000] {dag.py:3823} INFO - Setting next_dagrun for latest_only_with_trigger to 2025-03-27 12:00:00+00:00, run_after=2025-03-27 16:00:00+00:00
[2025-03-27T16:43:50.976+0000] {processor.py:183} INFO - Processing /home/airflow/.local/lib/python3.8/site-packages/airflow/example_dags/example_latest_only_with_trigger.py took 0.067 seconds
[2025-03-27T16:44:21.482+0000] {processor.py:161} INFO - Started process (PID=8954) to work on /home/airflow/.local/lib/python3.8/site-packages/airflow/example_dags/example_latest_only_with_trigger.py
[2025-03-27T16:44:21.484+0000] {processor.py:830} INFO - Processing file /home/airflow/.local/lib/python3.8/site-packages/airflow/example_dags/example_latest_only_with_trigger.py for tasks to queue
[2025-03-27T16:44:21.485+0000] {logging_mixin.py:188} INFO - [2025-03-27T16:44:21.484+0000] {dagbag.py:538} INFO - Filling up the DagBag from /home/airflow/.local/lib/python3.8/site-packages/airflow/example_dags/example_latest_only_with_trigger.py
[2025-03-27T16:44:21.492+0000] {processor.py:840} INFO - DAG(s) 'latest_only_with_trigger' retrieved from /home/airflow/.local/lib/python3.8/site-packages/airflow/example_dags/example_latest_only_with_trigger.py
[2025-03-27T16:44:21.521+0000] {logging_mixin.py:188} INFO - [2025-03-27T16:44:21.520+0000] {dag.py:3036} INFO - Sync 1 DAGs
[2025-03-27T16:44:21.554+0000] {logging_mixin.py:188} INFO - [2025-03-27T16:44:21.553+0000] {dag.py:3823} INFO - Setting next_dagrun for latest_only_with_trigger to 2025-03-27 12:00:00+00:00, run_after=2025-03-27 16:00:00+00:00
[2025-03-27T16:44:21.580+0000] {processor.py:183} INFO - Processing /home/airflow/.local/lib/python3.8/site-packages/airflow/example_dags/example_latest_only_with_trigger.py took 0.102 seconds
[2025-03-27T16:44:51.717+0000] {processor.py:161} INFO - Started process (PID=9206) to work on /home/airflow/.local/lib/python3.8/site-packages/airflow/example_dags/example_latest_only_with_trigger.py
[2025-03-27T16:44:51.719+0000] {processor.py:830} INFO - Processing file /home/airflow/.local/lib/python3.8/site-packages/airflow/example_dags/example_latest_only_with_trigger.py for tasks to queue
[2025-03-27T16:44:51.720+0000] {logging_mixin.py:188} INFO - [2025-03-27T16:44:51.720+0000] {dagbag.py:538} INFO - Filling up the DagBag from /home/airflow/.local/lib/python3.8/site-packages/airflow/example_dags/example_latest_only_with_trigger.py
[2025-03-27T16:44:51.726+0000] {processor.py:840} INFO - DAG(s) 'latest_only_with_trigger' retrieved from /home/airflow/.local/lib/python3.8/site-packages/airflow/example_dags/example_latest_only_with_trigger.py
[2025-03-27T16:44:51.747+0000] {logging_mixin.py:188} INFO - [2025-03-27T16:44:51.747+0000] {dag.py:3036} INFO - Sync 1 DAGs
[2025-03-27T16:44:51.771+0000] {logging_mixin.py:188} INFO - [2025-03-27T16:44:51.771+0000] {dag.py:3823} INFO - Setting next_dagrun for latest_only_with_trigger to 2025-03-27 12:00:00+00:00, run_after=2025-03-27 16:00:00+00:00
[2025-03-27T16:44:51.794+0000] {processor.py:183} INFO - Processing /home/airflow/.local/lib/python3.8/site-packages/airflow/example_dags/example_latest_only_with_trigger.py took 0.080 seconds
[2025-03-27T16:45:23.055+0000] {processor.py:161} INFO - Started process (PID=9482) to work on /home/airflow/.local/lib/python3.8/site-packages/airflow/example_dags/example_latest_only_with_trigger.py
[2025-03-27T16:45:23.057+0000] {processor.py:830} INFO - Processing file /home/airflow/.local/lib/python3.8/site-packages/airflow/example_dags/example_latest_only_with_trigger.py for tasks to queue
[2025-03-27T16:45:23.058+0000] {logging_mixin.py:188} INFO - [2025-03-27T16:45:23.058+0000] {dagbag.py:538} INFO - Filling up the DagBag from /home/airflow/.local/lib/python3.8/site-packages/airflow/example_dags/example_latest_only_with_trigger.py
[2025-03-27T16:45:23.068+0000] {processor.py:840} INFO - DAG(s) 'latest_only_with_trigger' retrieved from /home/airflow/.local/lib/python3.8/site-packages/airflow/example_dags/example_latest_only_with_trigger.py
[2025-03-27T16:45:23.104+0000] {logging_mixin.py:188} INFO - [2025-03-27T16:45:23.104+0000] {dag.py:3036} INFO - Sync 1 DAGs
[2025-03-27T16:45:23.156+0000] {logging_mixin.py:188} INFO - [2025-03-27T16:45:23.155+0000] {dag.py:3823} INFO - Setting next_dagrun for latest_only_with_trigger to 2025-03-27 12:00:00+00:00, run_after=2025-03-27 16:00:00+00:00
[2025-03-27T16:45:23.247+0000] {processor.py:183} INFO - Processing /home/airflow/.local/lib/python3.8/site-packages/airflow/example_dags/example_latest_only_with_trigger.py took 0.197 seconds
[2025-03-27T16:45:54.097+0000] {processor.py:161} INFO - Started process (PID=10089) to work on /home/airflow/.local/lib/python3.8/site-packages/airflow/example_dags/example_latest_only_with_trigger.py
[2025-03-27T16:45:54.099+0000] {processor.py:830} INFO - Processing file /home/airflow/.local/lib/python3.8/site-packages/airflow/example_dags/example_latest_only_with_trigger.py for tasks to queue
[2025-03-27T16:45:54.100+0000] {logging_mixin.py:188} INFO - [2025-03-27T16:45:54.100+0000] {dagbag.py:538} INFO - Filling up the DagBag from /home/airflow/.local/lib/python3.8/site-packages/airflow/example_dags/example_latest_only_with_trigger.py
[2025-03-27T16:45:54.108+0000] {processor.py:840} INFO - DAG(s) 'latest_only_with_trigger' retrieved from /home/airflow/.local/lib/python3.8/site-packages/airflow/example_dags/example_latest_only_with_trigger.py
[2025-03-27T16:45:54.140+0000] {logging_mixin.py:188} INFO - [2025-03-27T16:45:54.140+0000] {dag.py:3036} INFO - Sync 1 DAGs
[2025-03-27T16:45:54.190+0000] {logging_mixin.py:188} INFO - [2025-03-27T16:45:54.189+0000] {dag.py:3823} INFO - Setting next_dagrun for latest_only_with_trigger to 2025-03-27 12:00:00+00:00, run_after=2025-03-27 16:00:00+00:00
[2025-03-27T16:45:54.237+0000] {processor.py:183} INFO - Processing /home/airflow/.local/lib/python3.8/site-packages/airflow/example_dags/example_latest_only_with_trigger.py took 0.143 seconds
[2025-03-27T16:46:24.435+0000] {processor.py:161} INFO - Started process (PID=10742) to work on /home/airflow/.local/lib/python3.8/site-packages/airflow/example_dags/example_latest_only_with_trigger.py
[2025-03-27T16:46:24.436+0000] {processor.py:830} INFO - Processing file /home/airflow/.local/lib/python3.8/site-packages/airflow/example_dags/example_latest_only_with_trigger.py for tasks to queue
[2025-03-27T16:46:24.438+0000] {logging_mixin.py:188} INFO - [2025-03-27T16:46:24.437+0000] {dagbag.py:538} INFO - Filling up the DagBag from /home/airflow/.local/lib/python3.8/site-packages/airflow/example_dags/example_latest_only_with_trigger.py
[2025-03-27T16:46:24.446+0000] {processor.py:840} INFO - DAG(s) 'latest_only_with_trigger' retrieved from /home/airflow/.local/lib/python3.8/site-packages/airflow/example_dags/example_latest_only_with_trigger.py
[2025-03-27T16:46:24.473+0000] {logging_mixin.py:188} INFO - [2025-03-27T16:46:24.472+0000] {dag.py:3036} INFO - Sync 1 DAGs
[2025-03-27T16:46:24.513+0000] {logging_mixin.py:188} INFO - [2025-03-27T16:46:24.512+0000] {dag.py:3823} INFO - Setting next_dagrun for latest_only_with_trigger to 2025-03-27 12:00:00+00:00, run_after=2025-03-27 16:00:00+00:00
[2025-03-27T16:46:24.546+0000] {processor.py:183} INFO - Processing /home/airflow/.local/lib/python3.8/site-packages/airflow/example_dags/example_latest_only_with_trigger.py took 0.116 seconds
[2025-03-27T16:46:55.049+0000] {processor.py:161} INFO - Started process (PID=11401) to work on /home/airflow/.local/lib/python3.8/site-packages/airflow/example_dags/example_latest_only_with_trigger.py
[2025-03-27T16:46:55.051+0000] {processor.py:830} INFO - Processing file /home/airflow/.local/lib/python3.8/site-packages/airflow/example_dags/example_latest_only_with_trigger.py for tasks to queue
[2025-03-27T16:46:55.052+0000] {logging_mixin.py:188} INFO - [2025-03-27T16:46:55.052+0000] {dagbag.py:538} INFO - Filling up the DagBag from /home/airflow/.local/lib/python3.8/site-packages/airflow/example_dags/example_latest_only_with_trigger.py
[2025-03-27T16:46:55.062+0000] {processor.py:840} INFO - DAG(s) 'latest_only_with_trigger' retrieved from /home/airflow/.local/lib/python3.8/site-packages/airflow/example_dags/example_latest_only_with_trigger.py
[2025-03-27T16:46:55.101+0000] {logging_mixin.py:188} INFO - [2025-03-27T16:46:55.101+0000] {dag.py:3036} INFO - Sync 1 DAGs
[2025-03-27T16:46:55.133+0000] {logging_mixin.py:188} INFO - [2025-03-27T16:46:55.133+0000] {dag.py:3823} INFO - Setting next_dagrun for latest_only_with_trigger to 2025-03-27 12:00:00+00:00, run_after=2025-03-27 16:00:00+00:00
[2025-03-27T16:46:55.163+0000] {processor.py:183} INFO - Processing /home/airflow/.local/lib/python3.8/site-packages/airflow/example_dags/example_latest_only_with_trigger.py took 0.118 seconds
[2025-03-27T16:47:26.058+0000] {processor.py:161} INFO - Started process (PID=12121) to work on /home/airflow/.local/lib/python3.8/site-packages/airflow/example_dags/example_latest_only_with_trigger.py
[2025-03-27T16:47:26.059+0000] {processor.py:830} INFO - Processing file /home/airflow/.local/lib/python3.8/site-packages/airflow/example_dags/example_latest_only_with_trigger.py for tasks to queue
[2025-03-27T16:47:26.061+0000] {logging_mixin.py:188} INFO - [2025-03-27T16:47:26.061+0000] {dagbag.py:538} INFO - Filling up the DagBag from /home/airflow/.local/lib/python3.8/site-packages/airflow/example_dags/example_latest_only_with_trigger.py
[2025-03-27T16:47:26.069+0000] {processor.py:840} INFO - DAG(s) 'latest_only_with_trigger' retrieved from /home/airflow/.local/lib/python3.8/site-packages/airflow/example_dags/example_latest_only_with_trigger.py
[2025-03-27T16:47:26.105+0000] {logging_mixin.py:188} INFO - [2025-03-27T16:47:26.105+0000] {dag.py:3036} INFO - Sync 1 DAGs
[2025-03-27T16:47:26.148+0000] {logging_mixin.py:188} INFO - [2025-03-27T16:47:26.147+0000] {dag.py:3823} INFO - Setting next_dagrun for latest_only_with_trigger to 2025-03-27 12:00:00+00:00, run_after=2025-03-27 16:00:00+00:00
[2025-03-27T16:47:26.187+0000] {processor.py:183} INFO - Processing /home/airflow/.local/lib/python3.8/site-packages/airflow/example_dags/example_latest_only_with_trigger.py took 0.134 seconds
[2025-03-27T16:47:57.157+0000] {processor.py:161} INFO - Started process (PID=12817) to work on /home/airflow/.local/lib/python3.8/site-packages/airflow/example_dags/example_latest_only_with_trigger.py
[2025-03-27T16:47:57.159+0000] {processor.py:830} INFO - Processing file /home/airflow/.local/lib/python3.8/site-packages/airflow/example_dags/example_latest_only_with_trigger.py for tasks to queue
[2025-03-27T16:47:57.160+0000] {logging_mixin.py:188} INFO - [2025-03-27T16:47:57.160+0000] {dagbag.py:538} INFO - Filling up the DagBag from /home/airflow/.local/lib/python3.8/site-packages/airflow/example_dags/example_latest_only_with_trigger.py
[2025-03-27T16:47:57.169+0000] {processor.py:840} INFO - DAG(s) 'latest_only_with_trigger' retrieved from /home/airflow/.local/lib/python3.8/site-packages/airflow/example_dags/example_latest_only_with_trigger.py
[2025-03-27T16:47:57.210+0000] {logging_mixin.py:188} INFO - [2025-03-27T16:47:57.209+0000] {dag.py:3036} INFO - Sync 1 DAGs
[2025-03-27T16:47:57.267+0000] {logging_mixin.py:188} INFO - [2025-03-27T16:47:57.267+0000] {dag.py:3823} INFO - Setting next_dagrun for latest_only_with_trigger to 2025-03-27 12:00:00+00:00, run_after=2025-03-27 16:00:00+00:00
[2025-03-27T16:47:57.311+0000] {processor.py:183} INFO - Processing /home/airflow/.local/lib/python3.8/site-packages/airflow/example_dags/example_latest_only_with_trigger.py took 0.158 seconds
[2025-03-27T16:48:27.515+0000] {processor.py:161} INFO - Started process (PID=13486) to work on /home/airflow/.local/lib/python3.8/site-packages/airflow/example_dags/example_latest_only_with_trigger.py
[2025-03-27T16:48:27.517+0000] {processor.py:830} INFO - Processing file /home/airflow/.local/lib/python3.8/site-packages/airflow/example_dags/example_latest_only_with_trigger.py for tasks to queue
[2025-03-27T16:48:27.517+0000] {logging_mixin.py:188} INFO - [2025-03-27T16:48:27.517+0000] {dagbag.py:538} INFO - Filling up the DagBag from /home/airflow/.local/lib/python3.8/site-packages/airflow/example_dags/example_latest_only_with_trigger.py
[2025-03-27T16:48:27.522+0000] {processor.py:840} INFO - DAG(s) 'latest_only_with_trigger' retrieved from /home/airflow/.local/lib/python3.8/site-packages/airflow/example_dags/example_latest_only_with_trigger.py
[2025-03-27T16:48:27.542+0000] {logging_mixin.py:188} INFO - [2025-03-27T16:48:27.542+0000] {dag.py:3036} INFO - Sync 1 DAGs
[2025-03-27T16:48:27.564+0000] {logging_mixin.py:188} INFO - [2025-03-27T16:48:27.564+0000] {dag.py:3823} INFO - Setting next_dagrun for latest_only_with_trigger to 2025-03-27 12:00:00+00:00, run_after=2025-03-27 16:00:00+00:00
[2025-03-27T16:48:27.583+0000] {processor.py:183} INFO - Processing /home/airflow/.local/lib/python3.8/site-packages/airflow/example_dags/example_latest_only_with_trigger.py took 0.070 seconds
[2025-03-27T16:48:58.745+0000] {processor.py:161} INFO - Started process (PID=14170) to work on /home/airflow/.local/lib/python3.8/site-packages/airflow/example_dags/example_latest_only_with_trigger.py
[2025-03-27T16:48:58.747+0000] {processor.py:830} INFO - Processing file /home/airflow/.local/lib/python3.8/site-packages/airflow/example_dags/example_latest_only_with_trigger.py for tasks to queue
[2025-03-27T16:48:58.753+0000] {logging_mixin.py:188} INFO - [2025-03-27T16:48:58.752+0000] {dagbag.py:538} INFO - Filling up the DagBag from /home/airflow/.local/lib/python3.8/site-packages/airflow/example_dags/example_latest_only_with_trigger.py
[2025-03-27T16:48:58.768+0000] {processor.py:840} INFO - DAG(s) 'latest_only_with_trigger' retrieved from /home/airflow/.local/lib/python3.8/site-packages/airflow/example_dags/example_latest_only_with_trigger.py
[2025-03-27T16:48:58.835+0000] {logging_mixin.py:188} INFO - [2025-03-27T16:48:58.834+0000] {dag.py:3036} INFO - Sync 1 DAGs
[2025-03-27T16:48:58.903+0000] {logging_mixin.py:188} INFO - [2025-03-27T16:48:58.902+0000] {dag.py:3823} INFO - Setting next_dagrun for latest_only_with_trigger to 2025-03-27 12:00:00+00:00, run_after=2025-03-27 16:00:00+00:00
[2025-03-27T16:48:58.976+0000] {processor.py:183} INFO - Processing /home/airflow/.local/lib/python3.8/site-packages/airflow/example_dags/example_latest_only_with_trigger.py took 0.237 seconds
[2025-03-27T16:49:29.176+0000] {processor.py:161} INFO - Started process (PID=14880) to work on /home/airflow/.local/lib/python3.8/site-packages/airflow/example_dags/example_latest_only_with_trigger.py
[2025-03-27T16:49:29.177+0000] {processor.py:830} INFO - Processing file /home/airflow/.local/lib/python3.8/site-packages/airflow/example_dags/example_latest_only_with_trigger.py for tasks to queue
[2025-03-27T16:49:29.179+0000] {logging_mixin.py:188} INFO - [2025-03-27T16:49:29.178+0000] {dagbag.py:538} INFO - Filling up the DagBag from /home/airflow/.local/lib/python3.8/site-packages/airflow/example_dags/example_latest_only_with_trigger.py
[2025-03-27T16:49:29.190+0000] {processor.py:840} INFO - DAG(s) 'latest_only_with_trigger' retrieved from /home/airflow/.local/lib/python3.8/site-packages/airflow/example_dags/example_latest_only_with_trigger.py
[2025-03-27T16:49:29.229+0000] {logging_mixin.py:188} INFO - [2025-03-27T16:49:29.229+0000] {dag.py:3036} INFO - Sync 1 DAGs
[2025-03-27T16:49:29.277+0000] {logging_mixin.py:188} INFO - [2025-03-27T16:49:29.277+0000] {dag.py:3823} INFO - Setting next_dagrun for latest_only_with_trigger to 2025-03-27 12:00:00+00:00, run_after=2025-03-27 16:00:00+00:00
[2025-03-27T16:49:29.330+0000] {processor.py:183} INFO - Processing /home/airflow/.local/lib/python3.8/site-packages/airflow/example_dags/example_latest_only_with_trigger.py took 0.159 seconds
[2025-03-27T16:50:00.171+0000] {processor.py:161} INFO - Started process (PID=15584) to work on /home/airflow/.local/lib/python3.8/site-packages/airflow/example_dags/example_latest_only_with_trigger.py
[2025-03-27T16:50:00.172+0000] {processor.py:830} INFO - Processing file /home/airflow/.local/lib/python3.8/site-packages/airflow/example_dags/example_latest_only_with_trigger.py for tasks to queue
[2025-03-27T16:50:00.173+0000] {logging_mixin.py:188} INFO - [2025-03-27T16:50:00.173+0000] {dagbag.py:538} INFO - Filling up the DagBag from /home/airflow/.local/lib/python3.8/site-packages/airflow/example_dags/example_latest_only_with_trigger.py
[2025-03-27T16:50:00.179+0000] {processor.py:840} INFO - DAG(s) 'latest_only_with_trigger' retrieved from /home/airflow/.local/lib/python3.8/site-packages/airflow/example_dags/example_latest_only_with_trigger.py
[2025-03-27T16:50:00.198+0000] {logging_mixin.py:188} INFO - [2025-03-27T16:50:00.198+0000] {dag.py:3036} INFO - Sync 1 DAGs
[2025-03-27T16:50:00.221+0000] {logging_mixin.py:188} INFO - [2025-03-27T16:50:00.221+0000] {dag.py:3823} INFO - Setting next_dagrun for latest_only_with_trigger to 2025-03-27 12:00:00+00:00, run_after=2025-03-27 16:00:00+00:00
[2025-03-27T16:50:00.239+0000] {processor.py:183} INFO - Processing /home/airflow/.local/lib/python3.8/site-packages/airflow/example_dags/example_latest_only_with_trigger.py took 0.071 seconds
[2025-03-27T16:50:30.397+0000] {processor.py:161} INFO - Started process (PID=16247) to work on /home/airflow/.local/lib/python3.8/site-packages/airflow/example_dags/example_latest_only_with_trigger.py
[2025-03-27T16:50:30.398+0000] {processor.py:830} INFO - Processing file /home/airflow/.local/lib/python3.8/site-packages/airflow/example_dags/example_latest_only_with_trigger.py for tasks to queue
[2025-03-27T16:50:30.400+0000] {logging_mixin.py:188} INFO - [2025-03-27T16:50:30.400+0000] {dagbag.py:538} INFO - Filling up the DagBag from /home/airflow/.local/lib/python3.8/site-packages/airflow/example_dags/example_latest_only_with_trigger.py
[2025-03-27T16:50:30.411+0000] {processor.py:840} INFO - DAG(s) 'latest_only_with_trigger' retrieved from /home/airflow/.local/lib/python3.8/site-packages/airflow/example_dags/example_latest_only_with_trigger.py
[2025-03-27T16:50:30.442+0000] {logging_mixin.py:188} INFO - [2025-03-27T16:50:30.441+0000] {dag.py:3036} INFO - Sync 1 DAGs
[2025-03-27T16:50:30.478+0000] {logging_mixin.py:188} INFO - [2025-03-27T16:50:30.477+0000] {dag.py:3823} INFO - Setting next_dagrun for latest_only_with_trigger to 2025-03-27 12:00:00+00:00, run_after=2025-03-27 16:00:00+00:00
[2025-03-27T16:50:30.512+0000] {processor.py:183} INFO - Processing /home/airflow/.local/lib/python3.8/site-packages/airflow/example_dags/example_latest_only_with_trigger.py took 0.121 seconds
[2025-03-27T16:51:01.179+0000] {processor.py:161} INFO - Started process (PID=16942) to work on /home/airflow/.local/lib/python3.8/site-packages/airflow/example_dags/example_latest_only_with_trigger.py
[2025-03-27T16:51:01.181+0000] {processor.py:830} INFO - Processing file /home/airflow/.local/lib/python3.8/site-packages/airflow/example_dags/example_latest_only_with_trigger.py for tasks to queue
[2025-03-27T16:51:01.192+0000] {logging_mixin.py:188} INFO - [2025-03-27T16:51:01.192+0000] {dagbag.py:538} INFO - Filling up the DagBag from /home/airflow/.local/lib/python3.8/site-packages/airflow/example_dags/example_latest_only_with_trigger.py
[2025-03-27T16:51:01.205+0000] {processor.py:840} INFO - DAG(s) 'latest_only_with_trigger' retrieved from /home/airflow/.local/lib/python3.8/site-packages/airflow/example_dags/example_latest_only_with_trigger.py
[2025-03-27T16:51:01.267+0000] {logging_mixin.py:188} INFO - [2025-03-27T16:51:01.266+0000] {dag.py:3036} INFO - Sync 1 DAGs
[2025-03-27T16:51:01.328+0000] {logging_mixin.py:188} INFO - [2025-03-27T16:51:01.328+0000] {dag.py:3823} INFO - Setting next_dagrun for latest_only_with_trigger to 2025-03-27 12:00:00+00:00, run_after=2025-03-27 16:00:00+00:00
[2025-03-27T16:51:01.419+0000] {processor.py:183} INFO - Processing /home/airflow/.local/lib/python3.8/site-packages/airflow/example_dags/example_latest_only_with_trigger.py took 0.247 seconds
[2025-03-27T16:51:32.110+0000] {processor.py:161} INFO - Started process (PID=17630) to work on /home/airflow/.local/lib/python3.8/site-packages/airflow/example_dags/example_latest_only_with_trigger.py
[2025-03-27T16:51:32.111+0000] {processor.py:830} INFO - Processing file /home/airflow/.local/lib/python3.8/site-packages/airflow/example_dags/example_latest_only_with_trigger.py for tasks to queue
[2025-03-27T16:51:32.112+0000] {logging_mixin.py:188} INFO - [2025-03-27T16:51:32.112+0000] {dagbag.py:538} INFO - Filling up the DagBag from /home/airflow/.local/lib/python3.8/site-packages/airflow/example_dags/example_latest_only_with_trigger.py
[2025-03-27T16:51:32.121+0000] {processor.py:840} INFO - DAG(s) 'latest_only_with_trigger' retrieved from /home/airflow/.local/lib/python3.8/site-packages/airflow/example_dags/example_latest_only_with_trigger.py
[2025-03-27T16:51:32.156+0000] {logging_mixin.py:188} INFO - [2025-03-27T16:51:32.156+0000] {dag.py:3036} INFO - Sync 1 DAGs
[2025-03-27T16:51:32.192+0000] {logging_mixin.py:188} INFO - [2025-03-27T16:51:32.191+0000] {dag.py:3823} INFO - Setting next_dagrun for latest_only_with_trigger to 2025-03-27 12:00:00+00:00, run_after=2025-03-27 16:00:00+00:00
[2025-03-27T16:51:32.217+0000] {processor.py:183} INFO - Processing /home/airflow/.local/lib/python3.8/site-packages/airflow/example_dags/example_latest_only_with_trigger.py took 0.111 seconds
[2025-03-27T16:52:02.600+0000] {processor.py:161} INFO - Started process (PID=17888) to work on /home/airflow/.local/lib/python3.8/site-packages/airflow/example_dags/example_latest_only_with_trigger.py
[2025-03-27T16:52:02.601+0000] {processor.py:830} INFO - Processing file /home/airflow/.local/lib/python3.8/site-packages/airflow/example_dags/example_latest_only_with_trigger.py for tasks to queue
[2025-03-27T16:52:02.601+0000] {logging_mixin.py:188} INFO - [2025-03-27T16:52:02.601+0000] {dagbag.py:538} INFO - Filling up the DagBag from /home/airflow/.local/lib/python3.8/site-packages/airflow/example_dags/example_latest_only_with_trigger.py
[2025-03-27T16:52:02.606+0000] {processor.py:840} INFO - DAG(s) 'latest_only_with_trigger' retrieved from /home/airflow/.local/lib/python3.8/site-packages/airflow/example_dags/example_latest_only_with_trigger.py
[2025-03-27T16:52:02.624+0000] {logging_mixin.py:188} INFO - [2025-03-27T16:52:02.623+0000] {dag.py:3036} INFO - Sync 1 DAGs
[2025-03-27T16:52:02.642+0000] {logging_mixin.py:188} INFO - [2025-03-27T16:52:02.642+0000] {dag.py:3823} INFO - Setting next_dagrun for latest_only_with_trigger to 2025-03-27 12:00:00+00:00, run_after=2025-03-27 16:00:00+00:00
[2025-03-27T16:52:02.658+0000] {processor.py:183} INFO - Processing /home/airflow/.local/lib/python3.8/site-packages/airflow/example_dags/example_latest_only_with_trigger.py took 0.061 seconds
[2025-03-27T16:52:32.761+0000] {processor.py:161} INFO - Started process (PID=18140) to work on /home/airflow/.local/lib/python3.8/site-packages/airflow/example_dags/example_latest_only_with_trigger.py
[2025-03-27T16:52:32.762+0000] {processor.py:830} INFO - Processing file /home/airflow/.local/lib/python3.8/site-packages/airflow/example_dags/example_latest_only_with_trigger.py for tasks to queue
[2025-03-27T16:52:32.763+0000] {logging_mixin.py:188} INFO - [2025-03-27T16:52:32.763+0000] {dagbag.py:538} INFO - Filling up the DagBag from /home/airflow/.local/lib/python3.8/site-packages/airflow/example_dags/example_latest_only_with_trigger.py
[2025-03-27T16:52:32.770+0000] {processor.py:840} INFO - DAG(s) 'latest_only_with_trigger' retrieved from /home/airflow/.local/lib/python3.8/site-packages/airflow/example_dags/example_latest_only_with_trigger.py
[2025-03-27T16:52:32.795+0000] {logging_mixin.py:188} INFO - [2025-03-27T16:52:32.795+0000] {dag.py:3036} INFO - Sync 1 DAGs
[2025-03-27T16:52:32.820+0000] {logging_mixin.py:188} INFO - [2025-03-27T16:52:32.819+0000] {dag.py:3823} INFO - Setting next_dagrun for latest_only_with_trigger to 2025-03-27 12:00:00+00:00, run_after=2025-03-27 16:00:00+00:00
[2025-03-27T16:52:32.840+0000] {processor.py:183} INFO - Processing /home/airflow/.local/lib/python3.8/site-packages/airflow/example_dags/example_latest_only_with_trigger.py took 0.082 seconds
[2025-03-27T16:53:03.328+0000] {processor.py:161} INFO - Started process (PID=18392) to work on /home/airflow/.local/lib/python3.8/site-packages/airflow/example_dags/example_latest_only_with_trigger.py
[2025-03-27T16:53:03.329+0000] {processor.py:830} INFO - Processing file /home/airflow/.local/lib/python3.8/site-packages/airflow/example_dags/example_latest_only_with_trigger.py for tasks to queue
[2025-03-27T16:53:03.329+0000] {logging_mixin.py:188} INFO - [2025-03-27T16:53:03.329+0000] {dagbag.py:538} INFO - Filling up the DagBag from /home/airflow/.local/lib/python3.8/site-packages/airflow/example_dags/example_latest_only_with_trigger.py
[2025-03-27T16:53:03.335+0000] {processor.py:840} INFO - DAG(s) 'latest_only_with_trigger' retrieved from /home/airflow/.local/lib/python3.8/site-packages/airflow/example_dags/example_latest_only_with_trigger.py
[2025-03-27T16:53:03.352+0000] {logging_mixin.py:188} INFO - [2025-03-27T16:53:03.352+0000] {dag.py:3036} INFO - Sync 1 DAGs
[2025-03-27T16:53:03.371+0000] {logging_mixin.py:188} INFO - [2025-03-27T16:53:03.371+0000] {dag.py:3823} INFO - Setting next_dagrun for latest_only_with_trigger to 2025-03-27 12:00:00+00:00, run_after=2025-03-27 16:00:00+00:00
[2025-03-27T16:53:03.387+0000] {processor.py:183} INFO - Processing /home/airflow/.local/lib/python3.8/site-packages/airflow/example_dags/example_latest_only_with_trigger.py took 0.062 seconds
[2025-03-27T16:53:33.992+0000] {processor.py:161} INFO - Started process (PID=18644) to work on /home/airflow/.local/lib/python3.8/site-packages/airflow/example_dags/example_latest_only_with_trigger.py
[2025-03-27T16:53:33.993+0000] {processor.py:830} INFO - Processing file /home/airflow/.local/lib/python3.8/site-packages/airflow/example_dags/example_latest_only_with_trigger.py for tasks to queue
[2025-03-27T16:53:33.994+0000] {logging_mixin.py:188} INFO - [2025-03-27T16:53:33.994+0000] {dagbag.py:538} INFO - Filling up the DagBag from /home/airflow/.local/lib/python3.8/site-packages/airflow/example_dags/example_latest_only_with_trigger.py
[2025-03-27T16:53:33.999+0000] {processor.py:840} INFO - DAG(s) 'latest_only_with_trigger' retrieved from /home/airflow/.local/lib/python3.8/site-packages/airflow/example_dags/example_latest_only_with_trigger.py
[2025-03-27T16:53:34.020+0000] {logging_mixin.py:188} INFO - [2025-03-27T16:53:34.020+0000] {dag.py:3036} INFO - Sync 1 DAGs
[2025-03-27T16:53:34.041+0000] {logging_mixin.py:188} INFO - [2025-03-27T16:53:34.041+0000] {dag.py:3823} INFO - Setting next_dagrun for latest_only_with_trigger to 2025-03-27 12:00:00+00:00, run_after=2025-03-27 16:00:00+00:00
[2025-03-27T16:53:34.060+0000] {processor.py:183} INFO - Processing /home/airflow/.local/lib/python3.8/site-packages/airflow/example_dags/example_latest_only_with_trigger.py took 0.071 seconds
[2025-03-27T16:54:04.662+0000] {processor.py:161} INFO - Started process (PID=18896) to work on /home/airflow/.local/lib/python3.8/site-packages/airflow/example_dags/example_latest_only_with_trigger.py
[2025-03-27T16:54:04.663+0000] {processor.py:830} INFO - Processing file /home/airflow/.local/lib/python3.8/site-packages/airflow/example_dags/example_latest_only_with_trigger.py for tasks to queue
[2025-03-27T16:54:04.664+0000] {logging_mixin.py:188} INFO - [2025-03-27T16:54:04.663+0000] {dagbag.py:538} INFO - Filling up the DagBag from /home/airflow/.local/lib/python3.8/site-packages/airflow/example_dags/example_latest_only_with_trigger.py
[2025-03-27T16:54:04.669+0000] {processor.py:840} INFO - DAG(s) 'latest_only_with_trigger' retrieved from /home/airflow/.local/lib/python3.8/site-packages/airflow/example_dags/example_latest_only_with_trigger.py
[2025-03-27T16:54:04.689+0000] {logging_mixin.py:188} INFO - [2025-03-27T16:54:04.689+0000] {dag.py:3036} INFO - Sync 1 DAGs
[2025-03-27T16:54:04.862+0000] {logging_mixin.py:188} INFO - [2025-03-27T16:54:04.861+0000] {dag.py:3823} INFO - Setting next_dagrun for latest_only_with_trigger to 2025-03-27 12:00:00+00:00, run_after=2025-03-27 16:00:00+00:00
[2025-03-27T16:54:04.884+0000] {processor.py:183} INFO - Processing /home/airflow/.local/lib/python3.8/site-packages/airflow/example_dags/example_latest_only_with_trigger.py took 0.225 seconds
[2025-03-27T16:54:35.359+0000] {processor.py:161} INFO - Started process (PID=19154) to work on /home/airflow/.local/lib/python3.8/site-packages/airflow/example_dags/example_latest_only_with_trigger.py
[2025-03-27T16:54:35.360+0000] {processor.py:830} INFO - Processing file /home/airflow/.local/lib/python3.8/site-packages/airflow/example_dags/example_latest_only_with_trigger.py for tasks to queue
[2025-03-27T16:54:35.361+0000] {logging_mixin.py:188} INFO - [2025-03-27T16:54:35.361+0000] {dagbag.py:538} INFO - Filling up the DagBag from /home/airflow/.local/lib/python3.8/site-packages/airflow/example_dags/example_latest_only_with_trigger.py
[2025-03-27T16:54:35.367+0000] {processor.py:840} INFO - DAG(s) 'latest_only_with_trigger' retrieved from /home/airflow/.local/lib/python3.8/site-packages/airflow/example_dags/example_latest_only_with_trigger.py
[2025-03-27T16:54:35.387+0000] {logging_mixin.py:188} INFO - [2025-03-27T16:54:35.387+0000] {dag.py:3036} INFO - Sync 1 DAGs
[2025-03-27T16:54:35.572+0000] {logging_mixin.py:188} INFO - [2025-03-27T16:54:35.572+0000] {dag.py:3823} INFO - Setting next_dagrun for latest_only_with_trigger to 2025-03-27 12:00:00+00:00, run_after=2025-03-27 16:00:00+00:00
[2025-03-27T16:54:35.592+0000] {processor.py:183} INFO - Processing /home/airflow/.local/lib/python3.8/site-packages/airflow/example_dags/example_latest_only_with_trigger.py took 0.236 seconds
[2025-03-27T16:55:05.670+0000] {processor.py:161} INFO - Started process (PID=19406) to work on /home/airflow/.local/lib/python3.8/site-packages/airflow/example_dags/example_latest_only_with_trigger.py
[2025-03-27T16:55:05.671+0000] {processor.py:830} INFO - Processing file /home/airflow/.local/lib/python3.8/site-packages/airflow/example_dags/example_latest_only_with_trigger.py for tasks to queue
[2025-03-27T16:55:05.672+0000] {logging_mixin.py:188} INFO - [2025-03-27T16:55:05.672+0000] {dagbag.py:538} INFO - Filling up the DagBag from /home/airflow/.local/lib/python3.8/site-packages/airflow/example_dags/example_latest_only_with_trigger.py
[2025-03-27T16:55:05.677+0000] {processor.py:840} INFO - DAG(s) 'latest_only_with_trigger' retrieved from /home/airflow/.local/lib/python3.8/site-packages/airflow/example_dags/example_latest_only_with_trigger.py
[2025-03-27T16:55:05.694+0000] {logging_mixin.py:188} INFO - [2025-03-27T16:55:05.694+0000] {dag.py:3036} INFO - Sync 1 DAGs
[2025-03-27T16:55:05.714+0000] {logging_mixin.py:188} INFO - [2025-03-27T16:55:05.714+0000] {dag.py:3823} INFO - Setting next_dagrun for latest_only_with_trigger to 2025-03-27 12:00:00+00:00, run_after=2025-03-27 16:00:00+00:00
[2025-03-27T16:55:05.853+0000] {processor.py:183} INFO - Processing /home/airflow/.local/lib/python3.8/site-packages/airflow/example_dags/example_latest_only_with_trigger.py took 0.185 seconds
[2025-03-27T16:55:36.623+0000] {processor.py:161} INFO - Started process (PID=19658) to work on /home/airflow/.local/lib/python3.8/site-packages/airflow/example_dags/example_latest_only_with_trigger.py
[2025-03-27T16:55:36.624+0000] {processor.py:830} INFO - Processing file /home/airflow/.local/lib/python3.8/site-packages/airflow/example_dags/example_latest_only_with_trigger.py for tasks to queue
[2025-03-27T16:55:36.625+0000] {logging_mixin.py:188} INFO - [2025-03-27T16:55:36.625+0000] {dagbag.py:538} INFO - Filling up the DagBag from /home/airflow/.local/lib/python3.8/site-packages/airflow/example_dags/example_latest_only_with_trigger.py
[2025-03-27T16:55:36.630+0000] {processor.py:840} INFO - DAG(s) 'latest_only_with_trigger' retrieved from /home/airflow/.local/lib/python3.8/site-packages/airflow/example_dags/example_latest_only_with_trigger.py
[2025-03-27T16:55:36.648+0000] {logging_mixin.py:188} INFO - [2025-03-27T16:55:36.648+0000] {dag.py:3036} INFO - Sync 1 DAGs
[2025-03-27T16:55:36.668+0000] {logging_mixin.py:188} INFO - [2025-03-27T16:55:36.667+0000] {dag.py:3823} INFO - Setting next_dagrun for latest_only_with_trigger to 2025-03-27 12:00:00+00:00, run_after=2025-03-27 16:00:00+00:00
[2025-03-27T16:55:36.692+0000] {processor.py:183} INFO - Processing /home/airflow/.local/lib/python3.8/site-packages/airflow/example_dags/example_latest_only_with_trigger.py took 0.072 seconds
[2025-03-27T16:56:06.802+0000] {processor.py:161} INFO - Started process (PID=19910) to work on /home/airflow/.local/lib/python3.8/site-packages/airflow/example_dags/example_latest_only_with_trigger.py
[2025-03-27T16:56:06.803+0000] {processor.py:830} INFO - Processing file /home/airflow/.local/lib/python3.8/site-packages/airflow/example_dags/example_latest_only_with_trigger.py for tasks to queue
[2025-03-27T16:56:06.804+0000] {logging_mixin.py:188} INFO - [2025-03-27T16:56:06.803+0000] {dagbag.py:538} INFO - Filling up the DagBag from /home/airflow/.local/lib/python3.8/site-packages/airflow/example_dags/example_latest_only_with_trigger.py
[2025-03-27T16:56:06.809+0000] {processor.py:840} INFO - DAG(s) 'latest_only_with_trigger' retrieved from /home/airflow/.local/lib/python3.8/site-packages/airflow/example_dags/example_latest_only_with_trigger.py
[2025-03-27T16:56:06.826+0000] {logging_mixin.py:188} INFO - [2025-03-27T16:56:06.826+0000] {dag.py:3036} INFO - Sync 1 DAGs
[2025-03-27T16:56:06.845+0000] {logging_mixin.py:188} INFO - [2025-03-27T16:56:06.845+0000] {dag.py:3823} INFO - Setting next_dagrun for latest_only_with_trigger to 2025-03-27 12:00:00+00:00, run_after=2025-03-27 16:00:00+00:00
[2025-03-27T16:56:06.861+0000] {processor.py:183} INFO - Processing /home/airflow/.local/lib/python3.8/site-packages/airflow/example_dags/example_latest_only_with_trigger.py took 0.062 seconds
[2025-03-27T16:56:37.135+0000] {processor.py:161} INFO - Started process (PID=20162) to work on /home/airflow/.local/lib/python3.8/site-packages/airflow/example_dags/example_latest_only_with_trigger.py
[2025-03-27T16:56:37.136+0000] {processor.py:830} INFO - Processing file /home/airflow/.local/lib/python3.8/site-packages/airflow/example_dags/example_latest_only_with_trigger.py for tasks to queue
[2025-03-27T16:56:37.137+0000] {logging_mixin.py:188} INFO - [2025-03-27T16:56:37.137+0000] {dagbag.py:538} INFO - Filling up the DagBag from /home/airflow/.local/lib/python3.8/site-packages/airflow/example_dags/example_latest_only_with_trigger.py
[2025-03-27T16:56:37.145+0000] {processor.py:840} INFO - DAG(s) 'latest_only_with_trigger' retrieved from /home/airflow/.local/lib/python3.8/site-packages/airflow/example_dags/example_latest_only_with_trigger.py
[2025-03-27T16:56:37.170+0000] {logging_mixin.py:188} INFO - [2025-03-27T16:56:37.170+0000] {dag.py:3036} INFO - Sync 1 DAGs
[2025-03-27T16:56:37.198+0000] {logging_mixin.py:188} INFO - [2025-03-27T16:56:37.197+0000] {dag.py:3823} INFO - Setting next_dagrun for latest_only_with_trigger to 2025-03-27 12:00:00+00:00, run_after=2025-03-27 16:00:00+00:00
[2025-03-27T16:56:37.223+0000] {processor.py:183} INFO - Processing /home/airflow/.local/lib/python3.8/site-packages/airflow/example_dags/example_latest_only_with_trigger.py took 0.092 seconds
[2025-03-27T16:57:07.576+0000] {processor.py:161} INFO - Started process (PID=20414) to work on /home/airflow/.local/lib/python3.8/site-packages/airflow/example_dags/example_latest_only_with_trigger.py
[2025-03-27T16:57:07.577+0000] {processor.py:830} INFO - Processing file /home/airflow/.local/lib/python3.8/site-packages/airflow/example_dags/example_latest_only_with_trigger.py for tasks to queue
[2025-03-27T16:57:07.578+0000] {logging_mixin.py:188} INFO - [2025-03-27T16:57:07.578+0000] {dagbag.py:538} INFO - Filling up the DagBag from /home/airflow/.local/lib/python3.8/site-packages/airflow/example_dags/example_latest_only_with_trigger.py
[2025-03-27T16:57:07.584+0000] {processor.py:840} INFO - DAG(s) 'latest_only_with_trigger' retrieved from /home/airflow/.local/lib/python3.8/site-packages/airflow/example_dags/example_latest_only_with_trigger.py
[2025-03-27T16:57:07.603+0000] {logging_mixin.py:188} INFO - [2025-03-27T16:57:07.603+0000] {dag.py:3036} INFO - Sync 1 DAGs
[2025-03-27T16:57:07.623+0000] {logging_mixin.py:188} INFO - [2025-03-27T16:57:07.623+0000] {dag.py:3823} INFO - Setting next_dagrun for latest_only_with_trigger to 2025-03-27 12:00:00+00:00, run_after=2025-03-27 16:00:00+00:00
[2025-03-27T16:57:07.639+0000] {processor.py:183} INFO - Processing /home/airflow/.local/lib/python3.8/site-packages/airflow/example_dags/example_latest_only_with_trigger.py took 0.066 seconds
[2025-03-27T16:57:37.958+0000] {processor.py:161} INFO - Started process (PID=20668) to work on /home/airflow/.local/lib/python3.8/site-packages/airflow/example_dags/example_latest_only_with_trigger.py
[2025-03-27T16:57:37.959+0000] {processor.py:830} INFO - Processing file /home/airflow/.local/lib/python3.8/site-packages/airflow/example_dags/example_latest_only_with_trigger.py for tasks to queue
[2025-03-27T16:57:37.960+0000] {logging_mixin.py:188} INFO - [2025-03-27T16:57:37.960+0000] {dagbag.py:538} INFO - Filling up the DagBag from /home/airflow/.local/lib/python3.8/site-packages/airflow/example_dags/example_latest_only_with_trigger.py
[2025-03-27T16:57:37.965+0000] {processor.py:840} INFO - DAG(s) 'latest_only_with_trigger' retrieved from /home/airflow/.local/lib/python3.8/site-packages/airflow/example_dags/example_latest_only_with_trigger.py
[2025-03-27T16:57:37.985+0000] {logging_mixin.py:188} INFO - [2025-03-27T16:57:37.985+0000] {dag.py:3036} INFO - Sync 1 DAGs
[2025-03-27T16:57:38.004+0000] {logging_mixin.py:188} INFO - [2025-03-27T16:57:38.004+0000] {dag.py:3823} INFO - Setting next_dagrun for latest_only_with_trigger to 2025-03-27 12:00:00+00:00, run_after=2025-03-27 16:00:00+00:00
[2025-03-27T16:57:38.020+0000] {processor.py:183} INFO - Processing /home/airflow/.local/lib/python3.8/site-packages/airflow/example_dags/example_latest_only_with_trigger.py took 0.064 seconds
[2025-03-27T16:58:08.071+0000] {processor.py:161} INFO - Started process (PID=20920) to work on /home/airflow/.local/lib/python3.8/site-packages/airflow/example_dags/example_latest_only_with_trigger.py
[2025-03-27T16:58:08.072+0000] {processor.py:830} INFO - Processing file /home/airflow/.local/lib/python3.8/site-packages/airflow/example_dags/example_latest_only_with_trigger.py for tasks to queue
[2025-03-27T16:58:08.073+0000] {logging_mixin.py:188} INFO - [2025-03-27T16:58:08.073+0000] {dagbag.py:538} INFO - Filling up the DagBag from /home/airflow/.local/lib/python3.8/site-packages/airflow/example_dags/example_latest_only_with_trigger.py
[2025-03-27T16:58:08.079+0000] {processor.py:840} INFO - DAG(s) 'latest_only_with_trigger' retrieved from /home/airflow/.local/lib/python3.8/site-packages/airflow/example_dags/example_latest_only_with_trigger.py
[2025-03-27T16:58:08.099+0000] {logging_mixin.py:188} INFO - [2025-03-27T16:58:08.099+0000] {dag.py:3036} INFO - Sync 1 DAGs
[2025-03-27T16:58:08.119+0000] {logging_mixin.py:188} INFO - [2025-03-27T16:58:08.119+0000] {dag.py:3823} INFO - Setting next_dagrun for latest_only_with_trigger to 2025-03-27 12:00:00+00:00, run_after=2025-03-27 16:00:00+00:00
[2025-03-27T16:58:08.135+0000] {processor.py:183} INFO - Processing /home/airflow/.local/lib/python3.8/site-packages/airflow/example_dags/example_latest_only_with_trigger.py took 0.066 seconds
[2025-03-27T16:58:38.451+0000] {processor.py:161} INFO - Started process (PID=21172) to work on /home/airflow/.local/lib/python3.8/site-packages/airflow/example_dags/example_latest_only_with_trigger.py
[2025-03-27T16:58:38.452+0000] {processor.py:830} INFO - Processing file /home/airflow/.local/lib/python3.8/site-packages/airflow/example_dags/example_latest_only_with_trigger.py for tasks to queue
[2025-03-27T16:58:38.453+0000] {logging_mixin.py:188} INFO - [2025-03-27T16:58:38.452+0000] {dagbag.py:538} INFO - Filling up the DagBag from /home/airflow/.local/lib/python3.8/site-packages/airflow/example_dags/example_latest_only_with_trigger.py
[2025-03-27T16:58:38.460+0000] {processor.py:840} INFO - DAG(s) 'latest_only_with_trigger' retrieved from /home/airflow/.local/lib/python3.8/site-packages/airflow/example_dags/example_latest_only_with_trigger.py
[2025-03-27T16:58:38.487+0000] {logging_mixin.py:188} INFO - [2025-03-27T16:58:38.487+0000] {dag.py:3036} INFO - Sync 1 DAGs
[2025-03-27T16:58:38.513+0000] {logging_mixin.py:188} INFO - [2025-03-27T16:58:38.513+0000] {dag.py:3823} INFO - Setting next_dagrun for latest_only_with_trigger to 2025-03-27 12:00:00+00:00, run_after=2025-03-27 16:00:00+00:00
[2025-03-27T16:58:38.543+0000] {processor.py:183} INFO - Processing /home/airflow/.local/lib/python3.8/site-packages/airflow/example_dags/example_latest_only_with_trigger.py took 0.096 seconds
[2025-03-27T16:59:08.804+0000] {processor.py:161} INFO - Started process (PID=21422) to work on /home/airflow/.local/lib/python3.8/site-packages/airflow/example_dags/example_latest_only_with_trigger.py
[2025-03-27T16:59:08.805+0000] {processor.py:830} INFO - Processing file /home/airflow/.local/lib/python3.8/site-packages/airflow/example_dags/example_latest_only_with_trigger.py for tasks to queue
[2025-03-27T16:59:08.805+0000] {logging_mixin.py:188} INFO - [2025-03-27T16:59:08.805+0000] {dagbag.py:538} INFO - Filling up the DagBag from /home/airflow/.local/lib/python3.8/site-packages/airflow/example_dags/example_latest_only_with_trigger.py
[2025-03-27T16:59:08.810+0000] {processor.py:840} INFO - DAG(s) 'latest_only_with_trigger' retrieved from /home/airflow/.local/lib/python3.8/site-packages/airflow/example_dags/example_latest_only_with_trigger.py
[2025-03-27T16:59:08.829+0000] {logging_mixin.py:188} INFO - [2025-03-27T16:59:08.829+0000] {dag.py:3036} INFO - Sync 1 DAGs
[2025-03-27T16:59:08.849+0000] {logging_mixin.py:188} INFO - [2025-03-27T16:59:08.848+0000] {dag.py:3823} INFO - Setting next_dagrun for latest_only_with_trigger to 2025-03-27 12:00:00+00:00, run_after=2025-03-27 16:00:00+00:00
[2025-03-27T16:59:08.863+0000] {processor.py:183} INFO - Processing /home/airflow/.local/lib/python3.8/site-packages/airflow/example_dags/example_latest_only_with_trigger.py took 0.062 seconds
[2025-03-27T16:59:39.607+0000] {processor.py:161} INFO - Started process (PID=21676) to work on /home/airflow/.local/lib/python3.8/site-packages/airflow/example_dags/example_latest_only_with_trigger.py
[2025-03-27T16:59:39.608+0000] {processor.py:830} INFO - Processing file /home/airflow/.local/lib/python3.8/site-packages/airflow/example_dags/example_latest_only_with_trigger.py for tasks to queue
[2025-03-27T16:59:39.609+0000] {logging_mixin.py:188} INFO - [2025-03-27T16:59:39.609+0000] {dagbag.py:538} INFO - Filling up the DagBag from /home/airflow/.local/lib/python3.8/site-packages/airflow/example_dags/example_latest_only_with_trigger.py
[2025-03-27T16:59:39.615+0000] {processor.py:840} INFO - DAG(s) 'latest_only_with_trigger' retrieved from /home/airflow/.local/lib/python3.8/site-packages/airflow/example_dags/example_latest_only_with_trigger.py
[2025-03-27T16:59:39.638+0000] {logging_mixin.py:188} INFO - [2025-03-27T16:59:39.638+0000] {dag.py:3036} INFO - Sync 1 DAGs
[2025-03-27T16:59:39.662+0000] {logging_mixin.py:188} INFO - [2025-03-27T16:59:39.662+0000] {dag.py:3823} INFO - Setting next_dagrun for latest_only_with_trigger to 2025-03-27 12:00:00+00:00, run_after=2025-03-27 16:00:00+00:00
[2025-03-27T16:59:39.681+0000] {processor.py:183} INFO - Processing /home/airflow/.local/lib/python3.8/site-packages/airflow/example_dags/example_latest_only_with_trigger.py took 0.077 seconds
[2025-03-27T17:00:09.913+0000] {processor.py:161} INFO - Started process (PID=21928) to work on /home/airflow/.local/lib/python3.8/site-packages/airflow/example_dags/example_latest_only_with_trigger.py
[2025-03-27T17:00:09.913+0000] {processor.py:830} INFO - Processing file /home/airflow/.local/lib/python3.8/site-packages/airflow/example_dags/example_latest_only_with_trigger.py for tasks to queue
[2025-03-27T17:00:09.914+0000] {logging_mixin.py:188} INFO - [2025-03-27T17:00:09.914+0000] {dagbag.py:538} INFO - Filling up the DagBag from /home/airflow/.local/lib/python3.8/site-packages/airflow/example_dags/example_latest_only_with_trigger.py
[2025-03-27T17:00:09.919+0000] {processor.py:840} INFO - DAG(s) 'latest_only_with_trigger' retrieved from /home/airflow/.local/lib/python3.8/site-packages/airflow/example_dags/example_latest_only_with_trigger.py
[2025-03-27T17:00:09.937+0000] {logging_mixin.py:188} INFO - [2025-03-27T17:00:09.937+0000] {dag.py:3036} INFO - Sync 1 DAGs
[2025-03-27T17:00:09.956+0000] {logging_mixin.py:188} INFO - [2025-03-27T17:00:09.956+0000] {dag.py:3823} INFO - Setting next_dagrun for latest_only_with_trigger to 2025-03-27 12:00:00+00:00, run_after=2025-03-27 16:00:00+00:00
[2025-03-27T17:00:09.973+0000] {processor.py:183} INFO - Processing /home/airflow/.local/lib/python3.8/site-packages/airflow/example_dags/example_latest_only_with_trigger.py took 0.062 seconds
