[2025-03-27T16:27:00.835+0000] {processor.py:161} INFO - Started process (PID=278) to work on /home/airflow/.local/lib/python3.8/site-packages/airflow/example_dags/example_short_circuit_decorator.py
[2025-03-27T16:27:00.836+0000] {processor.py:830} INFO - Processing file /home/airflow/.local/lib/python3.8/site-packages/airflow/example_dags/example_short_circuit_decorator.py for tasks to queue
[2025-03-27T16:27:00.837+0000] {logging_mixin.py:188} INFO - [2025-03-27T16:27:00.837+0000] {dagbag.py:538} INFO - Filling up the DagBag from /home/airflow/.local/lib/python3.8/site-packages/airflow/example_dags/example_short_circuit_decorator.py
[2025-03-27T16:27:00.847+0000] {processor.py:840} INFO - DAG(s) 'example_short_circuit_decorator' retrieved from /home/airflow/.local/lib/python3.8/site-packages/airflow/example_dags/example_short_circuit_decorator.py
[2025-03-27T16:27:00.858+0000] {logging_mixin.py:188} INFO - [2025-03-27T16:27:00.858+0000] {dag.py:3036} INFO - Sync 1 DAGs
[2025-03-27T16:27:00.880+0000] {logging_mixin.py:188} INFO - [2025-03-27T16:27:00.880+0000] {dag.py:3823} INFO - Setting next_dagrun for example_short_circuit_decorator to 2025-03-26 00:00:00+00:00, run_after=2025-03-27 00:00:00+00:00
[2025-03-27T16:27:00.897+0000] {processor.py:183} INFO - Processing /home/airflow/.local/lib/python3.8/site-packages/airflow/example_dags/example_short_circuit_decorator.py took 0.065 seconds
[2025-03-27T16:27:31.405+0000] {processor.py:161} INFO - Started process (PID=523) to work on /home/airflow/.local/lib/python3.8/site-packages/airflow/example_dags/example_short_circuit_decorator.py
[2025-03-27T16:27:31.406+0000] {processor.py:830} INFO - Processing file /home/airflow/.local/lib/python3.8/site-packages/airflow/example_dags/example_short_circuit_decorator.py for tasks to queue
[2025-03-27T16:27:31.407+0000] {logging_mixin.py:188} INFO - [2025-03-27T16:27:31.407+0000] {dagbag.py:538} INFO - Filling up the DagBag from /home/airflow/.local/lib/python3.8/site-packages/airflow/example_dags/example_short_circuit_decorator.py
[2025-03-27T16:27:31.415+0000] {processor.py:840} INFO - DAG(s) 'example_short_circuit_decorator' retrieved from /home/airflow/.local/lib/python3.8/site-packages/airflow/example_dags/example_short_circuit_decorator.py
[2025-03-27T16:27:31.526+0000] {logging_mixin.py:188} INFO - [2025-03-27T16:27:31.526+0000] {dag.py:3036} INFO - Sync 1 DAGs
[2025-03-27T16:27:31.552+0000] {logging_mixin.py:188} INFO - [2025-03-27T16:27:31.552+0000] {dag.py:3823} INFO - Setting next_dagrun for example_short_circuit_decorator to 2025-03-26 00:00:00+00:00, run_after=2025-03-27 00:00:00+00:00
[2025-03-27T16:27:31.576+0000] {processor.py:183} INFO - Processing /home/airflow/.local/lib/python3.8/site-packages/airflow/example_dags/example_short_circuit_decorator.py took 0.173 seconds
[2025-03-27T16:28:02.452+0000] {processor.py:161} INFO - Started process (PID=770) to work on /home/airflow/.local/lib/python3.8/site-packages/airflow/example_dags/example_short_circuit_decorator.py
[2025-03-27T16:28:02.454+0000] {processor.py:830} INFO - Processing file /home/airflow/.local/lib/python3.8/site-packages/airflow/example_dags/example_short_circuit_decorator.py for tasks to queue
[2025-03-27T16:28:02.455+0000] {logging_mixin.py:188} INFO - [2025-03-27T16:28:02.455+0000] {dagbag.py:538} INFO - Filling up the DagBag from /home/airflow/.local/lib/python3.8/site-packages/airflow/example_dags/example_short_circuit_decorator.py
[2025-03-27T16:28:02.464+0000] {processor.py:840} INFO - DAG(s) 'example_short_circuit_decorator' retrieved from /home/airflow/.local/lib/python3.8/site-packages/airflow/example_dags/example_short_circuit_decorator.py
[2025-03-27T16:28:02.491+0000] {logging_mixin.py:188} INFO - [2025-03-27T16:28:02.491+0000] {dag.py:3036} INFO - Sync 1 DAGs
[2025-03-27T16:28:02.524+0000] {logging_mixin.py:188} INFO - [2025-03-27T16:28:02.523+0000] {dag.py:3823} INFO - Setting next_dagrun for example_short_circuit_decorator to 2025-03-26 00:00:00+00:00, run_after=2025-03-27 00:00:00+00:00
[2025-03-27T16:28:02.552+0000] {processor.py:183} INFO - Processing /home/airflow/.local/lib/python3.8/site-packages/airflow/example_dags/example_short_circuit_decorator.py took 0.106 seconds
[2025-03-27T16:28:33.339+0000] {processor.py:161} INFO - Started process (PID=1023) to work on /home/airflow/.local/lib/python3.8/site-packages/airflow/example_dags/example_short_circuit_decorator.py
[2025-03-27T16:28:33.340+0000] {processor.py:830} INFO - Processing file /home/airflow/.local/lib/python3.8/site-packages/airflow/example_dags/example_short_circuit_decorator.py for tasks to queue
[2025-03-27T16:28:33.340+0000] {logging_mixin.py:188} INFO - [2025-03-27T16:28:33.340+0000] {dagbag.py:538} INFO - Filling up the DagBag from /home/airflow/.local/lib/python3.8/site-packages/airflow/example_dags/example_short_circuit_decorator.py
[2025-03-27T16:28:33.349+0000] {processor.py:840} INFO - DAG(s) 'example_short_circuit_decorator' retrieved from /home/airflow/.local/lib/python3.8/site-packages/airflow/example_dags/example_short_circuit_decorator.py
[2025-03-27T16:28:33.371+0000] {logging_mixin.py:188} INFO - [2025-03-27T16:28:33.370+0000] {dag.py:3036} INFO - Sync 1 DAGs
[2025-03-27T16:28:33.390+0000] {logging_mixin.py:188} INFO - [2025-03-27T16:28:33.390+0000] {dag.py:3823} INFO - Setting next_dagrun for example_short_circuit_decorator to 2025-03-26 00:00:00+00:00, run_after=2025-03-27 00:00:00+00:00
[2025-03-27T16:28:33.406+0000] {processor.py:183} INFO - Processing /home/airflow/.local/lib/python3.8/site-packages/airflow/example_dags/example_short_circuit_decorator.py took 0.070 seconds
[2025-03-27T16:29:03.985+0000] {processor.py:161} INFO - Started process (PID=1272) to work on /home/airflow/.local/lib/python3.8/site-packages/airflow/example_dags/example_short_circuit_decorator.py
[2025-03-27T16:29:03.986+0000] {processor.py:830} INFO - Processing file /home/airflow/.local/lib/python3.8/site-packages/airflow/example_dags/example_short_circuit_decorator.py for tasks to queue
[2025-03-27T16:29:03.986+0000] {logging_mixin.py:188} INFO - [2025-03-27T16:29:03.986+0000] {dagbag.py:538} INFO - Filling up the DagBag from /home/airflow/.local/lib/python3.8/site-packages/airflow/example_dags/example_short_circuit_decorator.py
[2025-03-27T16:29:03.995+0000] {processor.py:840} INFO - DAG(s) 'example_short_circuit_decorator' retrieved from /home/airflow/.local/lib/python3.8/site-packages/airflow/example_dags/example_short_circuit_decorator.py
[2025-03-27T16:29:04.017+0000] {logging_mixin.py:188} INFO - [2025-03-27T16:29:04.017+0000] {dag.py:3036} INFO - Sync 1 DAGs
[2025-03-27T16:29:04.039+0000] {logging_mixin.py:188} INFO - [2025-03-27T16:29:04.039+0000] {dag.py:3823} INFO - Setting next_dagrun for example_short_circuit_decorator to 2025-03-26 00:00:00+00:00, run_after=2025-03-27 00:00:00+00:00
[2025-03-27T16:29:04.056+0000] {processor.py:183} INFO - Processing /home/airflow/.local/lib/python3.8/site-packages/airflow/example_dags/example_short_circuit_decorator.py took 0.074 seconds
[2025-03-27T16:29:34.651+0000] {processor.py:161} INFO - Started process (PID=1517) to work on /home/airflow/.local/lib/python3.8/site-packages/airflow/example_dags/example_short_circuit_decorator.py
[2025-03-27T16:29:34.651+0000] {processor.py:830} INFO - Processing file /home/airflow/.local/lib/python3.8/site-packages/airflow/example_dags/example_short_circuit_decorator.py for tasks to queue
[2025-03-27T16:29:34.652+0000] {logging_mixin.py:188} INFO - [2025-03-27T16:29:34.652+0000] {dagbag.py:538} INFO - Filling up the DagBag from /home/airflow/.local/lib/python3.8/site-packages/airflow/example_dags/example_short_circuit_decorator.py
[2025-03-27T16:29:34.660+0000] {processor.py:840} INFO - DAG(s) 'example_short_circuit_decorator' retrieved from /home/airflow/.local/lib/python3.8/site-packages/airflow/example_dags/example_short_circuit_decorator.py
[2025-03-27T16:29:34.682+0000] {logging_mixin.py:188} INFO - [2025-03-27T16:29:34.682+0000] {dag.py:3036} INFO - Sync 1 DAGs
[2025-03-27T16:29:34.703+0000] {logging_mixin.py:188} INFO - [2025-03-27T16:29:34.703+0000] {dag.py:3823} INFO - Setting next_dagrun for example_short_circuit_decorator to 2025-03-26 00:00:00+00:00, run_after=2025-03-27 00:00:00+00:00
[2025-03-27T16:29:34.719+0000] {processor.py:183} INFO - Processing /home/airflow/.local/lib/python3.8/site-packages/airflow/example_dags/example_short_circuit_decorator.py took 0.071 seconds
[2025-03-27T16:30:05.189+0000] {processor.py:161} INFO - Started process (PID=1764) to work on /home/airflow/.local/lib/python3.8/site-packages/airflow/example_dags/example_short_circuit_decorator.py
[2025-03-27T16:30:05.189+0000] {processor.py:830} INFO - Processing file /home/airflow/.local/lib/python3.8/site-packages/airflow/example_dags/example_short_circuit_decorator.py for tasks to queue
[2025-03-27T16:30:05.190+0000] {logging_mixin.py:188} INFO - [2025-03-27T16:30:05.190+0000] {dagbag.py:538} INFO - Filling up the DagBag from /home/airflow/.local/lib/python3.8/site-packages/airflow/example_dags/example_short_circuit_decorator.py
[2025-03-27T16:30:05.200+0000] {processor.py:840} INFO - DAG(s) 'example_short_circuit_decorator' retrieved from /home/airflow/.local/lib/python3.8/site-packages/airflow/example_dags/example_short_circuit_decorator.py
[2025-03-27T16:30:05.223+0000] {logging_mixin.py:188} INFO - [2025-03-27T16:30:05.223+0000] {dag.py:3036} INFO - Sync 1 DAGs
[2025-03-27T16:30:05.244+0000] {logging_mixin.py:188} INFO - [2025-03-27T16:30:05.244+0000] {dag.py:3823} INFO - Setting next_dagrun for example_short_circuit_decorator to 2025-03-26 00:00:00+00:00, run_after=2025-03-27 00:00:00+00:00
[2025-03-27T16:30:05.261+0000] {processor.py:183} INFO - Processing /home/airflow/.local/lib/python3.8/site-packages/airflow/example_dags/example_short_circuit_decorator.py took 0.075 seconds
[2025-03-27T16:30:35.752+0000] {processor.py:161} INFO - Started process (PID=2011) to work on /home/airflow/.local/lib/python3.8/site-packages/airflow/example_dags/example_short_circuit_decorator.py
[2025-03-27T16:30:35.753+0000] {processor.py:830} INFO - Processing file /home/airflow/.local/lib/python3.8/site-packages/airflow/example_dags/example_short_circuit_decorator.py for tasks to queue
[2025-03-27T16:30:35.754+0000] {logging_mixin.py:188} INFO - [2025-03-27T16:30:35.753+0000] {dagbag.py:538} INFO - Filling up the DagBag from /home/airflow/.local/lib/python3.8/site-packages/airflow/example_dags/example_short_circuit_decorator.py
[2025-03-27T16:30:35.761+0000] {processor.py:840} INFO - DAG(s) 'example_short_circuit_decorator' retrieved from /home/airflow/.local/lib/python3.8/site-packages/airflow/example_dags/example_short_circuit_decorator.py
[2025-03-27T16:30:35.782+0000] {logging_mixin.py:188} INFO - [2025-03-27T16:30:35.782+0000] {dag.py:3036} INFO - Sync 1 DAGs
[2025-03-27T16:30:35.801+0000] {logging_mixin.py:188} INFO - [2025-03-27T16:30:35.801+0000] {dag.py:3823} INFO - Setting next_dagrun for example_short_circuit_decorator to 2025-03-26 00:00:00+00:00, run_after=2025-03-27 00:00:00+00:00
[2025-03-27T16:30:35.817+0000] {processor.py:183} INFO - Processing /home/airflow/.local/lib/python3.8/site-packages/airflow/example_dags/example_short_circuit_decorator.py took 0.068 seconds
[2025-03-27T16:31:06.180+0000] {processor.py:161} INFO - Started process (PID=2258) to work on /home/airflow/.local/lib/python3.8/site-packages/airflow/example_dags/example_short_circuit_decorator.py
[2025-03-27T16:31:06.181+0000] {processor.py:830} INFO - Processing file /home/airflow/.local/lib/python3.8/site-packages/airflow/example_dags/example_short_circuit_decorator.py for tasks to queue
[2025-03-27T16:31:06.182+0000] {logging_mixin.py:188} INFO - [2025-03-27T16:31:06.181+0000] {dagbag.py:538} INFO - Filling up the DagBag from /home/airflow/.local/lib/python3.8/site-packages/airflow/example_dags/example_short_circuit_decorator.py
[2025-03-27T16:31:06.189+0000] {processor.py:840} INFO - DAG(s) 'example_short_circuit_decorator' retrieved from /home/airflow/.local/lib/python3.8/site-packages/airflow/example_dags/example_short_circuit_decorator.py
[2025-03-27T16:31:06.210+0000] {logging_mixin.py:188} INFO - [2025-03-27T16:31:06.210+0000] {dag.py:3036} INFO - Sync 1 DAGs
[2025-03-27T16:31:06.230+0000] {logging_mixin.py:188} INFO - [2025-03-27T16:31:06.229+0000] {dag.py:3823} INFO - Setting next_dagrun for example_short_circuit_decorator to 2025-03-26 00:00:00+00:00, run_after=2025-03-27 00:00:00+00:00
[2025-03-27T16:31:06.245+0000] {processor.py:183} INFO - Processing /home/airflow/.local/lib/python3.8/site-packages/airflow/example_dags/example_short_circuit_decorator.py took 0.067 seconds
[2025-03-27T16:31:36.746+0000] {processor.py:161} INFO - Started process (PID=2505) to work on /home/airflow/.local/lib/python3.8/site-packages/airflow/example_dags/example_short_circuit_decorator.py
[2025-03-27T16:31:36.747+0000] {processor.py:830} INFO - Processing file /home/airflow/.local/lib/python3.8/site-packages/airflow/example_dags/example_short_circuit_decorator.py for tasks to queue
[2025-03-27T16:31:36.748+0000] {logging_mixin.py:188} INFO - [2025-03-27T16:31:36.748+0000] {dagbag.py:538} INFO - Filling up the DagBag from /home/airflow/.local/lib/python3.8/site-packages/airflow/example_dags/example_short_circuit_decorator.py
[2025-03-27T16:31:36.757+0000] {processor.py:840} INFO - DAG(s) 'example_short_circuit_decorator' retrieved from /home/airflow/.local/lib/python3.8/site-packages/airflow/example_dags/example_short_circuit_decorator.py
[2025-03-27T16:31:36.778+0000] {logging_mixin.py:188} INFO - [2025-03-27T16:31:36.777+0000] {dag.py:3036} INFO - Sync 1 DAGs
[2025-03-27T16:31:36.796+0000] {logging_mixin.py:188} INFO - [2025-03-27T16:31:36.796+0000] {dag.py:3823} INFO - Setting next_dagrun for example_short_circuit_decorator to 2025-03-26 00:00:00+00:00, run_after=2025-03-27 00:00:00+00:00
[2025-03-27T16:31:36.812+0000] {processor.py:183} INFO - Processing /home/airflow/.local/lib/python3.8/site-packages/airflow/example_dags/example_short_circuit_decorator.py took 0.069 seconds
[2025-03-27T16:32:06.960+0000] {processor.py:161} INFO - Started process (PID=2752) to work on /home/airflow/.local/lib/python3.8/site-packages/airflow/example_dags/example_short_circuit_decorator.py
[2025-03-27T16:32:06.961+0000] {processor.py:830} INFO - Processing file /home/airflow/.local/lib/python3.8/site-packages/airflow/example_dags/example_short_circuit_decorator.py for tasks to queue
[2025-03-27T16:32:06.962+0000] {logging_mixin.py:188} INFO - [2025-03-27T16:32:06.962+0000] {dagbag.py:538} INFO - Filling up the DagBag from /home/airflow/.local/lib/python3.8/site-packages/airflow/example_dags/example_short_circuit_decorator.py
[2025-03-27T16:32:06.970+0000] {processor.py:840} INFO - DAG(s) 'example_short_circuit_decorator' retrieved from /home/airflow/.local/lib/python3.8/site-packages/airflow/example_dags/example_short_circuit_decorator.py
[2025-03-27T16:32:06.990+0000] {logging_mixin.py:188} INFO - [2025-03-27T16:32:06.990+0000] {dag.py:3036} INFO - Sync 1 DAGs
[2025-03-27T16:32:07.009+0000] {logging_mixin.py:188} INFO - [2025-03-27T16:32:07.008+0000] {dag.py:3823} INFO - Setting next_dagrun for example_short_circuit_decorator to 2025-03-26 00:00:00+00:00, run_after=2025-03-27 00:00:00+00:00
[2025-03-27T16:32:07.025+0000] {processor.py:183} INFO - Processing /home/airflow/.local/lib/python3.8/site-packages/airflow/example_dags/example_short_circuit_decorator.py took 0.068 seconds
[2025-03-27T16:32:37.550+0000] {processor.py:161} INFO - Started process (PID=2999) to work on /home/airflow/.local/lib/python3.8/site-packages/airflow/example_dags/example_short_circuit_decorator.py
[2025-03-27T16:32:37.551+0000] {processor.py:830} INFO - Processing file /home/airflow/.local/lib/python3.8/site-packages/airflow/example_dags/example_short_circuit_decorator.py for tasks to queue
[2025-03-27T16:32:37.552+0000] {logging_mixin.py:188} INFO - [2025-03-27T16:32:37.552+0000] {dagbag.py:538} INFO - Filling up the DagBag from /home/airflow/.local/lib/python3.8/site-packages/airflow/example_dags/example_short_circuit_decorator.py
[2025-03-27T16:32:37.563+0000] {processor.py:840} INFO - DAG(s) 'example_short_circuit_decorator' retrieved from /home/airflow/.local/lib/python3.8/site-packages/airflow/example_dags/example_short_circuit_decorator.py
[2025-03-27T16:32:37.592+0000] {logging_mixin.py:188} INFO - [2025-03-27T16:32:37.592+0000] {dag.py:3036} INFO - Sync 1 DAGs
[2025-03-27T16:32:37.630+0000] {logging_mixin.py:188} INFO - [2025-03-27T16:32:37.628+0000] {dag.py:3823} INFO - Setting next_dagrun for example_short_circuit_decorator to 2025-03-26 00:00:00+00:00, run_after=2025-03-27 00:00:00+00:00
[2025-03-27T16:32:37.681+0000] {processor.py:183} INFO - Processing /home/airflow/.local/lib/python3.8/site-packages/airflow/example_dags/example_short_circuit_decorator.py took 0.134 seconds
[2025-03-27T16:33:08.673+0000] {processor.py:161} INFO - Started process (PID=3246) to work on /home/airflow/.local/lib/python3.8/site-packages/airflow/example_dags/example_short_circuit_decorator.py
[2025-03-27T16:33:08.674+0000] {processor.py:830} INFO - Processing file /home/airflow/.local/lib/python3.8/site-packages/airflow/example_dags/example_short_circuit_decorator.py for tasks to queue
[2025-03-27T16:33:08.675+0000] {logging_mixin.py:188} INFO - [2025-03-27T16:33:08.675+0000] {dagbag.py:538} INFO - Filling up the DagBag from /home/airflow/.local/lib/python3.8/site-packages/airflow/example_dags/example_short_circuit_decorator.py
[2025-03-27T16:33:08.684+0000] {processor.py:840} INFO - DAG(s) 'example_short_circuit_decorator' retrieved from /home/airflow/.local/lib/python3.8/site-packages/airflow/example_dags/example_short_circuit_decorator.py
[2025-03-27T16:33:08.706+0000] {logging_mixin.py:188} INFO - [2025-03-27T16:33:08.706+0000] {dag.py:3036} INFO - Sync 1 DAGs
[2025-03-27T16:33:08.725+0000] {logging_mixin.py:188} INFO - [2025-03-27T16:33:08.725+0000] {dag.py:3823} INFO - Setting next_dagrun for example_short_circuit_decorator to 2025-03-26 00:00:00+00:00, run_after=2025-03-27 00:00:00+00:00
[2025-03-27T16:33:08.741+0000] {processor.py:183} INFO - Processing /home/airflow/.local/lib/python3.8/site-packages/airflow/example_dags/example_short_circuit_decorator.py took 0.071 seconds
[2025-03-27T16:33:38.878+0000] {processor.py:161} INFO - Started process (PID=3493) to work on /home/airflow/.local/lib/python3.8/site-packages/airflow/example_dags/example_short_circuit_decorator.py
[2025-03-27T16:33:38.879+0000] {processor.py:830} INFO - Processing file /home/airflow/.local/lib/python3.8/site-packages/airflow/example_dags/example_short_circuit_decorator.py for tasks to queue
[2025-03-27T16:33:38.880+0000] {logging_mixin.py:188} INFO - [2025-03-27T16:33:38.879+0000] {dagbag.py:538} INFO - Filling up the DagBag from /home/airflow/.local/lib/python3.8/site-packages/airflow/example_dags/example_short_circuit_decorator.py
[2025-03-27T16:33:38.889+0000] {processor.py:840} INFO - DAG(s) 'example_short_circuit_decorator' retrieved from /home/airflow/.local/lib/python3.8/site-packages/airflow/example_dags/example_short_circuit_decorator.py
[2025-03-27T16:33:38.912+0000] {logging_mixin.py:188} INFO - [2025-03-27T16:33:38.912+0000] {dag.py:3036} INFO - Sync 1 DAGs
[2025-03-27T16:33:38.935+0000] {logging_mixin.py:188} INFO - [2025-03-27T16:33:38.935+0000] {dag.py:3823} INFO - Setting next_dagrun for example_short_circuit_decorator to 2025-03-26 00:00:00+00:00, run_after=2025-03-27 00:00:00+00:00
[2025-03-27T16:33:38.953+0000] {processor.py:183} INFO - Processing /home/airflow/.local/lib/python3.8/site-packages/airflow/example_dags/example_short_circuit_decorator.py took 0.079 seconds
[2025-03-27T16:34:09.310+0000] {processor.py:161} INFO - Started process (PID=3740) to work on /home/airflow/.local/lib/python3.8/site-packages/airflow/example_dags/example_short_circuit_decorator.py
[2025-03-27T16:34:09.311+0000] {processor.py:830} INFO - Processing file /home/airflow/.local/lib/python3.8/site-packages/airflow/example_dags/example_short_circuit_decorator.py for tasks to queue
[2025-03-27T16:34:09.312+0000] {logging_mixin.py:188} INFO - [2025-03-27T16:34:09.312+0000] {dagbag.py:538} INFO - Filling up the DagBag from /home/airflow/.local/lib/python3.8/site-packages/airflow/example_dags/example_short_circuit_decorator.py
[2025-03-27T16:34:09.322+0000] {processor.py:840} INFO - DAG(s) 'example_short_circuit_decorator' retrieved from /home/airflow/.local/lib/python3.8/site-packages/airflow/example_dags/example_short_circuit_decorator.py
[2025-03-27T16:34:09.345+0000] {logging_mixin.py:188} INFO - [2025-03-27T16:34:09.345+0000] {dag.py:3036} INFO - Sync 1 DAGs
[2025-03-27T16:34:09.366+0000] {logging_mixin.py:188} INFO - [2025-03-27T16:34:09.366+0000] {dag.py:3823} INFO - Setting next_dagrun for example_short_circuit_decorator to 2025-03-26 00:00:00+00:00, run_after=2025-03-27 00:00:00+00:00
[2025-03-27T16:34:09.383+0000] {processor.py:183} INFO - Processing /home/airflow/.local/lib/python3.8/site-packages/airflow/example_dags/example_short_circuit_decorator.py took 0.076 seconds
[2025-03-27T16:34:39.697+0000] {processor.py:161} INFO - Started process (PID=3987) to work on /home/airflow/.local/lib/python3.8/site-packages/airflow/example_dags/example_short_circuit_decorator.py
[2025-03-27T16:34:39.698+0000] {processor.py:830} INFO - Processing file /home/airflow/.local/lib/python3.8/site-packages/airflow/example_dags/example_short_circuit_decorator.py for tasks to queue
[2025-03-27T16:34:39.699+0000] {logging_mixin.py:188} INFO - [2025-03-27T16:34:39.699+0000] {dagbag.py:538} INFO - Filling up the DagBag from /home/airflow/.local/lib/python3.8/site-packages/airflow/example_dags/example_short_circuit_decorator.py
[2025-03-27T16:34:39.708+0000] {processor.py:840} INFO - DAG(s) 'example_short_circuit_decorator' retrieved from /home/airflow/.local/lib/python3.8/site-packages/airflow/example_dags/example_short_circuit_decorator.py
[2025-03-27T16:34:39.729+0000] {logging_mixin.py:188} INFO - [2025-03-27T16:34:39.729+0000] {dag.py:3036} INFO - Sync 1 DAGs
[2025-03-27T16:34:39.749+0000] {logging_mixin.py:188} INFO - [2025-03-27T16:34:39.749+0000] {dag.py:3823} INFO - Setting next_dagrun for example_short_circuit_decorator to 2025-03-26 00:00:00+00:00, run_after=2025-03-27 00:00:00+00:00
[2025-03-27T16:34:39.765+0000] {processor.py:183} INFO - Processing /home/airflow/.local/lib/python3.8/site-packages/airflow/example_dags/example_short_circuit_decorator.py took 0.070 seconds
[2025-03-27T16:35:10.111+0000] {processor.py:161} INFO - Started process (PID=4234) to work on /home/airflow/.local/lib/python3.8/site-packages/airflow/example_dags/example_short_circuit_decorator.py
[2025-03-27T16:35:10.111+0000] {processor.py:830} INFO - Processing file /home/airflow/.local/lib/python3.8/site-packages/airflow/example_dags/example_short_circuit_decorator.py for tasks to queue
[2025-03-27T16:35:10.112+0000] {logging_mixin.py:188} INFO - [2025-03-27T16:35:10.112+0000] {dagbag.py:538} INFO - Filling up the DagBag from /home/airflow/.local/lib/python3.8/site-packages/airflow/example_dags/example_short_circuit_decorator.py
[2025-03-27T16:35:10.120+0000] {processor.py:840} INFO - DAG(s) 'example_short_circuit_decorator' retrieved from /home/airflow/.local/lib/python3.8/site-packages/airflow/example_dags/example_short_circuit_decorator.py
[2025-03-27T16:35:10.141+0000] {logging_mixin.py:188} INFO - [2025-03-27T16:35:10.141+0000] {dag.py:3036} INFO - Sync 1 DAGs
[2025-03-27T16:35:10.162+0000] {logging_mixin.py:188} INFO - [2025-03-27T16:35:10.162+0000] {dag.py:3823} INFO - Setting next_dagrun for example_short_circuit_decorator to 2025-03-26 00:00:00+00:00, run_after=2025-03-27 00:00:00+00:00
[2025-03-27T16:35:10.178+0000] {processor.py:183} INFO - Processing /home/airflow/.local/lib/python3.8/site-packages/airflow/example_dags/example_short_circuit_decorator.py took 0.070 seconds
[2025-03-27T16:35:41.039+0000] {processor.py:161} INFO - Started process (PID=4481) to work on /home/airflow/.local/lib/python3.8/site-packages/airflow/example_dags/example_short_circuit_decorator.py
[2025-03-27T16:35:41.040+0000] {processor.py:830} INFO - Processing file /home/airflow/.local/lib/python3.8/site-packages/airflow/example_dags/example_short_circuit_decorator.py for tasks to queue
[2025-03-27T16:35:41.041+0000] {logging_mixin.py:188} INFO - [2025-03-27T16:35:41.040+0000] {dagbag.py:538} INFO - Filling up the DagBag from /home/airflow/.local/lib/python3.8/site-packages/airflow/example_dags/example_short_circuit_decorator.py
[2025-03-27T16:35:41.049+0000] {processor.py:840} INFO - DAG(s) 'example_short_circuit_decorator' retrieved from /home/airflow/.local/lib/python3.8/site-packages/airflow/example_dags/example_short_circuit_decorator.py
[2025-03-27T16:35:41.074+0000] {logging_mixin.py:188} INFO - [2025-03-27T16:35:41.073+0000] {dag.py:3036} INFO - Sync 1 DAGs
[2025-03-27T16:35:41.096+0000] {logging_mixin.py:188} INFO - [2025-03-27T16:35:41.096+0000] {dag.py:3823} INFO - Setting next_dagrun for example_short_circuit_decorator to 2025-03-26 00:00:00+00:00, run_after=2025-03-27 00:00:00+00:00
[2025-03-27T16:35:41.115+0000] {processor.py:183} INFO - Processing /home/airflow/.local/lib/python3.8/site-packages/airflow/example_dags/example_short_circuit_decorator.py took 0.078 seconds
[2025-03-27T16:36:11.955+0000] {processor.py:161} INFO - Started process (PID=4728) to work on /home/airflow/.local/lib/python3.8/site-packages/airflow/example_dags/example_short_circuit_decorator.py
[2025-03-27T16:36:11.956+0000] {processor.py:830} INFO - Processing file /home/airflow/.local/lib/python3.8/site-packages/airflow/example_dags/example_short_circuit_decorator.py for tasks to queue
[2025-03-27T16:36:11.958+0000] {logging_mixin.py:188} INFO - [2025-03-27T16:36:11.957+0000] {dagbag.py:538} INFO - Filling up the DagBag from /home/airflow/.local/lib/python3.8/site-packages/airflow/example_dags/example_short_circuit_decorator.py
[2025-03-27T16:36:11.968+0000] {processor.py:840} INFO - DAG(s) 'example_short_circuit_decorator' retrieved from /home/airflow/.local/lib/python3.8/site-packages/airflow/example_dags/example_short_circuit_decorator.py
[2025-03-27T16:36:11.996+0000] {logging_mixin.py:188} INFO - [2025-03-27T16:36:11.996+0000] {dag.py:3036} INFO - Sync 1 DAGs
[2025-03-27T16:36:12.026+0000] {logging_mixin.py:188} INFO - [2025-03-27T16:36:12.026+0000] {dag.py:3823} INFO - Setting next_dagrun for example_short_circuit_decorator to 2025-03-26 00:00:00+00:00, run_after=2025-03-27 00:00:00+00:00
[2025-03-27T16:36:12.048+0000] {processor.py:183} INFO - Processing /home/airflow/.local/lib/python3.8/site-packages/airflow/example_dags/example_short_circuit_decorator.py took 0.096 seconds
[2025-03-27T16:36:42.467+0000] {processor.py:161} INFO - Started process (PID=4975) to work on /home/airflow/.local/lib/python3.8/site-packages/airflow/example_dags/example_short_circuit_decorator.py
[2025-03-27T16:36:42.468+0000] {processor.py:830} INFO - Processing file /home/airflow/.local/lib/python3.8/site-packages/airflow/example_dags/example_short_circuit_decorator.py for tasks to queue
[2025-03-27T16:36:42.469+0000] {logging_mixin.py:188} INFO - [2025-03-27T16:36:42.469+0000] {dagbag.py:538} INFO - Filling up the DagBag from /home/airflow/.local/lib/python3.8/site-packages/airflow/example_dags/example_short_circuit_decorator.py
[2025-03-27T16:36:42.479+0000] {processor.py:840} INFO - DAG(s) 'example_short_circuit_decorator' retrieved from /home/airflow/.local/lib/python3.8/site-packages/airflow/example_dags/example_short_circuit_decorator.py
[2025-03-27T16:36:42.502+0000] {logging_mixin.py:188} INFO - [2025-03-27T16:36:42.501+0000] {dag.py:3036} INFO - Sync 1 DAGs
[2025-03-27T16:36:42.521+0000] {logging_mixin.py:188} INFO - [2025-03-27T16:36:42.521+0000] {dag.py:3823} INFO - Setting next_dagrun for example_short_circuit_decorator to 2025-03-26 00:00:00+00:00, run_after=2025-03-27 00:00:00+00:00
[2025-03-27T16:36:42.537+0000] {processor.py:183} INFO - Processing /home/airflow/.local/lib/python3.8/site-packages/airflow/example_dags/example_short_circuit_decorator.py took 0.074 seconds
[2025-03-27T16:37:13.150+0000] {processor.py:161} INFO - Started process (PID=5229) to work on /home/airflow/.local/lib/python3.8/site-packages/airflow/example_dags/example_short_circuit_decorator.py
[2025-03-27T16:37:13.151+0000] {processor.py:830} INFO - Processing file /home/airflow/.local/lib/python3.8/site-packages/airflow/example_dags/example_short_circuit_decorator.py for tasks to queue
[2025-03-27T16:37:13.152+0000] {logging_mixin.py:188} INFO - [2025-03-27T16:37:13.151+0000] {dagbag.py:538} INFO - Filling up the DagBag from /home/airflow/.local/lib/python3.8/site-packages/airflow/example_dags/example_short_circuit_decorator.py
[2025-03-27T16:37:13.160+0000] {processor.py:840} INFO - DAG(s) 'example_short_circuit_decorator' retrieved from /home/airflow/.local/lib/python3.8/site-packages/airflow/example_dags/example_short_circuit_decorator.py
[2025-03-27T16:37:13.181+0000] {logging_mixin.py:188} INFO - [2025-03-27T16:37:13.181+0000] {dag.py:3036} INFO - Sync 1 DAGs
[2025-03-27T16:37:13.200+0000] {logging_mixin.py:188} INFO - [2025-03-27T16:37:13.200+0000] {dag.py:3823} INFO - Setting next_dagrun for example_short_circuit_decorator to 2025-03-26 00:00:00+00:00, run_after=2025-03-27 00:00:00+00:00
[2025-03-27T16:37:13.217+0000] {processor.py:183} INFO - Processing /home/airflow/.local/lib/python3.8/site-packages/airflow/example_dags/example_short_circuit_decorator.py took 0.070 seconds
[2025-03-27T16:37:43.284+0000] {processor.py:161} INFO - Started process (PID=5479) to work on /home/airflow/.local/lib/python3.8/site-packages/airflow/example_dags/example_short_circuit_decorator.py
[2025-03-27T16:37:43.285+0000] {processor.py:830} INFO - Processing file /home/airflow/.local/lib/python3.8/site-packages/airflow/example_dags/example_short_circuit_decorator.py for tasks to queue
[2025-03-27T16:37:43.286+0000] {logging_mixin.py:188} INFO - [2025-03-27T16:37:43.286+0000] {dagbag.py:538} INFO - Filling up the DagBag from /home/airflow/.local/lib/python3.8/site-packages/airflow/example_dags/example_short_circuit_decorator.py
[2025-03-27T16:37:43.296+0000] {processor.py:840} INFO - DAG(s) 'example_short_circuit_decorator' retrieved from /home/airflow/.local/lib/python3.8/site-packages/airflow/example_dags/example_short_circuit_decorator.py
[2025-03-27T16:37:43.318+0000] {logging_mixin.py:188} INFO - [2025-03-27T16:37:43.317+0000] {dag.py:3036} INFO - Sync 1 DAGs
[2025-03-27T16:37:43.338+0000] {logging_mixin.py:188} INFO - [2025-03-27T16:37:43.338+0000] {dag.py:3823} INFO - Setting next_dagrun for example_short_circuit_decorator to 2025-03-26 00:00:00+00:00, run_after=2025-03-27 00:00:00+00:00
[2025-03-27T16:37:43.355+0000] {processor.py:183} INFO - Processing /home/airflow/.local/lib/python3.8/site-packages/airflow/example_dags/example_short_circuit_decorator.py took 0.073 seconds
[2025-03-27T16:38:13.478+0000] {processor.py:161} INFO - Started process (PID=5731) to work on /home/airflow/.local/lib/python3.8/site-packages/airflow/example_dags/example_short_circuit_decorator.py
[2025-03-27T16:38:13.478+0000] {processor.py:830} INFO - Processing file /home/airflow/.local/lib/python3.8/site-packages/airflow/example_dags/example_short_circuit_decorator.py for tasks to queue
[2025-03-27T16:38:13.479+0000] {logging_mixin.py:188} INFO - [2025-03-27T16:38:13.479+0000] {dagbag.py:538} INFO - Filling up the DagBag from /home/airflow/.local/lib/python3.8/site-packages/airflow/example_dags/example_short_circuit_decorator.py
[2025-03-27T16:38:13.487+0000] {processor.py:840} INFO - DAG(s) 'example_short_circuit_decorator' retrieved from /home/airflow/.local/lib/python3.8/site-packages/airflow/example_dags/example_short_circuit_decorator.py
[2025-03-27T16:38:13.507+0000] {logging_mixin.py:188} INFO - [2025-03-27T16:38:13.507+0000] {dag.py:3036} INFO - Sync 1 DAGs
[2025-03-27T16:38:13.527+0000] {logging_mixin.py:188} INFO - [2025-03-27T16:38:13.527+0000] {dag.py:3823} INFO - Setting next_dagrun for example_short_circuit_decorator to 2025-03-26 00:00:00+00:00, run_after=2025-03-27 00:00:00+00:00
[2025-03-27T16:38:13.544+0000] {processor.py:183} INFO - Processing /home/airflow/.local/lib/python3.8/site-packages/airflow/example_dags/example_short_circuit_decorator.py took 0.069 seconds
[2025-03-27T16:38:43.917+0000] {processor.py:161} INFO - Started process (PID=5983) to work on /home/airflow/.local/lib/python3.8/site-packages/airflow/example_dags/example_short_circuit_decorator.py
[2025-03-27T16:38:43.918+0000] {processor.py:830} INFO - Processing file /home/airflow/.local/lib/python3.8/site-packages/airflow/example_dags/example_short_circuit_decorator.py for tasks to queue
[2025-03-27T16:38:43.919+0000] {logging_mixin.py:188} INFO - [2025-03-27T16:38:43.919+0000] {dagbag.py:538} INFO - Filling up the DagBag from /home/airflow/.local/lib/python3.8/site-packages/airflow/example_dags/example_short_circuit_decorator.py
[2025-03-27T16:38:43.928+0000] {processor.py:840} INFO - DAG(s) 'example_short_circuit_decorator' retrieved from /home/airflow/.local/lib/python3.8/site-packages/airflow/example_dags/example_short_circuit_decorator.py
[2025-03-27T16:38:43.952+0000] {logging_mixin.py:188} INFO - [2025-03-27T16:38:43.952+0000] {dag.py:3036} INFO - Sync 1 DAGs
[2025-03-27T16:38:43.983+0000] {logging_mixin.py:188} INFO - [2025-03-27T16:38:43.983+0000] {dag.py:3823} INFO - Setting next_dagrun for example_short_circuit_decorator to 2025-03-26 00:00:00+00:00, run_after=2025-03-27 00:00:00+00:00
[2025-03-27T16:38:44.007+0000] {processor.py:183} INFO - Processing /home/airflow/.local/lib/python3.8/site-packages/airflow/example_dags/example_short_circuit_decorator.py took 0.093 seconds
[2025-03-27T16:39:14.965+0000] {processor.py:161} INFO - Started process (PID=6255) to work on /home/airflow/.local/lib/python3.8/site-packages/airflow/example_dags/example_short_circuit_decorator.py
[2025-03-27T16:39:14.966+0000] {processor.py:830} INFO - Processing file /home/airflow/.local/lib/python3.8/site-packages/airflow/example_dags/example_short_circuit_decorator.py for tasks to queue
[2025-03-27T16:39:14.966+0000] {logging_mixin.py:188} INFO - [2025-03-27T16:39:14.966+0000] {dagbag.py:538} INFO - Filling up the DagBag from /home/airflow/.local/lib/python3.8/site-packages/airflow/example_dags/example_short_circuit_decorator.py
[2025-03-27T16:39:14.975+0000] {processor.py:840} INFO - DAG(s) 'example_short_circuit_decorator' retrieved from /home/airflow/.local/lib/python3.8/site-packages/airflow/example_dags/example_short_circuit_decorator.py
[2025-03-27T16:39:14.998+0000] {logging_mixin.py:188} INFO - [2025-03-27T16:39:14.997+0000] {dag.py:3036} INFO - Sync 1 DAGs
[2025-03-27T16:39:15.019+0000] {logging_mixin.py:188} INFO - [2025-03-27T16:39:15.019+0000] {dag.py:3823} INFO - Setting next_dagrun for example_short_circuit_decorator to 2025-03-26 00:00:00+00:00, run_after=2025-03-27 00:00:00+00:00
[2025-03-27T16:39:15.035+0000] {processor.py:183} INFO - Processing /home/airflow/.local/lib/python3.8/site-packages/airflow/example_dags/example_short_circuit_decorator.py took 0.073 seconds
[2025-03-27T16:39:45.155+0000] {processor.py:161} INFO - Started process (PID=6507) to work on /home/airflow/.local/lib/python3.8/site-packages/airflow/example_dags/example_short_circuit_decorator.py
[2025-03-27T16:39:45.156+0000] {processor.py:830} INFO - Processing file /home/airflow/.local/lib/python3.8/site-packages/airflow/example_dags/example_short_circuit_decorator.py for tasks to queue
[2025-03-27T16:39:45.156+0000] {logging_mixin.py:188} INFO - [2025-03-27T16:39:45.156+0000] {dagbag.py:538} INFO - Filling up the DagBag from /home/airflow/.local/lib/python3.8/site-packages/airflow/example_dags/example_short_circuit_decorator.py
[2025-03-27T16:39:45.164+0000] {processor.py:840} INFO - DAG(s) 'example_short_circuit_decorator' retrieved from /home/airflow/.local/lib/python3.8/site-packages/airflow/example_dags/example_short_circuit_decorator.py
[2025-03-27T16:39:45.187+0000] {logging_mixin.py:188} INFO - [2025-03-27T16:39:45.187+0000] {dag.py:3036} INFO - Sync 1 DAGs
[2025-03-27T16:39:45.206+0000] {logging_mixin.py:188} INFO - [2025-03-27T16:39:45.206+0000] {dag.py:3823} INFO - Setting next_dagrun for example_short_circuit_decorator to 2025-03-26 00:00:00+00:00, run_after=2025-03-27 00:00:00+00:00
[2025-03-27T16:39:45.224+0000] {processor.py:183} INFO - Processing /home/airflow/.local/lib/python3.8/site-packages/airflow/example_dags/example_short_circuit_decorator.py took 0.071 seconds
[2025-03-27T16:40:15.434+0000] {processor.py:161} INFO - Started process (PID=6759) to work on /home/airflow/.local/lib/python3.8/site-packages/airflow/example_dags/example_short_circuit_decorator.py
[2025-03-27T16:40:15.437+0000] {processor.py:830} INFO - Processing file /home/airflow/.local/lib/python3.8/site-packages/airflow/example_dags/example_short_circuit_decorator.py for tasks to queue
[2025-03-27T16:40:15.438+0000] {logging_mixin.py:188} INFO - [2025-03-27T16:40:15.438+0000] {dagbag.py:538} INFO - Filling up the DagBag from /home/airflow/.local/lib/python3.8/site-packages/airflow/example_dags/example_short_circuit_decorator.py
[2025-03-27T16:40:15.450+0000] {processor.py:840} INFO - DAG(s) 'example_short_circuit_decorator' retrieved from /home/airflow/.local/lib/python3.8/site-packages/airflow/example_dags/example_short_circuit_decorator.py
[2025-03-27T16:40:15.477+0000] {logging_mixin.py:188} INFO - [2025-03-27T16:40:15.477+0000] {dag.py:3036} INFO - Sync 1 DAGs
[2025-03-27T16:40:15.504+0000] {logging_mixin.py:188} INFO - [2025-03-27T16:40:15.504+0000] {dag.py:3823} INFO - Setting next_dagrun for example_short_circuit_decorator to 2025-03-26 00:00:00+00:00, run_after=2025-03-27 00:00:00+00:00
[2025-03-27T16:40:15.529+0000] {processor.py:183} INFO - Processing /home/airflow/.local/lib/python3.8/site-packages/airflow/example_dags/example_short_circuit_decorator.py took 0.099 seconds
[2025-03-27T16:40:45.592+0000] {processor.py:161} INFO - Started process (PID=7011) to work on /home/airflow/.local/lib/python3.8/site-packages/airflow/example_dags/example_short_circuit_decorator.py
[2025-03-27T16:40:45.593+0000] {processor.py:830} INFO - Processing file /home/airflow/.local/lib/python3.8/site-packages/airflow/example_dags/example_short_circuit_decorator.py for tasks to queue
[2025-03-27T16:40:45.594+0000] {logging_mixin.py:188} INFO - [2025-03-27T16:40:45.594+0000] {dagbag.py:538} INFO - Filling up the DagBag from /home/airflow/.local/lib/python3.8/site-packages/airflow/example_dags/example_short_circuit_decorator.py
[2025-03-27T16:40:45.603+0000] {processor.py:840} INFO - DAG(s) 'example_short_circuit_decorator' retrieved from /home/airflow/.local/lib/python3.8/site-packages/airflow/example_dags/example_short_circuit_decorator.py
[2025-03-27T16:40:45.626+0000] {logging_mixin.py:188} INFO - [2025-03-27T16:40:45.626+0000] {dag.py:3036} INFO - Sync 1 DAGs
[2025-03-27T16:40:45.648+0000] {logging_mixin.py:188} INFO - [2025-03-27T16:40:45.648+0000] {dag.py:3823} INFO - Setting next_dagrun for example_short_circuit_decorator to 2025-03-26 00:00:00+00:00, run_after=2025-03-27 00:00:00+00:00
[2025-03-27T16:40:45.667+0000] {processor.py:183} INFO - Processing /home/airflow/.local/lib/python3.8/site-packages/airflow/example_dags/example_short_circuit_decorator.py took 0.077 seconds
[2025-03-27T16:41:15.792+0000] {processor.py:161} INFO - Started process (PID=7273) to work on /home/airflow/.local/lib/python3.8/site-packages/airflow/example_dags/example_short_circuit_decorator.py
[2025-03-27T16:41:15.793+0000] {processor.py:830} INFO - Processing file /home/airflow/.local/lib/python3.8/site-packages/airflow/example_dags/example_short_circuit_decorator.py for tasks to queue
[2025-03-27T16:41:15.794+0000] {logging_mixin.py:188} INFO - [2025-03-27T16:41:15.794+0000] {dagbag.py:538} INFO - Filling up the DagBag from /home/airflow/.local/lib/python3.8/site-packages/airflow/example_dags/example_short_circuit_decorator.py
[2025-03-27T16:41:15.802+0000] {processor.py:840} INFO - DAG(s) 'example_short_circuit_decorator' retrieved from /home/airflow/.local/lib/python3.8/site-packages/airflow/example_dags/example_short_circuit_decorator.py
[2025-03-27T16:41:15.824+0000] {logging_mixin.py:188} INFO - [2025-03-27T16:41:15.824+0000] {dag.py:3036} INFO - Sync 1 DAGs
[2025-03-27T16:41:15.844+0000] {logging_mixin.py:188} INFO - [2025-03-27T16:41:15.844+0000] {dag.py:3823} INFO - Setting next_dagrun for example_short_circuit_decorator to 2025-03-26 00:00:00+00:00, run_after=2025-03-27 00:00:00+00:00
[2025-03-27T16:41:15.861+0000] {processor.py:183} INFO - Processing /home/airflow/.local/lib/python3.8/site-packages/airflow/example_dags/example_short_circuit_decorator.py took 0.071 seconds
[2025-03-27T16:41:45.950+0000] {processor.py:161} INFO - Started process (PID=7525) to work on /home/airflow/.local/lib/python3.8/site-packages/airflow/example_dags/example_short_circuit_decorator.py
[2025-03-27T16:41:45.951+0000] {processor.py:830} INFO - Processing file /home/airflow/.local/lib/python3.8/site-packages/airflow/example_dags/example_short_circuit_decorator.py for tasks to queue
[2025-03-27T16:41:45.952+0000] {logging_mixin.py:188} INFO - [2025-03-27T16:41:45.952+0000] {dagbag.py:538} INFO - Filling up the DagBag from /home/airflow/.local/lib/python3.8/site-packages/airflow/example_dags/example_short_circuit_decorator.py
[2025-03-27T16:41:45.961+0000] {processor.py:840} INFO - DAG(s) 'example_short_circuit_decorator' retrieved from /home/airflow/.local/lib/python3.8/site-packages/airflow/example_dags/example_short_circuit_decorator.py
[2025-03-27T16:41:45.983+0000] {logging_mixin.py:188} INFO - [2025-03-27T16:41:45.983+0000] {dag.py:3036} INFO - Sync 1 DAGs
[2025-03-27T16:41:46.006+0000] {logging_mixin.py:188} INFO - [2025-03-27T16:41:46.006+0000] {dag.py:3823} INFO - Setting next_dagrun for example_short_circuit_decorator to 2025-03-26 00:00:00+00:00, run_after=2025-03-27 00:00:00+00:00
[2025-03-27T16:41:46.026+0000] {processor.py:183} INFO - Processing /home/airflow/.local/lib/python3.8/site-packages/airflow/example_dags/example_short_circuit_decorator.py took 0.078 seconds
[2025-03-27T16:42:16.180+0000] {processor.py:161} INFO - Started process (PID=7777) to work on /home/airflow/.local/lib/python3.8/site-packages/airflow/example_dags/example_short_circuit_decorator.py
[2025-03-27T16:42:16.181+0000] {processor.py:830} INFO - Processing file /home/airflow/.local/lib/python3.8/site-packages/airflow/example_dags/example_short_circuit_decorator.py for tasks to queue
[2025-03-27T16:42:16.182+0000] {logging_mixin.py:188} INFO - [2025-03-27T16:42:16.182+0000] {dagbag.py:538} INFO - Filling up the DagBag from /home/airflow/.local/lib/python3.8/site-packages/airflow/example_dags/example_short_circuit_decorator.py
[2025-03-27T16:42:16.190+0000] {processor.py:840} INFO - DAG(s) 'example_short_circuit_decorator' retrieved from /home/airflow/.local/lib/python3.8/site-packages/airflow/example_dags/example_short_circuit_decorator.py
[2025-03-27T16:42:16.211+0000] {logging_mixin.py:188} INFO - [2025-03-27T16:42:16.211+0000] {dag.py:3036} INFO - Sync 1 DAGs
[2025-03-27T16:42:16.230+0000] {logging_mixin.py:188} INFO - [2025-03-27T16:42:16.230+0000] {dag.py:3823} INFO - Setting next_dagrun for example_short_circuit_decorator to 2025-03-26 00:00:00+00:00, run_after=2025-03-27 00:00:00+00:00
[2025-03-27T16:42:16.245+0000] {processor.py:183} INFO - Processing /home/airflow/.local/lib/python3.8/site-packages/airflow/example_dags/example_short_circuit_decorator.py took 0.068 seconds
[2025-03-27T16:42:46.504+0000] {processor.py:161} INFO - Started process (PID=8029) to work on /home/airflow/.local/lib/python3.8/site-packages/airflow/example_dags/example_short_circuit_decorator.py
[2025-03-27T16:42:46.506+0000] {processor.py:830} INFO - Processing file /home/airflow/.local/lib/python3.8/site-packages/airflow/example_dags/example_short_circuit_decorator.py for tasks to queue
[2025-03-27T16:42:46.508+0000] {logging_mixin.py:188} INFO - [2025-03-27T16:42:46.507+0000] {dagbag.py:538} INFO - Filling up the DagBag from /home/airflow/.local/lib/python3.8/site-packages/airflow/example_dags/example_short_circuit_decorator.py
[2025-03-27T16:42:46.520+0000] {processor.py:840} INFO - DAG(s) 'example_short_circuit_decorator' retrieved from /home/airflow/.local/lib/python3.8/site-packages/airflow/example_dags/example_short_circuit_decorator.py
[2025-03-27T16:42:46.556+0000] {logging_mixin.py:188} INFO - [2025-03-27T16:42:46.556+0000] {dag.py:3036} INFO - Sync 1 DAGs
[2025-03-27T16:42:46.581+0000] {logging_mixin.py:188} INFO - [2025-03-27T16:42:46.581+0000] {dag.py:3823} INFO - Setting next_dagrun for example_short_circuit_decorator to 2025-03-26 00:00:00+00:00, run_after=2025-03-27 00:00:00+00:00
[2025-03-27T16:42:46.600+0000] {processor.py:183} INFO - Processing /home/airflow/.local/lib/python3.8/site-packages/airflow/example_dags/example_short_circuit_decorator.py took 0.101 seconds
[2025-03-27T16:43:16.749+0000] {processor.py:161} INFO - Started process (PID=8291) to work on /home/airflow/.local/lib/python3.8/site-packages/airflow/example_dags/example_short_circuit_decorator.py
[2025-03-27T16:43:16.750+0000] {processor.py:830} INFO - Processing file /home/airflow/.local/lib/python3.8/site-packages/airflow/example_dags/example_short_circuit_decorator.py for tasks to queue
[2025-03-27T16:43:16.751+0000] {logging_mixin.py:188} INFO - [2025-03-27T16:43:16.750+0000] {dagbag.py:538} INFO - Filling up the DagBag from /home/airflow/.local/lib/python3.8/site-packages/airflow/example_dags/example_short_circuit_decorator.py
[2025-03-27T16:43:16.759+0000] {processor.py:840} INFO - DAG(s) 'example_short_circuit_decorator' retrieved from /home/airflow/.local/lib/python3.8/site-packages/airflow/example_dags/example_short_circuit_decorator.py
[2025-03-27T16:43:16.781+0000] {logging_mixin.py:188} INFO - [2025-03-27T16:43:16.781+0000] {dag.py:3036} INFO - Sync 1 DAGs
[2025-03-27T16:43:16.803+0000] {logging_mixin.py:188} INFO - [2025-03-27T16:43:16.803+0000] {dag.py:3823} INFO - Setting next_dagrun for example_short_circuit_decorator to 2025-03-26 00:00:00+00:00, run_after=2025-03-27 00:00:00+00:00
[2025-03-27T16:43:16.821+0000] {processor.py:183} INFO - Processing /home/airflow/.local/lib/python3.8/site-packages/airflow/example_dags/example_short_circuit_decorator.py took 0.076 seconds
[2025-03-27T16:43:46.938+0000] {processor.py:161} INFO - Started process (PID=8607) to work on /home/airflow/.local/lib/python3.8/site-packages/airflow/example_dags/example_short_circuit_decorator.py
[2025-03-27T16:43:46.939+0000] {processor.py:830} INFO - Processing file /home/airflow/.local/lib/python3.8/site-packages/airflow/example_dags/example_short_circuit_decorator.py for tasks to queue
[2025-03-27T16:43:46.940+0000] {logging_mixin.py:188} INFO - [2025-03-27T16:43:46.940+0000] {dagbag.py:538} INFO - Filling up the DagBag from /home/airflow/.local/lib/python3.8/site-packages/airflow/example_dags/example_short_circuit_decorator.py
[2025-03-27T16:43:46.948+0000] {processor.py:840} INFO - DAG(s) 'example_short_circuit_decorator' retrieved from /home/airflow/.local/lib/python3.8/site-packages/airflow/example_dags/example_short_circuit_decorator.py
[2025-03-27T16:43:46.971+0000] {logging_mixin.py:188} INFO - [2025-03-27T16:43:46.971+0000] {dag.py:3036} INFO - Sync 1 DAGs
[2025-03-27T16:43:46.992+0000] {logging_mixin.py:188} INFO - [2025-03-27T16:43:46.992+0000] {dag.py:3823} INFO - Setting next_dagrun for example_short_circuit_decorator to 2025-03-26 00:00:00+00:00, run_after=2025-03-27 00:00:00+00:00
[2025-03-27T16:43:47.009+0000] {processor.py:183} INFO - Processing /home/airflow/.local/lib/python3.8/site-packages/airflow/example_dags/example_short_circuit_decorator.py took 0.074 seconds
[2025-03-27T16:44:17.214+0000] {processor.py:161} INFO - Started process (PID=8874) to work on /home/airflow/.local/lib/python3.8/site-packages/airflow/example_dags/example_short_circuit_decorator.py
[2025-03-27T16:44:17.215+0000] {processor.py:830} INFO - Processing file /home/airflow/.local/lib/python3.8/site-packages/airflow/example_dags/example_short_circuit_decorator.py for tasks to queue
[2025-03-27T16:44:17.216+0000] {logging_mixin.py:188} INFO - [2025-03-27T16:44:17.216+0000] {dagbag.py:538} INFO - Filling up the DagBag from /home/airflow/.local/lib/python3.8/site-packages/airflow/example_dags/example_short_circuit_decorator.py
[2025-03-27T16:44:17.225+0000] {processor.py:840} INFO - DAG(s) 'example_short_circuit_decorator' retrieved from /home/airflow/.local/lib/python3.8/site-packages/airflow/example_dags/example_short_circuit_decorator.py
[2025-03-27T16:44:17.251+0000] {logging_mixin.py:188} INFO - [2025-03-27T16:44:17.251+0000] {dag.py:3036} INFO - Sync 1 DAGs
[2025-03-27T16:44:17.282+0000] {logging_mixin.py:188} INFO - [2025-03-27T16:44:17.282+0000] {dag.py:3823} INFO - Setting next_dagrun for example_short_circuit_decorator to 2025-03-26 00:00:00+00:00, run_after=2025-03-27 00:00:00+00:00
[2025-03-27T16:44:17.304+0000] {processor.py:183} INFO - Processing /home/airflow/.local/lib/python3.8/site-packages/airflow/example_dags/example_short_circuit_decorator.py took 0.093 seconds
[2025-03-27T16:44:47.489+0000] {processor.py:161} INFO - Started process (PID=9126) to work on /home/airflow/.local/lib/python3.8/site-packages/airflow/example_dags/example_short_circuit_decorator.py
[2025-03-27T16:44:47.490+0000] {processor.py:830} INFO - Processing file /home/airflow/.local/lib/python3.8/site-packages/airflow/example_dags/example_short_circuit_decorator.py for tasks to queue
[2025-03-27T16:44:47.491+0000] {logging_mixin.py:188} INFO - [2025-03-27T16:44:47.490+0000] {dagbag.py:538} INFO - Filling up the DagBag from /home/airflow/.local/lib/python3.8/site-packages/airflow/example_dags/example_short_circuit_decorator.py
[2025-03-27T16:44:47.500+0000] {processor.py:840} INFO - DAG(s) 'example_short_circuit_decorator' retrieved from /home/airflow/.local/lib/python3.8/site-packages/airflow/example_dags/example_short_circuit_decorator.py
[2025-03-27T16:44:47.524+0000] {logging_mixin.py:188} INFO - [2025-03-27T16:44:47.523+0000] {dag.py:3036} INFO - Sync 1 DAGs
[2025-03-27T16:44:47.547+0000] {logging_mixin.py:188} INFO - [2025-03-27T16:44:47.546+0000] {dag.py:3823} INFO - Setting next_dagrun for example_short_circuit_decorator to 2025-03-26 00:00:00+00:00, run_after=2025-03-27 00:00:00+00:00
[2025-03-27T16:44:47.566+0000] {processor.py:183} INFO - Processing /home/airflow/.local/lib/python3.8/site-packages/airflow/example_dags/example_short_circuit_decorator.py took 0.081 seconds
[2025-03-27T16:45:17.614+0000] {processor.py:161} INFO - Started process (PID=9378) to work on /home/airflow/.local/lib/python3.8/site-packages/airflow/example_dags/example_short_circuit_decorator.py
[2025-03-27T16:45:17.615+0000] {processor.py:830} INFO - Processing file /home/airflow/.local/lib/python3.8/site-packages/airflow/example_dags/example_short_circuit_decorator.py for tasks to queue
[2025-03-27T16:45:17.616+0000] {logging_mixin.py:188} INFO - [2025-03-27T16:45:17.616+0000] {dagbag.py:538} INFO - Filling up the DagBag from /home/airflow/.local/lib/python3.8/site-packages/airflow/example_dags/example_short_circuit_decorator.py
[2025-03-27T16:45:17.625+0000] {processor.py:840} INFO - DAG(s) 'example_short_circuit_decorator' retrieved from /home/airflow/.local/lib/python3.8/site-packages/airflow/example_dags/example_short_circuit_decorator.py
[2025-03-27T16:45:17.648+0000] {logging_mixin.py:188} INFO - [2025-03-27T16:45:17.647+0000] {dag.py:3036} INFO - Sync 1 DAGs
[2025-03-27T16:45:17.669+0000] {logging_mixin.py:188} INFO - [2025-03-27T16:45:17.669+0000] {dag.py:3823} INFO - Setting next_dagrun for example_short_circuit_decorator to 2025-03-26 00:00:00+00:00, run_after=2025-03-27 00:00:00+00:00
[2025-03-27T16:45:17.687+0000] {processor.py:183} INFO - Processing /home/airflow/.local/lib/python3.8/site-packages/airflow/example_dags/example_short_circuit_decorator.py took 0.076 seconds
[2025-03-27T16:45:49.085+0000] {processor.py:161} INFO - Started process (PID=9945) to work on /home/airflow/.local/lib/python3.8/site-packages/airflow/example_dags/example_short_circuit_decorator.py
[2025-03-27T16:45:49.091+0000] {processor.py:830} INFO - Processing file /home/airflow/.local/lib/python3.8/site-packages/airflow/example_dags/example_short_circuit_decorator.py for tasks to queue
[2025-03-27T16:45:49.098+0000] {logging_mixin.py:188} INFO - [2025-03-27T16:45:49.097+0000] {dagbag.py:538} INFO - Filling up the DagBag from /home/airflow/.local/lib/python3.8/site-packages/airflow/example_dags/example_short_circuit_decorator.py
[2025-03-27T16:45:49.141+0000] {processor.py:840} INFO - DAG(s) 'example_short_circuit_decorator' retrieved from /home/airflow/.local/lib/python3.8/site-packages/airflow/example_dags/example_short_circuit_decorator.py
[2025-03-27T16:45:49.204+0000] {logging_mixin.py:188} INFO - [2025-03-27T16:45:49.203+0000] {dag.py:3036} INFO - Sync 1 DAGs
[2025-03-27T16:45:49.280+0000] {logging_mixin.py:188} INFO - [2025-03-27T16:45:49.280+0000] {dag.py:3823} INFO - Setting next_dagrun for example_short_circuit_decorator to 2025-03-26 00:00:00+00:00, run_after=2025-03-27 00:00:00+00:00
[2025-03-27T16:45:49.342+0000] {processor.py:183} INFO - Processing /home/airflow/.local/lib/python3.8/site-packages/airflow/example_dags/example_short_circuit_decorator.py took 0.264 seconds
[2025-03-27T16:46:19.833+0000] {processor.py:161} INFO - Started process (PID=10595) to work on /home/airflow/.local/lib/python3.8/site-packages/airflow/example_dags/example_short_circuit_decorator.py
[2025-03-27T16:46:19.837+0000] {processor.py:830} INFO - Processing file /home/airflow/.local/lib/python3.8/site-packages/airflow/example_dags/example_short_circuit_decorator.py for tasks to queue
[2025-03-27T16:46:19.840+0000] {logging_mixin.py:188} INFO - [2025-03-27T16:46:19.840+0000] {dagbag.py:538} INFO - Filling up the DagBag from /home/airflow/.local/lib/python3.8/site-packages/airflow/example_dags/example_short_circuit_decorator.py
[2025-03-27T16:46:19.863+0000] {processor.py:840} INFO - DAG(s) 'example_short_circuit_decorator' retrieved from /home/airflow/.local/lib/python3.8/site-packages/airflow/example_dags/example_short_circuit_decorator.py
[2025-03-27T16:46:19.911+0000] {logging_mixin.py:188} INFO - [2025-03-27T16:46:19.911+0000] {dag.py:3036} INFO - Sync 1 DAGs
[2025-03-27T16:46:19.955+0000] {logging_mixin.py:188} INFO - [2025-03-27T16:46:19.955+0000] {dag.py:3823} INFO - Setting next_dagrun for example_short_circuit_decorator to 2025-03-26 00:00:00+00:00, run_after=2025-03-27 00:00:00+00:00
[2025-03-27T16:46:19.998+0000] {processor.py:183} INFO - Processing /home/airflow/.local/lib/python3.8/site-packages/airflow/example_dags/example_short_circuit_decorator.py took 0.172 seconds
[2025-03-27T16:46:50.162+0000] {processor.py:161} INFO - Started process (PID=11289) to work on /home/airflow/.local/lib/python3.8/site-packages/airflow/example_dags/example_short_circuit_decorator.py
[2025-03-27T16:46:50.164+0000] {processor.py:830} INFO - Processing file /home/airflow/.local/lib/python3.8/site-packages/airflow/example_dags/example_short_circuit_decorator.py for tasks to queue
[2025-03-27T16:46:50.166+0000] {logging_mixin.py:188} INFO - [2025-03-27T16:46:50.165+0000] {dagbag.py:538} INFO - Filling up the DagBag from /home/airflow/.local/lib/python3.8/site-packages/airflow/example_dags/example_short_circuit_decorator.py
[2025-03-27T16:46:50.186+0000] {processor.py:840} INFO - DAG(s) 'example_short_circuit_decorator' retrieved from /home/airflow/.local/lib/python3.8/site-packages/airflow/example_dags/example_short_circuit_decorator.py
[2025-03-27T16:46:50.232+0000] {logging_mixin.py:188} INFO - [2025-03-27T16:46:50.231+0000] {dag.py:3036} INFO - Sync 1 DAGs
[2025-03-27T16:46:50.272+0000] {logging_mixin.py:188} INFO - [2025-03-27T16:46:50.271+0000] {dag.py:3823} INFO - Setting next_dagrun for example_short_circuit_decorator to 2025-03-26 00:00:00+00:00, run_after=2025-03-27 00:00:00+00:00
[2025-03-27T16:46:50.305+0000] {processor.py:183} INFO - Processing /home/airflow/.local/lib/python3.8/site-packages/airflow/example_dags/example_short_circuit_decorator.py took 0.149 seconds
[2025-03-27T16:47:21.274+0000] {processor.py:161} INFO - Started process (PID=11955) to work on /home/airflow/.local/lib/python3.8/site-packages/airflow/example_dags/example_short_circuit_decorator.py
[2025-03-27T16:47:21.276+0000] {processor.py:830} INFO - Processing file /home/airflow/.local/lib/python3.8/site-packages/airflow/example_dags/example_short_circuit_decorator.py for tasks to queue
[2025-03-27T16:47:21.278+0000] {logging_mixin.py:188} INFO - [2025-03-27T16:47:21.277+0000] {dagbag.py:538} INFO - Filling up the DagBag from /home/airflow/.local/lib/python3.8/site-packages/airflow/example_dags/example_short_circuit_decorator.py
[2025-03-27T16:47:21.293+0000] {processor.py:840} INFO - DAG(s) 'example_short_circuit_decorator' retrieved from /home/airflow/.local/lib/python3.8/site-packages/airflow/example_dags/example_short_circuit_decorator.py
[2025-03-27T16:47:21.323+0000] {logging_mixin.py:188} INFO - [2025-03-27T16:47:21.322+0000] {dag.py:3036} INFO - Sync 1 DAGs
[2025-03-27T16:47:21.350+0000] {logging_mixin.py:188} INFO - [2025-03-27T16:47:21.349+0000] {dag.py:3823} INFO - Setting next_dagrun for example_short_circuit_decorator to 2025-03-26 00:00:00+00:00, run_after=2025-03-27 00:00:00+00:00
[2025-03-27T16:47:21.376+0000] {processor.py:183} INFO - Processing /home/airflow/.local/lib/python3.8/site-packages/airflow/example_dags/example_short_circuit_decorator.py took 0.107 seconds
[2025-03-27T16:47:52.198+0000] {processor.py:161} INFO - Started process (PID=12651) to work on /home/airflow/.local/lib/python3.8/site-packages/airflow/example_dags/example_short_circuit_decorator.py
[2025-03-27T16:47:52.205+0000] {processor.py:830} INFO - Processing file /home/airflow/.local/lib/python3.8/site-packages/airflow/example_dags/example_short_circuit_decorator.py for tasks to queue
[2025-03-27T16:47:52.210+0000] {logging_mixin.py:188} INFO - [2025-03-27T16:47:52.209+0000] {dagbag.py:538} INFO - Filling up the DagBag from /home/airflow/.local/lib/python3.8/site-packages/airflow/example_dags/example_short_circuit_decorator.py
[2025-03-27T16:47:52.268+0000] {processor.py:840} INFO - DAG(s) 'example_short_circuit_decorator' retrieved from /home/airflow/.local/lib/python3.8/site-packages/airflow/example_dags/example_short_circuit_decorator.py
[2025-03-27T16:47:52.346+0000] {logging_mixin.py:188} INFO - [2025-03-27T16:47:52.346+0000] {dag.py:3036} INFO - Sync 1 DAGs
[2025-03-27T16:47:52.446+0000] {logging_mixin.py:188} INFO - [2025-03-27T16:47:52.445+0000] {dag.py:3823} INFO - Setting next_dagrun for example_short_circuit_decorator to 2025-03-26 00:00:00+00:00, run_after=2025-03-27 00:00:00+00:00
[2025-03-27T16:47:52.560+0000] {processor.py:183} INFO - Processing /home/airflow/.local/lib/python3.8/site-packages/airflow/example_dags/example_short_circuit_decorator.py took 0.374 seconds
[2025-03-27T16:48:23.069+0000] {processor.py:161} INFO - Started process (PID=13364) to work on /home/airflow/.local/lib/python3.8/site-packages/airflow/example_dags/example_short_circuit_decorator.py
[2025-03-27T16:48:23.071+0000] {processor.py:830} INFO - Processing file /home/airflow/.local/lib/python3.8/site-packages/airflow/example_dags/example_short_circuit_decorator.py for tasks to queue
[2025-03-27T16:48:23.074+0000] {logging_mixin.py:188} INFO - [2025-03-27T16:48:23.073+0000] {dagbag.py:538} INFO - Filling up the DagBag from /home/airflow/.local/lib/python3.8/site-packages/airflow/example_dags/example_short_circuit_decorator.py
[2025-03-27T16:48:23.093+0000] {processor.py:840} INFO - DAG(s) 'example_short_circuit_decorator' retrieved from /home/airflow/.local/lib/python3.8/site-packages/airflow/example_dags/example_short_circuit_decorator.py
[2025-03-27T16:48:23.148+0000] {logging_mixin.py:188} INFO - [2025-03-27T16:48:23.145+0000] {dag.py:3036} INFO - Sync 1 DAGs
[2025-03-27T16:48:23.207+0000] {logging_mixin.py:188} INFO - [2025-03-27T16:48:23.207+0000] {dag.py:3823} INFO - Setting next_dagrun for example_short_circuit_decorator to 2025-03-26 00:00:00+00:00, run_after=2025-03-27 00:00:00+00:00
[2025-03-27T16:48:23.252+0000] {processor.py:183} INFO - Processing /home/airflow/.local/lib/python3.8/site-packages/airflow/example_dags/example_short_circuit_decorator.py took 0.189 seconds
[2025-03-27T16:48:53.394+0000] {processor.py:161} INFO - Started process (PID=14037) to work on /home/airflow/.local/lib/python3.8/site-packages/airflow/example_dags/example_short_circuit_decorator.py
[2025-03-27T16:48:53.395+0000] {processor.py:830} INFO - Processing file /home/airflow/.local/lib/python3.8/site-packages/airflow/example_dags/example_short_circuit_decorator.py for tasks to queue
[2025-03-27T16:48:53.396+0000] {logging_mixin.py:188} INFO - [2025-03-27T16:48:53.396+0000] {dagbag.py:538} INFO - Filling up the DagBag from /home/airflow/.local/lib/python3.8/site-packages/airflow/example_dags/example_short_circuit_decorator.py
[2025-03-27T16:48:53.406+0000] {processor.py:840} INFO - DAG(s) 'example_short_circuit_decorator' retrieved from /home/airflow/.local/lib/python3.8/site-packages/airflow/example_dags/example_short_circuit_decorator.py
[2025-03-27T16:48:53.442+0000] {logging_mixin.py:188} INFO - [2025-03-27T16:48:53.441+0000] {dag.py:3036} INFO - Sync 1 DAGs
[2025-03-27T16:48:53.478+0000] {logging_mixin.py:188} INFO - [2025-03-27T16:48:53.478+0000] {dag.py:3823} INFO - Setting next_dagrun for example_short_circuit_decorator to 2025-03-26 00:00:00+00:00, run_after=2025-03-27 00:00:00+00:00
[2025-03-27T16:48:53.512+0000] {processor.py:183} INFO - Processing /home/airflow/.local/lib/python3.8/site-packages/airflow/example_dags/example_short_circuit_decorator.py took 0.121 seconds
[2025-03-27T16:49:24.344+0000] {processor.py:161} INFO - Started process (PID=14710) to work on /home/airflow/.local/lib/python3.8/site-packages/airflow/example_dags/example_short_circuit_decorator.py
[2025-03-27T16:49:24.346+0000] {processor.py:830} INFO - Processing file /home/airflow/.local/lib/python3.8/site-packages/airflow/example_dags/example_short_circuit_decorator.py for tasks to queue
[2025-03-27T16:49:24.348+0000] {logging_mixin.py:188} INFO - [2025-03-27T16:49:24.347+0000] {dagbag.py:538} INFO - Filling up the DagBag from /home/airflow/.local/lib/python3.8/site-packages/airflow/example_dags/example_short_circuit_decorator.py
[2025-03-27T16:49:24.363+0000] {processor.py:840} INFO - DAG(s) 'example_short_circuit_decorator' retrieved from /home/airflow/.local/lib/python3.8/site-packages/airflow/example_dags/example_short_circuit_decorator.py
[2025-03-27T16:49:24.407+0000] {logging_mixin.py:188} INFO - [2025-03-27T16:49:24.407+0000] {dag.py:3036} INFO - Sync 1 DAGs
[2025-03-27T16:49:24.455+0000] {logging_mixin.py:188} INFO - [2025-03-27T16:49:24.455+0000] {dag.py:3823} INFO - Setting next_dagrun for example_short_circuit_decorator to 2025-03-26 00:00:00+00:00, run_after=2025-03-27 00:00:00+00:00
[2025-03-27T16:49:24.490+0000] {processor.py:183} INFO - Processing /home/airflow/.local/lib/python3.8/site-packages/airflow/example_dags/example_short_circuit_decorator.py took 0.150 seconds
[2025-03-27T16:49:56.178+0000] {processor.py:161} INFO - Started process (PID=15463) to work on /home/airflow/.local/lib/python3.8/site-packages/airflow/example_dags/example_short_circuit_decorator.py
[2025-03-27T16:49:56.182+0000] {processor.py:830} INFO - Processing file /home/airflow/.local/lib/python3.8/site-packages/airflow/example_dags/example_short_circuit_decorator.py for tasks to queue
[2025-03-27T16:49:56.192+0000] {logging_mixin.py:188} INFO - [2025-03-27T16:49:56.192+0000] {dagbag.py:538} INFO - Filling up the DagBag from /home/airflow/.local/lib/python3.8/site-packages/airflow/example_dags/example_short_circuit_decorator.py
[2025-03-27T16:49:56.209+0000] {processor.py:840} INFO - DAG(s) 'example_short_circuit_decorator' retrieved from /home/airflow/.local/lib/python3.8/site-packages/airflow/example_dags/example_short_circuit_decorator.py
[2025-03-27T16:49:56.264+0000] {logging_mixin.py:188} INFO - [2025-03-27T16:49:56.263+0000] {dag.py:3036} INFO - Sync 1 DAGs
[2025-03-27T16:49:56.324+0000] {logging_mixin.py:188} INFO - [2025-03-27T16:49:56.324+0000] {dag.py:3823} INFO - Setting next_dagrun for example_short_circuit_decorator to 2025-03-26 00:00:00+00:00, run_after=2025-03-27 00:00:00+00:00
[2025-03-27T16:49:56.382+0000] {processor.py:183} INFO - Processing /home/airflow/.local/lib/python3.8/site-packages/airflow/example_dags/example_short_circuit_decorator.py took 0.218 seconds
[2025-03-27T16:50:27.338+0000] {processor.py:161} INFO - Started process (PID=16152) to work on /home/airflow/.local/lib/python3.8/site-packages/airflow/example_dags/example_short_circuit_decorator.py
[2025-03-27T16:50:27.339+0000] {processor.py:830} INFO - Processing file /home/airflow/.local/lib/python3.8/site-packages/airflow/example_dags/example_short_circuit_decorator.py for tasks to queue
[2025-03-27T16:50:27.340+0000] {logging_mixin.py:188} INFO - [2025-03-27T16:50:27.340+0000] {dagbag.py:538} INFO - Filling up the DagBag from /home/airflow/.local/lib/python3.8/site-packages/airflow/example_dags/example_short_circuit_decorator.py
[2025-03-27T16:50:27.350+0000] {processor.py:840} INFO - DAG(s) 'example_short_circuit_decorator' retrieved from /home/airflow/.local/lib/python3.8/site-packages/airflow/example_dags/example_short_circuit_decorator.py
[2025-03-27T16:50:27.375+0000] {logging_mixin.py:188} INFO - [2025-03-27T16:50:27.375+0000] {dag.py:3036} INFO - Sync 1 DAGs
[2025-03-27T16:50:27.402+0000] {logging_mixin.py:188} INFO - [2025-03-27T16:50:27.401+0000] {dag.py:3823} INFO - Setting next_dagrun for example_short_circuit_decorator to 2025-03-26 00:00:00+00:00, run_after=2025-03-27 00:00:00+00:00
[2025-03-27T16:50:27.423+0000] {processor.py:183} INFO - Processing /home/airflow/.local/lib/python3.8/site-packages/airflow/example_dags/example_short_circuit_decorator.py took 0.088 seconds
[2025-03-27T16:50:57.730+0000] {processor.py:161} INFO - Started process (PID=16811) to work on /home/airflow/.local/lib/python3.8/site-packages/airflow/example_dags/example_short_circuit_decorator.py
[2025-03-27T16:50:57.732+0000] {processor.py:830} INFO - Processing file /home/airflow/.local/lib/python3.8/site-packages/airflow/example_dags/example_short_circuit_decorator.py for tasks to queue
[2025-03-27T16:50:57.733+0000] {logging_mixin.py:188} INFO - [2025-03-27T16:50:57.733+0000] {dagbag.py:538} INFO - Filling up the DagBag from /home/airflow/.local/lib/python3.8/site-packages/airflow/example_dags/example_short_circuit_decorator.py
[2025-03-27T16:50:57.752+0000] {processor.py:840} INFO - DAG(s) 'example_short_circuit_decorator' retrieved from /home/airflow/.local/lib/python3.8/site-packages/airflow/example_dags/example_short_circuit_decorator.py
[2025-03-27T16:50:57.810+0000] {logging_mixin.py:188} INFO - [2025-03-27T16:50:57.809+0000] {dag.py:3036} INFO - Sync 1 DAGs
[2025-03-27T16:50:57.864+0000] {logging_mixin.py:188} INFO - [2025-03-27T16:50:57.863+0000] {dag.py:3823} INFO - Setting next_dagrun for example_short_circuit_decorator to 2025-03-26 00:00:00+00:00, run_after=2025-03-27 00:00:00+00:00
[2025-03-27T16:50:57.929+0000] {processor.py:183} INFO - Processing /home/airflow/.local/lib/python3.8/site-packages/airflow/example_dags/example_short_circuit_decorator.py took 0.204 seconds
[2025-03-27T16:51:28.159+0000] {processor.py:161} INFO - Started process (PID=17492) to work on /home/airflow/.local/lib/python3.8/site-packages/airflow/example_dags/example_short_circuit_decorator.py
[2025-03-27T16:51:28.162+0000] {processor.py:830} INFO - Processing file /home/airflow/.local/lib/python3.8/site-packages/airflow/example_dags/example_short_circuit_decorator.py for tasks to queue
[2025-03-27T16:51:28.168+0000] {logging_mixin.py:188} INFO - [2025-03-27T16:51:28.167+0000] {dagbag.py:538} INFO - Filling up the DagBag from /home/airflow/.local/lib/python3.8/site-packages/airflow/example_dags/example_short_circuit_decorator.py
[2025-03-27T16:51:28.196+0000] {processor.py:840} INFO - DAG(s) 'example_short_circuit_decorator' retrieved from /home/airflow/.local/lib/python3.8/site-packages/airflow/example_dags/example_short_circuit_decorator.py
[2025-03-27T16:51:28.278+0000] {logging_mixin.py:188} INFO - [2025-03-27T16:51:28.278+0000] {dag.py:3036} INFO - Sync 1 DAGs
[2025-03-27T16:51:28.332+0000] {logging_mixin.py:188} INFO - [2025-03-27T16:51:28.331+0000] {dag.py:3823} INFO - Setting next_dagrun for example_short_circuit_decorator to 2025-03-26 00:00:00+00:00, run_after=2025-03-27 00:00:00+00:00
[2025-03-27T16:51:28.372+0000] {processor.py:183} INFO - Processing /home/airflow/.local/lib/python3.8/site-packages/airflow/example_dags/example_short_circuit_decorator.py took 0.222 seconds
[2025-03-27T16:51:58.892+0000] {processor.py:161} INFO - Started process (PID=17820) to work on /home/airflow/.local/lib/python3.8/site-packages/airflow/example_dags/example_short_circuit_decorator.py
[2025-03-27T16:51:58.892+0000] {processor.py:830} INFO - Processing file /home/airflow/.local/lib/python3.8/site-packages/airflow/example_dags/example_short_circuit_decorator.py for tasks to queue
[2025-03-27T16:51:58.893+0000] {logging_mixin.py:188} INFO - [2025-03-27T16:51:58.893+0000] {dagbag.py:538} INFO - Filling up the DagBag from /home/airflow/.local/lib/python3.8/site-packages/airflow/example_dags/example_short_circuit_decorator.py
[2025-03-27T16:51:58.903+0000] {processor.py:840} INFO - DAG(s) 'example_short_circuit_decorator' retrieved from /home/airflow/.local/lib/python3.8/site-packages/airflow/example_dags/example_short_circuit_decorator.py
[2025-03-27T16:51:58.926+0000] {logging_mixin.py:188} INFO - [2025-03-27T16:51:58.926+0000] {dag.py:3036} INFO - Sync 1 DAGs
[2025-03-27T16:51:58.947+0000] {logging_mixin.py:188} INFO - [2025-03-27T16:51:58.947+0000] {dag.py:3823} INFO - Setting next_dagrun for example_short_circuit_decorator to 2025-03-26 00:00:00+00:00, run_after=2025-03-27 00:00:00+00:00
[2025-03-27T16:51:58.967+0000] {processor.py:183} INFO - Processing /home/airflow/.local/lib/python3.8/site-packages/airflow/example_dags/example_short_circuit_decorator.py took 0.078 seconds
[2025-03-27T16:52:29.107+0000] {processor.py:161} INFO - Started process (PID=18072) to work on /home/airflow/.local/lib/python3.8/site-packages/airflow/example_dags/example_short_circuit_decorator.py
[2025-03-27T16:52:29.108+0000] {processor.py:830} INFO - Processing file /home/airflow/.local/lib/python3.8/site-packages/airflow/example_dags/example_short_circuit_decorator.py for tasks to queue
[2025-03-27T16:52:29.109+0000] {logging_mixin.py:188} INFO - [2025-03-27T16:52:29.108+0000] {dagbag.py:538} INFO - Filling up the DagBag from /home/airflow/.local/lib/python3.8/site-packages/airflow/example_dags/example_short_circuit_decorator.py
[2025-03-27T16:52:29.117+0000] {processor.py:840} INFO - DAG(s) 'example_short_circuit_decorator' retrieved from /home/airflow/.local/lib/python3.8/site-packages/airflow/example_dags/example_short_circuit_decorator.py
[2025-03-27T16:52:29.139+0000] {logging_mixin.py:188} INFO - [2025-03-27T16:52:29.139+0000] {dag.py:3036} INFO - Sync 1 DAGs
[2025-03-27T16:52:29.159+0000] {logging_mixin.py:188} INFO - [2025-03-27T16:52:29.159+0000] {dag.py:3823} INFO - Setting next_dagrun for example_short_circuit_decorator to 2025-03-26 00:00:00+00:00, run_after=2025-03-27 00:00:00+00:00
[2025-03-27T16:52:29.176+0000] {processor.py:183} INFO - Processing /home/airflow/.local/lib/python3.8/site-packages/airflow/example_dags/example_short_circuit_decorator.py took 0.072 seconds
[2025-03-27T16:52:59.727+0000] {processor.py:161} INFO - Started process (PID=18324) to work on /home/airflow/.local/lib/python3.8/site-packages/airflow/example_dags/example_short_circuit_decorator.py
[2025-03-27T16:52:59.728+0000] {processor.py:830} INFO - Processing file /home/airflow/.local/lib/python3.8/site-packages/airflow/example_dags/example_short_circuit_decorator.py for tasks to queue
[2025-03-27T16:52:59.729+0000] {logging_mixin.py:188} INFO - [2025-03-27T16:52:59.728+0000] {dagbag.py:538} INFO - Filling up the DagBag from /home/airflow/.local/lib/python3.8/site-packages/airflow/example_dags/example_short_circuit_decorator.py
[2025-03-27T16:52:59.736+0000] {processor.py:840} INFO - DAG(s) 'example_short_circuit_decorator' retrieved from /home/airflow/.local/lib/python3.8/site-packages/airflow/example_dags/example_short_circuit_decorator.py
[2025-03-27T16:52:59.759+0000] {logging_mixin.py:188} INFO - [2025-03-27T16:52:59.759+0000] {dag.py:3036} INFO - Sync 1 DAGs
[2025-03-27T16:52:59.782+0000] {logging_mixin.py:188} INFO - [2025-03-27T16:52:59.782+0000] {dag.py:3823} INFO - Setting next_dagrun for example_short_circuit_decorator to 2025-03-26 00:00:00+00:00, run_after=2025-03-27 00:00:00+00:00
[2025-03-27T16:52:59.803+0000] {processor.py:183} INFO - Processing /home/airflow/.local/lib/python3.8/site-packages/airflow/example_dags/example_short_circuit_decorator.py took 0.079 seconds
[2025-03-27T16:53:30.352+0000] {processor.py:161} INFO - Started process (PID=18576) to work on /home/airflow/.local/lib/python3.8/site-packages/airflow/example_dags/example_short_circuit_decorator.py
[2025-03-27T16:53:30.353+0000] {processor.py:830} INFO - Processing file /home/airflow/.local/lib/python3.8/site-packages/airflow/example_dags/example_short_circuit_decorator.py for tasks to queue
[2025-03-27T16:53:30.354+0000] {logging_mixin.py:188} INFO - [2025-03-27T16:53:30.354+0000] {dagbag.py:538} INFO - Filling up the DagBag from /home/airflow/.local/lib/python3.8/site-packages/airflow/example_dags/example_short_circuit_decorator.py
[2025-03-27T16:53:30.363+0000] {processor.py:840} INFO - DAG(s) 'example_short_circuit_decorator' retrieved from /home/airflow/.local/lib/python3.8/site-packages/airflow/example_dags/example_short_circuit_decorator.py
[2025-03-27T16:53:30.385+0000] {logging_mixin.py:188} INFO - [2025-03-27T16:53:30.384+0000] {dag.py:3036} INFO - Sync 1 DAGs
[2025-03-27T16:53:30.406+0000] {logging_mixin.py:188} INFO - [2025-03-27T16:53:30.406+0000] {dag.py:3823} INFO - Setting next_dagrun for example_short_circuit_decorator to 2025-03-26 00:00:00+00:00, run_after=2025-03-27 00:00:00+00:00
[2025-03-27T16:53:30.423+0000] {processor.py:183} INFO - Processing /home/airflow/.local/lib/python3.8/site-packages/airflow/example_dags/example_short_circuit_decorator.py took 0.074 seconds
[2025-03-27T16:54:00.965+0000] {processor.py:161} INFO - Started process (PID=18828) to work on /home/airflow/.local/lib/python3.8/site-packages/airflow/example_dags/example_short_circuit_decorator.py
[2025-03-27T16:54:00.966+0000] {processor.py:830} INFO - Processing file /home/airflow/.local/lib/python3.8/site-packages/airflow/example_dags/example_short_circuit_decorator.py for tasks to queue
[2025-03-27T16:54:00.966+0000] {logging_mixin.py:188} INFO - [2025-03-27T16:54:00.966+0000] {dagbag.py:538} INFO - Filling up the DagBag from /home/airflow/.local/lib/python3.8/site-packages/airflow/example_dags/example_short_circuit_decorator.py
[2025-03-27T16:54:00.974+0000] {processor.py:840} INFO - DAG(s) 'example_short_circuit_decorator' retrieved from /home/airflow/.local/lib/python3.8/site-packages/airflow/example_dags/example_short_circuit_decorator.py
[2025-03-27T16:54:00.995+0000] {logging_mixin.py:188} INFO - [2025-03-27T16:54:00.995+0000] {dag.py:3036} INFO - Sync 1 DAGs
[2025-03-27T16:54:01.148+0000] {logging_mixin.py:188} INFO - [2025-03-27T16:54:01.147+0000] {dag.py:3823} INFO - Setting next_dagrun for example_short_circuit_decorator to 2025-03-26 00:00:00+00:00, run_after=2025-03-27 00:00:00+00:00
[2025-03-27T16:54:01.164+0000] {processor.py:183} INFO - Processing /home/airflow/.local/lib/python3.8/site-packages/airflow/example_dags/example_short_circuit_decorator.py took 0.202 seconds
[2025-03-27T16:54:31.447+0000] {processor.py:161} INFO - Started process (PID=19080) to work on /home/airflow/.local/lib/python3.8/site-packages/airflow/example_dags/example_short_circuit_decorator.py
[2025-03-27T16:54:31.448+0000] {processor.py:830} INFO - Processing file /home/airflow/.local/lib/python3.8/site-packages/airflow/example_dags/example_short_circuit_decorator.py for tasks to queue
[2025-03-27T16:54:31.449+0000] {logging_mixin.py:188} INFO - [2025-03-27T16:54:31.449+0000] {dagbag.py:538} INFO - Filling up the DagBag from /home/airflow/.local/lib/python3.8/site-packages/airflow/example_dags/example_short_circuit_decorator.py
[2025-03-27T16:54:31.457+0000] {processor.py:840} INFO - DAG(s) 'example_short_circuit_decorator' retrieved from /home/airflow/.local/lib/python3.8/site-packages/airflow/example_dags/example_short_circuit_decorator.py
[2025-03-27T16:54:31.478+0000] {logging_mixin.py:188} INFO - [2025-03-27T16:54:31.478+0000] {dag.py:3036} INFO - Sync 1 DAGs
[2025-03-27T16:54:31.499+0000] {logging_mixin.py:188} INFO - [2025-03-27T16:54:31.499+0000] {dag.py:3823} INFO - Setting next_dagrun for example_short_circuit_decorator to 2025-03-26 00:00:00+00:00, run_after=2025-03-27 00:00:00+00:00
[2025-03-27T16:54:31.654+0000] {processor.py:183} INFO - Processing /home/airflow/.local/lib/python3.8/site-packages/airflow/example_dags/example_short_circuit_decorator.py took 0.210 seconds
[2025-03-27T16:55:01.804+0000] {processor.py:161} INFO - Started process (PID=19332) to work on /home/airflow/.local/lib/python3.8/site-packages/airflow/example_dags/example_short_circuit_decorator.py
[2025-03-27T16:55:01.805+0000] {processor.py:830} INFO - Processing file /home/airflow/.local/lib/python3.8/site-packages/airflow/example_dags/example_short_circuit_decorator.py for tasks to queue
[2025-03-27T16:55:01.806+0000] {logging_mixin.py:188} INFO - [2025-03-27T16:55:01.806+0000] {dagbag.py:538} INFO - Filling up the DagBag from /home/airflow/.local/lib/python3.8/site-packages/airflow/example_dags/example_short_circuit_decorator.py
[2025-03-27T16:55:01.814+0000] {processor.py:840} INFO - DAG(s) 'example_short_circuit_decorator' retrieved from /home/airflow/.local/lib/python3.8/site-packages/airflow/example_dags/example_short_circuit_decorator.py
[2025-03-27T16:55:01.835+0000] {logging_mixin.py:188} INFO - [2025-03-27T16:55:01.835+0000] {dag.py:3036} INFO - Sync 1 DAGs
[2025-03-27T16:55:01.854+0000] {logging_mixin.py:188} INFO - [2025-03-27T16:55:01.854+0000] {dag.py:3823} INFO - Setting next_dagrun for example_short_circuit_decorator to 2025-03-26 00:00:00+00:00, run_after=2025-03-27 00:00:00+00:00
[2025-03-27T16:55:01.872+0000] {processor.py:183} INFO - Processing /home/airflow/.local/lib/python3.8/site-packages/airflow/example_dags/example_short_circuit_decorator.py took 0.070 seconds
[2025-03-27T16:55:32.068+0000] {processor.py:161} INFO - Started process (PID=19584) to work on /home/airflow/.local/lib/python3.8/site-packages/airflow/example_dags/example_short_circuit_decorator.py
[2025-03-27T16:55:32.069+0000] {processor.py:830} INFO - Processing file /home/airflow/.local/lib/python3.8/site-packages/airflow/example_dags/example_short_circuit_decorator.py for tasks to queue
[2025-03-27T16:55:32.070+0000] {logging_mixin.py:188} INFO - [2025-03-27T16:55:32.069+0000] {dagbag.py:538} INFO - Filling up the DagBag from /home/airflow/.local/lib/python3.8/site-packages/airflow/example_dags/example_short_circuit_decorator.py
[2025-03-27T16:55:32.079+0000] {processor.py:840} INFO - DAG(s) 'example_short_circuit_decorator' retrieved from /home/airflow/.local/lib/python3.8/site-packages/airflow/example_dags/example_short_circuit_decorator.py
[2025-03-27T16:55:32.101+0000] {logging_mixin.py:188} INFO - [2025-03-27T16:55:32.101+0000] {dag.py:3036} INFO - Sync 1 DAGs
[2025-03-27T16:55:32.121+0000] {logging_mixin.py:188} INFO - [2025-03-27T16:55:32.121+0000] {dag.py:3823} INFO - Setting next_dagrun for example_short_circuit_decorator to 2025-03-26 00:00:00+00:00, run_after=2025-03-27 00:00:00+00:00
[2025-03-27T16:55:32.139+0000] {processor.py:183} INFO - Processing /home/airflow/.local/lib/python3.8/site-packages/airflow/example_dags/example_short_circuit_decorator.py took 0.074 seconds
[2025-03-27T16:56:02.281+0000] {processor.py:161} INFO - Started process (PID=19836) to work on /home/airflow/.local/lib/python3.8/site-packages/airflow/example_dags/example_short_circuit_decorator.py
[2025-03-27T16:56:02.282+0000] {processor.py:830} INFO - Processing file /home/airflow/.local/lib/python3.8/site-packages/airflow/example_dags/example_short_circuit_decorator.py for tasks to queue
[2025-03-27T16:56:02.283+0000] {logging_mixin.py:188} INFO - [2025-03-27T16:56:02.283+0000] {dagbag.py:538} INFO - Filling up the DagBag from /home/airflow/.local/lib/python3.8/site-packages/airflow/example_dags/example_short_circuit_decorator.py
[2025-03-27T16:56:02.291+0000] {processor.py:840} INFO - DAG(s) 'example_short_circuit_decorator' retrieved from /home/airflow/.local/lib/python3.8/site-packages/airflow/example_dags/example_short_circuit_decorator.py
[2025-03-27T16:56:02.313+0000] {logging_mixin.py:188} INFO - [2025-03-27T16:56:02.313+0000] {dag.py:3036} INFO - Sync 1 DAGs
[2025-03-27T16:56:02.333+0000] {logging_mixin.py:188} INFO - [2025-03-27T16:56:02.332+0000] {dag.py:3823} INFO - Setting next_dagrun for example_short_circuit_decorator to 2025-03-26 00:00:00+00:00, run_after=2025-03-27 00:00:00+00:00
[2025-03-27T16:56:02.350+0000] {processor.py:183} INFO - Processing /home/airflow/.local/lib/python3.8/site-packages/airflow/example_dags/example_short_circuit_decorator.py took 0.071 seconds
[2025-03-27T16:56:32.411+0000] {processor.py:161} INFO - Started process (PID=20088) to work on /home/airflow/.local/lib/python3.8/site-packages/airflow/example_dags/example_short_circuit_decorator.py
[2025-03-27T16:56:32.411+0000] {processor.py:830} INFO - Processing file /home/airflow/.local/lib/python3.8/site-packages/airflow/example_dags/example_short_circuit_decorator.py for tasks to queue
[2025-03-27T16:56:32.412+0000] {logging_mixin.py:188} INFO - [2025-03-27T16:56:32.412+0000] {dagbag.py:538} INFO - Filling up the DagBag from /home/airflow/.local/lib/python3.8/site-packages/airflow/example_dags/example_short_circuit_decorator.py
[2025-03-27T16:56:32.420+0000] {processor.py:840} INFO - DAG(s) 'example_short_circuit_decorator' retrieved from /home/airflow/.local/lib/python3.8/site-packages/airflow/example_dags/example_short_circuit_decorator.py
[2025-03-27T16:56:32.442+0000] {logging_mixin.py:188} INFO - [2025-03-27T16:56:32.441+0000] {dag.py:3036} INFO - Sync 1 DAGs
[2025-03-27T16:56:32.462+0000] {logging_mixin.py:188} INFO - [2025-03-27T16:56:32.462+0000] {dag.py:3823} INFO - Setting next_dagrun for example_short_circuit_decorator to 2025-03-26 00:00:00+00:00, run_after=2025-03-27 00:00:00+00:00
[2025-03-27T16:56:32.478+0000] {processor.py:183} INFO - Processing /home/airflow/.local/lib/python3.8/site-packages/airflow/example_dags/example_short_circuit_decorator.py took 0.070 seconds
[2025-03-27T16:57:02.963+0000] {processor.py:161} INFO - Started process (PID=20340) to work on /home/airflow/.local/lib/python3.8/site-packages/airflow/example_dags/example_short_circuit_decorator.py
[2025-03-27T16:57:02.964+0000] {processor.py:830} INFO - Processing file /home/airflow/.local/lib/python3.8/site-packages/airflow/example_dags/example_short_circuit_decorator.py for tasks to queue
[2025-03-27T16:57:02.965+0000] {logging_mixin.py:188} INFO - [2025-03-27T16:57:02.965+0000] {dagbag.py:538} INFO - Filling up the DagBag from /home/airflow/.local/lib/python3.8/site-packages/airflow/example_dags/example_short_circuit_decorator.py
[2025-03-27T16:57:02.973+0000] {processor.py:840} INFO - DAG(s) 'example_short_circuit_decorator' retrieved from /home/airflow/.local/lib/python3.8/site-packages/airflow/example_dags/example_short_circuit_decorator.py
[2025-03-27T16:57:02.994+0000] {logging_mixin.py:188} INFO - [2025-03-27T16:57:02.994+0000] {dag.py:3036} INFO - Sync 1 DAGs
[2025-03-27T16:57:03.013+0000] {logging_mixin.py:188} INFO - [2025-03-27T16:57:03.013+0000] {dag.py:3823} INFO - Setting next_dagrun for example_short_circuit_decorator to 2025-03-26 00:00:00+00:00, run_after=2025-03-27 00:00:00+00:00
[2025-03-27T16:57:03.028+0000] {processor.py:183} INFO - Processing /home/airflow/.local/lib/python3.8/site-packages/airflow/example_dags/example_short_circuit_decorator.py took 0.068 seconds
[2025-03-27T16:57:33.292+0000] {processor.py:161} INFO - Started process (PID=20592) to work on /home/airflow/.local/lib/python3.8/site-packages/airflow/example_dags/example_short_circuit_decorator.py
[2025-03-27T16:57:33.293+0000] {processor.py:830} INFO - Processing file /home/airflow/.local/lib/python3.8/site-packages/airflow/example_dags/example_short_circuit_decorator.py for tasks to queue
[2025-03-27T16:57:33.294+0000] {logging_mixin.py:188} INFO - [2025-03-27T16:57:33.294+0000] {dagbag.py:538} INFO - Filling up the DagBag from /home/airflow/.local/lib/python3.8/site-packages/airflow/example_dags/example_short_circuit_decorator.py
[2025-03-27T16:57:33.303+0000] {processor.py:840} INFO - DAG(s) 'example_short_circuit_decorator' retrieved from /home/airflow/.local/lib/python3.8/site-packages/airflow/example_dags/example_short_circuit_decorator.py
[2025-03-27T16:57:33.326+0000] {logging_mixin.py:188} INFO - [2025-03-27T16:57:33.326+0000] {dag.py:3036} INFO - Sync 1 DAGs
[2025-03-27T16:57:33.347+0000] {logging_mixin.py:188} INFO - [2025-03-27T16:57:33.347+0000] {dag.py:3823} INFO - Setting next_dagrun for example_short_circuit_decorator to 2025-03-26 00:00:00+00:00, run_after=2025-03-27 00:00:00+00:00
[2025-03-27T16:57:33.366+0000] {processor.py:183} INFO - Processing /home/airflow/.local/lib/python3.8/site-packages/airflow/example_dags/example_short_circuit_decorator.py took 0.077 seconds
[2025-03-27T16:58:03.481+0000] {processor.py:161} INFO - Started process (PID=20838) to work on /home/airflow/.local/lib/python3.8/site-packages/airflow/example_dags/example_short_circuit_decorator.py
[2025-03-27T16:58:03.482+0000] {processor.py:830} INFO - Processing file /home/airflow/.local/lib/python3.8/site-packages/airflow/example_dags/example_short_circuit_decorator.py for tasks to queue
[2025-03-27T16:58:03.483+0000] {logging_mixin.py:188} INFO - [2025-03-27T16:58:03.483+0000] {dagbag.py:538} INFO - Filling up the DagBag from /home/airflow/.local/lib/python3.8/site-packages/airflow/example_dags/example_short_circuit_decorator.py
[2025-03-27T16:58:03.491+0000] {processor.py:840} INFO - DAG(s) 'example_short_circuit_decorator' retrieved from /home/airflow/.local/lib/python3.8/site-packages/airflow/example_dags/example_short_circuit_decorator.py
[2025-03-27T16:58:03.512+0000] {logging_mixin.py:188} INFO - [2025-03-27T16:58:03.511+0000] {dag.py:3036} INFO - Sync 1 DAGs
[2025-03-27T16:58:03.531+0000] {logging_mixin.py:188} INFO - [2025-03-27T16:58:03.530+0000] {dag.py:3823} INFO - Setting next_dagrun for example_short_circuit_decorator to 2025-03-26 00:00:00+00:00, run_after=2025-03-27 00:00:00+00:00
[2025-03-27T16:58:03.546+0000] {processor.py:183} INFO - Processing /home/airflow/.local/lib/python3.8/site-packages/airflow/example_dags/example_short_circuit_decorator.py took 0.068 seconds
[2025-03-27T16:58:34.176+0000] {processor.py:161} INFO - Started process (PID=21090) to work on /home/airflow/.local/lib/python3.8/site-packages/airflow/example_dags/example_short_circuit_decorator.py
[2025-03-27T16:58:34.178+0000] {processor.py:830} INFO - Processing file /home/airflow/.local/lib/python3.8/site-packages/airflow/example_dags/example_short_circuit_decorator.py for tasks to queue
[2025-03-27T16:58:34.179+0000] {logging_mixin.py:188} INFO - [2025-03-27T16:58:34.179+0000] {dagbag.py:538} INFO - Filling up the DagBag from /home/airflow/.local/lib/python3.8/site-packages/airflow/example_dags/example_short_circuit_decorator.py
[2025-03-27T16:58:34.190+0000] {processor.py:840} INFO - DAG(s) 'example_short_circuit_decorator' retrieved from /home/airflow/.local/lib/python3.8/site-packages/airflow/example_dags/example_short_circuit_decorator.py
[2025-03-27T16:58:34.215+0000] {logging_mixin.py:188} INFO - [2025-03-27T16:58:34.215+0000] {dag.py:3036} INFO - Sync 1 DAGs
[2025-03-27T16:58:34.239+0000] {logging_mixin.py:188} INFO - [2025-03-27T16:58:34.239+0000] {dag.py:3823} INFO - Setting next_dagrun for example_short_circuit_decorator to 2025-03-26 00:00:00+00:00, run_after=2025-03-27 00:00:00+00:00
[2025-03-27T16:58:34.262+0000] {processor.py:183} INFO - Processing /home/airflow/.local/lib/python3.8/site-packages/airflow/example_dags/example_short_circuit_decorator.py took 0.091 seconds
[2025-03-27T16:59:05.087+0000] {processor.py:161} INFO - Started process (PID=21342) to work on /home/airflow/.local/lib/python3.8/site-packages/airflow/example_dags/example_short_circuit_decorator.py
[2025-03-27T16:59:05.088+0000] {processor.py:830} INFO - Processing file /home/airflow/.local/lib/python3.8/site-packages/airflow/example_dags/example_short_circuit_decorator.py for tasks to queue
[2025-03-27T16:59:05.089+0000] {logging_mixin.py:188} INFO - [2025-03-27T16:59:05.089+0000] {dagbag.py:538} INFO - Filling up the DagBag from /home/airflow/.local/lib/python3.8/site-packages/airflow/example_dags/example_short_circuit_decorator.py
[2025-03-27T16:59:05.099+0000] {processor.py:840} INFO - DAG(s) 'example_short_circuit_decorator' retrieved from /home/airflow/.local/lib/python3.8/site-packages/airflow/example_dags/example_short_circuit_decorator.py
[2025-03-27T16:59:05.122+0000] {logging_mixin.py:188} INFO - [2025-03-27T16:59:05.122+0000] {dag.py:3036} INFO - Sync 1 DAGs
[2025-03-27T16:59:05.144+0000] {logging_mixin.py:188} INFO - [2025-03-27T16:59:05.144+0000] {dag.py:3823} INFO - Setting next_dagrun for example_short_circuit_decorator to 2025-03-26 00:00:00+00:00, run_after=2025-03-27 00:00:00+00:00
[2025-03-27T16:59:05.163+0000] {processor.py:183} INFO - Processing /home/airflow/.local/lib/python3.8/site-packages/airflow/example_dags/example_short_circuit_decorator.py took 0.078 seconds
[2025-03-27T16:59:35.524+0000] {processor.py:161} INFO - Started process (PID=21600) to work on /home/airflow/.local/lib/python3.8/site-packages/airflow/example_dags/example_short_circuit_decorator.py
[2025-03-27T16:59:35.525+0000] {processor.py:830} INFO - Processing file /home/airflow/.local/lib/python3.8/site-packages/airflow/example_dags/example_short_circuit_decorator.py for tasks to queue
[2025-03-27T16:59:35.526+0000] {logging_mixin.py:188} INFO - [2025-03-27T16:59:35.526+0000] {dagbag.py:538} INFO - Filling up the DagBag from /home/airflow/.local/lib/python3.8/site-packages/airflow/example_dags/example_short_circuit_decorator.py
[2025-03-27T16:59:35.536+0000] {processor.py:840} INFO - DAG(s) 'example_short_circuit_decorator' retrieved from /home/airflow/.local/lib/python3.8/site-packages/airflow/example_dags/example_short_circuit_decorator.py
[2025-03-27T16:59:35.563+0000] {logging_mixin.py:188} INFO - [2025-03-27T16:59:35.562+0000] {dag.py:3036} INFO - Sync 1 DAGs
[2025-03-27T16:59:35.590+0000] {logging_mixin.py:188} INFO - [2025-03-27T16:59:35.590+0000] {dag.py:3823} INFO - Setting next_dagrun for example_short_circuit_decorator to 2025-03-26 00:00:00+00:00, run_after=2025-03-27 00:00:00+00:00
[2025-03-27T16:59:35.610+0000] {processor.py:183} INFO - Processing /home/airflow/.local/lib/python3.8/site-packages/airflow/example_dags/example_short_circuit_decorator.py took 0.089 seconds
[2025-03-27T17:00:06.217+0000] {processor.py:161} INFO - Started process (PID=21852) to work on /home/airflow/.local/lib/python3.8/site-packages/airflow/example_dags/example_short_circuit_decorator.py
[2025-03-27T17:00:06.218+0000] {processor.py:830} INFO - Processing file /home/airflow/.local/lib/python3.8/site-packages/airflow/example_dags/example_short_circuit_decorator.py for tasks to queue
[2025-03-27T17:00:06.219+0000] {logging_mixin.py:188} INFO - [2025-03-27T17:00:06.219+0000] {dagbag.py:538} INFO - Filling up the DagBag from /home/airflow/.local/lib/python3.8/site-packages/airflow/example_dags/example_short_circuit_decorator.py
[2025-03-27T17:00:06.227+0000] {processor.py:840} INFO - DAG(s) 'example_short_circuit_decorator' retrieved from /home/airflow/.local/lib/python3.8/site-packages/airflow/example_dags/example_short_circuit_decorator.py
[2025-03-27T17:00:06.249+0000] {logging_mixin.py:188} INFO - [2025-03-27T17:00:06.249+0000] {dag.py:3036} INFO - Sync 1 DAGs
[2025-03-27T17:00:06.270+0000] {logging_mixin.py:188} INFO - [2025-03-27T17:00:06.270+0000] {dag.py:3823} INFO - Setting next_dagrun for example_short_circuit_decorator to 2025-03-26 00:00:00+00:00, run_after=2025-03-27 00:00:00+00:00
[2025-03-27T17:00:06.288+0000] {processor.py:183} INFO - Processing /home/airflow/.local/lib/python3.8/site-packages/airflow/example_dags/example_short_circuit_decorator.py took 0.074 seconds
