[2025-03-27T16:27:02.251+0000] {processor.py:161} INFO - Started process (PID=386) to work on /home/airflow/.local/lib/python3.8/site-packages/airflow/example_dags/example_branch_operator.py
[2025-03-27T16:27:02.252+0000] {processor.py:830} INFO - Processing file /home/airflow/.local/lib/python3.8/site-packages/airflow/example_dags/example_branch_operator.py for tasks to queue
[2025-03-27T16:27:02.253+0000] {logging_mixin.py:188} INFO - [2025-03-27T16:27:02.252+0000] {dagbag.py:538} INFO - Filling up the DagBag from /home/airflow/.local/lib/python3.8/site-packages/airflow/example_dags/example_branch_operator.py
[2025-03-27T16:27:02.269+0000] {processor.py:840} INFO - DAG(s) 'example_branch_operator' retrieved from /home/airflow/.local/lib/python3.8/site-packages/airflow/example_dags/example_branch_operator.py
[2025-03-27T16:27:02.281+0000] {logging_mixin.py:188} INFO - [2025-03-27T16:27:02.281+0000] {dag.py:3036} INFO - Sync 1 DAGs
[2025-03-27T16:27:02.309+0000] {logging_mixin.py:188} INFO - [2025-03-27T16:27:02.309+0000] {dag.py:3823} INFO - Setting next_dagrun for example_branch_operator to 2025-03-26 00:00:00+00:00, run_after=2025-03-27 00:00:00+00:00
[2025-03-27T16:27:02.328+0000] {processor.py:183} INFO - Processing /home/airflow/.local/lib/python3.8/site-packages/airflow/example_dags/example_branch_operator.py took 0.080 seconds
[2025-03-27T16:27:33.475+0000] {processor.py:161} INFO - Started process (PID=639) to work on /home/airflow/.local/lib/python3.8/site-packages/airflow/example_dags/example_branch_operator.py
[2025-03-27T16:27:33.476+0000] {processor.py:830} INFO - Processing file /home/airflow/.local/lib/python3.8/site-packages/airflow/example_dags/example_branch_operator.py for tasks to queue
[2025-03-27T16:27:33.477+0000] {logging_mixin.py:188} INFO - [2025-03-27T16:27:33.477+0000] {dagbag.py:538} INFO - Filling up the DagBag from /home/airflow/.local/lib/python3.8/site-packages/airflow/example_dags/example_branch_operator.py
[2025-03-27T16:27:33.495+0000] {processor.py:840} INFO - DAG(s) 'example_branch_operator' retrieved from /home/airflow/.local/lib/python3.8/site-packages/airflow/example_dags/example_branch_operator.py
[2025-03-27T16:27:33.604+0000] {logging_mixin.py:188} INFO - [2025-03-27T16:27:33.604+0000] {dag.py:3036} INFO - Sync 1 DAGs
[2025-03-27T16:27:33.626+0000] {logging_mixin.py:188} INFO - [2025-03-27T16:27:33.626+0000] {dag.py:3823} INFO - Setting next_dagrun for example_branch_operator to 2025-03-26 00:00:00+00:00, run_after=2025-03-27 00:00:00+00:00
[2025-03-27T16:27:33.645+0000] {processor.py:183} INFO - Processing /home/airflow/.local/lib/python3.8/site-packages/airflow/example_dags/example_branch_operator.py took 0.173 seconds
[2025-03-27T16:28:03.901+0000] {processor.py:161} INFO - Started process (PID=886) to work on /home/airflow/.local/lib/python3.8/site-packages/airflow/example_dags/example_branch_operator.py
[2025-03-27T16:28:03.902+0000] {processor.py:830} INFO - Processing file /home/airflow/.local/lib/python3.8/site-packages/airflow/example_dags/example_branch_operator.py for tasks to queue
[2025-03-27T16:28:03.903+0000] {logging_mixin.py:188} INFO - [2025-03-27T16:28:03.902+0000] {dagbag.py:538} INFO - Filling up the DagBag from /home/airflow/.local/lib/python3.8/site-packages/airflow/example_dags/example_branch_operator.py
[2025-03-27T16:28:03.919+0000] {processor.py:840} INFO - DAG(s) 'example_branch_operator' retrieved from /home/airflow/.local/lib/python3.8/site-packages/airflow/example_dags/example_branch_operator.py
[2025-03-27T16:28:03.948+0000] {logging_mixin.py:188} INFO - [2025-03-27T16:28:03.948+0000] {dag.py:3036} INFO - Sync 1 DAGs
[2025-03-27T16:28:03.973+0000] {logging_mixin.py:188} INFO - [2025-03-27T16:28:03.972+0000] {dag.py:3823} INFO - Setting next_dagrun for example_branch_operator to 2025-03-26 00:00:00+00:00, run_after=2025-03-27 00:00:00+00:00
[2025-03-27T16:28:03.993+0000] {processor.py:183} INFO - Processing /home/airflow/.local/lib/python3.8/site-packages/airflow/example_dags/example_branch_operator.py took 0.096 seconds
[2025-03-27T16:28:34.631+0000] {processor.py:161} INFO - Started process (PID=1133) to work on /home/airflow/.local/lib/python3.8/site-packages/airflow/example_dags/example_branch_operator.py
[2025-03-27T16:28:34.632+0000] {processor.py:830} INFO - Processing file /home/airflow/.local/lib/python3.8/site-packages/airflow/example_dags/example_branch_operator.py for tasks to queue
[2025-03-27T16:28:34.633+0000] {logging_mixin.py:188} INFO - [2025-03-27T16:28:34.633+0000] {dagbag.py:538} INFO - Filling up the DagBag from /home/airflow/.local/lib/python3.8/site-packages/airflow/example_dags/example_branch_operator.py
[2025-03-27T16:28:34.648+0000] {processor.py:840} INFO - DAG(s) 'example_branch_operator' retrieved from /home/airflow/.local/lib/python3.8/site-packages/airflow/example_dags/example_branch_operator.py
[2025-03-27T16:28:34.674+0000] {logging_mixin.py:188} INFO - [2025-03-27T16:28:34.674+0000] {dag.py:3036} INFO - Sync 1 DAGs
[2025-03-27T16:28:34.695+0000] {logging_mixin.py:188} INFO - [2025-03-27T16:28:34.694+0000] {dag.py:3823} INFO - Setting next_dagrun for example_branch_operator to 2025-03-26 00:00:00+00:00, run_after=2025-03-27 00:00:00+00:00
[2025-03-27T16:28:34.710+0000] {processor.py:183} INFO - Processing /home/airflow/.local/lib/python3.8/site-packages/airflow/example_dags/example_branch_operator.py took 0.081 seconds
[2025-03-27T16:29:05.193+0000] {processor.py:161} INFO - Started process (PID=1380) to work on /home/airflow/.local/lib/python3.8/site-packages/airflow/example_dags/example_branch_operator.py
[2025-03-27T16:29:05.194+0000] {processor.py:830} INFO - Processing file /home/airflow/.local/lib/python3.8/site-packages/airflow/example_dags/example_branch_operator.py for tasks to queue
[2025-03-27T16:29:05.195+0000] {logging_mixin.py:188} INFO - [2025-03-27T16:29:05.195+0000] {dagbag.py:538} INFO - Filling up the DagBag from /home/airflow/.local/lib/python3.8/site-packages/airflow/example_dags/example_branch_operator.py
[2025-03-27T16:29:05.211+0000] {processor.py:840} INFO - DAG(s) 'example_branch_operator' retrieved from /home/airflow/.local/lib/python3.8/site-packages/airflow/example_dags/example_branch_operator.py
[2025-03-27T16:29:05.238+0000] {logging_mixin.py:188} INFO - [2025-03-27T16:29:05.238+0000] {dag.py:3036} INFO - Sync 1 DAGs
[2025-03-27T16:29:05.260+0000] {logging_mixin.py:188} INFO - [2025-03-27T16:29:05.259+0000] {dag.py:3823} INFO - Setting next_dagrun for example_branch_operator to 2025-03-26 00:00:00+00:00, run_after=2025-03-27 00:00:00+00:00
[2025-03-27T16:29:05.277+0000] {processor.py:183} INFO - Processing /home/airflow/.local/lib/python3.8/site-packages/airflow/example_dags/example_branch_operator.py took 0.086 seconds
[2025-03-27T16:29:35.856+0000] {processor.py:161} INFO - Started process (PID=1628) to work on /home/airflow/.local/lib/python3.8/site-packages/airflow/example_dags/example_branch_operator.py
[2025-03-27T16:29:35.857+0000] {processor.py:830} INFO - Processing file /home/airflow/.local/lib/python3.8/site-packages/airflow/example_dags/example_branch_operator.py for tasks to queue
[2025-03-27T16:29:35.858+0000] {logging_mixin.py:188} INFO - [2025-03-27T16:29:35.857+0000] {dagbag.py:538} INFO - Filling up the DagBag from /home/airflow/.local/lib/python3.8/site-packages/airflow/example_dags/example_branch_operator.py
[2025-03-27T16:29:35.872+0000] {processor.py:840} INFO - DAG(s) 'example_branch_operator' retrieved from /home/airflow/.local/lib/python3.8/site-packages/airflow/example_dags/example_branch_operator.py
[2025-03-27T16:29:35.898+0000] {logging_mixin.py:188} INFO - [2025-03-27T16:29:35.898+0000] {dag.py:3036} INFO - Sync 1 DAGs
[2025-03-27T16:29:35.919+0000] {logging_mixin.py:188} INFO - [2025-03-27T16:29:35.919+0000] {dag.py:3823} INFO - Setting next_dagrun for example_branch_operator to 2025-03-26 00:00:00+00:00, run_after=2025-03-27 00:00:00+00:00
[2025-03-27T16:29:35.938+0000] {processor.py:183} INFO - Processing /home/airflow/.local/lib/python3.8/site-packages/airflow/example_dags/example_branch_operator.py took 0.085 seconds
[2025-03-27T16:30:06.421+0000] {processor.py:161} INFO - Started process (PID=1876) to work on /home/airflow/.local/lib/python3.8/site-packages/airflow/example_dags/example_branch_operator.py
[2025-03-27T16:30:06.422+0000] {processor.py:830} INFO - Processing file /home/airflow/.local/lib/python3.8/site-packages/airflow/example_dags/example_branch_operator.py for tasks to queue
[2025-03-27T16:30:06.423+0000] {logging_mixin.py:188} INFO - [2025-03-27T16:30:06.422+0000] {dagbag.py:538} INFO - Filling up the DagBag from /home/airflow/.local/lib/python3.8/site-packages/airflow/example_dags/example_branch_operator.py
[2025-03-27T16:30:06.437+0000] {processor.py:840} INFO - DAG(s) 'example_branch_operator' retrieved from /home/airflow/.local/lib/python3.8/site-packages/airflow/example_dags/example_branch_operator.py
[2025-03-27T16:30:06.462+0000] {logging_mixin.py:188} INFO - [2025-03-27T16:30:06.462+0000] {dag.py:3036} INFO - Sync 1 DAGs
[2025-03-27T16:30:06.482+0000] {logging_mixin.py:188} INFO - [2025-03-27T16:30:06.481+0000] {dag.py:3823} INFO - Setting next_dagrun for example_branch_operator to 2025-03-26 00:00:00+00:00, run_after=2025-03-27 00:00:00+00:00
[2025-03-27T16:30:06.498+0000] {processor.py:183} INFO - Processing /home/airflow/.local/lib/python3.8/site-packages/airflow/example_dags/example_branch_operator.py took 0.079 seconds
[2025-03-27T16:30:36.804+0000] {processor.py:161} INFO - Started process (PID=2121) to work on /home/airflow/.local/lib/python3.8/site-packages/airflow/example_dags/example_branch_operator.py
[2025-03-27T16:30:36.805+0000] {processor.py:830} INFO - Processing file /home/airflow/.local/lib/python3.8/site-packages/airflow/example_dags/example_branch_operator.py for tasks to queue
[2025-03-27T16:30:36.807+0000] {logging_mixin.py:188} INFO - [2025-03-27T16:30:36.806+0000] {dagbag.py:538} INFO - Filling up the DagBag from /home/airflow/.local/lib/python3.8/site-packages/airflow/example_dags/example_branch_operator.py
[2025-03-27T16:30:36.828+0000] {processor.py:840} INFO - DAG(s) 'example_branch_operator' retrieved from /home/airflow/.local/lib/python3.8/site-packages/airflow/example_dags/example_branch_operator.py
[2025-03-27T16:30:36.859+0000] {logging_mixin.py:188} INFO - [2025-03-27T16:30:36.859+0000] {dag.py:3036} INFO - Sync 1 DAGs
[2025-03-27T16:30:36.884+0000] {logging_mixin.py:188} INFO - [2025-03-27T16:30:36.884+0000] {dag.py:3823} INFO - Setting next_dagrun for example_branch_operator to 2025-03-26 00:00:00+00:00, run_after=2025-03-27 00:00:00+00:00
[2025-03-27T16:30:36.903+0000] {processor.py:183} INFO - Processing /home/airflow/.local/lib/python3.8/site-packages/airflow/example_dags/example_branch_operator.py took 0.102 seconds
[2025-03-27T16:31:07.356+0000] {processor.py:161} INFO - Started process (PID=2368) to work on /home/airflow/.local/lib/python3.8/site-packages/airflow/example_dags/example_branch_operator.py
[2025-03-27T16:31:07.356+0000] {processor.py:830} INFO - Processing file /home/airflow/.local/lib/python3.8/site-packages/airflow/example_dags/example_branch_operator.py for tasks to queue
[2025-03-27T16:31:07.357+0000] {logging_mixin.py:188} INFO - [2025-03-27T16:31:07.357+0000] {dagbag.py:538} INFO - Filling up the DagBag from /home/airflow/.local/lib/python3.8/site-packages/airflow/example_dags/example_branch_operator.py
[2025-03-27T16:31:07.372+0000] {processor.py:840} INFO - DAG(s) 'example_branch_operator' retrieved from /home/airflow/.local/lib/python3.8/site-packages/airflow/example_dags/example_branch_operator.py
[2025-03-27T16:31:07.397+0000] {logging_mixin.py:188} INFO - [2025-03-27T16:31:07.397+0000] {dag.py:3036} INFO - Sync 1 DAGs
[2025-03-27T16:31:07.420+0000] {logging_mixin.py:188} INFO - [2025-03-27T16:31:07.419+0000] {dag.py:3823} INFO - Setting next_dagrun for example_branch_operator to 2025-03-26 00:00:00+00:00, run_after=2025-03-27 00:00:00+00:00
[2025-03-27T16:31:07.436+0000] {processor.py:183} INFO - Processing /home/airflow/.local/lib/python3.8/site-packages/airflow/example_dags/example_branch_operator.py took 0.083 seconds
[2025-03-27T16:31:38.021+0000] {processor.py:161} INFO - Started process (PID=2616) to work on /home/airflow/.local/lib/python3.8/site-packages/airflow/example_dags/example_branch_operator.py
[2025-03-27T16:31:38.022+0000] {processor.py:830} INFO - Processing file /home/airflow/.local/lib/python3.8/site-packages/airflow/example_dags/example_branch_operator.py for tasks to queue
[2025-03-27T16:31:38.023+0000] {logging_mixin.py:188} INFO - [2025-03-27T16:31:38.023+0000] {dagbag.py:538} INFO - Filling up the DagBag from /home/airflow/.local/lib/python3.8/site-packages/airflow/example_dags/example_branch_operator.py
[2025-03-27T16:31:38.043+0000] {processor.py:840} INFO - DAG(s) 'example_branch_operator' retrieved from /home/airflow/.local/lib/python3.8/site-packages/airflow/example_dags/example_branch_operator.py
[2025-03-27T16:31:38.072+0000] {logging_mixin.py:188} INFO - [2025-03-27T16:31:38.071+0000] {dag.py:3036} INFO - Sync 1 DAGs
[2025-03-27T16:31:38.094+0000] {logging_mixin.py:188} INFO - [2025-03-27T16:31:38.093+0000] {dag.py:3823} INFO - Setting next_dagrun for example_branch_operator to 2025-03-26 00:00:00+00:00, run_after=2025-03-27 00:00:00+00:00
[2025-03-27T16:31:38.113+0000] {processor.py:183} INFO - Processing /home/airflow/.local/lib/python3.8/site-packages/airflow/example_dags/example_branch_operator.py took 0.095 seconds
[2025-03-27T16:32:08.174+0000] {processor.py:161} INFO - Started process (PID=2862) to work on /home/airflow/.local/lib/python3.8/site-packages/airflow/example_dags/example_branch_operator.py
[2025-03-27T16:32:08.175+0000] {processor.py:830} INFO - Processing file /home/airflow/.local/lib/python3.8/site-packages/airflow/example_dags/example_branch_operator.py for tasks to queue
[2025-03-27T16:32:08.176+0000] {logging_mixin.py:188} INFO - [2025-03-27T16:32:08.176+0000] {dagbag.py:538} INFO - Filling up the DagBag from /home/airflow/.local/lib/python3.8/site-packages/airflow/example_dags/example_branch_operator.py
[2025-03-27T16:32:08.194+0000] {processor.py:840} INFO - DAG(s) 'example_branch_operator' retrieved from /home/airflow/.local/lib/python3.8/site-packages/airflow/example_dags/example_branch_operator.py
[2025-03-27T16:32:08.223+0000] {logging_mixin.py:188} INFO - [2025-03-27T16:32:08.223+0000] {dag.py:3036} INFO - Sync 1 DAGs
[2025-03-27T16:32:08.246+0000] {logging_mixin.py:188} INFO - [2025-03-27T16:32:08.246+0000] {dag.py:3823} INFO - Setting next_dagrun for example_branch_operator to 2025-03-26 00:00:00+00:00, run_after=2025-03-27 00:00:00+00:00
[2025-03-27T16:32:08.264+0000] {processor.py:183} INFO - Processing /home/airflow/.local/lib/python3.8/site-packages/airflow/example_dags/example_branch_operator.py took 0.093 seconds
[2025-03-27T16:32:39.975+0000] {processor.py:161} INFO - Started process (PID=3109) to work on /home/airflow/.local/lib/python3.8/site-packages/airflow/example_dags/example_branch_operator.py
[2025-03-27T16:32:39.977+0000] {processor.py:830} INFO - Processing file /home/airflow/.local/lib/python3.8/site-packages/airflow/example_dags/example_branch_operator.py for tasks to queue
[2025-03-27T16:32:39.979+0000] {logging_mixin.py:188} INFO - [2025-03-27T16:32:39.979+0000] {dagbag.py:538} INFO - Filling up the DagBag from /home/airflow/.local/lib/python3.8/site-packages/airflow/example_dags/example_branch_operator.py
[2025-03-27T16:32:40.008+0000] {processor.py:840} INFO - DAG(s) 'example_branch_operator' retrieved from /home/airflow/.local/lib/python3.8/site-packages/airflow/example_dags/example_branch_operator.py
[2025-03-27T16:32:40.059+0000] {logging_mixin.py:188} INFO - [2025-03-27T16:32:40.058+0000] {dag.py:3036} INFO - Sync 1 DAGs
[2025-03-27T16:32:40.091+0000] {logging_mixin.py:188} INFO - [2025-03-27T16:32:40.090+0000] {dag.py:3823} INFO - Setting next_dagrun for example_branch_operator to 2025-03-26 00:00:00+00:00, run_after=2025-03-27 00:00:00+00:00
[2025-03-27T16:32:40.115+0000] {processor.py:183} INFO - Processing /home/airflow/.local/lib/python3.8/site-packages/airflow/example_dags/example_branch_operator.py took 0.145 seconds
[2025-03-27T16:33:10.956+0000] {processor.py:161} INFO - Started process (PID=3358) to work on /home/airflow/.local/lib/python3.8/site-packages/airflow/example_dags/example_branch_operator.py
[2025-03-27T16:33:10.957+0000] {processor.py:830} INFO - Processing file /home/airflow/.local/lib/python3.8/site-packages/airflow/example_dags/example_branch_operator.py for tasks to queue
[2025-03-27T16:33:10.958+0000] {logging_mixin.py:188} INFO - [2025-03-27T16:33:10.958+0000] {dagbag.py:538} INFO - Filling up the DagBag from /home/airflow/.local/lib/python3.8/site-packages/airflow/example_dags/example_branch_operator.py
[2025-03-27T16:33:10.974+0000] {processor.py:840} INFO - DAG(s) 'example_branch_operator' retrieved from /home/airflow/.local/lib/python3.8/site-packages/airflow/example_dags/example_branch_operator.py
[2025-03-27T16:33:10.999+0000] {logging_mixin.py:188} INFO - [2025-03-27T16:33:10.999+0000] {dag.py:3036} INFO - Sync 1 DAGs
[2025-03-27T16:33:11.022+0000] {logging_mixin.py:188} INFO - [2025-03-27T16:33:11.021+0000] {dag.py:3823} INFO - Setting next_dagrun for example_branch_operator to 2025-03-26 00:00:00+00:00, run_after=2025-03-27 00:00:00+00:00
[2025-03-27T16:33:11.039+0000] {processor.py:183} INFO - Processing /home/airflow/.local/lib/python3.8/site-packages/airflow/example_dags/example_branch_operator.py took 0.086 seconds
[2025-03-27T16:33:41.940+0000] {processor.py:161} INFO - Started process (PID=3603) to work on /home/airflow/.local/lib/python3.8/site-packages/airflow/example_dags/example_branch_operator.py
[2025-03-27T16:33:41.941+0000] {processor.py:830} INFO - Processing file /home/airflow/.local/lib/python3.8/site-packages/airflow/example_dags/example_branch_operator.py for tasks to queue
[2025-03-27T16:33:41.942+0000] {logging_mixin.py:188} INFO - [2025-03-27T16:33:41.942+0000] {dagbag.py:538} INFO - Filling up the DagBag from /home/airflow/.local/lib/python3.8/site-packages/airflow/example_dags/example_branch_operator.py
[2025-03-27T16:33:41.958+0000] {processor.py:840} INFO - DAG(s) 'example_branch_operator' retrieved from /home/airflow/.local/lib/python3.8/site-packages/airflow/example_dags/example_branch_operator.py
[2025-03-27T16:33:41.986+0000] {logging_mixin.py:188} INFO - [2025-03-27T16:33:41.985+0000] {dag.py:3036} INFO - Sync 1 DAGs
[2025-03-27T16:33:42.008+0000] {logging_mixin.py:188} INFO - [2025-03-27T16:33:42.008+0000] {dag.py:3823} INFO - Setting next_dagrun for example_branch_operator to 2025-03-26 00:00:00+00:00, run_after=2025-03-27 00:00:00+00:00
[2025-03-27T16:33:42.030+0000] {processor.py:183} INFO - Processing /home/airflow/.local/lib/python3.8/site-packages/airflow/example_dags/example_branch_operator.py took 0.093 seconds
[2025-03-27T16:34:12.345+0000] {processor.py:161} INFO - Started process (PID=3852) to work on /home/airflow/.local/lib/python3.8/site-packages/airflow/example_dags/example_branch_operator.py
[2025-03-27T16:34:12.346+0000] {processor.py:830} INFO - Processing file /home/airflow/.local/lib/python3.8/site-packages/airflow/example_dags/example_branch_operator.py for tasks to queue
[2025-03-27T16:34:12.347+0000] {logging_mixin.py:188} INFO - [2025-03-27T16:34:12.346+0000] {dagbag.py:538} INFO - Filling up the DagBag from /home/airflow/.local/lib/python3.8/site-packages/airflow/example_dags/example_branch_operator.py
[2025-03-27T16:34:12.361+0000] {processor.py:840} INFO - DAG(s) 'example_branch_operator' retrieved from /home/airflow/.local/lib/python3.8/site-packages/airflow/example_dags/example_branch_operator.py
[2025-03-27T16:34:12.386+0000] {logging_mixin.py:188} INFO - [2025-03-27T16:34:12.386+0000] {dag.py:3036} INFO - Sync 1 DAGs
[2025-03-27T16:34:12.407+0000] {logging_mixin.py:188} INFO - [2025-03-27T16:34:12.406+0000] {dag.py:3823} INFO - Setting next_dagrun for example_branch_operator to 2025-03-26 00:00:00+00:00, run_after=2025-03-27 00:00:00+00:00
[2025-03-27T16:34:12.424+0000] {processor.py:183} INFO - Processing /home/airflow/.local/lib/python3.8/site-packages/airflow/example_dags/example_branch_operator.py took 0.081 seconds
[2025-03-27T16:34:42.750+0000] {processor.py:161} INFO - Started process (PID=4099) to work on /home/airflow/.local/lib/python3.8/site-packages/airflow/example_dags/example_branch_operator.py
[2025-03-27T16:34:42.751+0000] {processor.py:830} INFO - Processing file /home/airflow/.local/lib/python3.8/site-packages/airflow/example_dags/example_branch_operator.py for tasks to queue
[2025-03-27T16:34:42.752+0000] {logging_mixin.py:188} INFO - [2025-03-27T16:34:42.752+0000] {dagbag.py:538} INFO - Filling up the DagBag from /home/airflow/.local/lib/python3.8/site-packages/airflow/example_dags/example_branch_operator.py
[2025-03-27T16:34:42.767+0000] {processor.py:840} INFO - DAG(s) 'example_branch_operator' retrieved from /home/airflow/.local/lib/python3.8/site-packages/airflow/example_dags/example_branch_operator.py
[2025-03-27T16:34:42.792+0000] {logging_mixin.py:188} INFO - [2025-03-27T16:34:42.792+0000] {dag.py:3036} INFO - Sync 1 DAGs
[2025-03-27T16:34:42.814+0000] {logging_mixin.py:188} INFO - [2025-03-27T16:34:42.814+0000] {dag.py:3823} INFO - Setting next_dagrun for example_branch_operator to 2025-03-26 00:00:00+00:00, run_after=2025-03-27 00:00:00+00:00
[2025-03-27T16:34:42.832+0000] {processor.py:183} INFO - Processing /home/airflow/.local/lib/python3.8/site-packages/airflow/example_dags/example_branch_operator.py took 0.085 seconds
[2025-03-27T16:35:13.195+0000] {processor.py:161} INFO - Started process (PID=4345) to work on /home/airflow/.local/lib/python3.8/site-packages/airflow/example_dags/example_branch_operator.py
[2025-03-27T16:35:13.196+0000] {processor.py:830} INFO - Processing file /home/airflow/.local/lib/python3.8/site-packages/airflow/example_dags/example_branch_operator.py for tasks to queue
[2025-03-27T16:35:13.197+0000] {logging_mixin.py:188} INFO - [2025-03-27T16:35:13.197+0000] {dagbag.py:538} INFO - Filling up the DagBag from /home/airflow/.local/lib/python3.8/site-packages/airflow/example_dags/example_branch_operator.py
[2025-03-27T16:35:13.214+0000] {processor.py:840} INFO - DAG(s) 'example_branch_operator' retrieved from /home/airflow/.local/lib/python3.8/site-packages/airflow/example_dags/example_branch_operator.py
[2025-03-27T16:35:13.244+0000] {logging_mixin.py:188} INFO - [2025-03-27T16:35:13.243+0000] {dag.py:3036} INFO - Sync 1 DAGs
[2025-03-27T16:35:13.266+0000] {logging_mixin.py:188} INFO - [2025-03-27T16:35:13.266+0000] {dag.py:3823} INFO - Setting next_dagrun for example_branch_operator to 2025-03-26 00:00:00+00:00, run_after=2025-03-27 00:00:00+00:00
[2025-03-27T16:35:13.284+0000] {processor.py:183} INFO - Processing /home/airflow/.local/lib/python3.8/site-packages/airflow/example_dags/example_branch_operator.py took 0.091 seconds
[2025-03-27T16:35:43.390+0000] {processor.py:161} INFO - Started process (PID=4593) to work on /home/airflow/.local/lib/python3.8/site-packages/airflow/example_dags/example_branch_operator.py
[2025-03-27T16:35:43.392+0000] {processor.py:830} INFO - Processing file /home/airflow/.local/lib/python3.8/site-packages/airflow/example_dags/example_branch_operator.py for tasks to queue
[2025-03-27T16:35:43.393+0000] {logging_mixin.py:188} INFO - [2025-03-27T16:35:43.393+0000] {dagbag.py:538} INFO - Filling up the DagBag from /home/airflow/.local/lib/python3.8/site-packages/airflow/example_dags/example_branch_operator.py
[2025-03-27T16:35:43.410+0000] {processor.py:840} INFO - DAG(s) 'example_branch_operator' retrieved from /home/airflow/.local/lib/python3.8/site-packages/airflow/example_dags/example_branch_operator.py
[2025-03-27T16:35:43.441+0000] {logging_mixin.py:188} INFO - [2025-03-27T16:35:43.441+0000] {dag.py:3036} INFO - Sync 1 DAGs
[2025-03-27T16:35:43.467+0000] {logging_mixin.py:188} INFO - [2025-03-27T16:35:43.467+0000] {dag.py:3823} INFO - Setting next_dagrun for example_branch_operator to 2025-03-26 00:00:00+00:00, run_after=2025-03-27 00:00:00+00:00
[2025-03-27T16:35:43.488+0000] {processor.py:183} INFO - Processing /home/airflow/.local/lib/python3.8/site-packages/airflow/example_dags/example_branch_operator.py took 0.101 seconds
[2025-03-27T16:36:14.084+0000] {processor.py:161} INFO - Started process (PID=4840) to work on /home/airflow/.local/lib/python3.8/site-packages/airflow/example_dags/example_branch_operator.py
[2025-03-27T16:36:14.085+0000] {processor.py:830} INFO - Processing file /home/airflow/.local/lib/python3.8/site-packages/airflow/example_dags/example_branch_operator.py for tasks to queue
[2025-03-27T16:36:14.086+0000] {logging_mixin.py:188} INFO - [2025-03-27T16:36:14.086+0000] {dagbag.py:538} INFO - Filling up the DagBag from /home/airflow/.local/lib/python3.8/site-packages/airflow/example_dags/example_branch_operator.py
[2025-03-27T16:36:14.101+0000] {processor.py:840} INFO - DAG(s) 'example_branch_operator' retrieved from /home/airflow/.local/lib/python3.8/site-packages/airflow/example_dags/example_branch_operator.py
[2025-03-27T16:36:14.126+0000] {logging_mixin.py:188} INFO - [2025-03-27T16:36:14.126+0000] {dag.py:3036} INFO - Sync 1 DAGs
[2025-03-27T16:36:14.145+0000] {logging_mixin.py:188} INFO - [2025-03-27T16:36:14.145+0000] {dag.py:3823} INFO - Setting next_dagrun for example_branch_operator to 2025-03-26 00:00:00+00:00, run_after=2025-03-27 00:00:00+00:00
[2025-03-27T16:36:14.160+0000] {processor.py:183} INFO - Processing /home/airflow/.local/lib/python3.8/site-packages/airflow/example_dags/example_branch_operator.py took 0.079 seconds
[2025-03-27T16:36:44.504+0000] {processor.py:161} INFO - Started process (PID=5085) to work on /home/airflow/.local/lib/python3.8/site-packages/airflow/example_dags/example_branch_operator.py
[2025-03-27T16:36:44.505+0000] {processor.py:830} INFO - Processing file /home/airflow/.local/lib/python3.8/site-packages/airflow/example_dags/example_branch_operator.py for tasks to queue
[2025-03-27T16:36:44.506+0000] {logging_mixin.py:188} INFO - [2025-03-27T16:36:44.506+0000] {dagbag.py:538} INFO - Filling up the DagBag from /home/airflow/.local/lib/python3.8/site-packages/airflow/example_dags/example_branch_operator.py
[2025-03-27T16:36:44.522+0000] {processor.py:840} INFO - DAG(s) 'example_branch_operator' retrieved from /home/airflow/.local/lib/python3.8/site-packages/airflow/example_dags/example_branch_operator.py
[2025-03-27T16:36:44.552+0000] {logging_mixin.py:188} INFO - [2025-03-27T16:36:44.552+0000] {dag.py:3036} INFO - Sync 1 DAGs
[2025-03-27T16:36:44.575+0000] {logging_mixin.py:188} INFO - [2025-03-27T16:36:44.575+0000] {dag.py:3823} INFO - Setting next_dagrun for example_branch_operator to 2025-03-26 00:00:00+00:00, run_after=2025-03-27 00:00:00+00:00
[2025-03-27T16:36:44.594+0000] {processor.py:183} INFO - Processing /home/airflow/.local/lib/python3.8/site-packages/airflow/example_dags/example_branch_operator.py took 0.093 seconds
[2025-03-27T16:37:15.411+0000] {processor.py:161} INFO - Started process (PID=5339) to work on /home/airflow/.local/lib/python3.8/site-packages/airflow/example_dags/example_branch_operator.py
[2025-03-27T16:37:15.413+0000] {processor.py:830} INFO - Processing file /home/airflow/.local/lib/python3.8/site-packages/airflow/example_dags/example_branch_operator.py for tasks to queue
[2025-03-27T16:37:15.414+0000] {logging_mixin.py:188} INFO - [2025-03-27T16:37:15.414+0000] {dagbag.py:538} INFO - Filling up the DagBag from /home/airflow/.local/lib/python3.8/site-packages/airflow/example_dags/example_branch_operator.py
[2025-03-27T16:37:15.434+0000] {processor.py:840} INFO - DAG(s) 'example_branch_operator' retrieved from /home/airflow/.local/lib/python3.8/site-packages/airflow/example_dags/example_branch_operator.py
[2025-03-27T16:37:15.467+0000] {logging_mixin.py:188} INFO - [2025-03-27T16:37:15.466+0000] {dag.py:3036} INFO - Sync 1 DAGs
[2025-03-27T16:37:15.489+0000] {logging_mixin.py:188} INFO - [2025-03-27T16:37:15.489+0000] {dag.py:3823} INFO - Setting next_dagrun for example_branch_operator to 2025-03-26 00:00:00+00:00, run_after=2025-03-27 00:00:00+00:00
[2025-03-27T16:37:15.513+0000] {processor.py:183} INFO - Processing /home/airflow/.local/lib/python3.8/site-packages/airflow/example_dags/example_branch_operator.py took 0.107 seconds
[2025-03-27T16:37:45.615+0000] {processor.py:161} INFO - Started process (PID=5596) to work on /home/airflow/.local/lib/python3.8/site-packages/airflow/example_dags/example_branch_operator.py
[2025-03-27T16:37:45.616+0000] {processor.py:830} INFO - Processing file /home/airflow/.local/lib/python3.8/site-packages/airflow/example_dags/example_branch_operator.py for tasks to queue
[2025-03-27T16:37:45.617+0000] {logging_mixin.py:188} INFO - [2025-03-27T16:37:45.616+0000] {dagbag.py:538} INFO - Filling up the DagBag from /home/airflow/.local/lib/python3.8/site-packages/airflow/example_dags/example_branch_operator.py
[2025-03-27T16:37:45.631+0000] {processor.py:840} INFO - DAG(s) 'example_branch_operator' retrieved from /home/airflow/.local/lib/python3.8/site-packages/airflow/example_dags/example_branch_operator.py
[2025-03-27T16:37:45.657+0000] {logging_mixin.py:188} INFO - [2025-03-27T16:37:45.656+0000] {dag.py:3036} INFO - Sync 1 DAGs
[2025-03-27T16:37:45.676+0000] {logging_mixin.py:188} INFO - [2025-03-27T16:37:45.676+0000] {dag.py:3823} INFO - Setting next_dagrun for example_branch_operator to 2025-03-26 00:00:00+00:00, run_after=2025-03-27 00:00:00+00:00
[2025-03-27T16:37:45.692+0000] {processor.py:183} INFO - Processing /home/airflow/.local/lib/python3.8/site-packages/airflow/example_dags/example_branch_operator.py took 0.080 seconds
[2025-03-27T16:38:15.759+0000] {processor.py:161} INFO - Started process (PID=5846) to work on /home/airflow/.local/lib/python3.8/site-packages/airflow/example_dags/example_branch_operator.py
[2025-03-27T16:38:15.760+0000] {processor.py:830} INFO - Processing file /home/airflow/.local/lib/python3.8/site-packages/airflow/example_dags/example_branch_operator.py for tasks to queue
[2025-03-27T16:38:15.761+0000] {logging_mixin.py:188} INFO - [2025-03-27T16:38:15.761+0000] {dagbag.py:538} INFO - Filling up the DagBag from /home/airflow/.local/lib/python3.8/site-packages/airflow/example_dags/example_branch_operator.py
[2025-03-27T16:38:15.776+0000] {processor.py:840} INFO - DAG(s) 'example_branch_operator' retrieved from /home/airflow/.local/lib/python3.8/site-packages/airflow/example_dags/example_branch_operator.py
[2025-03-27T16:38:15.800+0000] {logging_mixin.py:188} INFO - [2025-03-27T16:38:15.800+0000] {dag.py:3036} INFO - Sync 1 DAGs
[2025-03-27T16:38:15.821+0000] {logging_mixin.py:188} INFO - [2025-03-27T16:38:15.821+0000] {dag.py:3823} INFO - Setting next_dagrun for example_branch_operator to 2025-03-26 00:00:00+00:00, run_after=2025-03-27 00:00:00+00:00
[2025-03-27T16:38:15.836+0000] {processor.py:183} INFO - Processing /home/airflow/.local/lib/python3.8/site-packages/airflow/example_dags/example_branch_operator.py took 0.080 seconds
[2025-03-27T16:38:46.233+0000] {processor.py:161} INFO - Started process (PID=6093) to work on /home/airflow/.local/lib/python3.8/site-packages/airflow/example_dags/example_branch_operator.py
[2025-03-27T16:38:46.234+0000] {processor.py:830} INFO - Processing file /home/airflow/.local/lib/python3.8/site-packages/airflow/example_dags/example_branch_operator.py for tasks to queue
[2025-03-27T16:38:46.235+0000] {logging_mixin.py:188} INFO - [2025-03-27T16:38:46.235+0000] {dagbag.py:538} INFO - Filling up the DagBag from /home/airflow/.local/lib/python3.8/site-packages/airflow/example_dags/example_branch_operator.py
[2025-03-27T16:38:46.253+0000] {processor.py:840} INFO - DAG(s) 'example_branch_operator' retrieved from /home/airflow/.local/lib/python3.8/site-packages/airflow/example_dags/example_branch_operator.py
[2025-03-27T16:38:46.282+0000] {logging_mixin.py:188} INFO - [2025-03-27T16:38:46.282+0000] {dag.py:3036} INFO - Sync 1 DAGs
[2025-03-27T16:38:46.304+0000] {logging_mixin.py:188} INFO - [2025-03-27T16:38:46.304+0000] {dag.py:3823} INFO - Setting next_dagrun for example_branch_operator to 2025-03-26 00:00:00+00:00, run_after=2025-03-27 00:00:00+00:00
[2025-03-27T16:38:46.334+0000] {processor.py:183} INFO - Processing /home/airflow/.local/lib/python3.8/site-packages/airflow/example_dags/example_branch_operator.py took 0.104 seconds
[2025-03-27T16:39:17.122+0000] {processor.py:161} INFO - Started process (PID=6370) to work on /home/airflow/.local/lib/python3.8/site-packages/airflow/example_dags/example_branch_operator.py
[2025-03-27T16:39:17.123+0000] {processor.py:830} INFO - Processing file /home/airflow/.local/lib/python3.8/site-packages/airflow/example_dags/example_branch_operator.py for tasks to queue
[2025-03-27T16:39:17.124+0000] {logging_mixin.py:188} INFO - [2025-03-27T16:39:17.124+0000] {dagbag.py:538} INFO - Filling up the DagBag from /home/airflow/.local/lib/python3.8/site-packages/airflow/example_dags/example_branch_operator.py
[2025-03-27T16:39:17.142+0000] {processor.py:840} INFO - DAG(s) 'example_branch_operator' retrieved from /home/airflow/.local/lib/python3.8/site-packages/airflow/example_dags/example_branch_operator.py
[2025-03-27T16:39:17.170+0000] {logging_mixin.py:188} INFO - [2025-03-27T16:39:17.170+0000] {dag.py:3036} INFO - Sync 1 DAGs
[2025-03-27T16:39:17.193+0000] {logging_mixin.py:188} INFO - [2025-03-27T16:39:17.192+0000] {dag.py:3823} INFO - Setting next_dagrun for example_branch_operator to 2025-03-26 00:00:00+00:00, run_after=2025-03-27 00:00:00+00:00
[2025-03-27T16:39:17.213+0000] {processor.py:183} INFO - Processing /home/airflow/.local/lib/python3.8/site-packages/airflow/example_dags/example_branch_operator.py took 0.094 seconds
[2025-03-27T16:39:47.471+0000] {processor.py:161} INFO - Started process (PID=6624) to work on /home/airflow/.local/lib/python3.8/site-packages/airflow/example_dags/example_branch_operator.py
[2025-03-27T16:39:47.472+0000] {processor.py:830} INFO - Processing file /home/airflow/.local/lib/python3.8/site-packages/airflow/example_dags/example_branch_operator.py for tasks to queue
[2025-03-27T16:39:47.473+0000] {logging_mixin.py:188} INFO - [2025-03-27T16:39:47.472+0000] {dagbag.py:538} INFO - Filling up the DagBag from /home/airflow/.local/lib/python3.8/site-packages/airflow/example_dags/example_branch_operator.py
[2025-03-27T16:39:47.488+0000] {processor.py:840} INFO - DAG(s) 'example_branch_operator' retrieved from /home/airflow/.local/lib/python3.8/site-packages/airflow/example_dags/example_branch_operator.py
[2025-03-27T16:39:47.515+0000] {logging_mixin.py:188} INFO - [2025-03-27T16:39:47.515+0000] {dag.py:3036} INFO - Sync 1 DAGs
[2025-03-27T16:39:47.536+0000] {logging_mixin.py:188} INFO - [2025-03-27T16:39:47.536+0000] {dag.py:3823} INFO - Setting next_dagrun for example_branch_operator to 2025-03-26 00:00:00+00:00, run_after=2025-03-27 00:00:00+00:00
[2025-03-27T16:39:47.552+0000] {processor.py:183} INFO - Processing /home/airflow/.local/lib/python3.8/site-packages/airflow/example_dags/example_branch_operator.py took 0.084 seconds
[2025-03-27T16:40:17.999+0000] {processor.py:161} INFO - Started process (PID=6876) to work on /home/airflow/.local/lib/python3.8/site-packages/airflow/example_dags/example_branch_operator.py
[2025-03-27T16:40:18.000+0000] {processor.py:830} INFO - Processing file /home/airflow/.local/lib/python3.8/site-packages/airflow/example_dags/example_branch_operator.py for tasks to queue
[2025-03-27T16:40:18.001+0000] {logging_mixin.py:188} INFO - [2025-03-27T16:40:18.001+0000] {dagbag.py:538} INFO - Filling up the DagBag from /home/airflow/.local/lib/python3.8/site-packages/airflow/example_dags/example_branch_operator.py
[2025-03-27T16:40:18.020+0000] {processor.py:840} INFO - DAG(s) 'example_branch_operator' retrieved from /home/airflow/.local/lib/python3.8/site-packages/airflow/example_dags/example_branch_operator.py
[2025-03-27T16:40:18.051+0000] {logging_mixin.py:188} INFO - [2025-03-27T16:40:18.051+0000] {dag.py:3036} INFO - Sync 1 DAGs
[2025-03-27T16:40:18.077+0000] {logging_mixin.py:188} INFO - [2025-03-27T16:40:18.077+0000] {dag.py:3823} INFO - Setting next_dagrun for example_branch_operator to 2025-03-26 00:00:00+00:00, run_after=2025-03-27 00:00:00+00:00
[2025-03-27T16:40:18.100+0000] {processor.py:183} INFO - Processing /home/airflow/.local/lib/python3.8/site-packages/airflow/example_dags/example_branch_operator.py took 0.105 seconds
[2025-03-27T16:40:48.771+0000] {processor.py:161} INFO - Started process (PID=7128) to work on /home/airflow/.local/lib/python3.8/site-packages/airflow/example_dags/example_branch_operator.py
[2025-03-27T16:40:48.772+0000] {processor.py:830} INFO - Processing file /home/airflow/.local/lib/python3.8/site-packages/airflow/example_dags/example_branch_operator.py for tasks to queue
[2025-03-27T16:40:48.773+0000] {logging_mixin.py:188} INFO - [2025-03-27T16:40:48.772+0000] {dagbag.py:538} INFO - Filling up the DagBag from /home/airflow/.local/lib/python3.8/site-packages/airflow/example_dags/example_branch_operator.py
[2025-03-27T16:40:48.787+0000] {processor.py:840} INFO - DAG(s) 'example_branch_operator' retrieved from /home/airflow/.local/lib/python3.8/site-packages/airflow/example_dags/example_branch_operator.py
[2025-03-27T16:40:48.812+0000] {logging_mixin.py:188} INFO - [2025-03-27T16:40:48.811+0000] {dag.py:3036} INFO - Sync 1 DAGs
[2025-03-27T16:40:48.832+0000] {logging_mixin.py:188} INFO - [2025-03-27T16:40:48.832+0000] {dag.py:3823} INFO - Setting next_dagrun for example_branch_operator to 2025-03-26 00:00:00+00:00, run_after=2025-03-27 00:00:00+00:00
[2025-03-27T16:40:48.848+0000] {processor.py:183} INFO - Processing /home/airflow/.local/lib/python3.8/site-packages/airflow/example_dags/example_branch_operator.py took 0.080 seconds
[2025-03-27T16:41:19.123+0000] {processor.py:161} INFO - Started process (PID=7393) to work on /home/airflow/.local/lib/python3.8/site-packages/airflow/example_dags/example_branch_operator.py
[2025-03-27T16:41:19.124+0000] {processor.py:830} INFO - Processing file /home/airflow/.local/lib/python3.8/site-packages/airflow/example_dags/example_branch_operator.py for tasks to queue
[2025-03-27T16:41:19.125+0000] {logging_mixin.py:188} INFO - [2025-03-27T16:41:19.125+0000] {dagbag.py:538} INFO - Filling up the DagBag from /home/airflow/.local/lib/python3.8/site-packages/airflow/example_dags/example_branch_operator.py
[2025-03-27T16:41:19.142+0000] {processor.py:840} INFO - DAG(s) 'example_branch_operator' retrieved from /home/airflow/.local/lib/python3.8/site-packages/airflow/example_dags/example_branch_operator.py
[2025-03-27T16:41:19.168+0000] {logging_mixin.py:188} INFO - [2025-03-27T16:41:19.168+0000] {dag.py:3036} INFO - Sync 1 DAGs
[2025-03-27T16:41:19.191+0000] {logging_mixin.py:188} INFO - [2025-03-27T16:41:19.190+0000] {dag.py:3823} INFO - Setting next_dagrun for example_branch_operator to 2025-03-26 00:00:00+00:00, run_after=2025-03-27 00:00:00+00:00
[2025-03-27T16:41:19.207+0000] {processor.py:183} INFO - Processing /home/airflow/.local/lib/python3.8/site-packages/airflow/example_dags/example_branch_operator.py took 0.087 seconds
[2025-03-27T16:41:49.441+0000] {processor.py:161} INFO - Started process (PID=7645) to work on /home/airflow/.local/lib/python3.8/site-packages/airflow/example_dags/example_branch_operator.py
[2025-03-27T16:41:49.442+0000] {processor.py:830} INFO - Processing file /home/airflow/.local/lib/python3.8/site-packages/airflow/example_dags/example_branch_operator.py for tasks to queue
[2025-03-27T16:41:49.443+0000] {logging_mixin.py:188} INFO - [2025-03-27T16:41:49.443+0000] {dagbag.py:538} INFO - Filling up the DagBag from /home/airflow/.local/lib/python3.8/site-packages/airflow/example_dags/example_branch_operator.py
[2025-03-27T16:41:49.459+0000] {processor.py:840} INFO - DAG(s) 'example_branch_operator' retrieved from /home/airflow/.local/lib/python3.8/site-packages/airflow/example_dags/example_branch_operator.py
[2025-03-27T16:41:49.484+0000] {logging_mixin.py:188} INFO - [2025-03-27T16:41:49.483+0000] {dag.py:3036} INFO - Sync 1 DAGs
[2025-03-27T16:41:49.504+0000] {logging_mixin.py:188} INFO - [2025-03-27T16:41:49.503+0000] {dag.py:3823} INFO - Setting next_dagrun for example_branch_operator to 2025-03-26 00:00:00+00:00, run_after=2025-03-27 00:00:00+00:00
[2025-03-27T16:41:49.519+0000] {processor.py:183} INFO - Processing /home/airflow/.local/lib/python3.8/site-packages/airflow/example_dags/example_branch_operator.py took 0.081 seconds
[2025-03-27T16:42:19.622+0000] {processor.py:161} INFO - Started process (PID=7899) to work on /home/airflow/.local/lib/python3.8/site-packages/airflow/example_dags/example_branch_operator.py
[2025-03-27T16:42:19.623+0000] {processor.py:830} INFO - Processing file /home/airflow/.local/lib/python3.8/site-packages/airflow/example_dags/example_branch_operator.py for tasks to queue
[2025-03-27T16:42:19.624+0000] {logging_mixin.py:188} INFO - [2025-03-27T16:42:19.624+0000] {dagbag.py:538} INFO - Filling up the DagBag from /home/airflow/.local/lib/python3.8/site-packages/airflow/example_dags/example_branch_operator.py
[2025-03-27T16:42:19.639+0000] {processor.py:840} INFO - DAG(s) 'example_branch_operator' retrieved from /home/airflow/.local/lib/python3.8/site-packages/airflow/example_dags/example_branch_operator.py
[2025-03-27T16:42:19.665+0000] {logging_mixin.py:188} INFO - [2025-03-27T16:42:19.664+0000] {dag.py:3036} INFO - Sync 1 DAGs
[2025-03-27T16:42:19.685+0000] {logging_mixin.py:188} INFO - [2025-03-27T16:42:19.684+0000] {dag.py:3823} INFO - Setting next_dagrun for example_branch_operator to 2025-03-26 00:00:00+00:00, run_after=2025-03-27 00:00:00+00:00
[2025-03-27T16:42:19.701+0000] {processor.py:183} INFO - Processing /home/airflow/.local/lib/python3.8/site-packages/airflow/example_dags/example_branch_operator.py took 0.081 seconds
[2025-03-27T16:42:50.114+0000] {processor.py:161} INFO - Started process (PID=8151) to work on /home/airflow/.local/lib/python3.8/site-packages/airflow/example_dags/example_branch_operator.py
[2025-03-27T16:42:50.115+0000] {processor.py:830} INFO - Processing file /home/airflow/.local/lib/python3.8/site-packages/airflow/example_dags/example_branch_operator.py for tasks to queue
[2025-03-27T16:42:50.117+0000] {logging_mixin.py:188} INFO - [2025-03-27T16:42:50.116+0000] {dagbag.py:538} INFO - Filling up the DagBag from /home/airflow/.local/lib/python3.8/site-packages/airflow/example_dags/example_branch_operator.py
[2025-03-27T16:42:50.135+0000] {processor.py:840} INFO - DAG(s) 'example_branch_operator' retrieved from /home/airflow/.local/lib/python3.8/site-packages/airflow/example_dags/example_branch_operator.py
[2025-03-27T16:42:50.168+0000] {logging_mixin.py:188} INFO - [2025-03-27T16:42:50.167+0000] {dag.py:3036} INFO - Sync 1 DAGs
[2025-03-27T16:42:50.190+0000] {logging_mixin.py:188} INFO - [2025-03-27T16:42:50.189+0000] {dag.py:3823} INFO - Setting next_dagrun for example_branch_operator to 2025-03-26 00:00:00+00:00, run_after=2025-03-27 00:00:00+00:00
[2025-03-27T16:42:50.208+0000] {processor.py:183} INFO - Processing /home/airflow/.local/lib/python3.8/site-packages/airflow/example_dags/example_branch_operator.py took 0.099 seconds
[2025-03-27T16:43:21.556+0000] {processor.py:161} INFO - Started process (PID=8447) to work on /home/airflow/.local/lib/python3.8/site-packages/airflow/example_dags/example_branch_operator.py
[2025-03-27T16:43:21.560+0000] {processor.py:830} INFO - Processing file /home/airflow/.local/lib/python3.8/site-packages/airflow/example_dags/example_branch_operator.py for tasks to queue
[2025-03-27T16:43:21.561+0000] {logging_mixin.py:188} INFO - [2025-03-27T16:43:21.561+0000] {dagbag.py:538} INFO - Filling up the DagBag from /home/airflow/.local/lib/python3.8/site-packages/airflow/example_dags/example_branch_operator.py
[2025-03-27T16:43:21.598+0000] {processor.py:840} INFO - DAG(s) 'example_branch_operator' retrieved from /home/airflow/.local/lib/python3.8/site-packages/airflow/example_dags/example_branch_operator.py
[2025-03-27T16:43:21.653+0000] {logging_mixin.py:188} INFO - [2025-03-27T16:43:21.653+0000] {dag.py:3036} INFO - Sync 1 DAGs
[2025-03-27T16:43:21.697+0000] {logging_mixin.py:188} INFO - [2025-03-27T16:43:21.697+0000] {dag.py:3823} INFO - Setting next_dagrun for example_branch_operator to 2025-03-26 00:00:00+00:00, run_after=2025-03-27 00:00:00+00:00
[2025-03-27T16:43:21.736+0000] {processor.py:183} INFO - Processing /home/airflow/.local/lib/python3.8/site-packages/airflow/example_dags/example_branch_operator.py took 0.187 seconds
[2025-03-27T16:43:52.421+0000] {processor.py:161} INFO - Started process (PID=8722) to work on /home/airflow/.local/lib/python3.8/site-packages/airflow/example_dags/example_branch_operator.py
[2025-03-27T16:43:52.423+0000] {processor.py:830} INFO - Processing file /home/airflow/.local/lib/python3.8/site-packages/airflow/example_dags/example_branch_operator.py for tasks to queue
[2025-03-27T16:43:52.425+0000] {logging_mixin.py:188} INFO - [2025-03-27T16:43:52.424+0000] {dagbag.py:538} INFO - Filling up the DagBag from /home/airflow/.local/lib/python3.8/site-packages/airflow/example_dags/example_branch_operator.py
[2025-03-27T16:43:52.448+0000] {processor.py:840} INFO - DAG(s) 'example_branch_operator' retrieved from /home/airflow/.local/lib/python3.8/site-packages/airflow/example_dags/example_branch_operator.py
[2025-03-27T16:43:52.482+0000] {logging_mixin.py:188} INFO - [2025-03-27T16:43:52.481+0000] {dag.py:3036} INFO - Sync 1 DAGs
[2025-03-27T16:43:52.508+0000] {logging_mixin.py:188} INFO - [2025-03-27T16:43:52.507+0000] {dag.py:3823} INFO - Setting next_dagrun for example_branch_operator to 2025-03-26 00:00:00+00:00, run_after=2025-03-27 00:00:00+00:00
[2025-03-27T16:43:52.527+0000] {processor.py:183} INFO - Processing /home/airflow/.local/lib/python3.8/site-packages/airflow/example_dags/example_branch_operator.py took 0.111 seconds
[2025-03-27T16:44:23.027+0000] {processor.py:161} INFO - Started process (PID=8994) to work on /home/airflow/.local/lib/python3.8/site-packages/airflow/example_dags/example_branch_operator.py
[2025-03-27T16:44:23.028+0000] {processor.py:830} INFO - Processing file /home/airflow/.local/lib/python3.8/site-packages/airflow/example_dags/example_branch_operator.py for tasks to queue
[2025-03-27T16:44:23.029+0000] {logging_mixin.py:188} INFO - [2025-03-27T16:44:23.029+0000] {dagbag.py:538} INFO - Filling up the DagBag from /home/airflow/.local/lib/python3.8/site-packages/airflow/example_dags/example_branch_operator.py
[2025-03-27T16:44:23.048+0000] {processor.py:840} INFO - DAG(s) 'example_branch_operator' retrieved from /home/airflow/.local/lib/python3.8/site-packages/airflow/example_dags/example_branch_operator.py
[2025-03-27T16:44:23.078+0000] {logging_mixin.py:188} INFO - [2025-03-27T16:44:23.078+0000] {dag.py:3036} INFO - Sync 1 DAGs
[2025-03-27T16:44:23.106+0000] {logging_mixin.py:188} INFO - [2025-03-27T16:44:23.105+0000] {dag.py:3823} INFO - Setting next_dagrun for example_branch_operator to 2025-03-26 00:00:00+00:00, run_after=2025-03-27 00:00:00+00:00
[2025-03-27T16:44:23.140+0000] {processor.py:183} INFO - Processing /home/airflow/.local/lib/python3.8/site-packages/airflow/example_dags/example_branch_operator.py took 0.116 seconds
[2025-03-27T16:44:53.214+0000] {processor.py:161} INFO - Started process (PID=9246) to work on /home/airflow/.local/lib/python3.8/site-packages/airflow/example_dags/example_branch_operator.py
[2025-03-27T16:44:53.215+0000] {processor.py:830} INFO - Processing file /home/airflow/.local/lib/python3.8/site-packages/airflow/example_dags/example_branch_operator.py for tasks to queue
[2025-03-27T16:44:53.216+0000] {logging_mixin.py:188} INFO - [2025-03-27T16:44:53.216+0000] {dagbag.py:538} INFO - Filling up the DagBag from /home/airflow/.local/lib/python3.8/site-packages/airflow/example_dags/example_branch_operator.py
[2025-03-27T16:44:53.234+0000] {processor.py:840} INFO - DAG(s) 'example_branch_operator' retrieved from /home/airflow/.local/lib/python3.8/site-packages/airflow/example_dags/example_branch_operator.py
[2025-03-27T16:44:53.267+0000] {logging_mixin.py:188} INFO - [2025-03-27T16:44:53.266+0000] {dag.py:3036} INFO - Sync 1 DAGs
[2025-03-27T16:44:53.294+0000] {logging_mixin.py:188} INFO - [2025-03-27T16:44:53.294+0000] {dag.py:3823} INFO - Setting next_dagrun for example_branch_operator to 2025-03-26 00:00:00+00:00, run_after=2025-03-27 00:00:00+00:00
[2025-03-27T16:44:53.317+0000] {processor.py:183} INFO - Processing /home/airflow/.local/lib/python3.8/site-packages/airflow/example_dags/example_branch_operator.py took 0.106 seconds
[2025-03-27T16:45:25.214+0000] {processor.py:161} INFO - Started process (PID=9544) to work on /home/airflow/.local/lib/python3.8/site-packages/airflow/example_dags/example_branch_operator.py
[2025-03-27T16:45:25.228+0000] {processor.py:830} INFO - Processing file /home/airflow/.local/lib/python3.8/site-packages/airflow/example_dags/example_branch_operator.py for tasks to queue
[2025-03-27T16:45:25.242+0000] {logging_mixin.py:188} INFO - [2025-03-27T16:45:25.237+0000] {dagbag.py:538} INFO - Filling up the DagBag from /home/airflow/.local/lib/python3.8/site-packages/airflow/example_dags/example_branch_operator.py
[2025-03-27T16:45:25.431+0000] {processor.py:840} INFO - DAG(s) 'example_branch_operator' retrieved from /home/airflow/.local/lib/python3.8/site-packages/airflow/example_dags/example_branch_operator.py
[2025-03-27T16:45:25.714+0000] {logging_mixin.py:188} INFO - [2025-03-27T16:45:25.713+0000] {dag.py:3036} INFO - Sync 1 DAGs
[2025-03-27T16:45:25.879+0000] {logging_mixin.py:188} INFO - [2025-03-27T16:45:25.864+0000] {dag.py:3823} INFO - Setting next_dagrun for example_branch_operator to 2025-03-26 00:00:00+00:00, run_after=2025-03-27 00:00:00+00:00
[2025-03-27T16:45:25.953+0000] {processor.py:183} INFO - Processing /home/airflow/.local/lib/python3.8/site-packages/airflow/example_dags/example_branch_operator.py took 0.748 seconds
[2025-03-27T16:45:56.922+0000] {processor.py:161} INFO - Started process (PID=10148) to work on /home/airflow/.local/lib/python3.8/site-packages/airflow/example_dags/example_branch_operator.py
[2025-03-27T16:45:56.924+0000] {processor.py:830} INFO - Processing file /home/airflow/.local/lib/python3.8/site-packages/airflow/example_dags/example_branch_operator.py for tasks to queue
[2025-03-27T16:45:56.925+0000] {logging_mixin.py:188} INFO - [2025-03-27T16:45:56.925+0000] {dagbag.py:538} INFO - Filling up the DagBag from /home/airflow/.local/lib/python3.8/site-packages/airflow/example_dags/example_branch_operator.py
[2025-03-27T16:45:56.947+0000] {processor.py:840} INFO - DAG(s) 'example_branch_operator' retrieved from /home/airflow/.local/lib/python3.8/site-packages/airflow/example_dags/example_branch_operator.py
[2025-03-27T16:45:56.983+0000] {logging_mixin.py:188} INFO - [2025-03-27T16:45:56.982+0000] {dag.py:3036} INFO - Sync 1 DAGs
[2025-03-27T16:45:57.015+0000] {logging_mixin.py:188} INFO - [2025-03-27T16:45:57.014+0000] {dag.py:3823} INFO - Setting next_dagrun for example_branch_operator to 2025-03-26 00:00:00+00:00, run_after=2025-03-27 00:00:00+00:00
[2025-03-27T16:45:57.042+0000] {processor.py:183} INFO - Processing /home/airflow/.local/lib/python3.8/site-packages/airflow/example_dags/example_branch_operator.py took 0.123 seconds
[2025-03-27T16:46:27.309+0000] {processor.py:161} INFO - Started process (PID=10794) to work on /home/airflow/.local/lib/python3.8/site-packages/airflow/example_dags/example_branch_operator.py
[2025-03-27T16:46:27.310+0000] {processor.py:830} INFO - Processing file /home/airflow/.local/lib/python3.8/site-packages/airflow/example_dags/example_branch_operator.py for tasks to queue
[2025-03-27T16:46:27.311+0000] {logging_mixin.py:188} INFO - [2025-03-27T16:46:27.310+0000] {dagbag.py:538} INFO - Filling up the DagBag from /home/airflow/.local/lib/python3.8/site-packages/airflow/example_dags/example_branch_operator.py
[2025-03-27T16:46:27.329+0000] {processor.py:840} INFO - DAG(s) 'example_branch_operator' retrieved from /home/airflow/.local/lib/python3.8/site-packages/airflow/example_dags/example_branch_operator.py
[2025-03-27T16:46:27.359+0000] {logging_mixin.py:188} INFO - [2025-03-27T16:46:27.359+0000] {dag.py:3036} INFO - Sync 1 DAGs
[2025-03-27T16:46:27.384+0000] {logging_mixin.py:188} INFO - [2025-03-27T16:46:27.383+0000] {dag.py:3823} INFO - Setting next_dagrun for example_branch_operator to 2025-03-26 00:00:00+00:00, run_after=2025-03-27 00:00:00+00:00
[2025-03-27T16:46:27.405+0000] {processor.py:183} INFO - Processing /home/airflow/.local/lib/python3.8/site-packages/airflow/example_dags/example_branch_operator.py took 0.099 seconds
[2025-03-27T16:46:57.996+0000] {processor.py:161} INFO - Started process (PID=11500) to work on /home/airflow/.local/lib/python3.8/site-packages/airflow/example_dags/example_branch_operator.py
[2025-03-27T16:46:58.002+0000] {processor.py:830} INFO - Processing file /home/airflow/.local/lib/python3.8/site-packages/airflow/example_dags/example_branch_operator.py for tasks to queue
[2025-03-27T16:46:58.022+0000] {logging_mixin.py:188} INFO - [2025-03-27T16:46:58.021+0000] {dagbag.py:538} INFO - Filling up the DagBag from /home/airflow/.local/lib/python3.8/site-packages/airflow/example_dags/example_branch_operator.py
[2025-03-27T16:46:58.104+0000] {processor.py:840} INFO - DAG(s) 'example_branch_operator' retrieved from /home/airflow/.local/lib/python3.8/site-packages/airflow/example_dags/example_branch_operator.py
[2025-03-27T16:46:58.174+0000] {logging_mixin.py:188} INFO - [2025-03-27T16:46:58.172+0000] {dag.py:3036} INFO - Sync 1 DAGs
[2025-03-27T16:46:58.234+0000] {logging_mixin.py:188} INFO - [2025-03-27T16:46:58.234+0000] {dag.py:3823} INFO - Setting next_dagrun for example_branch_operator to 2025-03-26 00:00:00+00:00, run_after=2025-03-27 00:00:00+00:00
[2025-03-27T16:46:58.287+0000] {processor.py:183} INFO - Processing /home/airflow/.local/lib/python3.8/site-packages/airflow/example_dags/example_branch_operator.py took 0.297 seconds
[2025-03-27T16:47:28.534+0000] {processor.py:161} INFO - Started process (PID=12220) to work on /home/airflow/.local/lib/python3.8/site-packages/airflow/example_dags/example_branch_operator.py
[2025-03-27T16:47:28.536+0000] {processor.py:830} INFO - Processing file /home/airflow/.local/lib/python3.8/site-packages/airflow/example_dags/example_branch_operator.py for tasks to queue
[2025-03-27T16:47:28.537+0000] {logging_mixin.py:188} INFO - [2025-03-27T16:47:28.537+0000] {dagbag.py:538} INFO - Filling up the DagBag from /home/airflow/.local/lib/python3.8/site-packages/airflow/example_dags/example_branch_operator.py
[2025-03-27T16:47:28.563+0000] {processor.py:840} INFO - DAG(s) 'example_branch_operator' retrieved from /home/airflow/.local/lib/python3.8/site-packages/airflow/example_dags/example_branch_operator.py
[2025-03-27T16:47:28.602+0000] {logging_mixin.py:188} INFO - [2025-03-27T16:47:28.601+0000] {dag.py:3036} INFO - Sync 1 DAGs
[2025-03-27T16:47:28.639+0000] {logging_mixin.py:188} INFO - [2025-03-27T16:47:28.639+0000] {dag.py:3823} INFO - Setting next_dagrun for example_branch_operator to 2025-03-26 00:00:00+00:00, run_after=2025-03-27 00:00:00+00:00
[2025-03-27T16:47:28.667+0000] {processor.py:183} INFO - Processing /home/airflow/.local/lib/python3.8/site-packages/airflow/example_dags/example_branch_operator.py took 0.138 seconds
[2025-03-27T16:47:59.581+0000] {processor.py:161} INFO - Started process (PID=12892) to work on /home/airflow/.local/lib/python3.8/site-packages/airflow/example_dags/example_branch_operator.py
[2025-03-27T16:47:59.583+0000] {processor.py:830} INFO - Processing file /home/airflow/.local/lib/python3.8/site-packages/airflow/example_dags/example_branch_operator.py for tasks to queue
[2025-03-27T16:47:59.584+0000] {logging_mixin.py:188} INFO - [2025-03-27T16:47:59.584+0000] {dagbag.py:538} INFO - Filling up the DagBag from /home/airflow/.local/lib/python3.8/site-packages/airflow/example_dags/example_branch_operator.py
[2025-03-27T16:47:59.602+0000] {processor.py:840} INFO - DAG(s) 'example_branch_operator' retrieved from /home/airflow/.local/lib/python3.8/site-packages/airflow/example_dags/example_branch_operator.py
[2025-03-27T16:47:59.630+0000] {logging_mixin.py:188} INFO - [2025-03-27T16:47:59.629+0000] {dag.py:3036} INFO - Sync 1 DAGs
[2025-03-27T16:47:59.651+0000] {logging_mixin.py:188} INFO - [2025-03-27T16:47:59.651+0000] {dag.py:3823} INFO - Setting next_dagrun for example_branch_operator to 2025-03-26 00:00:00+00:00, run_after=2025-03-27 00:00:00+00:00
[2025-03-27T16:47:59.668+0000] {processor.py:183} INFO - Processing /home/airflow/.local/lib/python3.8/site-packages/airflow/example_dags/example_branch_operator.py took 0.090 seconds
[2025-03-27T16:48:30.264+0000] {processor.py:161} INFO - Started process (PID=13556) to work on /home/airflow/.local/lib/python3.8/site-packages/airflow/example_dags/example_branch_operator.py
[2025-03-27T16:48:30.266+0000] {processor.py:830} INFO - Processing file /home/airflow/.local/lib/python3.8/site-packages/airflow/example_dags/example_branch_operator.py for tasks to queue
[2025-03-27T16:48:30.269+0000] {logging_mixin.py:188} INFO - [2025-03-27T16:48:30.268+0000] {dagbag.py:538} INFO - Filling up the DagBag from /home/airflow/.local/lib/python3.8/site-packages/airflow/example_dags/example_branch_operator.py
[2025-03-27T16:48:30.303+0000] {processor.py:840} INFO - DAG(s) 'example_branch_operator' retrieved from /home/airflow/.local/lib/python3.8/site-packages/airflow/example_dags/example_branch_operator.py
[2025-03-27T16:48:30.376+0000] {logging_mixin.py:188} INFO - [2025-03-27T16:48:30.375+0000] {dag.py:3036} INFO - Sync 1 DAGs
[2025-03-27T16:48:30.450+0000] {logging_mixin.py:188} INFO - [2025-03-27T16:48:30.449+0000] {dag.py:3823} INFO - Setting next_dagrun for example_branch_operator to 2025-03-26 00:00:00+00:00, run_after=2025-03-27 00:00:00+00:00
[2025-03-27T16:48:30.498+0000] {processor.py:183} INFO - Processing /home/airflow/.local/lib/python3.8/site-packages/airflow/example_dags/example_branch_operator.py took 0.242 seconds
[2025-03-27T16:49:01.434+0000] {processor.py:161} INFO - Started process (PID=14252) to work on /home/airflow/.local/lib/python3.8/site-packages/airflow/example_dags/example_branch_operator.py
[2025-03-27T16:49:01.436+0000] {processor.py:830} INFO - Processing file /home/airflow/.local/lib/python3.8/site-packages/airflow/example_dags/example_branch_operator.py for tasks to queue
[2025-03-27T16:49:01.439+0000] {logging_mixin.py:188} INFO - [2025-03-27T16:49:01.439+0000] {dagbag.py:538} INFO - Filling up the DagBag from /home/airflow/.local/lib/python3.8/site-packages/airflow/example_dags/example_branch_operator.py
[2025-03-27T16:49:01.490+0000] {processor.py:840} INFO - DAG(s) 'example_branch_operator' retrieved from /home/airflow/.local/lib/python3.8/site-packages/airflow/example_dags/example_branch_operator.py
[2025-03-27T16:49:01.600+0000] {logging_mixin.py:188} INFO - [2025-03-27T16:49:01.600+0000] {dag.py:3036} INFO - Sync 1 DAGs
[2025-03-27T16:49:01.670+0000] {logging_mixin.py:188} INFO - [2025-03-27T16:49:01.669+0000] {dag.py:3823} INFO - Setting next_dagrun for example_branch_operator to 2025-03-26 00:00:00+00:00, run_after=2025-03-27 00:00:00+00:00
[2025-03-27T16:49:01.736+0000] {processor.py:183} INFO - Processing /home/airflow/.local/lib/python3.8/site-packages/airflow/example_dags/example_branch_operator.py took 0.310 seconds
[2025-03-27T16:49:32.124+0000] {processor.py:161} INFO - Started process (PID=14977) to work on /home/airflow/.local/lib/python3.8/site-packages/airflow/example_dags/example_branch_operator.py
[2025-03-27T16:49:32.126+0000] {processor.py:830} INFO - Processing file /home/airflow/.local/lib/python3.8/site-packages/airflow/example_dags/example_branch_operator.py for tasks to queue
[2025-03-27T16:49:32.127+0000] {logging_mixin.py:188} INFO - [2025-03-27T16:49:32.127+0000] {dagbag.py:538} INFO - Filling up the DagBag from /home/airflow/.local/lib/python3.8/site-packages/airflow/example_dags/example_branch_operator.py
[2025-03-27T16:49:32.154+0000] {processor.py:840} INFO - DAG(s) 'example_branch_operator' retrieved from /home/airflow/.local/lib/python3.8/site-packages/airflow/example_dags/example_branch_operator.py
[2025-03-27T16:49:32.198+0000] {logging_mixin.py:188} INFO - [2025-03-27T16:49:32.197+0000] {dag.py:3036} INFO - Sync 1 DAGs
[2025-03-27T16:49:32.244+0000] {logging_mixin.py:188} INFO - [2025-03-27T16:49:32.243+0000] {dag.py:3823} INFO - Setting next_dagrun for example_branch_operator to 2025-03-26 00:00:00+00:00, run_after=2025-03-27 00:00:00+00:00
[2025-03-27T16:49:32.281+0000] {processor.py:183} INFO - Processing /home/airflow/.local/lib/python3.8/site-packages/airflow/example_dags/example_branch_operator.py took 0.161 seconds
[2025-03-27T16:50:03.185+0000] {processor.py:161} INFO - Started process (PID=15653) to work on /home/airflow/.local/lib/python3.8/site-packages/airflow/example_dags/example_branch_operator.py
[2025-03-27T16:50:03.187+0000] {processor.py:830} INFO - Processing file /home/airflow/.local/lib/python3.8/site-packages/airflow/example_dags/example_branch_operator.py for tasks to queue
[2025-03-27T16:50:03.190+0000] {logging_mixin.py:188} INFO - [2025-03-27T16:50:03.189+0000] {dagbag.py:538} INFO - Filling up the DagBag from /home/airflow/.local/lib/python3.8/site-packages/airflow/example_dags/example_branch_operator.py
[2025-03-27T16:50:03.238+0000] {processor.py:840} INFO - DAG(s) 'example_branch_operator' retrieved from /home/airflow/.local/lib/python3.8/site-packages/airflow/example_dags/example_branch_operator.py
[2025-03-27T16:50:03.318+0000] {logging_mixin.py:188} INFO - [2025-03-27T16:50:03.317+0000] {dag.py:3036} INFO - Sync 1 DAGs
[2025-03-27T16:50:03.369+0000] {logging_mixin.py:188} INFO - [2025-03-27T16:50:03.369+0000] {dag.py:3823} INFO - Setting next_dagrun for example_branch_operator to 2025-03-26 00:00:00+00:00, run_after=2025-03-27 00:00:00+00:00
[2025-03-27T16:50:03.413+0000] {processor.py:183} INFO - Processing /home/airflow/.local/lib/python3.8/site-packages/airflow/example_dags/example_branch_operator.py took 0.234 seconds
[2025-03-27T16:50:33.532+0000] {processor.py:161} INFO - Started process (PID=16344) to work on /home/airflow/.local/lib/python3.8/site-packages/airflow/example_dags/example_branch_operator.py
[2025-03-27T16:50:33.534+0000] {processor.py:830} INFO - Processing file /home/airflow/.local/lib/python3.8/site-packages/airflow/example_dags/example_branch_operator.py for tasks to queue
[2025-03-27T16:50:33.536+0000] {logging_mixin.py:188} INFO - [2025-03-27T16:50:33.536+0000] {dagbag.py:538} INFO - Filling up the DagBag from /home/airflow/.local/lib/python3.8/site-packages/airflow/example_dags/example_branch_operator.py
[2025-03-27T16:50:33.582+0000] {processor.py:840} INFO - DAG(s) 'example_branch_operator' retrieved from /home/airflow/.local/lib/python3.8/site-packages/airflow/example_dags/example_branch_operator.py
[2025-03-27T16:50:33.633+0000] {logging_mixin.py:188} INFO - [2025-03-27T16:50:33.633+0000] {dag.py:3036} INFO - Sync 1 DAGs
[2025-03-27T16:50:33.682+0000] {logging_mixin.py:188} INFO - [2025-03-27T16:50:33.681+0000] {dag.py:3823} INFO - Setting next_dagrun for example_branch_operator to 2025-03-26 00:00:00+00:00, run_after=2025-03-27 00:00:00+00:00
[2025-03-27T16:50:33.725+0000] {processor.py:183} INFO - Processing /home/airflow/.local/lib/python3.8/site-packages/airflow/example_dags/example_branch_operator.py took 0.200 seconds
[2025-03-27T16:51:04.488+0000] {processor.py:161} INFO - Started process (PID=17045) to work on /home/airflow/.local/lib/python3.8/site-packages/airflow/example_dags/example_branch_operator.py
[2025-03-27T16:51:04.489+0000] {processor.py:830} INFO - Processing file /home/airflow/.local/lib/python3.8/site-packages/airflow/example_dags/example_branch_operator.py for tasks to queue
[2025-03-27T16:51:04.491+0000] {logging_mixin.py:188} INFO - [2025-03-27T16:51:04.491+0000] {dagbag.py:538} INFO - Filling up the DagBag from /home/airflow/.local/lib/python3.8/site-packages/airflow/example_dags/example_branch_operator.py
[2025-03-27T16:51:04.518+0000] {processor.py:840} INFO - DAG(s) 'example_branch_operator' retrieved from /home/airflow/.local/lib/python3.8/site-packages/airflow/example_dags/example_branch_operator.py
[2025-03-27T16:51:04.564+0000] {logging_mixin.py:188} INFO - [2025-03-27T16:51:04.563+0000] {dag.py:3036} INFO - Sync 1 DAGs
[2025-03-27T16:51:04.608+0000] {logging_mixin.py:188} INFO - [2025-03-27T16:51:04.608+0000] {dag.py:3823} INFO - Setting next_dagrun for example_branch_operator to 2025-03-26 00:00:00+00:00, run_after=2025-03-27 00:00:00+00:00
[2025-03-27T16:51:04.635+0000] {processor.py:183} INFO - Processing /home/airflow/.local/lib/python3.8/site-packages/airflow/example_dags/example_branch_operator.py took 0.153 seconds
[2025-03-27T16:51:34.719+0000] {processor.py:161} INFO - Started process (PID=17678) to work on /home/airflow/.local/lib/python3.8/site-packages/airflow/example_dags/example_branch_operator.py
[2025-03-27T16:51:34.721+0000] {processor.py:830} INFO - Processing file /home/airflow/.local/lib/python3.8/site-packages/airflow/example_dags/example_branch_operator.py for tasks to queue
[2025-03-27T16:51:34.722+0000] {logging_mixin.py:188} INFO - [2025-03-27T16:51:34.721+0000] {dagbag.py:538} INFO - Filling up the DagBag from /home/airflow/.local/lib/python3.8/site-packages/airflow/example_dags/example_branch_operator.py
[2025-03-27T16:51:34.737+0000] {processor.py:840} INFO - DAG(s) 'example_branch_operator' retrieved from /home/airflow/.local/lib/python3.8/site-packages/airflow/example_dags/example_branch_operator.py
[2025-03-27T16:51:34.765+0000] {logging_mixin.py:188} INFO - [2025-03-27T16:51:34.765+0000] {dag.py:3036} INFO - Sync 1 DAGs
[2025-03-27T16:51:34.789+0000] {logging_mixin.py:188} INFO - [2025-03-27T16:51:34.789+0000] {dag.py:3823} INFO - Setting next_dagrun for example_branch_operator to 2025-03-26 00:00:00+00:00, run_after=2025-03-27 00:00:00+00:00
[2025-03-27T16:51:34.944+0000] {processor.py:183} INFO - Processing /home/airflow/.local/lib/python3.8/site-packages/airflow/example_dags/example_branch_operator.py took 0.227 seconds
[2025-03-27T16:52:05.009+0000] {processor.py:161} INFO - Started process (PID=17936) to work on /home/airflow/.local/lib/python3.8/site-packages/airflow/example_dags/example_branch_operator.py
[2025-03-27T16:52:05.009+0000] {processor.py:830} INFO - Processing file /home/airflow/.local/lib/python3.8/site-packages/airflow/example_dags/example_branch_operator.py for tasks to queue
[2025-03-27T16:52:05.010+0000] {logging_mixin.py:188} INFO - [2025-03-27T16:52:05.010+0000] {dagbag.py:538} INFO - Filling up the DagBag from /home/airflow/.local/lib/python3.8/site-packages/airflow/example_dags/example_branch_operator.py
[2025-03-27T16:52:05.025+0000] {processor.py:840} INFO - DAG(s) 'example_branch_operator' retrieved from /home/airflow/.local/lib/python3.8/site-packages/airflow/example_dags/example_branch_operator.py
[2025-03-27T16:52:05.052+0000] {logging_mixin.py:188} INFO - [2025-03-27T16:52:05.051+0000] {dag.py:3036} INFO - Sync 1 DAGs
[2025-03-27T16:52:05.073+0000] {logging_mixin.py:188} INFO - [2025-03-27T16:52:05.073+0000] {dag.py:3823} INFO - Setting next_dagrun for example_branch_operator to 2025-03-26 00:00:00+00:00, run_after=2025-03-27 00:00:00+00:00
[2025-03-27T16:52:05.214+0000] {processor.py:183} INFO - Processing /home/airflow/.local/lib/python3.8/site-packages/airflow/example_dags/example_branch_operator.py took 0.209 seconds
[2025-03-27T16:52:36.139+0000] {processor.py:161} INFO - Started process (PID=18188) to work on /home/airflow/.local/lib/python3.8/site-packages/airflow/example_dags/example_branch_operator.py
[2025-03-27T16:52:36.140+0000] {processor.py:830} INFO - Processing file /home/airflow/.local/lib/python3.8/site-packages/airflow/example_dags/example_branch_operator.py for tasks to queue
[2025-03-27T16:52:36.141+0000] {logging_mixin.py:188} INFO - [2025-03-27T16:52:36.141+0000] {dagbag.py:538} INFO - Filling up the DagBag from /home/airflow/.local/lib/python3.8/site-packages/airflow/example_dags/example_branch_operator.py
[2025-03-27T16:52:36.157+0000] {processor.py:840} INFO - DAG(s) 'example_branch_operator' retrieved from /home/airflow/.local/lib/python3.8/site-packages/airflow/example_dags/example_branch_operator.py
[2025-03-27T16:52:36.183+0000] {logging_mixin.py:188} INFO - [2025-03-27T16:52:36.183+0000] {dag.py:3036} INFO - Sync 1 DAGs
[2025-03-27T16:52:36.207+0000] {logging_mixin.py:188} INFO - [2025-03-27T16:52:36.207+0000] {dag.py:3823} INFO - Setting next_dagrun for example_branch_operator to 2025-03-26 00:00:00+00:00, run_after=2025-03-27 00:00:00+00:00
[2025-03-27T16:52:36.384+0000] {processor.py:183} INFO - Processing /home/airflow/.local/lib/python3.8/site-packages/airflow/example_dags/example_branch_operator.py took 0.247 seconds
[2025-03-27T16:53:06.697+0000] {processor.py:161} INFO - Started process (PID=18440) to work on /home/airflow/.local/lib/python3.8/site-packages/airflow/example_dags/example_branch_operator.py
[2025-03-27T16:53:06.698+0000] {processor.py:830} INFO - Processing file /home/airflow/.local/lib/python3.8/site-packages/airflow/example_dags/example_branch_operator.py for tasks to queue
[2025-03-27T16:53:06.699+0000] {logging_mixin.py:188} INFO - [2025-03-27T16:53:06.698+0000] {dagbag.py:538} INFO - Filling up the DagBag from /home/airflow/.local/lib/python3.8/site-packages/airflow/example_dags/example_branch_operator.py
[2025-03-27T16:53:06.714+0000] {processor.py:840} INFO - DAG(s) 'example_branch_operator' retrieved from /home/airflow/.local/lib/python3.8/site-packages/airflow/example_dags/example_branch_operator.py
[2025-03-27T16:53:06.740+0000] {logging_mixin.py:188} INFO - [2025-03-27T16:53:06.740+0000] {dag.py:3036} INFO - Sync 1 DAGs
[2025-03-27T16:53:06.762+0000] {logging_mixin.py:188} INFO - [2025-03-27T16:53:06.762+0000] {dag.py:3823} INFO - Setting next_dagrun for example_branch_operator to 2025-03-26 00:00:00+00:00, run_after=2025-03-27 00:00:00+00:00
[2025-03-27T16:53:06.781+0000] {processor.py:183} INFO - Processing /home/airflow/.local/lib/python3.8/site-packages/airflow/example_dags/example_branch_operator.py took 0.087 seconds
[2025-03-27T16:53:37.371+0000] {processor.py:161} INFO - Started process (PID=18692) to work on /home/airflow/.local/lib/python3.8/site-packages/airflow/example_dags/example_branch_operator.py
[2025-03-27T16:53:37.372+0000] {processor.py:830} INFO - Processing file /home/airflow/.local/lib/python3.8/site-packages/airflow/example_dags/example_branch_operator.py for tasks to queue
[2025-03-27T16:53:37.373+0000] {logging_mixin.py:188} INFO - [2025-03-27T16:53:37.373+0000] {dagbag.py:538} INFO - Filling up the DagBag from /home/airflow/.local/lib/python3.8/site-packages/airflow/example_dags/example_branch_operator.py
[2025-03-27T16:53:37.392+0000] {processor.py:840} INFO - DAG(s) 'example_branch_operator' retrieved from /home/airflow/.local/lib/python3.8/site-packages/airflow/example_dags/example_branch_operator.py
[2025-03-27T16:53:37.420+0000] {logging_mixin.py:188} INFO - [2025-03-27T16:53:37.420+0000] {dag.py:3036} INFO - Sync 1 DAGs
[2025-03-27T16:53:37.445+0000] {logging_mixin.py:188} INFO - [2025-03-27T16:53:37.445+0000] {dag.py:3823} INFO - Setting next_dagrun for example_branch_operator to 2025-03-26 00:00:00+00:00, run_after=2025-03-27 00:00:00+00:00
[2025-03-27T16:53:37.467+0000] {processor.py:183} INFO - Processing /home/airflow/.local/lib/python3.8/site-packages/airflow/example_dags/example_branch_operator.py took 0.099 seconds
[2025-03-27T16:54:08.340+0000] {processor.py:161} INFO - Started process (PID=18944) to work on /home/airflow/.local/lib/python3.8/site-packages/airflow/example_dags/example_branch_operator.py
[2025-03-27T16:54:08.341+0000] {processor.py:830} INFO - Processing file /home/airflow/.local/lib/python3.8/site-packages/airflow/example_dags/example_branch_operator.py for tasks to queue
[2025-03-27T16:54:08.342+0000] {logging_mixin.py:188} INFO - [2025-03-27T16:54:08.342+0000] {dagbag.py:538} INFO - Filling up the DagBag from /home/airflow/.local/lib/python3.8/site-packages/airflow/example_dags/example_branch_operator.py
[2025-03-27T16:54:08.358+0000] {processor.py:840} INFO - DAG(s) 'example_branch_operator' retrieved from /home/airflow/.local/lib/python3.8/site-packages/airflow/example_dags/example_branch_operator.py
[2025-03-27T16:54:08.384+0000] {logging_mixin.py:188} INFO - [2025-03-27T16:54:08.384+0000] {dag.py:3036} INFO - Sync 1 DAGs
[2025-03-27T16:54:08.405+0000] {logging_mixin.py:188} INFO - [2025-03-27T16:54:08.405+0000] {dag.py:3823} INFO - Setting next_dagrun for example_branch_operator to 2025-03-26 00:00:00+00:00, run_after=2025-03-27 00:00:00+00:00
[2025-03-27T16:54:08.421+0000] {processor.py:183} INFO - Processing /home/airflow/.local/lib/python3.8/site-packages/airflow/example_dags/example_branch_operator.py took 0.084 seconds
[2025-03-27T16:54:38.502+0000] {processor.py:161} INFO - Started process (PID=19194) to work on /home/airflow/.local/lib/python3.8/site-packages/airflow/example_dags/example_branch_operator.py
[2025-03-27T16:54:38.503+0000] {processor.py:830} INFO - Processing file /home/airflow/.local/lib/python3.8/site-packages/airflow/example_dags/example_branch_operator.py for tasks to queue
[2025-03-27T16:54:38.504+0000] {logging_mixin.py:188} INFO - [2025-03-27T16:54:38.504+0000] {dagbag.py:538} INFO - Filling up the DagBag from /home/airflow/.local/lib/python3.8/site-packages/airflow/example_dags/example_branch_operator.py
[2025-03-27T16:54:38.524+0000] {processor.py:840} INFO - DAG(s) 'example_branch_operator' retrieved from /home/airflow/.local/lib/python3.8/site-packages/airflow/example_dags/example_branch_operator.py
[2025-03-27T16:54:38.699+0000] {logging_mixin.py:188} INFO - [2025-03-27T16:54:38.698+0000] {dag.py:3036} INFO - Sync 1 DAGs
[2025-03-27T16:54:38.720+0000] {logging_mixin.py:188} INFO - [2025-03-27T16:54:38.720+0000] {dag.py:3823} INFO - Setting next_dagrun for example_branch_operator to 2025-03-26 00:00:00+00:00, run_after=2025-03-27 00:00:00+00:00
[2025-03-27T16:54:38.739+0000] {processor.py:183} INFO - Processing /home/airflow/.local/lib/python3.8/site-packages/airflow/example_dags/example_branch_operator.py took 0.241 seconds
[2025-03-27T16:55:09.421+0000] {processor.py:161} INFO - Started process (PID=19446) to work on /home/airflow/.local/lib/python3.8/site-packages/airflow/example_dags/example_branch_operator.py
[2025-03-27T16:55:09.422+0000] {processor.py:830} INFO - Processing file /home/airflow/.local/lib/python3.8/site-packages/airflow/example_dags/example_branch_operator.py for tasks to queue
[2025-03-27T16:55:09.423+0000] {logging_mixin.py:188} INFO - [2025-03-27T16:55:09.423+0000] {dagbag.py:538} INFO - Filling up the DagBag from /home/airflow/.local/lib/python3.8/site-packages/airflow/example_dags/example_branch_operator.py
[2025-03-27T16:55:09.438+0000] {processor.py:840} INFO - DAG(s) 'example_branch_operator' retrieved from /home/airflow/.local/lib/python3.8/site-packages/airflow/example_dags/example_branch_operator.py
[2025-03-27T16:55:09.468+0000] {logging_mixin.py:188} INFO - [2025-03-27T16:55:09.468+0000] {dag.py:3036} INFO - Sync 1 DAGs
[2025-03-27T16:55:09.623+0000] {logging_mixin.py:188} INFO - [2025-03-27T16:55:09.623+0000] {dag.py:3823} INFO - Setting next_dagrun for example_branch_operator to 2025-03-26 00:00:00+00:00, run_after=2025-03-27 00:00:00+00:00
[2025-03-27T16:55:09.642+0000] {processor.py:183} INFO - Processing /home/airflow/.local/lib/python3.8/site-packages/airflow/example_dags/example_branch_operator.py took 0.223 seconds
[2025-03-27T16:55:39.917+0000] {processor.py:161} INFO - Started process (PID=19698) to work on /home/airflow/.local/lib/python3.8/site-packages/airflow/example_dags/example_branch_operator.py
[2025-03-27T16:55:39.918+0000] {processor.py:830} INFO - Processing file /home/airflow/.local/lib/python3.8/site-packages/airflow/example_dags/example_branch_operator.py for tasks to queue
[2025-03-27T16:55:39.919+0000] {logging_mixin.py:188} INFO - [2025-03-27T16:55:39.918+0000] {dagbag.py:538} INFO - Filling up the DagBag from /home/airflow/.local/lib/python3.8/site-packages/airflow/example_dags/example_branch_operator.py
[2025-03-27T16:55:39.935+0000] {processor.py:840} INFO - DAG(s) 'example_branch_operator' retrieved from /home/airflow/.local/lib/python3.8/site-packages/airflow/example_dags/example_branch_operator.py
[2025-03-27T16:55:39.963+0000] {logging_mixin.py:188} INFO - [2025-03-27T16:55:39.963+0000] {dag.py:3036} INFO - Sync 1 DAGs
[2025-03-27T16:55:39.987+0000] {logging_mixin.py:188} INFO - [2025-03-27T16:55:39.986+0000] {dag.py:3823} INFO - Setting next_dagrun for example_branch_operator to 2025-03-26 00:00:00+00:00, run_after=2025-03-27 00:00:00+00:00
[2025-03-27T16:55:40.005+0000] {processor.py:183} INFO - Processing /home/airflow/.local/lib/python3.8/site-packages/airflow/example_dags/example_branch_operator.py took 0.091 seconds
[2025-03-27T16:56:10.154+0000] {processor.py:161} INFO - Started process (PID=19950) to work on /home/airflow/.local/lib/python3.8/site-packages/airflow/example_dags/example_branch_operator.py
[2025-03-27T16:56:10.155+0000] {processor.py:830} INFO - Processing file /home/airflow/.local/lib/python3.8/site-packages/airflow/example_dags/example_branch_operator.py for tasks to queue
[2025-03-27T16:56:10.156+0000] {logging_mixin.py:188} INFO - [2025-03-27T16:56:10.156+0000] {dagbag.py:538} INFO - Filling up the DagBag from /home/airflow/.local/lib/python3.8/site-packages/airflow/example_dags/example_branch_operator.py
[2025-03-27T16:56:10.171+0000] {processor.py:840} INFO - DAG(s) 'example_branch_operator' retrieved from /home/airflow/.local/lib/python3.8/site-packages/airflow/example_dags/example_branch_operator.py
[2025-03-27T16:56:10.198+0000] {logging_mixin.py:188} INFO - [2025-03-27T16:56:10.198+0000] {dag.py:3036} INFO - Sync 1 DAGs
[2025-03-27T16:56:10.219+0000] {logging_mixin.py:188} INFO - [2025-03-27T16:56:10.218+0000] {dag.py:3823} INFO - Setting next_dagrun for example_branch_operator to 2025-03-26 00:00:00+00:00, run_after=2025-03-27 00:00:00+00:00
[2025-03-27T16:56:10.235+0000] {processor.py:183} INFO - Processing /home/airflow/.local/lib/python3.8/site-packages/airflow/example_dags/example_branch_operator.py took 0.083 seconds
[2025-03-27T16:56:40.659+0000] {processor.py:161} INFO - Started process (PID=20202) to work on /home/airflow/.local/lib/python3.8/site-packages/airflow/example_dags/example_branch_operator.py
[2025-03-27T16:56:40.660+0000] {processor.py:830} INFO - Processing file /home/airflow/.local/lib/python3.8/site-packages/airflow/example_dags/example_branch_operator.py for tasks to queue
[2025-03-27T16:56:40.662+0000] {logging_mixin.py:188} INFO - [2025-03-27T16:56:40.661+0000] {dagbag.py:538} INFO - Filling up the DagBag from /home/airflow/.local/lib/python3.8/site-packages/airflow/example_dags/example_branch_operator.py
[2025-03-27T16:56:40.680+0000] {processor.py:840} INFO - DAG(s) 'example_branch_operator' retrieved from /home/airflow/.local/lib/python3.8/site-packages/airflow/example_dags/example_branch_operator.py
[2025-03-27T16:56:40.719+0000] {logging_mixin.py:188} INFO - [2025-03-27T16:56:40.718+0000] {dag.py:3036} INFO - Sync 1 DAGs
[2025-03-27T16:56:40.749+0000] {logging_mixin.py:188} INFO - [2025-03-27T16:56:40.749+0000] {dag.py:3823} INFO - Setting next_dagrun for example_branch_operator to 2025-03-26 00:00:00+00:00, run_after=2025-03-27 00:00:00+00:00
[2025-03-27T16:56:40.771+0000] {processor.py:183} INFO - Processing /home/airflow/.local/lib/python3.8/site-packages/airflow/example_dags/example_branch_operator.py took 0.115 seconds
[2025-03-27T16:57:11.020+0000] {processor.py:161} INFO - Started process (PID=20454) to work on /home/airflow/.local/lib/python3.8/site-packages/airflow/example_dags/example_branch_operator.py
[2025-03-27T16:57:11.022+0000] {processor.py:830} INFO - Processing file /home/airflow/.local/lib/python3.8/site-packages/airflow/example_dags/example_branch_operator.py for tasks to queue
[2025-03-27T16:57:11.023+0000] {logging_mixin.py:188} INFO - [2025-03-27T16:57:11.022+0000] {dagbag.py:538} INFO - Filling up the DagBag from /home/airflow/.local/lib/python3.8/site-packages/airflow/example_dags/example_branch_operator.py
[2025-03-27T16:57:11.039+0000] {processor.py:840} INFO - DAG(s) 'example_branch_operator' retrieved from /home/airflow/.local/lib/python3.8/site-packages/airflow/example_dags/example_branch_operator.py
[2025-03-27T16:57:11.067+0000] {logging_mixin.py:188} INFO - [2025-03-27T16:57:11.067+0000] {dag.py:3036} INFO - Sync 1 DAGs
[2025-03-27T16:57:11.092+0000] {logging_mixin.py:188} INFO - [2025-03-27T16:57:11.092+0000] {dag.py:3823} INFO - Setting next_dagrun for example_branch_operator to 2025-03-26 00:00:00+00:00, run_after=2025-03-27 00:00:00+00:00
[2025-03-27T16:57:11.114+0000] {processor.py:183} INFO - Processing /home/airflow/.local/lib/python3.8/site-packages/airflow/example_dags/example_branch_operator.py took 0.096 seconds
[2025-03-27T16:57:41.317+0000] {processor.py:161} INFO - Started process (PID=20706) to work on /home/airflow/.local/lib/python3.8/site-packages/airflow/example_dags/example_branch_operator.py
[2025-03-27T16:57:41.318+0000] {processor.py:830} INFO - Processing file /home/airflow/.local/lib/python3.8/site-packages/airflow/example_dags/example_branch_operator.py for tasks to queue
[2025-03-27T16:57:41.319+0000] {logging_mixin.py:188} INFO - [2025-03-27T16:57:41.318+0000] {dagbag.py:538} INFO - Filling up the DagBag from /home/airflow/.local/lib/python3.8/site-packages/airflow/example_dags/example_branch_operator.py
[2025-03-27T16:57:41.334+0000] {processor.py:840} INFO - DAG(s) 'example_branch_operator' retrieved from /home/airflow/.local/lib/python3.8/site-packages/airflow/example_dags/example_branch_operator.py
[2025-03-27T16:57:41.360+0000] {logging_mixin.py:188} INFO - [2025-03-27T16:57:41.360+0000] {dag.py:3036} INFO - Sync 1 DAGs
[2025-03-27T16:57:41.382+0000] {logging_mixin.py:188} INFO - [2025-03-27T16:57:41.382+0000] {dag.py:3823} INFO - Setting next_dagrun for example_branch_operator to 2025-03-26 00:00:00+00:00, run_after=2025-03-27 00:00:00+00:00
[2025-03-27T16:57:41.399+0000] {processor.py:183} INFO - Processing /home/airflow/.local/lib/python3.8/site-packages/airflow/example_dags/example_branch_operator.py took 0.085 seconds
[2025-03-27T16:58:11.545+0000] {processor.py:161} INFO - Started process (PID=20958) to work on /home/airflow/.local/lib/python3.8/site-packages/airflow/example_dags/example_branch_operator.py
[2025-03-27T16:58:11.546+0000] {processor.py:830} INFO - Processing file /home/airflow/.local/lib/python3.8/site-packages/airflow/example_dags/example_branch_operator.py for tasks to queue
[2025-03-27T16:58:11.547+0000] {logging_mixin.py:188} INFO - [2025-03-27T16:58:11.547+0000] {dagbag.py:538} INFO - Filling up the DagBag from /home/airflow/.local/lib/python3.8/site-packages/airflow/example_dags/example_branch_operator.py
[2025-03-27T16:58:11.562+0000] {processor.py:840} INFO - DAG(s) 'example_branch_operator' retrieved from /home/airflow/.local/lib/python3.8/site-packages/airflow/example_dags/example_branch_operator.py
[2025-03-27T16:58:11.587+0000] {logging_mixin.py:188} INFO - [2025-03-27T16:58:11.587+0000] {dag.py:3036} INFO - Sync 1 DAGs
[2025-03-27T16:58:11.608+0000] {logging_mixin.py:188} INFO - [2025-03-27T16:58:11.608+0000] {dag.py:3823} INFO - Setting next_dagrun for example_branch_operator to 2025-03-26 00:00:00+00:00, run_after=2025-03-27 00:00:00+00:00
[2025-03-27T16:58:11.626+0000] {processor.py:183} INFO - Processing /home/airflow/.local/lib/python3.8/site-packages/airflow/example_dags/example_branch_operator.py took 0.083 seconds
[2025-03-27T16:58:41.742+0000] {processor.py:161} INFO - Started process (PID=21210) to work on /home/airflow/.local/lib/python3.8/site-packages/airflow/example_dags/example_branch_operator.py
[2025-03-27T16:58:41.743+0000] {processor.py:830} INFO - Processing file /home/airflow/.local/lib/python3.8/site-packages/airflow/example_dags/example_branch_operator.py for tasks to queue
[2025-03-27T16:58:41.744+0000] {logging_mixin.py:188} INFO - [2025-03-27T16:58:41.744+0000] {dagbag.py:538} INFO - Filling up the DagBag from /home/airflow/.local/lib/python3.8/site-packages/airflow/example_dags/example_branch_operator.py
[2025-03-27T16:58:41.759+0000] {processor.py:840} INFO - DAG(s) 'example_branch_operator' retrieved from /home/airflow/.local/lib/python3.8/site-packages/airflow/example_dags/example_branch_operator.py
[2025-03-27T16:58:41.784+0000] {logging_mixin.py:188} INFO - [2025-03-27T16:58:41.784+0000] {dag.py:3036} INFO - Sync 1 DAGs
[2025-03-27T16:58:41.806+0000] {logging_mixin.py:188} INFO - [2025-03-27T16:58:41.805+0000] {dag.py:3823} INFO - Setting next_dagrun for example_branch_operator to 2025-03-26 00:00:00+00:00, run_after=2025-03-27 00:00:00+00:00
[2025-03-27T16:58:41.822+0000] {processor.py:183} INFO - Processing /home/airflow/.local/lib/python3.8/site-packages/airflow/example_dags/example_branch_operator.py took 0.082 seconds
[2025-03-27T16:59:12.128+0000] {processor.py:161} INFO - Started process (PID=21462) to work on /home/airflow/.local/lib/python3.8/site-packages/airflow/example_dags/example_branch_operator.py
[2025-03-27T16:59:12.129+0000] {processor.py:830} INFO - Processing file /home/airflow/.local/lib/python3.8/site-packages/airflow/example_dags/example_branch_operator.py for tasks to queue
[2025-03-27T16:59:12.130+0000] {logging_mixin.py:188} INFO - [2025-03-27T16:59:12.130+0000] {dagbag.py:538} INFO - Filling up the DagBag from /home/airflow/.local/lib/python3.8/site-packages/airflow/example_dags/example_branch_operator.py
[2025-03-27T16:59:12.145+0000] {processor.py:840} INFO - DAG(s) 'example_branch_operator' retrieved from /home/airflow/.local/lib/python3.8/site-packages/airflow/example_dags/example_branch_operator.py
[2025-03-27T16:59:12.170+0000] {logging_mixin.py:188} INFO - [2025-03-27T16:59:12.170+0000] {dag.py:3036} INFO - Sync 1 DAGs
[2025-03-27T16:59:12.191+0000] {logging_mixin.py:188} INFO - [2025-03-27T16:59:12.191+0000] {dag.py:3823} INFO - Setting next_dagrun for example_branch_operator to 2025-03-26 00:00:00+00:00, run_after=2025-03-27 00:00:00+00:00
[2025-03-27T16:59:12.207+0000] {processor.py:183} INFO - Processing /home/airflow/.local/lib/python3.8/site-packages/airflow/example_dags/example_branch_operator.py took 0.081 seconds
[2025-03-27T16:59:42.879+0000] {processor.py:161} INFO - Started process (PID=21714) to work on /home/airflow/.local/lib/python3.8/site-packages/airflow/example_dags/example_branch_operator.py
[2025-03-27T16:59:42.880+0000] {processor.py:830} INFO - Processing file /home/airflow/.local/lib/python3.8/site-packages/airflow/example_dags/example_branch_operator.py for tasks to queue
[2025-03-27T16:59:42.881+0000] {logging_mixin.py:188} INFO - [2025-03-27T16:59:42.881+0000] {dagbag.py:538} INFO - Filling up the DagBag from /home/airflow/.local/lib/python3.8/site-packages/airflow/example_dags/example_branch_operator.py
[2025-03-27T16:59:42.896+0000] {processor.py:840} INFO - DAG(s) 'example_branch_operator' retrieved from /home/airflow/.local/lib/python3.8/site-packages/airflow/example_dags/example_branch_operator.py
[2025-03-27T16:59:42.922+0000] {logging_mixin.py:188} INFO - [2025-03-27T16:59:42.921+0000] {dag.py:3036} INFO - Sync 1 DAGs
[2025-03-27T16:59:42.943+0000] {logging_mixin.py:188} INFO - [2025-03-27T16:59:42.943+0000] {dag.py:3823} INFO - Setting next_dagrun for example_branch_operator to 2025-03-26 00:00:00+00:00, run_after=2025-03-27 00:00:00+00:00
[2025-03-27T16:59:42.959+0000] {processor.py:183} INFO - Processing /home/airflow/.local/lib/python3.8/site-packages/airflow/example_dags/example_branch_operator.py took 0.082 seconds
[2025-03-27T17:00:13.196+0000] {processor.py:161} INFO - Started process (PID=21966) to work on /home/airflow/.local/lib/python3.8/site-packages/airflow/example_dags/example_branch_operator.py
[2025-03-27T17:00:13.197+0000] {processor.py:830} INFO - Processing file /home/airflow/.local/lib/python3.8/site-packages/airflow/example_dags/example_branch_operator.py for tasks to queue
[2025-03-27T17:00:13.197+0000] {logging_mixin.py:188} INFO - [2025-03-27T17:00:13.197+0000] {dagbag.py:538} INFO - Filling up the DagBag from /home/airflow/.local/lib/python3.8/site-packages/airflow/example_dags/example_branch_operator.py
[2025-03-27T17:00:13.212+0000] {processor.py:840} INFO - DAG(s) 'example_branch_operator' retrieved from /home/airflow/.local/lib/python3.8/site-packages/airflow/example_dags/example_branch_operator.py
[2025-03-27T17:00:13.238+0000] {logging_mixin.py:188} INFO - [2025-03-27T17:00:13.237+0000] {dag.py:3036} INFO - Sync 1 DAGs
[2025-03-27T17:00:13.258+0000] {logging_mixin.py:188} INFO - [2025-03-27T17:00:13.258+0000] {dag.py:3823} INFO - Setting next_dagrun for example_branch_operator to 2025-03-26 00:00:00+00:00, run_after=2025-03-27 00:00:00+00:00
[2025-03-27T17:00:13.274+0000] {processor.py:183} INFO - Processing /home/airflow/.local/lib/python3.8/site-packages/airflow/example_dags/example_branch_operator.py took 0.081 seconds
