[2025-03-27T17:19:28.933+0000] {processor.py:161} INFO - Started process (PID=342) to work on /home/airflow/.local/lib/python3.8/site-packages/airflow/example_dags/example_xcom.py
[2025-03-27T17:19:28.935+0000] {processor.py:830} INFO - Processing file /home/airflow/.local/lib/python3.8/site-packages/airflow/example_dags/example_xcom.py for tasks to queue
[2025-03-27T17:19:28.936+0000] {logging_mixin.py:188} INFO - [2025-03-27T17:19:28.936+0000] {dagbag.py:538} INFO - Filling up the DagBag from /home/airflow/.local/lib/python3.8/site-packages/airflow/example_dags/example_xcom.py
[2025-03-27T17:19:28.948+0000] {processor.py:840} INFO - DAG(s) 'example_xcom' retrieved from /home/airflow/.local/lib/python3.8/site-packages/airflow/example_dags/example_xcom.py
[2025-03-27T17:19:28.964+0000] {logging_mixin.py:188} INFO - [2025-03-27T17:19:28.964+0000] {dag.py:3036} INFO - Sync 1 DAGs
[2025-03-27T17:19:29.000+0000] {logging_mixin.py:188} INFO - [2025-03-27T17:19:29.000+0000] {dag.py:3823} INFO - Setting next_dagrun for example_xcom to 2021-01-01 00:00:00+00:00, run_after=2021-01-01 00:00:00+00:00
[2025-03-27T17:19:29.037+0000] {processor.py:183} INFO - Processing /home/airflow/.local/lib/python3.8/site-packages/airflow/example_dags/example_xcom.py took 0.108 seconds
[2025-03-27T17:20:01.061+0000] {processor.py:161} INFO - Started process (PID=589) to work on /home/airflow/.local/lib/python3.8/site-packages/airflow/example_dags/example_xcom.py
[2025-03-27T17:20:01.063+0000] {processor.py:830} INFO - Processing file /home/airflow/.local/lib/python3.8/site-packages/airflow/example_dags/example_xcom.py for tasks to queue
[2025-03-27T17:20:01.064+0000] {logging_mixin.py:188} INFO - [2025-03-27T17:20:01.063+0000] {dagbag.py:538} INFO - Filling up the DagBag from /home/airflow/.local/lib/python3.8/site-packages/airflow/example_dags/example_xcom.py
[2025-03-27T17:20:01.071+0000] {processor.py:840} INFO - DAG(s) 'example_xcom' retrieved from /home/airflow/.local/lib/python3.8/site-packages/airflow/example_dags/example_xcom.py
[2025-03-27T17:20:01.173+0000] {logging_mixin.py:188} INFO - [2025-03-27T17:20:01.173+0000] {dag.py:3036} INFO - Sync 1 DAGs
[2025-03-27T17:20:01.196+0000] {logging_mixin.py:188} INFO - [2025-03-27T17:20:01.196+0000] {dag.py:3823} INFO - Setting next_dagrun for example_xcom to 2021-01-01 00:00:00+00:00, run_after=2021-01-01 00:00:00+00:00
[2025-03-27T17:20:01.215+0000] {processor.py:183} INFO - Processing /home/airflow/.local/lib/python3.8/site-packages/airflow/example_dags/example_xcom.py took 0.156 seconds
[2025-03-27T17:22:39.981+0000] {processor.py:161} INFO - Started process (PID=332) to work on /home/airflow/.local/lib/python3.8/site-packages/airflow/example_dags/example_xcom.py
[2025-03-27T17:22:39.982+0000] {processor.py:830} INFO - Processing file /home/airflow/.local/lib/python3.8/site-packages/airflow/example_dags/example_xcom.py for tasks to queue
[2025-03-27T17:22:39.983+0000] {logging_mixin.py:188} INFO - [2025-03-27T17:22:39.982+0000] {dagbag.py:538} INFO - Filling up the DagBag from /home/airflow/.local/lib/python3.8/site-packages/airflow/example_dags/example_xcom.py
[2025-03-27T17:22:39.990+0000] {processor.py:840} INFO - DAG(s) 'example_xcom' retrieved from /home/airflow/.local/lib/python3.8/site-packages/airflow/example_dags/example_xcom.py
[2025-03-27T17:22:40.001+0000] {logging_mixin.py:188} INFO - [2025-03-27T17:22:40.001+0000] {dag.py:3036} INFO - Sync 1 DAGs
[2025-03-27T17:22:40.023+0000] {logging_mixin.py:188} INFO - [2025-03-27T17:22:40.023+0000] {dag.py:3823} INFO - Setting next_dagrun for example_xcom to 2021-01-01 00:00:00+00:00, run_after=2021-01-01 00:00:00+00:00
[2025-03-27T17:22:40.041+0000] {processor.py:183} INFO - Processing /home/airflow/.local/lib/python3.8/site-packages/airflow/example_dags/example_xcom.py took 0.064 seconds
[2025-03-27T17:23:11.906+0000] {processor.py:161} INFO - Started process (PID=583) to work on /home/airflow/.local/lib/python3.8/site-packages/airflow/example_dags/example_xcom.py
[2025-03-27T17:23:11.907+0000] {processor.py:830} INFO - Processing file /home/airflow/.local/lib/python3.8/site-packages/airflow/example_dags/example_xcom.py for tasks to queue
[2025-03-27T17:23:11.908+0000] {logging_mixin.py:188} INFO - [2025-03-27T17:23:11.908+0000] {dagbag.py:538} INFO - Filling up the DagBag from /home/airflow/.local/lib/python3.8/site-packages/airflow/example_dags/example_xcom.py
[2025-03-27T17:23:11.917+0000] {processor.py:840} INFO - DAG(s) 'example_xcom' retrieved from /home/airflow/.local/lib/python3.8/site-packages/airflow/example_dags/example_xcom.py
[2025-03-27T17:23:12.027+0000] {logging_mixin.py:188} INFO - [2025-03-27T17:23:12.027+0000] {dag.py:3036} INFO - Sync 1 DAGs
[2025-03-27T17:23:12.052+0000] {logging_mixin.py:188} INFO - [2025-03-27T17:23:12.052+0000] {dag.py:3823} INFO - Setting next_dagrun for example_xcom to 2021-01-01 00:00:00+00:00, run_after=2021-01-01 00:00:00+00:00
[2025-03-27T17:23:12.075+0000] {processor.py:183} INFO - Processing /home/airflow/.local/lib/python3.8/site-packages/airflow/example_dags/example_xcom.py took 0.173 seconds
[2025-03-27T17:23:42.183+0000] {processor.py:161} INFO - Started process (PID=832) to work on /home/airflow/.local/lib/python3.8/site-packages/airflow/example_dags/example_xcom.py
[2025-03-27T17:23:42.184+0000] {processor.py:830} INFO - Processing file /home/airflow/.local/lib/python3.8/site-packages/airflow/example_dags/example_xcom.py for tasks to queue
[2025-03-27T17:23:42.185+0000] {logging_mixin.py:188} INFO - [2025-03-27T17:23:42.184+0000] {dagbag.py:538} INFO - Filling up the DagBag from /home/airflow/.local/lib/python3.8/site-packages/airflow/example_dags/example_xcom.py
[2025-03-27T17:23:42.191+0000] {processor.py:840} INFO - DAG(s) 'example_xcom' retrieved from /home/airflow/.local/lib/python3.8/site-packages/airflow/example_dags/example_xcom.py
[2025-03-27T17:23:42.210+0000] {logging_mixin.py:188} INFO - [2025-03-27T17:23:42.210+0000] {dag.py:3036} INFO - Sync 1 DAGs
[2025-03-27T17:23:42.229+0000] {logging_mixin.py:188} INFO - [2025-03-27T17:23:42.229+0000] {dag.py:3823} INFO - Setting next_dagrun for example_xcom to 2021-01-01 00:00:00+00:00, run_after=2021-01-01 00:00:00+00:00
[2025-03-27T17:23:42.249+0000] {processor.py:183} INFO - Processing /home/airflow/.local/lib/python3.8/site-packages/airflow/example_dags/example_xcom.py took 0.069 seconds
[2025-03-27T17:24:12.302+0000] {processor.py:161} INFO - Started process (PID=1077) to work on /home/airflow/.local/lib/python3.8/site-packages/airflow/example_dags/example_xcom.py
[2025-03-27T17:24:12.303+0000] {processor.py:830} INFO - Processing file /home/airflow/.local/lib/python3.8/site-packages/airflow/example_dags/example_xcom.py for tasks to queue
[2025-03-27T17:24:12.303+0000] {logging_mixin.py:188} INFO - [2025-03-27T17:24:12.303+0000] {dagbag.py:538} INFO - Filling up the DagBag from /home/airflow/.local/lib/python3.8/site-packages/airflow/example_dags/example_xcom.py
[2025-03-27T17:24:12.310+0000] {processor.py:840} INFO - DAG(s) 'example_xcom' retrieved from /home/airflow/.local/lib/python3.8/site-packages/airflow/example_dags/example_xcom.py
[2025-03-27T17:24:12.331+0000] {logging_mixin.py:188} INFO - [2025-03-27T17:24:12.331+0000] {dag.py:3036} INFO - Sync 1 DAGs
[2025-03-27T17:24:12.352+0000] {logging_mixin.py:188} INFO - [2025-03-27T17:24:12.352+0000] {dag.py:3823} INFO - Setting next_dagrun for example_xcom to 2021-01-01 00:00:00+00:00, run_after=2021-01-01 00:00:00+00:00
[2025-03-27T17:24:12.370+0000] {processor.py:183} INFO - Processing /home/airflow/.local/lib/python3.8/site-packages/airflow/example_dags/example_xcom.py took 0.071 seconds
[2025-03-27T17:24:43.192+0000] {processor.py:161} INFO - Started process (PID=1326) to work on /home/airflow/.local/lib/python3.8/site-packages/airflow/example_dags/example_xcom.py
[2025-03-27T17:24:43.193+0000] {processor.py:830} INFO - Processing file /home/airflow/.local/lib/python3.8/site-packages/airflow/example_dags/example_xcom.py for tasks to queue
[2025-03-27T17:24:43.194+0000] {logging_mixin.py:188} INFO - [2025-03-27T17:24:43.194+0000] {dagbag.py:538} INFO - Filling up the DagBag from /home/airflow/.local/lib/python3.8/site-packages/airflow/example_dags/example_xcom.py
[2025-03-27T17:24:43.201+0000] {processor.py:840} INFO - DAG(s) 'example_xcom' retrieved from /home/airflow/.local/lib/python3.8/site-packages/airflow/example_dags/example_xcom.py
[2025-03-27T17:24:43.220+0000] {logging_mixin.py:188} INFO - [2025-03-27T17:24:43.220+0000] {dag.py:3036} INFO - Sync 1 DAGs
[2025-03-27T17:24:43.239+0000] {logging_mixin.py:188} INFO - [2025-03-27T17:24:43.238+0000] {dag.py:3823} INFO - Setting next_dagrun for example_xcom to 2021-01-01 00:00:00+00:00, run_after=2021-01-01 00:00:00+00:00
[2025-03-27T17:24:43.256+0000] {processor.py:183} INFO - Processing /home/airflow/.local/lib/python3.8/site-packages/airflow/example_dags/example_xcom.py took 0.067 seconds
[2025-03-27T17:25:13.834+0000] {processor.py:161} INFO - Started process (PID=1573) to work on /home/airflow/.local/lib/python3.8/site-packages/airflow/example_dags/example_xcom.py
[2025-03-27T17:25:13.835+0000] {processor.py:830} INFO - Processing file /home/airflow/.local/lib/python3.8/site-packages/airflow/example_dags/example_xcom.py for tasks to queue
[2025-03-27T17:25:13.835+0000] {logging_mixin.py:188} INFO - [2025-03-27T17:25:13.835+0000] {dagbag.py:538} INFO - Filling up the DagBag from /home/airflow/.local/lib/python3.8/site-packages/airflow/example_dags/example_xcom.py
[2025-03-27T17:25:13.842+0000] {processor.py:840} INFO - DAG(s) 'example_xcom' retrieved from /home/airflow/.local/lib/python3.8/site-packages/airflow/example_dags/example_xcom.py
[2025-03-27T17:25:13.859+0000] {logging_mixin.py:188} INFO - [2025-03-27T17:25:13.859+0000] {dag.py:3036} INFO - Sync 1 DAGs
[2025-03-27T17:25:13.878+0000] {logging_mixin.py:188} INFO - [2025-03-27T17:25:13.878+0000] {dag.py:3823} INFO - Setting next_dagrun for example_xcom to 2021-01-01 00:00:00+00:00, run_after=2021-01-01 00:00:00+00:00
[2025-03-27T17:25:13.895+0000] {processor.py:183} INFO - Processing /home/airflow/.local/lib/python3.8/site-packages/airflow/example_dags/example_xcom.py took 0.064 seconds
[2025-03-27T17:27:52.422+0000] {processor.py:161} INFO - Started process (PID=347) to work on /home/airflow/.local/lib/python3.8/site-packages/airflow/example_dags/example_xcom.py
[2025-03-27T17:27:52.423+0000] {processor.py:830} INFO - Processing file /home/airflow/.local/lib/python3.8/site-packages/airflow/example_dags/example_xcom.py for tasks to queue
[2025-03-27T17:27:52.424+0000] {logging_mixin.py:188} INFO - [2025-03-27T17:27:52.424+0000] {dagbag.py:538} INFO - Filling up the DagBag from /home/airflow/.local/lib/python3.8/site-packages/airflow/example_dags/example_xcom.py
[2025-03-27T17:27:52.431+0000] {processor.py:840} INFO - DAG(s) 'example_xcom' retrieved from /home/airflow/.local/lib/python3.8/site-packages/airflow/example_dags/example_xcom.py
[2025-03-27T17:27:52.525+0000] {logging_mixin.py:188} INFO - [2025-03-27T17:27:52.524+0000] {override.py:1769} INFO - Created Permission View: can edit on DAG:example_xcom
[2025-03-27T17:27:52.534+0000] {logging_mixin.py:188} INFO - [2025-03-27T17:27:52.534+0000] {override.py:1769} INFO - Created Permission View: can read on DAG:example_xcom
[2025-03-27T17:27:52.540+0000] {logging_mixin.py:188} INFO - [2025-03-27T17:27:52.540+0000] {override.py:1769} INFO - Created Permission View: can delete on DAG:example_xcom
[2025-03-27T17:27:52.541+0000] {logging_mixin.py:188} INFO - [2025-03-27T17:27:52.540+0000] {dag.py:3036} INFO - Sync 1 DAGs
[2025-03-27T17:27:52.550+0000] {logging_mixin.py:188} INFO - [2025-03-27T17:27:52.550+0000] {dag.py:3058} INFO - Creating ORM DAG for example_xcom
[2025-03-27T17:27:52.560+0000] {logging_mixin.py:188} INFO - [2025-03-27T17:27:52.559+0000] {dag.py:3823} INFO - Setting next_dagrun for example_xcom to 2021-01-01 00:00:00+00:00, run_after=2021-01-01 00:00:00+00:00
[2025-03-27T17:27:52.575+0000] {processor.py:183} INFO - Processing /home/airflow/.local/lib/python3.8/site-packages/airflow/example_dags/example_xcom.py took 0.155 seconds
[2025-03-27T17:28:23.006+0000] {processor.py:161} INFO - Started process (PID=599) to work on /home/airflow/.local/lib/python3.8/site-packages/airflow/example_dags/example_xcom.py
[2025-03-27T17:28:23.007+0000] {processor.py:830} INFO - Processing file /home/airflow/.local/lib/python3.8/site-packages/airflow/example_dags/example_xcom.py for tasks to queue
[2025-03-27T17:28:23.008+0000] {logging_mixin.py:188} INFO - [2025-03-27T17:28:23.008+0000] {dagbag.py:538} INFO - Filling up the DagBag from /home/airflow/.local/lib/python3.8/site-packages/airflow/example_dags/example_xcom.py
[2025-03-27T17:28:23.015+0000] {processor.py:840} INFO - DAG(s) 'example_xcom' retrieved from /home/airflow/.local/lib/python3.8/site-packages/airflow/example_dags/example_xcom.py
[2025-03-27T17:28:23.035+0000] {logging_mixin.py:188} INFO - [2025-03-27T17:28:23.035+0000] {dag.py:3036} INFO - Sync 1 DAGs
[2025-03-27T17:28:23.056+0000] {logging_mixin.py:188} INFO - [2025-03-27T17:28:23.056+0000] {dag.py:3823} INFO - Setting next_dagrun for example_xcom to 2021-01-01 00:00:00+00:00, run_after=2021-01-01 00:00:00+00:00
[2025-03-27T17:28:23.074+0000] {processor.py:183} INFO - Processing /home/airflow/.local/lib/python3.8/site-packages/airflow/example_dags/example_xcom.py took 0.071 seconds
[2025-03-27T17:28:54.856+0000] {processor.py:161} INFO - Started process (PID=898) to work on /home/airflow/.local/lib/python3.8/site-packages/airflow/example_dags/example_xcom.py
[2025-03-27T17:28:54.861+0000] {processor.py:830} INFO - Processing file /home/airflow/.local/lib/python3.8/site-packages/airflow/example_dags/example_xcom.py for tasks to queue
[2025-03-27T17:28:54.870+0000] {logging_mixin.py:188} INFO - [2025-03-27T17:28:54.869+0000] {dagbag.py:538} INFO - Filling up the DagBag from /home/airflow/.local/lib/python3.8/site-packages/airflow/example_dags/example_xcom.py
[2025-03-27T17:28:54.897+0000] {processor.py:840} INFO - DAG(s) 'example_xcom' retrieved from /home/airflow/.local/lib/python3.8/site-packages/airflow/example_dags/example_xcom.py
[2025-03-27T17:28:54.947+0000] {logging_mixin.py:188} INFO - [2025-03-27T17:28:54.946+0000] {dag.py:3036} INFO - Sync 1 DAGs
[2025-03-27T17:28:55.023+0000] {logging_mixin.py:188} INFO - [2025-03-27T17:28:55.022+0000] {dag.py:3823} INFO - Setting next_dagrun for example_xcom to 2021-01-01 00:00:00+00:00, run_after=2021-01-01 00:00:00+00:00
[2025-03-27T17:28:55.085+0000] {processor.py:183} INFO - Processing /home/airflow/.local/lib/python3.8/site-packages/airflow/example_dags/example_xcom.py took 0.235 seconds
[2025-03-27T17:29:26.116+0000] {processor.py:161} INFO - Started process (PID=1558) to work on /home/airflow/.local/lib/python3.8/site-packages/airflow/example_dags/example_xcom.py
[2025-03-27T17:29:26.120+0000] {processor.py:830} INFO - Processing file /home/airflow/.local/lib/python3.8/site-packages/airflow/example_dags/example_xcom.py for tasks to queue
[2025-03-27T17:29:26.131+0000] {logging_mixin.py:188} INFO - [2025-03-27T17:29:26.128+0000] {dagbag.py:538} INFO - Filling up the DagBag from /home/airflow/.local/lib/python3.8/site-packages/airflow/example_dags/example_xcom.py
[2025-03-27T17:29:26.206+0000] {processor.py:840} INFO - DAG(s) 'example_xcom' retrieved from /home/airflow/.local/lib/python3.8/site-packages/airflow/example_dags/example_xcom.py
[2025-03-27T17:29:26.311+0000] {logging_mixin.py:188} INFO - [2025-03-27T17:29:26.301+0000] {dag.py:3036} INFO - Sync 1 DAGs
[2025-03-27T17:29:26.410+0000] {logging_mixin.py:188} INFO - [2025-03-27T17:29:26.410+0000] {dag.py:3823} INFO - Setting next_dagrun for example_xcom to 2021-01-01 00:00:00+00:00, run_after=2021-01-01 00:00:00+00:00
[2025-03-27T17:29:26.492+0000] {processor.py:183} INFO - Processing /home/airflow/.local/lib/python3.8/site-packages/airflow/example_dags/example_xcom.py took 0.394 seconds
