[2025-03-27T17:19:27.842+0000] {processor.py:161} INFO - Started process (PID=277) to work on /home/airflow/.local/lib/python3.8/site-packages/airflow/example_dags/example_complex.py
[2025-03-27T17:19:27.843+0000] {processor.py:830} INFO - Processing file /home/airflow/.local/lib/python3.8/site-packages/airflow/example_dags/example_complex.py for tasks to queue
[2025-03-27T17:19:27.844+0000] {logging_mixin.py:188} INFO - [2025-03-27T17:19:27.844+0000] {dagbag.py:538} INFO - Filling up the DagBag from /home/airflow/.local/lib/python3.8/site-packages/airflow/example_dags/example_complex.py
[2025-03-27T17:19:27.860+0000] {processor.py:840} INFO - DAG(s) 'example_complex' retrieved from /home/airflow/.local/lib/python3.8/site-packages/airflow/example_dags/example_complex.py
[2025-03-27T17:19:27.874+0000] {logging_mixin.py:188} INFO - [2025-03-27T17:19:27.874+0000] {dag.py:3036} INFO - Sync 1 DAGs
[2025-03-27T17:19:27.888+0000] {logging_mixin.py:188} INFO - [2025-03-27T17:19:27.887+0000] {dag.py:3823} INFO - Setting next_dagrun for example_complex to None, run_after=None
[2025-03-27T17:19:27.913+0000] {processor.py:183} INFO - Processing /home/airflow/.local/lib/python3.8/site-packages/airflow/example_dags/example_complex.py took 0.075 seconds
[2025-03-27T17:19:59.854+0000] {processor.py:161} INFO - Started process (PID=524) to work on /home/airflow/.local/lib/python3.8/site-packages/airflow/example_dags/example_complex.py
[2025-03-27T17:19:59.856+0000] {processor.py:830} INFO - Processing file /home/airflow/.local/lib/python3.8/site-packages/airflow/example_dags/example_complex.py for tasks to queue
[2025-03-27T17:19:59.857+0000] {logging_mixin.py:188} INFO - [2025-03-27T17:19:59.856+0000] {dagbag.py:538} INFO - Filling up the DagBag from /home/airflow/.local/lib/python3.8/site-packages/airflow/example_dags/example_complex.py
[2025-03-27T17:19:59.868+0000] {processor.py:840} INFO - DAG(s) 'example_complex' retrieved from /home/airflow/.local/lib/python3.8/site-packages/airflow/example_dags/example_complex.py
[2025-03-27T17:19:59.988+0000] {logging_mixin.py:188} INFO - [2025-03-27T17:19:59.988+0000] {dag.py:3036} INFO - Sync 1 DAGs
[2025-03-27T17:20:00.001+0000] {logging_mixin.py:188} INFO - [2025-03-27T17:20:00.000+0000] {dag.py:3823} INFO - Setting next_dagrun for example_complex to None, run_after=None
[2025-03-27T17:20:00.025+0000] {processor.py:183} INFO - Processing /home/airflow/.local/lib/python3.8/site-packages/airflow/example_dags/example_complex.py took 0.174 seconds
[2025-03-27T17:22:39.253+0000] {processor.py:161} INFO - Started process (PID=267) to work on /home/airflow/.local/lib/python3.8/site-packages/airflow/example_dags/example_complex.py
[2025-03-27T17:22:39.254+0000] {processor.py:830} INFO - Processing file /home/airflow/.local/lib/python3.8/site-packages/airflow/example_dags/example_complex.py for tasks to queue
[2025-03-27T17:22:39.255+0000] {logging_mixin.py:188} INFO - [2025-03-27T17:22:39.255+0000] {dagbag.py:538} INFO - Filling up the DagBag from /home/airflow/.local/lib/python3.8/site-packages/airflow/example_dags/example_complex.py
[2025-03-27T17:22:39.265+0000] {processor.py:840} INFO - DAG(s) 'example_complex' retrieved from /home/airflow/.local/lib/python3.8/site-packages/airflow/example_dags/example_complex.py
[2025-03-27T17:22:39.277+0000] {logging_mixin.py:188} INFO - [2025-03-27T17:22:39.277+0000] {dag.py:3036} INFO - Sync 1 DAGs
[2025-03-27T17:22:39.297+0000] {logging_mixin.py:188} INFO - [2025-03-27T17:22:39.296+0000] {dag.py:3823} INFO - Setting next_dagrun for example_complex to None, run_after=None
[2025-03-27T17:22:39.318+0000] {processor.py:183} INFO - Processing /home/airflow/.local/lib/python3.8/site-packages/airflow/example_dags/example_complex.py took 0.068 seconds
[2025-03-27T17:23:10.788+0000] {processor.py:161} INFO - Started process (PID=518) to work on /home/airflow/.local/lib/python3.8/site-packages/airflow/example_dags/example_complex.py
[2025-03-27T17:23:10.789+0000] {processor.py:830} INFO - Processing file /home/airflow/.local/lib/python3.8/site-packages/airflow/example_dags/example_complex.py for tasks to queue
[2025-03-27T17:23:10.790+0000] {logging_mixin.py:188} INFO - [2025-03-27T17:23:10.790+0000] {dagbag.py:538} INFO - Filling up the DagBag from /home/airflow/.local/lib/python3.8/site-packages/airflow/example_dags/example_complex.py
[2025-03-27T17:23:10.801+0000] {processor.py:840} INFO - DAG(s) 'example_complex' retrieved from /home/airflow/.local/lib/python3.8/site-packages/airflow/example_dags/example_complex.py
[2025-03-27T17:23:10.908+0000] {logging_mixin.py:188} INFO - [2025-03-27T17:23:10.907+0000] {dag.py:3036} INFO - Sync 1 DAGs
[2025-03-27T17:23:10.918+0000] {logging_mixin.py:188} INFO - [2025-03-27T17:23:10.918+0000] {dag.py:3823} INFO - Setting next_dagrun for example_complex to None, run_after=None
[2025-03-27T17:23:10.939+0000] {processor.py:183} INFO - Processing /home/airflow/.local/lib/python3.8/site-packages/airflow/example_dags/example_complex.py took 0.154 seconds
[2025-03-27T17:23:41.281+0000] {processor.py:161} INFO - Started process (PID=765) to work on /home/airflow/.local/lib/python3.8/site-packages/airflow/example_dags/example_complex.py
[2025-03-27T17:23:41.282+0000] {processor.py:830} INFO - Processing file /home/airflow/.local/lib/python3.8/site-packages/airflow/example_dags/example_complex.py for tasks to queue
[2025-03-27T17:23:41.283+0000] {logging_mixin.py:188} INFO - [2025-03-27T17:23:41.283+0000] {dagbag.py:538} INFO - Filling up the DagBag from /home/airflow/.local/lib/python3.8/site-packages/airflow/example_dags/example_complex.py
[2025-03-27T17:23:41.295+0000] {processor.py:840} INFO - DAG(s) 'example_complex' retrieved from /home/airflow/.local/lib/python3.8/site-packages/airflow/example_dags/example_complex.py
[2025-03-27T17:23:41.329+0000] {logging_mixin.py:188} INFO - [2025-03-27T17:23:41.328+0000] {dag.py:3036} INFO - Sync 1 DAGs
[2025-03-27T17:23:41.342+0000] {logging_mixin.py:188} INFO - [2025-03-27T17:23:41.341+0000] {dag.py:3823} INFO - Setting next_dagrun for example_complex to None, run_after=None
[2025-03-27T17:23:41.367+0000] {processor.py:183} INFO - Processing /home/airflow/.local/lib/python3.8/site-packages/airflow/example_dags/example_complex.py took 0.089 seconds
[2025-03-27T17:24:11.436+0000] {processor.py:161} INFO - Started process (PID=1012) to work on /home/airflow/.local/lib/python3.8/site-packages/airflow/example_dags/example_complex.py
[2025-03-27T17:24:11.437+0000] {processor.py:830} INFO - Processing file /home/airflow/.local/lib/python3.8/site-packages/airflow/example_dags/example_complex.py for tasks to queue
[2025-03-27T17:24:11.438+0000] {logging_mixin.py:188} INFO - [2025-03-27T17:24:11.438+0000] {dagbag.py:538} INFO - Filling up the DagBag from /home/airflow/.local/lib/python3.8/site-packages/airflow/example_dags/example_complex.py
[2025-03-27T17:24:11.448+0000] {processor.py:840} INFO - DAG(s) 'example_complex' retrieved from /home/airflow/.local/lib/python3.8/site-packages/airflow/example_dags/example_complex.py
[2025-03-27T17:24:11.477+0000] {logging_mixin.py:188} INFO - [2025-03-27T17:24:11.477+0000] {dag.py:3036} INFO - Sync 1 DAGs
[2025-03-27T17:24:11.490+0000] {logging_mixin.py:188} INFO - [2025-03-27T17:24:11.489+0000] {dag.py:3823} INFO - Setting next_dagrun for example_complex to None, run_after=None
[2025-03-27T17:24:11.507+0000] {processor.py:183} INFO - Processing /home/airflow/.local/lib/python3.8/site-packages/airflow/example_dags/example_complex.py took 0.073 seconds
[2025-03-27T17:24:42.427+0000] {processor.py:161} INFO - Started process (PID=1259) to work on /home/airflow/.local/lib/python3.8/site-packages/airflow/example_dags/example_complex.py
[2025-03-27T17:24:42.428+0000] {processor.py:830} INFO - Processing file /home/airflow/.local/lib/python3.8/site-packages/airflow/example_dags/example_complex.py for tasks to queue
[2025-03-27T17:24:42.429+0000] {logging_mixin.py:188} INFO - [2025-03-27T17:24:42.429+0000] {dagbag.py:538} INFO - Filling up the DagBag from /home/airflow/.local/lib/python3.8/site-packages/airflow/example_dags/example_complex.py
[2025-03-27T17:24:42.438+0000] {processor.py:840} INFO - DAG(s) 'example_complex' retrieved from /home/airflow/.local/lib/python3.8/site-packages/airflow/example_dags/example_complex.py
[2025-03-27T17:24:42.467+0000] {logging_mixin.py:188} INFO - [2025-03-27T17:24:42.467+0000] {dag.py:3036} INFO - Sync 1 DAGs
[2025-03-27T17:24:42.477+0000] {logging_mixin.py:188} INFO - [2025-03-27T17:24:42.477+0000] {dag.py:3823} INFO - Setting next_dagrun for example_complex to None, run_after=None
[2025-03-27T17:24:42.494+0000] {processor.py:183} INFO - Processing /home/airflow/.local/lib/python3.8/site-packages/airflow/example_dags/example_complex.py took 0.069 seconds
[2025-03-27T17:25:12.985+0000] {processor.py:161} INFO - Started process (PID=1506) to work on /home/airflow/.local/lib/python3.8/site-packages/airflow/example_dags/example_complex.py
[2025-03-27T17:25:12.986+0000] {processor.py:830} INFO - Processing file /home/airflow/.local/lib/python3.8/site-packages/airflow/example_dags/example_complex.py for tasks to queue
[2025-03-27T17:25:12.987+0000] {logging_mixin.py:188} INFO - [2025-03-27T17:25:12.987+0000] {dagbag.py:538} INFO - Filling up the DagBag from /home/airflow/.local/lib/python3.8/site-packages/airflow/example_dags/example_complex.py
[2025-03-27T17:25:12.998+0000] {processor.py:840} INFO - DAG(s) 'example_complex' retrieved from /home/airflow/.local/lib/python3.8/site-packages/airflow/example_dags/example_complex.py
[2025-03-27T17:25:13.029+0000] {logging_mixin.py:188} INFO - [2025-03-27T17:25:13.029+0000] {dag.py:3036} INFO - Sync 1 DAGs
[2025-03-27T17:25:13.041+0000] {logging_mixin.py:188} INFO - [2025-03-27T17:25:13.040+0000] {dag.py:3823} INFO - Setting next_dagrun for example_complex to None, run_after=None
[2025-03-27T17:25:13.059+0000] {processor.py:183} INFO - Processing /home/airflow/.local/lib/python3.8/site-packages/airflow/example_dags/example_complex.py took 0.076 seconds
[2025-03-27T17:27:50.895+0000] {processor.py:161} INFO - Started process (PID=284) to work on /home/airflow/.local/lib/python3.8/site-packages/airflow/example_dags/example_complex.py
[2025-03-27T17:27:50.896+0000] {processor.py:830} INFO - Processing file /home/airflow/.local/lib/python3.8/site-packages/airflow/example_dags/example_complex.py for tasks to queue
[2025-03-27T17:27:50.897+0000] {logging_mixin.py:188} INFO - [2025-03-27T17:27:50.897+0000] {dagbag.py:538} INFO - Filling up the DagBag from /home/airflow/.local/lib/python3.8/site-packages/airflow/example_dags/example_complex.py
[2025-03-27T17:27:50.913+0000] {processor.py:840} INFO - DAG(s) 'example_complex' retrieved from /home/airflow/.local/lib/python3.8/site-packages/airflow/example_dags/example_complex.py
[2025-03-27T17:27:51.064+0000] {logging_mixin.py:188} INFO - [2025-03-27T17:27:51.063+0000] {override.py:1769} INFO - Created Permission View: can edit on DAG:example_complex
[2025-03-27T17:27:51.076+0000] {logging_mixin.py:188} INFO - [2025-03-27T17:27:51.075+0000] {override.py:1769} INFO - Created Permission View: can read on DAG:example_complex
[2025-03-27T17:27:51.085+0000] {logging_mixin.py:188} INFO - [2025-03-27T17:27:51.084+0000] {override.py:1769} INFO - Created Permission View: can delete on DAG:example_complex
[2025-03-27T17:27:51.085+0000] {logging_mixin.py:188} INFO - [2025-03-27T17:27:51.085+0000] {dag.py:3036} INFO - Sync 1 DAGs
[2025-03-27T17:27:51.099+0000] {logging_mixin.py:188} INFO - [2025-03-27T17:27:51.098+0000] {dag.py:3058} INFO - Creating ORM DAG for example_complex
[2025-03-27T17:27:51.100+0000] {logging_mixin.py:188} INFO - [2025-03-27T17:27:51.100+0000] {dag.py:3823} INFO - Setting next_dagrun for example_complex to None, run_after=None
[2025-03-27T17:27:51.126+0000] {processor.py:183} INFO - Processing /home/airflow/.local/lib/python3.8/site-packages/airflow/example_dags/example_complex.py took 0.235 seconds
[2025-03-27T17:28:21.344+0000] {processor.py:161} INFO - Started process (PID=534) to work on /home/airflow/.local/lib/python3.8/site-packages/airflow/example_dags/example_complex.py
[2025-03-27T17:28:21.345+0000] {processor.py:830} INFO - Processing file /home/airflow/.local/lib/python3.8/site-packages/airflow/example_dags/example_complex.py for tasks to queue
[2025-03-27T17:28:21.346+0000] {logging_mixin.py:188} INFO - [2025-03-27T17:28:21.345+0000] {dagbag.py:538} INFO - Filling up the DagBag from /home/airflow/.local/lib/python3.8/site-packages/airflow/example_dags/example_complex.py
[2025-03-27T17:28:21.356+0000] {processor.py:840} INFO - DAG(s) 'example_complex' retrieved from /home/airflow/.local/lib/python3.8/site-packages/airflow/example_dags/example_complex.py
[2025-03-27T17:28:21.386+0000] {logging_mixin.py:188} INFO - [2025-03-27T17:28:21.386+0000] {dag.py:3036} INFO - Sync 1 DAGs
[2025-03-27T17:28:21.399+0000] {logging_mixin.py:188} INFO - [2025-03-27T17:28:21.398+0000] {dag.py:3823} INFO - Setting next_dagrun for example_complex to None, run_after=None
[2025-03-27T17:28:21.415+0000] {processor.py:183} INFO - Processing /home/airflow/.local/lib/python3.8/site-packages/airflow/example_dags/example_complex.py took 0.074 seconds
[2025-03-27T17:28:51.626+0000] {processor.py:161} INFO - Started process (PID=789) to work on /home/airflow/.local/lib/python3.8/site-packages/airflow/example_dags/example_complex.py
[2025-03-27T17:28:51.628+0000] {processor.py:830} INFO - Processing file /home/airflow/.local/lib/python3.8/site-packages/airflow/example_dags/example_complex.py for tasks to queue
[2025-03-27T17:28:51.630+0000] {logging_mixin.py:188} INFO - [2025-03-27T17:28:51.629+0000] {dagbag.py:538} INFO - Filling up the DagBag from /home/airflow/.local/lib/python3.8/site-packages/airflow/example_dags/example_complex.py
[2025-03-27T17:28:51.643+0000] {processor.py:840} INFO - DAG(s) 'example_complex' retrieved from /home/airflow/.local/lib/python3.8/site-packages/airflow/example_dags/example_complex.py
[2025-03-27T17:28:51.680+0000] {logging_mixin.py:188} INFO - [2025-03-27T17:28:51.680+0000] {dag.py:3036} INFO - Sync 1 DAGs
[2025-03-27T17:28:51.696+0000] {logging_mixin.py:188} INFO - [2025-03-27T17:28:51.696+0000] {dag.py:3823} INFO - Setting next_dagrun for example_complex to None, run_after=None
[2025-03-27T17:28:51.720+0000] {processor.py:183} INFO - Processing /home/airflow/.local/lib/python3.8/site-packages/airflow/example_dags/example_complex.py took 0.098 seconds
[2025-03-27T17:29:22.202+0000] {processor.py:161} INFO - Started process (PID=1437) to work on /home/airflow/.local/lib/python3.8/site-packages/airflow/example_dags/example_complex.py
[2025-03-27T17:29:22.204+0000] {processor.py:830} INFO - Processing file /home/airflow/.local/lib/python3.8/site-packages/airflow/example_dags/example_complex.py for tasks to queue
[2025-03-27T17:29:22.206+0000] {logging_mixin.py:188} INFO - [2025-03-27T17:29:22.205+0000] {dagbag.py:538} INFO - Filling up the DagBag from /home/airflow/.local/lib/python3.8/site-packages/airflow/example_dags/example_complex.py
[2025-03-27T17:29:22.223+0000] {processor.py:840} INFO - DAG(s) 'example_complex' retrieved from /home/airflow/.local/lib/python3.8/site-packages/airflow/example_dags/example_complex.py
[2025-03-27T17:29:22.272+0000] {logging_mixin.py:188} INFO - [2025-03-27T17:29:22.271+0000] {dag.py:3036} INFO - Sync 1 DAGs
[2025-03-27T17:29:22.292+0000] {logging_mixin.py:188} INFO - [2025-03-27T17:29:22.292+0000] {dag.py:3823} INFO - Setting next_dagrun for example_complex to None, run_after=None
[2025-03-27T17:29:22.349+0000] {processor.py:183} INFO - Processing /home/airflow/.local/lib/python3.8/site-packages/airflow/example_dags/example_complex.py took 0.153 seconds
