[2025-03-27T16:27:01.217+0000] {processor.py:161} INFO - Started process (PID=311) to work on /home/airflow/.local/lib/python3.8/site-packages/airflow/example_dags/example_bash_operator.py
[2025-03-27T16:27:01.218+0000] {processor.py:830} INFO - Processing file /home/airflow/.local/lib/python3.8/site-packages/airflow/example_dags/example_bash_operator.py for tasks to queue
[2025-03-27T16:27:01.219+0000] {logging_mixin.py:188} INFO - [2025-03-27T16:27:01.219+0000] {dagbag.py:538} INFO - Filling up the DagBag from /home/airflow/.local/lib/python3.8/site-packages/airflow/example_dags/example_bash_operator.py
[2025-03-27T16:27:01.231+0000] {processor.py:840} INFO - DAG(s) 'example_bash_operator' retrieved from /home/airflow/.local/lib/python3.8/site-packages/airflow/example_dags/example_bash_operator.py
[2025-03-27T16:27:01.243+0000] {logging_mixin.py:188} INFO - [2025-03-27T16:27:01.243+0000] {dag.py:3036} INFO - Sync 1 DAGs
[2025-03-27T16:27:01.272+0000] {logging_mixin.py:188} INFO - [2025-03-27T16:27:01.271+0000] {dag.py:3823} INFO - Setting next_dagrun for example_bash_operator to 2025-03-26 00:00:00+00:00, run_after=2025-03-27 00:00:00+00:00
[2025-03-27T16:27:01.293+0000] {processor.py:183} INFO - Processing /home/airflow/.local/lib/python3.8/site-packages/airflow/example_dags/example_bash_operator.py took 0.079 seconds
[2025-03-27T16:27:32.056+0000] {processor.py:161} INFO - Started process (PID=558) to work on /home/airflow/.local/lib/python3.8/site-packages/airflow/example_dags/example_bash_operator.py
[2025-03-27T16:27:32.057+0000] {processor.py:830} INFO - Processing file /home/airflow/.local/lib/python3.8/site-packages/airflow/example_dags/example_bash_operator.py for tasks to queue
[2025-03-27T16:27:32.058+0000] {logging_mixin.py:188} INFO - [2025-03-27T16:27:32.057+0000] {dagbag.py:538} INFO - Filling up the DagBag from /home/airflow/.local/lib/python3.8/site-packages/airflow/example_dags/example_bash_operator.py
[2025-03-27T16:27:32.068+0000] {processor.py:840} INFO - DAG(s) 'example_bash_operator' retrieved from /home/airflow/.local/lib/python3.8/site-packages/airflow/example_dags/example_bash_operator.py
[2025-03-27T16:27:32.167+0000] {logging_mixin.py:188} INFO - [2025-03-27T16:27:32.167+0000] {dag.py:3036} INFO - Sync 1 DAGs
[2025-03-27T16:27:32.188+0000] {logging_mixin.py:188} INFO - [2025-03-27T16:27:32.188+0000] {dag.py:3823} INFO - Setting next_dagrun for example_bash_operator to 2025-03-26 00:00:00+00:00, run_after=2025-03-27 00:00:00+00:00
[2025-03-27T16:27:32.208+0000] {processor.py:183} INFO - Processing /home/airflow/.local/lib/python3.8/site-packages/airflow/example_dags/example_bash_operator.py took 0.155 seconds
[2025-03-27T16:28:03.076+0000] {processor.py:161} INFO - Started process (PID=813) to work on /home/airflow/.local/lib/python3.8/site-packages/airflow/example_dags/example_bash_operator.py
[2025-03-27T16:28:03.077+0000] {processor.py:830} INFO - Processing file /home/airflow/.local/lib/python3.8/site-packages/airflow/example_dags/example_bash_operator.py for tasks to queue
[2025-03-27T16:28:03.078+0000] {logging_mixin.py:188} INFO - [2025-03-27T16:28:03.077+0000] {dagbag.py:538} INFO - Filling up the DagBag from /home/airflow/.local/lib/python3.8/site-packages/airflow/example_dags/example_bash_operator.py
[2025-03-27T16:28:03.088+0000] {processor.py:840} INFO - DAG(s) 'example_bash_operator' retrieved from /home/airflow/.local/lib/python3.8/site-packages/airflow/example_dags/example_bash_operator.py
[2025-03-27T16:28:03.116+0000] {logging_mixin.py:188} INFO - [2025-03-27T16:28:03.116+0000] {dag.py:3036} INFO - Sync 1 DAGs
[2025-03-27T16:28:03.140+0000] {logging_mixin.py:188} INFO - [2025-03-27T16:28:03.140+0000] {dag.py:3823} INFO - Setting next_dagrun for example_bash_operator to 2025-03-26 00:00:00+00:00, run_after=2025-03-27 00:00:00+00:00
[2025-03-27T16:28:03.159+0000] {processor.py:183} INFO - Processing /home/airflow/.local/lib/python3.8/site-packages/airflow/example_dags/example_bash_operator.py took 0.086 seconds
[2025-03-27T16:28:33.788+0000] {processor.py:161} INFO - Started process (PID=1058) to work on /home/airflow/.local/lib/python3.8/site-packages/airflow/example_dags/example_bash_operator.py
[2025-03-27T16:28:33.789+0000] {processor.py:830} INFO - Processing file /home/airflow/.local/lib/python3.8/site-packages/airflow/example_dags/example_bash_operator.py for tasks to queue
[2025-03-27T16:28:33.790+0000] {logging_mixin.py:188} INFO - [2025-03-27T16:28:33.790+0000] {dagbag.py:538} INFO - Filling up the DagBag from /home/airflow/.local/lib/python3.8/site-packages/airflow/example_dags/example_bash_operator.py
[2025-03-27T16:28:33.800+0000] {processor.py:840} INFO - DAG(s) 'example_bash_operator' retrieved from /home/airflow/.local/lib/python3.8/site-packages/airflow/example_dags/example_bash_operator.py
[2025-03-27T16:28:33.828+0000] {logging_mixin.py:188} INFO - [2025-03-27T16:28:33.827+0000] {dag.py:3036} INFO - Sync 1 DAGs
[2025-03-27T16:28:33.847+0000] {logging_mixin.py:188} INFO - [2025-03-27T16:28:33.847+0000] {dag.py:3823} INFO - Setting next_dagrun for example_bash_operator to 2025-03-26 00:00:00+00:00, run_after=2025-03-27 00:00:00+00:00
[2025-03-27T16:28:33.864+0000] {processor.py:183} INFO - Processing /home/airflow/.local/lib/python3.8/site-packages/airflow/example_dags/example_bash_operator.py took 0.078 seconds
[2025-03-27T16:29:04.356+0000] {processor.py:161} INFO - Started process (PID=1305) to work on /home/airflow/.local/lib/python3.8/site-packages/airflow/example_dags/example_bash_operator.py
[2025-03-27T16:29:04.358+0000] {processor.py:830} INFO - Processing file /home/airflow/.local/lib/python3.8/site-packages/airflow/example_dags/example_bash_operator.py for tasks to queue
[2025-03-27T16:29:04.358+0000] {logging_mixin.py:188} INFO - [2025-03-27T16:29:04.358+0000] {dagbag.py:538} INFO - Filling up the DagBag from /home/airflow/.local/lib/python3.8/site-packages/airflow/example_dags/example_bash_operator.py
[2025-03-27T16:29:04.368+0000] {processor.py:840} INFO - DAG(s) 'example_bash_operator' retrieved from /home/airflow/.local/lib/python3.8/site-packages/airflow/example_dags/example_bash_operator.py
[2025-03-27T16:29:04.395+0000] {logging_mixin.py:188} INFO - [2025-03-27T16:29:04.395+0000] {dag.py:3036} INFO - Sync 1 DAGs
[2025-03-27T16:29:04.415+0000] {logging_mixin.py:188} INFO - [2025-03-27T16:29:04.414+0000] {dag.py:3823} INFO - Setting next_dagrun for example_bash_operator to 2025-03-26 00:00:00+00:00, run_after=2025-03-27 00:00:00+00:00
[2025-03-27T16:29:04.430+0000] {processor.py:183} INFO - Processing /home/airflow/.local/lib/python3.8/site-packages/airflow/example_dags/example_bash_operator.py took 0.076 seconds
[2025-03-27T16:29:35.008+0000] {processor.py:161} INFO - Started process (PID=1552) to work on /home/airflow/.local/lib/python3.8/site-packages/airflow/example_dags/example_bash_operator.py
[2025-03-27T16:29:35.008+0000] {processor.py:830} INFO - Processing file /home/airflow/.local/lib/python3.8/site-packages/airflow/example_dags/example_bash_operator.py for tasks to queue
[2025-03-27T16:29:35.009+0000] {logging_mixin.py:188} INFO - [2025-03-27T16:29:35.009+0000] {dagbag.py:538} INFO - Filling up the DagBag from /home/airflow/.local/lib/python3.8/site-packages/airflow/example_dags/example_bash_operator.py
[2025-03-27T16:29:35.019+0000] {processor.py:840} INFO - DAG(s) 'example_bash_operator' retrieved from /home/airflow/.local/lib/python3.8/site-packages/airflow/example_dags/example_bash_operator.py
[2025-03-27T16:29:35.045+0000] {logging_mixin.py:188} INFO - [2025-03-27T16:29:35.045+0000] {dag.py:3036} INFO - Sync 1 DAGs
[2025-03-27T16:29:35.067+0000] {logging_mixin.py:188} INFO - [2025-03-27T16:29:35.066+0000] {dag.py:3823} INFO - Setting next_dagrun for example_bash_operator to 2025-03-26 00:00:00+00:00, run_after=2025-03-27 00:00:00+00:00
[2025-03-27T16:29:35.083+0000] {processor.py:183} INFO - Processing /home/airflow/.local/lib/python3.8/site-packages/airflow/example_dags/example_bash_operator.py took 0.078 seconds
[2025-03-27T16:30:05.568+0000] {processor.py:161} INFO - Started process (PID=1799) to work on /home/airflow/.local/lib/python3.8/site-packages/airflow/example_dags/example_bash_operator.py
[2025-03-27T16:30:05.569+0000] {processor.py:830} INFO - Processing file /home/airflow/.local/lib/python3.8/site-packages/airflow/example_dags/example_bash_operator.py for tasks to queue
[2025-03-27T16:30:05.570+0000] {logging_mixin.py:188} INFO - [2025-03-27T16:30:05.570+0000] {dagbag.py:538} INFO - Filling up the DagBag from /home/airflow/.local/lib/python3.8/site-packages/airflow/example_dags/example_bash_operator.py
[2025-03-27T16:30:05.581+0000] {processor.py:840} INFO - DAG(s) 'example_bash_operator' retrieved from /home/airflow/.local/lib/python3.8/site-packages/airflow/example_dags/example_bash_operator.py
[2025-03-27T16:30:05.610+0000] {logging_mixin.py:188} INFO - [2025-03-27T16:30:05.610+0000] {dag.py:3036} INFO - Sync 1 DAGs
[2025-03-27T16:30:05.632+0000] {logging_mixin.py:188} INFO - [2025-03-27T16:30:05.632+0000] {dag.py:3823} INFO - Setting next_dagrun for example_bash_operator to 2025-03-26 00:00:00+00:00, run_after=2025-03-27 00:00:00+00:00
[2025-03-27T16:30:05.649+0000] {processor.py:183} INFO - Processing /home/airflow/.local/lib/python3.8/site-packages/airflow/example_dags/example_bash_operator.py took 0.084 seconds
[2025-03-27T16:30:36.096+0000] {processor.py:161} INFO - Started process (PID=2046) to work on /home/airflow/.local/lib/python3.8/site-packages/airflow/example_dags/example_bash_operator.py
[2025-03-27T16:30:36.097+0000] {processor.py:830} INFO - Processing file /home/airflow/.local/lib/python3.8/site-packages/airflow/example_dags/example_bash_operator.py for tasks to queue
[2025-03-27T16:30:36.098+0000] {logging_mixin.py:188} INFO - [2025-03-27T16:30:36.098+0000] {dagbag.py:538} INFO - Filling up the DagBag from /home/airflow/.local/lib/python3.8/site-packages/airflow/example_dags/example_bash_operator.py
[2025-03-27T16:30:36.108+0000] {processor.py:840} INFO - DAG(s) 'example_bash_operator' retrieved from /home/airflow/.local/lib/python3.8/site-packages/airflow/example_dags/example_bash_operator.py
[2025-03-27T16:30:36.135+0000] {logging_mixin.py:188} INFO - [2025-03-27T16:30:36.134+0000] {dag.py:3036} INFO - Sync 1 DAGs
[2025-03-27T16:30:36.156+0000] {logging_mixin.py:188} INFO - [2025-03-27T16:30:36.156+0000] {dag.py:3823} INFO - Setting next_dagrun for example_bash_operator to 2025-03-26 00:00:00+00:00, run_after=2025-03-27 00:00:00+00:00
[2025-03-27T16:30:36.172+0000] {processor.py:183} INFO - Processing /home/airflow/.local/lib/python3.8/site-packages/airflow/example_dags/example_bash_operator.py took 0.078 seconds
[2025-03-27T16:31:06.613+0000] {processor.py:161} INFO - Started process (PID=2295) to work on /home/airflow/.local/lib/python3.8/site-packages/airflow/example_dags/example_bash_operator.py
[2025-03-27T16:31:06.614+0000] {processor.py:830} INFO - Processing file /home/airflow/.local/lib/python3.8/site-packages/airflow/example_dags/example_bash_operator.py for tasks to queue
[2025-03-27T16:31:06.615+0000] {logging_mixin.py:188} INFO - [2025-03-27T16:31:06.614+0000] {dagbag.py:538} INFO - Filling up the DagBag from /home/airflow/.local/lib/python3.8/site-packages/airflow/example_dags/example_bash_operator.py
[2025-03-27T16:31:06.624+0000] {processor.py:840} INFO - DAG(s) 'example_bash_operator' retrieved from /home/airflow/.local/lib/python3.8/site-packages/airflow/example_dags/example_bash_operator.py
[2025-03-27T16:31:06.652+0000] {logging_mixin.py:188} INFO - [2025-03-27T16:31:06.651+0000] {dag.py:3036} INFO - Sync 1 DAGs
[2025-03-27T16:31:06.672+0000] {logging_mixin.py:188} INFO - [2025-03-27T16:31:06.672+0000] {dag.py:3823} INFO - Setting next_dagrun for example_bash_operator to 2025-03-26 00:00:00+00:00, run_after=2025-03-27 00:00:00+00:00
[2025-03-27T16:31:06.688+0000] {processor.py:183} INFO - Processing /home/airflow/.local/lib/python3.8/site-packages/airflow/example_dags/example_bash_operator.py took 0.077 seconds
[2025-03-27T16:31:37.119+0000] {processor.py:161} INFO - Started process (PID=2540) to work on /home/airflow/.local/lib/python3.8/site-packages/airflow/example_dags/example_bash_operator.py
[2025-03-27T16:31:37.120+0000] {processor.py:830} INFO - Processing file /home/airflow/.local/lib/python3.8/site-packages/airflow/example_dags/example_bash_operator.py for tasks to queue
[2025-03-27T16:31:37.121+0000] {logging_mixin.py:188} INFO - [2025-03-27T16:31:37.121+0000] {dagbag.py:538} INFO - Filling up the DagBag from /home/airflow/.local/lib/python3.8/site-packages/airflow/example_dags/example_bash_operator.py
[2025-03-27T16:31:37.131+0000] {processor.py:840} INFO - DAG(s) 'example_bash_operator' retrieved from /home/airflow/.local/lib/python3.8/site-packages/airflow/example_dags/example_bash_operator.py
[2025-03-27T16:31:37.159+0000] {logging_mixin.py:188} INFO - [2025-03-27T16:31:37.158+0000] {dag.py:3036} INFO - Sync 1 DAGs
[2025-03-27T16:31:37.180+0000] {logging_mixin.py:188} INFO - [2025-03-27T16:31:37.180+0000] {dag.py:3823} INFO - Setting next_dagrun for example_bash_operator to 2025-03-26 00:00:00+00:00, run_after=2025-03-27 00:00:00+00:00
[2025-03-27T16:31:37.198+0000] {processor.py:183} INFO - Processing /home/airflow/.local/lib/python3.8/site-packages/airflow/example_dags/example_bash_operator.py took 0.081 seconds
[2025-03-27T16:32:07.232+0000] {processor.py:161} INFO - Started process (PID=2787) to work on /home/airflow/.local/lib/python3.8/site-packages/airflow/example_dags/example_bash_operator.py
[2025-03-27T16:32:07.233+0000] {processor.py:830} INFO - Processing file /home/airflow/.local/lib/python3.8/site-packages/airflow/example_dags/example_bash_operator.py for tasks to queue
[2025-03-27T16:32:07.234+0000] {logging_mixin.py:188} INFO - [2025-03-27T16:32:07.234+0000] {dagbag.py:538} INFO - Filling up the DagBag from /home/airflow/.local/lib/python3.8/site-packages/airflow/example_dags/example_bash_operator.py
[2025-03-27T16:32:07.244+0000] {processor.py:840} INFO - DAG(s) 'example_bash_operator' retrieved from /home/airflow/.local/lib/python3.8/site-packages/airflow/example_dags/example_bash_operator.py
[2025-03-27T16:32:07.271+0000] {logging_mixin.py:188} INFO - [2025-03-27T16:32:07.271+0000] {dag.py:3036} INFO - Sync 1 DAGs
[2025-03-27T16:32:07.292+0000] {logging_mixin.py:188} INFO - [2025-03-27T16:32:07.292+0000] {dag.py:3823} INFO - Setting next_dagrun for example_bash_operator to 2025-03-26 00:00:00+00:00, run_after=2025-03-27 00:00:00+00:00
[2025-03-27T16:32:07.307+0000] {processor.py:183} INFO - Processing /home/airflow/.local/lib/python3.8/site-packages/airflow/example_dags/example_bash_operator.py took 0.078 seconds
[2025-03-27T16:32:38.135+0000] {processor.py:161} INFO - Started process (PID=3034) to work on /home/airflow/.local/lib/python3.8/site-packages/airflow/example_dags/example_bash_operator.py
[2025-03-27T16:32:38.137+0000] {processor.py:830} INFO - Processing file /home/airflow/.local/lib/python3.8/site-packages/airflow/example_dags/example_bash_operator.py for tasks to queue
[2025-03-27T16:32:38.138+0000] {logging_mixin.py:188} INFO - [2025-03-27T16:32:38.137+0000] {dagbag.py:538} INFO - Filling up the DagBag from /home/airflow/.local/lib/python3.8/site-packages/airflow/example_dags/example_bash_operator.py
[2025-03-27T16:32:38.158+0000] {processor.py:840} INFO - DAG(s) 'example_bash_operator' retrieved from /home/airflow/.local/lib/python3.8/site-packages/airflow/example_dags/example_bash_operator.py
[2025-03-27T16:32:38.210+0000] {logging_mixin.py:188} INFO - [2025-03-27T16:32:38.209+0000] {dag.py:3036} INFO - Sync 1 DAGs
[2025-03-27T16:32:38.246+0000] {logging_mixin.py:188} INFO - [2025-03-27T16:32:38.245+0000] {dag.py:3823} INFO - Setting next_dagrun for example_bash_operator to 2025-03-26 00:00:00+00:00, run_after=2025-03-27 00:00:00+00:00
[2025-03-27T16:32:38.282+0000] {processor.py:183} INFO - Processing /home/airflow/.local/lib/python3.8/site-packages/airflow/example_dags/example_bash_operator.py took 0.151 seconds
[2025-03-27T16:33:09.014+0000] {processor.py:161} INFO - Started process (PID=3281) to work on /home/airflow/.local/lib/python3.8/site-packages/airflow/example_dags/example_bash_operator.py
[2025-03-27T16:33:09.015+0000] {processor.py:830} INFO - Processing file /home/airflow/.local/lib/python3.8/site-packages/airflow/example_dags/example_bash_operator.py for tasks to queue
[2025-03-27T16:33:09.016+0000] {logging_mixin.py:188} INFO - [2025-03-27T16:33:09.016+0000] {dagbag.py:538} INFO - Filling up the DagBag from /home/airflow/.local/lib/python3.8/site-packages/airflow/example_dags/example_bash_operator.py
[2025-03-27T16:33:09.027+0000] {processor.py:840} INFO - DAG(s) 'example_bash_operator' retrieved from /home/airflow/.local/lib/python3.8/site-packages/airflow/example_dags/example_bash_operator.py
[2025-03-27T16:33:09.056+0000] {logging_mixin.py:188} INFO - [2025-03-27T16:33:09.056+0000] {dag.py:3036} INFO - Sync 1 DAGs
[2025-03-27T16:33:09.079+0000] {logging_mixin.py:188} INFO - [2025-03-27T16:33:09.079+0000] {dag.py:3823} INFO - Setting next_dagrun for example_bash_operator to 2025-03-26 00:00:00+00:00, run_after=2025-03-27 00:00:00+00:00
[2025-03-27T16:33:09.096+0000] {processor.py:183} INFO - Processing /home/airflow/.local/lib/python3.8/site-packages/airflow/example_dags/example_bash_operator.py took 0.085 seconds
[2025-03-27T16:33:39.174+0000] {processor.py:161} INFO - Started process (PID=3528) to work on /home/airflow/.local/lib/python3.8/site-packages/airflow/example_dags/example_bash_operator.py
[2025-03-27T16:33:39.175+0000] {processor.py:830} INFO - Processing file /home/airflow/.local/lib/python3.8/site-packages/airflow/example_dags/example_bash_operator.py for tasks to queue
[2025-03-27T16:33:39.176+0000] {logging_mixin.py:188} INFO - [2025-03-27T16:33:39.176+0000] {dagbag.py:538} INFO - Filling up the DagBag from /home/airflow/.local/lib/python3.8/site-packages/airflow/example_dags/example_bash_operator.py
[2025-03-27T16:33:39.187+0000] {processor.py:840} INFO - DAG(s) 'example_bash_operator' retrieved from /home/airflow/.local/lib/python3.8/site-packages/airflow/example_dags/example_bash_operator.py
[2025-03-27T16:33:39.214+0000] {logging_mixin.py:188} INFO - [2025-03-27T16:33:39.213+0000] {dag.py:3036} INFO - Sync 1 DAGs
[2025-03-27T16:33:39.235+0000] {logging_mixin.py:188} INFO - [2025-03-27T16:33:39.235+0000] {dag.py:3823} INFO - Setting next_dagrun for example_bash_operator to 2025-03-26 00:00:00+00:00, run_after=2025-03-27 00:00:00+00:00
[2025-03-27T16:33:39.253+0000] {processor.py:183} INFO - Processing /home/airflow/.local/lib/python3.8/site-packages/airflow/example_dags/example_bash_operator.py took 0.081 seconds
[2025-03-27T16:34:09.632+0000] {processor.py:161} INFO - Started process (PID=3775) to work on /home/airflow/.local/lib/python3.8/site-packages/airflow/example_dags/example_bash_operator.py
[2025-03-27T16:34:09.633+0000] {processor.py:830} INFO - Processing file /home/airflow/.local/lib/python3.8/site-packages/airflow/example_dags/example_bash_operator.py for tasks to queue
[2025-03-27T16:34:09.634+0000] {logging_mixin.py:188} INFO - [2025-03-27T16:34:09.633+0000] {dagbag.py:538} INFO - Filling up the DagBag from /home/airflow/.local/lib/python3.8/site-packages/airflow/example_dags/example_bash_operator.py
[2025-03-27T16:34:09.644+0000] {processor.py:840} INFO - DAG(s) 'example_bash_operator' retrieved from /home/airflow/.local/lib/python3.8/site-packages/airflow/example_dags/example_bash_operator.py
[2025-03-27T16:34:09.673+0000] {logging_mixin.py:188} INFO - [2025-03-27T16:34:09.672+0000] {dag.py:3036} INFO - Sync 1 DAGs
[2025-03-27T16:34:09.694+0000] {logging_mixin.py:188} INFO - [2025-03-27T16:34:09.693+0000] {dag.py:3823} INFO - Setting next_dagrun for example_bash_operator to 2025-03-26 00:00:00+00:00, run_after=2025-03-27 00:00:00+00:00
[2025-03-27T16:34:09.710+0000] {processor.py:183} INFO - Processing /home/airflow/.local/lib/python3.8/site-packages/airflow/example_dags/example_bash_operator.py took 0.080 seconds
[2025-03-27T16:34:40.004+0000] {processor.py:161} INFO - Started process (PID=4022) to work on /home/airflow/.local/lib/python3.8/site-packages/airflow/example_dags/example_bash_operator.py
[2025-03-27T16:34:40.005+0000] {processor.py:830} INFO - Processing file /home/airflow/.local/lib/python3.8/site-packages/airflow/example_dags/example_bash_operator.py for tasks to queue
[2025-03-27T16:34:40.006+0000] {logging_mixin.py:188} INFO - [2025-03-27T16:34:40.006+0000] {dagbag.py:538} INFO - Filling up the DagBag from /home/airflow/.local/lib/python3.8/site-packages/airflow/example_dags/example_bash_operator.py
[2025-03-27T16:34:40.018+0000] {processor.py:840} INFO - DAG(s) 'example_bash_operator' retrieved from /home/airflow/.local/lib/python3.8/site-packages/airflow/example_dags/example_bash_operator.py
[2025-03-27T16:34:40.049+0000] {logging_mixin.py:188} INFO - [2025-03-27T16:34:40.048+0000] {dag.py:3036} INFO - Sync 1 DAGs
[2025-03-27T16:34:40.073+0000] {logging_mixin.py:188} INFO - [2025-03-27T16:34:40.073+0000] {dag.py:3823} INFO - Setting next_dagrun for example_bash_operator to 2025-03-26 00:00:00+00:00, run_after=2025-03-27 00:00:00+00:00
[2025-03-27T16:34:40.093+0000] {processor.py:183} INFO - Processing /home/airflow/.local/lib/python3.8/site-packages/airflow/example_dags/example_bash_operator.py took 0.092 seconds
[2025-03-27T16:35:10.425+0000] {processor.py:161} INFO - Started process (PID=4269) to work on /home/airflow/.local/lib/python3.8/site-packages/airflow/example_dags/example_bash_operator.py
[2025-03-27T16:35:10.426+0000] {processor.py:830} INFO - Processing file /home/airflow/.local/lib/python3.8/site-packages/airflow/example_dags/example_bash_operator.py for tasks to queue
[2025-03-27T16:35:10.427+0000] {logging_mixin.py:188} INFO - [2025-03-27T16:35:10.426+0000] {dagbag.py:538} INFO - Filling up the DagBag from /home/airflow/.local/lib/python3.8/site-packages/airflow/example_dags/example_bash_operator.py
[2025-03-27T16:35:10.437+0000] {processor.py:840} INFO - DAG(s) 'example_bash_operator' retrieved from /home/airflow/.local/lib/python3.8/site-packages/airflow/example_dags/example_bash_operator.py
[2025-03-27T16:35:10.467+0000] {logging_mixin.py:188} INFO - [2025-03-27T16:35:10.467+0000] {dag.py:3036} INFO - Sync 1 DAGs
[2025-03-27T16:35:10.490+0000] {logging_mixin.py:188} INFO - [2025-03-27T16:35:10.490+0000] {dag.py:3823} INFO - Setting next_dagrun for example_bash_operator to 2025-03-26 00:00:00+00:00, run_after=2025-03-27 00:00:00+00:00
[2025-03-27T16:35:10.508+0000] {processor.py:183} INFO - Processing /home/airflow/.local/lib/python3.8/site-packages/airflow/example_dags/example_bash_operator.py took 0.086 seconds
[2025-03-27T16:35:41.430+0000] {processor.py:161} INFO - Started process (PID=4516) to work on /home/airflow/.local/lib/python3.8/site-packages/airflow/example_dags/example_bash_operator.py
[2025-03-27T16:35:41.431+0000] {processor.py:830} INFO - Processing file /home/airflow/.local/lib/python3.8/site-packages/airflow/example_dags/example_bash_operator.py for tasks to queue
[2025-03-27T16:35:41.432+0000] {logging_mixin.py:188} INFO - [2025-03-27T16:35:41.432+0000] {dagbag.py:538} INFO - Filling up the DagBag from /home/airflow/.local/lib/python3.8/site-packages/airflow/example_dags/example_bash_operator.py
[2025-03-27T16:35:41.442+0000] {processor.py:840} INFO - DAG(s) 'example_bash_operator' retrieved from /home/airflow/.local/lib/python3.8/site-packages/airflow/example_dags/example_bash_operator.py
[2025-03-27T16:35:41.470+0000] {logging_mixin.py:188} INFO - [2025-03-27T16:35:41.470+0000] {dag.py:3036} INFO - Sync 1 DAGs
[2025-03-27T16:35:41.491+0000] {logging_mixin.py:188} INFO - [2025-03-27T16:35:41.490+0000] {dag.py:3823} INFO - Setting next_dagrun for example_bash_operator to 2025-03-26 00:00:00+00:00, run_after=2025-03-27 00:00:00+00:00
[2025-03-27T16:35:41.507+0000] {processor.py:183} INFO - Processing /home/airflow/.local/lib/python3.8/site-packages/airflow/example_dags/example_bash_operator.py took 0.080 seconds
[2025-03-27T16:36:12.295+0000] {processor.py:161} INFO - Started process (PID=4763) to work on /home/airflow/.local/lib/python3.8/site-packages/airflow/example_dags/example_bash_operator.py
[2025-03-27T16:36:12.296+0000] {processor.py:830} INFO - Processing file /home/airflow/.local/lib/python3.8/site-packages/airflow/example_dags/example_bash_operator.py for tasks to queue
[2025-03-27T16:36:12.297+0000] {logging_mixin.py:188} INFO - [2025-03-27T16:36:12.296+0000] {dagbag.py:538} INFO - Filling up the DagBag from /home/airflow/.local/lib/python3.8/site-packages/airflow/example_dags/example_bash_operator.py
[2025-03-27T16:36:12.307+0000] {processor.py:840} INFO - DAG(s) 'example_bash_operator' retrieved from /home/airflow/.local/lib/python3.8/site-packages/airflow/example_dags/example_bash_operator.py
[2025-03-27T16:36:12.337+0000] {logging_mixin.py:188} INFO - [2025-03-27T16:36:12.336+0000] {dag.py:3036} INFO - Sync 1 DAGs
[2025-03-27T16:36:12.359+0000] {logging_mixin.py:188} INFO - [2025-03-27T16:36:12.358+0000] {dag.py:3823} INFO - Setting next_dagrun for example_bash_operator to 2025-03-26 00:00:00+00:00, run_after=2025-03-27 00:00:00+00:00
[2025-03-27T16:36:12.375+0000] {processor.py:183} INFO - Processing /home/airflow/.local/lib/python3.8/site-packages/airflow/example_dags/example_bash_operator.py took 0.083 seconds
[2025-03-27T16:36:42.765+0000] {processor.py:161} INFO - Started process (PID=5010) to work on /home/airflow/.local/lib/python3.8/site-packages/airflow/example_dags/example_bash_operator.py
[2025-03-27T16:36:42.766+0000] {processor.py:830} INFO - Processing file /home/airflow/.local/lib/python3.8/site-packages/airflow/example_dags/example_bash_operator.py for tasks to queue
[2025-03-27T16:36:42.767+0000] {logging_mixin.py:188} INFO - [2025-03-27T16:36:42.767+0000] {dagbag.py:538} INFO - Filling up the DagBag from /home/airflow/.local/lib/python3.8/site-packages/airflow/example_dags/example_bash_operator.py
[2025-03-27T16:36:42.777+0000] {processor.py:840} INFO - DAG(s) 'example_bash_operator' retrieved from /home/airflow/.local/lib/python3.8/site-packages/airflow/example_dags/example_bash_operator.py
[2025-03-27T16:36:42.805+0000] {logging_mixin.py:188} INFO - [2025-03-27T16:36:42.805+0000] {dag.py:3036} INFO - Sync 1 DAGs
[2025-03-27T16:36:42.826+0000] {logging_mixin.py:188} INFO - [2025-03-27T16:36:42.826+0000] {dag.py:3823} INFO - Setting next_dagrun for example_bash_operator to 2025-03-26 00:00:00+00:00, run_after=2025-03-27 00:00:00+00:00
[2025-03-27T16:36:42.842+0000] {processor.py:183} INFO - Processing /home/airflow/.local/lib/python3.8/site-packages/airflow/example_dags/example_bash_operator.py took 0.079 seconds
[2025-03-27T16:37:13.519+0000] {processor.py:161} INFO - Started process (PID=5262) to work on /home/airflow/.local/lib/python3.8/site-packages/airflow/example_dags/example_bash_operator.py
[2025-03-27T16:37:13.519+0000] {processor.py:830} INFO - Processing file /home/airflow/.local/lib/python3.8/site-packages/airflow/example_dags/example_bash_operator.py for tasks to queue
[2025-03-27T16:37:13.520+0000] {logging_mixin.py:188} INFO - [2025-03-27T16:37:13.520+0000] {dagbag.py:538} INFO - Filling up the DagBag from /home/airflow/.local/lib/python3.8/site-packages/airflow/example_dags/example_bash_operator.py
[2025-03-27T16:37:13.530+0000] {processor.py:840} INFO - DAG(s) 'example_bash_operator' retrieved from /home/airflow/.local/lib/python3.8/site-packages/airflow/example_dags/example_bash_operator.py
[2025-03-27T16:37:13.559+0000] {logging_mixin.py:188} INFO - [2025-03-27T16:37:13.559+0000] {dag.py:3036} INFO - Sync 1 DAGs
[2025-03-27T16:37:13.581+0000] {logging_mixin.py:188} INFO - [2025-03-27T16:37:13.581+0000] {dag.py:3823} INFO - Setting next_dagrun for example_bash_operator to 2025-03-26 00:00:00+00:00, run_after=2025-03-27 00:00:00+00:00
[2025-03-27T16:37:13.597+0000] {processor.py:183} INFO - Processing /home/airflow/.local/lib/python3.8/site-packages/airflow/example_dags/example_bash_operator.py took 0.081 seconds
[2025-03-27T16:37:43.645+0000] {processor.py:161} INFO - Started process (PID=5514) to work on /home/airflow/.local/lib/python3.8/site-packages/airflow/example_dags/example_bash_operator.py
[2025-03-27T16:37:43.645+0000] {processor.py:830} INFO - Processing file /home/airflow/.local/lib/python3.8/site-packages/airflow/example_dags/example_bash_operator.py for tasks to queue
[2025-03-27T16:37:43.646+0000] {logging_mixin.py:188} INFO - [2025-03-27T16:37:43.646+0000] {dagbag.py:538} INFO - Filling up the DagBag from /home/airflow/.local/lib/python3.8/site-packages/airflow/example_dags/example_bash_operator.py
[2025-03-27T16:37:43.656+0000] {processor.py:840} INFO - DAG(s) 'example_bash_operator' retrieved from /home/airflow/.local/lib/python3.8/site-packages/airflow/example_dags/example_bash_operator.py
[2025-03-27T16:37:43.684+0000] {logging_mixin.py:188} INFO - [2025-03-27T16:37:43.683+0000] {dag.py:3036} INFO - Sync 1 DAGs
[2025-03-27T16:37:43.705+0000] {logging_mixin.py:188} INFO - [2025-03-27T16:37:43.705+0000] {dag.py:3823} INFO - Setting next_dagrun for example_bash_operator to 2025-03-26 00:00:00+00:00, run_after=2025-03-27 00:00:00+00:00
[2025-03-27T16:37:43.722+0000] {processor.py:183} INFO - Processing /home/airflow/.local/lib/python3.8/site-packages/airflow/example_dags/example_bash_operator.py took 0.081 seconds
[2025-03-27T16:38:13.771+0000] {processor.py:161} INFO - Started process (PID=5766) to work on /home/airflow/.local/lib/python3.8/site-packages/airflow/example_dags/example_bash_operator.py
[2025-03-27T16:38:13.772+0000] {processor.py:830} INFO - Processing file /home/airflow/.local/lib/python3.8/site-packages/airflow/example_dags/example_bash_operator.py for tasks to queue
[2025-03-27T16:38:13.773+0000] {logging_mixin.py:188} INFO - [2025-03-27T16:38:13.773+0000] {dagbag.py:538} INFO - Filling up the DagBag from /home/airflow/.local/lib/python3.8/site-packages/airflow/example_dags/example_bash_operator.py
[2025-03-27T16:38:13.783+0000] {processor.py:840} INFO - DAG(s) 'example_bash_operator' retrieved from /home/airflow/.local/lib/python3.8/site-packages/airflow/example_dags/example_bash_operator.py
[2025-03-27T16:38:13.811+0000] {logging_mixin.py:188} INFO - [2025-03-27T16:38:13.811+0000] {dag.py:3036} INFO - Sync 1 DAGs
[2025-03-27T16:38:13.832+0000] {logging_mixin.py:188} INFO - [2025-03-27T16:38:13.832+0000] {dag.py:3823} INFO - Setting next_dagrun for example_bash_operator to 2025-03-26 00:00:00+00:00, run_after=2025-03-27 00:00:00+00:00
[2025-03-27T16:38:13.847+0000] {processor.py:183} INFO - Processing /home/airflow/.local/lib/python3.8/site-packages/airflow/example_dags/example_bash_operator.py took 0.079 seconds
[2025-03-27T16:38:44.360+0000] {processor.py:161} INFO - Started process (PID=6018) to work on /home/airflow/.local/lib/python3.8/site-packages/airflow/example_dags/example_bash_operator.py
[2025-03-27T16:38:44.361+0000] {processor.py:830} INFO - Processing file /home/airflow/.local/lib/python3.8/site-packages/airflow/example_dags/example_bash_operator.py for tasks to queue
[2025-03-27T16:38:44.363+0000] {logging_mixin.py:188} INFO - [2025-03-27T16:38:44.362+0000] {dagbag.py:538} INFO - Filling up the DagBag from /home/airflow/.local/lib/python3.8/site-packages/airflow/example_dags/example_bash_operator.py
[2025-03-27T16:38:44.376+0000] {processor.py:840} INFO - DAG(s) 'example_bash_operator' retrieved from /home/airflow/.local/lib/python3.8/site-packages/airflow/example_dags/example_bash_operator.py
[2025-03-27T16:38:44.410+0000] {logging_mixin.py:188} INFO - [2025-03-27T16:38:44.409+0000] {dag.py:3036} INFO - Sync 1 DAGs
[2025-03-27T16:38:44.434+0000] {logging_mixin.py:188} INFO - [2025-03-27T16:38:44.433+0000] {dag.py:3823} INFO - Setting next_dagrun for example_bash_operator to 2025-03-26 00:00:00+00:00, run_after=2025-03-27 00:00:00+00:00
[2025-03-27T16:38:44.454+0000] {processor.py:183} INFO - Processing /home/airflow/.local/lib/python3.8/site-packages/airflow/example_dags/example_bash_operator.py took 0.098 seconds
[2025-03-27T16:39:15.283+0000] {processor.py:161} INFO - Started process (PID=6290) to work on /home/airflow/.local/lib/python3.8/site-packages/airflow/example_dags/example_bash_operator.py
[2025-03-27T16:39:15.284+0000] {processor.py:830} INFO - Processing file /home/airflow/.local/lib/python3.8/site-packages/airflow/example_dags/example_bash_operator.py for tasks to queue
[2025-03-27T16:39:15.285+0000] {logging_mixin.py:188} INFO - [2025-03-27T16:39:15.285+0000] {dagbag.py:538} INFO - Filling up the DagBag from /home/airflow/.local/lib/python3.8/site-packages/airflow/example_dags/example_bash_operator.py
[2025-03-27T16:39:15.296+0000] {processor.py:840} INFO - DAG(s) 'example_bash_operator' retrieved from /home/airflow/.local/lib/python3.8/site-packages/airflow/example_dags/example_bash_operator.py
[2025-03-27T16:39:15.324+0000] {logging_mixin.py:188} INFO - [2025-03-27T16:39:15.324+0000] {dag.py:3036} INFO - Sync 1 DAGs
[2025-03-27T16:39:15.346+0000] {logging_mixin.py:188} INFO - [2025-03-27T16:39:15.346+0000] {dag.py:3823} INFO - Setting next_dagrun for example_bash_operator to 2025-03-26 00:00:00+00:00, run_after=2025-03-27 00:00:00+00:00
[2025-03-27T16:39:15.363+0000] {processor.py:183} INFO - Processing /home/airflow/.local/lib/python3.8/site-packages/airflow/example_dags/example_bash_operator.py took 0.083 seconds
[2025-03-27T16:39:45.717+0000] {processor.py:161} INFO - Started process (PID=6549) to work on /home/airflow/.local/lib/python3.8/site-packages/airflow/example_dags/example_bash_operator.py
[2025-03-27T16:39:45.718+0000] {processor.py:830} INFO - Processing file /home/airflow/.local/lib/python3.8/site-packages/airflow/example_dags/example_bash_operator.py for tasks to queue
[2025-03-27T16:39:45.719+0000] {logging_mixin.py:188} INFO - [2025-03-27T16:39:45.719+0000] {dagbag.py:538} INFO - Filling up the DagBag from /home/airflow/.local/lib/python3.8/site-packages/airflow/example_dags/example_bash_operator.py
[2025-03-27T16:39:45.730+0000] {processor.py:840} INFO - DAG(s) 'example_bash_operator' retrieved from /home/airflow/.local/lib/python3.8/site-packages/airflow/example_dags/example_bash_operator.py
[2025-03-27T16:39:45.761+0000] {logging_mixin.py:188} INFO - [2025-03-27T16:39:45.761+0000] {dag.py:3036} INFO - Sync 1 DAGs
[2025-03-27T16:39:45.783+0000] {logging_mixin.py:188} INFO - [2025-03-27T16:39:45.782+0000] {dag.py:3823} INFO - Setting next_dagrun for example_bash_operator to 2025-03-26 00:00:00+00:00, run_after=2025-03-27 00:00:00+00:00
[2025-03-27T16:39:45.798+0000] {processor.py:183} INFO - Processing /home/airflow/.local/lib/python3.8/site-packages/airflow/example_dags/example_bash_operator.py took 0.084 seconds
[2025-03-27T16:40:15.954+0000] {processor.py:161} INFO - Started process (PID=6799) to work on /home/airflow/.local/lib/python3.8/site-packages/airflow/example_dags/example_bash_operator.py
[2025-03-27T16:40:15.955+0000] {processor.py:830} INFO - Processing file /home/airflow/.local/lib/python3.8/site-packages/airflow/example_dags/example_bash_operator.py for tasks to queue
[2025-03-27T16:40:15.956+0000] {logging_mixin.py:188} INFO - [2025-03-27T16:40:15.956+0000] {dagbag.py:538} INFO - Filling up the DagBag from /home/airflow/.local/lib/python3.8/site-packages/airflow/example_dags/example_bash_operator.py
[2025-03-27T16:40:15.973+0000] {processor.py:840} INFO - DAG(s) 'example_bash_operator' retrieved from /home/airflow/.local/lib/python3.8/site-packages/airflow/example_dags/example_bash_operator.py
[2025-03-27T16:40:16.019+0000] {logging_mixin.py:188} INFO - [2025-03-27T16:40:16.018+0000] {dag.py:3036} INFO - Sync 1 DAGs
[2025-03-27T16:40:16.049+0000] {logging_mixin.py:188} INFO - [2025-03-27T16:40:16.049+0000] {dag.py:3823} INFO - Setting next_dagrun for example_bash_operator to 2025-03-26 00:00:00+00:00, run_after=2025-03-27 00:00:00+00:00
[2025-03-27T16:40:16.080+0000] {processor.py:183} INFO - Processing /home/airflow/.local/lib/python3.8/site-packages/airflow/example_dags/example_bash_operator.py took 0.129 seconds
[2025-03-27T16:40:47.033+0000] {processor.py:161} INFO - Started process (PID=7051) to work on /home/airflow/.local/lib/python3.8/site-packages/airflow/example_dags/example_bash_operator.py
[2025-03-27T16:40:47.034+0000] {processor.py:830} INFO - Processing file /home/airflow/.local/lib/python3.8/site-packages/airflow/example_dags/example_bash_operator.py for tasks to queue
[2025-03-27T16:40:47.035+0000] {logging_mixin.py:188} INFO - [2025-03-27T16:40:47.035+0000] {dagbag.py:538} INFO - Filling up the DagBag from /home/airflow/.local/lib/python3.8/site-packages/airflow/example_dags/example_bash_operator.py
[2025-03-27T16:40:47.045+0000] {processor.py:840} INFO - DAG(s) 'example_bash_operator' retrieved from /home/airflow/.local/lib/python3.8/site-packages/airflow/example_dags/example_bash_operator.py
[2025-03-27T16:40:47.074+0000] {logging_mixin.py:188} INFO - [2025-03-27T16:40:47.073+0000] {dag.py:3036} INFO - Sync 1 DAGs
[2025-03-27T16:40:47.096+0000] {logging_mixin.py:188} INFO - [2025-03-27T16:40:47.096+0000] {dag.py:3823} INFO - Setting next_dagrun for example_bash_operator to 2025-03-26 00:00:00+00:00, run_after=2025-03-27 00:00:00+00:00
[2025-03-27T16:40:47.114+0000] {processor.py:183} INFO - Processing /home/airflow/.local/lib/python3.8/site-packages/airflow/example_dags/example_bash_operator.py took 0.083 seconds
[2025-03-27T16:41:17.231+0000] {processor.py:161} INFO - Started process (PID=7313) to work on /home/airflow/.local/lib/python3.8/site-packages/airflow/example_dags/example_bash_operator.py
[2025-03-27T16:41:17.232+0000] {processor.py:830} INFO - Processing file /home/airflow/.local/lib/python3.8/site-packages/airflow/example_dags/example_bash_operator.py for tasks to queue
[2025-03-27T16:41:17.233+0000] {logging_mixin.py:188} INFO - [2025-03-27T16:41:17.233+0000] {dagbag.py:538} INFO - Filling up the DagBag from /home/airflow/.local/lib/python3.8/site-packages/airflow/example_dags/example_bash_operator.py
[2025-03-27T16:41:17.244+0000] {processor.py:840} INFO - DAG(s) 'example_bash_operator' retrieved from /home/airflow/.local/lib/python3.8/site-packages/airflow/example_dags/example_bash_operator.py
[2025-03-27T16:41:17.273+0000] {logging_mixin.py:188} INFO - [2025-03-27T16:41:17.272+0000] {dag.py:3036} INFO - Sync 1 DAGs
[2025-03-27T16:41:17.294+0000] {logging_mixin.py:188} INFO - [2025-03-27T16:41:17.294+0000] {dag.py:3823} INFO - Setting next_dagrun for example_bash_operator to 2025-03-26 00:00:00+00:00, run_after=2025-03-27 00:00:00+00:00
[2025-03-27T16:41:17.313+0000] {processor.py:183} INFO - Processing /home/airflow/.local/lib/python3.8/site-packages/airflow/example_dags/example_bash_operator.py took 0.084 seconds
[2025-03-27T16:41:47.667+0000] {processor.py:161} INFO - Started process (PID=7570) to work on /home/airflow/.local/lib/python3.8/site-packages/airflow/example_dags/example_bash_operator.py
[2025-03-27T16:41:47.668+0000] {processor.py:830} INFO - Processing file /home/airflow/.local/lib/python3.8/site-packages/airflow/example_dags/example_bash_operator.py for tasks to queue
[2025-03-27T16:41:47.669+0000] {logging_mixin.py:188} INFO - [2025-03-27T16:41:47.668+0000] {dagbag.py:538} INFO - Filling up the DagBag from /home/airflow/.local/lib/python3.8/site-packages/airflow/example_dags/example_bash_operator.py
[2025-03-27T16:41:47.681+0000] {processor.py:840} INFO - DAG(s) 'example_bash_operator' retrieved from /home/airflow/.local/lib/python3.8/site-packages/airflow/example_dags/example_bash_operator.py
[2025-03-27T16:41:47.716+0000] {logging_mixin.py:188} INFO - [2025-03-27T16:41:47.716+0000] {dag.py:3036} INFO - Sync 1 DAGs
[2025-03-27T16:41:47.743+0000] {logging_mixin.py:188} INFO - [2025-03-27T16:41:47.743+0000] {dag.py:3823} INFO - Setting next_dagrun for example_bash_operator to 2025-03-26 00:00:00+00:00, run_after=2025-03-27 00:00:00+00:00
[2025-03-27T16:41:47.764+0000] {processor.py:183} INFO - Processing /home/airflow/.local/lib/python3.8/site-packages/airflow/example_dags/example_bash_operator.py took 0.101 seconds
[2025-03-27T16:42:18.626+0000] {processor.py:161} INFO - Started process (PID=7822) to work on /home/airflow/.local/lib/python3.8/site-packages/airflow/example_dags/example_bash_operator.py
[2025-03-27T16:42:18.627+0000] {processor.py:830} INFO - Processing file /home/airflow/.local/lib/python3.8/site-packages/airflow/example_dags/example_bash_operator.py for tasks to queue
[2025-03-27T16:42:18.627+0000] {logging_mixin.py:188} INFO - [2025-03-27T16:42:18.627+0000] {dagbag.py:538} INFO - Filling up the DagBag from /home/airflow/.local/lib/python3.8/site-packages/airflow/example_dags/example_bash_operator.py
[2025-03-27T16:42:18.637+0000] {processor.py:840} INFO - DAG(s) 'example_bash_operator' retrieved from /home/airflow/.local/lib/python3.8/site-packages/airflow/example_dags/example_bash_operator.py
[2025-03-27T16:42:18.665+0000] {logging_mixin.py:188} INFO - [2025-03-27T16:42:18.665+0000] {dag.py:3036} INFO - Sync 1 DAGs
[2025-03-27T16:42:18.688+0000] {logging_mixin.py:188} INFO - [2025-03-27T16:42:18.688+0000] {dag.py:3823} INFO - Setting next_dagrun for example_bash_operator to 2025-03-26 00:00:00+00:00, run_after=2025-03-27 00:00:00+00:00
[2025-03-27T16:42:18.705+0000] {processor.py:183} INFO - Processing /home/airflow/.local/lib/python3.8/site-packages/airflow/example_dags/example_bash_operator.py took 0.082 seconds
[2025-03-27T16:42:48.903+0000] {processor.py:161} INFO - Started process (PID=8069) to work on /home/airflow/.local/lib/python3.8/site-packages/airflow/example_dags/example_bash_operator.py
[2025-03-27T16:42:48.904+0000] {processor.py:830} INFO - Processing file /home/airflow/.local/lib/python3.8/site-packages/airflow/example_dags/example_bash_operator.py for tasks to queue
[2025-03-27T16:42:48.905+0000] {logging_mixin.py:188} INFO - [2025-03-27T16:42:48.905+0000] {dagbag.py:538} INFO - Filling up the DagBag from /home/airflow/.local/lib/python3.8/site-packages/airflow/example_dags/example_bash_operator.py
[2025-03-27T16:42:48.917+0000] {processor.py:840} INFO - DAG(s) 'example_bash_operator' retrieved from /home/airflow/.local/lib/python3.8/site-packages/airflow/example_dags/example_bash_operator.py
[2025-03-27T16:42:48.949+0000] {logging_mixin.py:188} INFO - [2025-03-27T16:42:48.949+0000] {dag.py:3036} INFO - Sync 1 DAGs
[2025-03-27T16:42:48.977+0000] {logging_mixin.py:188} INFO - [2025-03-27T16:42:48.977+0000] {dag.py:3823} INFO - Setting next_dagrun for example_bash_operator to 2025-03-26 00:00:00+00:00, run_after=2025-03-27 00:00:00+00:00
[2025-03-27T16:42:49.003+0000] {processor.py:183} INFO - Processing /home/airflow/.local/lib/python3.8/site-packages/airflow/example_dags/example_bash_operator.py took 0.103 seconds
[2025-03-27T16:43:19.222+0000] {processor.py:161} INFO - Started process (PID=8337) to work on /home/airflow/.local/lib/python3.8/site-packages/airflow/example_dags/example_bash_operator.py
[2025-03-27T16:43:19.224+0000] {processor.py:830} INFO - Processing file /home/airflow/.local/lib/python3.8/site-packages/airflow/example_dags/example_bash_operator.py for tasks to queue
[2025-03-27T16:43:19.226+0000] {logging_mixin.py:188} INFO - [2025-03-27T16:43:19.225+0000] {dagbag.py:538} INFO - Filling up the DagBag from /home/airflow/.local/lib/python3.8/site-packages/airflow/example_dags/example_bash_operator.py
[2025-03-27T16:43:19.248+0000] {processor.py:840} INFO - DAG(s) 'example_bash_operator' retrieved from /home/airflow/.local/lib/python3.8/site-packages/airflow/example_dags/example_bash_operator.py
[2025-03-27T16:43:19.297+0000] {logging_mixin.py:188} INFO - [2025-03-27T16:43:19.297+0000] {dag.py:3036} INFO - Sync 1 DAGs
[2025-03-27T16:43:19.338+0000] {logging_mixin.py:188} INFO - [2025-03-27T16:43:19.338+0000] {dag.py:3823} INFO - Setting next_dagrun for example_bash_operator to 2025-03-26 00:00:00+00:00, run_after=2025-03-27 00:00:00+00:00
[2025-03-27T16:43:19.372+0000] {processor.py:183} INFO - Processing /home/airflow/.local/lib/python3.8/site-packages/airflow/example_dags/example_bash_operator.py took 0.158 seconds
[2025-03-27T16:43:49.458+0000] {processor.py:161} INFO - Started process (PID=8644) to work on /home/airflow/.local/lib/python3.8/site-packages/airflow/example_dags/example_bash_operator.py
[2025-03-27T16:43:49.459+0000] {processor.py:830} INFO - Processing file /home/airflow/.local/lib/python3.8/site-packages/airflow/example_dags/example_bash_operator.py for tasks to queue
[2025-03-27T16:43:49.461+0000] {logging_mixin.py:188} INFO - [2025-03-27T16:43:49.460+0000] {dagbag.py:538} INFO - Filling up the DagBag from /home/airflow/.local/lib/python3.8/site-packages/airflow/example_dags/example_bash_operator.py
[2025-03-27T16:43:49.475+0000] {processor.py:840} INFO - DAG(s) 'example_bash_operator' retrieved from /home/airflow/.local/lib/python3.8/site-packages/airflow/example_dags/example_bash_operator.py
[2025-03-27T16:43:49.509+0000] {logging_mixin.py:188} INFO - [2025-03-27T16:43:49.508+0000] {dag.py:3036} INFO - Sync 1 DAGs
[2025-03-27T16:43:49.534+0000] {logging_mixin.py:188} INFO - [2025-03-27T16:43:49.534+0000] {dag.py:3823} INFO - Setting next_dagrun for example_bash_operator to 2025-03-26 00:00:00+00:00, run_after=2025-03-27 00:00:00+00:00
[2025-03-27T16:43:49.554+0000] {processor.py:183} INFO - Processing /home/airflow/.local/lib/python3.8/site-packages/airflow/example_dags/example_bash_operator.py took 0.100 seconds
[2025-03-27T16:44:19.807+0000] {processor.py:161} INFO - Started process (PID=8916) to work on /home/airflow/.local/lib/python3.8/site-packages/airflow/example_dags/example_bash_operator.py
[2025-03-27T16:44:19.809+0000] {processor.py:830} INFO - Processing file /home/airflow/.local/lib/python3.8/site-packages/airflow/example_dags/example_bash_operator.py for tasks to queue
[2025-03-27T16:44:19.810+0000] {logging_mixin.py:188} INFO - [2025-03-27T16:44:19.810+0000] {dagbag.py:538} INFO - Filling up the DagBag from /home/airflow/.local/lib/python3.8/site-packages/airflow/example_dags/example_bash_operator.py
[2025-03-27T16:44:19.823+0000] {processor.py:840} INFO - DAG(s) 'example_bash_operator' retrieved from /home/airflow/.local/lib/python3.8/site-packages/airflow/example_dags/example_bash_operator.py
[2025-03-27T16:44:19.857+0000] {logging_mixin.py:188} INFO - [2025-03-27T16:44:19.856+0000] {dag.py:3036} INFO - Sync 1 DAGs
[2025-03-27T16:44:19.885+0000] {logging_mixin.py:188} INFO - [2025-03-27T16:44:19.885+0000] {dag.py:3823} INFO - Setting next_dagrun for example_bash_operator to 2025-03-26 00:00:00+00:00, run_after=2025-03-27 00:00:00+00:00
[2025-03-27T16:44:19.979+0000] {processor.py:183} INFO - Processing /home/airflow/.local/lib/python3.8/site-packages/airflow/example_dags/example_bash_operator.py took 0.174 seconds
[2025-03-27T16:44:50.028+0000] {processor.py:161} INFO - Started process (PID=9168) to work on /home/airflow/.local/lib/python3.8/site-packages/airflow/example_dags/example_bash_operator.py
[2025-03-27T16:44:50.029+0000] {processor.py:830} INFO - Processing file /home/airflow/.local/lib/python3.8/site-packages/airflow/example_dags/example_bash_operator.py for tasks to queue
[2025-03-27T16:44:50.030+0000] {logging_mixin.py:188} INFO - [2025-03-27T16:44:50.030+0000] {dagbag.py:538} INFO - Filling up the DagBag from /home/airflow/.local/lib/python3.8/site-packages/airflow/example_dags/example_bash_operator.py
[2025-03-27T16:44:50.041+0000] {processor.py:840} INFO - DAG(s) 'example_bash_operator' retrieved from /home/airflow/.local/lib/python3.8/site-packages/airflow/example_dags/example_bash_operator.py
[2025-03-27T16:44:50.070+0000] {logging_mixin.py:188} INFO - [2025-03-27T16:44:50.070+0000] {dag.py:3036} INFO - Sync 1 DAGs
[2025-03-27T16:44:50.095+0000] {logging_mixin.py:188} INFO - [2025-03-27T16:44:50.095+0000] {dag.py:3823} INFO - Setting next_dagrun for example_bash_operator to 2025-03-26 00:00:00+00:00, run_after=2025-03-27 00:00:00+00:00
[2025-03-27T16:44:50.118+0000] {processor.py:183} INFO - Processing /home/airflow/.local/lib/python3.8/site-packages/airflow/example_dags/example_bash_operator.py took 0.094 seconds
[2025-03-27T16:45:21.043+0000] {processor.py:161} INFO - Started process (PID=9420) to work on /home/airflow/.local/lib/python3.8/site-packages/airflow/example_dags/example_bash_operator.py
[2025-03-27T16:45:21.044+0000] {processor.py:830} INFO - Processing file /home/airflow/.local/lib/python3.8/site-packages/airflow/example_dags/example_bash_operator.py for tasks to queue
[2025-03-27T16:45:21.045+0000] {logging_mixin.py:188} INFO - [2025-03-27T16:45:21.045+0000] {dagbag.py:538} INFO - Filling up the DagBag from /home/airflow/.local/lib/python3.8/site-packages/airflow/example_dags/example_bash_operator.py
[2025-03-27T16:45:21.056+0000] {processor.py:840} INFO - DAG(s) 'example_bash_operator' retrieved from /home/airflow/.local/lib/python3.8/site-packages/airflow/example_dags/example_bash_operator.py
[2025-03-27T16:45:21.086+0000] {logging_mixin.py:188} INFO - [2025-03-27T16:45:21.085+0000] {dag.py:3036} INFO - Sync 1 DAGs
[2025-03-27T16:45:21.108+0000] {logging_mixin.py:188} INFO - [2025-03-27T16:45:21.108+0000] {dag.py:3823} INFO - Setting next_dagrun for example_bash_operator to 2025-03-26 00:00:00+00:00, run_after=2025-03-27 00:00:00+00:00
[2025-03-27T16:45:21.128+0000] {processor.py:183} INFO - Processing /home/airflow/.local/lib/python3.8/site-packages/airflow/example_dags/example_bash_operator.py took 0.088 seconds
[2025-03-27T16:45:51.389+0000] {processor.py:161} INFO - Started process (PID=10009) to work on /home/airflow/.local/lib/python3.8/site-packages/airflow/example_dags/example_bash_operator.py
[2025-03-27T16:45:51.397+0000] {processor.py:830} INFO - Processing file /home/airflow/.local/lib/python3.8/site-packages/airflow/example_dags/example_bash_operator.py for tasks to queue
[2025-03-27T16:45:51.401+0000] {logging_mixin.py:188} INFO - [2025-03-27T16:45:51.400+0000] {dagbag.py:538} INFO - Filling up the DagBag from /home/airflow/.local/lib/python3.8/site-packages/airflow/example_dags/example_bash_operator.py
[2025-03-27T16:45:51.472+0000] {processor.py:840} INFO - DAG(s) 'example_bash_operator' retrieved from /home/airflow/.local/lib/python3.8/site-packages/airflow/example_dags/example_bash_operator.py
[2025-03-27T16:45:51.588+0000] {logging_mixin.py:188} INFO - [2025-03-27T16:45:51.588+0000] {dag.py:3036} INFO - Sync 1 DAGs
[2025-03-27T16:45:51.692+0000] {logging_mixin.py:188} INFO - [2025-03-27T16:45:51.692+0000] {dag.py:3823} INFO - Setting next_dagrun for example_bash_operator to 2025-03-26 00:00:00+00:00, run_after=2025-03-27 00:00:00+00:00
[2025-03-27T16:45:51.809+0000] {processor.py:183} INFO - Processing /home/airflow/.local/lib/python3.8/site-packages/airflow/example_dags/example_bash_operator.py took 0.426 seconds
[2025-03-27T16:46:22.515+0000] {processor.py:161} INFO - Started process (PID=10678) to work on /home/airflow/.local/lib/python3.8/site-packages/airflow/example_dags/example_bash_operator.py
[2025-03-27T16:46:22.518+0000] {processor.py:830} INFO - Processing file /home/airflow/.local/lib/python3.8/site-packages/airflow/example_dags/example_bash_operator.py for tasks to queue
[2025-03-27T16:46:22.523+0000] {logging_mixin.py:188} INFO - [2025-03-27T16:46:22.522+0000] {dagbag.py:538} INFO - Filling up the DagBag from /home/airflow/.local/lib/python3.8/site-packages/airflow/example_dags/example_bash_operator.py
[2025-03-27T16:46:22.551+0000] {processor.py:840} INFO - DAG(s) 'example_bash_operator' retrieved from /home/airflow/.local/lib/python3.8/site-packages/airflow/example_dags/example_bash_operator.py
[2025-03-27T16:46:22.636+0000] {logging_mixin.py:188} INFO - [2025-03-27T16:46:22.635+0000] {dag.py:3036} INFO - Sync 1 DAGs
[2025-03-27T16:46:22.702+0000] {logging_mixin.py:188} INFO - [2025-03-27T16:46:22.702+0000] {dag.py:3823} INFO - Setting next_dagrun for example_bash_operator to 2025-03-26 00:00:00+00:00, run_after=2025-03-27 00:00:00+00:00
[2025-03-27T16:46:22.755+0000] {processor.py:183} INFO - Processing /home/airflow/.local/lib/python3.8/site-packages/airflow/example_dags/example_bash_operator.py took 0.247 seconds
[2025-03-27T16:46:53.583+0000] {processor.py:161} INFO - Started process (PID=11354) to work on /home/airflow/.local/lib/python3.8/site-packages/airflow/example_dags/example_bash_operator.py
[2025-03-27T16:46:53.583+0000] {processor.py:830} INFO - Processing file /home/airflow/.local/lib/python3.8/site-packages/airflow/example_dags/example_bash_operator.py for tasks to queue
[2025-03-27T16:46:53.584+0000] {logging_mixin.py:188} INFO - [2025-03-27T16:46:53.584+0000] {dagbag.py:538} INFO - Filling up the DagBag from /home/airflow/.local/lib/python3.8/site-packages/airflow/example_dags/example_bash_operator.py
[2025-03-27T16:46:53.594+0000] {processor.py:840} INFO - DAG(s) 'example_bash_operator' retrieved from /home/airflow/.local/lib/python3.8/site-packages/airflow/example_dags/example_bash_operator.py
[2025-03-27T16:46:53.622+0000] {logging_mixin.py:188} INFO - [2025-03-27T16:46:53.621+0000] {dag.py:3036} INFO - Sync 1 DAGs
[2025-03-27T16:46:53.646+0000] {logging_mixin.py:188} INFO - [2025-03-27T16:46:53.645+0000] {dag.py:3823} INFO - Setting next_dagrun for example_bash_operator to 2025-03-26 00:00:00+00:00, run_after=2025-03-27 00:00:00+00:00
[2025-03-27T16:46:53.664+0000] {processor.py:183} INFO - Processing /home/airflow/.local/lib/python3.8/site-packages/airflow/example_dags/example_bash_operator.py took 0.084 seconds
[2025-03-27T16:47:23.997+0000] {processor.py:161} INFO - Started process (PID=12040) to work on /home/airflow/.local/lib/python3.8/site-packages/airflow/example_dags/example_bash_operator.py
[2025-03-27T16:47:23.999+0000] {processor.py:830} INFO - Processing file /home/airflow/.local/lib/python3.8/site-packages/airflow/example_dags/example_bash_operator.py for tasks to queue
[2025-03-27T16:47:24.002+0000] {logging_mixin.py:188} INFO - [2025-03-27T16:47:24.001+0000] {dagbag.py:538} INFO - Filling up the DagBag from /home/airflow/.local/lib/python3.8/site-packages/airflow/example_dags/example_bash_operator.py
[2025-03-27T16:47:24.051+0000] {processor.py:840} INFO - DAG(s) 'example_bash_operator' retrieved from /home/airflow/.local/lib/python3.8/site-packages/airflow/example_dags/example_bash_operator.py
[2025-03-27T16:47:24.135+0000] {logging_mixin.py:188} INFO - [2025-03-27T16:47:24.134+0000] {dag.py:3036} INFO - Sync 1 DAGs
[2025-03-27T16:47:24.208+0000] {logging_mixin.py:188} INFO - [2025-03-27T16:47:24.208+0000] {dag.py:3823} INFO - Setting next_dagrun for example_bash_operator to 2025-03-26 00:00:00+00:00, run_after=2025-03-27 00:00:00+00:00
[2025-03-27T16:47:24.247+0000] {processor.py:183} INFO - Processing /home/airflow/.local/lib/python3.8/site-packages/airflow/example_dags/example_bash_operator.py took 0.268 seconds
[2025-03-27T16:47:54.761+0000] {processor.py:161} INFO - Started process (PID=12739) to work on /home/airflow/.local/lib/python3.8/site-packages/airflow/example_dags/example_bash_operator.py
[2025-03-27T16:47:54.765+0000] {processor.py:830} INFO - Processing file /home/airflow/.local/lib/python3.8/site-packages/airflow/example_dags/example_bash_operator.py for tasks to queue
[2025-03-27T16:47:54.768+0000] {logging_mixin.py:188} INFO - [2025-03-27T16:47:54.767+0000] {dagbag.py:538} INFO - Filling up the DagBag from /home/airflow/.local/lib/python3.8/site-packages/airflow/example_dags/example_bash_operator.py
[2025-03-27T16:47:54.790+0000] {processor.py:840} INFO - DAG(s) 'example_bash_operator' retrieved from /home/airflow/.local/lib/python3.8/site-packages/airflow/example_dags/example_bash_operator.py
[2025-03-27T16:47:54.867+0000] {logging_mixin.py:188} INFO - [2025-03-27T16:47:54.866+0000] {dag.py:3036} INFO - Sync 1 DAGs
[2025-03-27T16:47:54.914+0000] {logging_mixin.py:188} INFO - [2025-03-27T16:47:54.913+0000] {dag.py:3823} INFO - Setting next_dagrun for example_bash_operator to 2025-03-26 00:00:00+00:00, run_after=2025-03-27 00:00:00+00:00
[2025-03-27T16:47:54.959+0000] {processor.py:183} INFO - Processing /home/airflow/.local/lib/python3.8/site-packages/airflow/example_dags/example_bash_operator.py took 0.206 seconds
[2025-03-27T16:48:25.061+0000] {processor.py:161} INFO - Started process (PID=13439) to work on /home/airflow/.local/lib/python3.8/site-packages/airflow/example_dags/example_bash_operator.py
[2025-03-27T16:48:25.062+0000] {processor.py:830} INFO - Processing file /home/airflow/.local/lib/python3.8/site-packages/airflow/example_dags/example_bash_operator.py for tasks to queue
[2025-03-27T16:48:25.064+0000] {logging_mixin.py:188} INFO - [2025-03-27T16:48:25.063+0000] {dagbag.py:538} INFO - Filling up the DagBag from /home/airflow/.local/lib/python3.8/site-packages/airflow/example_dags/example_bash_operator.py
[2025-03-27T16:48:25.077+0000] {processor.py:840} INFO - DAG(s) 'example_bash_operator' retrieved from /home/airflow/.local/lib/python3.8/site-packages/airflow/example_dags/example_bash_operator.py
[2025-03-27T16:48:25.110+0000] {logging_mixin.py:188} INFO - [2025-03-27T16:48:25.109+0000] {dag.py:3036} INFO - Sync 1 DAGs
[2025-03-27T16:48:25.135+0000] {logging_mixin.py:188} INFO - [2025-03-27T16:48:25.135+0000] {dag.py:3823} INFO - Setting next_dagrun for example_bash_operator to 2025-03-26 00:00:00+00:00, run_after=2025-03-27 00:00:00+00:00
[2025-03-27T16:48:25.162+0000] {processor.py:183} INFO - Processing /home/airflow/.local/lib/python3.8/site-packages/airflow/example_dags/example_bash_operator.py took 0.106 seconds
[2025-03-27T16:48:55.663+0000] {processor.py:161} INFO - Started process (PID=14089) to work on /home/airflow/.local/lib/python3.8/site-packages/airflow/example_dags/example_bash_operator.py
[2025-03-27T16:48:55.664+0000] {processor.py:830} INFO - Processing file /home/airflow/.local/lib/python3.8/site-packages/airflow/example_dags/example_bash_operator.py for tasks to queue
[2025-03-27T16:48:55.665+0000] {logging_mixin.py:188} INFO - [2025-03-27T16:48:55.665+0000] {dagbag.py:538} INFO - Filling up the DagBag from /home/airflow/.local/lib/python3.8/site-packages/airflow/example_dags/example_bash_operator.py
[2025-03-27T16:48:55.680+0000] {processor.py:840} INFO - DAG(s) 'example_bash_operator' retrieved from /home/airflow/.local/lib/python3.8/site-packages/airflow/example_dags/example_bash_operator.py
[2025-03-27T16:48:55.711+0000] {logging_mixin.py:188} INFO - [2025-03-27T16:48:55.711+0000] {dag.py:3036} INFO - Sync 1 DAGs
[2025-03-27T16:48:55.738+0000] {logging_mixin.py:188} INFO - [2025-03-27T16:48:55.738+0000] {dag.py:3823} INFO - Setting next_dagrun for example_bash_operator to 2025-03-26 00:00:00+00:00, run_after=2025-03-27 00:00:00+00:00
[2025-03-27T16:48:55.764+0000] {processor.py:183} INFO - Processing /home/airflow/.local/lib/python3.8/site-packages/airflow/example_dags/example_bash_operator.py took 0.104 seconds
[2025-03-27T16:49:26.235+0000] {processor.py:161} INFO - Started process (PID=14788) to work on /home/airflow/.local/lib/python3.8/site-packages/airflow/example_dags/example_bash_operator.py
[2025-03-27T16:49:26.237+0000] {processor.py:830} INFO - Processing file /home/airflow/.local/lib/python3.8/site-packages/airflow/example_dags/example_bash_operator.py for tasks to queue
[2025-03-27T16:49:26.249+0000] {logging_mixin.py:188} INFO - [2025-03-27T16:49:26.249+0000] {dagbag.py:538} INFO - Filling up the DagBag from /home/airflow/.local/lib/python3.8/site-packages/airflow/example_dags/example_bash_operator.py
[2025-03-27T16:49:26.292+0000] {processor.py:840} INFO - DAG(s) 'example_bash_operator' retrieved from /home/airflow/.local/lib/python3.8/site-packages/airflow/example_dags/example_bash_operator.py
[2025-03-27T16:49:26.370+0000] {logging_mixin.py:188} INFO - [2025-03-27T16:49:26.370+0000] {dag.py:3036} INFO - Sync 1 DAGs
[2025-03-27T16:49:26.423+0000] {logging_mixin.py:188} INFO - [2025-03-27T16:49:26.423+0000] {dag.py:3823} INFO - Setting next_dagrun for example_bash_operator to 2025-03-26 00:00:00+00:00, run_after=2025-03-27 00:00:00+00:00
[2025-03-27T16:49:26.491+0000] {processor.py:183} INFO - Processing /home/airflow/.local/lib/python3.8/site-packages/airflow/example_dags/example_bash_operator.py took 0.262 seconds
[2025-03-27T16:49:57.527+0000] {processor.py:161} INFO - Started process (PID=15524) to work on /home/airflow/.local/lib/python3.8/site-packages/airflow/example_dags/example_bash_operator.py
[2025-03-27T16:49:57.531+0000] {processor.py:830} INFO - Processing file /home/airflow/.local/lib/python3.8/site-packages/airflow/example_dags/example_bash_operator.py for tasks to queue
[2025-03-27T16:49:57.533+0000] {logging_mixin.py:188} INFO - [2025-03-27T16:49:57.533+0000] {dagbag.py:538} INFO - Filling up the DagBag from /home/airflow/.local/lib/python3.8/site-packages/airflow/example_dags/example_bash_operator.py
[2025-03-27T16:49:57.560+0000] {processor.py:840} INFO - DAG(s) 'example_bash_operator' retrieved from /home/airflow/.local/lib/python3.8/site-packages/airflow/example_dags/example_bash_operator.py
[2025-03-27T16:49:57.645+0000] {logging_mixin.py:188} INFO - [2025-03-27T16:49:57.644+0000] {dag.py:3036} INFO - Sync 1 DAGs
[2025-03-27T16:49:57.693+0000] {logging_mixin.py:188} INFO - [2025-03-27T16:49:57.692+0000] {dag.py:3823} INFO - Setting next_dagrun for example_bash_operator to 2025-03-26 00:00:00+00:00, run_after=2025-03-27 00:00:00+00:00
[2025-03-27T16:49:57.733+0000] {processor.py:183} INFO - Processing /home/airflow/.local/lib/python3.8/site-packages/airflow/example_dags/example_bash_operator.py took 0.214 seconds
[2025-03-27T16:50:27.839+0000] {processor.py:161} INFO - Started process (PID=16190) to work on /home/airflow/.local/lib/python3.8/site-packages/airflow/example_dags/example_bash_operator.py
[2025-03-27T16:50:27.840+0000] {processor.py:830} INFO - Processing file /home/airflow/.local/lib/python3.8/site-packages/airflow/example_dags/example_bash_operator.py for tasks to queue
[2025-03-27T16:50:27.841+0000] {logging_mixin.py:188} INFO - [2025-03-27T16:50:27.841+0000] {dagbag.py:538} INFO - Filling up the DagBag from /home/airflow/.local/lib/python3.8/site-packages/airflow/example_dags/example_bash_operator.py
[2025-03-27T16:50:27.854+0000] {processor.py:840} INFO - DAG(s) 'example_bash_operator' retrieved from /home/airflow/.local/lib/python3.8/site-packages/airflow/example_dags/example_bash_operator.py
[2025-03-27T16:50:27.895+0000] {logging_mixin.py:188} INFO - [2025-03-27T16:50:27.895+0000] {dag.py:3036} INFO - Sync 1 DAGs
[2025-03-27T16:50:27.931+0000] {logging_mixin.py:188} INFO - [2025-03-27T16:50:27.930+0000] {dag.py:3823} INFO - Setting next_dagrun for example_bash_operator to 2025-03-26 00:00:00+00:00, run_after=2025-03-27 00:00:00+00:00
[2025-03-27T16:50:27.962+0000] {processor.py:183} INFO - Processing /home/airflow/.local/lib/python3.8/site-packages/airflow/example_dags/example_bash_operator.py took 0.126 seconds
[2025-03-27T16:50:59.033+0000] {processor.py:161} INFO - Started process (PID=16868) to work on /home/airflow/.local/lib/python3.8/site-packages/airflow/example_dags/example_bash_operator.py
[2025-03-27T16:50:59.044+0000] {processor.py:830} INFO - Processing file /home/airflow/.local/lib/python3.8/site-packages/airflow/example_dags/example_bash_operator.py for tasks to queue
[2025-03-27T16:50:59.046+0000] {logging_mixin.py:188} INFO - [2025-03-27T16:50:59.046+0000] {dagbag.py:538} INFO - Filling up the DagBag from /home/airflow/.local/lib/python3.8/site-packages/airflow/example_dags/example_bash_operator.py
[2025-03-27T16:50:59.088+0000] {processor.py:840} INFO - DAG(s) 'example_bash_operator' retrieved from /home/airflow/.local/lib/python3.8/site-packages/airflow/example_dags/example_bash_operator.py
[2025-03-27T16:50:59.152+0000] {logging_mixin.py:188} INFO - [2025-03-27T16:50:59.152+0000] {dag.py:3036} INFO - Sync 1 DAGs
[2025-03-27T16:50:59.198+0000] {logging_mixin.py:188} INFO - [2025-03-27T16:50:59.197+0000] {dag.py:3823} INFO - Setting next_dagrun for example_bash_operator to 2025-03-26 00:00:00+00:00, run_after=2025-03-27 00:00:00+00:00
[2025-03-27T16:50:59.235+0000] {processor.py:183} INFO - Processing /home/airflow/.local/lib/python3.8/site-packages/airflow/example_dags/example_bash_operator.py took 0.213 seconds
[2025-03-27T16:51:29.437+0000] {processor.py:161} INFO - Started process (PID=17550) to work on /home/airflow/.local/lib/python3.8/site-packages/airflow/example_dags/example_bash_operator.py
[2025-03-27T16:51:29.438+0000] {processor.py:830} INFO - Processing file /home/airflow/.local/lib/python3.8/site-packages/airflow/example_dags/example_bash_operator.py for tasks to queue
[2025-03-27T16:51:29.440+0000] {logging_mixin.py:188} INFO - [2025-03-27T16:51:29.440+0000] {dagbag.py:538} INFO - Filling up the DagBag from /home/airflow/.local/lib/python3.8/site-packages/airflow/example_dags/example_bash_operator.py
[2025-03-27T16:51:29.465+0000] {processor.py:840} INFO - DAG(s) 'example_bash_operator' retrieved from /home/airflow/.local/lib/python3.8/site-packages/airflow/example_dags/example_bash_operator.py
[2025-03-27T16:51:29.522+0000] {logging_mixin.py:188} INFO - [2025-03-27T16:51:29.522+0000] {dag.py:3036} INFO - Sync 1 DAGs
[2025-03-27T16:51:29.572+0000] {logging_mixin.py:188} INFO - [2025-03-27T16:51:29.571+0000] {dag.py:3823} INFO - Setting next_dagrun for example_bash_operator to 2025-03-26 00:00:00+00:00, run_after=2025-03-27 00:00:00+00:00
[2025-03-27T16:51:29.616+0000] {processor.py:183} INFO - Processing /home/airflow/.local/lib/python3.8/site-packages/airflow/example_dags/example_bash_operator.py took 0.185 seconds
[2025-03-27T16:52:00.263+0000] {processor.py:161} INFO - Started process (PID=17855) to work on /home/airflow/.local/lib/python3.8/site-packages/airflow/example_dags/example_bash_operator.py
[2025-03-27T16:52:00.264+0000] {processor.py:830} INFO - Processing file /home/airflow/.local/lib/python3.8/site-packages/airflow/example_dags/example_bash_operator.py for tasks to queue
[2025-03-27T16:52:00.265+0000] {logging_mixin.py:188} INFO - [2025-03-27T16:52:00.265+0000] {dagbag.py:538} INFO - Filling up the DagBag from /home/airflow/.local/lib/python3.8/site-packages/airflow/example_dags/example_bash_operator.py
[2025-03-27T16:52:00.276+0000] {processor.py:840} INFO - DAG(s) 'example_bash_operator' retrieved from /home/airflow/.local/lib/python3.8/site-packages/airflow/example_dags/example_bash_operator.py
[2025-03-27T16:52:00.305+0000] {logging_mixin.py:188} INFO - [2025-03-27T16:52:00.305+0000] {dag.py:3036} INFO - Sync 1 DAGs
[2025-03-27T16:52:00.328+0000] {logging_mixin.py:188} INFO - [2025-03-27T16:52:00.328+0000] {dag.py:3823} INFO - Setting next_dagrun for example_bash_operator to 2025-03-26 00:00:00+00:00, run_after=2025-03-27 00:00:00+00:00
[2025-03-27T16:52:00.346+0000] {processor.py:183} INFO - Processing /home/airflow/.local/lib/python3.8/site-packages/airflow/example_dags/example_bash_operator.py took 0.086 seconds
[2025-03-27T16:52:30.502+0000] {processor.py:161} INFO - Started process (PID=18107) to work on /home/airflow/.local/lib/python3.8/site-packages/airflow/example_dags/example_bash_operator.py
[2025-03-27T16:52:30.503+0000] {processor.py:830} INFO - Processing file /home/airflow/.local/lib/python3.8/site-packages/airflow/example_dags/example_bash_operator.py for tasks to queue
[2025-03-27T16:52:30.504+0000] {logging_mixin.py:188} INFO - [2025-03-27T16:52:30.504+0000] {dagbag.py:538} INFO - Filling up the DagBag from /home/airflow/.local/lib/python3.8/site-packages/airflow/example_dags/example_bash_operator.py
[2025-03-27T16:52:30.517+0000] {processor.py:840} INFO - DAG(s) 'example_bash_operator' retrieved from /home/airflow/.local/lib/python3.8/site-packages/airflow/example_dags/example_bash_operator.py
[2025-03-27T16:52:30.547+0000] {logging_mixin.py:188} INFO - [2025-03-27T16:52:30.546+0000] {dag.py:3036} INFO - Sync 1 DAGs
[2025-03-27T16:52:30.571+0000] {logging_mixin.py:188} INFO - [2025-03-27T16:52:30.571+0000] {dag.py:3823} INFO - Setting next_dagrun for example_bash_operator to 2025-03-26 00:00:00+00:00, run_after=2025-03-27 00:00:00+00:00
[2025-03-27T16:52:30.589+0000] {processor.py:183} INFO - Processing /home/airflow/.local/lib/python3.8/site-packages/airflow/example_dags/example_bash_operator.py took 0.089 seconds
[2025-03-27T16:53:01.029+0000] {processor.py:161} INFO - Started process (PID=18359) to work on /home/airflow/.local/lib/python3.8/site-packages/airflow/example_dags/example_bash_operator.py
[2025-03-27T16:53:01.030+0000] {processor.py:830} INFO - Processing file /home/airflow/.local/lib/python3.8/site-packages/airflow/example_dags/example_bash_operator.py for tasks to queue
[2025-03-27T16:53:01.031+0000] {logging_mixin.py:188} INFO - [2025-03-27T16:53:01.031+0000] {dagbag.py:538} INFO - Filling up the DagBag from /home/airflow/.local/lib/python3.8/site-packages/airflow/example_dags/example_bash_operator.py
[2025-03-27T16:53:01.042+0000] {processor.py:840} INFO - DAG(s) 'example_bash_operator' retrieved from /home/airflow/.local/lib/python3.8/site-packages/airflow/example_dags/example_bash_operator.py
[2025-03-27T16:53:01.069+0000] {logging_mixin.py:188} INFO - [2025-03-27T16:53:01.069+0000] {dag.py:3036} INFO - Sync 1 DAGs
[2025-03-27T16:53:01.090+0000] {logging_mixin.py:188} INFO - [2025-03-27T16:53:01.089+0000] {dag.py:3823} INFO - Setting next_dagrun for example_bash_operator to 2025-03-26 00:00:00+00:00, run_after=2025-03-27 00:00:00+00:00
[2025-03-27T16:53:01.107+0000] {processor.py:183} INFO - Processing /home/airflow/.local/lib/python3.8/site-packages/airflow/example_dags/example_bash_operator.py took 0.081 seconds
[2025-03-27T16:53:31.752+0000] {processor.py:161} INFO - Started process (PID=18611) to work on /home/airflow/.local/lib/python3.8/site-packages/airflow/example_dags/example_bash_operator.py
[2025-03-27T16:53:31.754+0000] {processor.py:830} INFO - Processing file /home/airflow/.local/lib/python3.8/site-packages/airflow/example_dags/example_bash_operator.py for tasks to queue
[2025-03-27T16:53:31.755+0000] {logging_mixin.py:188} INFO - [2025-03-27T16:53:31.754+0000] {dagbag.py:538} INFO - Filling up the DagBag from /home/airflow/.local/lib/python3.8/site-packages/airflow/example_dags/example_bash_operator.py
[2025-03-27T16:53:31.766+0000] {processor.py:840} INFO - DAG(s) 'example_bash_operator' retrieved from /home/airflow/.local/lib/python3.8/site-packages/airflow/example_dags/example_bash_operator.py
[2025-03-27T16:53:31.796+0000] {logging_mixin.py:188} INFO - [2025-03-27T16:53:31.796+0000] {dag.py:3036} INFO - Sync 1 DAGs
[2025-03-27T16:53:31.820+0000] {logging_mixin.py:188} INFO - [2025-03-27T16:53:31.820+0000] {dag.py:3823} INFO - Setting next_dagrun for example_bash_operator to 2025-03-26 00:00:00+00:00, run_after=2025-03-27 00:00:00+00:00
[2025-03-27T16:53:31.839+0000] {processor.py:183} INFO - Processing /home/airflow/.local/lib/python3.8/site-packages/airflow/example_dags/example_bash_operator.py took 0.090 seconds
[2025-03-27T16:54:02.677+0000] {processor.py:161} INFO - Started process (PID=18861) to work on /home/airflow/.local/lib/python3.8/site-packages/airflow/example_dags/example_bash_operator.py
[2025-03-27T16:54:02.678+0000] {processor.py:830} INFO - Processing file /home/airflow/.local/lib/python3.8/site-packages/airflow/example_dags/example_bash_operator.py for tasks to queue
[2025-03-27T16:54:02.679+0000] {logging_mixin.py:188} INFO - [2025-03-27T16:54:02.679+0000] {dagbag.py:538} INFO - Filling up the DagBag from /home/airflow/.local/lib/python3.8/site-packages/airflow/example_dags/example_bash_operator.py
[2025-03-27T16:54:02.690+0000] {processor.py:840} INFO - DAG(s) 'example_bash_operator' retrieved from /home/airflow/.local/lib/python3.8/site-packages/airflow/example_dags/example_bash_operator.py
[2025-03-27T16:54:02.719+0000] {logging_mixin.py:188} INFO - [2025-03-27T16:54:02.719+0000] {dag.py:3036} INFO - Sync 1 DAGs
[2025-03-27T16:54:02.880+0000] {logging_mixin.py:188} INFO - [2025-03-27T16:54:02.879+0000] {dag.py:3823} INFO - Setting next_dagrun for example_bash_operator to 2025-03-26 00:00:00+00:00, run_after=2025-03-27 00:00:00+00:00
[2025-03-27T16:54:02.899+0000] {processor.py:183} INFO - Processing /home/airflow/.local/lib/python3.8/site-packages/airflow/example_dags/example_bash_operator.py took 0.225 seconds
[2025-03-27T16:54:33.399+0000] {processor.py:161} INFO - Started process (PID=19115) to work on /home/airflow/.local/lib/python3.8/site-packages/airflow/example_dags/example_bash_operator.py
[2025-03-27T16:54:33.400+0000] {processor.py:830} INFO - Processing file /home/airflow/.local/lib/python3.8/site-packages/airflow/example_dags/example_bash_operator.py for tasks to queue
[2025-03-27T16:54:33.401+0000] {logging_mixin.py:188} INFO - [2025-03-27T16:54:33.401+0000] {dagbag.py:538} INFO - Filling up the DagBag from /home/airflow/.local/lib/python3.8/site-packages/airflow/example_dags/example_bash_operator.py
[2025-03-27T16:54:33.412+0000] {processor.py:840} INFO - DAG(s) 'example_bash_operator' retrieved from /home/airflow/.local/lib/python3.8/site-packages/airflow/example_dags/example_bash_operator.py
[2025-03-27T16:54:33.440+0000] {logging_mixin.py:188} INFO - [2025-03-27T16:54:33.440+0000] {dag.py:3036} INFO - Sync 1 DAGs
[2025-03-27T16:54:33.590+0000] {logging_mixin.py:188} INFO - [2025-03-27T16:54:33.589+0000] {dag.py:3823} INFO - Setting next_dagrun for example_bash_operator to 2025-03-26 00:00:00+00:00, run_after=2025-03-27 00:00:00+00:00
[2025-03-27T16:54:33.608+0000] {processor.py:183} INFO - Processing /home/airflow/.local/lib/python3.8/site-packages/airflow/example_dags/example_bash_operator.py took 0.212 seconds
[2025-03-27T16:55:04.163+0000] {processor.py:161} INFO - Started process (PID=19367) to work on /home/airflow/.local/lib/python3.8/site-packages/airflow/example_dags/example_bash_operator.py
[2025-03-27T16:55:04.164+0000] {processor.py:830} INFO - Processing file /home/airflow/.local/lib/python3.8/site-packages/airflow/example_dags/example_bash_operator.py for tasks to queue
[2025-03-27T16:55:04.165+0000] {logging_mixin.py:188} INFO - [2025-03-27T16:55:04.165+0000] {dagbag.py:538} INFO - Filling up the DagBag from /home/airflow/.local/lib/python3.8/site-packages/airflow/example_dags/example_bash_operator.py
[2025-03-27T16:55:04.175+0000] {processor.py:840} INFO - DAG(s) 'example_bash_operator' retrieved from /home/airflow/.local/lib/python3.8/site-packages/airflow/example_dags/example_bash_operator.py
[2025-03-27T16:55:04.202+0000] {logging_mixin.py:188} INFO - [2025-03-27T16:55:04.202+0000] {dag.py:3036} INFO - Sync 1 DAGs
[2025-03-27T16:55:04.224+0000] {logging_mixin.py:188} INFO - [2025-03-27T16:55:04.223+0000] {dag.py:3823} INFO - Setting next_dagrun for example_bash_operator to 2025-03-26 00:00:00+00:00, run_after=2025-03-27 00:00:00+00:00
[2025-03-27T16:55:04.367+0000] {processor.py:183} INFO - Processing /home/airflow/.local/lib/python3.8/site-packages/airflow/example_dags/example_bash_operator.py took 0.207 seconds
[2025-03-27T16:55:34.412+0000] {processor.py:161} INFO - Started process (PID=19627) to work on /home/airflow/.local/lib/python3.8/site-packages/airflow/example_dags/example_bash_operator.py
[2025-03-27T16:55:34.413+0000] {processor.py:830} INFO - Processing file /home/airflow/.local/lib/python3.8/site-packages/airflow/example_dags/example_bash_operator.py for tasks to queue
[2025-03-27T16:55:34.414+0000] {logging_mixin.py:188} INFO - [2025-03-27T16:55:34.414+0000] {dagbag.py:538} INFO - Filling up the DagBag from /home/airflow/.local/lib/python3.8/site-packages/airflow/example_dags/example_bash_operator.py
[2025-03-27T16:55:34.425+0000] {processor.py:840} INFO - DAG(s) 'example_bash_operator' retrieved from /home/airflow/.local/lib/python3.8/site-packages/airflow/example_dags/example_bash_operator.py
[2025-03-27T16:55:34.456+0000] {logging_mixin.py:188} INFO - [2025-03-27T16:55:34.455+0000] {dag.py:3036} INFO - Sync 1 DAGs
[2025-03-27T16:55:34.479+0000] {logging_mixin.py:188} INFO - [2025-03-27T16:55:34.479+0000] {dag.py:3823} INFO - Setting next_dagrun for example_bash_operator to 2025-03-26 00:00:00+00:00, run_after=2025-03-27 00:00:00+00:00
[2025-03-27T16:55:34.499+0000] {processor.py:183} INFO - Processing /home/airflow/.local/lib/python3.8/site-packages/airflow/example_dags/example_bash_operator.py took 0.090 seconds
[2025-03-27T16:56:04.578+0000] {processor.py:161} INFO - Started process (PID=19871) to work on /home/airflow/.local/lib/python3.8/site-packages/airflow/example_dags/example_bash_operator.py
[2025-03-27T16:56:04.579+0000] {processor.py:830} INFO - Processing file /home/airflow/.local/lib/python3.8/site-packages/airflow/example_dags/example_bash_operator.py for tasks to queue
[2025-03-27T16:56:04.580+0000] {logging_mixin.py:188} INFO - [2025-03-27T16:56:04.579+0000] {dagbag.py:538} INFO - Filling up the DagBag from /home/airflow/.local/lib/python3.8/site-packages/airflow/example_dags/example_bash_operator.py
[2025-03-27T16:56:04.590+0000] {processor.py:840} INFO - DAG(s) 'example_bash_operator' retrieved from /home/airflow/.local/lib/python3.8/site-packages/airflow/example_dags/example_bash_operator.py
[2025-03-27T16:56:04.618+0000] {logging_mixin.py:188} INFO - [2025-03-27T16:56:04.617+0000] {dag.py:3036} INFO - Sync 1 DAGs
[2025-03-27T16:56:04.639+0000] {logging_mixin.py:188} INFO - [2025-03-27T16:56:04.638+0000] {dag.py:3823} INFO - Setting next_dagrun for example_bash_operator to 2025-03-26 00:00:00+00:00, run_after=2025-03-27 00:00:00+00:00
[2025-03-27T16:56:04.654+0000] {processor.py:183} INFO - Processing /home/airflow/.local/lib/python3.8/site-packages/airflow/example_dags/example_bash_operator.py took 0.079 seconds
[2025-03-27T16:56:34.849+0000] {processor.py:161} INFO - Started process (PID=20123) to work on /home/airflow/.local/lib/python3.8/site-packages/airflow/example_dags/example_bash_operator.py
[2025-03-27T16:56:34.851+0000] {processor.py:830} INFO - Processing file /home/airflow/.local/lib/python3.8/site-packages/airflow/example_dags/example_bash_operator.py for tasks to queue
[2025-03-27T16:56:34.852+0000] {logging_mixin.py:188} INFO - [2025-03-27T16:56:34.852+0000] {dagbag.py:538} INFO - Filling up the DagBag from /home/airflow/.local/lib/python3.8/site-packages/airflow/example_dags/example_bash_operator.py
[2025-03-27T16:56:34.865+0000] {processor.py:840} INFO - DAG(s) 'example_bash_operator' retrieved from /home/airflow/.local/lib/python3.8/site-packages/airflow/example_dags/example_bash_operator.py
[2025-03-27T16:56:34.899+0000] {logging_mixin.py:188} INFO - [2025-03-27T16:56:34.898+0000] {dag.py:3036} INFO - Sync 1 DAGs
[2025-03-27T16:56:34.924+0000] {logging_mixin.py:188} INFO - [2025-03-27T16:56:34.924+0000] {dag.py:3823} INFO - Setting next_dagrun for example_bash_operator to 2025-03-26 00:00:00+00:00, run_after=2025-03-27 00:00:00+00:00
[2025-03-27T16:56:34.948+0000] {processor.py:183} INFO - Processing /home/airflow/.local/lib/python3.8/site-packages/airflow/example_dags/example_bash_operator.py took 0.101 seconds
[2025-03-27T16:57:05.341+0000] {processor.py:161} INFO - Started process (PID=20381) to work on /home/airflow/.local/lib/python3.8/site-packages/airflow/example_dags/example_bash_operator.py
[2025-03-27T16:57:05.341+0000] {processor.py:830} INFO - Processing file /home/airflow/.local/lib/python3.8/site-packages/airflow/example_dags/example_bash_operator.py for tasks to queue
[2025-03-27T16:57:05.342+0000] {logging_mixin.py:188} INFO - [2025-03-27T16:57:05.342+0000] {dagbag.py:538} INFO - Filling up the DagBag from /home/airflow/.local/lib/python3.8/site-packages/airflow/example_dags/example_bash_operator.py
[2025-03-27T16:57:05.353+0000] {processor.py:840} INFO - DAG(s) 'example_bash_operator' retrieved from /home/airflow/.local/lib/python3.8/site-packages/airflow/example_dags/example_bash_operator.py
[2025-03-27T16:57:05.381+0000] {logging_mixin.py:188} INFO - [2025-03-27T16:57:05.381+0000] {dag.py:3036} INFO - Sync 1 DAGs
[2025-03-27T16:57:05.403+0000] {logging_mixin.py:188} INFO - [2025-03-27T16:57:05.403+0000] {dag.py:3823} INFO - Setting next_dagrun for example_bash_operator to 2025-03-26 00:00:00+00:00, run_after=2025-03-27 00:00:00+00:00
[2025-03-27T16:57:05.421+0000] {processor.py:183} INFO - Processing /home/airflow/.local/lib/python3.8/site-packages/airflow/example_dags/example_bash_operator.py took 0.083 seconds
[2025-03-27T16:57:35.649+0000] {processor.py:161} INFO - Started process (PID=20633) to work on /home/airflow/.local/lib/python3.8/site-packages/airflow/example_dags/example_bash_operator.py
[2025-03-27T16:57:35.650+0000] {processor.py:830} INFO - Processing file /home/airflow/.local/lib/python3.8/site-packages/airflow/example_dags/example_bash_operator.py for tasks to queue
[2025-03-27T16:57:35.652+0000] {logging_mixin.py:188} INFO - [2025-03-27T16:57:35.651+0000] {dagbag.py:538} INFO - Filling up the DagBag from /home/airflow/.local/lib/python3.8/site-packages/airflow/example_dags/example_bash_operator.py
[2025-03-27T16:57:35.663+0000] {processor.py:840} INFO - DAG(s) 'example_bash_operator' retrieved from /home/airflow/.local/lib/python3.8/site-packages/airflow/example_dags/example_bash_operator.py
[2025-03-27T16:57:35.693+0000] {logging_mixin.py:188} INFO - [2025-03-27T16:57:35.693+0000] {dag.py:3036} INFO - Sync 1 DAGs
[2025-03-27T16:57:35.715+0000] {logging_mixin.py:188} INFO - [2025-03-27T16:57:35.715+0000] {dag.py:3823} INFO - Setting next_dagrun for example_bash_operator to 2025-03-26 00:00:00+00:00, run_after=2025-03-27 00:00:00+00:00
[2025-03-27T16:57:35.732+0000] {processor.py:183} INFO - Processing /home/airflow/.local/lib/python3.8/site-packages/airflow/example_dags/example_bash_operator.py took 0.086 seconds
[2025-03-27T16:58:05.772+0000] {processor.py:161} INFO - Started process (PID=20885) to work on /home/airflow/.local/lib/python3.8/site-packages/airflow/example_dags/example_bash_operator.py
[2025-03-27T16:58:05.773+0000] {processor.py:830} INFO - Processing file /home/airflow/.local/lib/python3.8/site-packages/airflow/example_dags/example_bash_operator.py for tasks to queue
[2025-03-27T16:58:05.774+0000] {logging_mixin.py:188} INFO - [2025-03-27T16:58:05.774+0000] {dagbag.py:538} INFO - Filling up the DagBag from /home/airflow/.local/lib/python3.8/site-packages/airflow/example_dags/example_bash_operator.py
[2025-03-27T16:58:05.784+0000] {processor.py:840} INFO - DAG(s) 'example_bash_operator' retrieved from /home/airflow/.local/lib/python3.8/site-packages/airflow/example_dags/example_bash_operator.py
[2025-03-27T16:58:05.811+0000] {logging_mixin.py:188} INFO - [2025-03-27T16:58:05.811+0000] {dag.py:3036} INFO - Sync 1 DAGs
[2025-03-27T16:58:05.834+0000] {logging_mixin.py:188} INFO - [2025-03-27T16:58:05.834+0000] {dag.py:3823} INFO - Setting next_dagrun for example_bash_operator to 2025-03-26 00:00:00+00:00, run_after=2025-03-27 00:00:00+00:00
[2025-03-27T16:58:05.852+0000] {processor.py:183} INFO - Processing /home/airflow/.local/lib/python3.8/site-packages/airflow/example_dags/example_bash_operator.py took 0.083 seconds
[2025-03-27T16:58:36.072+0000] {processor.py:161} INFO - Started process (PID=21137) to work on /home/airflow/.local/lib/python3.8/site-packages/airflow/example_dags/example_bash_operator.py
[2025-03-27T16:58:36.073+0000] {processor.py:830} INFO - Processing file /home/airflow/.local/lib/python3.8/site-packages/airflow/example_dags/example_bash_operator.py for tasks to queue
[2025-03-27T16:58:36.075+0000] {logging_mixin.py:188} INFO - [2025-03-27T16:58:36.074+0000] {dagbag.py:538} INFO - Filling up the DagBag from /home/airflow/.local/lib/python3.8/site-packages/airflow/example_dags/example_bash_operator.py
[2025-03-27T16:58:36.091+0000] {processor.py:840} INFO - DAG(s) 'example_bash_operator' retrieved from /home/airflow/.local/lib/python3.8/site-packages/airflow/example_dags/example_bash_operator.py
[2025-03-27T16:58:36.130+0000] {logging_mixin.py:188} INFO - [2025-03-27T16:58:36.130+0000] {dag.py:3036} INFO - Sync 1 DAGs
[2025-03-27T16:58:36.160+0000] {logging_mixin.py:188} INFO - [2025-03-27T16:58:36.160+0000] {dag.py:3823} INFO - Setting next_dagrun for example_bash_operator to 2025-03-26 00:00:00+00:00, run_after=2025-03-27 00:00:00+00:00
[2025-03-27T16:58:36.189+0000] {processor.py:183} INFO - Processing /home/airflow/.local/lib/python3.8/site-packages/airflow/example_dags/example_bash_operator.py took 0.121 seconds
[2025-03-27T16:59:06.510+0000] {processor.py:161} INFO - Started process (PID=21387) to work on /home/airflow/.local/lib/python3.8/site-packages/airflow/example_dags/example_bash_operator.py
[2025-03-27T16:59:06.511+0000] {processor.py:830} INFO - Processing file /home/airflow/.local/lib/python3.8/site-packages/airflow/example_dags/example_bash_operator.py for tasks to queue
[2025-03-27T16:59:06.512+0000] {logging_mixin.py:188} INFO - [2025-03-27T16:59:06.511+0000] {dagbag.py:538} INFO - Filling up the DagBag from /home/airflow/.local/lib/python3.8/site-packages/airflow/example_dags/example_bash_operator.py
[2025-03-27T16:59:06.524+0000] {processor.py:840} INFO - DAG(s) 'example_bash_operator' retrieved from /home/airflow/.local/lib/python3.8/site-packages/airflow/example_dags/example_bash_operator.py
[2025-03-27T16:59:06.552+0000] {logging_mixin.py:188} INFO - [2025-03-27T16:59:06.552+0000] {dag.py:3036} INFO - Sync 1 DAGs
[2025-03-27T16:59:06.574+0000] {logging_mixin.py:188} INFO - [2025-03-27T16:59:06.573+0000] {dag.py:3823} INFO - Setting next_dagrun for example_bash_operator to 2025-03-26 00:00:00+00:00, run_after=2025-03-27 00:00:00+00:00
[2025-03-27T16:59:06.589+0000] {processor.py:183} INFO - Processing /home/airflow/.local/lib/python3.8/site-packages/airflow/example_dags/example_bash_operator.py took 0.082 seconds
[2025-03-27T16:59:37.215+0000] {processor.py:161} INFO - Started process (PID=21641) to work on /home/airflow/.local/lib/python3.8/site-packages/airflow/example_dags/example_bash_operator.py
[2025-03-27T16:59:37.216+0000] {processor.py:830} INFO - Processing file /home/airflow/.local/lib/python3.8/site-packages/airflow/example_dags/example_bash_operator.py for tasks to queue
[2025-03-27T16:59:37.217+0000] {logging_mixin.py:188} INFO - [2025-03-27T16:59:37.217+0000] {dagbag.py:538} INFO - Filling up the DagBag from /home/airflow/.local/lib/python3.8/site-packages/airflow/example_dags/example_bash_operator.py
[2025-03-27T16:59:37.229+0000] {processor.py:840} INFO - DAG(s) 'example_bash_operator' retrieved from /home/airflow/.local/lib/python3.8/site-packages/airflow/example_dags/example_bash_operator.py
[2025-03-27T16:59:37.289+0000] {logging_mixin.py:188} INFO - [2025-03-27T16:59:37.289+0000] {dag.py:3036} INFO - Sync 1 DAGs
[2025-03-27T16:59:37.331+0000] {logging_mixin.py:188} INFO - [2025-03-27T16:59:37.330+0000] {dag.py:3823} INFO - Setting next_dagrun for example_bash_operator to 2025-03-26 00:00:00+00:00, run_after=2025-03-27 00:00:00+00:00
[2025-03-27T16:59:37.358+0000] {processor.py:183} INFO - Processing /home/airflow/.local/lib/python3.8/site-packages/airflow/example_dags/example_bash_operator.py took 0.146 seconds
[2025-03-27T17:00:07.613+0000] {processor.py:161} INFO - Started process (PID=21893) to work on /home/airflow/.local/lib/python3.8/site-packages/airflow/example_dags/example_bash_operator.py
[2025-03-27T17:00:07.614+0000] {processor.py:830} INFO - Processing file /home/airflow/.local/lib/python3.8/site-packages/airflow/example_dags/example_bash_operator.py for tasks to queue
[2025-03-27T17:00:07.615+0000] {logging_mixin.py:188} INFO - [2025-03-27T17:00:07.615+0000] {dagbag.py:538} INFO - Filling up the DagBag from /home/airflow/.local/lib/python3.8/site-packages/airflow/example_dags/example_bash_operator.py
[2025-03-27T17:00:07.626+0000] {processor.py:840} INFO - DAG(s) 'example_bash_operator' retrieved from /home/airflow/.local/lib/python3.8/site-packages/airflow/example_dags/example_bash_operator.py
[2025-03-27T17:00:07.653+0000] {logging_mixin.py:188} INFO - [2025-03-27T17:00:07.653+0000] {dag.py:3036} INFO - Sync 1 DAGs
[2025-03-27T17:00:07.674+0000] {logging_mixin.py:188} INFO - [2025-03-27T17:00:07.674+0000] {dag.py:3823} INFO - Setting next_dagrun for example_bash_operator to 2025-03-26 00:00:00+00:00, run_after=2025-03-27 00:00:00+00:00
[2025-03-27T17:00:07.690+0000] {processor.py:183} INFO - Processing /home/airflow/.local/lib/python3.8/site-packages/airflow/example_dags/example_bash_operator.py took 0.080 seconds
