[2025-03-27T16:26:59.801+0000] {processor.py:161} INFO - Started process (PID=206) to work on /home/airflow/.local/lib/python3.8/site-packages/airflow/example_dags/example_dynamic_task_mapping.py
[2025-03-27T16:26:59.802+0000] {processor.py:830} INFO - Processing file /home/airflow/.local/lib/python3.8/site-packages/airflow/example_dags/example_dynamic_task_mapping.py for tasks to queue
[2025-03-27T16:26:59.804+0000] {logging_mixin.py:188} INFO - [2025-03-27T16:26:59.804+0000] {dagbag.py:538} INFO - Filling up the DagBag from /home/airflow/.local/lib/python3.8/site-packages/airflow/example_dags/example_dynamic_task_mapping.py
[2025-03-27T16:26:59.810+0000] {processor.py:840} INFO - DAG(s) 'example_dynamic_task_mapping' retrieved from /home/airflow/.local/lib/python3.8/site-packages/airflow/example_dags/example_dynamic_task_mapping.py
[2025-03-27T16:26:59.820+0000] {logging_mixin.py:188} INFO - [2025-03-27T16:26:59.820+0000] {dag.py:3036} INFO - Sync 1 DAGs
[2025-03-27T16:26:59.844+0000] {logging_mixin.py:188} INFO - [2025-03-27T16:26:59.843+0000] {dag.py:3823} INFO - Setting next_dagrun for example_dynamic_task_mapping to 2022-03-04 00:00:00+00:00, run_after=2022-03-05 00:00:00+00:00
[2025-03-27T16:26:59.860+0000] {processor.py:183} INFO - Processing /home/airflow/.local/lib/python3.8/site-packages/airflow/example_dags/example_dynamic_task_mapping.py took 0.062 seconds
[2025-03-27T16:27:30.052+0000] {processor.py:161} INFO - Started process (PID=448) to work on /home/airflow/.local/lib/python3.8/site-packages/airflow/example_dags/example_dynamic_task_mapping.py
[2025-03-27T16:27:30.053+0000] {processor.py:830} INFO - Processing file /home/airflow/.local/lib/python3.8/site-packages/airflow/example_dags/example_dynamic_task_mapping.py for tasks to queue
[2025-03-27T16:27:30.054+0000] {logging_mixin.py:188} INFO - [2025-03-27T16:27:30.054+0000] {dagbag.py:538} INFO - Filling up the DagBag from /home/airflow/.local/lib/python3.8/site-packages/airflow/example_dags/example_dynamic_task_mapping.py
[2025-03-27T16:27:30.059+0000] {processor.py:840} INFO - DAG(s) 'example_dynamic_task_mapping' retrieved from /home/airflow/.local/lib/python3.8/site-packages/airflow/example_dags/example_dynamic_task_mapping.py
[2025-03-27T16:27:30.145+0000] {logging_mixin.py:188} INFO - [2025-03-27T16:27:30.145+0000] {dag.py:3036} INFO - Sync 1 DAGs
[2025-03-27T16:27:30.162+0000] {logging_mixin.py:188} INFO - [2025-03-27T16:27:30.162+0000] {dag.py:3823} INFO - Setting next_dagrun for example_dynamic_task_mapping to 2022-03-04 00:00:00+00:00, run_after=2022-03-05 00:00:00+00:00
[2025-03-27T16:27:30.181+0000] {processor.py:183} INFO - Processing /home/airflow/.local/lib/python3.8/site-packages/airflow/example_dags/example_dynamic_task_mapping.py took 0.131 seconds
[2025-03-27T16:28:00.240+0000] {processor.py:161} INFO - Started process (PID=695) to work on /home/airflow/.local/lib/python3.8/site-packages/airflow/example_dags/example_dynamic_task_mapping.py
[2025-03-27T16:28:00.241+0000] {processor.py:830} INFO - Processing file /home/airflow/.local/lib/python3.8/site-packages/airflow/example_dags/example_dynamic_task_mapping.py for tasks to queue
[2025-03-27T16:28:00.242+0000] {logging_mixin.py:188} INFO - [2025-03-27T16:28:00.241+0000] {dagbag.py:538} INFO - Filling up the DagBag from /home/airflow/.local/lib/python3.8/site-packages/airflow/example_dags/example_dynamic_task_mapping.py
[2025-03-27T16:28:00.247+0000] {processor.py:840} INFO - DAG(s) 'example_dynamic_task_mapping' retrieved from /home/airflow/.local/lib/python3.8/site-packages/airflow/example_dags/example_dynamic_task_mapping.py
[2025-03-27T16:28:00.263+0000] {logging_mixin.py:188} INFO - [2025-03-27T16:28:00.263+0000] {dag.py:3036} INFO - Sync 1 DAGs
[2025-03-27T16:28:00.283+0000] {logging_mixin.py:188} INFO - [2025-03-27T16:28:00.282+0000] {dag.py:3823} INFO - Setting next_dagrun for example_dynamic_task_mapping to 2022-03-04 00:00:00+00:00, run_after=2022-03-05 00:00:00+00:00
[2025-03-27T16:28:00.298+0000] {processor.py:183} INFO - Processing /home/airflow/.local/lib/python3.8/site-packages/airflow/example_dags/example_dynamic_task_mapping.py took 0.060 seconds
[2025-03-27T16:28:30.470+0000] {processor.py:161} INFO - Started process (PID=942) to work on /home/airflow/.local/lib/python3.8/site-packages/airflow/example_dags/example_dynamic_task_mapping.py
[2025-03-27T16:28:30.471+0000] {processor.py:830} INFO - Processing file /home/airflow/.local/lib/python3.8/site-packages/airflow/example_dags/example_dynamic_task_mapping.py for tasks to queue
[2025-03-27T16:28:30.472+0000] {logging_mixin.py:188} INFO - [2025-03-27T16:28:30.472+0000] {dagbag.py:538} INFO - Filling up the DagBag from /home/airflow/.local/lib/python3.8/site-packages/airflow/example_dags/example_dynamic_task_mapping.py
[2025-03-27T16:28:30.478+0000] {processor.py:840} INFO - DAG(s) 'example_dynamic_task_mapping' retrieved from /home/airflow/.local/lib/python3.8/site-packages/airflow/example_dags/example_dynamic_task_mapping.py
[2025-03-27T16:28:30.495+0000] {logging_mixin.py:188} INFO - [2025-03-27T16:28:30.495+0000] {dag.py:3036} INFO - Sync 1 DAGs
[2025-03-27T16:28:30.514+0000] {logging_mixin.py:188} INFO - [2025-03-27T16:28:30.513+0000] {dag.py:3823} INFO - Setting next_dagrun for example_dynamic_task_mapping to 2022-03-04 00:00:00+00:00, run_after=2022-03-05 00:00:00+00:00
[2025-03-27T16:28:30.529+0000] {processor.py:183} INFO - Processing /home/airflow/.local/lib/python3.8/site-packages/airflow/example_dags/example_dynamic_task_mapping.py took 0.062 seconds
[2025-03-27T16:29:01.234+0000] {processor.py:161} INFO - Started process (PID=1191) to work on /home/airflow/.local/lib/python3.8/site-packages/airflow/example_dags/example_dynamic_task_mapping.py
[2025-03-27T16:29:01.235+0000] {processor.py:830} INFO - Processing file /home/airflow/.local/lib/python3.8/site-packages/airflow/example_dags/example_dynamic_task_mapping.py for tasks to queue
[2025-03-27T16:29:01.236+0000] {logging_mixin.py:188} INFO - [2025-03-27T16:29:01.236+0000] {dagbag.py:538} INFO - Filling up the DagBag from /home/airflow/.local/lib/python3.8/site-packages/airflow/example_dags/example_dynamic_task_mapping.py
[2025-03-27T16:29:01.242+0000] {processor.py:840} INFO - DAG(s) 'example_dynamic_task_mapping' retrieved from /home/airflow/.local/lib/python3.8/site-packages/airflow/example_dags/example_dynamic_task_mapping.py
[2025-03-27T16:29:01.259+0000] {logging_mixin.py:188} INFO - [2025-03-27T16:29:01.259+0000] {dag.py:3036} INFO - Sync 1 DAGs
[2025-03-27T16:29:01.277+0000] {logging_mixin.py:188} INFO - [2025-03-27T16:29:01.277+0000] {dag.py:3823} INFO - Setting next_dagrun for example_dynamic_task_mapping to 2022-03-04 00:00:00+00:00, run_after=2022-03-05 00:00:00+00:00
[2025-03-27T16:29:01.292+0000] {processor.py:183} INFO - Processing /home/airflow/.local/lib/python3.8/site-packages/airflow/example_dags/example_dynamic_task_mapping.py took 0.060 seconds
[2025-03-27T16:29:31.787+0000] {processor.py:161} INFO - Started process (PID=1436) to work on /home/airflow/.local/lib/python3.8/site-packages/airflow/example_dags/example_dynamic_task_mapping.py
[2025-03-27T16:29:31.788+0000] {processor.py:830} INFO - Processing file /home/airflow/.local/lib/python3.8/site-packages/airflow/example_dags/example_dynamic_task_mapping.py for tasks to queue
[2025-03-27T16:29:31.789+0000] {logging_mixin.py:188} INFO - [2025-03-27T16:29:31.788+0000] {dagbag.py:538} INFO - Filling up the DagBag from /home/airflow/.local/lib/python3.8/site-packages/airflow/example_dags/example_dynamic_task_mapping.py
[2025-03-27T16:29:31.794+0000] {processor.py:840} INFO - DAG(s) 'example_dynamic_task_mapping' retrieved from /home/airflow/.local/lib/python3.8/site-packages/airflow/example_dags/example_dynamic_task_mapping.py
[2025-03-27T16:29:31.810+0000] {logging_mixin.py:188} INFO - [2025-03-27T16:29:31.810+0000] {dag.py:3036} INFO - Sync 1 DAGs
[2025-03-27T16:29:31.831+0000] {logging_mixin.py:188} INFO - [2025-03-27T16:29:31.830+0000] {dag.py:3823} INFO - Setting next_dagrun for example_dynamic_task_mapping to 2022-03-04 00:00:00+00:00, run_after=2022-03-05 00:00:00+00:00
[2025-03-27T16:29:31.849+0000] {processor.py:183} INFO - Processing /home/airflow/.local/lib/python3.8/site-packages/airflow/example_dags/example_dynamic_task_mapping.py took 0.065 seconds
[2025-03-27T16:30:02.367+0000] {processor.py:161} INFO - Started process (PID=1683) to work on /home/airflow/.local/lib/python3.8/site-packages/airflow/example_dags/example_dynamic_task_mapping.py
[2025-03-27T16:30:02.368+0000] {processor.py:830} INFO - Processing file /home/airflow/.local/lib/python3.8/site-packages/airflow/example_dags/example_dynamic_task_mapping.py for tasks to queue
[2025-03-27T16:30:02.368+0000] {logging_mixin.py:188} INFO - [2025-03-27T16:30:02.368+0000] {dagbag.py:538} INFO - Filling up the DagBag from /home/airflow/.local/lib/python3.8/site-packages/airflow/example_dags/example_dynamic_task_mapping.py
[2025-03-27T16:30:02.373+0000] {processor.py:840} INFO - DAG(s) 'example_dynamic_task_mapping' retrieved from /home/airflow/.local/lib/python3.8/site-packages/airflow/example_dags/example_dynamic_task_mapping.py
[2025-03-27T16:30:02.390+0000] {logging_mixin.py:188} INFO - [2025-03-27T16:30:02.390+0000] {dag.py:3036} INFO - Sync 1 DAGs
[2025-03-27T16:30:02.409+0000] {logging_mixin.py:188} INFO - [2025-03-27T16:30:02.409+0000] {dag.py:3823} INFO - Setting next_dagrun for example_dynamic_task_mapping to 2022-03-04 00:00:00+00:00, run_after=2022-03-05 00:00:00+00:00
[2025-03-27T16:30:02.425+0000] {processor.py:183} INFO - Processing /home/airflow/.local/lib/python3.8/site-packages/airflow/example_dags/example_dynamic_task_mapping.py took 0.061 seconds
[2025-03-27T16:30:32.917+0000] {processor.py:161} INFO - Started process (PID=1936) to work on /home/airflow/.local/lib/python3.8/site-packages/airflow/example_dags/example_dynamic_task_mapping.py
[2025-03-27T16:30:32.918+0000] {processor.py:830} INFO - Processing file /home/airflow/.local/lib/python3.8/site-packages/airflow/example_dags/example_dynamic_task_mapping.py for tasks to queue
[2025-03-27T16:30:32.918+0000] {logging_mixin.py:188} INFO - [2025-03-27T16:30:32.918+0000] {dagbag.py:538} INFO - Filling up the DagBag from /home/airflow/.local/lib/python3.8/site-packages/airflow/example_dags/example_dynamic_task_mapping.py
[2025-03-27T16:30:32.923+0000] {processor.py:840} INFO - DAG(s) 'example_dynamic_task_mapping' retrieved from /home/airflow/.local/lib/python3.8/site-packages/airflow/example_dags/example_dynamic_task_mapping.py
[2025-03-27T16:30:32.939+0000] {logging_mixin.py:188} INFO - [2025-03-27T16:30:32.939+0000] {dag.py:3036} INFO - Sync 1 DAGs
[2025-03-27T16:30:32.958+0000] {logging_mixin.py:188} INFO - [2025-03-27T16:30:32.957+0000] {dag.py:3823} INFO - Setting next_dagrun for example_dynamic_task_mapping to 2022-03-04 00:00:00+00:00, run_after=2022-03-05 00:00:00+00:00
[2025-03-27T16:30:32.975+0000] {processor.py:183} INFO - Processing /home/airflow/.local/lib/python3.8/site-packages/airflow/example_dags/example_dynamic_task_mapping.py took 0.060 seconds
[2025-03-27T16:31:03.352+0000] {processor.py:161} INFO - Started process (PID=2183) to work on /home/airflow/.local/lib/python3.8/site-packages/airflow/example_dags/example_dynamic_task_mapping.py
[2025-03-27T16:31:03.353+0000] {processor.py:830} INFO - Processing file /home/airflow/.local/lib/python3.8/site-packages/airflow/example_dags/example_dynamic_task_mapping.py for tasks to queue
[2025-03-27T16:31:03.354+0000] {logging_mixin.py:188} INFO - [2025-03-27T16:31:03.354+0000] {dagbag.py:538} INFO - Filling up the DagBag from /home/airflow/.local/lib/python3.8/site-packages/airflow/example_dags/example_dynamic_task_mapping.py
[2025-03-27T16:31:03.360+0000] {processor.py:840} INFO - DAG(s) 'example_dynamic_task_mapping' retrieved from /home/airflow/.local/lib/python3.8/site-packages/airflow/example_dags/example_dynamic_task_mapping.py
[2025-03-27T16:31:03.377+0000] {logging_mixin.py:188} INFO - [2025-03-27T16:31:03.376+0000] {dag.py:3036} INFO - Sync 1 DAGs
[2025-03-27T16:31:03.395+0000] {logging_mixin.py:188} INFO - [2025-03-27T16:31:03.394+0000] {dag.py:3823} INFO - Setting next_dagrun for example_dynamic_task_mapping to 2022-03-04 00:00:00+00:00, run_after=2022-03-05 00:00:00+00:00
[2025-03-27T16:31:03.410+0000] {processor.py:183} INFO - Processing /home/airflow/.local/lib/python3.8/site-packages/airflow/example_dags/example_dynamic_task_mapping.py took 0.060 seconds
[2025-03-27T16:31:33.868+0000] {processor.py:161} INFO - Started process (PID=2430) to work on /home/airflow/.local/lib/python3.8/site-packages/airflow/example_dags/example_dynamic_task_mapping.py
[2025-03-27T16:31:33.869+0000] {processor.py:830} INFO - Processing file /home/airflow/.local/lib/python3.8/site-packages/airflow/example_dags/example_dynamic_task_mapping.py for tasks to queue
[2025-03-27T16:31:33.870+0000] {logging_mixin.py:188} INFO - [2025-03-27T16:31:33.870+0000] {dagbag.py:538} INFO - Filling up the DagBag from /home/airflow/.local/lib/python3.8/site-packages/airflow/example_dags/example_dynamic_task_mapping.py
[2025-03-27T16:31:33.875+0000] {processor.py:840} INFO - DAG(s) 'example_dynamic_task_mapping' retrieved from /home/airflow/.local/lib/python3.8/site-packages/airflow/example_dags/example_dynamic_task_mapping.py
[2025-03-27T16:31:33.892+0000] {logging_mixin.py:188} INFO - [2025-03-27T16:31:33.892+0000] {dag.py:3036} INFO - Sync 1 DAGs
[2025-03-27T16:31:33.911+0000] {logging_mixin.py:188} INFO - [2025-03-27T16:31:33.910+0000] {dag.py:3823} INFO - Setting next_dagrun for example_dynamic_task_mapping to 2022-03-04 00:00:00+00:00, run_after=2022-03-05 00:00:00+00:00
[2025-03-27T16:31:33.926+0000] {processor.py:183} INFO - Processing /home/airflow/.local/lib/python3.8/site-packages/airflow/example_dags/example_dynamic_task_mapping.py took 0.060 seconds
[2025-03-27T16:32:04.031+0000] {processor.py:161} INFO - Started process (PID=2677) to work on /home/airflow/.local/lib/python3.8/site-packages/airflow/example_dags/example_dynamic_task_mapping.py
[2025-03-27T16:32:04.032+0000] {processor.py:830} INFO - Processing file /home/airflow/.local/lib/python3.8/site-packages/airflow/example_dags/example_dynamic_task_mapping.py for tasks to queue
[2025-03-27T16:32:04.033+0000] {logging_mixin.py:188} INFO - [2025-03-27T16:32:04.032+0000] {dagbag.py:538} INFO - Filling up the DagBag from /home/airflow/.local/lib/python3.8/site-packages/airflow/example_dags/example_dynamic_task_mapping.py
[2025-03-27T16:32:04.038+0000] {processor.py:840} INFO - DAG(s) 'example_dynamic_task_mapping' retrieved from /home/airflow/.local/lib/python3.8/site-packages/airflow/example_dags/example_dynamic_task_mapping.py
[2025-03-27T16:32:04.054+0000] {logging_mixin.py:188} INFO - [2025-03-27T16:32:04.054+0000] {dag.py:3036} INFO - Sync 1 DAGs
[2025-03-27T16:32:04.073+0000] {logging_mixin.py:188} INFO - [2025-03-27T16:32:04.073+0000] {dag.py:3823} INFO - Setting next_dagrun for example_dynamic_task_mapping to 2022-03-04 00:00:00+00:00, run_after=2022-03-05 00:00:00+00:00
[2025-03-27T16:32:04.088+0000] {processor.py:183} INFO - Processing /home/airflow/.local/lib/python3.8/site-packages/airflow/example_dags/example_dynamic_task_mapping.py took 0.059 seconds
[2025-03-27T16:32:34.804+0000] {processor.py:161} INFO - Started process (PID=2926) to work on /home/airflow/.local/lib/python3.8/site-packages/airflow/example_dags/example_dynamic_task_mapping.py
[2025-03-27T16:32:34.805+0000] {processor.py:830} INFO - Processing file /home/airflow/.local/lib/python3.8/site-packages/airflow/example_dags/example_dynamic_task_mapping.py for tasks to queue
[2025-03-27T16:32:34.806+0000] {logging_mixin.py:188} INFO - [2025-03-27T16:32:34.806+0000] {dagbag.py:538} INFO - Filling up the DagBag from /home/airflow/.local/lib/python3.8/site-packages/airflow/example_dags/example_dynamic_task_mapping.py
[2025-03-27T16:32:34.812+0000] {processor.py:840} INFO - DAG(s) 'example_dynamic_task_mapping' retrieved from /home/airflow/.local/lib/python3.8/site-packages/airflow/example_dags/example_dynamic_task_mapping.py
[2025-03-27T16:32:34.828+0000] {logging_mixin.py:188} INFO - [2025-03-27T16:32:34.828+0000] {dag.py:3036} INFO - Sync 1 DAGs
[2025-03-27T16:32:34.846+0000] {logging_mixin.py:188} INFO - [2025-03-27T16:32:34.846+0000] {dag.py:3823} INFO - Setting next_dagrun for example_dynamic_task_mapping to 2022-03-04 00:00:00+00:00, run_after=2022-03-05 00:00:00+00:00
[2025-03-27T16:32:34.860+0000] {processor.py:183} INFO - Processing /home/airflow/.local/lib/python3.8/site-packages/airflow/example_dags/example_dynamic_task_mapping.py took 0.058 seconds
[2025-03-27T16:33:05.803+0000] {processor.py:161} INFO - Started process (PID=3171) to work on /home/airflow/.local/lib/python3.8/site-packages/airflow/example_dags/example_dynamic_task_mapping.py
[2025-03-27T16:33:05.804+0000] {processor.py:830} INFO - Processing file /home/airflow/.local/lib/python3.8/site-packages/airflow/example_dags/example_dynamic_task_mapping.py for tasks to queue
[2025-03-27T16:33:05.805+0000] {logging_mixin.py:188} INFO - [2025-03-27T16:33:05.805+0000] {dagbag.py:538} INFO - Filling up the DagBag from /home/airflow/.local/lib/python3.8/site-packages/airflow/example_dags/example_dynamic_task_mapping.py
[2025-03-27T16:33:05.812+0000] {processor.py:840} INFO - DAG(s) 'example_dynamic_task_mapping' retrieved from /home/airflow/.local/lib/python3.8/site-packages/airflow/example_dags/example_dynamic_task_mapping.py
[2025-03-27T16:33:05.832+0000] {logging_mixin.py:188} INFO - [2025-03-27T16:33:05.832+0000] {dag.py:3036} INFO - Sync 1 DAGs
[2025-03-27T16:33:05.854+0000] {logging_mixin.py:188} INFO - [2025-03-27T16:33:05.854+0000] {dag.py:3823} INFO - Setting next_dagrun for example_dynamic_task_mapping to 2022-03-04 00:00:00+00:00, run_after=2022-03-05 00:00:00+00:00
[2025-03-27T16:33:05.872+0000] {processor.py:183} INFO - Processing /home/airflow/.local/lib/python3.8/site-packages/airflow/example_dags/example_dynamic_task_mapping.py took 0.072 seconds
[2025-03-27T16:33:35.968+0000] {processor.py:161} INFO - Started process (PID=3418) to work on /home/airflow/.local/lib/python3.8/site-packages/airflow/example_dags/example_dynamic_task_mapping.py
[2025-03-27T16:33:35.969+0000] {processor.py:830} INFO - Processing file /home/airflow/.local/lib/python3.8/site-packages/airflow/example_dags/example_dynamic_task_mapping.py for tasks to queue
[2025-03-27T16:33:35.970+0000] {logging_mixin.py:188} INFO - [2025-03-27T16:33:35.970+0000] {dagbag.py:538} INFO - Filling up the DagBag from /home/airflow/.local/lib/python3.8/site-packages/airflow/example_dags/example_dynamic_task_mapping.py
[2025-03-27T16:33:35.978+0000] {processor.py:840} INFO - DAG(s) 'example_dynamic_task_mapping' retrieved from /home/airflow/.local/lib/python3.8/site-packages/airflow/example_dags/example_dynamic_task_mapping.py
[2025-03-27T16:33:35.994+0000] {logging_mixin.py:188} INFO - [2025-03-27T16:33:35.994+0000] {dag.py:3036} INFO - Sync 1 DAGs
[2025-03-27T16:33:36.013+0000] {logging_mixin.py:188} INFO - [2025-03-27T16:33:36.013+0000] {dag.py:3823} INFO - Setting next_dagrun for example_dynamic_task_mapping to 2022-03-04 00:00:00+00:00, run_after=2022-03-05 00:00:00+00:00
[2025-03-27T16:33:36.029+0000] {processor.py:183} INFO - Processing /home/airflow/.local/lib/python3.8/site-packages/airflow/example_dags/example_dynamic_task_mapping.py took 0.064 seconds
[2025-03-27T16:34:06.564+0000] {processor.py:161} INFO - Started process (PID=3667) to work on /home/airflow/.local/lib/python3.8/site-packages/airflow/example_dags/example_dynamic_task_mapping.py
[2025-03-27T16:34:06.565+0000] {processor.py:830} INFO - Processing file /home/airflow/.local/lib/python3.8/site-packages/airflow/example_dags/example_dynamic_task_mapping.py for tasks to queue
[2025-03-27T16:34:06.566+0000] {logging_mixin.py:188} INFO - [2025-03-27T16:34:06.565+0000] {dagbag.py:538} INFO - Filling up the DagBag from /home/airflow/.local/lib/python3.8/site-packages/airflow/example_dags/example_dynamic_task_mapping.py
[2025-03-27T16:34:06.572+0000] {processor.py:840} INFO - DAG(s) 'example_dynamic_task_mapping' retrieved from /home/airflow/.local/lib/python3.8/site-packages/airflow/example_dags/example_dynamic_task_mapping.py
[2025-03-27T16:34:06.589+0000] {logging_mixin.py:188} INFO - [2025-03-27T16:34:06.589+0000] {dag.py:3036} INFO - Sync 1 DAGs
[2025-03-27T16:34:06.608+0000] {logging_mixin.py:188} INFO - [2025-03-27T16:34:06.608+0000] {dag.py:3823} INFO - Setting next_dagrun for example_dynamic_task_mapping to 2022-03-04 00:00:00+00:00, run_after=2022-03-05 00:00:00+00:00
[2025-03-27T16:34:06.623+0000] {processor.py:183} INFO - Processing /home/airflow/.local/lib/python3.8/site-packages/airflow/example_dags/example_dynamic_task_mapping.py took 0.062 seconds
[2025-03-27T16:34:36.861+0000] {processor.py:161} INFO - Started process (PID=3912) to work on /home/airflow/.local/lib/python3.8/site-packages/airflow/example_dags/example_dynamic_task_mapping.py
[2025-03-27T16:34:36.861+0000] {processor.py:830} INFO - Processing file /home/airflow/.local/lib/python3.8/site-packages/airflow/example_dags/example_dynamic_task_mapping.py for tasks to queue
[2025-03-27T16:34:36.862+0000] {logging_mixin.py:188} INFO - [2025-03-27T16:34:36.862+0000] {dagbag.py:538} INFO - Filling up the DagBag from /home/airflow/.local/lib/python3.8/site-packages/airflow/example_dags/example_dynamic_task_mapping.py
[2025-03-27T16:34:36.868+0000] {processor.py:840} INFO - DAG(s) 'example_dynamic_task_mapping' retrieved from /home/airflow/.local/lib/python3.8/site-packages/airflow/example_dags/example_dynamic_task_mapping.py
[2025-03-27T16:34:36.884+0000] {logging_mixin.py:188} INFO - [2025-03-27T16:34:36.884+0000] {dag.py:3036} INFO - Sync 1 DAGs
[2025-03-27T16:34:36.903+0000] {logging_mixin.py:188} INFO - [2025-03-27T16:34:36.903+0000] {dag.py:3823} INFO - Setting next_dagrun for example_dynamic_task_mapping to 2022-03-04 00:00:00+00:00, run_after=2022-03-05 00:00:00+00:00
[2025-03-27T16:34:36.919+0000] {processor.py:183} INFO - Processing /home/airflow/.local/lib/python3.8/site-packages/airflow/example_dags/example_dynamic_task_mapping.py took 0.061 seconds
[2025-03-27T16:35:07.293+0000] {processor.py:161} INFO - Started process (PID=4159) to work on /home/airflow/.local/lib/python3.8/site-packages/airflow/example_dags/example_dynamic_task_mapping.py
[2025-03-27T16:35:07.294+0000] {processor.py:830} INFO - Processing file /home/airflow/.local/lib/python3.8/site-packages/airflow/example_dags/example_dynamic_task_mapping.py for tasks to queue
[2025-03-27T16:35:07.295+0000] {logging_mixin.py:188} INFO - [2025-03-27T16:35:07.295+0000] {dagbag.py:538} INFO - Filling up the DagBag from /home/airflow/.local/lib/python3.8/site-packages/airflow/example_dags/example_dynamic_task_mapping.py
[2025-03-27T16:35:07.302+0000] {processor.py:840} INFO - DAG(s) 'example_dynamic_task_mapping' retrieved from /home/airflow/.local/lib/python3.8/site-packages/airflow/example_dags/example_dynamic_task_mapping.py
[2025-03-27T16:35:07.321+0000] {logging_mixin.py:188} INFO - [2025-03-27T16:35:07.321+0000] {dag.py:3036} INFO - Sync 1 DAGs
[2025-03-27T16:35:07.341+0000] {logging_mixin.py:188} INFO - [2025-03-27T16:35:07.341+0000] {dag.py:3823} INFO - Setting next_dagrun for example_dynamic_task_mapping to 2022-03-04 00:00:00+00:00, run_after=2022-03-05 00:00:00+00:00
[2025-03-27T16:35:07.359+0000] {processor.py:183} INFO - Processing /home/airflow/.local/lib/python3.8/site-packages/airflow/example_dags/example_dynamic_task_mapping.py took 0.070 seconds
[2025-03-27T16:35:37.738+0000] {processor.py:161} INFO - Started process (PID=4406) to work on /home/airflow/.local/lib/python3.8/site-packages/airflow/example_dags/example_dynamic_task_mapping.py
[2025-03-27T16:35:37.739+0000] {processor.py:830} INFO - Processing file /home/airflow/.local/lib/python3.8/site-packages/airflow/example_dags/example_dynamic_task_mapping.py for tasks to queue
[2025-03-27T16:35:37.740+0000] {logging_mixin.py:188} INFO - [2025-03-27T16:35:37.740+0000] {dagbag.py:538} INFO - Filling up the DagBag from /home/airflow/.local/lib/python3.8/site-packages/airflow/example_dags/example_dynamic_task_mapping.py
[2025-03-27T16:35:37.746+0000] {processor.py:840} INFO - DAG(s) 'example_dynamic_task_mapping' retrieved from /home/airflow/.local/lib/python3.8/site-packages/airflow/example_dags/example_dynamic_task_mapping.py
[2025-03-27T16:35:37.764+0000] {logging_mixin.py:188} INFO - [2025-03-27T16:35:37.764+0000] {dag.py:3036} INFO - Sync 1 DAGs
[2025-03-27T16:35:37.784+0000] {logging_mixin.py:188} INFO - [2025-03-27T16:35:37.784+0000] {dag.py:3823} INFO - Setting next_dagrun for example_dynamic_task_mapping to 2022-03-04 00:00:00+00:00, run_after=2022-03-05 00:00:00+00:00
[2025-03-27T16:35:37.801+0000] {processor.py:183} INFO - Processing /home/airflow/.local/lib/python3.8/site-packages/airflow/example_dags/example_dynamic_task_mapping.py took 0.066 seconds
[2025-03-27T16:36:08.062+0000] {processor.py:161} INFO - Started process (PID=4653) to work on /home/airflow/.local/lib/python3.8/site-packages/airflow/example_dags/example_dynamic_task_mapping.py
[2025-03-27T16:36:08.062+0000] {processor.py:830} INFO - Processing file /home/airflow/.local/lib/python3.8/site-packages/airflow/example_dags/example_dynamic_task_mapping.py for tasks to queue
[2025-03-27T16:36:08.063+0000] {logging_mixin.py:188} INFO - [2025-03-27T16:36:08.063+0000] {dagbag.py:538} INFO - Filling up the DagBag from /home/airflow/.local/lib/python3.8/site-packages/airflow/example_dags/example_dynamic_task_mapping.py
[2025-03-27T16:36:08.068+0000] {processor.py:840} INFO - DAG(s) 'example_dynamic_task_mapping' retrieved from /home/airflow/.local/lib/python3.8/site-packages/airflow/example_dags/example_dynamic_task_mapping.py
[2025-03-27T16:36:08.085+0000] {logging_mixin.py:188} INFO - [2025-03-27T16:36:08.085+0000] {dag.py:3036} INFO - Sync 1 DAGs
[2025-03-27T16:36:08.103+0000] {logging_mixin.py:188} INFO - [2025-03-27T16:36:08.103+0000] {dag.py:3823} INFO - Setting next_dagrun for example_dynamic_task_mapping to 2022-03-04 00:00:00+00:00, run_after=2022-03-05 00:00:00+00:00
[2025-03-27T16:36:08.119+0000] {processor.py:183} INFO - Processing /home/airflow/.local/lib/python3.8/site-packages/airflow/example_dags/example_dynamic_task_mapping.py took 0.060 seconds
[2025-03-27T16:36:38.653+0000] {processor.py:161} INFO - Started process (PID=4900) to work on /home/airflow/.local/lib/python3.8/site-packages/airflow/example_dags/example_dynamic_task_mapping.py
[2025-03-27T16:36:38.654+0000] {processor.py:830} INFO - Processing file /home/airflow/.local/lib/python3.8/site-packages/airflow/example_dags/example_dynamic_task_mapping.py for tasks to queue
[2025-03-27T16:36:38.654+0000] {logging_mixin.py:188} INFO - [2025-03-27T16:36:38.654+0000] {dagbag.py:538} INFO - Filling up the DagBag from /home/airflow/.local/lib/python3.8/site-packages/airflow/example_dags/example_dynamic_task_mapping.py
[2025-03-27T16:36:38.662+0000] {processor.py:840} INFO - DAG(s) 'example_dynamic_task_mapping' retrieved from /home/airflow/.local/lib/python3.8/site-packages/airflow/example_dags/example_dynamic_task_mapping.py
[2025-03-27T16:36:38.681+0000] {logging_mixin.py:188} INFO - [2025-03-27T16:36:38.680+0000] {dag.py:3036} INFO - Sync 1 DAGs
[2025-03-27T16:36:38.700+0000] {logging_mixin.py:188} INFO - [2025-03-27T16:36:38.700+0000] {dag.py:3823} INFO - Setting next_dagrun for example_dynamic_task_mapping to 2022-03-04 00:00:00+00:00, run_after=2022-03-05 00:00:00+00:00
[2025-03-27T16:36:38.717+0000] {processor.py:183} INFO - Processing /home/airflow/.local/lib/python3.8/site-packages/airflow/example_dags/example_dynamic_task_mapping.py took 0.068 seconds
[2025-03-27T16:37:09.146+0000] {processor.py:161} INFO - Started process (PID=5152) to work on /home/airflow/.local/lib/python3.8/site-packages/airflow/example_dags/example_dynamic_task_mapping.py
[2025-03-27T16:37:09.147+0000] {processor.py:830} INFO - Processing file /home/airflow/.local/lib/python3.8/site-packages/airflow/example_dags/example_dynamic_task_mapping.py for tasks to queue
[2025-03-27T16:37:09.148+0000] {logging_mixin.py:188} INFO - [2025-03-27T16:37:09.148+0000] {dagbag.py:538} INFO - Filling up the DagBag from /home/airflow/.local/lib/python3.8/site-packages/airflow/example_dags/example_dynamic_task_mapping.py
[2025-03-27T16:37:09.154+0000] {processor.py:840} INFO - DAG(s) 'example_dynamic_task_mapping' retrieved from /home/airflow/.local/lib/python3.8/site-packages/airflow/example_dags/example_dynamic_task_mapping.py
[2025-03-27T16:37:09.173+0000] {logging_mixin.py:188} INFO - [2025-03-27T16:37:09.173+0000] {dag.py:3036} INFO - Sync 1 DAGs
[2025-03-27T16:37:09.196+0000] {logging_mixin.py:188} INFO - [2025-03-27T16:37:09.196+0000] {dag.py:3823} INFO - Setting next_dagrun for example_dynamic_task_mapping to 2022-03-04 00:00:00+00:00, run_after=2022-03-05 00:00:00+00:00
[2025-03-27T16:37:09.216+0000] {processor.py:183} INFO - Processing /home/airflow/.local/lib/python3.8/site-packages/airflow/example_dags/example_dynamic_task_mapping.py took 0.073 seconds
[2025-03-27T16:37:39.343+0000] {processor.py:161} INFO - Started process (PID=5404) to work on /home/airflow/.local/lib/python3.8/site-packages/airflow/example_dags/example_dynamic_task_mapping.py
[2025-03-27T16:37:39.344+0000] {processor.py:830} INFO - Processing file /home/airflow/.local/lib/python3.8/site-packages/airflow/example_dags/example_dynamic_task_mapping.py for tasks to queue
[2025-03-27T16:37:39.345+0000] {logging_mixin.py:188} INFO - [2025-03-27T16:37:39.344+0000] {dagbag.py:538} INFO - Filling up the DagBag from /home/airflow/.local/lib/python3.8/site-packages/airflow/example_dags/example_dynamic_task_mapping.py
[2025-03-27T16:37:39.350+0000] {processor.py:840} INFO - DAG(s) 'example_dynamic_task_mapping' retrieved from /home/airflow/.local/lib/python3.8/site-packages/airflow/example_dags/example_dynamic_task_mapping.py
[2025-03-27T16:37:39.366+0000] {logging_mixin.py:188} INFO - [2025-03-27T16:37:39.366+0000] {dag.py:3036} INFO - Sync 1 DAGs
[2025-03-27T16:37:39.385+0000] {logging_mixin.py:188} INFO - [2025-03-27T16:37:39.385+0000] {dag.py:3823} INFO - Setting next_dagrun for example_dynamic_task_mapping to 2022-03-04 00:00:00+00:00, run_after=2022-03-05 00:00:00+00:00
[2025-03-27T16:37:39.402+0000] {processor.py:183} INFO - Processing /home/airflow/.local/lib/python3.8/site-packages/airflow/example_dags/example_dynamic_task_mapping.py took 0.061 seconds
[2025-03-27T16:38:09.546+0000] {processor.py:161} INFO - Started process (PID=5656) to work on /home/airflow/.local/lib/python3.8/site-packages/airflow/example_dags/example_dynamic_task_mapping.py
[2025-03-27T16:38:09.547+0000] {processor.py:830} INFO - Processing file /home/airflow/.local/lib/python3.8/site-packages/airflow/example_dags/example_dynamic_task_mapping.py for tasks to queue
[2025-03-27T16:38:09.548+0000] {logging_mixin.py:188} INFO - [2025-03-27T16:38:09.548+0000] {dagbag.py:538} INFO - Filling up the DagBag from /home/airflow/.local/lib/python3.8/site-packages/airflow/example_dags/example_dynamic_task_mapping.py
[2025-03-27T16:38:09.555+0000] {processor.py:840} INFO - DAG(s) 'example_dynamic_task_mapping' retrieved from /home/airflow/.local/lib/python3.8/site-packages/airflow/example_dags/example_dynamic_task_mapping.py
[2025-03-27T16:38:09.573+0000] {logging_mixin.py:188} INFO - [2025-03-27T16:38:09.573+0000] {dag.py:3036} INFO - Sync 1 DAGs
[2025-03-27T16:38:09.594+0000] {logging_mixin.py:188} INFO - [2025-03-27T16:38:09.594+0000] {dag.py:3823} INFO - Setting next_dagrun for example_dynamic_task_mapping to 2022-03-04 00:00:00+00:00, run_after=2022-03-05 00:00:00+00:00
[2025-03-27T16:38:09.610+0000] {processor.py:183} INFO - Processing /home/airflow/.local/lib/python3.8/site-packages/airflow/example_dags/example_dynamic_task_mapping.py took 0.068 seconds
[2025-03-27T16:38:39.844+0000] {processor.py:161} INFO - Started process (PID=5908) to work on /home/airflow/.local/lib/python3.8/site-packages/airflow/example_dags/example_dynamic_task_mapping.py
[2025-03-27T16:38:39.845+0000] {processor.py:830} INFO - Processing file /home/airflow/.local/lib/python3.8/site-packages/airflow/example_dags/example_dynamic_task_mapping.py for tasks to queue
[2025-03-27T16:38:39.846+0000] {logging_mixin.py:188} INFO - [2025-03-27T16:38:39.845+0000] {dagbag.py:538} INFO - Filling up the DagBag from /home/airflow/.local/lib/python3.8/site-packages/airflow/example_dags/example_dynamic_task_mapping.py
[2025-03-27T16:38:39.852+0000] {processor.py:840} INFO - DAG(s) 'example_dynamic_task_mapping' retrieved from /home/airflow/.local/lib/python3.8/site-packages/airflow/example_dags/example_dynamic_task_mapping.py
[2025-03-27T16:38:39.872+0000] {logging_mixin.py:188} INFO - [2025-03-27T16:38:39.872+0000] {dag.py:3036} INFO - Sync 1 DAGs
[2025-03-27T16:38:39.896+0000] {logging_mixin.py:188} INFO - [2025-03-27T16:38:39.895+0000] {dag.py:3823} INFO - Setting next_dagrun for example_dynamic_task_mapping to 2022-03-04 00:00:00+00:00, run_after=2022-03-05 00:00:00+00:00
[2025-03-27T16:38:39.916+0000] {processor.py:183} INFO - Processing /home/airflow/.local/lib/python3.8/site-packages/airflow/example_dags/example_dynamic_task_mapping.py took 0.075 seconds
[2025-03-27T16:39:10.030+0000] {processor.py:161} INFO - Started process (PID=6175) to work on /home/airflow/.local/lib/python3.8/site-packages/airflow/example_dags/example_dynamic_task_mapping.py
[2025-03-27T16:39:10.031+0000] {processor.py:830} INFO - Processing file /home/airflow/.local/lib/python3.8/site-packages/airflow/example_dags/example_dynamic_task_mapping.py for tasks to queue
[2025-03-27T16:39:10.031+0000] {logging_mixin.py:188} INFO - [2025-03-27T16:39:10.031+0000] {dagbag.py:538} INFO - Filling up the DagBag from /home/airflow/.local/lib/python3.8/site-packages/airflow/example_dags/example_dynamic_task_mapping.py
[2025-03-27T16:39:10.037+0000] {processor.py:840} INFO - DAG(s) 'example_dynamic_task_mapping' retrieved from /home/airflow/.local/lib/python3.8/site-packages/airflow/example_dags/example_dynamic_task_mapping.py
[2025-03-27T16:39:10.054+0000] {logging_mixin.py:188} INFO - [2025-03-27T16:39:10.054+0000] {dag.py:3036} INFO - Sync 1 DAGs
[2025-03-27T16:39:10.073+0000] {logging_mixin.py:188} INFO - [2025-03-27T16:39:10.073+0000] {dag.py:3823} INFO - Setting next_dagrun for example_dynamic_task_mapping to 2022-03-04 00:00:00+00:00, run_after=2022-03-05 00:00:00+00:00
[2025-03-27T16:39:10.089+0000] {processor.py:183} INFO - Processing /home/airflow/.local/lib/python3.8/site-packages/airflow/example_dags/example_dynamic_task_mapping.py took 0.062 seconds
[2025-03-27T16:39:40.160+0000] {processor.py:161} INFO - Started process (PID=6432) to work on /home/airflow/.local/lib/python3.8/site-packages/airflow/example_dags/example_dynamic_task_mapping.py
[2025-03-27T16:39:40.161+0000] {processor.py:830} INFO - Processing file /home/airflow/.local/lib/python3.8/site-packages/airflow/example_dags/example_dynamic_task_mapping.py for tasks to queue
[2025-03-27T16:39:40.162+0000] {logging_mixin.py:188} INFO - [2025-03-27T16:39:40.161+0000] {dagbag.py:538} INFO - Filling up the DagBag from /home/airflow/.local/lib/python3.8/site-packages/airflow/example_dags/example_dynamic_task_mapping.py
[2025-03-27T16:39:40.168+0000] {processor.py:840} INFO - DAG(s) 'example_dynamic_task_mapping' retrieved from /home/airflow/.local/lib/python3.8/site-packages/airflow/example_dags/example_dynamic_task_mapping.py
[2025-03-27T16:39:40.187+0000] {logging_mixin.py:188} INFO - [2025-03-27T16:39:40.187+0000] {dag.py:3036} INFO - Sync 1 DAGs
[2025-03-27T16:39:40.208+0000] {logging_mixin.py:188} INFO - [2025-03-27T16:39:40.208+0000] {dag.py:3823} INFO - Setting next_dagrun for example_dynamic_task_mapping to 2022-03-04 00:00:00+00:00, run_after=2022-03-05 00:00:00+00:00
[2025-03-27T16:39:40.235+0000] {processor.py:183} INFO - Processing /home/airflow/.local/lib/python3.8/site-packages/airflow/example_dags/example_dynamic_task_mapping.py took 0.078 seconds
[2025-03-27T16:40:10.454+0000] {processor.py:161} INFO - Started process (PID=6689) to work on /home/airflow/.local/lib/python3.8/site-packages/airflow/example_dags/example_dynamic_task_mapping.py
[2025-03-27T16:40:10.455+0000] {processor.py:830} INFO - Processing file /home/airflow/.local/lib/python3.8/site-packages/airflow/example_dags/example_dynamic_task_mapping.py for tasks to queue
[2025-03-27T16:40:10.456+0000] {logging_mixin.py:188} INFO - [2025-03-27T16:40:10.455+0000] {dagbag.py:538} INFO - Filling up the DagBag from /home/airflow/.local/lib/python3.8/site-packages/airflow/example_dags/example_dynamic_task_mapping.py
[2025-03-27T16:40:10.463+0000] {processor.py:840} INFO - DAG(s) 'example_dynamic_task_mapping' retrieved from /home/airflow/.local/lib/python3.8/site-packages/airflow/example_dags/example_dynamic_task_mapping.py
[2025-03-27T16:40:10.485+0000] {logging_mixin.py:188} INFO - [2025-03-27T16:40:10.485+0000] {dag.py:3036} INFO - Sync 1 DAGs
[2025-03-27T16:40:10.512+0000] {logging_mixin.py:188} INFO - [2025-03-27T16:40:10.512+0000] {dag.py:3823} INFO - Setting next_dagrun for example_dynamic_task_mapping to 2022-03-04 00:00:00+00:00, run_after=2022-03-05 00:00:00+00:00
[2025-03-27T16:40:10.535+0000] {processor.py:183} INFO - Processing /home/airflow/.local/lib/python3.8/site-packages/airflow/example_dags/example_dynamic_task_mapping.py took 0.085 seconds
[2025-03-27T16:40:40.795+0000] {processor.py:161} INFO - Started process (PID=6941) to work on /home/airflow/.local/lib/python3.8/site-packages/airflow/example_dags/example_dynamic_task_mapping.py
[2025-03-27T16:40:40.796+0000] {processor.py:830} INFO - Processing file /home/airflow/.local/lib/python3.8/site-packages/airflow/example_dags/example_dynamic_task_mapping.py for tasks to queue
[2025-03-27T16:40:40.797+0000] {logging_mixin.py:188} INFO - [2025-03-27T16:40:40.796+0000] {dagbag.py:538} INFO - Filling up the DagBag from /home/airflow/.local/lib/python3.8/site-packages/airflow/example_dags/example_dynamic_task_mapping.py
[2025-03-27T16:40:40.802+0000] {processor.py:840} INFO - DAG(s) 'example_dynamic_task_mapping' retrieved from /home/airflow/.local/lib/python3.8/site-packages/airflow/example_dags/example_dynamic_task_mapping.py
[2025-03-27T16:40:40.819+0000] {logging_mixin.py:188} INFO - [2025-03-27T16:40:40.819+0000] {dag.py:3036} INFO - Sync 1 DAGs
[2025-03-27T16:40:40.839+0000] {logging_mixin.py:188} INFO - [2025-03-27T16:40:40.838+0000] {dag.py:3823} INFO - Setting next_dagrun for example_dynamic_task_mapping to 2022-03-04 00:00:00+00:00, run_after=2022-03-05 00:00:00+00:00
[2025-03-27T16:40:40.855+0000] {processor.py:183} INFO - Processing /home/airflow/.local/lib/python3.8/site-packages/airflow/example_dags/example_dynamic_task_mapping.py took 0.062 seconds
[2025-03-27T16:41:10.945+0000] {processor.py:161} INFO - Started process (PID=7198) to work on /home/airflow/.local/lib/python3.8/site-packages/airflow/example_dags/example_dynamic_task_mapping.py
[2025-03-27T16:41:10.946+0000] {processor.py:830} INFO - Processing file /home/airflow/.local/lib/python3.8/site-packages/airflow/example_dags/example_dynamic_task_mapping.py for tasks to queue
[2025-03-27T16:41:10.946+0000] {logging_mixin.py:188} INFO - [2025-03-27T16:41:10.946+0000] {dagbag.py:538} INFO - Filling up the DagBag from /home/airflow/.local/lib/python3.8/site-packages/airflow/example_dags/example_dynamic_task_mapping.py
[2025-03-27T16:41:10.952+0000] {processor.py:840} INFO - DAG(s) 'example_dynamic_task_mapping' retrieved from /home/airflow/.local/lib/python3.8/site-packages/airflow/example_dags/example_dynamic_task_mapping.py
[2025-03-27T16:41:10.968+0000] {logging_mixin.py:188} INFO - [2025-03-27T16:41:10.968+0000] {dag.py:3036} INFO - Sync 1 DAGs
[2025-03-27T16:41:10.987+0000] {logging_mixin.py:188} INFO - [2025-03-27T16:41:10.987+0000] {dag.py:3823} INFO - Setting next_dagrun for example_dynamic_task_mapping to 2022-03-04 00:00:00+00:00, run_after=2022-03-05 00:00:00+00:00
[2025-03-27T16:41:11.004+0000] {processor.py:183} INFO - Processing /home/airflow/.local/lib/python3.8/site-packages/airflow/example_dags/example_dynamic_task_mapping.py took 0.061 seconds
[2025-03-27T16:41:41.122+0000] {processor.py:161} INFO - Started process (PID=7457) to work on /home/airflow/.local/lib/python3.8/site-packages/airflow/example_dags/example_dynamic_task_mapping.py
[2025-03-27T16:41:41.123+0000] {processor.py:830} INFO - Processing file /home/airflow/.local/lib/python3.8/site-packages/airflow/example_dags/example_dynamic_task_mapping.py for tasks to queue
[2025-03-27T16:41:41.124+0000] {logging_mixin.py:188} INFO - [2025-03-27T16:41:41.124+0000] {dagbag.py:538} INFO - Filling up the DagBag from /home/airflow/.local/lib/python3.8/site-packages/airflow/example_dags/example_dynamic_task_mapping.py
[2025-03-27T16:41:41.129+0000] {processor.py:840} INFO - DAG(s) 'example_dynamic_task_mapping' retrieved from /home/airflow/.local/lib/python3.8/site-packages/airflow/example_dags/example_dynamic_task_mapping.py
[2025-03-27T16:41:41.146+0000] {logging_mixin.py:188} INFO - [2025-03-27T16:41:41.146+0000] {dag.py:3036} INFO - Sync 1 DAGs
[2025-03-27T16:41:41.165+0000] {logging_mixin.py:188} INFO - [2025-03-27T16:41:41.164+0000] {dag.py:3823} INFO - Setting next_dagrun for example_dynamic_task_mapping to 2022-03-04 00:00:00+00:00, run_after=2022-03-05 00:00:00+00:00
[2025-03-27T16:41:41.180+0000] {processor.py:183} INFO - Processing /home/airflow/.local/lib/python3.8/site-packages/airflow/example_dags/example_dynamic_task_mapping.py took 0.060 seconds
[2025-03-27T16:42:11.511+0000] {processor.py:161} INFO - Started process (PID=7707) to work on /home/airflow/.local/lib/python3.8/site-packages/airflow/example_dags/example_dynamic_task_mapping.py
[2025-03-27T16:42:11.511+0000] {processor.py:830} INFO - Processing file /home/airflow/.local/lib/python3.8/site-packages/airflow/example_dags/example_dynamic_task_mapping.py for tasks to queue
[2025-03-27T16:42:11.512+0000] {logging_mixin.py:188} INFO - [2025-03-27T16:42:11.512+0000] {dagbag.py:538} INFO - Filling up the DagBag from /home/airflow/.local/lib/python3.8/site-packages/airflow/example_dags/example_dynamic_task_mapping.py
[2025-03-27T16:42:11.518+0000] {processor.py:840} INFO - DAG(s) 'example_dynamic_task_mapping' retrieved from /home/airflow/.local/lib/python3.8/site-packages/airflow/example_dags/example_dynamic_task_mapping.py
[2025-03-27T16:42:11.536+0000] {logging_mixin.py:188} INFO - [2025-03-27T16:42:11.536+0000] {dag.py:3036} INFO - Sync 1 DAGs
[2025-03-27T16:42:11.556+0000] {logging_mixin.py:188} INFO - [2025-03-27T16:42:11.555+0000] {dag.py:3823} INFO - Setting next_dagrun for example_dynamic_task_mapping to 2022-03-04 00:00:00+00:00, run_after=2022-03-05 00:00:00+00:00
[2025-03-27T16:42:11.571+0000] {processor.py:183} INFO - Processing /home/airflow/.local/lib/python3.8/site-packages/airflow/example_dags/example_dynamic_task_mapping.py took 0.063 seconds
[2025-03-27T16:42:41.659+0000] {processor.py:161} INFO - Started process (PID=7959) to work on /home/airflow/.local/lib/python3.8/site-packages/airflow/example_dags/example_dynamic_task_mapping.py
[2025-03-27T16:42:41.660+0000] {processor.py:830} INFO - Processing file /home/airflow/.local/lib/python3.8/site-packages/airflow/example_dags/example_dynamic_task_mapping.py for tasks to queue
[2025-03-27T16:42:41.661+0000] {logging_mixin.py:188} INFO - [2025-03-27T16:42:41.661+0000] {dagbag.py:538} INFO - Filling up the DagBag from /home/airflow/.local/lib/python3.8/site-packages/airflow/example_dags/example_dynamic_task_mapping.py
[2025-03-27T16:42:41.667+0000] {processor.py:840} INFO - DAG(s) 'example_dynamic_task_mapping' retrieved from /home/airflow/.local/lib/python3.8/site-packages/airflow/example_dags/example_dynamic_task_mapping.py
[2025-03-27T16:42:41.687+0000] {logging_mixin.py:188} INFO - [2025-03-27T16:42:41.687+0000] {dag.py:3036} INFO - Sync 1 DAGs
[2025-03-27T16:42:41.709+0000] {logging_mixin.py:188} INFO - [2025-03-27T16:42:41.709+0000] {dag.py:3823} INFO - Setting next_dagrun for example_dynamic_task_mapping to 2022-03-04 00:00:00+00:00, run_after=2022-03-05 00:00:00+00:00
[2025-03-27T16:42:41.727+0000] {processor.py:183} INFO - Processing /home/airflow/.local/lib/python3.8/site-packages/airflow/example_dags/example_dynamic_task_mapping.py took 0.070 seconds
[2025-03-27T16:43:11.821+0000] {processor.py:161} INFO - Started process (PID=8221) to work on /home/airflow/.local/lib/python3.8/site-packages/airflow/example_dags/example_dynamic_task_mapping.py
[2025-03-27T16:43:11.822+0000] {processor.py:830} INFO - Processing file /home/airflow/.local/lib/python3.8/site-packages/airflow/example_dags/example_dynamic_task_mapping.py for tasks to queue
[2025-03-27T16:43:11.823+0000] {logging_mixin.py:188} INFO - [2025-03-27T16:43:11.823+0000] {dagbag.py:538} INFO - Filling up the DagBag from /home/airflow/.local/lib/python3.8/site-packages/airflow/example_dags/example_dynamic_task_mapping.py
[2025-03-27T16:43:11.828+0000] {processor.py:840} INFO - DAG(s) 'example_dynamic_task_mapping' retrieved from /home/airflow/.local/lib/python3.8/site-packages/airflow/example_dags/example_dynamic_task_mapping.py
[2025-03-27T16:43:11.845+0000] {logging_mixin.py:188} INFO - [2025-03-27T16:43:11.845+0000] {dag.py:3036} INFO - Sync 1 DAGs
[2025-03-27T16:43:11.865+0000] {logging_mixin.py:188} INFO - [2025-03-27T16:43:11.865+0000] {dag.py:3823} INFO - Setting next_dagrun for example_dynamic_task_mapping to 2022-03-04 00:00:00+00:00, run_after=2022-03-05 00:00:00+00:00
[2025-03-27T16:43:11.882+0000] {processor.py:183} INFO - Processing /home/airflow/.local/lib/python3.8/site-packages/airflow/example_dags/example_dynamic_task_mapping.py took 0.063 seconds
[2025-03-27T16:43:42.047+0000] {processor.py:161} INFO - Started process (PID=8537) to work on /home/airflow/.local/lib/python3.8/site-packages/airflow/example_dags/example_dynamic_task_mapping.py
[2025-03-27T16:43:42.048+0000] {processor.py:830} INFO - Processing file /home/airflow/.local/lib/python3.8/site-packages/airflow/example_dags/example_dynamic_task_mapping.py for tasks to queue
[2025-03-27T16:43:42.050+0000] {logging_mixin.py:188} INFO - [2025-03-27T16:43:42.049+0000] {dagbag.py:538} INFO - Filling up the DagBag from /home/airflow/.local/lib/python3.8/site-packages/airflow/example_dags/example_dynamic_task_mapping.py
[2025-03-27T16:43:42.057+0000] {processor.py:840} INFO - DAG(s) 'example_dynamic_task_mapping' retrieved from /home/airflow/.local/lib/python3.8/site-packages/airflow/example_dags/example_dynamic_task_mapping.py
[2025-03-27T16:43:42.077+0000] {logging_mixin.py:188} INFO - [2025-03-27T16:43:42.077+0000] {dag.py:3036} INFO - Sync 1 DAGs
[2025-03-27T16:43:42.100+0000] {logging_mixin.py:188} INFO - [2025-03-27T16:43:42.099+0000] {dag.py:3823} INFO - Setting next_dagrun for example_dynamic_task_mapping to 2022-03-04 00:00:00+00:00, run_after=2022-03-05 00:00:00+00:00
[2025-03-27T16:43:42.117+0000] {processor.py:183} INFO - Processing /home/airflow/.local/lib/python3.8/site-packages/airflow/example_dags/example_dynamic_task_mapping.py took 0.073 seconds
[2025-03-27T16:44:12.308+0000] {processor.py:161} INFO - Started process (PID=8791) to work on /home/airflow/.local/lib/python3.8/site-packages/airflow/example_dags/example_dynamic_task_mapping.py
[2025-03-27T16:44:12.310+0000] {processor.py:830} INFO - Processing file /home/airflow/.local/lib/python3.8/site-packages/airflow/example_dags/example_dynamic_task_mapping.py for tasks to queue
[2025-03-27T16:44:12.312+0000] {logging_mixin.py:188} INFO - [2025-03-27T16:44:12.311+0000] {dagbag.py:538} INFO - Filling up the DagBag from /home/airflow/.local/lib/python3.8/site-packages/airflow/example_dags/example_dynamic_task_mapping.py
[2025-03-27T16:44:12.322+0000] {processor.py:840} INFO - DAG(s) 'example_dynamic_task_mapping' retrieved from /home/airflow/.local/lib/python3.8/site-packages/airflow/example_dags/example_dynamic_task_mapping.py
[2025-03-27T16:44:12.352+0000] {logging_mixin.py:188} INFO - [2025-03-27T16:44:12.352+0000] {dag.py:3036} INFO - Sync 1 DAGs
[2025-03-27T16:44:12.381+0000] {logging_mixin.py:188} INFO - [2025-03-27T16:44:12.381+0000] {dag.py:3823} INFO - Setting next_dagrun for example_dynamic_task_mapping to 2022-03-04 00:00:00+00:00, run_after=2022-03-05 00:00:00+00:00
[2025-03-27T16:44:12.411+0000] {processor.py:183} INFO - Processing /home/airflow/.local/lib/python3.8/site-packages/airflow/example_dags/example_dynamic_task_mapping.py took 0.108 seconds
[2025-03-27T16:44:42.676+0000] {processor.py:161} INFO - Started process (PID=9056) to work on /home/airflow/.local/lib/python3.8/site-packages/airflow/example_dags/example_dynamic_task_mapping.py
[2025-03-27T16:44:42.678+0000] {processor.py:830} INFO - Processing file /home/airflow/.local/lib/python3.8/site-packages/airflow/example_dags/example_dynamic_task_mapping.py for tasks to queue
[2025-03-27T16:44:42.679+0000] {logging_mixin.py:188} INFO - [2025-03-27T16:44:42.679+0000] {dagbag.py:538} INFO - Filling up the DagBag from /home/airflow/.local/lib/python3.8/site-packages/airflow/example_dags/example_dynamic_task_mapping.py
[2025-03-27T16:44:42.686+0000] {processor.py:840} INFO - DAG(s) 'example_dynamic_task_mapping' retrieved from /home/airflow/.local/lib/python3.8/site-packages/airflow/example_dags/example_dynamic_task_mapping.py
[2025-03-27T16:44:42.709+0000] {logging_mixin.py:188} INFO - [2025-03-27T16:44:42.709+0000] {dag.py:3036} INFO - Sync 1 DAGs
[2025-03-27T16:44:42.738+0000] {logging_mixin.py:188} INFO - [2025-03-27T16:44:42.737+0000] {dag.py:3823} INFO - Setting next_dagrun for example_dynamic_task_mapping to 2022-03-04 00:00:00+00:00, run_after=2022-03-05 00:00:00+00:00
[2025-03-27T16:44:42.759+0000] {processor.py:183} INFO - Processing /home/airflow/.local/lib/python3.8/site-packages/airflow/example_dags/example_dynamic_task_mapping.py took 0.086 seconds
[2025-03-27T16:45:12.823+0000] {processor.py:161} INFO - Started process (PID=9308) to work on /home/airflow/.local/lib/python3.8/site-packages/airflow/example_dags/example_dynamic_task_mapping.py
[2025-03-27T16:45:12.824+0000] {processor.py:830} INFO - Processing file /home/airflow/.local/lib/python3.8/site-packages/airflow/example_dags/example_dynamic_task_mapping.py for tasks to queue
[2025-03-27T16:45:12.825+0000] {logging_mixin.py:188} INFO - [2025-03-27T16:45:12.824+0000] {dagbag.py:538} INFO - Filling up the DagBag from /home/airflow/.local/lib/python3.8/site-packages/airflow/example_dags/example_dynamic_task_mapping.py
[2025-03-27T16:45:12.831+0000] {processor.py:840} INFO - DAG(s) 'example_dynamic_task_mapping' retrieved from /home/airflow/.local/lib/python3.8/site-packages/airflow/example_dags/example_dynamic_task_mapping.py
[2025-03-27T16:45:12.853+0000] {logging_mixin.py:188} INFO - [2025-03-27T16:45:12.853+0000] {dag.py:3036} INFO - Sync 1 DAGs
[2025-03-27T16:45:12.878+0000] {logging_mixin.py:188} INFO - [2025-03-27T16:45:12.878+0000] {dag.py:3823} INFO - Setting next_dagrun for example_dynamic_task_mapping to 2022-03-04 00:00:00+00:00, run_after=2022-03-05 00:00:00+00:00
[2025-03-27T16:45:12.901+0000] {processor.py:183} INFO - Processing /home/airflow/.local/lib/python3.8/site-packages/airflow/example_dags/example_dynamic_task_mapping.py took 0.081 seconds
[2025-03-27T16:45:43.734+0000] {processor.py:161} INFO - Started process (PID=9801) to work on /home/airflow/.local/lib/python3.8/site-packages/airflow/example_dags/example_dynamic_task_mapping.py
[2025-03-27T16:45:43.736+0000] {processor.py:830} INFO - Processing file /home/airflow/.local/lib/python3.8/site-packages/airflow/example_dags/example_dynamic_task_mapping.py for tasks to queue
[2025-03-27T16:45:43.738+0000] {logging_mixin.py:188} INFO - [2025-03-27T16:45:43.738+0000] {dagbag.py:538} INFO - Filling up the DagBag from /home/airflow/.local/lib/python3.8/site-packages/airflow/example_dags/example_dynamic_task_mapping.py
[2025-03-27T16:45:43.748+0000] {processor.py:840} INFO - DAG(s) 'example_dynamic_task_mapping' retrieved from /home/airflow/.local/lib/python3.8/site-packages/airflow/example_dags/example_dynamic_task_mapping.py
[2025-03-27T16:45:43.776+0000] {logging_mixin.py:188} INFO - [2025-03-27T16:45:43.776+0000] {dag.py:3036} INFO - Sync 1 DAGs
[2025-03-27T16:45:43.818+0000] {logging_mixin.py:188} INFO - [2025-03-27T16:45:43.817+0000] {dag.py:3823} INFO - Setting next_dagrun for example_dynamic_task_mapping to 2022-03-04 00:00:00+00:00, run_after=2022-03-05 00:00:00+00:00
[2025-03-27T16:45:43.867+0000] {processor.py:183} INFO - Processing /home/airflow/.local/lib/python3.8/site-packages/airflow/example_dags/example_dynamic_task_mapping.py took 0.139 seconds
[2025-03-27T16:46:14.944+0000] {processor.py:161} INFO - Started process (PID=10434) to work on /home/airflow/.local/lib/python3.8/site-packages/airflow/example_dags/example_dynamic_task_mapping.py
[2025-03-27T16:46:14.946+0000] {processor.py:830} INFO - Processing file /home/airflow/.local/lib/python3.8/site-packages/airflow/example_dags/example_dynamic_task_mapping.py for tasks to queue
[2025-03-27T16:46:14.948+0000] {logging_mixin.py:188} INFO - [2025-03-27T16:46:14.948+0000] {dagbag.py:538} INFO - Filling up the DagBag from /home/airflow/.local/lib/python3.8/site-packages/airflow/example_dags/example_dynamic_task_mapping.py
[2025-03-27T16:46:14.967+0000] {processor.py:840} INFO - DAG(s) 'example_dynamic_task_mapping' retrieved from /home/airflow/.local/lib/python3.8/site-packages/airflow/example_dags/example_dynamic_task_mapping.py
[2025-03-27T16:46:15.062+0000] {logging_mixin.py:188} INFO - [2025-03-27T16:46:15.061+0000] {dag.py:3036} INFO - Sync 1 DAGs
[2025-03-27T16:46:15.116+0000] {logging_mixin.py:188} INFO - [2025-03-27T16:46:15.116+0000] {dag.py:3823} INFO - Setting next_dagrun for example_dynamic_task_mapping to 2022-03-04 00:00:00+00:00, run_after=2022-03-05 00:00:00+00:00
[2025-03-27T16:46:15.160+0000] {processor.py:183} INFO - Processing /home/airflow/.local/lib/python3.8/site-packages/airflow/example_dags/example_dynamic_task_mapping.py took 0.221 seconds
[2025-03-27T16:46:45.407+0000] {processor.py:161} INFO - Started process (PID=11127) to work on /home/airflow/.local/lib/python3.8/site-packages/airflow/example_dags/example_dynamic_task_mapping.py
[2025-03-27T16:46:45.413+0000] {processor.py:830} INFO - Processing file /home/airflow/.local/lib/python3.8/site-packages/airflow/example_dags/example_dynamic_task_mapping.py for tasks to queue
[2025-03-27T16:46:45.429+0000] {logging_mixin.py:188} INFO - [2025-03-27T16:46:45.424+0000] {dagbag.py:538} INFO - Filling up the DagBag from /home/airflow/.local/lib/python3.8/site-packages/airflow/example_dags/example_dynamic_task_mapping.py
[2025-03-27T16:46:45.463+0000] {processor.py:840} INFO - DAG(s) 'example_dynamic_task_mapping' retrieved from /home/airflow/.local/lib/python3.8/site-packages/airflow/example_dags/example_dynamic_task_mapping.py
[2025-03-27T16:46:45.522+0000] {logging_mixin.py:188} INFO - [2025-03-27T16:46:45.522+0000] {dag.py:3036} INFO - Sync 1 DAGs
[2025-03-27T16:46:45.568+0000] {logging_mixin.py:188} INFO - [2025-03-27T16:46:45.568+0000] {dag.py:3823} INFO - Setting next_dagrun for example_dynamic_task_mapping to 2022-03-04 00:00:00+00:00, run_after=2022-03-05 00:00:00+00:00
[2025-03-27T16:46:45.605+0000] {processor.py:183} INFO - Processing /home/airflow/.local/lib/python3.8/site-packages/airflow/example_dags/example_dynamic_task_mapping.py took 0.207 seconds
[2025-03-27T16:47:16.376+0000] {processor.py:161} INFO - Started process (PID=11853) to work on /home/airflow/.local/lib/python3.8/site-packages/airflow/example_dags/example_dynamic_task_mapping.py
[2025-03-27T16:47:16.377+0000] {processor.py:830} INFO - Processing file /home/airflow/.local/lib/python3.8/site-packages/airflow/example_dags/example_dynamic_task_mapping.py for tasks to queue
[2025-03-27T16:47:16.379+0000] {logging_mixin.py:188} INFO - [2025-03-27T16:47:16.378+0000] {dagbag.py:538} INFO - Filling up the DagBag from /home/airflow/.local/lib/python3.8/site-packages/airflow/example_dags/example_dynamic_task_mapping.py
[2025-03-27T16:47:16.391+0000] {processor.py:840} INFO - DAG(s) 'example_dynamic_task_mapping' retrieved from /home/airflow/.local/lib/python3.8/site-packages/airflow/example_dags/example_dynamic_task_mapping.py
[2025-03-27T16:47:16.423+0000] {logging_mixin.py:188} INFO - [2025-03-27T16:47:16.422+0000] {dag.py:3036} INFO - Sync 1 DAGs
[2025-03-27T16:47:16.462+0000] {logging_mixin.py:188} INFO - [2025-03-27T16:47:16.462+0000] {dag.py:3823} INFO - Setting next_dagrun for example_dynamic_task_mapping to 2022-03-04 00:00:00+00:00, run_after=2022-03-05 00:00:00+00:00
[2025-03-27T16:47:16.494+0000] {processor.py:183} INFO - Processing /home/airflow/.local/lib/python3.8/site-packages/airflow/example_dags/example_dynamic_task_mapping.py took 0.123 seconds
[2025-03-27T16:47:46.592+0000] {processor.py:161} INFO - Started process (PID=12514) to work on /home/airflow/.local/lib/python3.8/site-packages/airflow/example_dags/example_dynamic_task_mapping.py
[2025-03-27T16:47:46.593+0000] {processor.py:830} INFO - Processing file /home/airflow/.local/lib/python3.8/site-packages/airflow/example_dags/example_dynamic_task_mapping.py for tasks to queue
[2025-03-27T16:47:46.594+0000] {logging_mixin.py:188} INFO - [2025-03-27T16:47:46.593+0000] {dagbag.py:538} INFO - Filling up the DagBag from /home/airflow/.local/lib/python3.8/site-packages/airflow/example_dags/example_dynamic_task_mapping.py
[2025-03-27T16:47:46.600+0000] {processor.py:840} INFO - DAG(s) 'example_dynamic_task_mapping' retrieved from /home/airflow/.local/lib/python3.8/site-packages/airflow/example_dags/example_dynamic_task_mapping.py
[2025-03-27T16:47:46.618+0000] {logging_mixin.py:188} INFO - [2025-03-27T16:47:46.618+0000] {dag.py:3036} INFO - Sync 1 DAGs
[2025-03-27T16:47:46.639+0000] {logging_mixin.py:188} INFO - [2025-03-27T16:47:46.638+0000] {dag.py:3823} INFO - Setting next_dagrun for example_dynamic_task_mapping to 2022-03-04 00:00:00+00:00, run_after=2022-03-05 00:00:00+00:00
[2025-03-27T16:47:46.664+0000] {processor.py:183} INFO - Processing /home/airflow/.local/lib/python3.8/site-packages/airflow/example_dags/example_dynamic_task_mapping.py took 0.076 seconds
[2025-03-27T16:48:16.930+0000] {processor.py:161} INFO - Started process (PID=13185) to work on /home/airflow/.local/lib/python3.8/site-packages/airflow/example_dags/example_dynamic_task_mapping.py
[2025-03-27T16:48:16.932+0000] {processor.py:830} INFO - Processing file /home/airflow/.local/lib/python3.8/site-packages/airflow/example_dags/example_dynamic_task_mapping.py for tasks to queue
[2025-03-27T16:48:16.934+0000] {logging_mixin.py:188} INFO - [2025-03-27T16:48:16.933+0000] {dagbag.py:538} INFO - Filling up the DagBag from /home/airflow/.local/lib/python3.8/site-packages/airflow/example_dags/example_dynamic_task_mapping.py
[2025-03-27T16:48:16.947+0000] {processor.py:840} INFO - DAG(s) 'example_dynamic_task_mapping' retrieved from /home/airflow/.local/lib/python3.8/site-packages/airflow/example_dags/example_dynamic_task_mapping.py
[2025-03-27T16:48:16.982+0000] {logging_mixin.py:188} INFO - [2025-03-27T16:48:16.981+0000] {dag.py:3036} INFO - Sync 1 DAGs
[2025-03-27T16:48:17.032+0000] {logging_mixin.py:188} INFO - [2025-03-27T16:48:17.032+0000] {dag.py:3823} INFO - Setting next_dagrun for example_dynamic_task_mapping to 2022-03-04 00:00:00+00:00, run_after=2022-03-05 00:00:00+00:00
[2025-03-27T16:48:17.069+0000] {processor.py:183} INFO - Processing /home/airflow/.local/lib/python3.8/site-packages/airflow/example_dags/example_dynamic_task_mapping.py took 0.149 seconds
[2025-03-27T16:48:47.792+0000] {processor.py:161} INFO - Started process (PID=13892) to work on /home/airflow/.local/lib/python3.8/site-packages/airflow/example_dags/example_dynamic_task_mapping.py
[2025-03-27T16:48:47.794+0000] {processor.py:830} INFO - Processing file /home/airflow/.local/lib/python3.8/site-packages/airflow/example_dags/example_dynamic_task_mapping.py for tasks to queue
[2025-03-27T16:48:47.795+0000] {logging_mixin.py:188} INFO - [2025-03-27T16:48:47.795+0000] {dagbag.py:538} INFO - Filling up the DagBag from /home/airflow/.local/lib/python3.8/site-packages/airflow/example_dags/example_dynamic_task_mapping.py
[2025-03-27T16:48:47.807+0000] {processor.py:840} INFO - DAG(s) 'example_dynamic_task_mapping' retrieved from /home/airflow/.local/lib/python3.8/site-packages/airflow/example_dags/example_dynamic_task_mapping.py
[2025-03-27T16:48:47.839+0000] {logging_mixin.py:188} INFO - [2025-03-27T16:48:47.838+0000] {dag.py:3036} INFO - Sync 1 DAGs
[2025-03-27T16:48:47.880+0000] {logging_mixin.py:188} INFO - [2025-03-27T16:48:47.879+0000] {dag.py:3823} INFO - Setting next_dagrun for example_dynamic_task_mapping to 2022-03-04 00:00:00+00:00, run_after=2022-03-05 00:00:00+00:00
[2025-03-27T16:48:47.912+0000] {processor.py:183} INFO - Processing /home/airflow/.local/lib/python3.8/site-packages/airflow/example_dags/example_dynamic_task_mapping.py took 0.126 seconds
[2025-03-27T16:49:18.249+0000] {processor.py:161} INFO - Started process (PID=14554) to work on /home/airflow/.local/lib/python3.8/site-packages/airflow/example_dags/example_dynamic_task_mapping.py
[2025-03-27T16:49:18.251+0000] {processor.py:830} INFO - Processing file /home/airflow/.local/lib/python3.8/site-packages/airflow/example_dags/example_dynamic_task_mapping.py for tasks to queue
[2025-03-27T16:49:18.253+0000] {logging_mixin.py:188} INFO - [2025-03-27T16:49:18.253+0000] {dagbag.py:538} INFO - Filling up the DagBag from /home/airflow/.local/lib/python3.8/site-packages/airflow/example_dags/example_dynamic_task_mapping.py
[2025-03-27T16:49:18.268+0000] {processor.py:840} INFO - DAG(s) 'example_dynamic_task_mapping' retrieved from /home/airflow/.local/lib/python3.8/site-packages/airflow/example_dags/example_dynamic_task_mapping.py
[2025-03-27T16:49:18.305+0000] {logging_mixin.py:188} INFO - [2025-03-27T16:49:18.305+0000] {dag.py:3036} INFO - Sync 1 DAGs
[2025-03-27T16:49:18.352+0000] {logging_mixin.py:188} INFO - [2025-03-27T16:49:18.352+0000] {dag.py:3823} INFO - Setting next_dagrun for example_dynamic_task_mapping to 2022-03-04 00:00:00+00:00, run_after=2022-03-05 00:00:00+00:00
[2025-03-27T16:49:18.387+0000] {processor.py:183} INFO - Processing /home/airflow/.local/lib/python3.8/site-packages/airflow/example_dags/example_dynamic_task_mapping.py took 0.145 seconds
[2025-03-27T16:49:49.334+0000] {processor.py:161} INFO - Started process (PID=15260) to work on /home/airflow/.local/lib/python3.8/site-packages/airflow/example_dags/example_dynamic_task_mapping.py
[2025-03-27T16:49:49.335+0000] {processor.py:830} INFO - Processing file /home/airflow/.local/lib/python3.8/site-packages/airflow/example_dags/example_dynamic_task_mapping.py for tasks to queue
[2025-03-27T16:49:49.336+0000] {logging_mixin.py:188} INFO - [2025-03-27T16:49:49.336+0000] {dagbag.py:538} INFO - Filling up the DagBag from /home/airflow/.local/lib/python3.8/site-packages/airflow/example_dags/example_dynamic_task_mapping.py
[2025-03-27T16:49:49.345+0000] {processor.py:840} INFO - DAG(s) 'example_dynamic_task_mapping' retrieved from /home/airflow/.local/lib/python3.8/site-packages/airflow/example_dags/example_dynamic_task_mapping.py
[2025-03-27T16:49:49.373+0000] {logging_mixin.py:188} INFO - [2025-03-27T16:49:49.373+0000] {dag.py:3036} INFO - Sync 1 DAGs
[2025-03-27T16:49:49.405+0000] {logging_mixin.py:188} INFO - [2025-03-27T16:49:49.405+0000] {dag.py:3823} INFO - Setting next_dagrun for example_dynamic_task_mapping to 2022-03-04 00:00:00+00:00, run_after=2022-03-05 00:00:00+00:00
[2025-03-27T16:49:49.432+0000] {processor.py:183} INFO - Processing /home/airflow/.local/lib/python3.8/site-packages/airflow/example_dags/example_dynamic_task_mapping.py took 0.102 seconds
[2025-03-27T16:50:19.640+0000] {processor.py:161} INFO - Started process (PID=15952) to work on /home/airflow/.local/lib/python3.8/site-packages/airflow/example_dags/example_dynamic_task_mapping.py
[2025-03-27T16:50:19.643+0000] {processor.py:830} INFO - Processing file /home/airflow/.local/lib/python3.8/site-packages/airflow/example_dags/example_dynamic_task_mapping.py for tasks to queue
[2025-03-27T16:50:19.646+0000] {logging_mixin.py:188} INFO - [2025-03-27T16:50:19.645+0000] {dagbag.py:538} INFO - Filling up the DagBag from /home/airflow/.local/lib/python3.8/site-packages/airflow/example_dags/example_dynamic_task_mapping.py
[2025-03-27T16:50:19.672+0000] {processor.py:840} INFO - DAG(s) 'example_dynamic_task_mapping' retrieved from /home/airflow/.local/lib/python3.8/site-packages/airflow/example_dags/example_dynamic_task_mapping.py
[2025-03-27T16:50:19.716+0000] {logging_mixin.py:188} INFO - [2025-03-27T16:50:19.716+0000] {dag.py:3036} INFO - Sync 1 DAGs
[2025-03-27T16:50:19.772+0000] {logging_mixin.py:188} INFO - [2025-03-27T16:50:19.772+0000] {dag.py:3823} INFO - Setting next_dagrun for example_dynamic_task_mapping to 2022-03-04 00:00:00+00:00, run_after=2022-03-05 00:00:00+00:00
[2025-03-27T16:50:19.814+0000] {processor.py:183} INFO - Processing /home/airflow/.local/lib/python3.8/site-packages/airflow/example_dags/example_dynamic_task_mapping.py took 0.187 seconds
[2025-03-27T16:50:50.324+0000] {processor.py:161} INFO - Started process (PID=16662) to work on /home/airflow/.local/lib/python3.8/site-packages/airflow/example_dags/example_dynamic_task_mapping.py
[2025-03-27T16:50:50.326+0000] {processor.py:830} INFO - Processing file /home/airflow/.local/lib/python3.8/site-packages/airflow/example_dags/example_dynamic_task_mapping.py for tasks to queue
[2025-03-27T16:50:50.328+0000] {logging_mixin.py:188} INFO - [2025-03-27T16:50:50.328+0000] {dagbag.py:538} INFO - Filling up the DagBag from /home/airflow/.local/lib/python3.8/site-packages/airflow/example_dags/example_dynamic_task_mapping.py
[2025-03-27T16:50:50.341+0000] {processor.py:840} INFO - DAG(s) 'example_dynamic_task_mapping' retrieved from /home/airflow/.local/lib/python3.8/site-packages/airflow/example_dags/example_dynamic_task_mapping.py
[2025-03-27T16:50:50.377+0000] {logging_mixin.py:188} INFO - [2025-03-27T16:50:50.377+0000] {dag.py:3036} INFO - Sync 1 DAGs
[2025-03-27T16:50:50.418+0000] {logging_mixin.py:188} INFO - [2025-03-27T16:50:50.418+0000] {dag.py:3823} INFO - Setting next_dagrun for example_dynamic_task_mapping to 2022-03-04 00:00:00+00:00, run_after=2022-03-05 00:00:00+00:00
[2025-03-27T16:50:50.449+0000] {processor.py:183} INFO - Processing /home/airflow/.local/lib/python3.8/site-packages/airflow/example_dags/example_dynamic_task_mapping.py took 0.130 seconds
[2025-03-27T16:51:20.682+0000] {processor.py:161} INFO - Started process (PID=17324) to work on /home/airflow/.local/lib/python3.8/site-packages/airflow/example_dags/example_dynamic_task_mapping.py
[2025-03-27T16:51:20.683+0000] {processor.py:830} INFO - Processing file /home/airflow/.local/lib/python3.8/site-packages/airflow/example_dags/example_dynamic_task_mapping.py for tasks to queue
[2025-03-27T16:51:20.684+0000] {logging_mixin.py:188} INFO - [2025-03-27T16:51:20.684+0000] {dagbag.py:538} INFO - Filling up the DagBag from /home/airflow/.local/lib/python3.8/site-packages/airflow/example_dags/example_dynamic_task_mapping.py
[2025-03-27T16:51:20.690+0000] {processor.py:840} INFO - DAG(s) 'example_dynamic_task_mapping' retrieved from /home/airflow/.local/lib/python3.8/site-packages/airflow/example_dags/example_dynamic_task_mapping.py
[2025-03-27T16:51:20.711+0000] {logging_mixin.py:188} INFO - [2025-03-27T16:51:20.711+0000] {dag.py:3036} INFO - Sync 1 DAGs
[2025-03-27T16:51:20.734+0000] {logging_mixin.py:188} INFO - [2025-03-27T16:51:20.734+0000] {dag.py:3823} INFO - Setting next_dagrun for example_dynamic_task_mapping to 2022-03-04 00:00:00+00:00, run_after=2022-03-05 00:00:00+00:00
[2025-03-27T16:51:20.753+0000] {processor.py:183} INFO - Processing /home/airflow/.local/lib/python3.8/site-packages/airflow/example_dags/example_dynamic_task_mapping.py took 0.073 seconds
[2025-03-27T16:51:50.858+0000] {processor.py:161} INFO - Started process (PID=17744) to work on /home/airflow/.local/lib/python3.8/site-packages/airflow/example_dags/example_dynamic_task_mapping.py
[2025-03-27T16:51:50.859+0000] {processor.py:830} INFO - Processing file /home/airflow/.local/lib/python3.8/site-packages/airflow/example_dags/example_dynamic_task_mapping.py for tasks to queue
[2025-03-27T16:51:50.860+0000] {logging_mixin.py:188} INFO - [2025-03-27T16:51:50.859+0000] {dagbag.py:538} INFO - Filling up the DagBag from /home/airflow/.local/lib/python3.8/site-packages/airflow/example_dags/example_dynamic_task_mapping.py
[2025-03-27T16:51:50.867+0000] {processor.py:840} INFO - DAG(s) 'example_dynamic_task_mapping' retrieved from /home/airflow/.local/lib/python3.8/site-packages/airflow/example_dags/example_dynamic_task_mapping.py
[2025-03-27T16:51:50.888+0000] {logging_mixin.py:188} INFO - [2025-03-27T16:51:50.888+0000] {dag.py:3036} INFO - Sync 1 DAGs
[2025-03-27T16:51:50.911+0000] {logging_mixin.py:188} INFO - [2025-03-27T16:51:50.911+0000] {dag.py:3823} INFO - Setting next_dagrun for example_dynamic_task_mapping to 2022-03-04 00:00:00+00:00, run_after=2022-03-05 00:00:00+00:00
[2025-03-27T16:51:50.932+0000] {processor.py:183} INFO - Processing /home/airflow/.local/lib/python3.8/site-packages/airflow/example_dags/example_dynamic_task_mapping.py took 0.077 seconds
[2025-03-27T16:52:21.163+0000] {processor.py:161} INFO - Started process (PID=17996) to work on /home/airflow/.local/lib/python3.8/site-packages/airflow/example_dags/example_dynamic_task_mapping.py
[2025-03-27T16:52:21.164+0000] {processor.py:830} INFO - Processing file /home/airflow/.local/lib/python3.8/site-packages/airflow/example_dags/example_dynamic_task_mapping.py for tasks to queue
[2025-03-27T16:52:21.165+0000] {logging_mixin.py:188} INFO - [2025-03-27T16:52:21.164+0000] {dagbag.py:538} INFO - Filling up the DagBag from /home/airflow/.local/lib/python3.8/site-packages/airflow/example_dags/example_dynamic_task_mapping.py
[2025-03-27T16:52:21.170+0000] {processor.py:840} INFO - DAG(s) 'example_dynamic_task_mapping' retrieved from /home/airflow/.local/lib/python3.8/site-packages/airflow/example_dags/example_dynamic_task_mapping.py
[2025-03-27T16:52:21.188+0000] {logging_mixin.py:188} INFO - [2025-03-27T16:52:21.187+0000] {dag.py:3036} INFO - Sync 1 DAGs
[2025-03-27T16:52:21.207+0000] {logging_mixin.py:188} INFO - [2025-03-27T16:52:21.207+0000] {dag.py:3823} INFO - Setting next_dagrun for example_dynamic_task_mapping to 2022-03-04 00:00:00+00:00, run_after=2022-03-05 00:00:00+00:00
[2025-03-27T16:52:21.222+0000] {processor.py:183} INFO - Processing /home/airflow/.local/lib/python3.8/site-packages/airflow/example_dags/example_dynamic_task_mapping.py took 0.062 seconds
[2025-03-27T16:52:51.613+0000] {processor.py:161} INFO - Started process (PID=18248) to work on /home/airflow/.local/lib/python3.8/site-packages/airflow/example_dags/example_dynamic_task_mapping.py
[2025-03-27T16:52:51.614+0000] {processor.py:830} INFO - Processing file /home/airflow/.local/lib/python3.8/site-packages/airflow/example_dags/example_dynamic_task_mapping.py for tasks to queue
[2025-03-27T16:52:51.615+0000] {logging_mixin.py:188} INFO - [2025-03-27T16:52:51.615+0000] {dagbag.py:538} INFO - Filling up the DagBag from /home/airflow/.local/lib/python3.8/site-packages/airflow/example_dags/example_dynamic_task_mapping.py
[2025-03-27T16:52:51.621+0000] {processor.py:840} INFO - DAG(s) 'example_dynamic_task_mapping' retrieved from /home/airflow/.local/lib/python3.8/site-packages/airflow/example_dags/example_dynamic_task_mapping.py
[2025-03-27T16:52:51.641+0000] {logging_mixin.py:188} INFO - [2025-03-27T16:52:51.641+0000] {dag.py:3036} INFO - Sync 1 DAGs
[2025-03-27T16:52:51.807+0000] {logging_mixin.py:188} INFO - [2025-03-27T16:52:51.807+0000] {dag.py:3823} INFO - Setting next_dagrun for example_dynamic_task_mapping to 2022-03-04 00:00:00+00:00, run_after=2022-03-05 00:00:00+00:00
[2025-03-27T16:52:51.825+0000] {processor.py:183} INFO - Processing /home/airflow/.local/lib/python3.8/site-packages/airflow/example_dags/example_dynamic_task_mapping.py took 0.215 seconds
[2025-03-27T16:53:22.636+0000] {processor.py:161} INFO - Started process (PID=18500) to work on /home/airflow/.local/lib/python3.8/site-packages/airflow/example_dags/example_dynamic_task_mapping.py
[2025-03-27T16:53:22.637+0000] {processor.py:830} INFO - Processing file /home/airflow/.local/lib/python3.8/site-packages/airflow/example_dags/example_dynamic_task_mapping.py for tasks to queue
[2025-03-27T16:53:22.638+0000] {logging_mixin.py:188} INFO - [2025-03-27T16:53:22.637+0000] {dagbag.py:538} INFO - Filling up the DagBag from /home/airflow/.local/lib/python3.8/site-packages/airflow/example_dags/example_dynamic_task_mapping.py
[2025-03-27T16:53:22.645+0000] {processor.py:840} INFO - DAG(s) 'example_dynamic_task_mapping' retrieved from /home/airflow/.local/lib/python3.8/site-packages/airflow/example_dags/example_dynamic_task_mapping.py
[2025-03-27T16:53:22.664+0000] {logging_mixin.py:188} INFO - [2025-03-27T16:53:22.664+0000] {dag.py:3036} INFO - Sync 1 DAGs
[2025-03-27T16:53:22.685+0000] {logging_mixin.py:188} INFO - [2025-03-27T16:53:22.685+0000] {dag.py:3823} INFO - Setting next_dagrun for example_dynamic_task_mapping to 2022-03-04 00:00:00+00:00, run_after=2022-03-05 00:00:00+00:00
[2025-03-27T16:53:22.832+0000] {processor.py:183} INFO - Processing /home/airflow/.local/lib/python3.8/site-packages/airflow/example_dags/example_dynamic_task_mapping.py took 0.199 seconds
[2025-03-27T16:53:52.910+0000] {processor.py:161} INFO - Started process (PID=18752) to work on /home/airflow/.local/lib/python3.8/site-packages/airflow/example_dags/example_dynamic_task_mapping.py
[2025-03-27T16:53:52.911+0000] {processor.py:830} INFO - Processing file /home/airflow/.local/lib/python3.8/site-packages/airflow/example_dags/example_dynamic_task_mapping.py for tasks to queue
[2025-03-27T16:53:52.912+0000] {logging_mixin.py:188} INFO - [2025-03-27T16:53:52.912+0000] {dagbag.py:538} INFO - Filling up the DagBag from /home/airflow/.local/lib/python3.8/site-packages/airflow/example_dags/example_dynamic_task_mapping.py
[2025-03-27T16:53:52.919+0000] {processor.py:840} INFO - DAG(s) 'example_dynamic_task_mapping' retrieved from /home/airflow/.local/lib/python3.8/site-packages/airflow/example_dags/example_dynamic_task_mapping.py
[2025-03-27T16:53:52.938+0000] {logging_mixin.py:188} INFO - [2025-03-27T16:53:52.937+0000] {dag.py:3036} INFO - Sync 1 DAGs
[2025-03-27T16:53:52.957+0000] {logging_mixin.py:188} INFO - [2025-03-27T16:53:52.957+0000] {dag.py:3823} INFO - Setting next_dagrun for example_dynamic_task_mapping to 2022-03-04 00:00:00+00:00, run_after=2022-03-05 00:00:00+00:00
[2025-03-27T16:53:52.973+0000] {processor.py:183} INFO - Processing /home/airflow/.local/lib/python3.8/site-packages/airflow/example_dags/example_dynamic_task_mapping.py took 0.065 seconds
[2025-03-27T16:54:23.171+0000] {processor.py:161} INFO - Started process (PID=19004) to work on /home/airflow/.local/lib/python3.8/site-packages/airflow/example_dags/example_dynamic_task_mapping.py
[2025-03-27T16:54:23.172+0000] {processor.py:830} INFO - Processing file /home/airflow/.local/lib/python3.8/site-packages/airflow/example_dags/example_dynamic_task_mapping.py for tasks to queue
[2025-03-27T16:54:23.173+0000] {logging_mixin.py:188} INFO - [2025-03-27T16:54:23.173+0000] {dagbag.py:538} INFO - Filling up the DagBag from /home/airflow/.local/lib/python3.8/site-packages/airflow/example_dags/example_dynamic_task_mapping.py
[2025-03-27T16:54:23.179+0000] {processor.py:840} INFO - DAG(s) 'example_dynamic_task_mapping' retrieved from /home/airflow/.local/lib/python3.8/site-packages/airflow/example_dags/example_dynamic_task_mapping.py
[2025-03-27T16:54:23.197+0000] {logging_mixin.py:188} INFO - [2025-03-27T16:54:23.197+0000] {dag.py:3036} INFO - Sync 1 DAGs
[2025-03-27T16:54:23.216+0000] {logging_mixin.py:188} INFO - [2025-03-27T16:54:23.216+0000] {dag.py:3823} INFO - Setting next_dagrun for example_dynamic_task_mapping to 2022-03-04 00:00:00+00:00, run_after=2022-03-05 00:00:00+00:00
[2025-03-27T16:54:23.231+0000] {processor.py:183} INFO - Processing /home/airflow/.local/lib/python3.8/site-packages/airflow/example_dags/example_dynamic_task_mapping.py took 0.062 seconds
[2025-03-27T16:54:53.532+0000] {processor.py:161} INFO - Started process (PID=19256) to work on /home/airflow/.local/lib/python3.8/site-packages/airflow/example_dags/example_dynamic_task_mapping.py
[2025-03-27T16:54:53.533+0000] {processor.py:830} INFO - Processing file /home/airflow/.local/lib/python3.8/site-packages/airflow/example_dags/example_dynamic_task_mapping.py for tasks to queue
[2025-03-27T16:54:53.534+0000] {logging_mixin.py:188} INFO - [2025-03-27T16:54:53.534+0000] {dagbag.py:538} INFO - Filling up the DagBag from /home/airflow/.local/lib/python3.8/site-packages/airflow/example_dags/example_dynamic_task_mapping.py
[2025-03-27T16:54:53.540+0000] {processor.py:840} INFO - DAG(s) 'example_dynamic_task_mapping' retrieved from /home/airflow/.local/lib/python3.8/site-packages/airflow/example_dags/example_dynamic_task_mapping.py
[2025-03-27T16:54:53.559+0000] {logging_mixin.py:188} INFO - [2025-03-27T16:54:53.559+0000] {dag.py:3036} INFO - Sync 1 DAGs
[2025-03-27T16:54:53.580+0000] {logging_mixin.py:188} INFO - [2025-03-27T16:54:53.580+0000] {dag.py:3823} INFO - Setting next_dagrun for example_dynamic_task_mapping to 2022-03-04 00:00:00+00:00, run_after=2022-03-05 00:00:00+00:00
[2025-03-27T16:54:53.597+0000] {processor.py:183} INFO - Processing /home/airflow/.local/lib/python3.8/site-packages/airflow/example_dags/example_dynamic_task_mapping.py took 0.068 seconds
[2025-03-27T16:55:23.786+0000] {processor.py:161} INFO - Started process (PID=19506) to work on /home/airflow/.local/lib/python3.8/site-packages/airflow/example_dags/example_dynamic_task_mapping.py
[2025-03-27T16:55:23.787+0000] {processor.py:830} INFO - Processing file /home/airflow/.local/lib/python3.8/site-packages/airflow/example_dags/example_dynamic_task_mapping.py for tasks to queue
[2025-03-27T16:55:23.788+0000] {logging_mixin.py:188} INFO - [2025-03-27T16:55:23.788+0000] {dagbag.py:538} INFO - Filling up the DagBag from /home/airflow/.local/lib/python3.8/site-packages/airflow/example_dags/example_dynamic_task_mapping.py
[2025-03-27T16:55:23.794+0000] {processor.py:840} INFO - DAG(s) 'example_dynamic_task_mapping' retrieved from /home/airflow/.local/lib/python3.8/site-packages/airflow/example_dags/example_dynamic_task_mapping.py
[2025-03-27T16:55:23.975+0000] {logging_mixin.py:188} INFO - [2025-03-27T16:55:23.975+0000] {dag.py:3036} INFO - Sync 1 DAGs
[2025-03-27T16:55:24.003+0000] {logging_mixin.py:188} INFO - [2025-03-27T16:55:24.002+0000] {dag.py:3823} INFO - Setting next_dagrun for example_dynamic_task_mapping to 2022-03-04 00:00:00+00:00, run_after=2022-03-05 00:00:00+00:00
[2025-03-27T16:55:24.022+0000] {processor.py:183} INFO - Processing /home/airflow/.local/lib/python3.8/site-packages/airflow/example_dags/example_dynamic_task_mapping.py took 0.238 seconds
[2025-03-27T16:55:54.431+0000] {processor.py:161} INFO - Started process (PID=19758) to work on /home/airflow/.local/lib/python3.8/site-packages/airflow/example_dags/example_dynamic_task_mapping.py
[2025-03-27T16:55:54.432+0000] {processor.py:830} INFO - Processing file /home/airflow/.local/lib/python3.8/site-packages/airflow/example_dags/example_dynamic_task_mapping.py for tasks to queue
[2025-03-27T16:55:54.433+0000] {logging_mixin.py:188} INFO - [2025-03-27T16:55:54.433+0000] {dagbag.py:538} INFO - Filling up the DagBag from /home/airflow/.local/lib/python3.8/site-packages/airflow/example_dags/example_dynamic_task_mapping.py
[2025-03-27T16:55:54.439+0000] {processor.py:840} INFO - DAG(s) 'example_dynamic_task_mapping' retrieved from /home/airflow/.local/lib/python3.8/site-packages/airflow/example_dags/example_dynamic_task_mapping.py
[2025-03-27T16:55:54.455+0000] {logging_mixin.py:188} INFO - [2025-03-27T16:55:54.455+0000] {dag.py:3036} INFO - Sync 1 DAGs
[2025-03-27T16:55:54.474+0000] {logging_mixin.py:188} INFO - [2025-03-27T16:55:54.474+0000] {dag.py:3823} INFO - Setting next_dagrun for example_dynamic_task_mapping to 2022-03-04 00:00:00+00:00, run_after=2022-03-05 00:00:00+00:00
[2025-03-27T16:55:54.491+0000] {processor.py:183} INFO - Processing /home/airflow/.local/lib/python3.8/site-packages/airflow/example_dags/example_dynamic_task_mapping.py took 0.062 seconds
[2025-03-27T16:56:24.796+0000] {processor.py:161} INFO - Started process (PID=20010) to work on /home/airflow/.local/lib/python3.8/site-packages/airflow/example_dags/example_dynamic_task_mapping.py
[2025-03-27T16:56:24.796+0000] {processor.py:830} INFO - Processing file /home/airflow/.local/lib/python3.8/site-packages/airflow/example_dags/example_dynamic_task_mapping.py for tasks to queue
[2025-03-27T16:56:24.797+0000] {logging_mixin.py:188} INFO - [2025-03-27T16:56:24.797+0000] {dagbag.py:538} INFO - Filling up the DagBag from /home/airflow/.local/lib/python3.8/site-packages/airflow/example_dags/example_dynamic_task_mapping.py
[2025-03-27T16:56:24.802+0000] {processor.py:840} INFO - DAG(s) 'example_dynamic_task_mapping' retrieved from /home/airflow/.local/lib/python3.8/site-packages/airflow/example_dags/example_dynamic_task_mapping.py
[2025-03-27T16:56:24.819+0000] {logging_mixin.py:188} INFO - [2025-03-27T16:56:24.819+0000] {dag.py:3036} INFO - Sync 1 DAGs
[2025-03-27T16:56:24.838+0000] {logging_mixin.py:188} INFO - [2025-03-27T16:56:24.838+0000] {dag.py:3823} INFO - Setting next_dagrun for example_dynamic_task_mapping to 2022-03-04 00:00:00+00:00, run_after=2022-03-05 00:00:00+00:00
[2025-03-27T16:56:24.853+0000] {processor.py:183} INFO - Processing /home/airflow/.local/lib/python3.8/site-packages/airflow/example_dags/example_dynamic_task_mapping.py took 0.060 seconds
[2025-03-27T16:56:55.306+0000] {processor.py:161} INFO - Started process (PID=20262) to work on /home/airflow/.local/lib/python3.8/site-packages/airflow/example_dags/example_dynamic_task_mapping.py
[2025-03-27T16:56:55.307+0000] {processor.py:830} INFO - Processing file /home/airflow/.local/lib/python3.8/site-packages/airflow/example_dags/example_dynamic_task_mapping.py for tasks to queue
[2025-03-27T16:56:55.308+0000] {logging_mixin.py:188} INFO - [2025-03-27T16:56:55.307+0000] {dagbag.py:538} INFO - Filling up the DagBag from /home/airflow/.local/lib/python3.8/site-packages/airflow/example_dags/example_dynamic_task_mapping.py
[2025-03-27T16:56:55.314+0000] {processor.py:840} INFO - DAG(s) 'example_dynamic_task_mapping' retrieved from /home/airflow/.local/lib/python3.8/site-packages/airflow/example_dags/example_dynamic_task_mapping.py
[2025-03-27T16:56:55.333+0000] {logging_mixin.py:188} INFO - [2025-03-27T16:56:55.332+0000] {dag.py:3036} INFO - Sync 1 DAGs
[2025-03-27T16:56:55.353+0000] {logging_mixin.py:188} INFO - [2025-03-27T16:56:55.353+0000] {dag.py:3823} INFO - Setting next_dagrun for example_dynamic_task_mapping to 2022-03-04 00:00:00+00:00, run_after=2022-03-05 00:00:00+00:00
[2025-03-27T16:56:55.369+0000] {processor.py:183} INFO - Processing /home/airflow/.local/lib/python3.8/site-packages/airflow/example_dags/example_dynamic_task_mapping.py took 0.066 seconds
[2025-03-27T16:57:25.611+0000] {processor.py:161} INFO - Started process (PID=20514) to work on /home/airflow/.local/lib/python3.8/site-packages/airflow/example_dags/example_dynamic_task_mapping.py
[2025-03-27T16:57:25.612+0000] {processor.py:830} INFO - Processing file /home/airflow/.local/lib/python3.8/site-packages/airflow/example_dags/example_dynamic_task_mapping.py for tasks to queue
[2025-03-27T16:57:25.613+0000] {logging_mixin.py:188} INFO - [2025-03-27T16:57:25.613+0000] {dagbag.py:538} INFO - Filling up the DagBag from /home/airflow/.local/lib/python3.8/site-packages/airflow/example_dags/example_dynamic_task_mapping.py
[2025-03-27T16:57:25.620+0000] {processor.py:840} INFO - DAG(s) 'example_dynamic_task_mapping' retrieved from /home/airflow/.local/lib/python3.8/site-packages/airflow/example_dags/example_dynamic_task_mapping.py
[2025-03-27T16:57:25.638+0000] {logging_mixin.py:188} INFO - [2025-03-27T16:57:25.637+0000] {dag.py:3036} INFO - Sync 1 DAGs
[2025-03-27T16:57:25.659+0000] {logging_mixin.py:188} INFO - [2025-03-27T16:57:25.658+0000] {dag.py:3823} INFO - Setting next_dagrun for example_dynamic_task_mapping to 2022-03-04 00:00:00+00:00, run_after=2022-03-05 00:00:00+00:00
[2025-03-27T16:57:25.675+0000] {processor.py:183} INFO - Processing /home/airflow/.local/lib/python3.8/site-packages/airflow/example_dags/example_dynamic_task_mapping.py took 0.067 seconds
[2025-03-27T16:57:55.822+0000] {processor.py:161} INFO - Started process (PID=20766) to work on /home/airflow/.local/lib/python3.8/site-packages/airflow/example_dags/example_dynamic_task_mapping.py
[2025-03-27T16:57:55.822+0000] {processor.py:830} INFO - Processing file /home/airflow/.local/lib/python3.8/site-packages/airflow/example_dags/example_dynamic_task_mapping.py for tasks to queue
[2025-03-27T16:57:55.823+0000] {logging_mixin.py:188} INFO - [2025-03-27T16:57:55.823+0000] {dagbag.py:538} INFO - Filling up the DagBag from /home/airflow/.local/lib/python3.8/site-packages/airflow/example_dags/example_dynamic_task_mapping.py
[2025-03-27T16:57:55.829+0000] {processor.py:840} INFO - DAG(s) 'example_dynamic_task_mapping' retrieved from /home/airflow/.local/lib/python3.8/site-packages/airflow/example_dags/example_dynamic_task_mapping.py
[2025-03-27T16:57:55.847+0000] {logging_mixin.py:188} INFO - [2025-03-27T16:57:55.847+0000] {dag.py:3036} INFO - Sync 1 DAGs
[2025-03-27T16:57:55.867+0000] {logging_mixin.py:188} INFO - [2025-03-27T16:57:55.867+0000] {dag.py:3823} INFO - Setting next_dagrun for example_dynamic_task_mapping to 2022-03-04 00:00:00+00:00, run_after=2022-03-05 00:00:00+00:00
[2025-03-27T16:57:55.883+0000] {processor.py:183} INFO - Processing /home/airflow/.local/lib/python3.8/site-packages/airflow/example_dags/example_dynamic_task_mapping.py took 0.064 seconds
[2025-03-27T16:58:26.115+0000] {processor.py:161} INFO - Started process (PID=21018) to work on /home/airflow/.local/lib/python3.8/site-packages/airflow/example_dags/example_dynamic_task_mapping.py
[2025-03-27T16:58:26.116+0000] {processor.py:830} INFO - Processing file /home/airflow/.local/lib/python3.8/site-packages/airflow/example_dags/example_dynamic_task_mapping.py for tasks to queue
[2025-03-27T16:58:26.117+0000] {logging_mixin.py:188} INFO - [2025-03-27T16:58:26.116+0000] {dagbag.py:538} INFO - Filling up the DagBag from /home/airflow/.local/lib/python3.8/site-packages/airflow/example_dags/example_dynamic_task_mapping.py
[2025-03-27T16:58:26.122+0000] {processor.py:840} INFO - DAG(s) 'example_dynamic_task_mapping' retrieved from /home/airflow/.local/lib/python3.8/site-packages/airflow/example_dags/example_dynamic_task_mapping.py
[2025-03-27T16:58:26.141+0000] {logging_mixin.py:188} INFO - [2025-03-27T16:58:26.141+0000] {dag.py:3036} INFO - Sync 1 DAGs
[2025-03-27T16:58:26.163+0000] {logging_mixin.py:188} INFO - [2025-03-27T16:58:26.163+0000] {dag.py:3823} INFO - Setting next_dagrun for example_dynamic_task_mapping to 2022-03-04 00:00:00+00:00, run_after=2022-03-05 00:00:00+00:00
[2025-03-27T16:58:26.179+0000] {processor.py:183} INFO - Processing /home/airflow/.local/lib/python3.8/site-packages/airflow/example_dags/example_dynamic_task_mapping.py took 0.067 seconds
[2025-03-27T16:58:56.382+0000] {processor.py:161} INFO - Started process (PID=21270) to work on /home/airflow/.local/lib/python3.8/site-packages/airflow/example_dags/example_dynamic_task_mapping.py
[2025-03-27T16:58:56.384+0000] {processor.py:830} INFO - Processing file /home/airflow/.local/lib/python3.8/site-packages/airflow/example_dags/example_dynamic_task_mapping.py for tasks to queue
[2025-03-27T16:58:56.385+0000] {logging_mixin.py:188} INFO - [2025-03-27T16:58:56.384+0000] {dagbag.py:538} INFO - Filling up the DagBag from /home/airflow/.local/lib/python3.8/site-packages/airflow/example_dags/example_dynamic_task_mapping.py
[2025-03-27T16:58:56.394+0000] {processor.py:840} INFO - DAG(s) 'example_dynamic_task_mapping' retrieved from /home/airflow/.local/lib/python3.8/site-packages/airflow/example_dags/example_dynamic_task_mapping.py
[2025-03-27T16:58:56.414+0000] {logging_mixin.py:188} INFO - [2025-03-27T16:58:56.414+0000] {dag.py:3036} INFO - Sync 1 DAGs
[2025-03-27T16:58:56.438+0000] {logging_mixin.py:188} INFO - [2025-03-27T16:58:56.437+0000] {dag.py:3823} INFO - Setting next_dagrun for example_dynamic_task_mapping to 2022-03-04 00:00:00+00:00, run_after=2022-03-05 00:00:00+00:00
[2025-03-27T16:58:56.471+0000] {processor.py:183} INFO - Processing /home/airflow/.local/lib/python3.8/site-packages/airflow/example_dags/example_dynamic_task_mapping.py took 0.093 seconds
[2025-03-27T16:59:26.687+0000] {processor.py:161} INFO - Started process (PID=21522) to work on /home/airflow/.local/lib/python3.8/site-packages/airflow/example_dags/example_dynamic_task_mapping.py
[2025-03-27T16:59:26.688+0000] {processor.py:830} INFO - Processing file /home/airflow/.local/lib/python3.8/site-packages/airflow/example_dags/example_dynamic_task_mapping.py for tasks to queue
[2025-03-27T16:59:26.689+0000] {logging_mixin.py:188} INFO - [2025-03-27T16:59:26.689+0000] {dagbag.py:538} INFO - Filling up the DagBag from /home/airflow/.local/lib/python3.8/site-packages/airflow/example_dags/example_dynamic_task_mapping.py
[2025-03-27T16:59:26.694+0000] {processor.py:840} INFO - DAG(s) 'example_dynamic_task_mapping' retrieved from /home/airflow/.local/lib/python3.8/site-packages/airflow/example_dags/example_dynamic_task_mapping.py
[2025-03-27T16:59:26.715+0000] {logging_mixin.py:188} INFO - [2025-03-27T16:59:26.715+0000] {dag.py:3036} INFO - Sync 1 DAGs
[2025-03-27T16:59:26.735+0000] {logging_mixin.py:188} INFO - [2025-03-27T16:59:26.735+0000] {dag.py:3823} INFO - Setting next_dagrun for example_dynamic_task_mapping to 2022-03-04 00:00:00+00:00, run_after=2022-03-05 00:00:00+00:00
[2025-03-27T16:59:26.753+0000] {processor.py:183} INFO - Processing /home/airflow/.local/lib/python3.8/site-packages/airflow/example_dags/example_dynamic_task_mapping.py took 0.068 seconds
[2025-03-27T16:59:57.438+0000] {processor.py:161} INFO - Started process (PID=21774) to work on /home/airflow/.local/lib/python3.8/site-packages/airflow/example_dags/example_dynamic_task_mapping.py
[2025-03-27T16:59:57.440+0000] {processor.py:830} INFO - Processing file /home/airflow/.local/lib/python3.8/site-packages/airflow/example_dags/example_dynamic_task_mapping.py for tasks to queue
[2025-03-27T16:59:57.441+0000] {logging_mixin.py:188} INFO - [2025-03-27T16:59:57.441+0000] {dagbag.py:538} INFO - Filling up the DagBag from /home/airflow/.local/lib/python3.8/site-packages/airflow/example_dags/example_dynamic_task_mapping.py
[2025-03-27T16:59:57.452+0000] {processor.py:840} INFO - DAG(s) 'example_dynamic_task_mapping' retrieved from /home/airflow/.local/lib/python3.8/site-packages/airflow/example_dags/example_dynamic_task_mapping.py
[2025-03-27T16:59:57.479+0000] {logging_mixin.py:188} INFO - [2025-03-27T16:59:57.478+0000] {dag.py:3036} INFO - Sync 1 DAGs
[2025-03-27T16:59:57.507+0000] {logging_mixin.py:188} INFO - [2025-03-27T16:59:57.507+0000] {dag.py:3823} INFO - Setting next_dagrun for example_dynamic_task_mapping to 2022-03-04 00:00:00+00:00, run_after=2022-03-05 00:00:00+00:00
[2025-03-27T16:59:57.538+0000] {processor.py:183} INFO - Processing /home/airflow/.local/lib/python3.8/site-packages/airflow/example_dags/example_dynamic_task_mapping.py took 0.105 seconds
