[2025-03-27T17:19:29.286+0000] {processor.py:161} INFO - Started process (PID=364) to work on /home/airflow/.local/lib/python3.8/site-packages/airflow/example_dags/example_xcomargs.py
[2025-03-27T17:19:29.288+0000] {processor.py:830} INFO - Processing file /home/airflow/.local/lib/python3.8/site-packages/airflow/example_dags/example_xcomargs.py for tasks to queue
[2025-03-27T17:19:29.289+0000] {logging_mixin.py:188} INFO - [2025-03-27T17:19:29.289+0000] {dagbag.py:538} INFO - Filling up the DagBag from /home/airflow/.local/lib/python3.8/site-packages/airflow/example_dags/example_xcomargs.py
[2025-03-27T17:19:29.298+0000] {processor.py:840} INFO - DAG(s) 'example_xcom_args_with_operators', 'example_xcom_args' retrieved from /home/airflow/.local/lib/python3.8/site-packages/airflow/example_dags/example_xcomargs.py
[2025-03-27T17:19:29.312+0000] {logging_mixin.py:188} INFO - [2025-03-27T17:19:29.312+0000] {dag.py:3036} INFO - Sync 2 DAGs
[2025-03-27T17:19:29.327+0000] {logging_mixin.py:188} INFO - [2025-03-27T17:19:29.327+0000] {dag.py:3823} INFO - Setting next_dagrun for example_xcom_args to None, run_after=None
[2025-03-27T17:19:29.332+0000] {logging_mixin.py:188} INFO - [2025-03-27T17:19:29.331+0000] {dag.py:3823} INFO - Setting next_dagrun for example_xcom_args_with_operators to None, run_after=None
[2025-03-27T17:19:29.350+0000] {processor.py:183} INFO - Processing /home/airflow/.local/lib/python3.8/site-packages/airflow/example_dags/example_xcomargs.py took 0.067 seconds
[2025-03-27T17:20:01.445+0000] {processor.py:161} INFO - Started process (PID=609) to work on /home/airflow/.local/lib/python3.8/site-packages/airflow/example_dags/example_xcomargs.py
[2025-03-27T17:20:01.446+0000] {processor.py:830} INFO - Processing file /home/airflow/.local/lib/python3.8/site-packages/airflow/example_dags/example_xcomargs.py for tasks to queue
[2025-03-27T17:20:01.447+0000] {logging_mixin.py:188} INFO - [2025-03-27T17:20:01.447+0000] {dagbag.py:538} INFO - Filling up the DagBag from /home/airflow/.local/lib/python3.8/site-packages/airflow/example_dags/example_xcomargs.py
[2025-03-27T17:20:01.455+0000] {processor.py:840} INFO - DAG(s) 'example_xcom_args', 'example_xcom_args_with_operators' retrieved from /home/airflow/.local/lib/python3.8/site-packages/airflow/example_dags/example_xcomargs.py
[2025-03-27T17:20:01.563+0000] {logging_mixin.py:188} INFO - [2025-03-27T17:20:01.563+0000] {dag.py:3036} INFO - Sync 2 DAGs
[2025-03-27T17:20:01.574+0000] {logging_mixin.py:188} INFO - [2025-03-27T17:20:01.574+0000] {dag.py:3823} INFO - Setting next_dagrun for example_xcom_args to None, run_after=None
[2025-03-27T17:20:01.577+0000] {logging_mixin.py:188} INFO - [2025-03-27T17:20:01.577+0000] {dag.py:3823} INFO - Setting next_dagrun for example_xcom_args_with_operators to None, run_after=None
[2025-03-27T17:20:01.594+0000] {processor.py:183} INFO - Processing /home/airflow/.local/lib/python3.8/site-packages/airflow/example_dags/example_xcomargs.py took 0.152 seconds
[2025-03-27T17:22:40.156+0000] {processor.py:161} INFO - Started process (PID=352) to work on /home/airflow/.local/lib/python3.8/site-packages/airflow/example_dags/example_xcomargs.py
[2025-03-27T17:22:40.158+0000] {processor.py:830} INFO - Processing file /home/airflow/.local/lib/python3.8/site-packages/airflow/example_dags/example_xcomargs.py for tasks to queue
[2025-03-27T17:22:40.159+0000] {logging_mixin.py:188} INFO - [2025-03-27T17:22:40.158+0000] {dagbag.py:538} INFO - Filling up the DagBag from /home/airflow/.local/lib/python3.8/site-packages/airflow/example_dags/example_xcomargs.py
[2025-03-27T17:22:40.165+0000] {processor.py:840} INFO - DAG(s) 'example_xcom_args_with_operators', 'example_xcom_args' retrieved from /home/airflow/.local/lib/python3.8/site-packages/airflow/example_dags/example_xcomargs.py
[2025-03-27T17:22:40.177+0000] {logging_mixin.py:188} INFO - [2025-03-27T17:22:40.177+0000] {dag.py:3036} INFO - Sync 2 DAGs
[2025-03-27T17:22:40.189+0000] {logging_mixin.py:188} INFO - [2025-03-27T17:22:40.189+0000] {dag.py:3823} INFO - Setting next_dagrun for example_xcom_args to None, run_after=None
[2025-03-27T17:22:40.194+0000] {logging_mixin.py:188} INFO - [2025-03-27T17:22:40.194+0000] {dag.py:3823} INFO - Setting next_dagrun for example_xcom_args_with_operators to None, run_after=None
[2025-03-27T17:22:40.210+0000] {processor.py:183} INFO - Processing /home/airflow/.local/lib/python3.8/site-packages/airflow/example_dags/example_xcomargs.py took 0.057 seconds
[2025-03-27T17:23:12.319+0000] {processor.py:161} INFO - Started process (PID=603) to work on /home/airflow/.local/lib/python3.8/site-packages/airflow/example_dags/example_xcomargs.py
[2025-03-27T17:23:12.320+0000] {processor.py:830} INFO - Processing file /home/airflow/.local/lib/python3.8/site-packages/airflow/example_dags/example_xcomargs.py for tasks to queue
[2025-03-27T17:23:12.321+0000] {logging_mixin.py:188} INFO - [2025-03-27T17:23:12.321+0000] {dagbag.py:538} INFO - Filling up the DagBag from /home/airflow/.local/lib/python3.8/site-packages/airflow/example_dags/example_xcomargs.py
[2025-03-27T17:23:12.329+0000] {processor.py:840} INFO - DAG(s) 'example_xcom_args_with_operators', 'example_xcom_args' retrieved from /home/airflow/.local/lib/python3.8/site-packages/airflow/example_dags/example_xcomargs.py
[2025-03-27T17:23:12.433+0000] {logging_mixin.py:188} INFO - [2025-03-27T17:23:12.433+0000] {dag.py:3036} INFO - Sync 2 DAGs
[2025-03-27T17:23:12.445+0000] {logging_mixin.py:188} INFO - [2025-03-27T17:23:12.445+0000] {dag.py:3823} INFO - Setting next_dagrun for example_xcom_args to None, run_after=None
[2025-03-27T17:23:12.449+0000] {logging_mixin.py:188} INFO - [2025-03-27T17:23:12.449+0000] {dag.py:3823} INFO - Setting next_dagrun for example_xcom_args_with_operators to None, run_after=None
[2025-03-27T17:23:12.465+0000] {processor.py:183} INFO - Processing /home/airflow/.local/lib/python3.8/site-packages/airflow/example_dags/example_xcomargs.py took 0.150 seconds
[2025-03-27T17:23:43.378+0000] {processor.py:161} INFO - Started process (PID=850) to work on /home/airflow/.local/lib/python3.8/site-packages/airflow/example_dags/example_xcomargs.py
[2025-03-27T17:23:43.379+0000] {processor.py:830} INFO - Processing file /home/airflow/.local/lib/python3.8/site-packages/airflow/example_dags/example_xcomargs.py for tasks to queue
[2025-03-27T17:23:43.379+0000] {logging_mixin.py:188} INFO - [2025-03-27T17:23:43.379+0000] {dagbag.py:538} INFO - Filling up the DagBag from /home/airflow/.local/lib/python3.8/site-packages/airflow/example_dags/example_xcomargs.py
[2025-03-27T17:23:43.386+0000] {processor.py:840} INFO - DAG(s) 'example_xcom_args', 'example_xcom_args_with_operators' retrieved from /home/airflow/.local/lib/python3.8/site-packages/airflow/example_dags/example_xcomargs.py
[2025-03-27T17:23:43.407+0000] {logging_mixin.py:188} INFO - [2025-03-27T17:23:43.407+0000] {dag.py:3036} INFO - Sync 2 DAGs
[2025-03-27T17:23:43.419+0000] {logging_mixin.py:188} INFO - [2025-03-27T17:23:43.419+0000] {dag.py:3823} INFO - Setting next_dagrun for example_xcom_args to None, run_after=None
[2025-03-27T17:23:43.423+0000] {logging_mixin.py:188} INFO - [2025-03-27T17:23:43.422+0000] {dag.py:3823} INFO - Setting next_dagrun for example_xcom_args_with_operators to None, run_after=None
[2025-03-27T17:23:43.440+0000] {processor.py:183} INFO - Processing /home/airflow/.local/lib/python3.8/site-packages/airflow/example_dags/example_xcomargs.py took 0.064 seconds
[2025-03-27T17:24:13.489+0000] {processor.py:161} INFO - Started process (PID=1094) to work on /home/airflow/.local/lib/python3.8/site-packages/airflow/example_dags/example_xcomargs.py
[2025-03-27T17:24:13.490+0000] {processor.py:830} INFO - Processing file /home/airflow/.local/lib/python3.8/site-packages/airflow/example_dags/example_xcomargs.py for tasks to queue
[2025-03-27T17:24:13.491+0000] {logging_mixin.py:188} INFO - [2025-03-27T17:24:13.491+0000] {dagbag.py:538} INFO - Filling up the DagBag from /home/airflow/.local/lib/python3.8/site-packages/airflow/example_dags/example_xcomargs.py
[2025-03-27T17:24:13.498+0000] {processor.py:840} INFO - DAG(s) 'example_xcom_args_with_operators', 'example_xcom_args' retrieved from /home/airflow/.local/lib/python3.8/site-packages/airflow/example_dags/example_xcomargs.py
[2025-03-27T17:24:13.519+0000] {logging_mixin.py:188} INFO - [2025-03-27T17:24:13.519+0000] {dag.py:3036} INFO - Sync 2 DAGs
[2025-03-27T17:24:13.530+0000] {logging_mixin.py:188} INFO - [2025-03-27T17:24:13.530+0000] {dag.py:3823} INFO - Setting next_dagrun for example_xcom_args to None, run_after=None
[2025-03-27T17:24:13.534+0000] {logging_mixin.py:188} INFO - [2025-03-27T17:24:13.534+0000] {dag.py:3823} INFO - Setting next_dagrun for example_xcom_args_with_operators to None, run_after=None
[2025-03-27T17:24:13.548+0000] {processor.py:183} INFO - Processing /home/airflow/.local/lib/python3.8/site-packages/airflow/example_dags/example_xcomargs.py took 0.061 seconds
[2025-03-27T17:24:44.296+0000] {processor.py:161} INFO - Started process (PID=1344) to work on /home/airflow/.local/lib/python3.8/site-packages/airflow/example_dags/example_xcomargs.py
[2025-03-27T17:24:44.297+0000] {processor.py:830} INFO - Processing file /home/airflow/.local/lib/python3.8/site-packages/airflow/example_dags/example_xcomargs.py for tasks to queue
[2025-03-27T17:24:44.298+0000] {logging_mixin.py:188} INFO - [2025-03-27T17:24:44.298+0000] {dagbag.py:538} INFO - Filling up the DagBag from /home/airflow/.local/lib/python3.8/site-packages/airflow/example_dags/example_xcomargs.py
[2025-03-27T17:24:44.305+0000] {processor.py:840} INFO - DAG(s) 'example_xcom_args', 'example_xcom_args_with_operators' retrieved from /home/airflow/.local/lib/python3.8/site-packages/airflow/example_dags/example_xcomargs.py
[2025-03-27T17:24:44.329+0000] {logging_mixin.py:188} INFO - [2025-03-27T17:24:44.328+0000] {dag.py:3036} INFO - Sync 2 DAGs
[2025-03-27T17:24:44.341+0000] {logging_mixin.py:188} INFO - [2025-03-27T17:24:44.340+0000] {dag.py:3823} INFO - Setting next_dagrun for example_xcom_args to None, run_after=None
[2025-03-27T17:24:44.345+0000] {logging_mixin.py:188} INFO - [2025-03-27T17:24:44.344+0000] {dag.py:3823} INFO - Setting next_dagrun for example_xcom_args_with_operators to None, run_after=None
[2025-03-27T17:24:44.361+0000] {processor.py:183} INFO - Processing /home/airflow/.local/lib/python3.8/site-packages/airflow/example_dags/example_xcomargs.py took 0.067 seconds
[2025-03-27T17:25:14.935+0000] {processor.py:161} INFO - Started process (PID=1591) to work on /home/airflow/.local/lib/python3.8/site-packages/airflow/example_dags/example_xcomargs.py
[2025-03-27T17:25:14.936+0000] {processor.py:830} INFO - Processing file /home/airflow/.local/lib/python3.8/site-packages/airflow/example_dags/example_xcomargs.py for tasks to queue
[2025-03-27T17:25:14.937+0000] {logging_mixin.py:188} INFO - [2025-03-27T17:25:14.937+0000] {dagbag.py:538} INFO - Filling up the DagBag from /home/airflow/.local/lib/python3.8/site-packages/airflow/example_dags/example_xcomargs.py
[2025-03-27T17:25:14.943+0000] {processor.py:840} INFO - DAG(s) 'example_xcom_args_with_operators', 'example_xcom_args' retrieved from /home/airflow/.local/lib/python3.8/site-packages/airflow/example_dags/example_xcomargs.py
[2025-03-27T17:25:14.966+0000] {logging_mixin.py:188} INFO - [2025-03-27T17:25:14.965+0000] {dag.py:3036} INFO - Sync 2 DAGs
[2025-03-27T17:25:14.977+0000] {logging_mixin.py:188} INFO - [2025-03-27T17:25:14.976+0000] {dag.py:3823} INFO - Setting next_dagrun for example_xcom_args to None, run_after=None
[2025-03-27T17:25:14.981+0000] {logging_mixin.py:188} INFO - [2025-03-27T17:25:14.980+0000] {dag.py:3823} INFO - Setting next_dagrun for example_xcom_args_with_operators to None, run_after=None
[2025-03-27T17:25:14.996+0000] {processor.py:183} INFO - Processing /home/airflow/.local/lib/python3.8/site-packages/airflow/example_dags/example_xcomargs.py took 0.063 seconds
[2025-03-27T17:27:52.798+0000] {processor.py:161} INFO - Started process (PID=367) to work on /home/airflow/.local/lib/python3.8/site-packages/airflow/example_dags/example_xcomargs.py
[2025-03-27T17:27:52.799+0000] {processor.py:830} INFO - Processing file /home/airflow/.local/lib/python3.8/site-packages/airflow/example_dags/example_xcomargs.py for tasks to queue
[2025-03-27T17:27:52.800+0000] {logging_mixin.py:188} INFO - [2025-03-27T17:27:52.799+0000] {dagbag.py:538} INFO - Filling up the DagBag from /home/airflow/.local/lib/python3.8/site-packages/airflow/example_dags/example_xcomargs.py
[2025-03-27T17:27:52.809+0000] {processor.py:840} INFO - DAG(s) 'example_xcom_args_with_operators', 'example_xcom_args' retrieved from /home/airflow/.local/lib/python3.8/site-packages/airflow/example_dags/example_xcomargs.py
[2025-03-27T17:27:52.900+0000] {logging_mixin.py:188} INFO - [2025-03-27T17:27:52.900+0000] {override.py:1769} INFO - Created Permission View: can edit on DAG:example_xcom_args_with_operators
[2025-03-27T17:27:52.911+0000] {logging_mixin.py:188} INFO - [2025-03-27T17:27:52.910+0000] {override.py:1769} INFO - Created Permission View: can read on DAG:example_xcom_args_with_operators
[2025-03-27T17:27:52.917+0000] {logging_mixin.py:188} INFO - [2025-03-27T17:27:52.917+0000] {override.py:1769} INFO - Created Permission View: can delete on DAG:example_xcom_args_with_operators
[2025-03-27T17:27:52.929+0000] {logging_mixin.py:188} INFO - [2025-03-27T17:27:52.928+0000] {override.py:1769} INFO - Created Permission View: can edit on DAG:example_xcom_args
[2025-03-27T17:27:52.934+0000] {logging_mixin.py:188} INFO - [2025-03-27T17:27:52.934+0000] {override.py:1769} INFO - Created Permission View: can read on DAG:example_xcom_args
[2025-03-27T17:27:52.940+0000] {logging_mixin.py:188} INFO - [2025-03-27T17:27:52.940+0000] {override.py:1769} INFO - Created Permission View: can delete on DAG:example_xcom_args
[2025-03-27T17:27:52.940+0000] {logging_mixin.py:188} INFO - [2025-03-27T17:27:52.940+0000] {dag.py:3036} INFO - Sync 2 DAGs
[2025-03-27T17:27:52.951+0000] {logging_mixin.py:188} INFO - [2025-03-27T17:27:52.950+0000] {dag.py:3058} INFO - Creating ORM DAG for example_xcom_args
[2025-03-27T17:27:52.952+0000] {logging_mixin.py:188} INFO - [2025-03-27T17:27:52.951+0000] {dag.py:3058} INFO - Creating ORM DAG for example_xcom_args_with_operators
[2025-03-27T17:27:52.952+0000] {logging_mixin.py:188} INFO - [2025-03-27T17:27:52.952+0000] {dag.py:3823} INFO - Setting next_dagrun for example_xcom_args to None, run_after=None
[2025-03-27T17:27:52.953+0000] {logging_mixin.py:188} INFO - [2025-03-27T17:27:52.953+0000] {dag.py:3823} INFO - Setting next_dagrun for example_xcom_args_with_operators to None, run_after=None
[2025-03-27T17:27:52.970+0000] {processor.py:183} INFO - Processing /home/airflow/.local/lib/python3.8/site-packages/airflow/example_dags/example_xcomargs.py took 0.175 seconds
[2025-03-27T17:28:23.208+0000] {processor.py:161} INFO - Started process (PID=619) to work on /home/airflow/.local/lib/python3.8/site-packages/airflow/example_dags/example_xcomargs.py
[2025-03-27T17:28:23.209+0000] {processor.py:830} INFO - Processing file /home/airflow/.local/lib/python3.8/site-packages/airflow/example_dags/example_xcomargs.py for tasks to queue
[2025-03-27T17:28:23.210+0000] {logging_mixin.py:188} INFO - [2025-03-27T17:28:23.210+0000] {dagbag.py:538} INFO - Filling up the DagBag from /home/airflow/.local/lib/python3.8/site-packages/airflow/example_dags/example_xcomargs.py
[2025-03-27T17:28:23.218+0000] {processor.py:840} INFO - DAG(s) 'example_xcom_args', 'example_xcom_args_with_operators' retrieved from /home/airflow/.local/lib/python3.8/site-packages/airflow/example_dags/example_xcomargs.py
[2025-03-27T17:28:23.242+0000] {logging_mixin.py:188} INFO - [2025-03-27T17:28:23.242+0000] {dag.py:3036} INFO - Sync 2 DAGs
[2025-03-27T17:28:23.255+0000] {logging_mixin.py:188} INFO - [2025-03-27T17:28:23.255+0000] {dag.py:3823} INFO - Setting next_dagrun for example_xcom_args to None, run_after=None
[2025-03-27T17:28:23.259+0000] {logging_mixin.py:188} INFO - [2025-03-27T17:28:23.258+0000] {dag.py:3823} INFO - Setting next_dagrun for example_xcom_args_with_operators to None, run_after=None
[2025-03-27T17:28:23.274+0000] {processor.py:183} INFO - Processing /home/airflow/.local/lib/python3.8/site-packages/airflow/example_dags/example_xcomargs.py took 0.069 seconds
[2025-03-27T17:28:56.144+0000] {processor.py:161} INFO - Started process (PID=933) to work on /home/airflow/.local/lib/python3.8/site-packages/airflow/example_dags/example_xcomargs.py
[2025-03-27T17:28:56.149+0000] {processor.py:830} INFO - Processing file /home/airflow/.local/lib/python3.8/site-packages/airflow/example_dags/example_xcomargs.py for tasks to queue
[2025-03-27T17:28:56.155+0000] {logging_mixin.py:188} INFO - [2025-03-27T17:28:56.154+0000] {dagbag.py:538} INFO - Filling up the DagBag from /home/airflow/.local/lib/python3.8/site-packages/airflow/example_dags/example_xcomargs.py
[2025-03-27T17:28:56.189+0000] {processor.py:840} INFO - DAG(s) 'example_xcom_args_with_operators', 'example_xcom_args' retrieved from /home/airflow/.local/lib/python3.8/site-packages/airflow/example_dags/example_xcomargs.py
[2025-03-27T17:28:56.340+0000] {logging_mixin.py:188} INFO - [2025-03-27T17:28:56.340+0000] {dag.py:3036} INFO - Sync 2 DAGs
[2025-03-27T17:28:56.382+0000] {logging_mixin.py:188} INFO - [2025-03-27T17:28:56.381+0000] {dag.py:3823} INFO - Setting next_dagrun for example_xcom_args to None, run_after=None
[2025-03-27T17:28:56.392+0000] {logging_mixin.py:188} INFO - [2025-03-27T17:28:56.392+0000] {dag.py:3823} INFO - Setting next_dagrun for example_xcom_args_with_operators to None, run_after=None
[2025-03-27T17:28:56.457+0000] {processor.py:183} INFO - Processing /home/airflow/.local/lib/python3.8/site-packages/airflow/example_dags/example_xcomargs.py took 0.332 seconds
[2025-03-27T17:29:27.510+0000] {processor.py:161} INFO - Started process (PID=1584) to work on /home/airflow/.local/lib/python3.8/site-packages/airflow/example_dags/example_xcomargs.py
[2025-03-27T17:29:27.522+0000] {processor.py:830} INFO - Processing file /home/airflow/.local/lib/python3.8/site-packages/airflow/example_dags/example_xcomargs.py for tasks to queue
[2025-03-27T17:29:27.526+0000] {logging_mixin.py:188} INFO - [2025-03-27T17:29:27.524+0000] {dagbag.py:538} INFO - Filling up the DagBag from /home/airflow/.local/lib/python3.8/site-packages/airflow/example_dags/example_xcomargs.py
[2025-03-27T17:29:27.579+0000] {processor.py:840} INFO - DAG(s) 'example_xcom_args_with_operators', 'example_xcom_args' retrieved from /home/airflow/.local/lib/python3.8/site-packages/airflow/example_dags/example_xcomargs.py
[2025-03-27T17:29:27.703+0000] {logging_mixin.py:188} INFO - [2025-03-27T17:29:27.701+0000] {dag.py:3036} INFO - Sync 2 DAGs
[2025-03-27T17:29:27.743+0000] {logging_mixin.py:188} INFO - [2025-03-27T17:29:27.743+0000] {dag.py:3823} INFO - Setting next_dagrun for example_xcom_args to None, run_after=None
[2025-03-27T17:29:27.754+0000] {logging_mixin.py:188} INFO - [2025-03-27T17:29:27.754+0000] {dag.py:3823} INFO - Setting next_dagrun for example_xcom_args_with_operators to None, run_after=None
[2025-03-27T17:29:27.833+0000] {processor.py:183} INFO - Processing /home/airflow/.local/lib/python3.8/site-packages/airflow/example_dags/example_xcomargs.py took 0.331 seconds
