[2025-03-27T16:27:00.397+0000] {processor.py:161} INFO - Started process (PID=238) to work on /home/airflow/.local/lib/python3.8/site-packages/airflow/example_dags/example_setup_teardown_taskflow.py
[2025-03-27T16:27:00.398+0000] {processor.py:830} INFO - Processing file /home/airflow/.local/lib/python3.8/site-packages/airflow/example_dags/example_setup_teardown_taskflow.py for tasks to queue
[2025-03-27T16:27:00.399+0000] {logging_mixin.py:188} INFO - [2025-03-27T16:27:00.398+0000] {dagbag.py:538} INFO - Filling up the DagBag from /home/airflow/.local/lib/python3.8/site-packages/airflow/example_dags/example_setup_teardown_taskflow.py
[2025-03-27T16:27:00.408+0000] {processor.py:840} INFO - DAG(s) 'example_setup_teardown_taskflow' retrieved from /home/airflow/.local/lib/python3.8/site-packages/airflow/example_dags/example_setup_teardown_taskflow.py
[2025-03-27T16:27:00.421+0000] {logging_mixin.py:188} INFO - [2025-03-27T16:27:00.421+0000] {dag.py:3036} INFO - Sync 1 DAGs
[2025-03-27T16:27:00.449+0000] {logging_mixin.py:188} INFO - [2025-03-27T16:27:00.449+0000] {dag.py:3823} INFO - Setting next_dagrun for example_setup_teardown_taskflow to 2025-03-26 00:00:00+00:00, run_after=2025-03-27 00:00:00+00:00
[2025-03-27T16:27:00.469+0000] {processor.py:183} INFO - Processing /home/airflow/.local/lib/python3.8/site-packages/airflow/example_dags/example_setup_teardown_taskflow.py took 0.075 seconds
[2025-03-27T16:27:30.682+0000] {processor.py:161} INFO - Started process (PID=483) to work on /home/airflow/.local/lib/python3.8/site-packages/airflow/example_dags/example_setup_teardown_taskflow.py
[2025-03-27T16:27:30.683+0000] {processor.py:830} INFO - Processing file /home/airflow/.local/lib/python3.8/site-packages/airflow/example_dags/example_setup_teardown_taskflow.py for tasks to queue
[2025-03-27T16:27:30.684+0000] {logging_mixin.py:188} INFO - [2025-03-27T16:27:30.684+0000] {dagbag.py:538} INFO - Filling up the DagBag from /home/airflow/.local/lib/python3.8/site-packages/airflow/example_dags/example_setup_teardown_taskflow.py
[2025-03-27T16:27:30.692+0000] {processor.py:840} INFO - DAG(s) 'example_setup_teardown_taskflow' retrieved from /home/airflow/.local/lib/python3.8/site-packages/airflow/example_dags/example_setup_teardown_taskflow.py
[2025-03-27T16:27:30.786+0000] {logging_mixin.py:188} INFO - [2025-03-27T16:27:30.786+0000] {dag.py:3036} INFO - Sync 1 DAGs
[2025-03-27T16:27:30.805+0000] {logging_mixin.py:188} INFO - [2025-03-27T16:27:30.805+0000] {dag.py:3823} INFO - Setting next_dagrun for example_setup_teardown_taskflow to 2025-03-26 00:00:00+00:00, run_after=2025-03-27 00:00:00+00:00
[2025-03-27T16:27:30.828+0000] {processor.py:183} INFO - Processing /home/airflow/.local/lib/python3.8/site-packages/airflow/example_dags/example_setup_teardown_taskflow.py took 0.149 seconds
[2025-03-27T16:28:01.748+0000] {processor.py:161} INFO - Started process (PID=730) to work on /home/airflow/.local/lib/python3.8/site-packages/airflow/example_dags/example_setup_teardown_taskflow.py
[2025-03-27T16:28:01.749+0000] {processor.py:830} INFO - Processing file /home/airflow/.local/lib/python3.8/site-packages/airflow/example_dags/example_setup_teardown_taskflow.py for tasks to queue
[2025-03-27T16:28:01.750+0000] {logging_mixin.py:188} INFO - [2025-03-27T16:28:01.750+0000] {dagbag.py:538} INFO - Filling up the DagBag from /home/airflow/.local/lib/python3.8/site-packages/airflow/example_dags/example_setup_teardown_taskflow.py
[2025-03-27T16:28:01.764+0000] {processor.py:840} INFO - DAG(s) 'example_setup_teardown_taskflow' retrieved from /home/airflow/.local/lib/python3.8/site-packages/airflow/example_dags/example_setup_teardown_taskflow.py
[2025-03-27T16:28:01.788+0000] {logging_mixin.py:188} INFO - [2025-03-27T16:28:01.787+0000] {dag.py:3036} INFO - Sync 1 DAGs
[2025-03-27T16:28:01.815+0000] {logging_mixin.py:188} INFO - [2025-03-27T16:28:01.814+0000] {dag.py:3823} INFO - Setting next_dagrun for example_setup_teardown_taskflow to 2025-03-26 00:00:00+00:00, run_after=2025-03-27 00:00:00+00:00
[2025-03-27T16:28:01.836+0000] {processor.py:183} INFO - Processing /home/airflow/.local/lib/python3.8/site-packages/airflow/example_dags/example_setup_teardown_taskflow.py took 0.091 seconds
[2025-03-27T16:28:32.810+0000] {processor.py:161} INFO - Started process (PID=983) to work on /home/airflow/.local/lib/python3.8/site-packages/airflow/example_dags/example_setup_teardown_taskflow.py
[2025-03-27T16:28:32.811+0000] {processor.py:830} INFO - Processing file /home/airflow/.local/lib/python3.8/site-packages/airflow/example_dags/example_setup_teardown_taskflow.py for tasks to queue
[2025-03-27T16:28:32.812+0000] {logging_mixin.py:188} INFO - [2025-03-27T16:28:32.811+0000] {dagbag.py:538} INFO - Filling up the DagBag from /home/airflow/.local/lib/python3.8/site-packages/airflow/example_dags/example_setup_teardown_taskflow.py
[2025-03-27T16:28:32.822+0000] {processor.py:840} INFO - DAG(s) 'example_setup_teardown_taskflow' retrieved from /home/airflow/.local/lib/python3.8/site-packages/airflow/example_dags/example_setup_teardown_taskflow.py
[2025-03-27T16:28:32.842+0000] {logging_mixin.py:188} INFO - [2025-03-27T16:28:32.841+0000] {dag.py:3036} INFO - Sync 1 DAGs
[2025-03-27T16:28:32.861+0000] {logging_mixin.py:188} INFO - [2025-03-27T16:28:32.860+0000] {dag.py:3823} INFO - Setting next_dagrun for example_setup_teardown_taskflow to 2025-03-26 00:00:00+00:00, run_after=2025-03-27 00:00:00+00:00
[2025-03-27T16:28:32.877+0000] {processor.py:183} INFO - Processing /home/airflow/.local/lib/python3.8/site-packages/airflow/example_dags/example_setup_teardown_taskflow.py took 0.070 seconds
[2025-03-27T16:29:03.459+0000] {processor.py:161} INFO - Started process (PID=1230) to work on /home/airflow/.local/lib/python3.8/site-packages/airflow/example_dags/example_setup_teardown_taskflow.py
[2025-03-27T16:29:03.460+0000] {processor.py:830} INFO - Processing file /home/airflow/.local/lib/python3.8/site-packages/airflow/example_dags/example_setup_teardown_taskflow.py for tasks to queue
[2025-03-27T16:29:03.460+0000] {logging_mixin.py:188} INFO - [2025-03-27T16:29:03.460+0000] {dagbag.py:538} INFO - Filling up the DagBag from /home/airflow/.local/lib/python3.8/site-packages/airflow/example_dags/example_setup_teardown_taskflow.py
[2025-03-27T16:29:03.468+0000] {processor.py:840} INFO - DAG(s) 'example_setup_teardown_taskflow' retrieved from /home/airflow/.local/lib/python3.8/site-packages/airflow/example_dags/example_setup_teardown_taskflow.py
[2025-03-27T16:29:03.487+0000] {logging_mixin.py:188} INFO - [2025-03-27T16:29:03.487+0000] {dag.py:3036} INFO - Sync 1 DAGs
[2025-03-27T16:29:03.506+0000] {logging_mixin.py:188} INFO - [2025-03-27T16:29:03.506+0000] {dag.py:3823} INFO - Setting next_dagrun for example_setup_teardown_taskflow to 2025-03-26 00:00:00+00:00, run_after=2025-03-27 00:00:00+00:00
[2025-03-27T16:29:03.522+0000] {processor.py:183} INFO - Processing /home/airflow/.local/lib/python3.8/site-packages/airflow/example_dags/example_setup_teardown_taskflow.py took 0.066 seconds
[2025-03-27T16:29:34.093+0000] {processor.py:161} INFO - Started process (PID=1477) to work on /home/airflow/.local/lib/python3.8/site-packages/airflow/example_dags/example_setup_teardown_taskflow.py
[2025-03-27T16:29:34.094+0000] {processor.py:830} INFO - Processing file /home/airflow/.local/lib/python3.8/site-packages/airflow/example_dags/example_setup_teardown_taskflow.py for tasks to queue
[2025-03-27T16:29:34.095+0000] {logging_mixin.py:188} INFO - [2025-03-27T16:29:34.094+0000] {dagbag.py:538} INFO - Filling up the DagBag from /home/airflow/.local/lib/python3.8/site-packages/airflow/example_dags/example_setup_teardown_taskflow.py
[2025-03-27T16:29:34.104+0000] {processor.py:840} INFO - DAG(s) 'example_setup_teardown_taskflow' retrieved from /home/airflow/.local/lib/python3.8/site-packages/airflow/example_dags/example_setup_teardown_taskflow.py
[2025-03-27T16:29:34.126+0000] {logging_mixin.py:188} INFO - [2025-03-27T16:29:34.126+0000] {dag.py:3036} INFO - Sync 1 DAGs
[2025-03-27T16:29:34.146+0000] {logging_mixin.py:188} INFO - [2025-03-27T16:29:34.146+0000] {dag.py:3823} INFO - Setting next_dagrun for example_setup_teardown_taskflow to 2025-03-26 00:00:00+00:00, run_after=2025-03-27 00:00:00+00:00
[2025-03-27T16:29:34.163+0000] {processor.py:183} INFO - Processing /home/airflow/.local/lib/python3.8/site-packages/airflow/example_dags/example_setup_teardown_taskflow.py took 0.073 seconds
[2025-03-27T16:30:04.665+0000] {processor.py:161} INFO - Started process (PID=1724) to work on /home/airflow/.local/lib/python3.8/site-packages/airflow/example_dags/example_setup_teardown_taskflow.py
[2025-03-27T16:30:04.666+0000] {processor.py:830} INFO - Processing file /home/airflow/.local/lib/python3.8/site-packages/airflow/example_dags/example_setup_teardown_taskflow.py for tasks to queue
[2025-03-27T16:30:04.667+0000] {logging_mixin.py:188} INFO - [2025-03-27T16:30:04.667+0000] {dagbag.py:538} INFO - Filling up the DagBag from /home/airflow/.local/lib/python3.8/site-packages/airflow/example_dags/example_setup_teardown_taskflow.py
[2025-03-27T16:30:04.675+0000] {processor.py:840} INFO - DAG(s) 'example_setup_teardown_taskflow' retrieved from /home/airflow/.local/lib/python3.8/site-packages/airflow/example_dags/example_setup_teardown_taskflow.py
[2025-03-27T16:30:04.695+0000] {logging_mixin.py:188} INFO - [2025-03-27T16:30:04.694+0000] {dag.py:3036} INFO - Sync 1 DAGs
[2025-03-27T16:30:04.713+0000] {logging_mixin.py:188} INFO - [2025-03-27T16:30:04.713+0000] {dag.py:3823} INFO - Setting next_dagrun for example_setup_teardown_taskflow to 2025-03-26 00:00:00+00:00, run_after=2025-03-27 00:00:00+00:00
[2025-03-27T16:30:04.728+0000] {processor.py:183} INFO - Processing /home/airflow/.local/lib/python3.8/site-packages/airflow/example_dags/example_setup_teardown_taskflow.py took 0.065 seconds
[2025-03-27T16:30:35.219+0000] {processor.py:161} INFO - Started process (PID=1971) to work on /home/airflow/.local/lib/python3.8/site-packages/airflow/example_dags/example_setup_teardown_taskflow.py
[2025-03-27T16:30:35.219+0000] {processor.py:830} INFO - Processing file /home/airflow/.local/lib/python3.8/site-packages/airflow/example_dags/example_setup_teardown_taskflow.py for tasks to queue
[2025-03-27T16:30:35.220+0000] {logging_mixin.py:188} INFO - [2025-03-27T16:30:35.220+0000] {dagbag.py:538} INFO - Filling up the DagBag from /home/airflow/.local/lib/python3.8/site-packages/airflow/example_dags/example_setup_teardown_taskflow.py
[2025-03-27T16:30:35.228+0000] {processor.py:840} INFO - DAG(s) 'example_setup_teardown_taskflow' retrieved from /home/airflow/.local/lib/python3.8/site-packages/airflow/example_dags/example_setup_teardown_taskflow.py
[2025-03-27T16:30:35.246+0000] {logging_mixin.py:188} INFO - [2025-03-27T16:30:35.246+0000] {dag.py:3036} INFO - Sync 1 DAGs
[2025-03-27T16:30:35.265+0000] {logging_mixin.py:188} INFO - [2025-03-27T16:30:35.265+0000] {dag.py:3823} INFO - Setting next_dagrun for example_setup_teardown_taskflow to 2025-03-26 00:00:00+00:00, run_after=2025-03-27 00:00:00+00:00
[2025-03-27T16:30:35.283+0000] {processor.py:183} INFO - Processing /home/airflow/.local/lib/python3.8/site-packages/airflow/example_dags/example_setup_teardown_taskflow.py took 0.067 seconds
[2025-03-27T16:31:05.650+0000] {processor.py:161} INFO - Started process (PID=2218) to work on /home/airflow/.local/lib/python3.8/site-packages/airflow/example_dags/example_setup_teardown_taskflow.py
[2025-03-27T16:31:05.650+0000] {processor.py:830} INFO - Processing file /home/airflow/.local/lib/python3.8/site-packages/airflow/example_dags/example_setup_teardown_taskflow.py for tasks to queue
[2025-03-27T16:31:05.651+0000] {logging_mixin.py:188} INFO - [2025-03-27T16:31:05.651+0000] {dagbag.py:538} INFO - Filling up the DagBag from /home/airflow/.local/lib/python3.8/site-packages/airflow/example_dags/example_setup_teardown_taskflow.py
[2025-03-27T16:31:05.659+0000] {processor.py:840} INFO - DAG(s) 'example_setup_teardown_taskflow' retrieved from /home/airflow/.local/lib/python3.8/site-packages/airflow/example_dags/example_setup_teardown_taskflow.py
[2025-03-27T16:31:05.678+0000] {logging_mixin.py:188} INFO - [2025-03-27T16:31:05.678+0000] {dag.py:3036} INFO - Sync 1 DAGs
[2025-03-27T16:31:05.697+0000] {logging_mixin.py:188} INFO - [2025-03-27T16:31:05.696+0000] {dag.py:3823} INFO - Setting next_dagrun for example_setup_teardown_taskflow to 2025-03-26 00:00:00+00:00, run_after=2025-03-27 00:00:00+00:00
[2025-03-27T16:31:05.712+0000] {processor.py:183} INFO - Processing /home/airflow/.local/lib/python3.8/site-packages/airflow/example_dags/example_setup_teardown_taskflow.py took 0.065 seconds
[2025-03-27T16:31:36.198+0000] {processor.py:161} INFO - Started process (PID=2465) to work on /home/airflow/.local/lib/python3.8/site-packages/airflow/example_dags/example_setup_teardown_taskflow.py
[2025-03-27T16:31:36.199+0000] {processor.py:830} INFO - Processing file /home/airflow/.local/lib/python3.8/site-packages/airflow/example_dags/example_setup_teardown_taskflow.py for tasks to queue
[2025-03-27T16:31:36.200+0000] {logging_mixin.py:188} INFO - [2025-03-27T16:31:36.200+0000] {dagbag.py:538} INFO - Filling up the DagBag from /home/airflow/.local/lib/python3.8/site-packages/airflow/example_dags/example_setup_teardown_taskflow.py
[2025-03-27T16:31:36.210+0000] {processor.py:840} INFO - DAG(s) 'example_setup_teardown_taskflow' retrieved from /home/airflow/.local/lib/python3.8/site-packages/airflow/example_dags/example_setup_teardown_taskflow.py
[2025-03-27T16:31:36.230+0000] {logging_mixin.py:188} INFO - [2025-03-27T16:31:36.230+0000] {dag.py:3036} INFO - Sync 1 DAGs
[2025-03-27T16:31:36.249+0000] {logging_mixin.py:188} INFO - [2025-03-27T16:31:36.249+0000] {dag.py:3823} INFO - Setting next_dagrun for example_setup_teardown_taskflow to 2025-03-26 00:00:00+00:00, run_after=2025-03-27 00:00:00+00:00
[2025-03-27T16:31:36.265+0000] {processor.py:183} INFO - Processing /home/airflow/.local/lib/python3.8/site-packages/airflow/example_dags/example_setup_teardown_taskflow.py took 0.070 seconds
[2025-03-27T16:32:06.338+0000] {processor.py:161} INFO - Started process (PID=2709) to work on /home/airflow/.local/lib/python3.8/site-packages/airflow/example_dags/example_setup_teardown_taskflow.py
[2025-03-27T16:32:06.339+0000] {processor.py:830} INFO - Processing file /home/airflow/.local/lib/python3.8/site-packages/airflow/example_dags/example_setup_teardown_taskflow.py for tasks to queue
[2025-03-27T16:32:06.339+0000] {logging_mixin.py:188} INFO - [2025-03-27T16:32:06.339+0000] {dagbag.py:538} INFO - Filling up the DagBag from /home/airflow/.local/lib/python3.8/site-packages/airflow/example_dags/example_setup_teardown_taskflow.py
[2025-03-27T16:32:06.347+0000] {processor.py:840} INFO - DAG(s) 'example_setup_teardown_taskflow' retrieved from /home/airflow/.local/lib/python3.8/site-packages/airflow/example_dags/example_setup_teardown_taskflow.py
[2025-03-27T16:32:06.367+0000] {logging_mixin.py:188} INFO - [2025-03-27T16:32:06.366+0000] {dag.py:3036} INFO - Sync 1 DAGs
[2025-03-27T16:32:06.385+0000] {logging_mixin.py:188} INFO - [2025-03-27T16:32:06.384+0000] {dag.py:3823} INFO - Setting next_dagrun for example_setup_teardown_taskflow to 2025-03-26 00:00:00+00:00, run_after=2025-03-27 00:00:00+00:00
[2025-03-27T16:32:06.399+0000] {processor.py:183} INFO - Processing /home/airflow/.local/lib/python3.8/site-packages/airflow/example_dags/example_setup_teardown_taskflow.py took 0.063 seconds
[2025-03-27T16:32:37.026+0000] {processor.py:161} INFO - Started process (PID=2959) to work on /home/airflow/.local/lib/python3.8/site-packages/airflow/example_dags/example_setup_teardown_taskflow.py
[2025-03-27T16:32:37.027+0000] {processor.py:830} INFO - Processing file /home/airflow/.local/lib/python3.8/site-packages/airflow/example_dags/example_setup_teardown_taskflow.py for tasks to queue
[2025-03-27T16:32:37.028+0000] {logging_mixin.py:188} INFO - [2025-03-27T16:32:37.027+0000] {dagbag.py:538} INFO - Filling up the DagBag from /home/airflow/.local/lib/python3.8/site-packages/airflow/example_dags/example_setup_teardown_taskflow.py
[2025-03-27T16:32:37.035+0000] {processor.py:840} INFO - DAG(s) 'example_setup_teardown_taskflow' retrieved from /home/airflow/.local/lib/python3.8/site-packages/airflow/example_dags/example_setup_teardown_taskflow.py
[2025-03-27T16:32:37.055+0000] {logging_mixin.py:188} INFO - [2025-03-27T16:32:37.054+0000] {dag.py:3036} INFO - Sync 1 DAGs
[2025-03-27T16:32:37.074+0000] {logging_mixin.py:188} INFO - [2025-03-27T16:32:37.073+0000] {dag.py:3823} INFO - Setting next_dagrun for example_setup_teardown_taskflow to 2025-03-26 00:00:00+00:00, run_after=2025-03-27 00:00:00+00:00
[2025-03-27T16:32:37.090+0000] {processor.py:183} INFO - Processing /home/airflow/.local/lib/python3.8/site-packages/airflow/example_dags/example_setup_teardown_taskflow.py took 0.066 seconds
[2025-03-27T16:33:07.116+0000] {processor.py:161} INFO - Started process (PID=3201) to work on /home/airflow/.local/lib/python3.8/site-packages/airflow/example_dags/example_setup_teardown_taskflow.py
[2025-03-27T16:33:07.117+0000] {processor.py:830} INFO - Processing file /home/airflow/.local/lib/python3.8/site-packages/airflow/example_dags/example_setup_teardown_taskflow.py for tasks to queue
[2025-03-27T16:33:07.118+0000] {logging_mixin.py:188} INFO - [2025-03-27T16:33:07.117+0000] {dagbag.py:538} INFO - Filling up the DagBag from /home/airflow/.local/lib/python3.8/site-packages/airflow/example_dags/example_setup_teardown_taskflow.py
[2025-03-27T16:33:07.126+0000] {processor.py:840} INFO - DAG(s) 'example_setup_teardown_taskflow' retrieved from /home/airflow/.local/lib/python3.8/site-packages/airflow/example_dags/example_setup_teardown_taskflow.py
[2025-03-27T16:33:07.146+0000] {logging_mixin.py:188} INFO - [2025-03-27T16:33:07.145+0000] {dag.py:3036} INFO - Sync 1 DAGs
[2025-03-27T16:33:07.165+0000] {logging_mixin.py:188} INFO - [2025-03-27T16:33:07.164+0000] {dag.py:3823} INFO - Setting next_dagrun for example_setup_teardown_taskflow to 2025-03-26 00:00:00+00:00, run_after=2025-03-27 00:00:00+00:00
[2025-03-27T16:33:07.181+0000] {processor.py:183} INFO - Processing /home/airflow/.local/lib/python3.8/site-packages/airflow/example_dags/example_setup_teardown_taskflow.py took 0.068 seconds
[2025-03-27T16:33:37.260+0000] {processor.py:161} INFO - Started process (PID=3448) to work on /home/airflow/.local/lib/python3.8/site-packages/airflow/example_dags/example_setup_teardown_taskflow.py
[2025-03-27T16:33:37.261+0000] {processor.py:830} INFO - Processing file /home/airflow/.local/lib/python3.8/site-packages/airflow/example_dags/example_setup_teardown_taskflow.py for tasks to queue
[2025-03-27T16:33:37.262+0000] {logging_mixin.py:188} INFO - [2025-03-27T16:33:37.262+0000] {dagbag.py:538} INFO - Filling up the DagBag from /home/airflow/.local/lib/python3.8/site-packages/airflow/example_dags/example_setup_teardown_taskflow.py
[2025-03-27T16:33:37.272+0000] {processor.py:840} INFO - DAG(s) 'example_setup_teardown_taskflow' retrieved from /home/airflow/.local/lib/python3.8/site-packages/airflow/example_dags/example_setup_teardown_taskflow.py
[2025-03-27T16:33:37.292+0000] {logging_mixin.py:188} INFO - [2025-03-27T16:33:37.292+0000] {dag.py:3036} INFO - Sync 1 DAGs
[2025-03-27T16:33:37.311+0000] {logging_mixin.py:188} INFO - [2025-03-27T16:33:37.311+0000] {dag.py:3823} INFO - Setting next_dagrun for example_setup_teardown_taskflow to 2025-03-26 00:00:00+00:00, run_after=2025-03-27 00:00:00+00:00
[2025-03-27T16:33:37.326+0000] {processor.py:183} INFO - Processing /home/airflow/.local/lib/python3.8/site-packages/airflow/example_dags/example_setup_teardown_taskflow.py took 0.068 seconds
[2025-03-27T16:34:07.788+0000] {processor.py:161} INFO - Started process (PID=3695) to work on /home/airflow/.local/lib/python3.8/site-packages/airflow/example_dags/example_setup_teardown_taskflow.py
[2025-03-27T16:34:07.789+0000] {processor.py:830} INFO - Processing file /home/airflow/.local/lib/python3.8/site-packages/airflow/example_dags/example_setup_teardown_taskflow.py for tasks to queue
[2025-03-27T16:34:07.790+0000] {logging_mixin.py:188} INFO - [2025-03-27T16:34:07.789+0000] {dagbag.py:538} INFO - Filling up the DagBag from /home/airflow/.local/lib/python3.8/site-packages/airflow/example_dags/example_setup_teardown_taskflow.py
[2025-03-27T16:34:07.798+0000] {processor.py:840} INFO - DAG(s) 'example_setup_teardown_taskflow' retrieved from /home/airflow/.local/lib/python3.8/site-packages/airflow/example_dags/example_setup_teardown_taskflow.py
[2025-03-27T16:34:07.817+0000] {logging_mixin.py:188} INFO - [2025-03-27T16:34:07.816+0000] {dag.py:3036} INFO - Sync 1 DAGs
[2025-03-27T16:34:07.835+0000] {logging_mixin.py:188} INFO - [2025-03-27T16:34:07.835+0000] {dag.py:3823} INFO - Setting next_dagrun for example_setup_teardown_taskflow to 2025-03-26 00:00:00+00:00, run_after=2025-03-27 00:00:00+00:00
[2025-03-27T16:34:07.850+0000] {processor.py:183} INFO - Processing /home/airflow/.local/lib/python3.8/site-packages/airflow/example_dags/example_setup_teardown_taskflow.py took 0.064 seconds
[2025-03-27T16:34:38.157+0000] {processor.py:161} INFO - Started process (PID=3942) to work on /home/airflow/.local/lib/python3.8/site-packages/airflow/example_dags/example_setup_teardown_taskflow.py
[2025-03-27T16:34:38.158+0000] {processor.py:830} INFO - Processing file /home/airflow/.local/lib/python3.8/site-packages/airflow/example_dags/example_setup_teardown_taskflow.py for tasks to queue
[2025-03-27T16:34:38.159+0000] {logging_mixin.py:188} INFO - [2025-03-27T16:34:38.159+0000] {dagbag.py:538} INFO - Filling up the DagBag from /home/airflow/.local/lib/python3.8/site-packages/airflow/example_dags/example_setup_teardown_taskflow.py
[2025-03-27T16:34:38.169+0000] {processor.py:840} INFO - DAG(s) 'example_setup_teardown_taskflow' retrieved from /home/airflow/.local/lib/python3.8/site-packages/airflow/example_dags/example_setup_teardown_taskflow.py
[2025-03-27T16:34:38.191+0000] {logging_mixin.py:188} INFO - [2025-03-27T16:34:38.191+0000] {dag.py:3036} INFO - Sync 1 DAGs
[2025-03-27T16:34:38.213+0000] {logging_mixin.py:188} INFO - [2025-03-27T16:34:38.212+0000] {dag.py:3823} INFO - Setting next_dagrun for example_setup_teardown_taskflow to 2025-03-26 00:00:00+00:00, run_after=2025-03-27 00:00:00+00:00
[2025-03-27T16:34:38.230+0000] {processor.py:183} INFO - Processing /home/airflow/.local/lib/python3.8/site-packages/airflow/example_dags/example_setup_teardown_taskflow.py took 0.076 seconds
[2025-03-27T16:35:08.591+0000] {processor.py:161} INFO - Started process (PID=4189) to work on /home/airflow/.local/lib/python3.8/site-packages/airflow/example_dags/example_setup_teardown_taskflow.py
[2025-03-27T16:35:08.592+0000] {processor.py:830} INFO - Processing file /home/airflow/.local/lib/python3.8/site-packages/airflow/example_dags/example_setup_teardown_taskflow.py for tasks to queue
[2025-03-27T16:35:08.593+0000] {logging_mixin.py:188} INFO - [2025-03-27T16:35:08.592+0000] {dagbag.py:538} INFO - Filling up the DagBag from /home/airflow/.local/lib/python3.8/site-packages/airflow/example_dags/example_setup_teardown_taskflow.py
[2025-03-27T16:35:08.601+0000] {processor.py:840} INFO - DAG(s) 'example_setup_teardown_taskflow' retrieved from /home/airflow/.local/lib/python3.8/site-packages/airflow/example_dags/example_setup_teardown_taskflow.py
[2025-03-27T16:35:08.621+0000] {logging_mixin.py:188} INFO - [2025-03-27T16:35:08.621+0000] {dag.py:3036} INFO - Sync 1 DAGs
[2025-03-27T16:35:08.640+0000] {logging_mixin.py:188} INFO - [2025-03-27T16:35:08.640+0000] {dag.py:3823} INFO - Setting next_dagrun for example_setup_teardown_taskflow to 2025-03-26 00:00:00+00:00, run_after=2025-03-27 00:00:00+00:00
[2025-03-27T16:35:08.656+0000] {processor.py:183} INFO - Processing /home/airflow/.local/lib/python3.8/site-packages/airflow/example_dags/example_setup_teardown_taskflow.py took 0.068 seconds
[2025-03-27T16:35:39.241+0000] {processor.py:161} INFO - Started process (PID=4436) to work on /home/airflow/.local/lib/python3.8/site-packages/airflow/example_dags/example_setup_teardown_taskflow.py
[2025-03-27T16:35:39.243+0000] {processor.py:830} INFO - Processing file /home/airflow/.local/lib/python3.8/site-packages/airflow/example_dags/example_setup_teardown_taskflow.py for tasks to queue
[2025-03-27T16:35:39.245+0000] {logging_mixin.py:188} INFO - [2025-03-27T16:35:39.244+0000] {dagbag.py:538} INFO - Filling up the DagBag from /home/airflow/.local/lib/python3.8/site-packages/airflow/example_dags/example_setup_teardown_taskflow.py
[2025-03-27T16:35:39.261+0000] {processor.py:840} INFO - DAG(s) 'example_setup_teardown_taskflow' retrieved from /home/airflow/.local/lib/python3.8/site-packages/airflow/example_dags/example_setup_teardown_taskflow.py
[2025-03-27T16:35:39.297+0000] {logging_mixin.py:188} INFO - [2025-03-27T16:35:39.296+0000] {dag.py:3036} INFO - Sync 1 DAGs
[2025-03-27T16:35:39.340+0000] {logging_mixin.py:188} INFO - [2025-03-27T16:35:39.339+0000] {dag.py:3823} INFO - Setting next_dagrun for example_setup_teardown_taskflow to 2025-03-26 00:00:00+00:00, run_after=2025-03-27 00:00:00+00:00
[2025-03-27T16:35:39.377+0000] {processor.py:183} INFO - Processing /home/airflow/.local/lib/python3.8/site-packages/airflow/example_dags/example_setup_teardown_taskflow.py took 0.142 seconds
[2025-03-27T16:36:09.441+0000] {processor.py:161} INFO - Started process (PID=4685) to work on /home/airflow/.local/lib/python3.8/site-packages/airflow/example_dags/example_setup_teardown_taskflow.py
[2025-03-27T16:36:09.442+0000] {processor.py:830} INFO - Processing file /home/airflow/.local/lib/python3.8/site-packages/airflow/example_dags/example_setup_teardown_taskflow.py for tasks to queue
[2025-03-27T16:36:09.443+0000] {logging_mixin.py:188} INFO - [2025-03-27T16:36:09.442+0000] {dagbag.py:538} INFO - Filling up the DagBag from /home/airflow/.local/lib/python3.8/site-packages/airflow/example_dags/example_setup_teardown_taskflow.py
[2025-03-27T16:36:09.451+0000] {processor.py:840} INFO - DAG(s) 'example_setup_teardown_taskflow' retrieved from /home/airflow/.local/lib/python3.8/site-packages/airflow/example_dags/example_setup_teardown_taskflow.py
[2025-03-27T16:36:09.470+0000] {logging_mixin.py:188} INFO - [2025-03-27T16:36:09.470+0000] {dag.py:3036} INFO - Sync 1 DAGs
[2025-03-27T16:36:09.489+0000] {logging_mixin.py:188} INFO - [2025-03-27T16:36:09.489+0000] {dag.py:3823} INFO - Setting next_dagrun for example_setup_teardown_taskflow to 2025-03-26 00:00:00+00:00, run_after=2025-03-27 00:00:00+00:00
[2025-03-27T16:36:09.505+0000] {processor.py:183} INFO - Processing /home/airflow/.local/lib/python3.8/site-packages/airflow/example_dags/example_setup_teardown_taskflow.py took 0.066 seconds
[2025-03-27T16:36:39.941+0000] {processor.py:161} INFO - Started process (PID=4930) to work on /home/airflow/.local/lib/python3.8/site-packages/airflow/example_dags/example_setup_teardown_taskflow.py
[2025-03-27T16:36:39.942+0000] {processor.py:830} INFO - Processing file /home/airflow/.local/lib/python3.8/site-packages/airflow/example_dags/example_setup_teardown_taskflow.py for tasks to queue
[2025-03-27T16:36:39.943+0000] {logging_mixin.py:188} INFO - [2025-03-27T16:36:39.943+0000] {dagbag.py:538} INFO - Filling up the DagBag from /home/airflow/.local/lib/python3.8/site-packages/airflow/example_dags/example_setup_teardown_taskflow.py
[2025-03-27T16:36:39.952+0000] {processor.py:840} INFO - DAG(s) 'example_setup_teardown_taskflow' retrieved from /home/airflow/.local/lib/python3.8/site-packages/airflow/example_dags/example_setup_teardown_taskflow.py
[2025-03-27T16:36:39.973+0000] {logging_mixin.py:188} INFO - [2025-03-27T16:36:39.972+0000] {dag.py:3036} INFO - Sync 1 DAGs
[2025-03-27T16:36:39.992+0000] {logging_mixin.py:188} INFO - [2025-03-27T16:36:39.992+0000] {dag.py:3823} INFO - Setting next_dagrun for example_setup_teardown_taskflow to 2025-03-26 00:00:00+00:00, run_after=2025-03-27 00:00:00+00:00
[2025-03-27T16:36:40.009+0000] {processor.py:183} INFO - Processing /home/airflow/.local/lib/python3.8/site-packages/airflow/example_dags/example_setup_teardown_taskflow.py took 0.070 seconds
[2025-03-27T16:37:10.457+0000] {processor.py:161} INFO - Started process (PID=5182) to work on /home/airflow/.local/lib/python3.8/site-packages/airflow/example_dags/example_setup_teardown_taskflow.py
[2025-03-27T16:37:10.458+0000] {processor.py:830} INFO - Processing file /home/airflow/.local/lib/python3.8/site-packages/airflow/example_dags/example_setup_teardown_taskflow.py for tasks to queue
[2025-03-27T16:37:10.461+0000] {logging_mixin.py:188} INFO - [2025-03-27T16:37:10.461+0000] {dagbag.py:538} INFO - Filling up the DagBag from /home/airflow/.local/lib/python3.8/site-packages/airflow/example_dags/example_setup_teardown_taskflow.py
[2025-03-27T16:37:10.470+0000] {processor.py:840} INFO - DAG(s) 'example_setup_teardown_taskflow' retrieved from /home/airflow/.local/lib/python3.8/site-packages/airflow/example_dags/example_setup_teardown_taskflow.py
[2025-03-27T16:37:10.489+0000] {logging_mixin.py:188} INFO - [2025-03-27T16:37:10.489+0000] {dag.py:3036} INFO - Sync 1 DAGs
[2025-03-27T16:37:10.509+0000] {logging_mixin.py:188} INFO - [2025-03-27T16:37:10.508+0000] {dag.py:3823} INFO - Setting next_dagrun for example_setup_teardown_taskflow to 2025-03-26 00:00:00+00:00, run_after=2025-03-27 00:00:00+00:00
[2025-03-27T16:37:10.525+0000] {processor.py:183} INFO - Processing /home/airflow/.local/lib/python3.8/site-packages/airflow/example_dags/example_setup_teardown_taskflow.py took 0.071 seconds
[2025-03-27T16:37:40.639+0000] {processor.py:161} INFO - Started process (PID=5434) to work on /home/airflow/.local/lib/python3.8/site-packages/airflow/example_dags/example_setup_teardown_taskflow.py
[2025-03-27T16:37:40.640+0000] {processor.py:830} INFO - Processing file /home/airflow/.local/lib/python3.8/site-packages/airflow/example_dags/example_setup_teardown_taskflow.py for tasks to queue
[2025-03-27T16:37:40.640+0000] {logging_mixin.py:188} INFO - [2025-03-27T16:37:40.640+0000] {dagbag.py:538} INFO - Filling up the DagBag from /home/airflow/.local/lib/python3.8/site-packages/airflow/example_dags/example_setup_teardown_taskflow.py
[2025-03-27T16:37:40.649+0000] {processor.py:840} INFO - DAG(s) 'example_setup_teardown_taskflow' retrieved from /home/airflow/.local/lib/python3.8/site-packages/airflow/example_dags/example_setup_teardown_taskflow.py
[2025-03-27T16:37:40.668+0000] {logging_mixin.py:188} INFO - [2025-03-27T16:37:40.668+0000] {dag.py:3036} INFO - Sync 1 DAGs
[2025-03-27T16:37:40.687+0000] {logging_mixin.py:188} INFO - [2025-03-27T16:37:40.687+0000] {dag.py:3823} INFO - Setting next_dagrun for example_setup_teardown_taskflow to 2025-03-26 00:00:00+00:00, run_after=2025-03-27 00:00:00+00:00
[2025-03-27T16:37:40.702+0000] {processor.py:183} INFO - Processing /home/airflow/.local/lib/python3.8/site-packages/airflow/example_dags/example_setup_teardown_taskflow.py took 0.066 seconds
[2025-03-27T16:38:10.844+0000] {processor.py:161} INFO - Started process (PID=5686) to work on /home/airflow/.local/lib/python3.8/site-packages/airflow/example_dags/example_setup_teardown_taskflow.py
[2025-03-27T16:38:10.845+0000] {processor.py:830} INFO - Processing file /home/airflow/.local/lib/python3.8/site-packages/airflow/example_dags/example_setup_teardown_taskflow.py for tasks to queue
[2025-03-27T16:38:10.846+0000] {logging_mixin.py:188} INFO - [2025-03-27T16:38:10.845+0000] {dagbag.py:538} INFO - Filling up the DagBag from /home/airflow/.local/lib/python3.8/site-packages/airflow/example_dags/example_setup_teardown_taskflow.py
[2025-03-27T16:38:10.854+0000] {processor.py:840} INFO - DAG(s) 'example_setup_teardown_taskflow' retrieved from /home/airflow/.local/lib/python3.8/site-packages/airflow/example_dags/example_setup_teardown_taskflow.py
[2025-03-27T16:38:10.874+0000] {logging_mixin.py:188} INFO - [2025-03-27T16:38:10.874+0000] {dag.py:3036} INFO - Sync 1 DAGs
[2025-03-27T16:38:10.894+0000] {logging_mixin.py:188} INFO - [2025-03-27T16:38:10.894+0000] {dag.py:3823} INFO - Setting next_dagrun for example_setup_teardown_taskflow to 2025-03-26 00:00:00+00:00, run_after=2025-03-27 00:00:00+00:00
[2025-03-27T16:38:10.909+0000] {processor.py:183} INFO - Processing /home/airflow/.local/lib/python3.8/site-packages/airflow/example_dags/example_setup_teardown_taskflow.py took 0.068 seconds
[2025-03-27T16:38:41.237+0000] {processor.py:161} INFO - Started process (PID=5938) to work on /home/airflow/.local/lib/python3.8/site-packages/airflow/example_dags/example_setup_teardown_taskflow.py
[2025-03-27T16:38:41.238+0000] {processor.py:830} INFO - Processing file /home/airflow/.local/lib/python3.8/site-packages/airflow/example_dags/example_setup_teardown_taskflow.py for tasks to queue
[2025-03-27T16:38:41.239+0000] {logging_mixin.py:188} INFO - [2025-03-27T16:38:41.239+0000] {dagbag.py:538} INFO - Filling up the DagBag from /home/airflow/.local/lib/python3.8/site-packages/airflow/example_dags/example_setup_teardown_taskflow.py
[2025-03-27T16:38:41.252+0000] {processor.py:840} INFO - DAG(s) 'example_setup_teardown_taskflow' retrieved from /home/airflow/.local/lib/python3.8/site-packages/airflow/example_dags/example_setup_teardown_taskflow.py
[2025-03-27T16:38:41.274+0000] {logging_mixin.py:188} INFO - [2025-03-27T16:38:41.273+0000] {dag.py:3036} INFO - Sync 1 DAGs
[2025-03-27T16:38:41.296+0000] {logging_mixin.py:188} INFO - [2025-03-27T16:38:41.296+0000] {dag.py:3823} INFO - Setting next_dagrun for example_setup_teardown_taskflow to 2025-03-26 00:00:00+00:00, run_after=2025-03-27 00:00:00+00:00
[2025-03-27T16:38:41.314+0000] {processor.py:183} INFO - Processing /home/airflow/.local/lib/python3.8/site-packages/airflow/example_dags/example_setup_teardown_taskflow.py took 0.080 seconds
[2025-03-27T16:39:11.410+0000] {processor.py:161} INFO - Started process (PID=6212) to work on /home/airflow/.local/lib/python3.8/site-packages/airflow/example_dags/example_setup_teardown_taskflow.py
[2025-03-27T16:39:11.411+0000] {processor.py:830} INFO - Processing file /home/airflow/.local/lib/python3.8/site-packages/airflow/example_dags/example_setup_teardown_taskflow.py for tasks to queue
[2025-03-27T16:39:11.412+0000] {logging_mixin.py:188} INFO - [2025-03-27T16:39:11.411+0000] {dagbag.py:538} INFO - Filling up the DagBag from /home/airflow/.local/lib/python3.8/site-packages/airflow/example_dags/example_setup_teardown_taskflow.py
[2025-03-27T16:39:11.420+0000] {processor.py:840} INFO - DAG(s) 'example_setup_teardown_taskflow' retrieved from /home/airflow/.local/lib/python3.8/site-packages/airflow/example_dags/example_setup_teardown_taskflow.py
[2025-03-27T16:39:11.440+0000] {logging_mixin.py:188} INFO - [2025-03-27T16:39:11.440+0000] {dag.py:3036} INFO - Sync 1 DAGs
[2025-03-27T16:39:11.461+0000] {logging_mixin.py:188} INFO - [2025-03-27T16:39:11.460+0000] {dag.py:3823} INFO - Setting next_dagrun for example_setup_teardown_taskflow to 2025-03-26 00:00:00+00:00, run_after=2025-03-27 00:00:00+00:00
[2025-03-27T16:39:11.477+0000] {processor.py:183} INFO - Processing /home/airflow/.local/lib/python3.8/site-packages/airflow/example_dags/example_setup_teardown_taskflow.py took 0.069 seconds
[2025-03-27T16:39:41.631+0000] {processor.py:161} INFO - Started process (PID=6462) to work on /home/airflow/.local/lib/python3.8/site-packages/airflow/example_dags/example_setup_teardown_taskflow.py
[2025-03-27T16:39:41.632+0000] {processor.py:830} INFO - Processing file /home/airflow/.local/lib/python3.8/site-packages/airflow/example_dags/example_setup_teardown_taskflow.py for tasks to queue
[2025-03-27T16:39:41.633+0000] {logging_mixin.py:188} INFO - [2025-03-27T16:39:41.633+0000] {dagbag.py:538} INFO - Filling up the DagBag from /home/airflow/.local/lib/python3.8/site-packages/airflow/example_dags/example_setup_teardown_taskflow.py
[2025-03-27T16:39:41.642+0000] {processor.py:840} INFO - DAG(s) 'example_setup_teardown_taskflow' retrieved from /home/airflow/.local/lib/python3.8/site-packages/airflow/example_dags/example_setup_teardown_taskflow.py
[2025-03-27T16:39:41.664+0000] {logging_mixin.py:188} INFO - [2025-03-27T16:39:41.664+0000] {dag.py:3036} INFO - Sync 1 DAGs
[2025-03-27T16:39:41.685+0000] {logging_mixin.py:188} INFO - [2025-03-27T16:39:41.685+0000] {dag.py:3823} INFO - Setting next_dagrun for example_setup_teardown_taskflow to 2025-03-26 00:00:00+00:00, run_after=2025-03-27 00:00:00+00:00
[2025-03-27T16:39:41.705+0000] {processor.py:183} INFO - Processing /home/airflow/.local/lib/python3.8/site-packages/airflow/example_dags/example_setup_teardown_taskflow.py took 0.078 seconds
[2025-03-27T16:40:11.905+0000] {processor.py:161} INFO - Started process (PID=6719) to work on /home/airflow/.local/lib/python3.8/site-packages/airflow/example_dags/example_setup_teardown_taskflow.py
[2025-03-27T16:40:11.906+0000] {processor.py:830} INFO - Processing file /home/airflow/.local/lib/python3.8/site-packages/airflow/example_dags/example_setup_teardown_taskflow.py for tasks to queue
[2025-03-27T16:40:11.908+0000] {logging_mixin.py:188} INFO - [2025-03-27T16:40:11.907+0000] {dagbag.py:538} INFO - Filling up the DagBag from /home/airflow/.local/lib/python3.8/site-packages/airflow/example_dags/example_setup_teardown_taskflow.py
[2025-03-27T16:40:11.921+0000] {processor.py:840} INFO - DAG(s) 'example_setup_teardown_taskflow' retrieved from /home/airflow/.local/lib/python3.8/site-packages/airflow/example_dags/example_setup_teardown_taskflow.py
[2025-03-27T16:40:11.952+0000] {logging_mixin.py:188} INFO - [2025-03-27T16:40:11.951+0000] {dag.py:3036} INFO - Sync 1 DAGs
[2025-03-27T16:40:11.983+0000] {logging_mixin.py:188} INFO - [2025-03-27T16:40:11.983+0000] {dag.py:3823} INFO - Setting next_dagrun for example_setup_teardown_taskflow to 2025-03-26 00:00:00+00:00, run_after=2025-03-27 00:00:00+00:00
[2025-03-27T16:40:12.015+0000] {processor.py:183} INFO - Processing /home/airflow/.local/lib/python3.8/site-packages/airflow/example_dags/example_setup_teardown_taskflow.py took 0.114 seconds
[2025-03-27T16:40:42.147+0000] {processor.py:161} INFO - Started process (PID=6971) to work on /home/airflow/.local/lib/python3.8/site-packages/airflow/example_dags/example_setup_teardown_taskflow.py
[2025-03-27T16:40:42.148+0000] {processor.py:830} INFO - Processing file /home/airflow/.local/lib/python3.8/site-packages/airflow/example_dags/example_setup_teardown_taskflow.py for tasks to queue
[2025-03-27T16:40:42.150+0000] {logging_mixin.py:188} INFO - [2025-03-27T16:40:42.149+0000] {dagbag.py:538} INFO - Filling up the DagBag from /home/airflow/.local/lib/python3.8/site-packages/airflow/example_dags/example_setup_teardown_taskflow.py
[2025-03-27T16:40:42.165+0000] {processor.py:840} INFO - DAG(s) 'example_setup_teardown_taskflow' retrieved from /home/airflow/.local/lib/python3.8/site-packages/airflow/example_dags/example_setup_teardown_taskflow.py
[2025-03-27T16:40:42.192+0000] {logging_mixin.py:188} INFO - [2025-03-27T16:40:42.192+0000] {dag.py:3036} INFO - Sync 1 DAGs
[2025-03-27T16:40:42.221+0000] {logging_mixin.py:188} INFO - [2025-03-27T16:40:42.220+0000] {dag.py:3823} INFO - Setting next_dagrun for example_setup_teardown_taskflow to 2025-03-26 00:00:00+00:00, run_after=2025-03-27 00:00:00+00:00
[2025-03-27T16:40:42.240+0000] {processor.py:183} INFO - Processing /home/airflow/.local/lib/python3.8/site-packages/airflow/example_dags/example_setup_teardown_taskflow.py took 0.097 seconds
[2025-03-27T16:41:12.300+0000] {processor.py:161} INFO - Started process (PID=7228) to work on /home/airflow/.local/lib/python3.8/site-packages/airflow/example_dags/example_setup_teardown_taskflow.py
[2025-03-27T16:41:12.301+0000] {processor.py:830} INFO - Processing file /home/airflow/.local/lib/python3.8/site-packages/airflow/example_dags/example_setup_teardown_taskflow.py for tasks to queue
[2025-03-27T16:41:12.302+0000] {logging_mixin.py:188} INFO - [2025-03-27T16:41:12.302+0000] {dagbag.py:538} INFO - Filling up the DagBag from /home/airflow/.local/lib/python3.8/site-packages/airflow/example_dags/example_setup_teardown_taskflow.py
[2025-03-27T16:41:12.312+0000] {processor.py:840} INFO - DAG(s) 'example_setup_teardown_taskflow' retrieved from /home/airflow/.local/lib/python3.8/site-packages/airflow/example_dags/example_setup_teardown_taskflow.py
[2025-03-27T16:41:12.333+0000] {logging_mixin.py:188} INFO - [2025-03-27T16:41:12.333+0000] {dag.py:3036} INFO - Sync 1 DAGs
[2025-03-27T16:41:12.354+0000] {logging_mixin.py:188} INFO - [2025-03-27T16:41:12.353+0000] {dag.py:3823} INFO - Setting next_dagrun for example_setup_teardown_taskflow to 2025-03-26 00:00:00+00:00, run_after=2025-03-27 00:00:00+00:00
[2025-03-27T16:41:12.370+0000] {processor.py:183} INFO - Processing /home/airflow/.local/lib/python3.8/site-packages/airflow/example_dags/example_setup_teardown_taskflow.py took 0.073 seconds
[2025-03-27T16:41:42.454+0000] {processor.py:161} INFO - Started process (PID=7485) to work on /home/airflow/.local/lib/python3.8/site-packages/airflow/example_dags/example_setup_teardown_taskflow.py
[2025-03-27T16:41:42.455+0000] {processor.py:830} INFO - Processing file /home/airflow/.local/lib/python3.8/site-packages/airflow/example_dags/example_setup_teardown_taskflow.py for tasks to queue
[2025-03-27T16:41:42.456+0000] {logging_mixin.py:188} INFO - [2025-03-27T16:41:42.456+0000] {dagbag.py:538} INFO - Filling up the DagBag from /home/airflow/.local/lib/python3.8/site-packages/airflow/example_dags/example_setup_teardown_taskflow.py
[2025-03-27T16:41:42.464+0000] {processor.py:840} INFO - DAG(s) 'example_setup_teardown_taskflow' retrieved from /home/airflow/.local/lib/python3.8/site-packages/airflow/example_dags/example_setup_teardown_taskflow.py
[2025-03-27T16:41:42.484+0000] {logging_mixin.py:188} INFO - [2025-03-27T16:41:42.484+0000] {dag.py:3036} INFO - Sync 1 DAGs
[2025-03-27T16:41:42.504+0000] {logging_mixin.py:188} INFO - [2025-03-27T16:41:42.504+0000] {dag.py:3823} INFO - Setting next_dagrun for example_setup_teardown_taskflow to 2025-03-26 00:00:00+00:00, run_after=2025-03-27 00:00:00+00:00
[2025-03-27T16:41:42.518+0000] {processor.py:183} INFO - Processing /home/airflow/.local/lib/python3.8/site-packages/airflow/example_dags/example_setup_teardown_taskflow.py took 0.067 seconds
[2025-03-27T16:42:12.809+0000] {processor.py:161} INFO - Started process (PID=7737) to work on /home/airflow/.local/lib/python3.8/site-packages/airflow/example_dags/example_setup_teardown_taskflow.py
[2025-03-27T16:42:12.810+0000] {processor.py:830} INFO - Processing file /home/airflow/.local/lib/python3.8/site-packages/airflow/example_dags/example_setup_teardown_taskflow.py for tasks to queue
[2025-03-27T16:42:12.811+0000] {logging_mixin.py:188} INFO - [2025-03-27T16:42:12.811+0000] {dagbag.py:538} INFO - Filling up the DagBag from /home/airflow/.local/lib/python3.8/site-packages/airflow/example_dags/example_setup_teardown_taskflow.py
[2025-03-27T16:42:12.820+0000] {processor.py:840} INFO - DAG(s) 'example_setup_teardown_taskflow' retrieved from /home/airflow/.local/lib/python3.8/site-packages/airflow/example_dags/example_setup_teardown_taskflow.py
[2025-03-27T16:42:12.840+0000] {logging_mixin.py:188} INFO - [2025-03-27T16:42:12.840+0000] {dag.py:3036} INFO - Sync 1 DAGs
[2025-03-27T16:42:12.859+0000] {logging_mixin.py:188} INFO - [2025-03-27T16:42:12.859+0000] {dag.py:3823} INFO - Setting next_dagrun for example_setup_teardown_taskflow to 2025-03-26 00:00:00+00:00, run_after=2025-03-27 00:00:00+00:00
[2025-03-27T16:42:12.874+0000] {processor.py:183} INFO - Processing /home/airflow/.local/lib/python3.8/site-packages/airflow/example_dags/example_setup_teardown_taskflow.py took 0.067 seconds
[2025-03-27T16:42:43.008+0000] {processor.py:161} INFO - Started process (PID=7989) to work on /home/airflow/.local/lib/python3.8/site-packages/airflow/example_dags/example_setup_teardown_taskflow.py
[2025-03-27T16:42:43.009+0000] {processor.py:830} INFO - Processing file /home/airflow/.local/lib/python3.8/site-packages/airflow/example_dags/example_setup_teardown_taskflow.py for tasks to queue
[2025-03-27T16:42:43.010+0000] {logging_mixin.py:188} INFO - [2025-03-27T16:42:43.010+0000] {dagbag.py:538} INFO - Filling up the DagBag from /home/airflow/.local/lib/python3.8/site-packages/airflow/example_dags/example_setup_teardown_taskflow.py
[2025-03-27T16:42:43.019+0000] {processor.py:840} INFO - DAG(s) 'example_setup_teardown_taskflow' retrieved from /home/airflow/.local/lib/python3.8/site-packages/airflow/example_dags/example_setup_teardown_taskflow.py
[2025-03-27T16:42:43.040+0000] {logging_mixin.py:188} INFO - [2025-03-27T16:42:43.040+0000] {dag.py:3036} INFO - Sync 1 DAGs
[2025-03-27T16:42:43.059+0000] {logging_mixin.py:188} INFO - [2025-03-27T16:42:43.059+0000] {dag.py:3823} INFO - Setting next_dagrun for example_setup_teardown_taskflow to 2025-03-26 00:00:00+00:00, run_after=2025-03-27 00:00:00+00:00
[2025-03-27T16:42:43.076+0000] {processor.py:183} INFO - Processing /home/airflow/.local/lib/python3.8/site-packages/airflow/example_dags/example_setup_teardown_taskflow.py took 0.071 seconds
[2025-03-27T16:43:13.132+0000] {processor.py:161} INFO - Started process (PID=8251) to work on /home/airflow/.local/lib/python3.8/site-packages/airflow/example_dags/example_setup_teardown_taskflow.py
[2025-03-27T16:43:13.133+0000] {processor.py:830} INFO - Processing file /home/airflow/.local/lib/python3.8/site-packages/airflow/example_dags/example_setup_teardown_taskflow.py for tasks to queue
[2025-03-27T16:43:13.134+0000] {logging_mixin.py:188} INFO - [2025-03-27T16:43:13.133+0000] {dagbag.py:538} INFO - Filling up the DagBag from /home/airflow/.local/lib/python3.8/site-packages/airflow/example_dags/example_setup_teardown_taskflow.py
[2025-03-27T16:43:13.143+0000] {processor.py:840} INFO - DAG(s) 'example_setup_teardown_taskflow' retrieved from /home/airflow/.local/lib/python3.8/site-packages/airflow/example_dags/example_setup_teardown_taskflow.py
[2025-03-27T16:43:13.163+0000] {logging_mixin.py:188} INFO - [2025-03-27T16:43:13.163+0000] {dag.py:3036} INFO - Sync 1 DAGs
[2025-03-27T16:43:13.184+0000] {logging_mixin.py:188} INFO - [2025-03-27T16:43:13.183+0000] {dag.py:3823} INFO - Setting next_dagrun for example_setup_teardown_taskflow to 2025-03-26 00:00:00+00:00, run_after=2025-03-27 00:00:00+00:00
[2025-03-27T16:43:13.202+0000] {processor.py:183} INFO - Processing /home/airflow/.local/lib/python3.8/site-packages/airflow/example_dags/example_setup_teardown_taskflow.py took 0.073 seconds
[2025-03-27T16:43:43.324+0000] {processor.py:161} INFO - Started process (PID=8567) to work on /home/airflow/.local/lib/python3.8/site-packages/airflow/example_dags/example_setup_teardown_taskflow.py
[2025-03-27T16:43:43.325+0000] {processor.py:830} INFO - Processing file /home/airflow/.local/lib/python3.8/site-packages/airflow/example_dags/example_setup_teardown_taskflow.py for tasks to queue
[2025-03-27T16:43:43.326+0000] {logging_mixin.py:188} INFO - [2025-03-27T16:43:43.326+0000] {dagbag.py:538} INFO - Filling up the DagBag from /home/airflow/.local/lib/python3.8/site-packages/airflow/example_dags/example_setup_teardown_taskflow.py
[2025-03-27T16:43:43.337+0000] {processor.py:840} INFO - DAG(s) 'example_setup_teardown_taskflow' retrieved from /home/airflow/.local/lib/python3.8/site-packages/airflow/example_dags/example_setup_teardown_taskflow.py
[2025-03-27T16:43:43.361+0000] {logging_mixin.py:188} INFO - [2025-03-27T16:43:43.361+0000] {dag.py:3036} INFO - Sync 1 DAGs
[2025-03-27T16:43:43.386+0000] {logging_mixin.py:188} INFO - [2025-03-27T16:43:43.386+0000] {dag.py:3823} INFO - Setting next_dagrun for example_setup_teardown_taskflow to 2025-03-26 00:00:00+00:00, run_after=2025-03-27 00:00:00+00:00
[2025-03-27T16:43:43.405+0000] {processor.py:183} INFO - Processing /home/airflow/.local/lib/python3.8/site-packages/airflow/example_dags/example_setup_teardown_taskflow.py took 0.085 seconds
[2025-03-27T16:44:13.552+0000] {processor.py:161} INFO - Started process (PID=8819) to work on /home/airflow/.local/lib/python3.8/site-packages/airflow/example_dags/example_setup_teardown_taskflow.py
[2025-03-27T16:44:13.553+0000] {processor.py:830} INFO - Processing file /home/airflow/.local/lib/python3.8/site-packages/airflow/example_dags/example_setup_teardown_taskflow.py for tasks to queue
[2025-03-27T16:44:13.554+0000] {logging_mixin.py:188} INFO - [2025-03-27T16:44:13.554+0000] {dagbag.py:538} INFO - Filling up the DagBag from /home/airflow/.local/lib/python3.8/site-packages/airflow/example_dags/example_setup_teardown_taskflow.py
[2025-03-27T16:44:13.563+0000] {processor.py:840} INFO - DAG(s) 'example_setup_teardown_taskflow' retrieved from /home/airflow/.local/lib/python3.8/site-packages/airflow/example_dags/example_setup_teardown_taskflow.py
[2025-03-27T16:44:13.584+0000] {logging_mixin.py:188} INFO - [2025-03-27T16:44:13.584+0000] {dag.py:3036} INFO - Sync 1 DAGs
[2025-03-27T16:44:13.605+0000] {logging_mixin.py:188} INFO - [2025-03-27T16:44:13.605+0000] {dag.py:3823} INFO - Setting next_dagrun for example_setup_teardown_taskflow to 2025-03-26 00:00:00+00:00, run_after=2025-03-27 00:00:00+00:00
[2025-03-27T16:44:13.624+0000] {processor.py:183} INFO - Processing /home/airflow/.local/lib/python3.8/site-packages/airflow/example_dags/example_setup_teardown_taskflow.py took 0.075 seconds
[2025-03-27T16:44:44.018+0000] {processor.py:161} INFO - Started process (PID=9086) to work on /home/airflow/.local/lib/python3.8/site-packages/airflow/example_dags/example_setup_teardown_taskflow.py
[2025-03-27T16:44:44.019+0000] {processor.py:830} INFO - Processing file /home/airflow/.local/lib/python3.8/site-packages/airflow/example_dags/example_setup_teardown_taskflow.py for tasks to queue
[2025-03-27T16:44:44.020+0000] {logging_mixin.py:188} INFO - [2025-03-27T16:44:44.019+0000] {dagbag.py:538} INFO - Filling up the DagBag from /home/airflow/.local/lib/python3.8/site-packages/airflow/example_dags/example_setup_teardown_taskflow.py
[2025-03-27T16:44:44.028+0000] {processor.py:840} INFO - DAG(s) 'example_setup_teardown_taskflow' retrieved from /home/airflow/.local/lib/python3.8/site-packages/airflow/example_dags/example_setup_teardown_taskflow.py
[2025-03-27T16:44:44.049+0000] {logging_mixin.py:188} INFO - [2025-03-27T16:44:44.049+0000] {dag.py:3036} INFO - Sync 1 DAGs
[2025-03-27T16:44:44.071+0000] {logging_mixin.py:188} INFO - [2025-03-27T16:44:44.071+0000] {dag.py:3823} INFO - Setting next_dagrun for example_setup_teardown_taskflow to 2025-03-26 00:00:00+00:00, run_after=2025-03-27 00:00:00+00:00
[2025-03-27T16:44:44.091+0000] {processor.py:183} INFO - Processing /home/airflow/.local/lib/python3.8/site-packages/airflow/example_dags/example_setup_teardown_taskflow.py took 0.077 seconds
[2025-03-27T16:45:14.155+0000] {processor.py:161} INFO - Started process (PID=9338) to work on /home/airflow/.local/lib/python3.8/site-packages/airflow/example_dags/example_setup_teardown_taskflow.py
[2025-03-27T16:45:14.156+0000] {processor.py:830} INFO - Processing file /home/airflow/.local/lib/python3.8/site-packages/airflow/example_dags/example_setup_teardown_taskflow.py for tasks to queue
[2025-03-27T16:45:14.157+0000] {logging_mixin.py:188} INFO - [2025-03-27T16:45:14.157+0000] {dagbag.py:538} INFO - Filling up the DagBag from /home/airflow/.local/lib/python3.8/site-packages/airflow/example_dags/example_setup_teardown_taskflow.py
[2025-03-27T16:45:14.166+0000] {processor.py:840} INFO - DAG(s) 'example_setup_teardown_taskflow' retrieved from /home/airflow/.local/lib/python3.8/site-packages/airflow/example_dags/example_setup_teardown_taskflow.py
[2025-03-27T16:45:14.187+0000] {logging_mixin.py:188} INFO - [2025-03-27T16:45:14.187+0000] {dag.py:3036} INFO - Sync 1 DAGs
[2025-03-27T16:45:14.209+0000] {logging_mixin.py:188} INFO - [2025-03-27T16:45:14.208+0000] {dag.py:3823} INFO - Setting next_dagrun for example_setup_teardown_taskflow to 2025-03-26 00:00:00+00:00, run_after=2025-03-27 00:00:00+00:00
[2025-03-27T16:45:14.227+0000] {processor.py:183} INFO - Processing /home/airflow/.local/lib/python3.8/site-packages/airflow/example_dags/example_setup_teardown_taskflow.py took 0.076 seconds
[2025-03-27T16:45:45.995+0000] {processor.py:161} INFO - Started process (PID=9863) to work on /home/airflow/.local/lib/python3.8/site-packages/airflow/example_dags/example_setup_teardown_taskflow.py
[2025-03-27T16:45:46.000+0000] {processor.py:830} INFO - Processing file /home/airflow/.local/lib/python3.8/site-packages/airflow/example_dags/example_setup_teardown_taskflow.py for tasks to queue
[2025-03-27T16:45:46.004+0000] {logging_mixin.py:188} INFO - [2025-03-27T16:45:46.004+0000] {dagbag.py:538} INFO - Filling up the DagBag from /home/airflow/.local/lib/python3.8/site-packages/airflow/example_dags/example_setup_teardown_taskflow.py
[2025-03-27T16:45:46.030+0000] {processor.py:840} INFO - DAG(s) 'example_setup_teardown_taskflow' retrieved from /home/airflow/.local/lib/python3.8/site-packages/airflow/example_dags/example_setup_teardown_taskflow.py
[2025-03-27T16:45:46.117+0000] {logging_mixin.py:188} INFO - [2025-03-27T16:45:46.116+0000] {dag.py:3036} INFO - Sync 1 DAGs
[2025-03-27T16:45:46.215+0000] {logging_mixin.py:188} INFO - [2025-03-27T16:45:46.215+0000] {dag.py:3823} INFO - Setting next_dagrun for example_setup_teardown_taskflow to 2025-03-26 00:00:00+00:00, run_after=2025-03-27 00:00:00+00:00
[2025-03-27T16:45:46.299+0000] {processor.py:183} INFO - Processing /home/airflow/.local/lib/python3.8/site-packages/airflow/example_dags/example_setup_teardown_taskflow.py took 0.308 seconds
[2025-03-27T16:46:16.615+0000] {processor.py:161} INFO - Started process (PID=10496) to work on /home/airflow/.local/lib/python3.8/site-packages/airflow/example_dags/example_setup_teardown_taskflow.py
[2025-03-27T16:46:16.618+0000] {processor.py:830} INFO - Processing file /home/airflow/.local/lib/python3.8/site-packages/airflow/example_dags/example_setup_teardown_taskflow.py for tasks to queue
[2025-03-27T16:46:16.622+0000] {logging_mixin.py:188} INFO - [2025-03-27T16:46:16.622+0000] {dagbag.py:538} INFO - Filling up the DagBag from /home/airflow/.local/lib/python3.8/site-packages/airflow/example_dags/example_setup_teardown_taskflow.py
[2025-03-27T16:46:16.657+0000] {processor.py:840} INFO - DAG(s) 'example_setup_teardown_taskflow' retrieved from /home/airflow/.local/lib/python3.8/site-packages/airflow/example_dags/example_setup_teardown_taskflow.py
[2025-03-27T16:46:16.707+0000] {logging_mixin.py:188} INFO - [2025-03-27T16:46:16.707+0000] {dag.py:3036} INFO - Sync 1 DAGs
[2025-03-27T16:46:16.788+0000] {logging_mixin.py:188} INFO - [2025-03-27T16:46:16.788+0000] {dag.py:3823} INFO - Setting next_dagrun for example_setup_teardown_taskflow to 2025-03-26 00:00:00+00:00, run_after=2025-03-27 00:00:00+00:00
[2025-03-27T16:46:16.872+0000] {processor.py:183} INFO - Processing /home/airflow/.local/lib/python3.8/site-packages/airflow/example_dags/example_setup_teardown_taskflow.py took 0.262 seconds
[2025-03-27T16:46:47.184+0000] {processor.py:161} INFO - Started process (PID=11194) to work on /home/airflow/.local/lib/python3.8/site-packages/airflow/example_dags/example_setup_teardown_taskflow.py
[2025-03-27T16:46:47.186+0000] {processor.py:830} INFO - Processing file /home/airflow/.local/lib/python3.8/site-packages/airflow/example_dags/example_setup_teardown_taskflow.py for tasks to queue
[2025-03-27T16:46:47.192+0000] {logging_mixin.py:188} INFO - [2025-03-27T16:46:47.191+0000] {dagbag.py:538} INFO - Filling up the DagBag from /home/airflow/.local/lib/python3.8/site-packages/airflow/example_dags/example_setup_teardown_taskflow.py
[2025-03-27T16:46:47.217+0000] {processor.py:840} INFO - DAG(s) 'example_setup_teardown_taskflow' retrieved from /home/airflow/.local/lib/python3.8/site-packages/airflow/example_dags/example_setup_teardown_taskflow.py
[2025-03-27T16:46:47.264+0000] {logging_mixin.py:188} INFO - [2025-03-27T16:46:47.263+0000] {dag.py:3036} INFO - Sync 1 DAGs
[2025-03-27T16:46:47.314+0000] {logging_mixin.py:188} INFO - [2025-03-27T16:46:47.314+0000] {dag.py:3823} INFO - Setting next_dagrun for example_setup_teardown_taskflow to 2025-03-26 00:00:00+00:00, run_after=2025-03-27 00:00:00+00:00
[2025-03-27T16:46:47.353+0000] {processor.py:183} INFO - Processing /home/airflow/.local/lib/python3.8/site-packages/airflow/example_dags/example_setup_teardown_taskflow.py took 0.176 seconds
[2025-03-27T16:47:17.722+0000] {processor.py:161} INFO - Started process (PID=11900) to work on /home/airflow/.local/lib/python3.8/site-packages/airflow/example_dags/example_setup_teardown_taskflow.py
[2025-03-27T16:47:17.723+0000] {processor.py:830} INFO - Processing file /home/airflow/.local/lib/python3.8/site-packages/airflow/example_dags/example_setup_teardown_taskflow.py for tasks to queue
[2025-03-27T16:47:17.724+0000] {logging_mixin.py:188} INFO - [2025-03-27T16:47:17.724+0000] {dagbag.py:538} INFO - Filling up the DagBag from /home/airflow/.local/lib/python3.8/site-packages/airflow/example_dags/example_setup_teardown_taskflow.py
[2025-03-27T16:47:17.735+0000] {processor.py:840} INFO - DAG(s) 'example_setup_teardown_taskflow' retrieved from /home/airflow/.local/lib/python3.8/site-packages/airflow/example_dags/example_setup_teardown_taskflow.py
[2025-03-27T16:47:17.760+0000] {logging_mixin.py:188} INFO - [2025-03-27T16:47:17.760+0000] {dag.py:3036} INFO - Sync 1 DAGs
[2025-03-27T16:47:17.789+0000] {logging_mixin.py:188} INFO - [2025-03-27T16:47:17.788+0000] {dag.py:3823} INFO - Setting next_dagrun for example_setup_teardown_taskflow to 2025-03-26 00:00:00+00:00, run_after=2025-03-27 00:00:00+00:00
[2025-03-27T16:47:17.811+0000] {processor.py:183} INFO - Processing /home/airflow/.local/lib/python3.8/site-packages/airflow/example_dags/example_setup_teardown_taskflow.py took 0.093 seconds
[2025-03-27T16:47:47.935+0000] {processor.py:161} INFO - Started process (PID=12551) to work on /home/airflow/.local/lib/python3.8/site-packages/airflow/example_dags/example_setup_teardown_taskflow.py
[2025-03-27T16:47:47.937+0000] {processor.py:830} INFO - Processing file /home/airflow/.local/lib/python3.8/site-packages/airflow/example_dags/example_setup_teardown_taskflow.py for tasks to queue
[2025-03-27T16:47:47.938+0000] {logging_mixin.py:188} INFO - [2025-03-27T16:47:47.937+0000] {dagbag.py:538} INFO - Filling up the DagBag from /home/airflow/.local/lib/python3.8/site-packages/airflow/example_dags/example_setup_teardown_taskflow.py
[2025-03-27T16:47:47.951+0000] {processor.py:840} INFO - DAG(s) 'example_setup_teardown_taskflow' retrieved from /home/airflow/.local/lib/python3.8/site-packages/airflow/example_dags/example_setup_teardown_taskflow.py
[2025-03-27T16:47:47.986+0000] {logging_mixin.py:188} INFO - [2025-03-27T16:47:47.985+0000] {dag.py:3036} INFO - Sync 1 DAGs
[2025-03-27T16:47:48.031+0000] {logging_mixin.py:188} INFO - [2025-03-27T16:47:48.030+0000] {dag.py:3823} INFO - Setting next_dagrun for example_setup_teardown_taskflow to 2025-03-26 00:00:00+00:00, run_after=2025-03-27 00:00:00+00:00
[2025-03-27T16:47:48.068+0000] {processor.py:183} INFO - Processing /home/airflow/.local/lib/python3.8/site-packages/airflow/example_dags/example_setup_teardown_taskflow.py took 0.136 seconds
[2025-03-27T16:48:18.862+0000] {processor.py:161} INFO - Started process (PID=13255) to work on /home/airflow/.local/lib/python3.8/site-packages/airflow/example_dags/example_setup_teardown_taskflow.py
[2025-03-27T16:48:18.865+0000] {processor.py:830} INFO - Processing file /home/airflow/.local/lib/python3.8/site-packages/airflow/example_dags/example_setup_teardown_taskflow.py for tasks to queue
[2025-03-27T16:48:18.867+0000] {logging_mixin.py:188} INFO - [2025-03-27T16:48:18.866+0000] {dagbag.py:538} INFO - Filling up the DagBag from /home/airflow/.local/lib/python3.8/site-packages/airflow/example_dags/example_setup_teardown_taskflow.py
[2025-03-27T16:48:18.886+0000] {processor.py:840} INFO - DAG(s) 'example_setup_teardown_taskflow' retrieved from /home/airflow/.local/lib/python3.8/site-packages/airflow/example_dags/example_setup_teardown_taskflow.py
[2025-03-27T16:48:18.940+0000] {logging_mixin.py:188} INFO - [2025-03-27T16:48:18.939+0000] {dag.py:3036} INFO - Sync 1 DAGs
[2025-03-27T16:48:18.988+0000] {logging_mixin.py:188} INFO - [2025-03-27T16:48:18.987+0000] {dag.py:3823} INFO - Setting next_dagrun for example_setup_teardown_taskflow to 2025-03-26 00:00:00+00:00, run_after=2025-03-27 00:00:00+00:00
[2025-03-27T16:48:19.052+0000] {processor.py:183} INFO - Processing /home/airflow/.local/lib/python3.8/site-packages/airflow/example_dags/example_setup_teardown_taskflow.py took 0.196 seconds
[2025-03-27T16:48:50.079+0000] {processor.py:161} INFO - Started process (PID=13953) to work on /home/airflow/.local/lib/python3.8/site-packages/airflow/example_dags/example_setup_teardown_taskflow.py
[2025-03-27T16:48:50.082+0000] {processor.py:830} INFO - Processing file /home/airflow/.local/lib/python3.8/site-packages/airflow/example_dags/example_setup_teardown_taskflow.py for tasks to queue
[2025-03-27T16:48:50.084+0000] {logging_mixin.py:188} INFO - [2025-03-27T16:48:50.083+0000] {dagbag.py:538} INFO - Filling up the DagBag from /home/airflow/.local/lib/python3.8/site-packages/airflow/example_dags/example_setup_teardown_taskflow.py
[2025-03-27T16:48:50.121+0000] {processor.py:840} INFO - DAG(s) 'example_setup_teardown_taskflow' retrieved from /home/airflow/.local/lib/python3.8/site-packages/airflow/example_dags/example_setup_teardown_taskflow.py
[2025-03-27T16:48:50.221+0000] {logging_mixin.py:188} INFO - [2025-03-27T16:48:50.220+0000] {dag.py:3036} INFO - Sync 1 DAGs
[2025-03-27T16:48:50.283+0000] {logging_mixin.py:188} INFO - [2025-03-27T16:48:50.282+0000] {dag.py:3823} INFO - Setting next_dagrun for example_setup_teardown_taskflow to 2025-03-26 00:00:00+00:00, run_after=2025-03-27 00:00:00+00:00
[2025-03-27T16:48:50.341+0000] {processor.py:183} INFO - Processing /home/airflow/.local/lib/python3.8/site-packages/airflow/example_dags/example_setup_teardown_taskflow.py took 0.267 seconds
[2025-03-27T16:49:20.663+0000] {processor.py:161} INFO - Started process (PID=14631) to work on /home/airflow/.local/lib/python3.8/site-packages/airflow/example_dags/example_setup_teardown_taskflow.py
[2025-03-27T16:49:20.665+0000] {processor.py:830} INFO - Processing file /home/airflow/.local/lib/python3.8/site-packages/airflow/example_dags/example_setup_teardown_taskflow.py for tasks to queue
[2025-03-27T16:49:20.666+0000] {logging_mixin.py:188} INFO - [2025-03-27T16:49:20.666+0000] {dagbag.py:538} INFO - Filling up the DagBag from /home/airflow/.local/lib/python3.8/site-packages/airflow/example_dags/example_setup_teardown_taskflow.py
[2025-03-27T16:49:20.677+0000] {processor.py:840} INFO - DAG(s) 'example_setup_teardown_taskflow' retrieved from /home/airflow/.local/lib/python3.8/site-packages/airflow/example_dags/example_setup_teardown_taskflow.py
[2025-03-27T16:49:20.707+0000] {logging_mixin.py:188} INFO - [2025-03-27T16:49:20.707+0000] {dag.py:3036} INFO - Sync 1 DAGs
[2025-03-27T16:49:20.733+0000] {logging_mixin.py:188} INFO - [2025-03-27T16:49:20.733+0000] {dag.py:3823} INFO - Setting next_dagrun for example_setup_teardown_taskflow to 2025-03-26 00:00:00+00:00, run_after=2025-03-27 00:00:00+00:00
[2025-03-27T16:49:20.760+0000] {processor.py:183} INFO - Processing /home/airflow/.local/lib/python3.8/site-packages/airflow/example_dags/example_setup_teardown_taskflow.py took 0.099 seconds
[2025-03-27T16:49:51.076+0000] {processor.py:161} INFO - Started process (PID=15323) to work on /home/airflow/.local/lib/python3.8/site-packages/airflow/example_dags/example_setup_teardown_taskflow.py
[2025-03-27T16:49:51.080+0000] {processor.py:830} INFO - Processing file /home/airflow/.local/lib/python3.8/site-packages/airflow/example_dags/example_setup_teardown_taskflow.py for tasks to queue
[2025-03-27T16:49:51.083+0000] {logging_mixin.py:188} INFO - [2025-03-27T16:49:51.082+0000] {dagbag.py:538} INFO - Filling up the DagBag from /home/airflow/.local/lib/python3.8/site-packages/airflow/example_dags/example_setup_teardown_taskflow.py
[2025-03-27T16:49:51.108+0000] {processor.py:840} INFO - DAG(s) 'example_setup_teardown_taskflow' retrieved from /home/airflow/.local/lib/python3.8/site-packages/airflow/example_dags/example_setup_teardown_taskflow.py
[2025-03-27T16:49:51.148+0000] {logging_mixin.py:188} INFO - [2025-03-27T16:49:51.147+0000] {dag.py:3036} INFO - Sync 1 DAGs
[2025-03-27T16:49:51.195+0000] {logging_mixin.py:188} INFO - [2025-03-27T16:49:51.194+0000] {dag.py:3823} INFO - Setting next_dagrun for example_setup_teardown_taskflow to 2025-03-26 00:00:00+00:00, run_after=2025-03-27 00:00:00+00:00
[2025-03-27T16:49:51.234+0000] {processor.py:183} INFO - Processing /home/airflow/.local/lib/python3.8/site-packages/airflow/example_dags/example_setup_teardown_taskflow.py took 0.164 seconds
[2025-03-27T16:50:21.605+0000] {processor.py:161} INFO - Started process (PID=16021) to work on /home/airflow/.local/lib/python3.8/site-packages/airflow/example_dags/example_setup_teardown_taskflow.py
[2025-03-27T16:50:21.607+0000] {processor.py:830} INFO - Processing file /home/airflow/.local/lib/python3.8/site-packages/airflow/example_dags/example_setup_teardown_taskflow.py for tasks to queue
[2025-03-27T16:50:21.609+0000] {logging_mixin.py:188} INFO - [2025-03-27T16:50:21.609+0000] {dagbag.py:538} INFO - Filling up the DagBag from /home/airflow/.local/lib/python3.8/site-packages/airflow/example_dags/example_setup_teardown_taskflow.py
[2025-03-27T16:50:21.637+0000] {processor.py:840} INFO - DAG(s) 'example_setup_teardown_taskflow' retrieved from /home/airflow/.local/lib/python3.8/site-packages/airflow/example_dags/example_setup_teardown_taskflow.py
[2025-03-27T16:50:21.702+0000] {logging_mixin.py:188} INFO - [2025-03-27T16:50:21.702+0000] {dag.py:3036} INFO - Sync 1 DAGs
[2025-03-27T16:50:21.781+0000] {logging_mixin.py:188} INFO - [2025-03-27T16:50:21.781+0000] {dag.py:3823} INFO - Setting next_dagrun for example_setup_teardown_taskflow to 2025-03-26 00:00:00+00:00, run_after=2025-03-27 00:00:00+00:00
[2025-03-27T16:50:21.852+0000] {processor.py:183} INFO - Processing /home/airflow/.local/lib/python3.8/site-packages/airflow/example_dags/example_setup_teardown_taskflow.py took 0.252 seconds
[2025-03-27T16:50:51.954+0000] {processor.py:161} INFO - Started process (PID=16712) to work on /home/airflow/.local/lib/python3.8/site-packages/airflow/example_dags/example_setup_teardown_taskflow.py
[2025-03-27T16:50:51.956+0000] {processor.py:830} INFO - Processing file /home/airflow/.local/lib/python3.8/site-packages/airflow/example_dags/example_setup_teardown_taskflow.py for tasks to queue
[2025-03-27T16:50:51.958+0000] {logging_mixin.py:188} INFO - [2025-03-27T16:50:51.957+0000] {dagbag.py:538} INFO - Filling up the DagBag from /home/airflow/.local/lib/python3.8/site-packages/airflow/example_dags/example_setup_teardown_taskflow.py
[2025-03-27T16:50:51.976+0000] {processor.py:840} INFO - DAG(s) 'example_setup_teardown_taskflow' retrieved from /home/airflow/.local/lib/python3.8/site-packages/airflow/example_dags/example_setup_teardown_taskflow.py
[2025-03-27T16:50:52.017+0000] {logging_mixin.py:188} INFO - [2025-03-27T16:50:52.017+0000] {dag.py:3036} INFO - Sync 1 DAGs
[2025-03-27T16:50:52.055+0000] {logging_mixin.py:188} INFO - [2025-03-27T16:50:52.055+0000] {dag.py:3823} INFO - Setting next_dagrun for example_setup_teardown_taskflow to 2025-03-26 00:00:00+00:00, run_after=2025-03-27 00:00:00+00:00
[2025-03-27T16:50:52.085+0000] {processor.py:183} INFO - Processing /home/airflow/.local/lib/python3.8/site-packages/airflow/example_dags/example_setup_teardown_taskflow.py took 0.136 seconds
[2025-03-27T16:51:22.160+0000] {processor.py:161} INFO - Started process (PID=17358) to work on /home/airflow/.local/lib/python3.8/site-packages/airflow/example_dags/example_setup_teardown_taskflow.py
[2025-03-27T16:51:22.161+0000] {processor.py:830} INFO - Processing file /home/airflow/.local/lib/python3.8/site-packages/airflow/example_dags/example_setup_teardown_taskflow.py for tasks to queue
[2025-03-27T16:51:22.162+0000] {logging_mixin.py:188} INFO - [2025-03-27T16:51:22.162+0000] {dagbag.py:538} INFO - Filling up the DagBag from /home/airflow/.local/lib/python3.8/site-packages/airflow/example_dags/example_setup_teardown_taskflow.py
[2025-03-27T16:51:22.171+0000] {processor.py:840} INFO - DAG(s) 'example_setup_teardown_taskflow' retrieved from /home/airflow/.local/lib/python3.8/site-packages/airflow/example_dags/example_setup_teardown_taskflow.py
[2025-03-27T16:51:22.194+0000] {logging_mixin.py:188} INFO - [2025-03-27T16:51:22.194+0000] {dag.py:3036} INFO - Sync 1 DAGs
[2025-03-27T16:51:22.216+0000] {logging_mixin.py:188} INFO - [2025-03-27T16:51:22.216+0000] {dag.py:3823} INFO - Setting next_dagrun for example_setup_teardown_taskflow to 2025-03-26 00:00:00+00:00, run_after=2025-03-27 00:00:00+00:00
[2025-03-27T16:51:22.235+0000] {processor.py:183} INFO - Processing /home/airflow/.local/lib/python3.8/site-packages/airflow/example_dags/example_setup_teardown_taskflow.py took 0.077 seconds
[2025-03-27T16:51:52.415+0000] {processor.py:161} INFO - Started process (PID=17778) to work on /home/airflow/.local/lib/python3.8/site-packages/airflow/example_dags/example_setup_teardown_taskflow.py
[2025-03-27T16:51:52.416+0000] {processor.py:830} INFO - Processing file /home/airflow/.local/lib/python3.8/site-packages/airflow/example_dags/example_setup_teardown_taskflow.py for tasks to queue
[2025-03-27T16:51:52.417+0000] {logging_mixin.py:188} INFO - [2025-03-27T16:51:52.416+0000] {dagbag.py:538} INFO - Filling up the DagBag from /home/airflow/.local/lib/python3.8/site-packages/airflow/example_dags/example_setup_teardown_taskflow.py
[2025-03-27T16:51:52.426+0000] {processor.py:840} INFO - DAG(s) 'example_setup_teardown_taskflow' retrieved from /home/airflow/.local/lib/python3.8/site-packages/airflow/example_dags/example_setup_teardown_taskflow.py
[2025-03-27T16:51:52.447+0000] {logging_mixin.py:188} INFO - [2025-03-27T16:51:52.447+0000] {dag.py:3036} INFO - Sync 1 DAGs
[2025-03-27T16:51:52.469+0000] {logging_mixin.py:188} INFO - [2025-03-27T16:51:52.469+0000] {dag.py:3823} INFO - Setting next_dagrun for example_setup_teardown_taskflow to 2025-03-26 00:00:00+00:00, run_after=2025-03-27 00:00:00+00:00
[2025-03-27T16:51:52.488+0000] {processor.py:183} INFO - Processing /home/airflow/.local/lib/python3.8/site-packages/airflow/example_dags/example_setup_teardown_taskflow.py took 0.076 seconds
[2025-03-27T16:52:22.526+0000] {processor.py:161} INFO - Started process (PID=18026) to work on /home/airflow/.local/lib/python3.8/site-packages/airflow/example_dags/example_setup_teardown_taskflow.py
[2025-03-27T16:52:22.527+0000] {processor.py:830} INFO - Processing file /home/airflow/.local/lib/python3.8/site-packages/airflow/example_dags/example_setup_teardown_taskflow.py for tasks to queue
[2025-03-27T16:52:22.528+0000] {logging_mixin.py:188} INFO - [2025-03-27T16:52:22.528+0000] {dagbag.py:538} INFO - Filling up the DagBag from /home/airflow/.local/lib/python3.8/site-packages/airflow/example_dags/example_setup_teardown_taskflow.py
[2025-03-27T16:52:22.538+0000] {processor.py:840} INFO - DAG(s) 'example_setup_teardown_taskflow' retrieved from /home/airflow/.local/lib/python3.8/site-packages/airflow/example_dags/example_setup_teardown_taskflow.py
[2025-03-27T16:52:22.558+0000] {logging_mixin.py:188} INFO - [2025-03-27T16:52:22.558+0000] {dag.py:3036} INFO - Sync 1 DAGs
[2025-03-27T16:52:22.579+0000] {logging_mixin.py:188} INFO - [2025-03-27T16:52:22.579+0000] {dag.py:3823} INFO - Setting next_dagrun for example_setup_teardown_taskflow to 2025-03-26 00:00:00+00:00, run_after=2025-03-27 00:00:00+00:00
[2025-03-27T16:52:22.595+0000] {processor.py:183} INFO - Processing /home/airflow/.local/lib/python3.8/site-packages/airflow/example_dags/example_setup_teardown_taskflow.py took 0.072 seconds
[2025-03-27T16:52:53.334+0000] {processor.py:161} INFO - Started process (PID=18278) to work on /home/airflow/.local/lib/python3.8/site-packages/airflow/example_dags/example_setup_teardown_taskflow.py
[2025-03-27T16:52:53.335+0000] {processor.py:830} INFO - Processing file /home/airflow/.local/lib/python3.8/site-packages/airflow/example_dags/example_setup_teardown_taskflow.py for tasks to queue
[2025-03-27T16:52:53.335+0000] {logging_mixin.py:188} INFO - [2025-03-27T16:52:53.335+0000] {dagbag.py:538} INFO - Filling up the DagBag from /home/airflow/.local/lib/python3.8/site-packages/airflow/example_dags/example_setup_teardown_taskflow.py
[2025-03-27T16:52:53.344+0000] {processor.py:840} INFO - DAG(s) 'example_setup_teardown_taskflow' retrieved from /home/airflow/.local/lib/python3.8/site-packages/airflow/example_dags/example_setup_teardown_taskflow.py
[2025-03-27T16:52:53.365+0000] {logging_mixin.py:188} INFO - [2025-03-27T16:52:53.365+0000] {dag.py:3036} INFO - Sync 1 DAGs
[2025-03-27T16:52:53.386+0000] {logging_mixin.py:188} INFO - [2025-03-27T16:52:53.385+0000] {dag.py:3823} INFO - Setting next_dagrun for example_setup_teardown_taskflow to 2025-03-26 00:00:00+00:00, run_after=2025-03-27 00:00:00+00:00
[2025-03-27T16:52:53.403+0000] {processor.py:183} INFO - Processing /home/airflow/.local/lib/python3.8/site-packages/airflow/example_dags/example_setup_teardown_taskflow.py took 0.072 seconds
[2025-03-27T16:53:24.105+0000] {processor.py:161} INFO - Started process (PID=18528) to work on /home/airflow/.local/lib/python3.8/site-packages/airflow/example_dags/example_setup_teardown_taskflow.py
[2025-03-27T16:53:24.106+0000] {processor.py:830} INFO - Processing file /home/airflow/.local/lib/python3.8/site-packages/airflow/example_dags/example_setup_teardown_taskflow.py for tasks to queue
[2025-03-27T16:53:24.107+0000] {logging_mixin.py:188} INFO - [2025-03-27T16:53:24.107+0000] {dagbag.py:538} INFO - Filling up the DagBag from /home/airflow/.local/lib/python3.8/site-packages/airflow/example_dags/example_setup_teardown_taskflow.py
[2025-03-27T16:53:24.116+0000] {processor.py:840} INFO - DAG(s) 'example_setup_teardown_taskflow' retrieved from /home/airflow/.local/lib/python3.8/site-packages/airflow/example_dags/example_setup_teardown_taskflow.py
[2025-03-27T16:53:24.139+0000] {logging_mixin.py:188} INFO - [2025-03-27T16:53:24.139+0000] {dag.py:3036} INFO - Sync 1 DAGs
[2025-03-27T16:53:24.164+0000] {logging_mixin.py:188} INFO - [2025-03-27T16:53:24.164+0000] {dag.py:3823} INFO - Setting next_dagrun for example_setup_teardown_taskflow to 2025-03-26 00:00:00+00:00, run_after=2025-03-27 00:00:00+00:00
[2025-03-27T16:53:24.314+0000] {processor.py:183} INFO - Processing /home/airflow/.local/lib/python3.8/site-packages/airflow/example_dags/example_setup_teardown_taskflow.py took 0.213 seconds
[2025-03-27T16:53:55.148+0000] {processor.py:161} INFO - Started process (PID=18780) to work on /home/airflow/.local/lib/python3.8/site-packages/airflow/example_dags/example_setup_teardown_taskflow.py
[2025-03-27T16:53:55.149+0000] {processor.py:830} INFO - Processing file /home/airflow/.local/lib/python3.8/site-packages/airflow/example_dags/example_setup_teardown_taskflow.py for tasks to queue
[2025-03-27T16:53:55.150+0000] {logging_mixin.py:188} INFO - [2025-03-27T16:53:55.150+0000] {dagbag.py:538} INFO - Filling up the DagBag from /home/airflow/.local/lib/python3.8/site-packages/airflow/example_dags/example_setup_teardown_taskflow.py
[2025-03-27T16:53:55.158+0000] {processor.py:840} INFO - DAG(s) 'example_setup_teardown_taskflow' retrieved from /home/airflow/.local/lib/python3.8/site-packages/airflow/example_dags/example_setup_teardown_taskflow.py
[2025-03-27T16:53:55.178+0000] {logging_mixin.py:188} INFO - [2025-03-27T16:53:55.178+0000] {dag.py:3036} INFO - Sync 1 DAGs
[2025-03-27T16:53:55.198+0000] {logging_mixin.py:188} INFO - [2025-03-27T16:53:55.198+0000] {dag.py:3823} INFO - Setting next_dagrun for example_setup_teardown_taskflow to 2025-03-26 00:00:00+00:00, run_after=2025-03-27 00:00:00+00:00
[2025-03-27T16:53:55.216+0000] {processor.py:183} INFO - Processing /home/airflow/.local/lib/python3.8/site-packages/airflow/example_dags/example_setup_teardown_taskflow.py took 0.070 seconds
[2025-03-27T16:54:25.400+0000] {processor.py:161} INFO - Started process (PID=19032) to work on /home/airflow/.local/lib/python3.8/site-packages/airflow/example_dags/example_setup_teardown_taskflow.py
[2025-03-27T16:54:25.401+0000] {processor.py:830} INFO - Processing file /home/airflow/.local/lib/python3.8/site-packages/airflow/example_dags/example_setup_teardown_taskflow.py for tasks to queue
[2025-03-27T16:54:25.402+0000] {logging_mixin.py:188} INFO - [2025-03-27T16:54:25.402+0000] {dagbag.py:538} INFO - Filling up the DagBag from /home/airflow/.local/lib/python3.8/site-packages/airflow/example_dags/example_setup_teardown_taskflow.py
[2025-03-27T16:54:25.411+0000] {processor.py:840} INFO - DAG(s) 'example_setup_teardown_taskflow' retrieved from /home/airflow/.local/lib/python3.8/site-packages/airflow/example_dags/example_setup_teardown_taskflow.py
[2025-03-27T16:54:25.433+0000] {logging_mixin.py:188} INFO - [2025-03-27T16:54:25.433+0000] {dag.py:3036} INFO - Sync 1 DAGs
[2025-03-27T16:54:25.456+0000] {logging_mixin.py:188} INFO - [2025-03-27T16:54:25.455+0000] {dag.py:3823} INFO - Setting next_dagrun for example_setup_teardown_taskflow to 2025-03-26 00:00:00+00:00, run_after=2025-03-27 00:00:00+00:00
[2025-03-27T16:54:25.476+0000] {processor.py:183} INFO - Processing /home/airflow/.local/lib/python3.8/site-packages/airflow/example_dags/example_setup_teardown_taskflow.py took 0.079 seconds
[2025-03-27T16:54:55.703+0000] {processor.py:161} INFO - Started process (PID=19284) to work on /home/airflow/.local/lib/python3.8/site-packages/airflow/example_dags/example_setup_teardown_taskflow.py
[2025-03-27T16:54:55.704+0000] {processor.py:830} INFO - Processing file /home/airflow/.local/lib/python3.8/site-packages/airflow/example_dags/example_setup_teardown_taskflow.py for tasks to queue
[2025-03-27T16:54:55.705+0000] {logging_mixin.py:188} INFO - [2025-03-27T16:54:55.705+0000] {dagbag.py:538} INFO - Filling up the DagBag from /home/airflow/.local/lib/python3.8/site-packages/airflow/example_dags/example_setup_teardown_taskflow.py
[2025-03-27T16:54:55.715+0000] {processor.py:840} INFO - DAG(s) 'example_setup_teardown_taskflow' retrieved from /home/airflow/.local/lib/python3.8/site-packages/airflow/example_dags/example_setup_teardown_taskflow.py
[2025-03-27T16:54:55.735+0000] {logging_mixin.py:188} INFO - [2025-03-27T16:54:55.735+0000] {dag.py:3036} INFO - Sync 1 DAGs
[2025-03-27T16:54:55.756+0000] {logging_mixin.py:188} INFO - [2025-03-27T16:54:55.756+0000] {dag.py:3823} INFO - Setting next_dagrun for example_setup_teardown_taskflow to 2025-03-26 00:00:00+00:00, run_after=2025-03-27 00:00:00+00:00
[2025-03-27T16:54:55.771+0000] {processor.py:183} INFO - Processing /home/airflow/.local/lib/python3.8/site-packages/airflow/example_dags/example_setup_teardown_taskflow.py took 0.070 seconds
[2025-03-27T16:55:26.357+0000] {processor.py:161} INFO - Started process (PID=19536) to work on /home/airflow/.local/lib/python3.8/site-packages/airflow/example_dags/example_setup_teardown_taskflow.py
[2025-03-27T16:55:26.358+0000] {processor.py:830} INFO - Processing file /home/airflow/.local/lib/python3.8/site-packages/airflow/example_dags/example_setup_teardown_taskflow.py for tasks to queue
[2025-03-27T16:55:26.359+0000] {logging_mixin.py:188} INFO - [2025-03-27T16:55:26.359+0000] {dagbag.py:538} INFO - Filling up the DagBag from /home/airflow/.local/lib/python3.8/site-packages/airflow/example_dags/example_setup_teardown_taskflow.py
[2025-03-27T16:55:26.554+0000] {processor.py:840} INFO - DAG(s) 'example_setup_teardown_taskflow' retrieved from /home/airflow/.local/lib/python3.8/site-packages/airflow/example_dags/example_setup_teardown_taskflow.py
[2025-03-27T16:55:26.575+0000] {logging_mixin.py:188} INFO - [2025-03-27T16:55:26.575+0000] {dag.py:3036} INFO - Sync 1 DAGs
[2025-03-27T16:55:26.598+0000] {logging_mixin.py:188} INFO - [2025-03-27T16:55:26.597+0000] {dag.py:3823} INFO - Setting next_dagrun for example_setup_teardown_taskflow to 2025-03-26 00:00:00+00:00, run_after=2025-03-27 00:00:00+00:00
[2025-03-27T16:55:26.615+0000] {processor.py:183} INFO - Processing /home/airflow/.local/lib/python3.8/site-packages/airflow/example_dags/example_setup_teardown_taskflow.py took 0.261 seconds
[2025-03-27T16:55:56.662+0000] {processor.py:161} INFO - Started process (PID=19788) to work on /home/airflow/.local/lib/python3.8/site-packages/airflow/example_dags/example_setup_teardown_taskflow.py
[2025-03-27T16:55:56.663+0000] {processor.py:830} INFO - Processing file /home/airflow/.local/lib/python3.8/site-packages/airflow/example_dags/example_setup_teardown_taskflow.py for tasks to queue
[2025-03-27T16:55:56.663+0000] {logging_mixin.py:188} INFO - [2025-03-27T16:55:56.663+0000] {dagbag.py:538} INFO - Filling up the DagBag from /home/airflow/.local/lib/python3.8/site-packages/airflow/example_dags/example_setup_teardown_taskflow.py
[2025-03-27T16:55:56.672+0000] {processor.py:840} INFO - DAG(s) 'example_setup_teardown_taskflow' retrieved from /home/airflow/.local/lib/python3.8/site-packages/airflow/example_dags/example_setup_teardown_taskflow.py
[2025-03-27T16:55:56.694+0000] {logging_mixin.py:188} INFO - [2025-03-27T16:55:56.694+0000] {dag.py:3036} INFO - Sync 1 DAGs
[2025-03-27T16:55:56.715+0000] {logging_mixin.py:188} INFO - [2025-03-27T16:55:56.714+0000] {dag.py:3823} INFO - Setting next_dagrun for example_setup_teardown_taskflow to 2025-03-26 00:00:00+00:00, run_after=2025-03-27 00:00:00+00:00
[2025-03-27T16:55:56.731+0000] {processor.py:183} INFO - Processing /home/airflow/.local/lib/python3.8/site-packages/airflow/example_dags/example_setup_teardown_taskflow.py took 0.072 seconds
[2025-03-27T16:56:27.022+0000] {processor.py:161} INFO - Started process (PID=20040) to work on /home/airflow/.local/lib/python3.8/site-packages/airflow/example_dags/example_setup_teardown_taskflow.py
[2025-03-27T16:56:27.023+0000] {processor.py:830} INFO - Processing file /home/airflow/.local/lib/python3.8/site-packages/airflow/example_dags/example_setup_teardown_taskflow.py for tasks to queue
[2025-03-27T16:56:27.024+0000] {logging_mixin.py:188} INFO - [2025-03-27T16:56:27.023+0000] {dagbag.py:538} INFO - Filling up the DagBag from /home/airflow/.local/lib/python3.8/site-packages/airflow/example_dags/example_setup_teardown_taskflow.py
[2025-03-27T16:56:27.032+0000] {processor.py:840} INFO - DAG(s) 'example_setup_teardown_taskflow' retrieved from /home/airflow/.local/lib/python3.8/site-packages/airflow/example_dags/example_setup_teardown_taskflow.py
[2025-03-27T16:56:27.051+0000] {logging_mixin.py:188} INFO - [2025-03-27T16:56:27.051+0000] {dag.py:3036} INFO - Sync 1 DAGs
[2025-03-27T16:56:27.071+0000] {logging_mixin.py:188} INFO - [2025-03-27T16:56:27.071+0000] {dag.py:3823} INFO - Setting next_dagrun for example_setup_teardown_taskflow to 2025-03-26 00:00:00+00:00, run_after=2025-03-27 00:00:00+00:00
[2025-03-27T16:56:27.087+0000] {processor.py:183} INFO - Processing /home/airflow/.local/lib/python3.8/site-packages/airflow/example_dags/example_setup_teardown_taskflow.py took 0.068 seconds
[2025-03-27T16:56:57.539+0000] {processor.py:161} INFO - Started process (PID=20292) to work on /home/airflow/.local/lib/python3.8/site-packages/airflow/example_dags/example_setup_teardown_taskflow.py
[2025-03-27T16:56:57.540+0000] {processor.py:830} INFO - Processing file /home/airflow/.local/lib/python3.8/site-packages/airflow/example_dags/example_setup_teardown_taskflow.py for tasks to queue
[2025-03-27T16:56:57.541+0000] {logging_mixin.py:188} INFO - [2025-03-27T16:56:57.541+0000] {dagbag.py:538} INFO - Filling up the DagBag from /home/airflow/.local/lib/python3.8/site-packages/airflow/example_dags/example_setup_teardown_taskflow.py
[2025-03-27T16:56:57.550+0000] {processor.py:840} INFO - DAG(s) 'example_setup_teardown_taskflow' retrieved from /home/airflow/.local/lib/python3.8/site-packages/airflow/example_dags/example_setup_teardown_taskflow.py
[2025-03-27T16:56:57.571+0000] {logging_mixin.py:188} INFO - [2025-03-27T16:56:57.571+0000] {dag.py:3036} INFO - Sync 1 DAGs
[2025-03-27T16:56:57.593+0000] {logging_mixin.py:188} INFO - [2025-03-27T16:56:57.593+0000] {dag.py:3823} INFO - Setting next_dagrun for example_setup_teardown_taskflow to 2025-03-26 00:00:00+00:00, run_after=2025-03-27 00:00:00+00:00
[2025-03-27T16:56:57.612+0000] {processor.py:183} INFO - Processing /home/airflow/.local/lib/python3.8/site-packages/airflow/example_dags/example_setup_teardown_taskflow.py took 0.077 seconds
[2025-03-27T16:57:27.844+0000] {processor.py:161} INFO - Started process (PID=20544) to work on /home/airflow/.local/lib/python3.8/site-packages/airflow/example_dags/example_setup_teardown_taskflow.py
[2025-03-27T16:57:27.845+0000] {processor.py:830} INFO - Processing file /home/airflow/.local/lib/python3.8/site-packages/airflow/example_dags/example_setup_teardown_taskflow.py for tasks to queue
[2025-03-27T16:57:27.846+0000] {logging_mixin.py:188} INFO - [2025-03-27T16:57:27.846+0000] {dagbag.py:538} INFO - Filling up the DagBag from /home/airflow/.local/lib/python3.8/site-packages/airflow/example_dags/example_setup_teardown_taskflow.py
[2025-03-27T16:57:27.854+0000] {processor.py:840} INFO - DAG(s) 'example_setup_teardown_taskflow' retrieved from /home/airflow/.local/lib/python3.8/site-packages/airflow/example_dags/example_setup_teardown_taskflow.py
[2025-03-27T16:57:27.871+0000] {logging_mixin.py:188} INFO - [2025-03-27T16:57:27.871+0000] {dag.py:3036} INFO - Sync 1 DAGs
[2025-03-27T16:57:27.890+0000] {logging_mixin.py:188} INFO - [2025-03-27T16:57:27.890+0000] {dag.py:3823} INFO - Setting next_dagrun for example_setup_teardown_taskflow to 2025-03-26 00:00:00+00:00, run_after=2025-03-27 00:00:00+00:00
[2025-03-27T16:57:27.906+0000] {processor.py:183} INFO - Processing /home/airflow/.local/lib/python3.8/site-packages/airflow/example_dags/example_setup_teardown_taskflow.py took 0.064 seconds
[2025-03-27T16:57:58.056+0000] {processor.py:161} INFO - Started process (PID=20796) to work on /home/airflow/.local/lib/python3.8/site-packages/airflow/example_dags/example_setup_teardown_taskflow.py
[2025-03-27T16:57:58.057+0000] {processor.py:830} INFO - Processing file /home/airflow/.local/lib/python3.8/site-packages/airflow/example_dags/example_setup_teardown_taskflow.py for tasks to queue
[2025-03-27T16:57:58.058+0000] {logging_mixin.py:188} INFO - [2025-03-27T16:57:58.058+0000] {dagbag.py:538} INFO - Filling up the DagBag from /home/airflow/.local/lib/python3.8/site-packages/airflow/example_dags/example_setup_teardown_taskflow.py
[2025-03-27T16:57:58.067+0000] {processor.py:840} INFO - DAG(s) 'example_setup_teardown_taskflow' retrieved from /home/airflow/.local/lib/python3.8/site-packages/airflow/example_dags/example_setup_teardown_taskflow.py
[2025-03-27T16:57:58.086+0000] {logging_mixin.py:188} INFO - [2025-03-27T16:57:58.086+0000] {dag.py:3036} INFO - Sync 1 DAGs
[2025-03-27T16:57:58.106+0000] {logging_mixin.py:188} INFO - [2025-03-27T16:57:58.106+0000] {dag.py:3823} INFO - Setting next_dagrun for example_setup_teardown_taskflow to 2025-03-26 00:00:00+00:00, run_after=2025-03-27 00:00:00+00:00
[2025-03-27T16:57:58.125+0000] {processor.py:183} INFO - Processing /home/airflow/.local/lib/python3.8/site-packages/airflow/example_dags/example_setup_teardown_taskflow.py took 0.071 seconds
[2025-03-27T16:58:28.356+0000] {processor.py:161} INFO - Started process (PID=21048) to work on /home/airflow/.local/lib/python3.8/site-packages/airflow/example_dags/example_setup_teardown_taskflow.py
[2025-03-27T16:58:28.357+0000] {processor.py:830} INFO - Processing file /home/airflow/.local/lib/python3.8/site-packages/airflow/example_dags/example_setup_teardown_taskflow.py for tasks to queue
[2025-03-27T16:58:28.358+0000] {logging_mixin.py:188} INFO - [2025-03-27T16:58:28.358+0000] {dagbag.py:538} INFO - Filling up the DagBag from /home/airflow/.local/lib/python3.8/site-packages/airflow/example_dags/example_setup_teardown_taskflow.py
[2025-03-27T16:58:28.367+0000] {processor.py:840} INFO - DAG(s) 'example_setup_teardown_taskflow' retrieved from /home/airflow/.local/lib/python3.8/site-packages/airflow/example_dags/example_setup_teardown_taskflow.py
[2025-03-27T16:58:28.390+0000] {logging_mixin.py:188} INFO - [2025-03-27T16:58:28.390+0000] {dag.py:3036} INFO - Sync 1 DAGs
[2025-03-27T16:58:28.413+0000] {logging_mixin.py:188} INFO - [2025-03-27T16:58:28.413+0000] {dag.py:3823} INFO - Setting next_dagrun for example_setup_teardown_taskflow to 2025-03-26 00:00:00+00:00, run_after=2025-03-27 00:00:00+00:00
[2025-03-27T16:58:28.428+0000] {processor.py:183} INFO - Processing /home/airflow/.local/lib/python3.8/site-packages/airflow/example_dags/example_setup_teardown_taskflow.py took 0.075 seconds
[2025-03-27T16:58:58.639+0000] {processor.py:161} INFO - Started process (PID=21300) to work on /home/airflow/.local/lib/python3.8/site-packages/airflow/example_dags/example_setup_teardown_taskflow.py
[2025-03-27T16:58:58.639+0000] {processor.py:830} INFO - Processing file /home/airflow/.local/lib/python3.8/site-packages/airflow/example_dags/example_setup_teardown_taskflow.py for tasks to queue
[2025-03-27T16:58:58.640+0000] {logging_mixin.py:188} INFO - [2025-03-27T16:58:58.640+0000] {dagbag.py:538} INFO - Filling up the DagBag from /home/airflow/.local/lib/python3.8/site-packages/airflow/example_dags/example_setup_teardown_taskflow.py
[2025-03-27T16:58:58.648+0000] {processor.py:840} INFO - DAG(s) 'example_setup_teardown_taskflow' retrieved from /home/airflow/.local/lib/python3.8/site-packages/airflow/example_dags/example_setup_teardown_taskflow.py
[2025-03-27T16:58:58.667+0000] {logging_mixin.py:188} INFO - [2025-03-27T16:58:58.666+0000] {dag.py:3036} INFO - Sync 1 DAGs
[2025-03-27T16:58:58.686+0000] {logging_mixin.py:188} INFO - [2025-03-27T16:58:58.686+0000] {dag.py:3823} INFO - Setting next_dagrun for example_setup_teardown_taskflow to 2025-03-26 00:00:00+00:00, run_after=2025-03-27 00:00:00+00:00
[2025-03-27T16:58:58.702+0000] {processor.py:183} INFO - Processing /home/airflow/.local/lib/python3.8/site-packages/airflow/example_dags/example_setup_teardown_taskflow.py took 0.066 seconds
[2025-03-27T16:59:28.935+0000] {processor.py:161} INFO - Started process (PID=21552) to work on /home/airflow/.local/lib/python3.8/site-packages/airflow/example_dags/example_setup_teardown_taskflow.py
[2025-03-27T16:59:28.935+0000] {processor.py:830} INFO - Processing file /home/airflow/.local/lib/python3.8/site-packages/airflow/example_dags/example_setup_teardown_taskflow.py for tasks to queue
[2025-03-27T16:59:28.936+0000] {logging_mixin.py:188} INFO - [2025-03-27T16:59:28.936+0000] {dagbag.py:538} INFO - Filling up the DagBag from /home/airflow/.local/lib/python3.8/site-packages/airflow/example_dags/example_setup_teardown_taskflow.py
[2025-03-27T16:59:28.949+0000] {processor.py:840} INFO - DAG(s) 'example_setup_teardown_taskflow' retrieved from /home/airflow/.local/lib/python3.8/site-packages/airflow/example_dags/example_setup_teardown_taskflow.py
[2025-03-27T16:59:28.974+0000] {logging_mixin.py:188} INFO - [2025-03-27T16:59:28.974+0000] {dag.py:3036} INFO - Sync 1 DAGs
[2025-03-27T16:59:29.001+0000] {logging_mixin.py:188} INFO - [2025-03-27T16:59:29.001+0000] {dag.py:3823} INFO - Setting next_dagrun for example_setup_teardown_taskflow to 2025-03-26 00:00:00+00:00, run_after=2025-03-27 00:00:00+00:00
[2025-03-27T16:59:29.021+0000] {processor.py:183} INFO - Processing /home/airflow/.local/lib/python3.8/site-packages/airflow/example_dags/example_setup_teardown_taskflow.py took 0.090 seconds
[2025-03-27T16:59:59.734+0000] {processor.py:161} INFO - Started process (PID=21804) to work on /home/airflow/.local/lib/python3.8/site-packages/airflow/example_dags/example_setup_teardown_taskflow.py
[2025-03-27T16:59:59.735+0000] {processor.py:830} INFO - Processing file /home/airflow/.local/lib/python3.8/site-packages/airflow/example_dags/example_setup_teardown_taskflow.py for tasks to queue
[2025-03-27T16:59:59.736+0000] {logging_mixin.py:188} INFO - [2025-03-27T16:59:59.735+0000] {dagbag.py:538} INFO - Filling up the DagBag from /home/airflow/.local/lib/python3.8/site-packages/airflow/example_dags/example_setup_teardown_taskflow.py
[2025-03-27T16:59:59.748+0000] {processor.py:840} INFO - DAG(s) 'example_setup_teardown_taskflow' retrieved from /home/airflow/.local/lib/python3.8/site-packages/airflow/example_dags/example_setup_teardown_taskflow.py
[2025-03-27T16:59:59.771+0000] {logging_mixin.py:188} INFO - [2025-03-27T16:59:59.771+0000] {dag.py:3036} INFO - Sync 1 DAGs
[2025-03-27T16:59:59.796+0000] {logging_mixin.py:188} INFO - [2025-03-27T16:59:59.796+0000] {dag.py:3823} INFO - Setting next_dagrun for example_setup_teardown_taskflow to 2025-03-26 00:00:00+00:00, run_after=2025-03-27 00:00:00+00:00
[2025-03-27T16:59:59.814+0000] {processor.py:183} INFO - Processing /home/airflow/.local/lib/python3.8/site-packages/airflow/example_dags/example_setup_teardown_taskflow.py took 0.083 seconds
