[2025-03-27T16:26:59.997+0000] {processor.py:161} INFO - Started process (PID=226) to work on /home/airflow/.local/lib/python3.8/site-packages/airflow/example_dags/example_trigger_target_dag.py
[2025-03-27T16:26:59.998+0000] {processor.py:830} INFO - Processing file /home/airflow/.local/lib/python3.8/site-packages/airflow/example_dags/example_trigger_target_dag.py for tasks to queue
[2025-03-27T16:26:59.999+0000] {logging_mixin.py:188} INFO - [2025-03-27T16:26:59.998+0000] {dagbag.py:538} INFO - Filling up the DagBag from /home/airflow/.local/lib/python3.8/site-packages/airflow/example_dags/example_trigger_target_dag.py
[2025-03-27T16:27:00.004+0000] {processor.py:840} INFO - DAG(s) 'example_trigger_target_dag' retrieved from /home/airflow/.local/lib/python3.8/site-packages/airflow/example_dags/example_trigger_target_dag.py
[2025-03-27T16:27:00.017+0000] {logging_mixin.py:188} INFO - [2025-03-27T16:27:00.017+0000] {dag.py:3036} INFO - Sync 1 DAGs
[2025-03-27T16:27:00.030+0000] {logging_mixin.py:188} INFO - [2025-03-27T16:27:00.030+0000] {dag.py:3823} INFO - Setting next_dagrun for example_trigger_target_dag to None, run_after=None
[2025-03-27T16:27:00.050+0000] {processor.py:183} INFO - Processing /home/airflow/.local/lib/python3.8/site-packages/airflow/example_dags/example_trigger_target_dag.py took 0.056 seconds
[2025-03-27T16:27:30.534+0000] {processor.py:161} INFO - Started process (PID=473) to work on /home/airflow/.local/lib/python3.8/site-packages/airflow/example_dags/example_trigger_target_dag.py
[2025-03-27T16:27:30.535+0000] {processor.py:830} INFO - Processing file /home/airflow/.local/lib/python3.8/site-packages/airflow/example_dags/example_trigger_target_dag.py for tasks to queue
[2025-03-27T16:27:30.536+0000] {logging_mixin.py:188} INFO - [2025-03-27T16:27:30.536+0000] {dagbag.py:538} INFO - Filling up the DagBag from /home/airflow/.local/lib/python3.8/site-packages/airflow/example_dags/example_trigger_target_dag.py
[2025-03-27T16:27:30.541+0000] {processor.py:840} INFO - DAG(s) 'example_trigger_target_dag' retrieved from /home/airflow/.local/lib/python3.8/site-packages/airflow/example_dags/example_trigger_target_dag.py
[2025-03-27T16:27:30.628+0000] {logging_mixin.py:188} INFO - [2025-03-27T16:27:30.628+0000] {dag.py:3036} INFO - Sync 1 DAGs
[2025-03-27T16:27:30.638+0000] {logging_mixin.py:188} INFO - [2025-03-27T16:27:30.638+0000] {dag.py:3823} INFO - Setting next_dagrun for example_trigger_target_dag to None, run_after=None
[2025-03-27T16:27:30.654+0000] {processor.py:183} INFO - Processing /home/airflow/.local/lib/python3.8/site-packages/airflow/example_dags/example_trigger_target_dag.py took 0.123 seconds
[2025-03-27T16:28:01.595+0000] {processor.py:161} INFO - Started process (PID=720) to work on /home/airflow/.local/lib/python3.8/site-packages/airflow/example_dags/example_trigger_target_dag.py
[2025-03-27T16:28:01.596+0000] {processor.py:830} INFO - Processing file /home/airflow/.local/lib/python3.8/site-packages/airflow/example_dags/example_trigger_target_dag.py for tasks to queue
[2025-03-27T16:28:01.598+0000] {logging_mixin.py:188} INFO - [2025-03-27T16:28:01.597+0000] {dagbag.py:538} INFO - Filling up the DagBag from /home/airflow/.local/lib/python3.8/site-packages/airflow/example_dags/example_trigger_target_dag.py
[2025-03-27T16:28:01.608+0000] {processor.py:840} INFO - DAG(s) 'example_trigger_target_dag' retrieved from /home/airflow/.local/lib/python3.8/site-packages/airflow/example_dags/example_trigger_target_dag.py
[2025-03-27T16:28:01.644+0000] {logging_mixin.py:188} INFO - [2025-03-27T16:28:01.643+0000] {dag.py:3036} INFO - Sync 1 DAGs
[2025-03-27T16:28:01.666+0000] {logging_mixin.py:188} INFO - [2025-03-27T16:28:01.666+0000] {dag.py:3823} INFO - Setting next_dagrun for example_trigger_target_dag to None, run_after=None
[2025-03-27T16:28:01.699+0000] {processor.py:183} INFO - Processing /home/airflow/.local/lib/python3.8/site-packages/airflow/example_dags/example_trigger_target_dag.py took 0.108 seconds
[2025-03-27T16:28:31.770+0000] {processor.py:161} INFO - Started process (PID=967) to work on /home/airflow/.local/lib/python3.8/site-packages/airflow/example_dags/example_trigger_target_dag.py
[2025-03-27T16:28:31.771+0000] {processor.py:830} INFO - Processing file /home/airflow/.local/lib/python3.8/site-packages/airflow/example_dags/example_trigger_target_dag.py for tasks to queue
[2025-03-27T16:28:31.772+0000] {logging_mixin.py:188} INFO - [2025-03-27T16:28:31.772+0000] {dagbag.py:538} INFO - Filling up the DagBag from /home/airflow/.local/lib/python3.8/site-packages/airflow/example_dags/example_trigger_target_dag.py
[2025-03-27T16:28:31.778+0000] {processor.py:840} INFO - DAG(s) 'example_trigger_target_dag' retrieved from /home/airflow/.local/lib/python3.8/site-packages/airflow/example_dags/example_trigger_target_dag.py
[2025-03-27T16:28:31.798+0000] {logging_mixin.py:188} INFO - [2025-03-27T16:28:31.798+0000] {dag.py:3036} INFO - Sync 1 DAGs
[2025-03-27T16:28:31.810+0000] {logging_mixin.py:188} INFO - [2025-03-27T16:28:31.809+0000] {dag.py:3823} INFO - Setting next_dagrun for example_trigger_target_dag to None, run_after=None
[2025-03-27T16:28:31.826+0000] {processor.py:183} INFO - Processing /home/airflow/.local/lib/python3.8/site-packages/airflow/example_dags/example_trigger_target_dag.py took 0.060 seconds
[2025-03-27T16:29:02.422+0000] {processor.py:161} INFO - Started process (PID=1214) to work on /home/airflow/.local/lib/python3.8/site-packages/airflow/example_dags/example_trigger_target_dag.py
[2025-03-27T16:29:02.423+0000] {processor.py:830} INFO - Processing file /home/airflow/.local/lib/python3.8/site-packages/airflow/example_dags/example_trigger_target_dag.py for tasks to queue
[2025-03-27T16:29:02.424+0000] {logging_mixin.py:188} INFO - [2025-03-27T16:29:02.423+0000] {dagbag.py:538} INFO - Filling up the DagBag from /home/airflow/.local/lib/python3.8/site-packages/airflow/example_dags/example_trigger_target_dag.py
[2025-03-27T16:29:02.429+0000] {processor.py:840} INFO - DAG(s) 'example_trigger_target_dag' retrieved from /home/airflow/.local/lib/python3.8/site-packages/airflow/example_dags/example_trigger_target_dag.py
[2025-03-27T16:29:02.447+0000] {logging_mixin.py:188} INFO - [2025-03-27T16:29:02.446+0000] {dag.py:3036} INFO - Sync 1 DAGs
[2025-03-27T16:29:02.458+0000] {logging_mixin.py:188} INFO - [2025-03-27T16:29:02.457+0000] {dag.py:3823} INFO - Setting next_dagrun for example_trigger_target_dag to None, run_after=None
[2025-03-27T16:29:02.473+0000] {processor.py:183} INFO - Processing /home/airflow/.local/lib/python3.8/site-packages/airflow/example_dags/example_trigger_target_dag.py took 0.054 seconds
[2025-03-27T16:29:33.050+0000] {processor.py:161} INFO - Started process (PID=1467) to work on /home/airflow/.local/lib/python3.8/site-packages/airflow/example_dags/example_trigger_target_dag.py
[2025-03-27T16:29:33.051+0000] {processor.py:830} INFO - Processing file /home/airflow/.local/lib/python3.8/site-packages/airflow/example_dags/example_trigger_target_dag.py for tasks to queue
[2025-03-27T16:29:33.052+0000] {logging_mixin.py:188} INFO - [2025-03-27T16:29:33.052+0000] {dagbag.py:538} INFO - Filling up the DagBag from /home/airflow/.local/lib/python3.8/site-packages/airflow/example_dags/example_trigger_target_dag.py
[2025-03-27T16:29:33.057+0000] {processor.py:840} INFO - DAG(s) 'example_trigger_target_dag' retrieved from /home/airflow/.local/lib/python3.8/site-packages/airflow/example_dags/example_trigger_target_dag.py
[2025-03-27T16:29:33.074+0000] {logging_mixin.py:188} INFO - [2025-03-27T16:29:33.074+0000] {dag.py:3036} INFO - Sync 1 DAGs
[2025-03-27T16:29:33.085+0000] {logging_mixin.py:188} INFO - [2025-03-27T16:29:33.084+0000] {dag.py:3823} INFO - Setting next_dagrun for example_trigger_target_dag to None, run_after=None
[2025-03-27T16:29:33.100+0000] {processor.py:183} INFO - Processing /home/airflow/.local/lib/python3.8/site-packages/airflow/example_dags/example_trigger_target_dag.py took 0.052 seconds
[2025-03-27T16:30:03.625+0000] {processor.py:161} INFO - Started process (PID=1714) to work on /home/airflow/.local/lib/python3.8/site-packages/airflow/example_dags/example_trigger_target_dag.py
[2025-03-27T16:30:03.626+0000] {processor.py:830} INFO - Processing file /home/airflow/.local/lib/python3.8/site-packages/airflow/example_dags/example_trigger_target_dag.py for tasks to queue
[2025-03-27T16:30:03.627+0000] {logging_mixin.py:188} INFO - [2025-03-27T16:30:03.627+0000] {dagbag.py:538} INFO - Filling up the DagBag from /home/airflow/.local/lib/python3.8/site-packages/airflow/example_dags/example_trigger_target_dag.py
[2025-03-27T16:30:03.632+0000] {processor.py:840} INFO - DAG(s) 'example_trigger_target_dag' retrieved from /home/airflow/.local/lib/python3.8/site-packages/airflow/example_dags/example_trigger_target_dag.py
[2025-03-27T16:30:03.649+0000] {logging_mixin.py:188} INFO - [2025-03-27T16:30:03.648+0000] {dag.py:3036} INFO - Sync 1 DAGs
[2025-03-27T16:30:03.660+0000] {logging_mixin.py:188} INFO - [2025-03-27T16:30:03.660+0000] {dag.py:3823} INFO - Setting next_dagrun for example_trigger_target_dag to None, run_after=None
[2025-03-27T16:30:03.678+0000] {processor.py:183} INFO - Processing /home/airflow/.local/lib/python3.8/site-packages/airflow/example_dags/example_trigger_target_dag.py took 0.056 seconds
[2025-03-27T16:30:34.176+0000] {processor.py:161} INFO - Started process (PID=1961) to work on /home/airflow/.local/lib/python3.8/site-packages/airflow/example_dags/example_trigger_target_dag.py
[2025-03-27T16:30:34.177+0000] {processor.py:830} INFO - Processing file /home/airflow/.local/lib/python3.8/site-packages/airflow/example_dags/example_trigger_target_dag.py for tasks to queue
[2025-03-27T16:30:34.178+0000] {logging_mixin.py:188} INFO - [2025-03-27T16:30:34.177+0000] {dagbag.py:538} INFO - Filling up the DagBag from /home/airflow/.local/lib/python3.8/site-packages/airflow/example_dags/example_trigger_target_dag.py
[2025-03-27T16:30:34.182+0000] {processor.py:840} INFO - DAG(s) 'example_trigger_target_dag' retrieved from /home/airflow/.local/lib/python3.8/site-packages/airflow/example_dags/example_trigger_target_dag.py
[2025-03-27T16:30:34.199+0000] {logging_mixin.py:188} INFO - [2025-03-27T16:30:34.199+0000] {dag.py:3036} INFO - Sync 1 DAGs
[2025-03-27T16:30:34.210+0000] {logging_mixin.py:188} INFO - [2025-03-27T16:30:34.210+0000] {dag.py:3823} INFO - Setting next_dagrun for example_trigger_target_dag to None, run_after=None
[2025-03-27T16:30:34.224+0000] {processor.py:183} INFO - Processing /home/airflow/.local/lib/python3.8/site-packages/airflow/example_dags/example_trigger_target_dag.py took 0.051 seconds
[2025-03-27T16:31:04.621+0000] {processor.py:161} INFO - Started process (PID=2208) to work on /home/airflow/.local/lib/python3.8/site-packages/airflow/example_dags/example_trigger_target_dag.py
[2025-03-27T16:31:04.621+0000] {processor.py:830} INFO - Processing file /home/airflow/.local/lib/python3.8/site-packages/airflow/example_dags/example_trigger_target_dag.py for tasks to queue
[2025-03-27T16:31:04.622+0000] {logging_mixin.py:188} INFO - [2025-03-27T16:31:04.622+0000] {dagbag.py:538} INFO - Filling up the DagBag from /home/airflow/.local/lib/python3.8/site-packages/airflow/example_dags/example_trigger_target_dag.py
[2025-03-27T16:31:04.628+0000] {processor.py:840} INFO - DAG(s) 'example_trigger_target_dag' retrieved from /home/airflow/.local/lib/python3.8/site-packages/airflow/example_dags/example_trigger_target_dag.py
[2025-03-27T16:31:04.645+0000] {logging_mixin.py:188} INFO - [2025-03-27T16:31:04.645+0000] {dag.py:3036} INFO - Sync 1 DAGs
[2025-03-27T16:31:04.656+0000] {logging_mixin.py:188} INFO - [2025-03-27T16:31:04.656+0000] {dag.py:3823} INFO - Setting next_dagrun for example_trigger_target_dag to None, run_after=None
[2025-03-27T16:31:04.673+0000] {processor.py:183} INFO - Processing /home/airflow/.local/lib/python3.8/site-packages/airflow/example_dags/example_trigger_target_dag.py took 0.055 seconds
[2025-03-27T16:31:35.151+0000] {processor.py:161} INFO - Started process (PID=2455) to work on /home/airflow/.local/lib/python3.8/site-packages/airflow/example_dags/example_trigger_target_dag.py
[2025-03-27T16:31:35.152+0000] {processor.py:830} INFO - Processing file /home/airflow/.local/lib/python3.8/site-packages/airflow/example_dags/example_trigger_target_dag.py for tasks to queue
[2025-03-27T16:31:35.153+0000] {logging_mixin.py:188} INFO - [2025-03-27T16:31:35.153+0000] {dagbag.py:538} INFO - Filling up the DagBag from /home/airflow/.local/lib/python3.8/site-packages/airflow/example_dags/example_trigger_target_dag.py
[2025-03-27T16:31:35.158+0000] {processor.py:840} INFO - DAG(s) 'example_trigger_target_dag' retrieved from /home/airflow/.local/lib/python3.8/site-packages/airflow/example_dags/example_trigger_target_dag.py
[2025-03-27T16:31:35.181+0000] {logging_mixin.py:188} INFO - [2025-03-27T16:31:35.180+0000] {dag.py:3036} INFO - Sync 1 DAGs
[2025-03-27T16:31:35.193+0000] {logging_mixin.py:188} INFO - [2025-03-27T16:31:35.192+0000] {dag.py:3823} INFO - Setting next_dagrun for example_trigger_target_dag to None, run_after=None
[2025-03-27T16:31:35.209+0000] {processor.py:183} INFO - Processing /home/airflow/.local/lib/python3.8/site-packages/airflow/example_dags/example_trigger_target_dag.py took 0.061 seconds
[2025-03-27T16:32:05.299+0000] {processor.py:161} INFO - Started process (PID=2702) to work on /home/airflow/.local/lib/python3.8/site-packages/airflow/example_dags/example_trigger_target_dag.py
[2025-03-27T16:32:05.300+0000] {processor.py:830} INFO - Processing file /home/airflow/.local/lib/python3.8/site-packages/airflow/example_dags/example_trigger_target_dag.py for tasks to queue
[2025-03-27T16:32:05.301+0000] {logging_mixin.py:188} INFO - [2025-03-27T16:32:05.301+0000] {dagbag.py:538} INFO - Filling up the DagBag from /home/airflow/.local/lib/python3.8/site-packages/airflow/example_dags/example_trigger_target_dag.py
[2025-03-27T16:32:05.306+0000] {processor.py:840} INFO - DAG(s) 'example_trigger_target_dag' retrieved from /home/airflow/.local/lib/python3.8/site-packages/airflow/example_dags/example_trigger_target_dag.py
[2025-03-27T16:32:05.324+0000] {logging_mixin.py:188} INFO - [2025-03-27T16:32:05.324+0000] {dag.py:3036} INFO - Sync 1 DAGs
[2025-03-27T16:32:05.335+0000] {logging_mixin.py:188} INFO - [2025-03-27T16:32:05.335+0000] {dag.py:3823} INFO - Setting next_dagrun for example_trigger_target_dag to None, run_after=None
[2025-03-27T16:32:05.351+0000] {processor.py:183} INFO - Processing /home/airflow/.local/lib/python3.8/site-packages/airflow/example_dags/example_trigger_target_dag.py took 0.054 seconds
[2025-03-27T16:32:35.988+0000] {processor.py:161} INFO - Started process (PID=2949) to work on /home/airflow/.local/lib/python3.8/site-packages/airflow/example_dags/example_trigger_target_dag.py
[2025-03-27T16:32:35.989+0000] {processor.py:830} INFO - Processing file /home/airflow/.local/lib/python3.8/site-packages/airflow/example_dags/example_trigger_target_dag.py for tasks to queue
[2025-03-27T16:32:35.989+0000] {logging_mixin.py:188} INFO - [2025-03-27T16:32:35.989+0000] {dagbag.py:538} INFO - Filling up the DagBag from /home/airflow/.local/lib/python3.8/site-packages/airflow/example_dags/example_trigger_target_dag.py
[2025-03-27T16:32:35.994+0000] {processor.py:840} INFO - DAG(s) 'example_trigger_target_dag' retrieved from /home/airflow/.local/lib/python3.8/site-packages/airflow/example_dags/example_trigger_target_dag.py
[2025-03-27T16:32:36.012+0000] {logging_mixin.py:188} INFO - [2025-03-27T16:32:36.012+0000] {dag.py:3036} INFO - Sync 1 DAGs
[2025-03-27T16:32:36.022+0000] {logging_mixin.py:188} INFO - [2025-03-27T16:32:36.022+0000] {dag.py:3823} INFO - Setting next_dagrun for example_trigger_target_dag to None, run_after=None
[2025-03-27T16:32:36.037+0000] {processor.py:183} INFO - Processing /home/airflow/.local/lib/python3.8/site-packages/airflow/example_dags/example_trigger_target_dag.py took 0.052 seconds
[2025-03-27T16:33:07.086+0000] {processor.py:161} INFO - Started process (PID=3196) to work on /home/airflow/.local/lib/python3.8/site-packages/airflow/example_dags/example_trigger_target_dag.py
[2025-03-27T16:33:07.087+0000] {processor.py:830} INFO - Processing file /home/airflow/.local/lib/python3.8/site-packages/airflow/example_dags/example_trigger_target_dag.py for tasks to queue
[2025-03-27T16:33:07.088+0000] {logging_mixin.py:188} INFO - [2025-03-27T16:33:07.088+0000] {dagbag.py:538} INFO - Filling up the DagBag from /home/airflow/.local/lib/python3.8/site-packages/airflow/example_dags/example_trigger_target_dag.py
[2025-03-27T16:33:07.093+0000] {processor.py:840} INFO - DAG(s) 'example_trigger_target_dag' retrieved from /home/airflow/.local/lib/python3.8/site-packages/airflow/example_dags/example_trigger_target_dag.py
[2025-03-27T16:33:07.111+0000] {logging_mixin.py:188} INFO - [2025-03-27T16:33:07.110+0000] {dag.py:3036} INFO - Sync 1 DAGs
[2025-03-27T16:33:07.121+0000] {logging_mixin.py:188} INFO - [2025-03-27T16:33:07.121+0000] {dag.py:3823} INFO - Setting next_dagrun for example_trigger_target_dag to None, run_after=None
[2025-03-27T16:33:07.136+0000] {processor.py:183} INFO - Processing /home/airflow/.local/lib/python3.8/site-packages/airflow/example_dags/example_trigger_target_dag.py took 0.052 seconds
[2025-03-27T16:33:37.229+0000] {processor.py:161} INFO - Started process (PID=3443) to work on /home/airflow/.local/lib/python3.8/site-packages/airflow/example_dags/example_trigger_target_dag.py
[2025-03-27T16:33:37.231+0000] {processor.py:830} INFO - Processing file /home/airflow/.local/lib/python3.8/site-packages/airflow/example_dags/example_trigger_target_dag.py for tasks to queue
[2025-03-27T16:33:37.232+0000] {logging_mixin.py:188} INFO - [2025-03-27T16:33:37.231+0000] {dagbag.py:538} INFO - Filling up the DagBag from /home/airflow/.local/lib/python3.8/site-packages/airflow/example_dags/example_trigger_target_dag.py
[2025-03-27T16:33:37.237+0000] {processor.py:840} INFO - DAG(s) 'example_trigger_target_dag' retrieved from /home/airflow/.local/lib/python3.8/site-packages/airflow/example_dags/example_trigger_target_dag.py
[2025-03-27T16:33:37.256+0000] {logging_mixin.py:188} INFO - [2025-03-27T16:33:37.255+0000] {dag.py:3036} INFO - Sync 1 DAGs
[2025-03-27T16:33:37.268+0000] {logging_mixin.py:188} INFO - [2025-03-27T16:33:37.268+0000] {dag.py:3823} INFO - Setting next_dagrun for example_trigger_target_dag to None, run_after=None
[2025-03-27T16:33:37.286+0000] {processor.py:183} INFO - Processing /home/airflow/.local/lib/python3.8/site-packages/airflow/example_dags/example_trigger_target_dag.py took 0.059 seconds
[2025-03-27T16:34:07.754+0000] {processor.py:161} INFO - Started process (PID=3690) to work on /home/airflow/.local/lib/python3.8/site-packages/airflow/example_dags/example_trigger_target_dag.py
[2025-03-27T16:34:07.755+0000] {processor.py:830} INFO - Processing file /home/airflow/.local/lib/python3.8/site-packages/airflow/example_dags/example_trigger_target_dag.py for tasks to queue
[2025-03-27T16:34:07.756+0000] {logging_mixin.py:188} INFO - [2025-03-27T16:34:07.756+0000] {dagbag.py:538} INFO - Filling up the DagBag from /home/airflow/.local/lib/python3.8/site-packages/airflow/example_dags/example_trigger_target_dag.py
[2025-03-27T16:34:07.761+0000] {processor.py:840} INFO - DAG(s) 'example_trigger_target_dag' retrieved from /home/airflow/.local/lib/python3.8/site-packages/airflow/example_dags/example_trigger_target_dag.py
[2025-03-27T16:34:07.778+0000] {logging_mixin.py:188} INFO - [2025-03-27T16:34:07.778+0000] {dag.py:3036} INFO - Sync 1 DAGs
[2025-03-27T16:34:07.789+0000] {logging_mixin.py:188} INFO - [2025-03-27T16:34:07.789+0000] {dag.py:3823} INFO - Setting next_dagrun for example_trigger_target_dag to None, run_after=None
[2025-03-27T16:34:07.804+0000] {processor.py:183} INFO - Processing /home/airflow/.local/lib/python3.8/site-packages/airflow/example_dags/example_trigger_target_dag.py took 0.053 seconds
[2025-03-27T16:34:38.131+0000] {processor.py:161} INFO - Started process (PID=3937) to work on /home/airflow/.local/lib/python3.8/site-packages/airflow/example_dags/example_trigger_target_dag.py
[2025-03-27T16:34:38.132+0000] {processor.py:830} INFO - Processing file /home/airflow/.local/lib/python3.8/site-packages/airflow/example_dags/example_trigger_target_dag.py for tasks to queue
[2025-03-27T16:34:38.133+0000] {logging_mixin.py:188} INFO - [2025-03-27T16:34:38.133+0000] {dagbag.py:538} INFO - Filling up the DagBag from /home/airflow/.local/lib/python3.8/site-packages/airflow/example_dags/example_trigger_target_dag.py
[2025-03-27T16:34:38.138+0000] {processor.py:840} INFO - DAG(s) 'example_trigger_target_dag' retrieved from /home/airflow/.local/lib/python3.8/site-packages/airflow/example_dags/example_trigger_target_dag.py
[2025-03-27T16:34:38.156+0000] {logging_mixin.py:188} INFO - [2025-03-27T16:34:38.156+0000] {dag.py:3036} INFO - Sync 1 DAGs
[2025-03-27T16:34:38.168+0000] {logging_mixin.py:188} INFO - [2025-03-27T16:34:38.168+0000] {dag.py:3823} INFO - Setting next_dagrun for example_trigger_target_dag to None, run_after=None
[2025-03-27T16:34:38.189+0000] {processor.py:183} INFO - Processing /home/airflow/.local/lib/python3.8/site-packages/airflow/example_dags/example_trigger_target_dag.py took 0.061 seconds
[2025-03-27T16:35:08.563+0000] {processor.py:161} INFO - Started process (PID=4184) to work on /home/airflow/.local/lib/python3.8/site-packages/airflow/example_dags/example_trigger_target_dag.py
[2025-03-27T16:35:08.564+0000] {processor.py:830} INFO - Processing file /home/airflow/.local/lib/python3.8/site-packages/airflow/example_dags/example_trigger_target_dag.py for tasks to queue
[2025-03-27T16:35:08.564+0000] {logging_mixin.py:188} INFO - [2025-03-27T16:35:08.564+0000] {dagbag.py:538} INFO - Filling up the DagBag from /home/airflow/.local/lib/python3.8/site-packages/airflow/example_dags/example_trigger_target_dag.py
[2025-03-27T16:35:08.569+0000] {processor.py:840} INFO - DAG(s) 'example_trigger_target_dag' retrieved from /home/airflow/.local/lib/python3.8/site-packages/airflow/example_dags/example_trigger_target_dag.py
[2025-03-27T16:35:08.587+0000] {logging_mixin.py:188} INFO - [2025-03-27T16:35:08.587+0000] {dag.py:3036} INFO - Sync 1 DAGs
[2025-03-27T16:35:08.599+0000] {logging_mixin.py:188} INFO - [2025-03-27T16:35:08.598+0000] {dag.py:3823} INFO - Setting next_dagrun for example_trigger_target_dag to None, run_after=None
[2025-03-27T16:35:08.615+0000] {processor.py:183} INFO - Processing /home/airflow/.local/lib/python3.8/site-packages/airflow/example_dags/example_trigger_target_dag.py took 0.055 seconds
[2025-03-27T16:35:39.190+0000] {processor.py:161} INFO - Started process (PID=4431) to work on /home/airflow/.local/lib/python3.8/site-packages/airflow/example_dags/example_trigger_target_dag.py
[2025-03-27T16:35:39.192+0000] {processor.py:830} INFO - Processing file /home/airflow/.local/lib/python3.8/site-packages/airflow/example_dags/example_trigger_target_dag.py for tasks to queue
[2025-03-27T16:35:39.193+0000] {logging_mixin.py:188} INFO - [2025-03-27T16:35:39.193+0000] {dagbag.py:538} INFO - Filling up the DagBag from /home/airflow/.local/lib/python3.8/site-packages/airflow/example_dags/example_trigger_target_dag.py
[2025-03-27T16:35:39.202+0000] {processor.py:840} INFO - DAG(s) 'example_trigger_target_dag' retrieved from /home/airflow/.local/lib/python3.8/site-packages/airflow/example_dags/example_trigger_target_dag.py
[2025-03-27T16:35:39.243+0000] {logging_mixin.py:188} INFO - [2025-03-27T16:35:39.243+0000] {dag.py:3036} INFO - Sync 1 DAGs
[2025-03-27T16:35:39.265+0000] {logging_mixin.py:188} INFO - [2025-03-27T16:35:39.264+0000] {dag.py:3823} INFO - Setting next_dagrun for example_trigger_target_dag to None, run_after=None
[2025-03-27T16:35:39.307+0000] {processor.py:183} INFO - Processing /home/airflow/.local/lib/python3.8/site-packages/airflow/example_dags/example_trigger_target_dag.py took 0.120 seconds
[2025-03-27T16:36:09.357+0000] {processor.py:161} INFO - Started process (PID=4680) to work on /home/airflow/.local/lib/python3.8/site-packages/airflow/example_dags/example_trigger_target_dag.py
[2025-03-27T16:36:09.358+0000] {processor.py:830} INFO - Processing file /home/airflow/.local/lib/python3.8/site-packages/airflow/example_dags/example_trigger_target_dag.py for tasks to queue
[2025-03-27T16:36:09.358+0000] {logging_mixin.py:188} INFO - [2025-03-27T16:36:09.358+0000] {dagbag.py:538} INFO - Filling up the DagBag from /home/airflow/.local/lib/python3.8/site-packages/airflow/example_dags/example_trigger_target_dag.py
[2025-03-27T16:36:09.363+0000] {processor.py:840} INFO - DAG(s) 'example_trigger_target_dag' retrieved from /home/airflow/.local/lib/python3.8/site-packages/airflow/example_dags/example_trigger_target_dag.py
[2025-03-27T16:36:09.381+0000] {logging_mixin.py:188} INFO - [2025-03-27T16:36:09.380+0000] {dag.py:3036} INFO - Sync 1 DAGs
[2025-03-27T16:36:09.391+0000] {logging_mixin.py:188} INFO - [2025-03-27T16:36:09.391+0000] {dag.py:3823} INFO - Setting next_dagrun for example_trigger_target_dag to None, run_after=None
[2025-03-27T16:36:09.407+0000] {processor.py:183} INFO - Processing /home/airflow/.local/lib/python3.8/site-packages/airflow/example_dags/example_trigger_target_dag.py took 0.053 seconds
[2025-03-27T16:36:39.913+0000] {processor.py:161} INFO - Started process (PID=4925) to work on /home/airflow/.local/lib/python3.8/site-packages/airflow/example_dags/example_trigger_target_dag.py
[2025-03-27T16:36:39.914+0000] {processor.py:830} INFO - Processing file /home/airflow/.local/lib/python3.8/site-packages/airflow/example_dags/example_trigger_target_dag.py for tasks to queue
[2025-03-27T16:36:39.915+0000] {logging_mixin.py:188} INFO - [2025-03-27T16:36:39.915+0000] {dagbag.py:538} INFO - Filling up the DagBag from /home/airflow/.local/lib/python3.8/site-packages/airflow/example_dags/example_trigger_target_dag.py
[2025-03-27T16:36:39.920+0000] {processor.py:840} INFO - DAG(s) 'example_trigger_target_dag' retrieved from /home/airflow/.local/lib/python3.8/site-packages/airflow/example_dags/example_trigger_target_dag.py
[2025-03-27T16:36:39.937+0000] {logging_mixin.py:188} INFO - [2025-03-27T16:36:39.937+0000] {dag.py:3036} INFO - Sync 1 DAGs
[2025-03-27T16:36:39.948+0000] {logging_mixin.py:188} INFO - [2025-03-27T16:36:39.947+0000] {dag.py:3823} INFO - Setting next_dagrun for example_trigger_target_dag to None, run_after=None
[2025-03-27T16:36:39.965+0000] {processor.py:183} INFO - Processing /home/airflow/.local/lib/python3.8/site-packages/airflow/example_dags/example_trigger_target_dag.py took 0.054 seconds
[2025-03-27T16:37:10.431+0000] {processor.py:161} INFO - Started process (PID=5177) to work on /home/airflow/.local/lib/python3.8/site-packages/airflow/example_dags/example_trigger_target_dag.py
[2025-03-27T16:37:10.432+0000] {processor.py:830} INFO - Processing file /home/airflow/.local/lib/python3.8/site-packages/airflow/example_dags/example_trigger_target_dag.py for tasks to queue
[2025-03-27T16:37:10.433+0000] {logging_mixin.py:188} INFO - [2025-03-27T16:37:10.432+0000] {dagbag.py:538} INFO - Filling up the DagBag from /home/airflow/.local/lib/python3.8/site-packages/airflow/example_dags/example_trigger_target_dag.py
[2025-03-27T16:37:10.437+0000] {processor.py:840} INFO - DAG(s) 'example_trigger_target_dag' retrieved from /home/airflow/.local/lib/python3.8/site-packages/airflow/example_dags/example_trigger_target_dag.py
[2025-03-27T16:37:10.455+0000] {logging_mixin.py:188} INFO - [2025-03-27T16:37:10.455+0000] {dag.py:3036} INFO - Sync 1 DAGs
[2025-03-27T16:37:10.466+0000] {logging_mixin.py:188} INFO - [2025-03-27T16:37:10.466+0000] {dag.py:3823} INFO - Setting next_dagrun for example_trigger_target_dag to None, run_after=None
[2025-03-27T16:37:10.481+0000] {processor.py:183} INFO - Processing /home/airflow/.local/lib/python3.8/site-packages/airflow/example_dags/example_trigger_target_dag.py took 0.053 seconds
[2025-03-27T16:37:40.607+0000] {processor.py:161} INFO - Started process (PID=5429) to work on /home/airflow/.local/lib/python3.8/site-packages/airflow/example_dags/example_trigger_target_dag.py
[2025-03-27T16:37:40.608+0000] {processor.py:830} INFO - Processing file /home/airflow/.local/lib/python3.8/site-packages/airflow/example_dags/example_trigger_target_dag.py for tasks to queue
[2025-03-27T16:37:40.609+0000] {logging_mixin.py:188} INFO - [2025-03-27T16:37:40.608+0000] {dagbag.py:538} INFO - Filling up the DagBag from /home/airflow/.local/lib/python3.8/site-packages/airflow/example_dags/example_trigger_target_dag.py
[2025-03-27T16:37:40.614+0000] {processor.py:840} INFO - DAG(s) 'example_trigger_target_dag' retrieved from /home/airflow/.local/lib/python3.8/site-packages/airflow/example_dags/example_trigger_target_dag.py
[2025-03-27T16:37:40.631+0000] {logging_mixin.py:188} INFO - [2025-03-27T16:37:40.631+0000] {dag.py:3036} INFO - Sync 1 DAGs
[2025-03-27T16:37:40.642+0000] {logging_mixin.py:188} INFO - [2025-03-27T16:37:40.642+0000] {dag.py:3823} INFO - Setting next_dagrun for example_trigger_target_dag to None, run_after=None
[2025-03-27T16:37:40.658+0000] {processor.py:183} INFO - Processing /home/airflow/.local/lib/python3.8/site-packages/airflow/example_dags/example_trigger_target_dag.py took 0.054 seconds
[2025-03-27T16:38:10.812+0000] {processor.py:161} INFO - Started process (PID=5681) to work on /home/airflow/.local/lib/python3.8/site-packages/airflow/example_dags/example_trigger_target_dag.py
[2025-03-27T16:38:10.813+0000] {processor.py:830} INFO - Processing file /home/airflow/.local/lib/python3.8/site-packages/airflow/example_dags/example_trigger_target_dag.py for tasks to queue
[2025-03-27T16:38:10.814+0000] {logging_mixin.py:188} INFO - [2025-03-27T16:38:10.813+0000] {dagbag.py:538} INFO - Filling up the DagBag from /home/airflow/.local/lib/python3.8/site-packages/airflow/example_dags/example_trigger_target_dag.py
[2025-03-27T16:38:10.819+0000] {processor.py:840} INFO - DAG(s) 'example_trigger_target_dag' retrieved from /home/airflow/.local/lib/python3.8/site-packages/airflow/example_dags/example_trigger_target_dag.py
[2025-03-27T16:38:10.837+0000] {logging_mixin.py:188} INFO - [2025-03-27T16:38:10.837+0000] {dag.py:3036} INFO - Sync 1 DAGs
[2025-03-27T16:38:10.848+0000] {logging_mixin.py:188} INFO - [2025-03-27T16:38:10.848+0000] {dag.py:3823} INFO - Setting next_dagrun for example_trigger_target_dag to None, run_after=None
[2025-03-27T16:38:10.864+0000] {processor.py:183} INFO - Processing /home/airflow/.local/lib/python3.8/site-packages/airflow/example_dags/example_trigger_target_dag.py took 0.055 seconds
[2025-03-27T16:38:41.210+0000] {processor.py:161} INFO - Started process (PID=5933) to work on /home/airflow/.local/lib/python3.8/site-packages/airflow/example_dags/example_trigger_target_dag.py
[2025-03-27T16:38:41.212+0000] {processor.py:830} INFO - Processing file /home/airflow/.local/lib/python3.8/site-packages/airflow/example_dags/example_trigger_target_dag.py for tasks to queue
[2025-03-27T16:38:41.213+0000] {logging_mixin.py:188} INFO - [2025-03-27T16:38:41.213+0000] {dagbag.py:538} INFO - Filling up the DagBag from /home/airflow/.local/lib/python3.8/site-packages/airflow/example_dags/example_trigger_target_dag.py
[2025-03-27T16:38:41.219+0000] {processor.py:840} INFO - DAG(s) 'example_trigger_target_dag' retrieved from /home/airflow/.local/lib/python3.8/site-packages/airflow/example_dags/example_trigger_target_dag.py
[2025-03-27T16:38:41.240+0000] {logging_mixin.py:188} INFO - [2025-03-27T16:38:41.240+0000] {dag.py:3036} INFO - Sync 1 DAGs
[2025-03-27T16:38:41.256+0000] {logging_mixin.py:188} INFO - [2025-03-27T16:38:41.256+0000] {dag.py:3823} INFO - Setting next_dagrun for example_trigger_target_dag to None, run_after=None
[2025-03-27T16:38:41.278+0000] {processor.py:183} INFO - Processing /home/airflow/.local/lib/python3.8/site-packages/airflow/example_dags/example_trigger_target_dag.py took 0.071 seconds
[2025-03-27T16:39:11.327+0000] {processor.py:161} INFO - Started process (PID=6205) to work on /home/airflow/.local/lib/python3.8/site-packages/airflow/example_dags/example_trigger_target_dag.py
[2025-03-27T16:39:11.328+0000] {processor.py:830} INFO - Processing file /home/airflow/.local/lib/python3.8/site-packages/airflow/example_dags/example_trigger_target_dag.py for tasks to queue
[2025-03-27T16:39:11.329+0000] {logging_mixin.py:188} INFO - [2025-03-27T16:39:11.329+0000] {dagbag.py:538} INFO - Filling up the DagBag from /home/airflow/.local/lib/python3.8/site-packages/airflow/example_dags/example_trigger_target_dag.py
[2025-03-27T16:39:11.334+0000] {processor.py:840} INFO - DAG(s) 'example_trigger_target_dag' retrieved from /home/airflow/.local/lib/python3.8/site-packages/airflow/example_dags/example_trigger_target_dag.py
[2025-03-27T16:39:11.353+0000] {logging_mixin.py:188} INFO - [2025-03-27T16:39:11.352+0000] {dag.py:3036} INFO - Sync 1 DAGs
[2025-03-27T16:39:11.365+0000] {logging_mixin.py:188} INFO - [2025-03-27T16:39:11.365+0000] {dag.py:3823} INFO - Setting next_dagrun for example_trigger_target_dag to None, run_after=None
[2025-03-27T16:39:11.382+0000] {processor.py:183} INFO - Processing /home/airflow/.local/lib/python3.8/site-packages/airflow/example_dags/example_trigger_target_dag.py took 0.057 seconds
[2025-03-27T16:39:41.629+0000] {processor.py:161} INFO - Started process (PID=6459) to work on /home/airflow/.local/lib/python3.8/site-packages/airflow/example_dags/example_trigger_target_dag.py
[2025-03-27T16:39:41.630+0000] {processor.py:830} INFO - Processing file /home/airflow/.local/lib/python3.8/site-packages/airflow/example_dags/example_trigger_target_dag.py for tasks to queue
[2025-03-27T16:39:41.631+0000] {logging_mixin.py:188} INFO - [2025-03-27T16:39:41.631+0000] {dagbag.py:538} INFO - Filling up the DagBag from /home/airflow/.local/lib/python3.8/site-packages/airflow/example_dags/example_trigger_target_dag.py
[2025-03-27T16:39:41.637+0000] {processor.py:840} INFO - DAG(s) 'example_trigger_target_dag' retrieved from /home/airflow/.local/lib/python3.8/site-packages/airflow/example_dags/example_trigger_target_dag.py
[2025-03-27T16:39:41.658+0000] {logging_mixin.py:188} INFO - [2025-03-27T16:39:41.658+0000] {dag.py:3036} INFO - Sync 1 DAGs
[2025-03-27T16:39:41.670+0000] {logging_mixin.py:188} INFO - [2025-03-27T16:39:41.670+0000] {dag.py:3823} INFO - Setting next_dagrun for example_trigger_target_dag to None, run_after=None
[2025-03-27T16:39:41.688+0000] {processor.py:183} INFO - Processing /home/airflow/.local/lib/python3.8/site-packages/airflow/example_dags/example_trigger_target_dag.py took 0.062 seconds
[2025-03-27T16:40:11.853+0000] {processor.py:161} INFO - Started process (PID=6714) to work on /home/airflow/.local/lib/python3.8/site-packages/airflow/example_dags/example_trigger_target_dag.py
[2025-03-27T16:40:11.855+0000] {processor.py:830} INFO - Processing file /home/airflow/.local/lib/python3.8/site-packages/airflow/example_dags/example_trigger_target_dag.py for tasks to queue
[2025-03-27T16:40:11.856+0000] {logging_mixin.py:188} INFO - [2025-03-27T16:40:11.856+0000] {dagbag.py:538} INFO - Filling up the DagBag from /home/airflow/.local/lib/python3.8/site-packages/airflow/example_dags/example_trigger_target_dag.py
[2025-03-27T16:40:11.864+0000] {processor.py:840} INFO - DAG(s) 'example_trigger_target_dag' retrieved from /home/airflow/.local/lib/python3.8/site-packages/airflow/example_dags/example_trigger_target_dag.py
[2025-03-27T16:40:11.895+0000] {logging_mixin.py:188} INFO - [2025-03-27T16:40:11.895+0000] {dag.py:3036} INFO - Sync 1 DAGs
[2025-03-27T16:40:11.912+0000] {logging_mixin.py:188} INFO - [2025-03-27T16:40:11.911+0000] {dag.py:3823} INFO - Setting next_dagrun for example_trigger_target_dag to None, run_after=None
[2025-03-27T16:40:11.941+0000] {processor.py:183} INFO - Processing /home/airflow/.local/lib/python3.8/site-packages/airflow/example_dags/example_trigger_target_dag.py took 0.091 seconds
[2025-03-27T16:40:42.094+0000] {processor.py:161} INFO - Started process (PID=6966) to work on /home/airflow/.local/lib/python3.8/site-packages/airflow/example_dags/example_trigger_target_dag.py
[2025-03-27T16:40:42.096+0000] {processor.py:830} INFO - Processing file /home/airflow/.local/lib/python3.8/site-packages/airflow/example_dags/example_trigger_target_dag.py for tasks to queue
[2025-03-27T16:40:42.097+0000] {logging_mixin.py:188} INFO - [2025-03-27T16:40:42.096+0000] {dagbag.py:538} INFO - Filling up the DagBag from /home/airflow/.local/lib/python3.8/site-packages/airflow/example_dags/example_trigger_target_dag.py
[2025-03-27T16:40:42.104+0000] {processor.py:840} INFO - DAG(s) 'example_trigger_target_dag' retrieved from /home/airflow/.local/lib/python3.8/site-packages/airflow/example_dags/example_trigger_target_dag.py
[2025-03-27T16:40:42.136+0000] {logging_mixin.py:188} INFO - [2025-03-27T16:40:42.135+0000] {dag.py:3036} INFO - Sync 1 DAGs
[2025-03-27T16:40:42.154+0000] {logging_mixin.py:188} INFO - [2025-03-27T16:40:42.154+0000] {dag.py:3823} INFO - Setting next_dagrun for example_trigger_target_dag to None, run_after=None
[2025-03-27T16:40:42.184+0000] {processor.py:183} INFO - Processing /home/airflow/.local/lib/python3.8/site-packages/airflow/example_dags/example_trigger_target_dag.py took 0.093 seconds
[2025-03-27T16:41:12.262+0000] {processor.py:161} INFO - Started process (PID=7223) to work on /home/airflow/.local/lib/python3.8/site-packages/airflow/example_dags/example_trigger_target_dag.py
[2025-03-27T16:41:12.263+0000] {processor.py:830} INFO - Processing file /home/airflow/.local/lib/python3.8/site-packages/airflow/example_dags/example_trigger_target_dag.py for tasks to queue
[2025-03-27T16:41:12.264+0000] {logging_mixin.py:188} INFO - [2025-03-27T16:41:12.263+0000] {dagbag.py:538} INFO - Filling up the DagBag from /home/airflow/.local/lib/python3.8/site-packages/airflow/example_dags/example_trigger_target_dag.py
[2025-03-27T16:41:12.272+0000] {processor.py:840} INFO - DAG(s) 'example_trigger_target_dag' retrieved from /home/airflow/.local/lib/python3.8/site-packages/airflow/example_dags/example_trigger_target_dag.py
[2025-03-27T16:41:12.293+0000] {logging_mixin.py:188} INFO - [2025-03-27T16:41:12.293+0000] {dag.py:3036} INFO - Sync 1 DAGs
[2025-03-27T16:41:12.306+0000] {logging_mixin.py:188} INFO - [2025-03-27T16:41:12.305+0000] {dag.py:3823} INFO - Setting next_dagrun for example_trigger_target_dag to None, run_after=None
[2025-03-27T16:41:12.326+0000] {processor.py:183} INFO - Processing /home/airflow/.local/lib/python3.8/site-packages/airflow/example_dags/example_trigger_target_dag.py took 0.068 seconds
[2025-03-27T16:41:42.424+0000] {processor.py:161} INFO - Started process (PID=7480) to work on /home/airflow/.local/lib/python3.8/site-packages/airflow/example_dags/example_trigger_target_dag.py
[2025-03-27T16:41:42.425+0000] {processor.py:830} INFO - Processing file /home/airflow/.local/lib/python3.8/site-packages/airflow/example_dags/example_trigger_target_dag.py for tasks to queue
[2025-03-27T16:41:42.426+0000] {logging_mixin.py:188} INFO - [2025-03-27T16:41:42.426+0000] {dagbag.py:538} INFO - Filling up the DagBag from /home/airflow/.local/lib/python3.8/site-packages/airflow/example_dags/example_trigger_target_dag.py
[2025-03-27T16:41:42.434+0000] {processor.py:840} INFO - DAG(s) 'example_trigger_target_dag' retrieved from /home/airflow/.local/lib/python3.8/site-packages/airflow/example_dags/example_trigger_target_dag.py
[2025-03-27T16:41:42.453+0000] {logging_mixin.py:188} INFO - [2025-03-27T16:41:42.453+0000] {dag.py:3036} INFO - Sync 1 DAGs
[2025-03-27T16:41:42.464+0000] {logging_mixin.py:188} INFO - [2025-03-27T16:41:42.464+0000] {dag.py:3823} INFO - Setting next_dagrun for example_trigger_target_dag to None, run_after=None
[2025-03-27T16:41:42.480+0000] {processor.py:183} INFO - Processing /home/airflow/.local/lib/python3.8/site-packages/airflow/example_dags/example_trigger_target_dag.py took 0.059 seconds
[2025-03-27T16:42:12.781+0000] {processor.py:161} INFO - Started process (PID=7732) to work on /home/airflow/.local/lib/python3.8/site-packages/airflow/example_dags/example_trigger_target_dag.py
[2025-03-27T16:42:12.782+0000] {processor.py:830} INFO - Processing file /home/airflow/.local/lib/python3.8/site-packages/airflow/example_dags/example_trigger_target_dag.py for tasks to queue
[2025-03-27T16:42:12.782+0000] {logging_mixin.py:188} INFO - [2025-03-27T16:42:12.782+0000] {dagbag.py:538} INFO - Filling up the DagBag from /home/airflow/.local/lib/python3.8/site-packages/airflow/example_dags/example_trigger_target_dag.py
[2025-03-27T16:42:12.787+0000] {processor.py:840} INFO - DAG(s) 'example_trigger_target_dag' retrieved from /home/airflow/.local/lib/python3.8/site-packages/airflow/example_dags/example_trigger_target_dag.py
[2025-03-27T16:42:12.804+0000] {logging_mixin.py:188} INFO - [2025-03-27T16:42:12.804+0000] {dag.py:3036} INFO - Sync 1 DAGs
[2025-03-27T16:42:12.815+0000] {logging_mixin.py:188} INFO - [2025-03-27T16:42:12.815+0000] {dag.py:3823} INFO - Setting next_dagrun for example_trigger_target_dag to None, run_after=None
[2025-03-27T16:42:12.830+0000] {processor.py:183} INFO - Processing /home/airflow/.local/lib/python3.8/site-packages/airflow/example_dags/example_trigger_target_dag.py took 0.052 seconds
[2025-03-27T16:42:42.972+0000] {processor.py:161} INFO - Started process (PID=7984) to work on /home/airflow/.local/lib/python3.8/site-packages/airflow/example_dags/example_trigger_target_dag.py
[2025-03-27T16:42:42.973+0000] {processor.py:830} INFO - Processing file /home/airflow/.local/lib/python3.8/site-packages/airflow/example_dags/example_trigger_target_dag.py for tasks to queue
[2025-03-27T16:42:42.974+0000] {logging_mixin.py:188} INFO - [2025-03-27T16:42:42.973+0000] {dagbag.py:538} INFO - Filling up the DagBag from /home/airflow/.local/lib/python3.8/site-packages/airflow/example_dags/example_trigger_target_dag.py
[2025-03-27T16:42:42.979+0000] {processor.py:840} INFO - DAG(s) 'example_trigger_target_dag' retrieved from /home/airflow/.local/lib/python3.8/site-packages/airflow/example_dags/example_trigger_target_dag.py
[2025-03-27T16:42:42.998+0000] {logging_mixin.py:188} INFO - [2025-03-27T16:42:42.998+0000] {dag.py:3036} INFO - Sync 1 DAGs
[2025-03-27T16:42:43.011+0000] {logging_mixin.py:188} INFO - [2025-03-27T16:42:43.011+0000] {dag.py:3823} INFO - Setting next_dagrun for example_trigger_target_dag to None, run_after=None
[2025-03-27T16:42:43.029+0000] {processor.py:183} INFO - Processing /home/airflow/.local/lib/python3.8/site-packages/airflow/example_dags/example_trigger_target_dag.py took 0.060 seconds
[2025-03-27T16:43:13.104+0000] {processor.py:161} INFO - Started process (PID=8246) to work on /home/airflow/.local/lib/python3.8/site-packages/airflow/example_dags/example_trigger_target_dag.py
[2025-03-27T16:43:13.105+0000] {processor.py:830} INFO - Processing file /home/airflow/.local/lib/python3.8/site-packages/airflow/example_dags/example_trigger_target_dag.py for tasks to queue
[2025-03-27T16:43:13.106+0000] {logging_mixin.py:188} INFO - [2025-03-27T16:43:13.106+0000] {dagbag.py:538} INFO - Filling up the DagBag from /home/airflow/.local/lib/python3.8/site-packages/airflow/example_dags/example_trigger_target_dag.py
[2025-03-27T16:43:13.112+0000] {processor.py:840} INFO - DAG(s) 'example_trigger_target_dag' retrieved from /home/airflow/.local/lib/python3.8/site-packages/airflow/example_dags/example_trigger_target_dag.py
[2025-03-27T16:43:13.131+0000] {logging_mixin.py:188} INFO - [2025-03-27T16:43:13.130+0000] {dag.py:3036} INFO - Sync 1 DAGs
[2025-03-27T16:43:13.142+0000] {logging_mixin.py:188} INFO - [2025-03-27T16:43:13.142+0000] {dag.py:3823} INFO - Setting next_dagrun for example_trigger_target_dag to None, run_after=None
[2025-03-27T16:43:13.161+0000] {processor.py:183} INFO - Processing /home/airflow/.local/lib/python3.8/site-packages/airflow/example_dags/example_trigger_target_dag.py took 0.060 seconds
[2025-03-27T16:43:43.295+0000] {processor.py:161} INFO - Started process (PID=8562) to work on /home/airflow/.local/lib/python3.8/site-packages/airflow/example_dags/example_trigger_target_dag.py
[2025-03-27T16:43:43.296+0000] {processor.py:830} INFO - Processing file /home/airflow/.local/lib/python3.8/site-packages/airflow/example_dags/example_trigger_target_dag.py for tasks to queue
[2025-03-27T16:43:43.297+0000] {logging_mixin.py:188} INFO - [2025-03-27T16:43:43.296+0000] {dagbag.py:538} INFO - Filling up the DagBag from /home/airflow/.local/lib/python3.8/site-packages/airflow/example_dags/example_trigger_target_dag.py
[2025-03-27T16:43:43.302+0000] {processor.py:840} INFO - DAG(s) 'example_trigger_target_dag' retrieved from /home/airflow/.local/lib/python3.8/site-packages/airflow/example_dags/example_trigger_target_dag.py
[2025-03-27T16:43:43.323+0000] {logging_mixin.py:188} INFO - [2025-03-27T16:43:43.323+0000] {dag.py:3036} INFO - Sync 1 DAGs
[2025-03-27T16:43:43.338+0000] {logging_mixin.py:188} INFO - [2025-03-27T16:43:43.338+0000] {dag.py:3823} INFO - Setting next_dagrun for example_trigger_target_dag to None, run_after=None
[2025-03-27T16:43:43.359+0000] {processor.py:183} INFO - Processing /home/airflow/.local/lib/python3.8/site-packages/airflow/example_dags/example_trigger_target_dag.py took 0.068 seconds
[2025-03-27T16:44:13.513+0000] {processor.py:161} INFO - Started process (PID=8814) to work on /home/airflow/.local/lib/python3.8/site-packages/airflow/example_dags/example_trigger_target_dag.py
[2025-03-27T16:44:13.514+0000] {processor.py:830} INFO - Processing file /home/airflow/.local/lib/python3.8/site-packages/airflow/example_dags/example_trigger_target_dag.py for tasks to queue
[2025-03-27T16:44:13.515+0000] {logging_mixin.py:188} INFO - [2025-03-27T16:44:13.514+0000] {dagbag.py:538} INFO - Filling up the DagBag from /home/airflow/.local/lib/python3.8/site-packages/airflow/example_dags/example_trigger_target_dag.py
[2025-03-27T16:44:13.521+0000] {processor.py:840} INFO - DAG(s) 'example_trigger_target_dag' retrieved from /home/airflow/.local/lib/python3.8/site-packages/airflow/example_dags/example_trigger_target_dag.py
[2025-03-27T16:44:13.541+0000] {logging_mixin.py:188} INFO - [2025-03-27T16:44:13.541+0000] {dag.py:3036} INFO - Sync 1 DAGs
[2025-03-27T16:44:13.553+0000] {logging_mixin.py:188} INFO - [2025-03-27T16:44:13.553+0000] {dag.py:3823} INFO - Setting next_dagrun for example_trigger_target_dag to None, run_after=None
[2025-03-27T16:44:13.572+0000] {processor.py:183} INFO - Processing /home/airflow/.local/lib/python3.8/site-packages/airflow/example_dags/example_trigger_target_dag.py took 0.062 seconds
[2025-03-27T16:44:43.993+0000] {processor.py:161} INFO - Started process (PID=9081) to work on /home/airflow/.local/lib/python3.8/site-packages/airflow/example_dags/example_trigger_target_dag.py
[2025-03-27T16:44:43.994+0000] {processor.py:830} INFO - Processing file /home/airflow/.local/lib/python3.8/site-packages/airflow/example_dags/example_trigger_target_dag.py for tasks to queue
[2025-03-27T16:44:43.994+0000] {logging_mixin.py:188} INFO - [2025-03-27T16:44:43.994+0000] {dagbag.py:538} INFO - Filling up the DagBag from /home/airflow/.local/lib/python3.8/site-packages/airflow/example_dags/example_trigger_target_dag.py
[2025-03-27T16:44:44.000+0000] {processor.py:840} INFO - DAG(s) 'example_trigger_target_dag' retrieved from /home/airflow/.local/lib/python3.8/site-packages/airflow/example_dags/example_trigger_target_dag.py
[2025-03-27T16:44:44.018+0000] {logging_mixin.py:188} INFO - [2025-03-27T16:44:44.018+0000] {dag.py:3036} INFO - Sync 1 DAGs
[2025-03-27T16:44:44.030+0000] {logging_mixin.py:188} INFO - [2025-03-27T16:44:44.030+0000] {dag.py:3823} INFO - Setting next_dagrun for example_trigger_target_dag to None, run_after=None
[2025-03-27T16:44:44.049+0000] {processor.py:183} INFO - Processing /home/airflow/.local/lib/python3.8/site-packages/airflow/example_dags/example_trigger_target_dag.py took 0.059 seconds
[2025-03-27T16:45:14.120+0000] {processor.py:161} INFO - Started process (PID=9333) to work on /home/airflow/.local/lib/python3.8/site-packages/airflow/example_dags/example_trigger_target_dag.py
[2025-03-27T16:45:14.121+0000] {processor.py:830} INFO - Processing file /home/airflow/.local/lib/python3.8/site-packages/airflow/example_dags/example_trigger_target_dag.py for tasks to queue
[2025-03-27T16:45:14.122+0000] {logging_mixin.py:188} INFO - [2025-03-27T16:45:14.122+0000] {dagbag.py:538} INFO - Filling up the DagBag from /home/airflow/.local/lib/python3.8/site-packages/airflow/example_dags/example_trigger_target_dag.py
[2025-03-27T16:45:14.127+0000] {processor.py:840} INFO - DAG(s) 'example_trigger_target_dag' retrieved from /home/airflow/.local/lib/python3.8/site-packages/airflow/example_dags/example_trigger_target_dag.py
[2025-03-27T16:45:14.147+0000] {logging_mixin.py:188} INFO - [2025-03-27T16:45:14.146+0000] {dag.py:3036} INFO - Sync 1 DAGs
[2025-03-27T16:45:14.158+0000] {logging_mixin.py:188} INFO - [2025-03-27T16:45:14.158+0000] {dag.py:3823} INFO - Setting next_dagrun for example_trigger_target_dag to None, run_after=None
[2025-03-27T16:45:14.175+0000] {processor.py:183} INFO - Processing /home/airflow/.local/lib/python3.8/site-packages/airflow/example_dags/example_trigger_target_dag.py took 0.059 seconds
[2025-03-27T16:45:45.767+0000] {processor.py:161} INFO - Started process (PID=9858) to work on /home/airflow/.local/lib/python3.8/site-packages/airflow/example_dags/example_trigger_target_dag.py
[2025-03-27T16:45:45.778+0000] {processor.py:830} INFO - Processing file /home/airflow/.local/lib/python3.8/site-packages/airflow/example_dags/example_trigger_target_dag.py for tasks to queue
[2025-03-27T16:45:45.780+0000] {logging_mixin.py:188} INFO - [2025-03-27T16:45:45.780+0000] {dagbag.py:538} INFO - Filling up the DagBag from /home/airflow/.local/lib/python3.8/site-packages/airflow/example_dags/example_trigger_target_dag.py
[2025-03-27T16:45:45.799+0000] {processor.py:840} INFO - DAG(s) 'example_trigger_target_dag' retrieved from /home/airflow/.local/lib/python3.8/site-packages/airflow/example_dags/example_trigger_target_dag.py
[2025-03-27T16:45:45.854+0000] {logging_mixin.py:188} INFO - [2025-03-27T16:45:45.854+0000] {dag.py:3036} INFO - Sync 1 DAGs
[2025-03-27T16:45:45.896+0000] {logging_mixin.py:188} INFO - [2025-03-27T16:45:45.896+0000] {dag.py:3823} INFO - Setting next_dagrun for example_trigger_target_dag to None, run_after=None
[2025-03-27T16:45:45.951+0000] {processor.py:183} INFO - Processing /home/airflow/.local/lib/python3.8/site-packages/airflow/example_dags/example_trigger_target_dag.py took 0.190 seconds
[2025-03-27T16:46:16.463+0000] {processor.py:161} INFO - Started process (PID=10486) to work on /home/airflow/.local/lib/python3.8/site-packages/airflow/example_dags/example_trigger_target_dag.py
[2025-03-27T16:46:16.472+0000] {processor.py:830} INFO - Processing file /home/airflow/.local/lib/python3.8/site-packages/airflow/example_dags/example_trigger_target_dag.py for tasks to queue
[2025-03-27T16:46:16.475+0000] {logging_mixin.py:188} INFO - [2025-03-27T16:46:16.474+0000] {dagbag.py:538} INFO - Filling up the DagBag from /home/airflow/.local/lib/python3.8/site-packages/airflow/example_dags/example_trigger_target_dag.py
[2025-03-27T16:46:16.489+0000] {processor.py:840} INFO - DAG(s) 'example_trigger_target_dag' retrieved from /home/airflow/.local/lib/python3.8/site-packages/airflow/example_dags/example_trigger_target_dag.py
[2025-03-27T16:46:16.527+0000] {logging_mixin.py:188} INFO - [2025-03-27T16:46:16.526+0000] {dag.py:3036} INFO - Sync 1 DAGs
[2025-03-27T16:46:16.550+0000] {logging_mixin.py:188} INFO - [2025-03-27T16:46:16.550+0000] {dag.py:3823} INFO - Setting next_dagrun for example_trigger_target_dag to None, run_after=None
[2025-03-27T16:46:16.584+0000] {processor.py:183} INFO - Processing /home/airflow/.local/lib/python3.8/site-packages/airflow/example_dags/example_trigger_target_dag.py took 0.127 seconds
[2025-03-27T16:46:47.063+0000] {processor.py:161} INFO - Started process (PID=11185) to work on /home/airflow/.local/lib/python3.8/site-packages/airflow/example_dags/example_trigger_target_dag.py
[2025-03-27T16:46:47.067+0000] {processor.py:830} INFO - Processing file /home/airflow/.local/lib/python3.8/site-packages/airflow/example_dags/example_trigger_target_dag.py for tasks to queue
[2025-03-27T16:46:47.069+0000] {logging_mixin.py:188} INFO - [2025-03-27T16:46:47.068+0000] {dagbag.py:538} INFO - Filling up the DagBag from /home/airflow/.local/lib/python3.8/site-packages/airflow/example_dags/example_trigger_target_dag.py
[2025-03-27T16:46:47.094+0000] {processor.py:840} INFO - DAG(s) 'example_trigger_target_dag' retrieved from /home/airflow/.local/lib/python3.8/site-packages/airflow/example_dags/example_trigger_target_dag.py
[2025-03-27T16:46:47.145+0000] {logging_mixin.py:188} INFO - [2025-03-27T16:46:47.145+0000] {dag.py:3036} INFO - Sync 1 DAGs
[2025-03-27T16:46:47.181+0000] {logging_mixin.py:188} INFO - [2025-03-27T16:46:47.181+0000] {dag.py:3823} INFO - Setting next_dagrun for example_trigger_target_dag to None, run_after=None
[2025-03-27T16:46:47.228+0000] {processor.py:183} INFO - Processing /home/airflow/.local/lib/python3.8/site-packages/airflow/example_dags/example_trigger_target_dag.py took 0.172 seconds
[2025-03-27T16:47:17.680+0000] {processor.py:161} INFO - Started process (PID=11895) to work on /home/airflow/.local/lib/python3.8/site-packages/airflow/example_dags/example_trigger_target_dag.py
[2025-03-27T16:47:17.682+0000] {processor.py:830} INFO - Processing file /home/airflow/.local/lib/python3.8/site-packages/airflow/example_dags/example_trigger_target_dag.py for tasks to queue
[2025-03-27T16:47:17.684+0000] {logging_mixin.py:188} INFO - [2025-03-27T16:47:17.683+0000] {dagbag.py:538} INFO - Filling up the DagBag from /home/airflow/.local/lib/python3.8/site-packages/airflow/example_dags/example_trigger_target_dag.py
[2025-03-27T16:47:17.691+0000] {processor.py:840} INFO - DAG(s) 'example_trigger_target_dag' retrieved from /home/airflow/.local/lib/python3.8/site-packages/airflow/example_dags/example_trigger_target_dag.py
[2025-03-27T16:47:17.720+0000] {logging_mixin.py:188} INFO - [2025-03-27T16:47:17.720+0000] {dag.py:3036} INFO - Sync 1 DAGs
[2025-03-27T16:47:17.737+0000] {logging_mixin.py:188} INFO - [2025-03-27T16:47:17.736+0000] {dag.py:3823} INFO - Setting next_dagrun for example_trigger_target_dag to None, run_after=None
[2025-03-27T16:47:17.759+0000] {processor.py:183} INFO - Processing /home/airflow/.local/lib/python3.8/site-packages/airflow/example_dags/example_trigger_target_dag.py took 0.083 seconds
[2025-03-27T16:47:47.893+0000] {processor.py:161} INFO - Started process (PID=12545) to work on /home/airflow/.local/lib/python3.8/site-packages/airflow/example_dags/example_trigger_target_dag.py
[2025-03-27T16:47:47.894+0000] {processor.py:830} INFO - Processing file /home/airflow/.local/lib/python3.8/site-packages/airflow/example_dags/example_trigger_target_dag.py for tasks to queue
[2025-03-27T16:47:47.896+0000] {logging_mixin.py:188} INFO - [2025-03-27T16:47:47.896+0000] {dagbag.py:538} INFO - Filling up the DagBag from /home/airflow/.local/lib/python3.8/site-packages/airflow/example_dags/example_trigger_target_dag.py
[2025-03-27T16:47:47.904+0000] {processor.py:840} INFO - DAG(s) 'example_trigger_target_dag' retrieved from /home/airflow/.local/lib/python3.8/site-packages/airflow/example_dags/example_trigger_target_dag.py
[2025-03-27T16:47:47.933+0000] {logging_mixin.py:188} INFO - [2025-03-27T16:47:47.933+0000] {dag.py:3036} INFO - Sync 1 DAGs
[2025-03-27T16:47:47.952+0000] {logging_mixin.py:188} INFO - [2025-03-27T16:47:47.951+0000] {dag.py:3823} INFO - Setting next_dagrun for example_trigger_target_dag to None, run_after=None
[2025-03-27T16:47:47.989+0000] {processor.py:183} INFO - Processing /home/airflow/.local/lib/python3.8/site-packages/airflow/example_dags/example_trigger_target_dag.py took 0.101 seconds
[2025-03-27T16:48:18.640+0000] {processor.py:161} INFO - Started process (PID=13241) to work on /home/airflow/.local/lib/python3.8/site-packages/airflow/example_dags/example_trigger_target_dag.py
[2025-03-27T16:48:18.646+0000] {processor.py:830} INFO - Processing file /home/airflow/.local/lib/python3.8/site-packages/airflow/example_dags/example_trigger_target_dag.py for tasks to queue
[2025-03-27T16:48:18.649+0000] {logging_mixin.py:188} INFO - [2025-03-27T16:48:18.648+0000] {dagbag.py:538} INFO - Filling up the DagBag from /home/airflow/.local/lib/python3.8/site-packages/airflow/example_dags/example_trigger_target_dag.py
[2025-03-27T16:48:18.663+0000] {processor.py:840} INFO - DAG(s) 'example_trigger_target_dag' retrieved from /home/airflow/.local/lib/python3.8/site-packages/airflow/example_dags/example_trigger_target_dag.py
[2025-03-27T16:48:18.715+0000] {logging_mixin.py:188} INFO - [2025-03-27T16:48:18.715+0000] {dag.py:3036} INFO - Sync 1 DAGs
[2025-03-27T16:48:18.750+0000] {logging_mixin.py:188} INFO - [2025-03-27T16:48:18.750+0000] {dag.py:3823} INFO - Setting next_dagrun for example_trigger_target_dag to None, run_after=None
[2025-03-27T16:48:18.794+0000] {processor.py:183} INFO - Processing /home/airflow/.local/lib/python3.8/site-packages/airflow/example_dags/example_trigger_target_dag.py took 0.161 seconds
[2025-03-27T16:48:49.697+0000] {processor.py:161} INFO - Started process (PID=13946) to work on /home/airflow/.local/lib/python3.8/site-packages/airflow/example_dags/example_trigger_target_dag.py
[2025-03-27T16:48:49.702+0000] {processor.py:830} INFO - Processing file /home/airflow/.local/lib/python3.8/site-packages/airflow/example_dags/example_trigger_target_dag.py for tasks to queue
[2025-03-27T16:48:49.705+0000] {logging_mixin.py:188} INFO - [2025-03-27T16:48:49.704+0000] {dagbag.py:538} INFO - Filling up the DagBag from /home/airflow/.local/lib/python3.8/site-packages/airflow/example_dags/example_trigger_target_dag.py
[2025-03-27T16:48:49.721+0000] {processor.py:840} INFO - DAG(s) 'example_trigger_target_dag' retrieved from /home/airflow/.local/lib/python3.8/site-packages/airflow/example_dags/example_trigger_target_dag.py
[2025-03-27T16:48:49.779+0000] {logging_mixin.py:188} INFO - [2025-03-27T16:48:49.778+0000] {dag.py:3036} INFO - Sync 1 DAGs
[2025-03-27T16:48:49.803+0000] {logging_mixin.py:188} INFO - [2025-03-27T16:48:49.803+0000] {dag.py:3823} INFO - Setting next_dagrun for example_trigger_target_dag to None, run_after=None
[2025-03-27T16:48:49.882+0000] {processor.py:183} INFO - Processing /home/airflow/.local/lib/python3.8/site-packages/airflow/example_dags/example_trigger_target_dag.py took 0.192 seconds
[2025-03-27T16:49:20.553+0000] {processor.py:161} INFO - Started process (PID=14626) to work on /home/airflow/.local/lib/python3.8/site-packages/airflow/example_dags/example_trigger_target_dag.py
[2025-03-27T16:49:20.555+0000] {processor.py:830} INFO - Processing file /home/airflow/.local/lib/python3.8/site-packages/airflow/example_dags/example_trigger_target_dag.py for tasks to queue
[2025-03-27T16:49:20.556+0000] {logging_mixin.py:188} INFO - [2025-03-27T16:49:20.556+0000] {dagbag.py:538} INFO - Filling up the DagBag from /home/airflow/.local/lib/python3.8/site-packages/airflow/example_dags/example_trigger_target_dag.py
[2025-03-27T16:49:20.563+0000] {processor.py:840} INFO - DAG(s) 'example_trigger_target_dag' retrieved from /home/airflow/.local/lib/python3.8/site-packages/airflow/example_dags/example_trigger_target_dag.py
[2025-03-27T16:49:20.587+0000] {logging_mixin.py:188} INFO - [2025-03-27T16:49:20.587+0000] {dag.py:3036} INFO - Sync 1 DAGs
[2025-03-27T16:49:20.604+0000] {logging_mixin.py:188} INFO - [2025-03-27T16:49:20.604+0000] {dag.py:3823} INFO - Setting next_dagrun for example_trigger_target_dag to None, run_after=None
[2025-03-27T16:49:20.626+0000] {processor.py:183} INFO - Processing /home/airflow/.local/lib/python3.8/site-packages/airflow/example_dags/example_trigger_target_dag.py took 0.076 seconds
[2025-03-27T16:49:50.812+0000] {processor.py:161} INFO - Started process (PID=15310) to work on /home/airflow/.local/lib/python3.8/site-packages/airflow/example_dags/example_trigger_target_dag.py
[2025-03-27T16:49:50.814+0000] {processor.py:830} INFO - Processing file /home/airflow/.local/lib/python3.8/site-packages/airflow/example_dags/example_trigger_target_dag.py for tasks to queue
[2025-03-27T16:49:50.816+0000] {logging_mixin.py:188} INFO - [2025-03-27T16:49:50.815+0000] {dagbag.py:538} INFO - Filling up the DagBag from /home/airflow/.local/lib/python3.8/site-packages/airflow/example_dags/example_trigger_target_dag.py
[2025-03-27T16:49:50.827+0000] {processor.py:840} INFO - DAG(s) 'example_trigger_target_dag' retrieved from /home/airflow/.local/lib/python3.8/site-packages/airflow/example_dags/example_trigger_target_dag.py
[2025-03-27T16:49:50.866+0000] {logging_mixin.py:188} INFO - [2025-03-27T16:49:50.866+0000] {dag.py:3036} INFO - Sync 1 DAGs
[2025-03-27T16:49:50.893+0000] {logging_mixin.py:188} INFO - [2025-03-27T16:49:50.892+0000] {dag.py:3823} INFO - Setting next_dagrun for example_trigger_target_dag to None, run_after=None
[2025-03-27T16:49:50.967+0000] {processor.py:183} INFO - Processing /home/airflow/.local/lib/python3.8/site-packages/airflow/example_dags/example_trigger_target_dag.py took 0.161 seconds
[2025-03-27T16:50:21.290+0000] {processor.py:161} INFO - Started process (PID=16008) to work on /home/airflow/.local/lib/python3.8/site-packages/airflow/example_dags/example_trigger_target_dag.py
[2025-03-27T16:50:21.292+0000] {processor.py:830} INFO - Processing file /home/airflow/.local/lib/python3.8/site-packages/airflow/example_dags/example_trigger_target_dag.py for tasks to queue
[2025-03-27T16:50:21.293+0000] {logging_mixin.py:188} INFO - [2025-03-27T16:50:21.293+0000] {dagbag.py:538} INFO - Filling up the DagBag from /home/airflow/.local/lib/python3.8/site-packages/airflow/example_dags/example_trigger_target_dag.py
[2025-03-27T16:50:21.304+0000] {processor.py:840} INFO - DAG(s) 'example_trigger_target_dag' retrieved from /home/airflow/.local/lib/python3.8/site-packages/airflow/example_dags/example_trigger_target_dag.py
[2025-03-27T16:50:21.340+0000] {logging_mixin.py:188} INFO - [2025-03-27T16:50:21.339+0000] {dag.py:3036} INFO - Sync 1 DAGs
[2025-03-27T16:50:21.370+0000] {logging_mixin.py:188} INFO - [2025-03-27T16:50:21.369+0000] {dag.py:3823} INFO - Setting next_dagrun for example_trigger_target_dag to None, run_after=None
[2025-03-27T16:50:21.417+0000] {processor.py:183} INFO - Processing /home/airflow/.local/lib/python3.8/site-packages/airflow/example_dags/example_trigger_target_dag.py took 0.131 seconds
[2025-03-27T16:50:51.801+0000] {processor.py:161} INFO - Started process (PID=16704) to work on /home/airflow/.local/lib/python3.8/site-packages/airflow/example_dags/example_trigger_target_dag.py
[2025-03-27T16:50:51.802+0000] {processor.py:830} INFO - Processing file /home/airflow/.local/lib/python3.8/site-packages/airflow/example_dags/example_trigger_target_dag.py for tasks to queue
[2025-03-27T16:50:51.804+0000] {logging_mixin.py:188} INFO - [2025-03-27T16:50:51.803+0000] {dagbag.py:538} INFO - Filling up the DagBag from /home/airflow/.local/lib/python3.8/site-packages/airflow/example_dags/example_trigger_target_dag.py
[2025-03-27T16:50:51.813+0000] {processor.py:840} INFO - DAG(s) 'example_trigger_target_dag' retrieved from /home/airflow/.local/lib/python3.8/site-packages/airflow/example_dags/example_trigger_target_dag.py
[2025-03-27T16:50:51.846+0000] {logging_mixin.py:188} INFO - [2025-03-27T16:50:51.845+0000] {dag.py:3036} INFO - Sync 1 DAGs
[2025-03-27T16:50:51.866+0000] {logging_mixin.py:188} INFO - [2025-03-27T16:50:51.866+0000] {dag.py:3823} INFO - Setting next_dagrun for example_trigger_target_dag to None, run_after=None
[2025-03-27T16:50:51.900+0000] {processor.py:183} INFO - Processing /home/airflow/.local/lib/python3.8/site-packages/airflow/example_dags/example_trigger_target_dag.py took 0.104 seconds
[2025-03-27T16:51:22.117+0000] {processor.py:161} INFO - Started process (PID=17353) to work on /home/airflow/.local/lib/python3.8/site-packages/airflow/example_dags/example_trigger_target_dag.py
[2025-03-27T16:51:22.118+0000] {processor.py:830} INFO - Processing file /home/airflow/.local/lib/python3.8/site-packages/airflow/example_dags/example_trigger_target_dag.py for tasks to queue
[2025-03-27T16:51:22.119+0000] {logging_mixin.py:188} INFO - [2025-03-27T16:51:22.118+0000] {dagbag.py:538} INFO - Filling up the DagBag from /home/airflow/.local/lib/python3.8/site-packages/airflow/example_dags/example_trigger_target_dag.py
[2025-03-27T16:51:22.124+0000] {processor.py:840} INFO - DAG(s) 'example_trigger_target_dag' retrieved from /home/airflow/.local/lib/python3.8/site-packages/airflow/example_dags/example_trigger_target_dag.py
[2025-03-27T16:51:22.144+0000] {logging_mixin.py:188} INFO - [2025-03-27T16:51:22.144+0000] {dag.py:3036} INFO - Sync 1 DAGs
[2025-03-27T16:51:22.157+0000] {logging_mixin.py:188} INFO - [2025-03-27T16:51:22.156+0000] {dag.py:3823} INFO - Setting next_dagrun for example_trigger_target_dag to None, run_after=None
[2025-03-27T16:51:22.174+0000] {processor.py:183} INFO - Processing /home/airflow/.local/lib/python3.8/site-packages/airflow/example_dags/example_trigger_target_dag.py took 0.060 seconds
[2025-03-27T16:51:52.326+0000] {processor.py:161} INFO - Started process (PID=17773) to work on /home/airflow/.local/lib/python3.8/site-packages/airflow/example_dags/example_trigger_target_dag.py
[2025-03-27T16:51:52.327+0000] {processor.py:830} INFO - Processing file /home/airflow/.local/lib/python3.8/site-packages/airflow/example_dags/example_trigger_target_dag.py for tasks to queue
[2025-03-27T16:51:52.328+0000] {logging_mixin.py:188} INFO - [2025-03-27T16:51:52.328+0000] {dagbag.py:538} INFO - Filling up the DagBag from /home/airflow/.local/lib/python3.8/site-packages/airflow/example_dags/example_trigger_target_dag.py
[2025-03-27T16:51:52.334+0000] {processor.py:840} INFO - DAG(s) 'example_trigger_target_dag' retrieved from /home/airflow/.local/lib/python3.8/site-packages/airflow/example_dags/example_trigger_target_dag.py
[2025-03-27T16:51:52.354+0000] {logging_mixin.py:188} INFO - [2025-03-27T16:51:52.354+0000] {dag.py:3036} INFO - Sync 1 DAGs
[2025-03-27T16:51:52.367+0000] {logging_mixin.py:188} INFO - [2025-03-27T16:51:52.367+0000] {dag.py:3823} INFO - Setting next_dagrun for example_trigger_target_dag to None, run_after=None
[2025-03-27T16:51:52.385+0000] {processor.py:183} INFO - Processing /home/airflow/.local/lib/python3.8/site-packages/airflow/example_dags/example_trigger_target_dag.py took 0.062 seconds
[2025-03-27T16:52:22.440+0000] {processor.py:161} INFO - Started process (PID=18021) to work on /home/airflow/.local/lib/python3.8/site-packages/airflow/example_dags/example_trigger_target_dag.py
[2025-03-27T16:52:22.441+0000] {processor.py:830} INFO - Processing file /home/airflow/.local/lib/python3.8/site-packages/airflow/example_dags/example_trigger_target_dag.py for tasks to queue
[2025-03-27T16:52:22.442+0000] {logging_mixin.py:188} INFO - [2025-03-27T16:52:22.442+0000] {dagbag.py:538} INFO - Filling up the DagBag from /home/airflow/.local/lib/python3.8/site-packages/airflow/example_dags/example_trigger_target_dag.py
[2025-03-27T16:52:22.447+0000] {processor.py:840} INFO - DAG(s) 'example_trigger_target_dag' retrieved from /home/airflow/.local/lib/python3.8/site-packages/airflow/example_dags/example_trigger_target_dag.py
[2025-03-27T16:52:22.464+0000] {logging_mixin.py:188} INFO - [2025-03-27T16:52:22.464+0000] {dag.py:3036} INFO - Sync 1 DAGs
[2025-03-27T16:52:22.476+0000] {logging_mixin.py:188} INFO - [2025-03-27T16:52:22.476+0000] {dag.py:3823} INFO - Setting next_dagrun for example_trigger_target_dag to None, run_after=None
[2025-03-27T16:52:22.491+0000] {processor.py:183} INFO - Processing /home/airflow/.local/lib/python3.8/site-packages/airflow/example_dags/example_trigger_target_dag.py took 0.054 seconds
[2025-03-27T16:52:53.120+0000] {processor.py:161} INFO - Started process (PID=18271) to work on /home/airflow/.local/lib/python3.8/site-packages/airflow/example_dags/example_trigger_target_dag.py
[2025-03-27T16:52:53.121+0000] {processor.py:830} INFO - Processing file /home/airflow/.local/lib/python3.8/site-packages/airflow/example_dags/example_trigger_target_dag.py for tasks to queue
[2025-03-27T16:52:53.122+0000] {logging_mixin.py:188} INFO - [2025-03-27T16:52:53.122+0000] {dagbag.py:538} INFO - Filling up the DagBag from /home/airflow/.local/lib/python3.8/site-packages/airflow/example_dags/example_trigger_target_dag.py
[2025-03-27T16:52:53.127+0000] {processor.py:840} INFO - DAG(s) 'example_trigger_target_dag' retrieved from /home/airflow/.local/lib/python3.8/site-packages/airflow/example_dags/example_trigger_target_dag.py
[2025-03-27T16:52:53.148+0000] {logging_mixin.py:188} INFO - [2025-03-27T16:52:53.147+0000] {dag.py:3036} INFO - Sync 1 DAGs
[2025-03-27T16:52:53.160+0000] {logging_mixin.py:188} INFO - [2025-03-27T16:52:53.160+0000] {dag.py:3823} INFO - Setting next_dagrun for example_trigger_target_dag to None, run_after=None
[2025-03-27T16:52:53.302+0000] {processor.py:183} INFO - Processing /home/airflow/.local/lib/python3.8/site-packages/airflow/example_dags/example_trigger_target_dag.py took 0.184 seconds
[2025-03-27T16:53:24.011+0000] {processor.py:161} INFO - Started process (PID=18523) to work on /home/airflow/.local/lib/python3.8/site-packages/airflow/example_dags/example_trigger_target_dag.py
[2025-03-27T16:53:24.012+0000] {processor.py:830} INFO - Processing file /home/airflow/.local/lib/python3.8/site-packages/airflow/example_dags/example_trigger_target_dag.py for tasks to queue
[2025-03-27T16:53:24.014+0000] {logging_mixin.py:188} INFO - [2025-03-27T16:53:24.013+0000] {dagbag.py:538} INFO - Filling up the DagBag from /home/airflow/.local/lib/python3.8/site-packages/airflow/example_dags/example_trigger_target_dag.py
[2025-03-27T16:53:24.020+0000] {processor.py:840} INFO - DAG(s) 'example_trigger_target_dag' retrieved from /home/airflow/.local/lib/python3.8/site-packages/airflow/example_dags/example_trigger_target_dag.py
[2025-03-27T16:53:24.040+0000] {logging_mixin.py:188} INFO - [2025-03-27T16:53:24.040+0000] {dag.py:3036} INFO - Sync 1 DAGs
[2025-03-27T16:53:24.052+0000] {logging_mixin.py:188} INFO - [2025-03-27T16:53:24.052+0000] {dag.py:3823} INFO - Setting next_dagrun for example_trigger_target_dag to None, run_after=None
[2025-03-27T16:53:24.072+0000] {processor.py:183} INFO - Processing /home/airflow/.local/lib/python3.8/site-packages/airflow/example_dags/example_trigger_target_dag.py took 0.064 seconds
[2025-03-27T16:53:54.110+0000] {processor.py:161} INFO - Started process (PID=18770) to work on /home/airflow/.local/lib/python3.8/site-packages/airflow/example_dags/example_trigger_target_dag.py
[2025-03-27T16:53:54.111+0000] {processor.py:830} INFO - Processing file /home/airflow/.local/lib/python3.8/site-packages/airflow/example_dags/example_trigger_target_dag.py for tasks to queue
[2025-03-27T16:53:54.112+0000] {logging_mixin.py:188} INFO - [2025-03-27T16:53:54.112+0000] {dagbag.py:538} INFO - Filling up the DagBag from /home/airflow/.local/lib/python3.8/site-packages/airflow/example_dags/example_trigger_target_dag.py
[2025-03-27T16:53:54.118+0000] {processor.py:840} INFO - DAG(s) 'example_trigger_target_dag' retrieved from /home/airflow/.local/lib/python3.8/site-packages/airflow/example_dags/example_trigger_target_dag.py
[2025-03-27T16:53:54.138+0000] {logging_mixin.py:188} INFO - [2025-03-27T16:53:54.138+0000] {dag.py:3036} INFO - Sync 1 DAGs
[2025-03-27T16:53:54.150+0000] {logging_mixin.py:188} INFO - [2025-03-27T16:53:54.150+0000] {dag.py:3823} INFO - Setting next_dagrun for example_trigger_target_dag to None, run_after=None
[2025-03-27T16:53:54.166+0000] {processor.py:183} INFO - Processing /home/airflow/.local/lib/python3.8/site-packages/airflow/example_dags/example_trigger_target_dag.py took 0.059 seconds
[2025-03-27T16:54:24.358+0000] {processor.py:161} INFO - Started process (PID=19022) to work on /home/airflow/.local/lib/python3.8/site-packages/airflow/example_dags/example_trigger_target_dag.py
[2025-03-27T16:54:24.359+0000] {processor.py:830} INFO - Processing file /home/airflow/.local/lib/python3.8/site-packages/airflow/example_dags/example_trigger_target_dag.py for tasks to queue
[2025-03-27T16:54:24.360+0000] {logging_mixin.py:188} INFO - [2025-03-27T16:54:24.360+0000] {dagbag.py:538} INFO - Filling up the DagBag from /home/airflow/.local/lib/python3.8/site-packages/airflow/example_dags/example_trigger_target_dag.py
[2025-03-27T16:54:24.366+0000] {processor.py:840} INFO - DAG(s) 'example_trigger_target_dag' retrieved from /home/airflow/.local/lib/python3.8/site-packages/airflow/example_dags/example_trigger_target_dag.py
[2025-03-27T16:54:24.384+0000] {logging_mixin.py:188} INFO - [2025-03-27T16:54:24.384+0000] {dag.py:3036} INFO - Sync 1 DAGs
[2025-03-27T16:54:24.395+0000] {logging_mixin.py:188} INFO - [2025-03-27T16:54:24.395+0000] {dag.py:3823} INFO - Setting next_dagrun for example_trigger_target_dag to None, run_after=None
[2025-03-27T16:54:24.412+0000] {processor.py:183} INFO - Processing /home/airflow/.local/lib/python3.8/site-packages/airflow/example_dags/example_trigger_target_dag.py took 0.057 seconds
[2025-03-27T16:54:54.658+0000] {processor.py:161} INFO - Started process (PID=19274) to work on /home/airflow/.local/lib/python3.8/site-packages/airflow/example_dags/example_trigger_target_dag.py
[2025-03-27T16:54:54.659+0000] {processor.py:830} INFO - Processing file /home/airflow/.local/lib/python3.8/site-packages/airflow/example_dags/example_trigger_target_dag.py for tasks to queue
[2025-03-27T16:54:54.661+0000] {logging_mixin.py:188} INFO - [2025-03-27T16:54:54.660+0000] {dagbag.py:538} INFO - Filling up the DagBag from /home/airflow/.local/lib/python3.8/site-packages/airflow/example_dags/example_trigger_target_dag.py
[2025-03-27T16:54:54.668+0000] {processor.py:840} INFO - DAG(s) 'example_trigger_target_dag' retrieved from /home/airflow/.local/lib/python3.8/site-packages/airflow/example_dags/example_trigger_target_dag.py
[2025-03-27T16:54:54.690+0000] {logging_mixin.py:188} INFO - [2025-03-27T16:54:54.690+0000] {dag.py:3036} INFO - Sync 1 DAGs
[2025-03-27T16:54:54.702+0000] {logging_mixin.py:188} INFO - [2025-03-27T16:54:54.702+0000] {dag.py:3823} INFO - Setting next_dagrun for example_trigger_target_dag to None, run_after=None
[2025-03-27T16:54:54.720+0000] {processor.py:183} INFO - Processing /home/airflow/.local/lib/python3.8/site-packages/airflow/example_dags/example_trigger_target_dag.py took 0.068 seconds
[2025-03-27T16:55:25.313+0000] {processor.py:161} INFO - Started process (PID=19526) to work on /home/airflow/.local/lib/python3.8/site-packages/airflow/example_dags/example_trigger_target_dag.py
[2025-03-27T16:55:25.314+0000] {processor.py:830} INFO - Processing file /home/airflow/.local/lib/python3.8/site-packages/airflow/example_dags/example_trigger_target_dag.py for tasks to queue
[2025-03-27T16:55:25.314+0000] {logging_mixin.py:188} INFO - [2025-03-27T16:55:25.314+0000] {dagbag.py:538} INFO - Filling up the DagBag from /home/airflow/.local/lib/python3.8/site-packages/airflow/example_dags/example_trigger_target_dag.py
[2025-03-27T16:55:25.320+0000] {processor.py:840} INFO - DAG(s) 'example_trigger_target_dag' retrieved from /home/airflow/.local/lib/python3.8/site-packages/airflow/example_dags/example_trigger_target_dag.py
[2025-03-27T16:55:25.472+0000] {logging_mixin.py:188} INFO - [2025-03-27T16:55:25.471+0000] {dag.py:3036} INFO - Sync 1 DAGs
[2025-03-27T16:55:25.482+0000] {logging_mixin.py:188} INFO - [2025-03-27T16:55:25.482+0000] {dag.py:3823} INFO - Setting next_dagrun for example_trigger_target_dag to None, run_after=None
[2025-03-27T16:55:25.497+0000] {processor.py:183} INFO - Processing /home/airflow/.local/lib/python3.8/site-packages/airflow/example_dags/example_trigger_target_dag.py took 0.188 seconds
[2025-03-27T16:55:55.648+0000] {processor.py:161} INFO - Started process (PID=19780) to work on /home/airflow/.local/lib/python3.8/site-packages/airflow/example_dags/example_trigger_target_dag.py
[2025-03-27T16:55:55.649+0000] {processor.py:830} INFO - Processing file /home/airflow/.local/lib/python3.8/site-packages/airflow/example_dags/example_trigger_target_dag.py for tasks to queue
[2025-03-27T16:55:55.649+0000] {logging_mixin.py:188} INFO - [2025-03-27T16:55:55.649+0000] {dagbag.py:538} INFO - Filling up the DagBag from /home/airflow/.local/lib/python3.8/site-packages/airflow/example_dags/example_trigger_target_dag.py
[2025-03-27T16:55:55.654+0000] {processor.py:840} INFO - DAG(s) 'example_trigger_target_dag' retrieved from /home/airflow/.local/lib/python3.8/site-packages/airflow/example_dags/example_trigger_target_dag.py
[2025-03-27T16:55:55.672+0000] {logging_mixin.py:188} INFO - [2025-03-27T16:55:55.672+0000] {dag.py:3036} INFO - Sync 1 DAGs
[2025-03-27T16:55:55.683+0000] {logging_mixin.py:188} INFO - [2025-03-27T16:55:55.683+0000] {dag.py:3823} INFO - Setting next_dagrun for example_trigger_target_dag to None, run_after=None
[2025-03-27T16:55:55.700+0000] {processor.py:183} INFO - Processing /home/airflow/.local/lib/python3.8/site-packages/airflow/example_dags/example_trigger_target_dag.py took 0.055 seconds
[2025-03-27T16:56:26.007+0000] {processor.py:161} INFO - Started process (PID=20032) to work on /home/airflow/.local/lib/python3.8/site-packages/airflow/example_dags/example_trigger_target_dag.py
[2025-03-27T16:56:26.008+0000] {processor.py:830} INFO - Processing file /home/airflow/.local/lib/python3.8/site-packages/airflow/example_dags/example_trigger_target_dag.py for tasks to queue
[2025-03-27T16:56:26.009+0000] {logging_mixin.py:188} INFO - [2025-03-27T16:56:26.009+0000] {dagbag.py:538} INFO - Filling up the DagBag from /home/airflow/.local/lib/python3.8/site-packages/airflow/example_dags/example_trigger_target_dag.py
[2025-03-27T16:56:26.014+0000] {processor.py:840} INFO - DAG(s) 'example_trigger_target_dag' retrieved from /home/airflow/.local/lib/python3.8/site-packages/airflow/example_dags/example_trigger_target_dag.py
[2025-03-27T16:56:26.032+0000] {logging_mixin.py:188} INFO - [2025-03-27T16:56:26.031+0000] {dag.py:3036} INFO - Sync 1 DAGs
[2025-03-27T16:56:26.043+0000] {logging_mixin.py:188} INFO - [2025-03-27T16:56:26.043+0000] {dag.py:3823} INFO - Setting next_dagrun for example_trigger_target_dag to None, run_after=None
[2025-03-27T16:56:26.058+0000] {processor.py:183} INFO - Processing /home/airflow/.local/lib/python3.8/site-packages/airflow/example_dags/example_trigger_target_dag.py took 0.053 seconds
[2025-03-27T16:56:56.524+0000] {processor.py:161} INFO - Started process (PID=20284) to work on /home/airflow/.local/lib/python3.8/site-packages/airflow/example_dags/example_trigger_target_dag.py
[2025-03-27T16:56:56.525+0000] {processor.py:830} INFO - Processing file /home/airflow/.local/lib/python3.8/site-packages/airflow/example_dags/example_trigger_target_dag.py for tasks to queue
[2025-03-27T16:56:56.526+0000] {logging_mixin.py:188} INFO - [2025-03-27T16:56:56.526+0000] {dagbag.py:538} INFO - Filling up the DagBag from /home/airflow/.local/lib/python3.8/site-packages/airflow/example_dags/example_trigger_target_dag.py
[2025-03-27T16:56:56.531+0000] {processor.py:840} INFO - DAG(s) 'example_trigger_target_dag' retrieved from /home/airflow/.local/lib/python3.8/site-packages/airflow/example_dags/example_trigger_target_dag.py
[2025-03-27T16:56:56.550+0000] {logging_mixin.py:188} INFO - [2025-03-27T16:56:56.550+0000] {dag.py:3036} INFO - Sync 1 DAGs
[2025-03-27T16:56:56.562+0000] {logging_mixin.py:188} INFO - [2025-03-27T16:56:56.562+0000] {dag.py:3823} INFO - Setting next_dagrun for example_trigger_target_dag to None, run_after=None
[2025-03-27T16:56:56.580+0000] {processor.py:183} INFO - Processing /home/airflow/.local/lib/python3.8/site-packages/airflow/example_dags/example_trigger_target_dag.py took 0.059 seconds
[2025-03-27T16:57:26.805+0000] {processor.py:161} INFO - Started process (PID=20534) to work on /home/airflow/.local/lib/python3.8/site-packages/airflow/example_dags/example_trigger_target_dag.py
[2025-03-27T16:57:26.806+0000] {processor.py:830} INFO - Processing file /home/airflow/.local/lib/python3.8/site-packages/airflow/example_dags/example_trigger_target_dag.py for tasks to queue
[2025-03-27T16:57:26.807+0000] {logging_mixin.py:188} INFO - [2025-03-27T16:57:26.807+0000] {dagbag.py:538} INFO - Filling up the DagBag from /home/airflow/.local/lib/python3.8/site-packages/airflow/example_dags/example_trigger_target_dag.py
[2025-03-27T16:57:26.812+0000] {processor.py:840} INFO - DAG(s) 'example_trigger_target_dag' retrieved from /home/airflow/.local/lib/python3.8/site-packages/airflow/example_dags/example_trigger_target_dag.py
[2025-03-27T16:57:26.829+0000] {logging_mixin.py:188} INFO - [2025-03-27T16:57:26.829+0000] {dag.py:3036} INFO - Sync 1 DAGs
[2025-03-27T16:57:26.840+0000] {logging_mixin.py:188} INFO - [2025-03-27T16:57:26.839+0000] {dag.py:3823} INFO - Setting next_dagrun for example_trigger_target_dag to None, run_after=None
[2025-03-27T16:57:26.855+0000] {processor.py:183} INFO - Processing /home/airflow/.local/lib/python3.8/site-packages/airflow/example_dags/example_trigger_target_dag.py took 0.053 seconds
[2025-03-27T16:57:57.017+0000] {processor.py:161} INFO - Started process (PID=20786) to work on /home/airflow/.local/lib/python3.8/site-packages/airflow/example_dags/example_trigger_target_dag.py
[2025-03-27T16:57:57.018+0000] {processor.py:830} INFO - Processing file /home/airflow/.local/lib/python3.8/site-packages/airflow/example_dags/example_trigger_target_dag.py for tasks to queue
[2025-03-27T16:57:57.019+0000] {logging_mixin.py:188} INFO - [2025-03-27T16:57:57.018+0000] {dagbag.py:538} INFO - Filling up the DagBag from /home/airflow/.local/lib/python3.8/site-packages/airflow/example_dags/example_trigger_target_dag.py
[2025-03-27T16:57:57.024+0000] {processor.py:840} INFO - DAG(s) 'example_trigger_target_dag' retrieved from /home/airflow/.local/lib/python3.8/site-packages/airflow/example_dags/example_trigger_target_dag.py
[2025-03-27T16:57:57.045+0000] {logging_mixin.py:188} INFO - [2025-03-27T16:57:57.044+0000] {dag.py:3036} INFO - Sync 1 DAGs
[2025-03-27T16:57:57.056+0000] {logging_mixin.py:188} INFO - [2025-03-27T16:57:57.056+0000] {dag.py:3823} INFO - Setting next_dagrun for example_trigger_target_dag to None, run_after=None
[2025-03-27T16:57:57.074+0000] {processor.py:183} INFO - Processing /home/airflow/.local/lib/python3.8/site-packages/airflow/example_dags/example_trigger_target_dag.py took 0.061 seconds
[2025-03-27T16:58:27.309+0000] {processor.py:161} INFO - Started process (PID=21038) to work on /home/airflow/.local/lib/python3.8/site-packages/airflow/example_dags/example_trigger_target_dag.py
[2025-03-27T16:58:27.310+0000] {processor.py:830} INFO - Processing file /home/airflow/.local/lib/python3.8/site-packages/airflow/example_dags/example_trigger_target_dag.py for tasks to queue
[2025-03-27T16:58:27.311+0000] {logging_mixin.py:188} INFO - [2025-03-27T16:58:27.310+0000] {dagbag.py:538} INFO - Filling up the DagBag from /home/airflow/.local/lib/python3.8/site-packages/airflow/example_dags/example_trigger_target_dag.py
[2025-03-27T16:58:27.316+0000] {processor.py:840} INFO - DAG(s) 'example_trigger_target_dag' retrieved from /home/airflow/.local/lib/python3.8/site-packages/airflow/example_dags/example_trigger_target_dag.py
[2025-03-27T16:58:27.334+0000] {logging_mixin.py:188} INFO - [2025-03-27T16:58:27.334+0000] {dag.py:3036} INFO - Sync 1 DAGs
[2025-03-27T16:58:27.345+0000] {logging_mixin.py:188} INFO - [2025-03-27T16:58:27.345+0000] {dag.py:3823} INFO - Setting next_dagrun for example_trigger_target_dag to None, run_after=None
[2025-03-27T16:58:27.361+0000] {processor.py:183} INFO - Processing /home/airflow/.local/lib/python3.8/site-packages/airflow/example_dags/example_trigger_target_dag.py took 0.055 seconds
[2025-03-27T16:58:57.602+0000] {processor.py:161} INFO - Started process (PID=21290) to work on /home/airflow/.local/lib/python3.8/site-packages/airflow/example_dags/example_trigger_target_dag.py
[2025-03-27T16:58:57.603+0000] {processor.py:830} INFO - Processing file /home/airflow/.local/lib/python3.8/site-packages/airflow/example_dags/example_trigger_target_dag.py for tasks to queue
[2025-03-27T16:58:57.604+0000] {logging_mixin.py:188} INFO - [2025-03-27T16:58:57.604+0000] {dagbag.py:538} INFO - Filling up the DagBag from /home/airflow/.local/lib/python3.8/site-packages/airflow/example_dags/example_trigger_target_dag.py
[2025-03-27T16:58:57.609+0000] {processor.py:840} INFO - DAG(s) 'example_trigger_target_dag' retrieved from /home/airflow/.local/lib/python3.8/site-packages/airflow/example_dags/example_trigger_target_dag.py
[2025-03-27T16:58:57.628+0000] {logging_mixin.py:188} INFO - [2025-03-27T16:58:57.627+0000] {dag.py:3036} INFO - Sync 1 DAGs
[2025-03-27T16:58:57.639+0000] {logging_mixin.py:188} INFO - [2025-03-27T16:58:57.639+0000] {dag.py:3823} INFO - Setting next_dagrun for example_trigger_target_dag to None, run_after=None
[2025-03-27T16:58:57.656+0000] {processor.py:183} INFO - Processing /home/airflow/.local/lib/python3.8/site-packages/airflow/example_dags/example_trigger_target_dag.py took 0.057 seconds
[2025-03-27T16:59:27.899+0000] {processor.py:161} INFO - Started process (PID=21542) to work on /home/airflow/.local/lib/python3.8/site-packages/airflow/example_dags/example_trigger_target_dag.py
[2025-03-27T16:59:27.900+0000] {processor.py:830} INFO - Processing file /home/airflow/.local/lib/python3.8/site-packages/airflow/example_dags/example_trigger_target_dag.py for tasks to queue
[2025-03-27T16:59:27.901+0000] {logging_mixin.py:188} INFO - [2025-03-27T16:59:27.901+0000] {dagbag.py:538} INFO - Filling up the DagBag from /home/airflow/.local/lib/python3.8/site-packages/airflow/example_dags/example_trigger_target_dag.py
[2025-03-27T16:59:27.907+0000] {processor.py:840} INFO - DAG(s) 'example_trigger_target_dag' retrieved from /home/airflow/.local/lib/python3.8/site-packages/airflow/example_dags/example_trigger_target_dag.py
[2025-03-27T16:59:27.924+0000] {logging_mixin.py:188} INFO - [2025-03-27T16:59:27.924+0000] {dag.py:3036} INFO - Sync 1 DAGs
[2025-03-27T16:59:27.935+0000] {logging_mixin.py:188} INFO - [2025-03-27T16:59:27.934+0000] {dag.py:3823} INFO - Setting next_dagrun for example_trigger_target_dag to None, run_after=None
[2025-03-27T16:59:27.951+0000] {processor.py:183} INFO - Processing /home/airflow/.local/lib/python3.8/site-packages/airflow/example_dags/example_trigger_target_dag.py took 0.054 seconds
[2025-03-27T16:59:58.685+0000] {processor.py:161} INFO - Started process (PID=21794) to work on /home/airflow/.local/lib/python3.8/site-packages/airflow/example_dags/example_trigger_target_dag.py
[2025-03-27T16:59:58.687+0000] {processor.py:830} INFO - Processing file /home/airflow/.local/lib/python3.8/site-packages/airflow/example_dags/example_trigger_target_dag.py for tasks to queue
[2025-03-27T16:59:58.688+0000] {logging_mixin.py:188} INFO - [2025-03-27T16:59:58.688+0000] {dagbag.py:538} INFO - Filling up the DagBag from /home/airflow/.local/lib/python3.8/site-packages/airflow/example_dags/example_trigger_target_dag.py
[2025-03-27T16:59:58.695+0000] {processor.py:840} INFO - DAG(s) 'example_trigger_target_dag' retrieved from /home/airflow/.local/lib/python3.8/site-packages/airflow/example_dags/example_trigger_target_dag.py
[2025-03-27T16:59:58.715+0000] {logging_mixin.py:188} INFO - [2025-03-27T16:59:58.714+0000] {dag.py:3036} INFO - Sync 1 DAGs
[2025-03-27T16:59:58.728+0000] {logging_mixin.py:188} INFO - [2025-03-27T16:59:58.727+0000] {dag.py:3823} INFO - Setting next_dagrun for example_trigger_target_dag to None, run_after=None
[2025-03-27T16:59:58.745+0000] {processor.py:183} INFO - Processing /home/airflow/.local/lib/python3.8/site-packages/airflow/example_dags/example_trigger_target_dag.py took 0.063 seconds
