[2025-03-27T17:19:29.512+0000] {processor.py:161} INFO - Started process (PID=382) to work on /home/airflow/.local/lib/python3.8/site-packages/airflow/example_dags/example_branch_datetime_operator.py
[2025-03-27T17:19:29.513+0000] {processor.py:830} INFO - Processing file /home/airflow/.local/lib/python3.8/site-packages/airflow/example_dags/example_branch_datetime_operator.py for tasks to queue
[2025-03-27T17:19:29.515+0000] {logging_mixin.py:188} INFO - [2025-03-27T17:19:29.515+0000] {dagbag.py:538} INFO - Filling up the DagBag from /home/airflow/.local/lib/python3.8/site-packages/airflow/example_dags/example_branch_datetime_operator.py
[2025-03-27T17:19:29.527+0000] {processor.py:840} INFO - DAG(s) 'example_branch_datetime_operator_2', 'example_branch_datetime_operator', 'example_branch_datetime_operator_3' retrieved from /home/airflow/.local/lib/python3.8/site-packages/airflow/example_dags/example_branch_datetime_operator.py
[2025-03-27T17:19:29.541+0000] {logging_mixin.py:188} INFO - [2025-03-27T17:19:29.541+0000] {dag.py:3036} INFO - Sync 3 DAGs
[2025-03-27T17:19:29.565+0000] {logging_mixin.py:188} INFO - [2025-03-27T17:19:29.565+0000] {dag.py:3823} INFO - Setting next_dagrun for example_branch_datetime_operator to 2025-03-26 00:00:00+00:00, run_after=2025-03-27 00:00:00+00:00
[2025-03-27T17:19:29.571+0000] {logging_mixin.py:188} INFO - [2025-03-27T17:19:29.571+0000] {dag.py:3823} INFO - Setting next_dagrun for example_branch_datetime_operator_2 to 2025-03-26 00:00:00+00:00, run_after=2025-03-27 00:00:00+00:00
[2025-03-27T17:19:29.574+0000] {logging_mixin.py:188} INFO - [2025-03-27T17:19:29.574+0000] {dag.py:3823} INFO - Setting next_dagrun for example_branch_datetime_operator_3 to 2025-03-26 00:00:00+00:00, run_after=2025-03-27 00:00:00+00:00
[2025-03-27T17:19:29.591+0000] {processor.py:183} INFO - Processing /home/airflow/.local/lib/python3.8/site-packages/airflow/example_dags/example_branch_datetime_operator.py took 0.082 seconds
[2025-03-27T17:20:01.964+0000] {processor.py:161} INFO - Started process (PID=631) to work on /home/airflow/.local/lib/python3.8/site-packages/airflow/example_dags/example_branch_datetime_operator.py
[2025-03-27T17:20:01.965+0000] {processor.py:830} INFO - Processing file /home/airflow/.local/lib/python3.8/site-packages/airflow/example_dags/example_branch_datetime_operator.py for tasks to queue
[2025-03-27T17:20:01.966+0000] {logging_mixin.py:188} INFO - [2025-03-27T17:20:01.966+0000] {dagbag.py:538} INFO - Filling up the DagBag from /home/airflow/.local/lib/python3.8/site-packages/airflow/example_dags/example_branch_datetime_operator.py
[2025-03-27T17:20:01.975+0000] {processor.py:840} INFO - DAG(s) 'example_branch_datetime_operator_2', 'example_branch_datetime_operator', 'example_branch_datetime_operator_3' retrieved from /home/airflow/.local/lib/python3.8/site-packages/airflow/example_dags/example_branch_datetime_operator.py
[2025-03-27T17:20:02.084+0000] {logging_mixin.py:188} INFO - [2025-03-27T17:20:02.083+0000] {dag.py:3036} INFO - Sync 3 DAGs
[2025-03-27T17:20:02.103+0000] {logging_mixin.py:188} INFO - [2025-03-27T17:20:02.103+0000] {dag.py:3823} INFO - Setting next_dagrun for example_branch_datetime_operator to 2025-03-26 00:00:00+00:00, run_after=2025-03-27 00:00:00+00:00
[2025-03-27T17:20:02.108+0000] {logging_mixin.py:188} INFO - [2025-03-27T17:20:02.107+0000] {dag.py:3823} INFO - Setting next_dagrun for example_branch_datetime_operator_2 to 2025-03-26 00:00:00+00:00, run_after=2025-03-27 00:00:00+00:00
[2025-03-27T17:20:02.110+0000] {logging_mixin.py:188} INFO - [2025-03-27T17:20:02.110+0000] {dag.py:3823} INFO - Setting next_dagrun for example_branch_datetime_operator_3 to 2025-03-26 00:00:00+00:00, run_after=2025-03-27 00:00:00+00:00
[2025-03-27T17:20:02.127+0000] {processor.py:183} INFO - Processing /home/airflow/.local/lib/python3.8/site-packages/airflow/example_dags/example_branch_datetime_operator.py took 0.166 seconds
[2025-03-27T17:22:40.353+0000] {processor.py:161} INFO - Started process (PID=378) to work on /home/airflow/.local/lib/python3.8/site-packages/airflow/example_dags/example_branch_datetime_operator.py
[2025-03-27T17:22:40.354+0000] {processor.py:830} INFO - Processing file /home/airflow/.local/lib/python3.8/site-packages/airflow/example_dags/example_branch_datetime_operator.py for tasks to queue
[2025-03-27T17:22:40.355+0000] {logging_mixin.py:188} INFO - [2025-03-27T17:22:40.355+0000] {dagbag.py:538} INFO - Filling up the DagBag from /home/airflow/.local/lib/python3.8/site-packages/airflow/example_dags/example_branch_datetime_operator.py
[2025-03-27T17:22:40.365+0000] {processor.py:840} INFO - DAG(s) 'example_branch_datetime_operator_3', 'example_branch_datetime_operator_2', 'example_branch_datetime_operator' retrieved from /home/airflow/.local/lib/python3.8/site-packages/airflow/example_dags/example_branch_datetime_operator.py
[2025-03-27T17:22:40.380+0000] {logging_mixin.py:188} INFO - [2025-03-27T17:22:40.379+0000] {dag.py:3036} INFO - Sync 3 DAGs
[2025-03-27T17:22:40.404+0000] {logging_mixin.py:188} INFO - [2025-03-27T17:22:40.404+0000] {dag.py:3823} INFO - Setting next_dagrun for example_branch_datetime_operator to 2025-03-26 00:00:00+00:00, run_after=2025-03-27 00:00:00+00:00
[2025-03-27T17:22:40.410+0000] {logging_mixin.py:188} INFO - [2025-03-27T17:22:40.410+0000] {dag.py:3823} INFO - Setting next_dagrun for example_branch_datetime_operator_2 to 2025-03-26 00:00:00+00:00, run_after=2025-03-27 00:00:00+00:00
[2025-03-27T17:22:40.413+0000] {logging_mixin.py:188} INFO - [2025-03-27T17:22:40.413+0000] {dag.py:3823} INFO - Setting next_dagrun for example_branch_datetime_operator_3 to 2025-03-26 00:00:00+00:00, run_after=2025-03-27 00:00:00+00:00
[2025-03-27T17:22:40.430+0000] {processor.py:183} INFO - Processing /home/airflow/.local/lib/python3.8/site-packages/airflow/example_dags/example_branch_datetime_operator.py took 0.080 seconds
[2025-03-27T17:23:12.881+0000] {processor.py:161} INFO - Started process (PID=625) to work on /home/airflow/.local/lib/python3.8/site-packages/airflow/example_dags/example_branch_datetime_operator.py
[2025-03-27T17:23:12.882+0000] {processor.py:830} INFO - Processing file /home/airflow/.local/lib/python3.8/site-packages/airflow/example_dags/example_branch_datetime_operator.py for tasks to queue
[2025-03-27T17:23:12.884+0000] {logging_mixin.py:188} INFO - [2025-03-27T17:23:12.883+0000] {dagbag.py:538} INFO - Filling up the DagBag from /home/airflow/.local/lib/python3.8/site-packages/airflow/example_dags/example_branch_datetime_operator.py
[2025-03-27T17:23:12.894+0000] {processor.py:840} INFO - DAG(s) 'example_branch_datetime_operator_2', 'example_branch_datetime_operator_3', 'example_branch_datetime_operator' retrieved from /home/airflow/.local/lib/python3.8/site-packages/airflow/example_dags/example_branch_datetime_operator.py
[2025-03-27T17:23:13.071+0000] {logging_mixin.py:188} INFO - [2025-03-27T17:23:13.071+0000] {dag.py:3036} INFO - Sync 3 DAGs
[2025-03-27T17:23:13.103+0000] {logging_mixin.py:188} INFO - [2025-03-27T17:23:13.103+0000] {dag.py:3823} INFO - Setting next_dagrun for example_branch_datetime_operator to 2025-03-26 00:00:00+00:00, run_after=2025-03-27 00:00:00+00:00
[2025-03-27T17:23:13.110+0000] {logging_mixin.py:188} INFO - [2025-03-27T17:23:13.110+0000] {dag.py:3823} INFO - Setting next_dagrun for example_branch_datetime_operator_2 to 2025-03-26 00:00:00+00:00, run_after=2025-03-27 00:00:00+00:00
[2025-03-27T17:23:13.115+0000] {logging_mixin.py:188} INFO - [2025-03-27T17:23:13.114+0000] {dag.py:3823} INFO - Setting next_dagrun for example_branch_datetime_operator_3 to 2025-03-26 00:00:00+00:00, run_after=2025-03-27 00:00:00+00:00
[2025-03-27T17:23:13.147+0000] {processor.py:183} INFO - Processing /home/airflow/.local/lib/python3.8/site-packages/airflow/example_dags/example_branch_datetime_operator.py took 0.270 seconds
[2025-03-27T17:23:43.625+0000] {processor.py:161} INFO - Started process (PID=870) to work on /home/airflow/.local/lib/python3.8/site-packages/airflow/example_dags/example_branch_datetime_operator.py
[2025-03-27T17:23:43.625+0000] {processor.py:830} INFO - Processing file /home/airflow/.local/lib/python3.8/site-packages/airflow/example_dags/example_branch_datetime_operator.py for tasks to queue
[2025-03-27T17:23:43.626+0000] {logging_mixin.py:188} INFO - [2025-03-27T17:23:43.626+0000] {dagbag.py:538} INFO - Filling up the DagBag from /home/airflow/.local/lib/python3.8/site-packages/airflow/example_dags/example_branch_datetime_operator.py
[2025-03-27T17:23:43.635+0000] {processor.py:840} INFO - DAG(s) 'example_branch_datetime_operator', 'example_branch_datetime_operator_2', 'example_branch_datetime_operator_3' retrieved from /home/airflow/.local/lib/python3.8/site-packages/airflow/example_dags/example_branch_datetime_operator.py
[2025-03-27T17:23:43.660+0000] {logging_mixin.py:188} INFO - [2025-03-27T17:23:43.660+0000] {dag.py:3036} INFO - Sync 3 DAGs
[2025-03-27T17:23:43.682+0000] {logging_mixin.py:188} INFO - [2025-03-27T17:23:43.681+0000] {dag.py:3823} INFO - Setting next_dagrun for example_branch_datetime_operator to 2025-03-26 00:00:00+00:00, run_after=2025-03-27 00:00:00+00:00
[2025-03-27T17:23:43.686+0000] {logging_mixin.py:188} INFO - [2025-03-27T17:23:43.686+0000] {dag.py:3823} INFO - Setting next_dagrun for example_branch_datetime_operator_2 to 2025-03-26 00:00:00+00:00, run_after=2025-03-27 00:00:00+00:00
[2025-03-27T17:23:43.689+0000] {logging_mixin.py:188} INFO - [2025-03-27T17:23:43.689+0000] {dag.py:3823} INFO - Setting next_dagrun for example_branch_datetime_operator_3 to 2025-03-26 00:00:00+00:00, run_after=2025-03-27 00:00:00+00:00
[2025-03-27T17:23:43.703+0000] {processor.py:183} INFO - Processing /home/airflow/.local/lib/python3.8/site-packages/airflow/example_dags/example_branch_datetime_operator.py took 0.081 seconds
[2025-03-27T17:24:13.842+0000] {processor.py:161} INFO - Started process (PID=1117) to work on /home/airflow/.local/lib/python3.8/site-packages/airflow/example_dags/example_branch_datetime_operator.py
[2025-03-27T17:24:13.843+0000] {processor.py:830} INFO - Processing file /home/airflow/.local/lib/python3.8/site-packages/airflow/example_dags/example_branch_datetime_operator.py for tasks to queue
[2025-03-27T17:24:13.844+0000] {logging_mixin.py:188} INFO - [2025-03-27T17:24:13.843+0000] {dagbag.py:538} INFO - Filling up the DagBag from /home/airflow/.local/lib/python3.8/site-packages/airflow/example_dags/example_branch_datetime_operator.py
[2025-03-27T17:24:13.853+0000] {processor.py:840} INFO - DAG(s) 'example_branch_datetime_operator_2', 'example_branch_datetime_operator', 'example_branch_datetime_operator_3' retrieved from /home/airflow/.local/lib/python3.8/site-packages/airflow/example_dags/example_branch_datetime_operator.py
[2025-03-27T17:24:13.881+0000] {logging_mixin.py:188} INFO - [2025-03-27T17:24:13.880+0000] {dag.py:3036} INFO - Sync 3 DAGs
[2025-03-27T17:24:13.905+0000] {logging_mixin.py:188} INFO - [2025-03-27T17:24:13.904+0000] {dag.py:3823} INFO - Setting next_dagrun for example_branch_datetime_operator to 2025-03-26 00:00:00+00:00, run_after=2025-03-27 00:00:00+00:00
[2025-03-27T17:24:13.910+0000] {logging_mixin.py:188} INFO - [2025-03-27T17:24:13.910+0000] {dag.py:3823} INFO - Setting next_dagrun for example_branch_datetime_operator_2 to 2025-03-26 00:00:00+00:00, run_after=2025-03-27 00:00:00+00:00
[2025-03-27T17:24:13.913+0000] {logging_mixin.py:188} INFO - [2025-03-27T17:24:13.913+0000] {dag.py:3823} INFO - Setting next_dagrun for example_branch_datetime_operator_3 to 2025-03-26 00:00:00+00:00, run_after=2025-03-27 00:00:00+00:00
[2025-03-27T17:24:13.930+0000] {processor.py:183} INFO - Processing /home/airflow/.local/lib/python3.8/site-packages/airflow/example_dags/example_branch_datetime_operator.py took 0.091 seconds
[2025-03-27T17:24:44.537+0000] {processor.py:161} INFO - Started process (PID=1364) to work on /home/airflow/.local/lib/python3.8/site-packages/airflow/example_dags/example_branch_datetime_operator.py
[2025-03-27T17:24:44.537+0000] {processor.py:830} INFO - Processing file /home/airflow/.local/lib/python3.8/site-packages/airflow/example_dags/example_branch_datetime_operator.py for tasks to queue
[2025-03-27T17:24:44.538+0000] {logging_mixin.py:188} INFO - [2025-03-27T17:24:44.538+0000] {dagbag.py:538} INFO - Filling up the DagBag from /home/airflow/.local/lib/python3.8/site-packages/airflow/example_dags/example_branch_datetime_operator.py
[2025-03-27T17:24:44.547+0000] {processor.py:840} INFO - DAG(s) 'example_branch_datetime_operator_3', 'example_branch_datetime_operator', 'example_branch_datetime_operator_2' retrieved from /home/airflow/.local/lib/python3.8/site-packages/airflow/example_dags/example_branch_datetime_operator.py
[2025-03-27T17:24:44.575+0000] {logging_mixin.py:188} INFO - [2025-03-27T17:24:44.574+0000] {dag.py:3036} INFO - Sync 3 DAGs
[2025-03-27T17:24:44.597+0000] {logging_mixin.py:188} INFO - [2025-03-27T17:24:44.597+0000] {dag.py:3823} INFO - Setting next_dagrun for example_branch_datetime_operator to 2025-03-26 00:00:00+00:00, run_after=2025-03-27 00:00:00+00:00
[2025-03-27T17:24:44.602+0000] {logging_mixin.py:188} INFO - [2025-03-27T17:24:44.601+0000] {dag.py:3823} INFO - Setting next_dagrun for example_branch_datetime_operator_2 to 2025-03-26 00:00:00+00:00, run_after=2025-03-27 00:00:00+00:00
[2025-03-27T17:24:44.604+0000] {logging_mixin.py:188} INFO - [2025-03-27T17:24:44.604+0000] {dag.py:3823} INFO - Setting next_dagrun for example_branch_datetime_operator_3 to 2025-03-26 00:00:00+00:00, run_after=2025-03-27 00:00:00+00:00
[2025-03-27T17:24:44.622+0000] {processor.py:183} INFO - Processing /home/airflow/.local/lib/python3.8/site-packages/airflow/example_dags/example_branch_datetime_operator.py took 0.088 seconds
[2025-03-27T17:25:15.236+0000] {processor.py:161} INFO - Started process (PID=1613) to work on /home/airflow/.local/lib/python3.8/site-packages/airflow/example_dags/example_branch_datetime_operator.py
[2025-03-27T17:25:15.237+0000] {processor.py:830} INFO - Processing file /home/airflow/.local/lib/python3.8/site-packages/airflow/example_dags/example_branch_datetime_operator.py for tasks to queue
[2025-03-27T17:25:15.238+0000] {logging_mixin.py:188} INFO - [2025-03-27T17:25:15.238+0000] {dagbag.py:538} INFO - Filling up the DagBag from /home/airflow/.local/lib/python3.8/site-packages/airflow/example_dags/example_branch_datetime_operator.py
[2025-03-27T17:25:15.247+0000] {processor.py:840} INFO - DAG(s) 'example_branch_datetime_operator_3', 'example_branch_datetime_operator', 'example_branch_datetime_operator_2' retrieved from /home/airflow/.local/lib/python3.8/site-packages/airflow/example_dags/example_branch_datetime_operator.py
[2025-03-27T17:25:15.272+0000] {logging_mixin.py:188} INFO - [2025-03-27T17:25:15.272+0000] {dag.py:3036} INFO - Sync 3 DAGs
[2025-03-27T17:25:15.294+0000] {logging_mixin.py:188} INFO - [2025-03-27T17:25:15.293+0000] {dag.py:3823} INFO - Setting next_dagrun for example_branch_datetime_operator to 2025-03-26 00:00:00+00:00, run_after=2025-03-27 00:00:00+00:00
[2025-03-27T17:25:15.298+0000] {logging_mixin.py:188} INFO - [2025-03-27T17:25:15.298+0000] {dag.py:3823} INFO - Setting next_dagrun for example_branch_datetime_operator_2 to 2025-03-26 00:00:00+00:00, run_after=2025-03-27 00:00:00+00:00
[2025-03-27T17:25:15.301+0000] {logging_mixin.py:188} INFO - [2025-03-27T17:25:15.301+0000] {dag.py:3823} INFO - Setting next_dagrun for example_branch_datetime_operator_3 to 2025-03-26 00:00:00+00:00, run_after=2025-03-27 00:00:00+00:00
[2025-03-27T17:25:15.316+0000] {processor.py:183} INFO - Processing /home/airflow/.local/lib/python3.8/site-packages/airflow/example_dags/example_branch_datetime_operator.py took 0.082 seconds
[2025-03-27T17:27:53.237+0000] {processor.py:161} INFO - Started process (PID=387) to work on /home/airflow/.local/lib/python3.8/site-packages/airflow/example_dags/example_branch_datetime_operator.py
[2025-03-27T17:27:53.238+0000] {processor.py:830} INFO - Processing file /home/airflow/.local/lib/python3.8/site-packages/airflow/example_dags/example_branch_datetime_operator.py for tasks to queue
[2025-03-27T17:27:53.239+0000] {logging_mixin.py:188} INFO - [2025-03-27T17:27:53.239+0000] {dagbag.py:538} INFO - Filling up the DagBag from /home/airflow/.local/lib/python3.8/site-packages/airflow/example_dags/example_branch_datetime_operator.py
[2025-03-27T17:27:53.250+0000] {processor.py:840} INFO - DAG(s) 'example_branch_datetime_operator_3', 'example_branch_datetime_operator', 'example_branch_datetime_operator_2' retrieved from /home/airflow/.local/lib/python3.8/site-packages/airflow/example_dags/example_branch_datetime_operator.py
[2025-03-27T17:27:53.351+0000] {logging_mixin.py:188} INFO - [2025-03-27T17:27:53.351+0000] {override.py:1769} INFO - Created Permission View: can edit on DAG:example_branch_datetime_operator_3
[2025-03-27T17:27:53.360+0000] {logging_mixin.py:188} INFO - [2025-03-27T17:27:53.360+0000] {override.py:1769} INFO - Created Permission View: can read on DAG:example_branch_datetime_operator_3
[2025-03-27T17:27:53.366+0000] {logging_mixin.py:188} INFO - [2025-03-27T17:27:53.366+0000] {override.py:1769} INFO - Created Permission View: can delete on DAG:example_branch_datetime_operator_3
[2025-03-27T17:27:53.379+0000] {logging_mixin.py:188} INFO - [2025-03-27T17:27:53.379+0000] {override.py:1769} INFO - Created Permission View: can edit on DAG:example_branch_datetime_operator
[2025-03-27T17:27:53.386+0000] {logging_mixin.py:188} INFO - [2025-03-27T17:27:53.385+0000] {override.py:1769} INFO - Created Permission View: can read on DAG:example_branch_datetime_operator
[2025-03-27T17:27:53.392+0000] {logging_mixin.py:188} INFO - [2025-03-27T17:27:53.392+0000] {override.py:1769} INFO - Created Permission View: can delete on DAG:example_branch_datetime_operator
[2025-03-27T17:27:53.404+0000] {logging_mixin.py:188} INFO - [2025-03-27T17:27:53.403+0000] {override.py:1769} INFO - Created Permission View: can edit on DAG:example_branch_datetime_operator_2
[2025-03-27T17:27:53.410+0000] {logging_mixin.py:188} INFO - [2025-03-27T17:27:53.409+0000] {override.py:1769} INFO - Created Permission View: can read on DAG:example_branch_datetime_operator_2
[2025-03-27T17:27:53.416+0000] {logging_mixin.py:188} INFO - [2025-03-27T17:27:53.415+0000] {override.py:1769} INFO - Created Permission View: can delete on DAG:example_branch_datetime_operator_2
[2025-03-27T17:27:53.416+0000] {logging_mixin.py:188} INFO - [2025-03-27T17:27:53.416+0000] {dag.py:3036} INFO - Sync 3 DAGs
[2025-03-27T17:27:53.429+0000] {logging_mixin.py:188} INFO - [2025-03-27T17:27:53.428+0000] {dag.py:3058} INFO - Creating ORM DAG for example_branch_datetime_operator_3
[2025-03-27T17:27:53.430+0000] {logging_mixin.py:188} INFO - [2025-03-27T17:27:53.430+0000] {dag.py:3058} INFO - Creating ORM DAG for example_branch_datetime_operator
[2025-03-27T17:27:53.430+0000] {logging_mixin.py:188} INFO - [2025-03-27T17:27:53.430+0000] {dag.py:3058} INFO - Creating ORM DAG for example_branch_datetime_operator_2
[2025-03-27T17:27:53.441+0000] {logging_mixin.py:188} INFO - [2025-03-27T17:27:53.440+0000] {dag.py:3823} INFO - Setting next_dagrun for example_branch_datetime_operator to 2025-03-26 00:00:00+00:00, run_after=2025-03-27 00:00:00+00:00
[2025-03-27T17:27:53.443+0000] {logging_mixin.py:188} INFO - [2025-03-27T17:27:53.442+0000] {dag.py:3823} INFO - Setting next_dagrun for example_branch_datetime_operator_2 to 2025-03-26 00:00:00+00:00, run_after=2025-03-27 00:00:00+00:00
[2025-03-27T17:27:53.444+0000] {logging_mixin.py:188} INFO - [2025-03-27T17:27:53.444+0000] {dag.py:3823} INFO - Setting next_dagrun for example_branch_datetime_operator_3 to 2025-03-26 00:00:00+00:00, run_after=2025-03-27 00:00:00+00:00
[2025-03-27T17:27:53.461+0000] {processor.py:183} INFO - Processing /home/airflow/.local/lib/python3.8/site-packages/airflow/example_dags/example_branch_datetime_operator.py took 0.227 seconds
[2025-03-27T17:28:23.530+0000] {processor.py:161} INFO - Started process (PID=641) to work on /home/airflow/.local/lib/python3.8/site-packages/airflow/example_dags/example_branch_datetime_operator.py
[2025-03-27T17:28:23.531+0000] {processor.py:830} INFO - Processing file /home/airflow/.local/lib/python3.8/site-packages/airflow/example_dags/example_branch_datetime_operator.py for tasks to queue
[2025-03-27T17:28:23.533+0000] {logging_mixin.py:188} INFO - [2025-03-27T17:28:23.532+0000] {dagbag.py:538} INFO - Filling up the DagBag from /home/airflow/.local/lib/python3.8/site-packages/airflow/example_dags/example_branch_datetime_operator.py
[2025-03-27T17:28:23.543+0000] {processor.py:840} INFO - DAG(s) 'example_branch_datetime_operator_2', 'example_branch_datetime_operator_3', 'example_branch_datetime_operator' retrieved from /home/airflow/.local/lib/python3.8/site-packages/airflow/example_dags/example_branch_datetime_operator.py
[2025-03-27T17:28:23.574+0000] {logging_mixin.py:188} INFO - [2025-03-27T17:28:23.574+0000] {dag.py:3036} INFO - Sync 3 DAGs
[2025-03-27T17:28:23.599+0000] {logging_mixin.py:188} INFO - [2025-03-27T17:28:23.599+0000] {dag.py:3823} INFO - Setting next_dagrun for example_branch_datetime_operator to 2025-03-26 00:00:00+00:00, run_after=2025-03-27 00:00:00+00:00
[2025-03-27T17:28:23.605+0000] {logging_mixin.py:188} INFO - [2025-03-27T17:28:23.605+0000] {dag.py:3823} INFO - Setting next_dagrun for example_branch_datetime_operator_2 to 2025-03-26 00:00:00+00:00, run_after=2025-03-27 00:00:00+00:00
[2025-03-27T17:28:23.609+0000] {logging_mixin.py:188} INFO - [2025-03-27T17:28:23.609+0000] {dag.py:3823} INFO - Setting next_dagrun for example_branch_datetime_operator_3 to 2025-03-26 00:00:00+00:00, run_after=2025-03-27 00:00:00+00:00
[2025-03-27T17:28:23.626+0000] {processor.py:183} INFO - Processing /home/airflow/.local/lib/python3.8/site-packages/airflow/example_dags/example_branch_datetime_operator.py took 0.099 seconds
[2025-03-27T17:28:57.103+0000] {processor.py:161} INFO - Started process (PID=964) to work on /home/airflow/.local/lib/python3.8/site-packages/airflow/example_dags/example_branch_datetime_operator.py
[2025-03-27T17:28:57.106+0000] {processor.py:830} INFO - Processing file /home/airflow/.local/lib/python3.8/site-packages/airflow/example_dags/example_branch_datetime_operator.py for tasks to queue
[2025-03-27T17:28:57.108+0000] {logging_mixin.py:188} INFO - [2025-03-27T17:28:57.107+0000] {dagbag.py:538} INFO - Filling up the DagBag from /home/airflow/.local/lib/python3.8/site-packages/airflow/example_dags/example_branch_datetime_operator.py
[2025-03-27T17:28:57.131+0000] {processor.py:840} INFO - DAG(s) 'example_branch_datetime_operator', 'example_branch_datetime_operator_3', 'example_branch_datetime_operator_2' retrieved from /home/airflow/.local/lib/python3.8/site-packages/airflow/example_dags/example_branch_datetime_operator.py
[2025-03-27T17:28:57.206+0000] {logging_mixin.py:188} INFO - [2025-03-27T17:28:57.205+0000] {dag.py:3036} INFO - Sync 3 DAGs
[2025-03-27T17:28:57.281+0000] {logging_mixin.py:188} INFO - [2025-03-27T17:28:57.281+0000] {dag.py:3823} INFO - Setting next_dagrun for example_branch_datetime_operator to 2025-03-26 00:00:00+00:00, run_after=2025-03-27 00:00:00+00:00
[2025-03-27T17:28:57.293+0000] {logging_mixin.py:188} INFO - [2025-03-27T17:28:57.291+0000] {dag.py:3823} INFO - Setting next_dagrun for example_branch_datetime_operator_2 to 2025-03-26 00:00:00+00:00, run_after=2025-03-27 00:00:00+00:00
[2025-03-27T17:28:57.302+0000] {logging_mixin.py:188} INFO - [2025-03-27T17:28:57.302+0000] {dag.py:3823} INFO - Setting next_dagrun for example_branch_datetime_operator_3 to 2025-03-26 00:00:00+00:00, run_after=2025-03-27 00:00:00+00:00
[2025-03-27T17:28:57.375+0000] {processor.py:183} INFO - Processing /home/airflow/.local/lib/python3.8/site-packages/airflow/example_dags/example_branch_datetime_operator.py took 0.278 seconds
[2025-03-27T17:29:29.357+0000] {processor.py:161} INFO - Started process (PID=1623) to work on /home/airflow/.local/lib/python3.8/site-packages/airflow/example_dags/example_branch_datetime_operator.py
[2025-03-27T17:29:29.370+0000] {processor.py:830} INFO - Processing file /home/airflow/.local/lib/python3.8/site-packages/airflow/example_dags/example_branch_datetime_operator.py for tasks to queue
[2025-03-27T17:29:29.375+0000] {logging_mixin.py:188} INFO - [2025-03-27T17:29:29.374+0000] {dagbag.py:538} INFO - Filling up the DagBag from /home/airflow/.local/lib/python3.8/site-packages/airflow/example_dags/example_branch_datetime_operator.py
[2025-03-27T17:29:29.499+0000] {processor.py:840} INFO - DAG(s) 'example_branch_datetime_operator_2', 'example_branch_datetime_operator_3', 'example_branch_datetime_operator' retrieved from /home/airflow/.local/lib/python3.8/site-packages/airflow/example_dags/example_branch_datetime_operator.py
[2025-03-27T17:29:29.710+0000] {logging_mixin.py:188} INFO - [2025-03-27T17:29:29.701+0000] {dag.py:3036} INFO - Sync 3 DAGs
[2025-03-27T17:29:29.809+0000] {logging_mixin.py:188} INFO - [2025-03-27T17:29:29.808+0000] {dag.py:3823} INFO - Setting next_dagrun for example_branch_datetime_operator to 2025-03-26 00:00:00+00:00, run_after=2025-03-27 00:00:00+00:00
[2025-03-27T17:29:29.826+0000] {logging_mixin.py:188} INFO - [2025-03-27T17:29:29.826+0000] {dag.py:3823} INFO - Setting next_dagrun for example_branch_datetime_operator_2 to 2025-03-26 00:00:00+00:00, run_after=2025-03-27 00:00:00+00:00
[2025-03-27T17:29:29.841+0000] {logging_mixin.py:188} INFO - [2025-03-27T17:29:29.840+0000] {dag.py:3823} INFO - Setting next_dagrun for example_branch_datetime_operator_3 to 2025-03-26 00:00:00+00:00, run_after=2025-03-27 00:00:00+00:00
[2025-03-27T17:29:29.893+0000] {processor.py:183} INFO - Processing /home/airflow/.local/lib/python3.8/site-packages/airflow/example_dags/example_branch_datetime_operator.py took 0.558 seconds
