[2025-03-27T17:19:28.473+0000] {processor.py:161} INFO - Started process (PID=314) to work on /home/airflow/.local/lib/python3.8/site-packages/airflow/example_dags/example_latest_only.py
[2025-03-27T17:19:28.474+0000] {processor.py:830} INFO - Processing file /home/airflow/.local/lib/python3.8/site-packages/airflow/example_dags/example_latest_only.py for tasks to queue
[2025-03-27T17:19:28.476+0000] {logging_mixin.py:188} INFO - [2025-03-27T17:19:28.475+0000] {dagbag.py:538} INFO - Filling up the DagBag from /home/airflow/.local/lib/python3.8/site-packages/airflow/example_dags/example_latest_only.py
[2025-03-27T17:19:28.487+0000] {processor.py:840} INFO - DAG(s) 'latest_only' retrieved from /home/airflow/.local/lib/python3.8/site-packages/airflow/example_dags/example_latest_only.py
[2025-03-27T17:19:28.504+0000] {logging_mixin.py:188} INFO - [2025-03-27T17:19:28.503+0000] {dag.py:3036} INFO - Sync 1 DAGs
[2025-03-27T17:19:28.534+0000] {logging_mixin.py:188} INFO - [2025-03-27T17:19:28.534+0000] {dag.py:3823} INFO - Setting next_dagrun for latest_only to 2025-03-27 12:00:00+00:00, run_after=2025-03-27 16:00:00+00:00
[2025-03-27T17:19:28.566+0000] {processor.py:183} INFO - Processing /home/airflow/.local/lib/python3.8/site-packages/airflow/example_dags/example_latest_only.py took 0.098 seconds
[2025-03-27T17:20:00.488+0000] {processor.py:161} INFO - Started process (PID=559) to work on /home/airflow/.local/lib/python3.8/site-packages/airflow/example_dags/example_latest_only.py
[2025-03-27T17:20:00.489+0000] {processor.py:830} INFO - Processing file /home/airflow/.local/lib/python3.8/site-packages/airflow/example_dags/example_latest_only.py for tasks to queue
[2025-03-27T17:20:00.490+0000] {logging_mixin.py:188} INFO - [2025-03-27T17:20:00.490+0000] {dagbag.py:538} INFO - Filling up the DagBag from /home/airflow/.local/lib/python3.8/site-packages/airflow/example_dags/example_latest_only.py
[2025-03-27T17:20:00.496+0000] {processor.py:840} INFO - DAG(s) 'latest_only' retrieved from /home/airflow/.local/lib/python3.8/site-packages/airflow/example_dags/example_latest_only.py
[2025-03-27T17:20:00.593+0000] {logging_mixin.py:188} INFO - [2025-03-27T17:20:00.593+0000] {dag.py:3036} INFO - Sync 1 DAGs
[2025-03-27T17:20:00.619+0000] {logging_mixin.py:188} INFO - [2025-03-27T17:20:00.619+0000] {dag.py:3823} INFO - Setting next_dagrun for latest_only to 2025-03-27 12:00:00+00:00, run_after=2025-03-27 16:00:00+00:00
[2025-03-27T17:20:00.638+0000] {processor.py:183} INFO - Processing /home/airflow/.local/lib/python3.8/site-packages/airflow/example_dags/example_latest_only.py took 0.153 seconds
[2025-03-27T17:22:39.619+0000] {processor.py:161} INFO - Started process (PID=300) to work on /home/airflow/.local/lib/python3.8/site-packages/airflow/example_dags/example_latest_only.py
[2025-03-27T17:22:39.619+0000] {processor.py:830} INFO - Processing file /home/airflow/.local/lib/python3.8/site-packages/airflow/example_dags/example_latest_only.py for tasks to queue
[2025-03-27T17:22:39.620+0000] {logging_mixin.py:188} INFO - [2025-03-27T17:22:39.620+0000] {dagbag.py:538} INFO - Filling up the DagBag from /home/airflow/.local/lib/python3.8/site-packages/airflow/example_dags/example_latest_only.py
[2025-03-27T17:22:39.625+0000] {processor.py:840} INFO - DAG(s) 'latest_only' retrieved from /home/airflow/.local/lib/python3.8/site-packages/airflow/example_dags/example_latest_only.py
[2025-03-27T17:22:39.638+0000] {logging_mixin.py:188} INFO - [2025-03-27T17:22:39.637+0000] {dag.py:3036} INFO - Sync 1 DAGs
[2025-03-27T17:22:39.663+0000] {logging_mixin.py:188} INFO - [2025-03-27T17:22:39.663+0000] {dag.py:3823} INFO - Setting next_dagrun for latest_only to 2025-03-27 12:00:00+00:00, run_after=2025-03-27 16:00:00+00:00
[2025-03-27T17:22:39.682+0000] {processor.py:183} INFO - Processing /home/airflow/.local/lib/python3.8/site-packages/airflow/example_dags/example_latest_only.py took 0.066 seconds
[2025-03-27T17:23:11.350+0000] {processor.py:161} INFO - Started process (PID=553) to work on /home/airflow/.local/lib/python3.8/site-packages/airflow/example_dags/example_latest_only.py
[2025-03-27T17:23:11.352+0000] {processor.py:830} INFO - Processing file /home/airflow/.local/lib/python3.8/site-packages/airflow/example_dags/example_latest_only.py for tasks to queue
[2025-03-27T17:23:11.353+0000] {logging_mixin.py:188} INFO - [2025-03-27T17:23:11.353+0000] {dagbag.py:538} INFO - Filling up the DagBag from /home/airflow/.local/lib/python3.8/site-packages/airflow/example_dags/example_latest_only.py
[2025-03-27T17:23:11.358+0000] {processor.py:840} INFO - DAG(s) 'latest_only' retrieved from /home/airflow/.local/lib/python3.8/site-packages/airflow/example_dags/example_latest_only.py
[2025-03-27T17:23:11.451+0000] {logging_mixin.py:188} INFO - [2025-03-27T17:23:11.451+0000] {dag.py:3036} INFO - Sync 1 DAGs
[2025-03-27T17:23:11.472+0000] {logging_mixin.py:188} INFO - [2025-03-27T17:23:11.472+0000] {dag.py:3823} INFO - Setting next_dagrun for latest_only to 2025-03-27 12:00:00+00:00, run_after=2025-03-27 16:00:00+00:00
[2025-03-27T17:23:11.491+0000] {processor.py:183} INFO - Processing /home/airflow/.local/lib/python3.8/site-packages/airflow/example_dags/example_latest_only.py took 0.144 seconds
[2025-03-27T17:23:41.699+0000] {processor.py:161} INFO - Started process (PID=800) to work on /home/airflow/.local/lib/python3.8/site-packages/airflow/example_dags/example_latest_only.py
[2025-03-27T17:23:41.700+0000] {processor.py:830} INFO - Processing file /home/airflow/.local/lib/python3.8/site-packages/airflow/example_dags/example_latest_only.py for tasks to queue
[2025-03-27T17:23:41.701+0000] {logging_mixin.py:188} INFO - [2025-03-27T17:23:41.701+0000] {dagbag.py:538} INFO - Filling up the DagBag from /home/airflow/.local/lib/python3.8/site-packages/airflow/example_dags/example_latest_only.py
[2025-03-27T17:23:41.708+0000] {processor.py:840} INFO - DAG(s) 'latest_only' retrieved from /home/airflow/.local/lib/python3.8/site-packages/airflow/example_dags/example_latest_only.py
[2025-03-27T17:23:41.735+0000] {logging_mixin.py:188} INFO - [2025-03-27T17:23:41.735+0000] {dag.py:3036} INFO - Sync 1 DAGs
[2025-03-27T17:23:41.763+0000] {logging_mixin.py:188} INFO - [2025-03-27T17:23:41.763+0000] {dag.py:3823} INFO - Setting next_dagrun for latest_only to 2025-03-27 12:00:00+00:00, run_after=2025-03-27 16:00:00+00:00
[2025-03-27T17:23:41.791+0000] {processor.py:183} INFO - Processing /home/airflow/.local/lib/python3.8/site-packages/airflow/example_dags/example_latest_only.py took 0.096 seconds
[2025-03-27T17:24:11.913+0000] {processor.py:161} INFO - Started process (PID=1047) to work on /home/airflow/.local/lib/python3.8/site-packages/airflow/example_dags/example_latest_only.py
[2025-03-27T17:24:11.914+0000] {processor.py:830} INFO - Processing file /home/airflow/.local/lib/python3.8/site-packages/airflow/example_dags/example_latest_only.py for tasks to queue
[2025-03-27T17:24:11.915+0000] {logging_mixin.py:188} INFO - [2025-03-27T17:24:11.914+0000] {dagbag.py:538} INFO - Filling up the DagBag from /home/airflow/.local/lib/python3.8/site-packages/airflow/example_dags/example_latest_only.py
[2025-03-27T17:24:11.920+0000] {processor.py:840} INFO - DAG(s) 'latest_only' retrieved from /home/airflow/.local/lib/python3.8/site-packages/airflow/example_dags/example_latest_only.py
[2025-03-27T17:24:11.940+0000] {logging_mixin.py:188} INFO - [2025-03-27T17:24:11.940+0000] {dag.py:3036} INFO - Sync 1 DAGs
[2025-03-27T17:24:11.959+0000] {logging_mixin.py:188} INFO - [2025-03-27T17:24:11.959+0000] {dag.py:3823} INFO - Setting next_dagrun for latest_only to 2025-03-27 12:00:00+00:00, run_after=2025-03-27 16:00:00+00:00
[2025-03-27T17:24:11.975+0000] {processor.py:183} INFO - Processing /home/airflow/.local/lib/python3.8/site-packages/airflow/example_dags/example_latest_only.py took 0.065 seconds
[2025-03-27T17:24:42.809+0000] {processor.py:161} INFO - Started process (PID=1294) to work on /home/airflow/.local/lib/python3.8/site-packages/airflow/example_dags/example_latest_only.py
[2025-03-27T17:24:42.810+0000] {processor.py:830} INFO - Processing file /home/airflow/.local/lib/python3.8/site-packages/airflow/example_dags/example_latest_only.py for tasks to queue
[2025-03-27T17:24:42.811+0000] {logging_mixin.py:188} INFO - [2025-03-27T17:24:42.811+0000] {dagbag.py:538} INFO - Filling up the DagBag from /home/airflow/.local/lib/python3.8/site-packages/airflow/example_dags/example_latest_only.py
[2025-03-27T17:24:42.816+0000] {processor.py:840} INFO - DAG(s) 'latest_only' retrieved from /home/airflow/.local/lib/python3.8/site-packages/airflow/example_dags/example_latest_only.py
[2025-03-27T17:24:42.834+0000] {logging_mixin.py:188} INFO - [2025-03-27T17:24:42.834+0000] {dag.py:3036} INFO - Sync 1 DAGs
[2025-03-27T17:24:42.853+0000] {logging_mixin.py:188} INFO - [2025-03-27T17:24:42.853+0000] {dag.py:3823} INFO - Setting next_dagrun for latest_only to 2025-03-27 12:00:00+00:00, run_after=2025-03-27 16:00:00+00:00
[2025-03-27T17:24:42.870+0000] {processor.py:183} INFO - Processing /home/airflow/.local/lib/python3.8/site-packages/airflow/example_dags/example_latest_only.py took 0.063 seconds
[2025-03-27T17:25:13.452+0000] {processor.py:161} INFO - Started process (PID=1543) to work on /home/airflow/.local/lib/python3.8/site-packages/airflow/example_dags/example_latest_only.py
[2025-03-27T17:25:13.453+0000] {processor.py:830} INFO - Processing file /home/airflow/.local/lib/python3.8/site-packages/airflow/example_dags/example_latest_only.py for tasks to queue
[2025-03-27T17:25:13.454+0000] {logging_mixin.py:188} INFO - [2025-03-27T17:25:13.454+0000] {dagbag.py:538} INFO - Filling up the DagBag from /home/airflow/.local/lib/python3.8/site-packages/airflow/example_dags/example_latest_only.py
[2025-03-27T17:25:13.459+0000] {processor.py:840} INFO - DAG(s) 'latest_only' retrieved from /home/airflow/.local/lib/python3.8/site-packages/airflow/example_dags/example_latest_only.py
[2025-03-27T17:25:13.477+0000] {logging_mixin.py:188} INFO - [2025-03-27T17:25:13.477+0000] {dag.py:3036} INFO - Sync 1 DAGs
[2025-03-27T17:25:13.497+0000] {logging_mixin.py:188} INFO - [2025-03-27T17:25:13.497+0000] {dag.py:3823} INFO - Setting next_dagrun for latest_only to 2025-03-27 12:00:00+00:00, run_after=2025-03-27 16:00:00+00:00
[2025-03-27T17:25:13.514+0000] {processor.py:183} INFO - Processing /home/airflow/.local/lib/python3.8/site-packages/airflow/example_dags/example_latest_only.py took 0.064 seconds
[2025-03-27T17:27:51.816+0000] {processor.py:161} INFO - Started process (PID=317) to work on /home/airflow/.local/lib/python3.8/site-packages/airflow/example_dags/example_latest_only.py
[2025-03-27T17:27:51.817+0000] {processor.py:830} INFO - Processing file /home/airflow/.local/lib/python3.8/site-packages/airflow/example_dags/example_latest_only.py for tasks to queue
[2025-03-27T17:27:51.818+0000] {logging_mixin.py:188} INFO - [2025-03-27T17:27:51.817+0000] {dagbag.py:538} INFO - Filling up the DagBag from /home/airflow/.local/lib/python3.8/site-packages/airflow/example_dags/example_latest_only.py
[2025-03-27T17:27:51.823+0000] {processor.py:840} INFO - DAG(s) 'latest_only' retrieved from /home/airflow/.local/lib/python3.8/site-packages/airflow/example_dags/example_latest_only.py
[2025-03-27T17:27:51.920+0000] {logging_mixin.py:188} INFO - [2025-03-27T17:27:51.919+0000] {override.py:1769} INFO - Created Permission View: can edit on DAG:latest_only
[2025-03-27T17:27:51.929+0000] {logging_mixin.py:188} INFO - [2025-03-27T17:27:51.929+0000] {override.py:1769} INFO - Created Permission View: can read on DAG:latest_only
[2025-03-27T17:27:51.935+0000] {logging_mixin.py:188} INFO - [2025-03-27T17:27:51.935+0000] {override.py:1769} INFO - Created Permission View: can delete on DAG:latest_only
[2025-03-27T17:27:51.936+0000] {logging_mixin.py:188} INFO - [2025-03-27T17:27:51.936+0000] {dag.py:3036} INFO - Sync 1 DAGs
[2025-03-27T17:27:51.947+0000] {logging_mixin.py:188} INFO - [2025-03-27T17:27:51.947+0000] {dag.py:3058} INFO - Creating ORM DAG for latest_only
[2025-03-27T17:27:51.956+0000] {logging_mixin.py:188} INFO - [2025-03-27T17:27:51.956+0000] {dag.py:3823} INFO - Setting next_dagrun for latest_only to 2025-03-27 12:00:00+00:00, run_after=2025-03-27 16:00:00+00:00
[2025-03-27T17:27:51.974+0000] {processor.py:183} INFO - Processing /home/airflow/.local/lib/python3.8/site-packages/airflow/example_dags/example_latest_only.py took 0.161 seconds
[2025-03-27T17:28:22.695+0000] {processor.py:161} INFO - Started process (PID=571) to work on /home/airflow/.local/lib/python3.8/site-packages/airflow/example_dags/example_latest_only.py
[2025-03-27T17:28:22.696+0000] {processor.py:830} INFO - Processing file /home/airflow/.local/lib/python3.8/site-packages/airflow/example_dags/example_latest_only.py for tasks to queue
[2025-03-27T17:28:22.697+0000] {logging_mixin.py:188} INFO - [2025-03-27T17:28:22.697+0000] {dagbag.py:538} INFO - Filling up the DagBag from /home/airflow/.local/lib/python3.8/site-packages/airflow/example_dags/example_latest_only.py
[2025-03-27T17:28:22.702+0000] {processor.py:840} INFO - DAG(s) 'latest_only' retrieved from /home/airflow/.local/lib/python3.8/site-packages/airflow/example_dags/example_latest_only.py
[2025-03-27T17:28:22.721+0000] {logging_mixin.py:188} INFO - [2025-03-27T17:28:22.721+0000] {dag.py:3036} INFO - Sync 1 DAGs
[2025-03-27T17:28:22.745+0000] {logging_mixin.py:188} INFO - [2025-03-27T17:28:22.745+0000] {dag.py:3823} INFO - Setting next_dagrun for latest_only to 2025-03-27 12:00:00+00:00, run_after=2025-03-27 16:00:00+00:00
[2025-03-27T17:28:22.764+0000] {processor.py:183} INFO - Processing /home/airflow/.local/lib/python3.8/site-packages/airflow/example_dags/example_latest_only.py took 0.071 seconds
[2025-03-27T17:28:53.417+0000] {processor.py:161} INFO - Started process (PID=844) to work on /home/airflow/.local/lib/python3.8/site-packages/airflow/example_dags/example_latest_only.py
[2025-03-27T17:28:53.419+0000] {processor.py:830} INFO - Processing file /home/airflow/.local/lib/python3.8/site-packages/airflow/example_dags/example_latest_only.py for tasks to queue
[2025-03-27T17:28:53.424+0000] {logging_mixin.py:188} INFO - [2025-03-27T17:28:53.423+0000] {dagbag.py:538} INFO - Filling up the DagBag from /home/airflow/.local/lib/python3.8/site-packages/airflow/example_dags/example_latest_only.py
[2025-03-27T17:28:53.439+0000] {processor.py:840} INFO - DAG(s) 'latest_only' retrieved from /home/airflow/.local/lib/python3.8/site-packages/airflow/example_dags/example_latest_only.py
[2025-03-27T17:28:53.488+0000] {logging_mixin.py:188} INFO - [2025-03-27T17:28:53.488+0000] {dag.py:3036} INFO - Sync 1 DAGs
[2025-03-27T17:28:53.554+0000] {logging_mixin.py:188} INFO - [2025-03-27T17:28:53.554+0000] {dag.py:3823} INFO - Setting next_dagrun for latest_only to 2025-03-27 12:00:00+00:00, run_after=2025-03-27 16:00:00+00:00
[2025-03-27T17:28:53.612+0000] {processor.py:183} INFO - Processing /home/airflow/.local/lib/python3.8/site-packages/airflow/example_dags/example_latest_only.py took 0.205 seconds
[2025-03-27T17:29:24.243+0000] {processor.py:161} INFO - Started process (PID=1509) to work on /home/airflow/.local/lib/python3.8/site-packages/airflow/example_dags/example_latest_only.py
[2025-03-27T17:29:24.255+0000] {processor.py:830} INFO - Processing file /home/airflow/.local/lib/python3.8/site-packages/airflow/example_dags/example_latest_only.py for tasks to queue
[2025-03-27T17:29:24.262+0000] {logging_mixin.py:188} INFO - [2025-03-27T17:29:24.261+0000] {dagbag.py:538} INFO - Filling up the DagBag from /home/airflow/.local/lib/python3.8/site-packages/airflow/example_dags/example_latest_only.py
[2025-03-27T17:29:24.274+0000] {processor.py:840} INFO - DAG(s) 'latest_only' retrieved from /home/airflow/.local/lib/python3.8/site-packages/airflow/example_dags/example_latest_only.py
[2025-03-27T17:29:24.351+0000] {logging_mixin.py:188} INFO - [2025-03-27T17:29:24.350+0000] {dag.py:3036} INFO - Sync 1 DAGs
[2025-03-27T17:29:24.407+0000] {logging_mixin.py:188} INFO - [2025-03-27T17:29:24.407+0000] {dag.py:3823} INFO - Setting next_dagrun for latest_only to 2025-03-27 12:00:00+00:00, run_after=2025-03-27 16:00:00+00:00
[2025-03-27T17:29:24.481+0000] {processor.py:183} INFO - Processing /home/airflow/.local/lib/python3.8/site-packages/airflow/example_dags/example_latest_only.py took 0.251 seconds
