[2025-03-27T17:19:27.511+0000] {processor.py:161} INFO - Started process (PID=252) to work on /home/airflow/.local/lib/python3.8/site-packages/airflow/example_dags/example_nested_branch_dag.py
[2025-03-27T17:19:27.512+0000] {processor.py:830} INFO - Processing file /home/airflow/.local/lib/python3.8/site-packages/airflow/example_dags/example_nested_branch_dag.py for tasks to queue
[2025-03-27T17:19:27.513+0000] {logging_mixin.py:188} INFO - [2025-03-27T17:19:27.513+0000] {dagbag.py:538} INFO - Filling up the DagBag from /home/airflow/.local/lib/python3.8/site-packages/airflow/example_dags/example_nested_branch_dag.py
[2025-03-27T17:19:27.523+0000] {processor.py:840} INFO - DAG(s) 'example_nested_branch_dag' retrieved from /home/airflow/.local/lib/python3.8/site-packages/airflow/example_dags/example_nested_branch_dag.py
[2025-03-27T17:19:27.538+0000] {logging_mixin.py:188} INFO - [2025-03-27T17:19:27.538+0000] {dag.py:3036} INFO - Sync 1 DAGs
[2025-03-27T17:19:27.566+0000] {logging_mixin.py:188} INFO - [2025-03-27T17:19:27.566+0000] {dag.py:3823} INFO - Setting next_dagrun for example_nested_branch_dag to 2025-03-26 00:00:00+00:00, run_after=2025-03-27 00:00:00+00:00
[2025-03-27T17:19:27.592+0000] {processor.py:183} INFO - Processing /home/airflow/.local/lib/python3.8/site-packages/airflow/example_dags/example_nested_branch_dag.py took 0.085 seconds
[2025-03-27T17:19:59.204+0000] {processor.py:161} INFO - Started process (PID=499) to work on /home/airflow/.local/lib/python3.8/site-packages/airflow/example_dags/example_nested_branch_dag.py
[2025-03-27T17:19:59.205+0000] {processor.py:830} INFO - Processing file /home/airflow/.local/lib/python3.8/site-packages/airflow/example_dags/example_nested_branch_dag.py for tasks to queue
[2025-03-27T17:19:59.206+0000] {logging_mixin.py:188} INFO - [2025-03-27T17:19:59.206+0000] {dagbag.py:538} INFO - Filling up the DagBag from /home/airflow/.local/lib/python3.8/site-packages/airflow/example_dags/example_nested_branch_dag.py
[2025-03-27T17:19:59.216+0000] {processor.py:840} INFO - DAG(s) 'example_nested_branch_dag' retrieved from /home/airflow/.local/lib/python3.8/site-packages/airflow/example_dags/example_nested_branch_dag.py
[2025-03-27T17:19:59.356+0000] {logging_mixin.py:188} INFO - [2025-03-27T17:19:59.356+0000] {dag.py:3036} INFO - Sync 1 DAGs
[2025-03-27T17:19:59.383+0000] {logging_mixin.py:188} INFO - [2025-03-27T17:19:59.382+0000] {dag.py:3823} INFO - Setting next_dagrun for example_nested_branch_dag to 2025-03-26 00:00:00+00:00, run_after=2025-03-27 00:00:00+00:00
[2025-03-27T17:19:59.410+0000] {processor.py:183} INFO - Processing /home/airflow/.local/lib/python3.8/site-packages/airflow/example_dags/example_nested_branch_dag.py took 0.210 seconds
[2025-03-27T17:22:38.849+0000] {processor.py:161} INFO - Started process (PID=240) to work on /home/airflow/.local/lib/python3.8/site-packages/airflow/example_dags/example_nested_branch_dag.py
[2025-03-27T17:22:38.850+0000] {processor.py:830} INFO - Processing file /home/airflow/.local/lib/python3.8/site-packages/airflow/example_dags/example_nested_branch_dag.py for tasks to queue
[2025-03-27T17:22:38.851+0000] {logging_mixin.py:188} INFO - [2025-03-27T17:22:38.851+0000] {dagbag.py:538} INFO - Filling up the DagBag from /home/airflow/.local/lib/python3.8/site-packages/airflow/example_dags/example_nested_branch_dag.py
[2025-03-27T17:22:38.859+0000] {processor.py:840} INFO - DAG(s) 'example_nested_branch_dag' retrieved from /home/airflow/.local/lib/python3.8/site-packages/airflow/example_dags/example_nested_branch_dag.py
[2025-03-27T17:22:38.870+0000] {logging_mixin.py:188} INFO - [2025-03-27T17:22:38.870+0000] {dag.py:3036} INFO - Sync 1 DAGs
[2025-03-27T17:22:38.894+0000] {logging_mixin.py:188} INFO - [2025-03-27T17:22:38.894+0000] {dag.py:3823} INFO - Setting next_dagrun for example_nested_branch_dag to 2025-03-26 00:00:00+00:00, run_after=2025-03-27 00:00:00+00:00
[2025-03-27T17:22:38.911+0000] {processor.py:183} INFO - Processing /home/airflow/.local/lib/python3.8/site-packages/airflow/example_dags/example_nested_branch_dag.py took 0.065 seconds
[2025-03-27T17:23:10.244+0000] {processor.py:161} INFO - Started process (PID=487) to work on /home/airflow/.local/lib/python3.8/site-packages/airflow/example_dags/example_nested_branch_dag.py
[2025-03-27T17:23:10.245+0000] {processor.py:830} INFO - Processing file /home/airflow/.local/lib/python3.8/site-packages/airflow/example_dags/example_nested_branch_dag.py for tasks to queue
[2025-03-27T17:23:10.246+0000] {logging_mixin.py:188} INFO - [2025-03-27T17:23:10.245+0000] {dagbag.py:538} INFO - Filling up the DagBag from /home/airflow/.local/lib/python3.8/site-packages/airflow/example_dags/example_nested_branch_dag.py
[2025-03-27T17:23:10.256+0000] {processor.py:840} INFO - DAG(s) 'example_nested_branch_dag' retrieved from /home/airflow/.local/lib/python3.8/site-packages/airflow/example_dags/example_nested_branch_dag.py
[2025-03-27T17:23:10.362+0000] {logging_mixin.py:188} INFO - [2025-03-27T17:23:10.361+0000] {dag.py:3036} INFO - Sync 1 DAGs
[2025-03-27T17:23:10.383+0000] {logging_mixin.py:188} INFO - [2025-03-27T17:23:10.382+0000] {dag.py:3823} INFO - Setting next_dagrun for example_nested_branch_dag to 2025-03-26 00:00:00+00:00, run_after=2025-03-27 00:00:00+00:00
[2025-03-27T17:23:10.402+0000] {processor.py:183} INFO - Processing /home/airflow/.local/lib/python3.8/site-packages/airflow/example_dags/example_nested_branch_dag.py took 0.162 seconds
[2025-03-27T17:23:40.884+0000] {processor.py:161} INFO - Started process (PID=740) to work on /home/airflow/.local/lib/python3.8/site-packages/airflow/example_dags/example_nested_branch_dag.py
[2025-03-27T17:23:40.886+0000] {processor.py:830} INFO - Processing file /home/airflow/.local/lib/python3.8/site-packages/airflow/example_dags/example_nested_branch_dag.py for tasks to queue
[2025-03-27T17:23:40.887+0000] {logging_mixin.py:188} INFO - [2025-03-27T17:23:40.886+0000] {dagbag.py:538} INFO - Filling up the DagBag from /home/airflow/.local/lib/python3.8/site-packages/airflow/example_dags/example_nested_branch_dag.py
[2025-03-27T17:23:40.897+0000] {processor.py:840} INFO - DAG(s) 'example_nested_branch_dag' retrieved from /home/airflow/.local/lib/python3.8/site-packages/airflow/example_dags/example_nested_branch_dag.py
[2025-03-27T17:23:40.919+0000] {logging_mixin.py:188} INFO - [2025-03-27T17:23:40.919+0000] {dag.py:3036} INFO - Sync 1 DAGs
[2025-03-27T17:23:40.946+0000] {logging_mixin.py:188} INFO - [2025-03-27T17:23:40.946+0000] {dag.py:3823} INFO - Setting next_dagrun for example_nested_branch_dag to 2025-03-26 00:00:00+00:00, run_after=2025-03-27 00:00:00+00:00
[2025-03-27T17:23:40.972+0000] {processor.py:183} INFO - Processing /home/airflow/.local/lib/python3.8/site-packages/airflow/example_dags/example_nested_branch_dag.py took 0.091 seconds
[2025-03-27T17:24:11.214+0000] {processor.py:161} INFO - Started process (PID=987) to work on /home/airflow/.local/lib/python3.8/site-packages/airflow/example_dags/example_nested_branch_dag.py
[2025-03-27T17:24:11.214+0000] {processor.py:830} INFO - Processing file /home/airflow/.local/lib/python3.8/site-packages/airflow/example_dags/example_nested_branch_dag.py for tasks to queue
[2025-03-27T17:24:11.215+0000] {logging_mixin.py:188} INFO - [2025-03-27T17:24:11.215+0000] {dagbag.py:538} INFO - Filling up the DagBag from /home/airflow/.local/lib/python3.8/site-packages/airflow/example_dags/example_nested_branch_dag.py
[2025-03-27T17:24:11.225+0000] {processor.py:840} INFO - DAG(s) 'example_nested_branch_dag' retrieved from /home/airflow/.local/lib/python3.8/site-packages/airflow/example_dags/example_nested_branch_dag.py
[2025-03-27T17:24:11.246+0000] {logging_mixin.py:188} INFO - [2025-03-27T17:24:11.245+0000] {dag.py:3036} INFO - Sync 1 DAGs
[2025-03-27T17:24:11.267+0000] {logging_mixin.py:188} INFO - [2025-03-27T17:24:11.267+0000] {dag.py:3823} INFO - Setting next_dagrun for example_nested_branch_dag to 2025-03-26 00:00:00+00:00, run_after=2025-03-27 00:00:00+00:00
[2025-03-27T17:24:11.283+0000] {processor.py:183} INFO - Processing /home/airflow/.local/lib/python3.8/site-packages/airflow/example_dags/example_nested_branch_dag.py took 0.072 seconds
[2025-03-27T17:24:42.223+0000] {processor.py:161} INFO - Started process (PID=1236) to work on /home/airflow/.local/lib/python3.8/site-packages/airflow/example_dags/example_nested_branch_dag.py
[2025-03-27T17:24:42.224+0000] {processor.py:830} INFO - Processing file /home/airflow/.local/lib/python3.8/site-packages/airflow/example_dags/example_nested_branch_dag.py for tasks to queue
[2025-03-27T17:24:42.225+0000] {logging_mixin.py:188} INFO - [2025-03-27T17:24:42.224+0000] {dagbag.py:538} INFO - Filling up the DagBag from /home/airflow/.local/lib/python3.8/site-packages/airflow/example_dags/example_nested_branch_dag.py
[2025-03-27T17:24:42.233+0000] {processor.py:840} INFO - DAG(s) 'example_nested_branch_dag' retrieved from /home/airflow/.local/lib/python3.8/site-packages/airflow/example_dags/example_nested_branch_dag.py
[2025-03-27T17:24:42.252+0000] {logging_mixin.py:188} INFO - [2025-03-27T17:24:42.252+0000] {dag.py:3036} INFO - Sync 1 DAGs
[2025-03-27T17:24:42.274+0000] {logging_mixin.py:188} INFO - [2025-03-27T17:24:42.273+0000] {dag.py:3823} INFO - Setting next_dagrun for example_nested_branch_dag to 2025-03-26 00:00:00+00:00, run_after=2025-03-27 00:00:00+00:00
[2025-03-27T17:24:42.290+0000] {processor.py:183} INFO - Processing /home/airflow/.local/lib/python3.8/site-packages/airflow/example_dags/example_nested_branch_dag.py took 0.070 seconds
[2025-03-27T17:25:12.771+0000] {processor.py:161} INFO - Started process (PID=1483) to work on /home/airflow/.local/lib/python3.8/site-packages/airflow/example_dags/example_nested_branch_dag.py
[2025-03-27T17:25:12.772+0000] {processor.py:830} INFO - Processing file /home/airflow/.local/lib/python3.8/site-packages/airflow/example_dags/example_nested_branch_dag.py for tasks to queue
[2025-03-27T17:25:12.773+0000] {logging_mixin.py:188} INFO - [2025-03-27T17:25:12.773+0000] {dagbag.py:538} INFO - Filling up the DagBag from /home/airflow/.local/lib/python3.8/site-packages/airflow/example_dags/example_nested_branch_dag.py
[2025-03-27T17:25:12.782+0000] {processor.py:840} INFO - DAG(s) 'example_nested_branch_dag' retrieved from /home/airflow/.local/lib/python3.8/site-packages/airflow/example_dags/example_nested_branch_dag.py
[2025-03-27T17:25:12.803+0000] {logging_mixin.py:188} INFO - [2025-03-27T17:25:12.803+0000] {dag.py:3036} INFO - Sync 1 DAGs
[2025-03-27T17:25:12.824+0000] {logging_mixin.py:188} INFO - [2025-03-27T17:25:12.824+0000] {dag.py:3823} INFO - Setting next_dagrun for example_nested_branch_dag to 2025-03-26 00:00:00+00:00, run_after=2025-03-27 00:00:00+00:00
[2025-03-27T17:25:12.841+0000] {processor.py:183} INFO - Processing /home/airflow/.local/lib/python3.8/site-packages/airflow/example_dags/example_nested_branch_dag.py took 0.073 seconds
[2025-03-27T17:27:49.771+0000] {processor.py:161} INFO - Started process (PID=251) to work on /home/airflow/.local/lib/python3.8/site-packages/airflow/example_dags/example_nested_branch_dag.py
[2025-03-27T17:27:49.772+0000] {processor.py:830} INFO - Processing file /home/airflow/.local/lib/python3.8/site-packages/airflow/example_dags/example_nested_branch_dag.py for tasks to queue
[2025-03-27T17:27:49.773+0000] {logging_mixin.py:188} INFO - [2025-03-27T17:27:49.772+0000] {dagbag.py:538} INFO - Filling up the DagBag from /home/airflow/.local/lib/python3.8/site-packages/airflow/example_dags/example_nested_branch_dag.py
[2025-03-27T17:27:49.782+0000] {processor.py:840} INFO - DAG(s) 'example_nested_branch_dag' retrieved from /home/airflow/.local/lib/python3.8/site-packages/airflow/example_dags/example_nested_branch_dag.py
[2025-03-27T17:27:49.892+0000] {logging_mixin.py:188} INFO - [2025-03-27T17:27:49.892+0000] {override.py:1769} INFO - Created Permission View: can edit on DAG:example_nested_branch_dag
[2025-03-27T17:27:49.904+0000] {logging_mixin.py:188} INFO - [2025-03-27T17:27:49.903+0000] {override.py:1769} INFO - Created Permission View: can read on DAG:example_nested_branch_dag
[2025-03-27T17:27:49.912+0000] {logging_mixin.py:188} INFO - [2025-03-27T17:27:49.912+0000] {override.py:1769} INFO - Created Permission View: can delete on DAG:example_nested_branch_dag
[2025-03-27T17:27:49.913+0000] {logging_mixin.py:188} INFO - [2025-03-27T17:27:49.913+0000] {dag.py:3036} INFO - Sync 1 DAGs
[2025-03-27T17:27:49.925+0000] {logging_mixin.py:188} INFO - [2025-03-27T17:27:49.925+0000] {dag.py:3058} INFO - Creating ORM DAG for example_nested_branch_dag
[2025-03-27T17:27:49.938+0000] {logging_mixin.py:188} INFO - [2025-03-27T17:27:49.937+0000] {dag.py:3823} INFO - Setting next_dagrun for example_nested_branch_dag to 2025-03-26 00:00:00+00:00, run_after=2025-03-27 00:00:00+00:00
[2025-03-27T17:27:49.958+0000] {processor.py:183} INFO - Processing /home/airflow/.local/lib/python3.8/site-packages/airflow/example_dags/example_nested_branch_dag.py took 0.190 seconds
[2025-03-27T17:28:20.050+0000] {processor.py:161} INFO - Started process (PID=503) to work on /home/airflow/.local/lib/python3.8/site-packages/airflow/example_dags/example_nested_branch_dag.py
[2025-03-27T17:28:20.051+0000] {processor.py:830} INFO - Processing file /home/airflow/.local/lib/python3.8/site-packages/airflow/example_dags/example_nested_branch_dag.py for tasks to queue
[2025-03-27T17:28:20.052+0000] {logging_mixin.py:188} INFO - [2025-03-27T17:28:20.051+0000] {dagbag.py:538} INFO - Filling up the DagBag from /home/airflow/.local/lib/python3.8/site-packages/airflow/example_dags/example_nested_branch_dag.py
[2025-03-27T17:28:20.060+0000] {processor.py:840} INFO - DAG(s) 'example_nested_branch_dag' retrieved from /home/airflow/.local/lib/python3.8/site-packages/airflow/example_dags/example_nested_branch_dag.py
[2025-03-27T17:28:20.079+0000] {logging_mixin.py:188} INFO - [2025-03-27T17:28:20.079+0000] {dag.py:3036} INFO - Sync 1 DAGs
[2025-03-27T17:28:20.100+0000] {logging_mixin.py:188} INFO - [2025-03-27T17:28:20.099+0000] {dag.py:3823} INFO - Setting next_dagrun for example_nested_branch_dag to 2025-03-26 00:00:00+00:00, run_after=2025-03-27 00:00:00+00:00
[2025-03-27T17:28:20.116+0000] {processor.py:183} INFO - Processing /home/airflow/.local/lib/python3.8/site-packages/airflow/example_dags/example_nested_branch_dag.py took 0.069 seconds
[2025-03-27T17:28:50.299+0000] {processor.py:161} INFO - Started process (PID=755) to work on /home/airflow/.local/lib/python3.8/site-packages/airflow/example_dags/example_nested_branch_dag.py
[2025-03-27T17:28:50.300+0000] {processor.py:830} INFO - Processing file /home/airflow/.local/lib/python3.8/site-packages/airflow/example_dags/example_nested_branch_dag.py for tasks to queue
[2025-03-27T17:28:50.301+0000] {logging_mixin.py:188} INFO - [2025-03-27T17:28:50.301+0000] {dagbag.py:538} INFO - Filling up the DagBag from /home/airflow/.local/lib/python3.8/site-packages/airflow/example_dags/example_nested_branch_dag.py
[2025-03-27T17:28:50.309+0000] {processor.py:840} INFO - DAG(s) 'example_nested_branch_dag' retrieved from /home/airflow/.local/lib/python3.8/site-packages/airflow/example_dags/example_nested_branch_dag.py
[2025-03-27T17:28:50.330+0000] {logging_mixin.py:188} INFO - [2025-03-27T17:28:50.330+0000] {dag.py:3036} INFO - Sync 1 DAGs
[2025-03-27T17:28:50.350+0000] {logging_mixin.py:188} INFO - [2025-03-27T17:28:50.350+0000] {dag.py:3823} INFO - Setting next_dagrun for example_nested_branch_dag to 2025-03-26 00:00:00+00:00, run_after=2025-03-27 00:00:00+00:00
[2025-03-27T17:28:50.367+0000] {processor.py:183} INFO - Processing /home/airflow/.local/lib/python3.8/site-packages/airflow/example_dags/example_nested_branch_dag.py took 0.070 seconds
[2025-03-27T17:29:20.776+0000] {processor.py:161} INFO - Started process (PID=1399) to work on /home/airflow/.local/lib/python3.8/site-packages/airflow/example_dags/example_nested_branch_dag.py
[2025-03-27T17:29:20.777+0000] {processor.py:830} INFO - Processing file /home/airflow/.local/lib/python3.8/site-packages/airflow/example_dags/example_nested_branch_dag.py for tasks to queue
[2025-03-27T17:29:20.777+0000] {logging_mixin.py:188} INFO - [2025-03-27T17:29:20.777+0000] {dagbag.py:538} INFO - Filling up the DagBag from /home/airflow/.local/lib/python3.8/site-packages/airflow/example_dags/example_nested_branch_dag.py
[2025-03-27T17:29:20.786+0000] {processor.py:840} INFO - DAG(s) 'example_nested_branch_dag' retrieved from /home/airflow/.local/lib/python3.8/site-packages/airflow/example_dags/example_nested_branch_dag.py
[2025-03-27T17:29:20.806+0000] {logging_mixin.py:188} INFO - [2025-03-27T17:29:20.806+0000] {dag.py:3036} INFO - Sync 1 DAGs
[2025-03-27T17:29:20.832+0000] {logging_mixin.py:188} INFO - [2025-03-27T17:29:20.832+0000] {dag.py:3823} INFO - Setting next_dagrun for example_nested_branch_dag to 2025-03-26 00:00:00+00:00, run_after=2025-03-27 00:00:00+00:00
[2025-03-27T17:29:20.853+0000] {processor.py:183} INFO - Processing /home/airflow/.local/lib/python3.8/site-packages/airflow/example_dags/example_nested_branch_dag.py took 0.080 seconds
