[2025-03-27T16:26:59.718+0000] {processor.py:161} INFO - Started process (PID=198) to work on /home/airflow/.local/lib/python3.8/site-packages/airflow/example_dags/example_sensor_decorator.py
[2025-03-27T16:26:59.719+0000] {processor.py:830} INFO - Processing file /home/airflow/.local/lib/python3.8/site-packages/airflow/example_dags/example_sensor_decorator.py for tasks to queue
[2025-03-27T16:26:59.720+0000] {logging_mixin.py:188} INFO - [2025-03-27T16:26:59.719+0000] {dagbag.py:538} INFO - Filling up the DagBag from /home/airflow/.local/lib/python3.8/site-packages/airflow/example_dags/example_sensor_decorator.py
[2025-03-27T16:26:59.727+0000] {processor.py:840} INFO - DAG(s) 'example_sensor_decorator' retrieved from /home/airflow/.local/lib/python3.8/site-packages/airflow/example_dags/example_sensor_decorator.py
[2025-03-27T16:26:59.737+0000] {logging_mixin.py:188} INFO - [2025-03-27T16:26:59.737+0000] {dag.py:3036} INFO - Sync 1 DAGs
[2025-03-27T16:26:59.749+0000] {logging_mixin.py:188} INFO - [2025-03-27T16:26:59.748+0000] {dag.py:3823} INFO - Setting next_dagrun for example_sensor_decorator to None, run_after=None
[2025-03-27T16:26:59.765+0000] {processor.py:183} INFO - Processing /home/airflow/.local/lib/python3.8/site-packages/airflow/example_dags/example_sensor_decorator.py took 0.050 seconds
[2025-03-27T16:27:30.052+0000] {processor.py:161} INFO - Started process (PID=445) to work on /home/airflow/.local/lib/python3.8/site-packages/airflow/example_dags/example_sensor_decorator.py
[2025-03-27T16:27:30.053+0000] {processor.py:830} INFO - Processing file /home/airflow/.local/lib/python3.8/site-packages/airflow/example_dags/example_sensor_decorator.py for tasks to queue
[2025-03-27T16:27:30.054+0000] {logging_mixin.py:188} INFO - [2025-03-27T16:27:30.054+0000] {dagbag.py:538} INFO - Filling up the DagBag from /home/airflow/.local/lib/python3.8/site-packages/airflow/example_dags/example_sensor_decorator.py
[2025-03-27T16:27:30.059+0000] {processor.py:840} INFO - DAG(s) 'example_sensor_decorator' retrieved from /home/airflow/.local/lib/python3.8/site-packages/airflow/example_dags/example_sensor_decorator.py
[2025-03-27T16:27:30.146+0000] {logging_mixin.py:188} INFO - [2025-03-27T16:27:30.145+0000] {dag.py:3036} INFO - Sync 1 DAGs
[2025-03-27T16:27:30.155+0000] {logging_mixin.py:188} INFO - [2025-03-27T16:27:30.155+0000] {dag.py:3823} INFO - Setting next_dagrun for example_sensor_decorator to None, run_after=None
[2025-03-27T16:27:30.171+0000] {processor.py:183} INFO - Processing /home/airflow/.local/lib/python3.8/site-packages/airflow/example_dags/example_sensor_decorator.py took 0.121 seconds
[2025-03-27T16:28:00.240+0000] {processor.py:161} INFO - Started process (PID=692) to work on /home/airflow/.local/lib/python3.8/site-packages/airflow/example_dags/example_sensor_decorator.py
[2025-03-27T16:28:00.241+0000] {processor.py:830} INFO - Processing file /home/airflow/.local/lib/python3.8/site-packages/airflow/example_dags/example_sensor_decorator.py for tasks to queue
[2025-03-27T16:28:00.242+0000] {logging_mixin.py:188} INFO - [2025-03-27T16:28:00.241+0000] {dagbag.py:538} INFO - Filling up the DagBag from /home/airflow/.local/lib/python3.8/site-packages/airflow/example_dags/example_sensor_decorator.py
[2025-03-27T16:28:00.246+0000] {processor.py:840} INFO - DAG(s) 'example_sensor_decorator' retrieved from /home/airflow/.local/lib/python3.8/site-packages/airflow/example_dags/example_sensor_decorator.py
[2025-03-27T16:28:00.263+0000] {logging_mixin.py:188} INFO - [2025-03-27T16:28:00.263+0000] {dag.py:3036} INFO - Sync 1 DAGs
[2025-03-27T16:28:00.274+0000] {logging_mixin.py:188} INFO - [2025-03-27T16:28:00.274+0000] {dag.py:3823} INFO - Setting next_dagrun for example_sensor_decorator to None, run_after=None
[2025-03-27T16:28:00.292+0000] {processor.py:183} INFO - Processing /home/airflow/.local/lib/python3.8/site-packages/airflow/example_dags/example_sensor_decorator.py took 0.055 seconds
[2025-03-27T16:28:30.470+0000] {processor.py:161} INFO - Started process (PID=939) to work on /home/airflow/.local/lib/python3.8/site-packages/airflow/example_dags/example_sensor_decorator.py
[2025-03-27T16:28:30.471+0000] {processor.py:830} INFO - Processing file /home/airflow/.local/lib/python3.8/site-packages/airflow/example_dags/example_sensor_decorator.py for tasks to queue
[2025-03-27T16:28:30.472+0000] {logging_mixin.py:188} INFO - [2025-03-27T16:28:30.472+0000] {dagbag.py:538} INFO - Filling up the DagBag from /home/airflow/.local/lib/python3.8/site-packages/airflow/example_dags/example_sensor_decorator.py
[2025-03-27T16:28:30.477+0000] {processor.py:840} INFO - DAG(s) 'example_sensor_decorator' retrieved from /home/airflow/.local/lib/python3.8/site-packages/airflow/example_dags/example_sensor_decorator.py
[2025-03-27T16:28:30.495+0000] {logging_mixin.py:188} INFO - [2025-03-27T16:28:30.495+0000] {dag.py:3036} INFO - Sync 1 DAGs
[2025-03-27T16:28:30.506+0000] {logging_mixin.py:188} INFO - [2025-03-27T16:28:30.505+0000] {dag.py:3823} INFO - Setting next_dagrun for example_sensor_decorator to None, run_after=None
[2025-03-27T16:28:30.521+0000] {processor.py:183} INFO - Processing /home/airflow/.local/lib/python3.8/site-packages/airflow/example_dags/example_sensor_decorator.py took 0.054 seconds
[2025-03-27T16:29:01.154+0000] {processor.py:161} INFO - Started process (PID=1186) to work on /home/airflow/.local/lib/python3.8/site-packages/airflow/example_dags/example_sensor_decorator.py
[2025-03-27T16:29:01.155+0000] {processor.py:830} INFO - Processing file /home/airflow/.local/lib/python3.8/site-packages/airflow/example_dags/example_sensor_decorator.py for tasks to queue
[2025-03-27T16:29:01.156+0000] {logging_mixin.py:188} INFO - [2025-03-27T16:29:01.156+0000] {dagbag.py:538} INFO - Filling up the DagBag from /home/airflow/.local/lib/python3.8/site-packages/airflow/example_dags/example_sensor_decorator.py
[2025-03-27T16:29:01.161+0000] {processor.py:840} INFO - DAG(s) 'example_sensor_decorator' retrieved from /home/airflow/.local/lib/python3.8/site-packages/airflow/example_dags/example_sensor_decorator.py
[2025-03-27T16:29:01.178+0000] {logging_mixin.py:188} INFO - [2025-03-27T16:29:01.178+0000] {dag.py:3036} INFO - Sync 1 DAGs
[2025-03-27T16:29:01.188+0000] {logging_mixin.py:188} INFO - [2025-03-27T16:29:01.188+0000] {dag.py:3823} INFO - Setting next_dagrun for example_sensor_decorator to None, run_after=None
[2025-03-27T16:29:01.204+0000] {processor.py:183} INFO - Processing /home/airflow/.local/lib/python3.8/site-packages/airflow/example_dags/example_sensor_decorator.py took 0.052 seconds
[2025-03-27T16:29:31.786+0000] {processor.py:161} INFO - Started process (PID=1433) to work on /home/airflow/.local/lib/python3.8/site-packages/airflow/example_dags/example_sensor_decorator.py
[2025-03-27T16:29:31.787+0000] {processor.py:830} INFO - Processing file /home/airflow/.local/lib/python3.8/site-packages/airflow/example_dags/example_sensor_decorator.py for tasks to queue
[2025-03-27T16:29:31.788+0000] {logging_mixin.py:188} INFO - [2025-03-27T16:29:31.788+0000] {dagbag.py:538} INFO - Filling up the DagBag from /home/airflow/.local/lib/python3.8/site-packages/airflow/example_dags/example_sensor_decorator.py
[2025-03-27T16:29:31.793+0000] {processor.py:840} INFO - DAG(s) 'example_sensor_decorator' retrieved from /home/airflow/.local/lib/python3.8/site-packages/airflow/example_dags/example_sensor_decorator.py
[2025-03-27T16:29:31.811+0000] {logging_mixin.py:188} INFO - [2025-03-27T16:29:31.810+0000] {dag.py:3036} INFO - Sync 1 DAGs
[2025-03-27T16:29:31.822+0000] {logging_mixin.py:188} INFO - [2025-03-27T16:29:31.821+0000] {dag.py:3823} INFO - Setting next_dagrun for example_sensor_decorator to None, run_after=None
[2025-03-27T16:29:31.839+0000] {processor.py:183} INFO - Processing /home/airflow/.local/lib/python3.8/site-packages/airflow/example_dags/example_sensor_decorator.py took 0.056 seconds
[2025-03-27T16:30:02.366+0000] {processor.py:161} INFO - Started process (PID=1680) to work on /home/airflow/.local/lib/python3.8/site-packages/airflow/example_dags/example_sensor_decorator.py
[2025-03-27T16:30:02.367+0000] {processor.py:830} INFO - Processing file /home/airflow/.local/lib/python3.8/site-packages/airflow/example_dags/example_sensor_decorator.py for tasks to queue
[2025-03-27T16:30:02.368+0000] {logging_mixin.py:188} INFO - [2025-03-27T16:30:02.368+0000] {dagbag.py:538} INFO - Filling up the DagBag from /home/airflow/.local/lib/python3.8/site-packages/airflow/example_dags/example_sensor_decorator.py
[2025-03-27T16:30:02.373+0000] {processor.py:840} INFO - DAG(s) 'example_sensor_decorator' retrieved from /home/airflow/.local/lib/python3.8/site-packages/airflow/example_dags/example_sensor_decorator.py
[2025-03-27T16:30:02.390+0000] {logging_mixin.py:188} INFO - [2025-03-27T16:30:02.390+0000] {dag.py:3036} INFO - Sync 1 DAGs
[2025-03-27T16:30:02.401+0000] {logging_mixin.py:188} INFO - [2025-03-27T16:30:02.401+0000] {dag.py:3823} INFO - Setting next_dagrun for example_sensor_decorator to None, run_after=None
[2025-03-27T16:30:02.417+0000] {processor.py:183} INFO - Processing /home/airflow/.local/lib/python3.8/site-packages/airflow/example_dags/example_sensor_decorator.py took 0.053 seconds
[2025-03-27T16:30:32.916+0000] {processor.py:161} INFO - Started process (PID=1933) to work on /home/airflow/.local/lib/python3.8/site-packages/airflow/example_dags/example_sensor_decorator.py
[2025-03-27T16:30:32.917+0000] {processor.py:830} INFO - Processing file /home/airflow/.local/lib/python3.8/site-packages/airflow/example_dags/example_sensor_decorator.py for tasks to queue
[2025-03-27T16:30:32.917+0000] {logging_mixin.py:188} INFO - [2025-03-27T16:30:32.917+0000] {dagbag.py:538} INFO - Filling up the DagBag from /home/airflow/.local/lib/python3.8/site-packages/airflow/example_dags/example_sensor_decorator.py
[2025-03-27T16:30:32.922+0000] {processor.py:840} INFO - DAG(s) 'example_sensor_decorator' retrieved from /home/airflow/.local/lib/python3.8/site-packages/airflow/example_dags/example_sensor_decorator.py
[2025-03-27T16:30:32.939+0000] {logging_mixin.py:188} INFO - [2025-03-27T16:30:32.939+0000] {dag.py:3036} INFO - Sync 1 DAGs
[2025-03-27T16:30:32.949+0000] {logging_mixin.py:188} INFO - [2025-03-27T16:30:32.949+0000] {dag.py:3823} INFO - Setting next_dagrun for example_sensor_decorator to None, run_after=None
[2025-03-27T16:30:32.965+0000] {processor.py:183} INFO - Processing /home/airflow/.local/lib/python3.8/site-packages/airflow/example_dags/example_sensor_decorator.py took 0.052 seconds
[2025-03-27T16:31:03.352+0000] {processor.py:161} INFO - Started process (PID=2180) to work on /home/airflow/.local/lib/python3.8/site-packages/airflow/example_dags/example_sensor_decorator.py
[2025-03-27T16:31:03.353+0000] {processor.py:830} INFO - Processing file /home/airflow/.local/lib/python3.8/site-packages/airflow/example_dags/example_sensor_decorator.py for tasks to queue
[2025-03-27T16:31:03.354+0000] {logging_mixin.py:188} INFO - [2025-03-27T16:31:03.353+0000] {dagbag.py:538} INFO - Filling up the DagBag from /home/airflow/.local/lib/python3.8/site-packages/airflow/example_dags/example_sensor_decorator.py
[2025-03-27T16:31:03.358+0000] {processor.py:840} INFO - DAG(s) 'example_sensor_decorator' retrieved from /home/airflow/.local/lib/python3.8/site-packages/airflow/example_dags/example_sensor_decorator.py
[2025-03-27T16:31:03.376+0000] {logging_mixin.py:188} INFO - [2025-03-27T16:31:03.375+0000] {dag.py:3036} INFO - Sync 1 DAGs
[2025-03-27T16:31:03.387+0000] {logging_mixin.py:188} INFO - [2025-03-27T16:31:03.387+0000] {dag.py:3823} INFO - Setting next_dagrun for example_sensor_decorator to None, run_after=None
[2025-03-27T16:31:03.402+0000] {processor.py:183} INFO - Processing /home/airflow/.local/lib/python3.8/site-packages/airflow/example_dags/example_sensor_decorator.py took 0.053 seconds
[2025-03-27T16:31:33.868+0000] {processor.py:161} INFO - Started process (PID=2427) to work on /home/airflow/.local/lib/python3.8/site-packages/airflow/example_dags/example_sensor_decorator.py
[2025-03-27T16:31:33.869+0000] {processor.py:830} INFO - Processing file /home/airflow/.local/lib/python3.8/site-packages/airflow/example_dags/example_sensor_decorator.py for tasks to queue
[2025-03-27T16:31:33.870+0000] {logging_mixin.py:188} INFO - [2025-03-27T16:31:33.870+0000] {dagbag.py:538} INFO - Filling up the DagBag from /home/airflow/.local/lib/python3.8/site-packages/airflow/example_dags/example_sensor_decorator.py
[2025-03-27T16:31:33.875+0000] {processor.py:840} INFO - DAG(s) 'example_sensor_decorator' retrieved from /home/airflow/.local/lib/python3.8/site-packages/airflow/example_dags/example_sensor_decorator.py
[2025-03-27T16:31:33.892+0000] {logging_mixin.py:188} INFO - [2025-03-27T16:31:33.892+0000] {dag.py:3036} INFO - Sync 1 DAGs
[2025-03-27T16:31:33.903+0000] {logging_mixin.py:188} INFO - [2025-03-27T16:31:33.902+0000] {dag.py:3823} INFO - Setting next_dagrun for example_sensor_decorator to None, run_after=None
[2025-03-27T16:31:33.919+0000] {processor.py:183} INFO - Processing /home/airflow/.local/lib/python3.8/site-packages/airflow/example_dags/example_sensor_decorator.py took 0.053 seconds
[2025-03-27T16:32:04.030+0000] {processor.py:161} INFO - Started process (PID=2674) to work on /home/airflow/.local/lib/python3.8/site-packages/airflow/example_dags/example_sensor_decorator.py
[2025-03-27T16:32:04.031+0000] {processor.py:830} INFO - Processing file /home/airflow/.local/lib/python3.8/site-packages/airflow/example_dags/example_sensor_decorator.py for tasks to queue
[2025-03-27T16:32:04.032+0000] {logging_mixin.py:188} INFO - [2025-03-27T16:32:04.032+0000] {dagbag.py:538} INFO - Filling up the DagBag from /home/airflow/.local/lib/python3.8/site-packages/airflow/example_dags/example_sensor_decorator.py
[2025-03-27T16:32:04.037+0000] {processor.py:840} INFO - DAG(s) 'example_sensor_decorator' retrieved from /home/airflow/.local/lib/python3.8/site-packages/airflow/example_dags/example_sensor_decorator.py
[2025-03-27T16:32:04.054+0000] {logging_mixin.py:188} INFO - [2025-03-27T16:32:04.054+0000] {dag.py:3036} INFO - Sync 1 DAGs
[2025-03-27T16:32:04.065+0000] {logging_mixin.py:188} INFO - [2025-03-27T16:32:04.065+0000] {dag.py:3823} INFO - Setting next_dagrun for example_sensor_decorator to None, run_after=None
[2025-03-27T16:32:04.081+0000] {processor.py:183} INFO - Processing /home/airflow/.local/lib/python3.8/site-packages/airflow/example_dags/example_sensor_decorator.py took 0.053 seconds
[2025-03-27T16:32:34.722+0000] {processor.py:161} INFO - Started process (PID=2921) to work on /home/airflow/.local/lib/python3.8/site-packages/airflow/example_dags/example_sensor_decorator.py
[2025-03-27T16:32:34.723+0000] {processor.py:830} INFO - Processing file /home/airflow/.local/lib/python3.8/site-packages/airflow/example_dags/example_sensor_decorator.py for tasks to queue
[2025-03-27T16:32:34.724+0000] {logging_mixin.py:188} INFO - [2025-03-27T16:32:34.724+0000] {dagbag.py:538} INFO - Filling up the DagBag from /home/airflow/.local/lib/python3.8/site-packages/airflow/example_dags/example_sensor_decorator.py
[2025-03-27T16:32:34.729+0000] {processor.py:840} INFO - DAG(s) 'example_sensor_decorator' retrieved from /home/airflow/.local/lib/python3.8/site-packages/airflow/example_dags/example_sensor_decorator.py
[2025-03-27T16:32:34.746+0000] {logging_mixin.py:188} INFO - [2025-03-27T16:32:34.746+0000] {dag.py:3036} INFO - Sync 1 DAGs
[2025-03-27T16:32:34.757+0000] {logging_mixin.py:188} INFO - [2025-03-27T16:32:34.756+0000] {dag.py:3823} INFO - Setting next_dagrun for example_sensor_decorator to None, run_after=None
[2025-03-27T16:32:34.772+0000] {processor.py:183} INFO - Processing /home/airflow/.local/lib/python3.8/site-packages/airflow/example_dags/example_sensor_decorator.py took 0.053 seconds
[2025-03-27T16:33:05.803+0000] {processor.py:161} INFO - Started process (PID=3168) to work on /home/airflow/.local/lib/python3.8/site-packages/airflow/example_dags/example_sensor_decorator.py
[2025-03-27T16:33:05.804+0000] {processor.py:830} INFO - Processing file /home/airflow/.local/lib/python3.8/site-packages/airflow/example_dags/example_sensor_decorator.py for tasks to queue
[2025-03-27T16:33:05.805+0000] {logging_mixin.py:188} INFO - [2025-03-27T16:33:05.805+0000] {dagbag.py:538} INFO - Filling up the DagBag from /home/airflow/.local/lib/python3.8/site-packages/airflow/example_dags/example_sensor_decorator.py
[2025-03-27T16:33:05.811+0000] {processor.py:840} INFO - DAG(s) 'example_sensor_decorator' retrieved from /home/airflow/.local/lib/python3.8/site-packages/airflow/example_dags/example_sensor_decorator.py
[2025-03-27T16:33:05.832+0000] {logging_mixin.py:188} INFO - [2025-03-27T16:33:05.832+0000] {dag.py:3036} INFO - Sync 1 DAGs
[2025-03-27T16:33:05.845+0000] {logging_mixin.py:188} INFO - [2025-03-27T16:33:05.844+0000] {dag.py:3823} INFO - Setting next_dagrun for example_sensor_decorator to None, run_after=None
[2025-03-27T16:33:05.864+0000] {processor.py:183} INFO - Processing /home/airflow/.local/lib/python3.8/site-packages/airflow/example_dags/example_sensor_decorator.py took 0.065 seconds
[2025-03-27T16:33:35.966+0000] {processor.py:161} INFO - Started process (PID=3415) to work on /home/airflow/.local/lib/python3.8/site-packages/airflow/example_dags/example_sensor_decorator.py
[2025-03-27T16:33:35.967+0000] {processor.py:830} INFO - Processing file /home/airflow/.local/lib/python3.8/site-packages/airflow/example_dags/example_sensor_decorator.py for tasks to queue
[2025-03-27T16:33:35.968+0000] {logging_mixin.py:188} INFO - [2025-03-27T16:33:35.968+0000] {dagbag.py:538} INFO - Filling up the DagBag from /home/airflow/.local/lib/python3.8/site-packages/airflow/example_dags/example_sensor_decorator.py
[2025-03-27T16:33:35.973+0000] {processor.py:840} INFO - DAG(s) 'example_sensor_decorator' retrieved from /home/airflow/.local/lib/python3.8/site-packages/airflow/example_dags/example_sensor_decorator.py
[2025-03-27T16:33:35.990+0000] {logging_mixin.py:188} INFO - [2025-03-27T16:33:35.990+0000] {dag.py:3036} INFO - Sync 1 DAGs
[2025-03-27T16:33:36.001+0000] {logging_mixin.py:188} INFO - [2025-03-27T16:33:36.001+0000] {dag.py:3823} INFO - Setting next_dagrun for example_sensor_decorator to None, run_after=None
[2025-03-27T16:33:36.017+0000] {processor.py:183} INFO - Processing /home/airflow/.local/lib/python3.8/site-packages/airflow/example_dags/example_sensor_decorator.py took 0.053 seconds
[2025-03-27T16:34:06.481+0000] {processor.py:161} INFO - Started process (PID=3662) to work on /home/airflow/.local/lib/python3.8/site-packages/airflow/example_dags/example_sensor_decorator.py
[2025-03-27T16:34:06.482+0000] {processor.py:830} INFO - Processing file /home/airflow/.local/lib/python3.8/site-packages/airflow/example_dags/example_sensor_decorator.py for tasks to queue
[2025-03-27T16:34:06.483+0000] {logging_mixin.py:188} INFO - [2025-03-27T16:34:06.483+0000] {dagbag.py:538} INFO - Filling up the DagBag from /home/airflow/.local/lib/python3.8/site-packages/airflow/example_dags/example_sensor_decorator.py
[2025-03-27T16:34:06.488+0000] {processor.py:840} INFO - DAG(s) 'example_sensor_decorator' retrieved from /home/airflow/.local/lib/python3.8/site-packages/airflow/example_dags/example_sensor_decorator.py
[2025-03-27T16:34:06.506+0000] {logging_mixin.py:188} INFO - [2025-03-27T16:34:06.505+0000] {dag.py:3036} INFO - Sync 1 DAGs
[2025-03-27T16:34:06.517+0000] {logging_mixin.py:188} INFO - [2025-03-27T16:34:06.516+0000] {dag.py:3823} INFO - Setting next_dagrun for example_sensor_decorator to None, run_after=None
[2025-03-27T16:34:06.533+0000] {processor.py:183} INFO - Processing /home/airflow/.local/lib/python3.8/site-packages/airflow/example_dags/example_sensor_decorator.py took 0.054 seconds
[2025-03-27T16:34:36.860+0000] {processor.py:161} INFO - Started process (PID=3909) to work on /home/airflow/.local/lib/python3.8/site-packages/airflow/example_dags/example_sensor_decorator.py
[2025-03-27T16:34:36.861+0000] {processor.py:830} INFO - Processing file /home/airflow/.local/lib/python3.8/site-packages/airflow/example_dags/example_sensor_decorator.py for tasks to queue
[2025-03-27T16:34:36.862+0000] {logging_mixin.py:188} INFO - [2025-03-27T16:34:36.862+0000] {dagbag.py:538} INFO - Filling up the DagBag from /home/airflow/.local/lib/python3.8/site-packages/airflow/example_dags/example_sensor_decorator.py
[2025-03-27T16:34:36.867+0000] {processor.py:840} INFO - DAG(s) 'example_sensor_decorator' retrieved from /home/airflow/.local/lib/python3.8/site-packages/airflow/example_dags/example_sensor_decorator.py
[2025-03-27T16:34:36.884+0000] {logging_mixin.py:188} INFO - [2025-03-27T16:34:36.884+0000] {dag.py:3036} INFO - Sync 1 DAGs
[2025-03-27T16:34:36.894+0000] {logging_mixin.py:188} INFO - [2025-03-27T16:34:36.894+0000] {dag.py:3823} INFO - Setting next_dagrun for example_sensor_decorator to None, run_after=None
[2025-03-27T16:34:36.911+0000] {processor.py:183} INFO - Processing /home/airflow/.local/lib/python3.8/site-packages/airflow/example_dags/example_sensor_decorator.py took 0.053 seconds
[2025-03-27T16:35:07.289+0000] {processor.py:161} INFO - Started process (PID=4156) to work on /home/airflow/.local/lib/python3.8/site-packages/airflow/example_dags/example_sensor_decorator.py
[2025-03-27T16:35:07.290+0000] {processor.py:830} INFO - Processing file /home/airflow/.local/lib/python3.8/site-packages/airflow/example_dags/example_sensor_decorator.py for tasks to queue
[2025-03-27T16:35:07.291+0000] {logging_mixin.py:188} INFO - [2025-03-27T16:35:07.290+0000] {dagbag.py:538} INFO - Filling up the DagBag from /home/airflow/.local/lib/python3.8/site-packages/airflow/example_dags/example_sensor_decorator.py
[2025-03-27T16:35:07.296+0000] {processor.py:840} INFO - DAG(s) 'example_sensor_decorator' retrieved from /home/airflow/.local/lib/python3.8/site-packages/airflow/example_dags/example_sensor_decorator.py
[2025-03-27T16:35:07.316+0000] {logging_mixin.py:188} INFO - [2025-03-27T16:35:07.316+0000] {dag.py:3036} INFO - Sync 1 DAGs
[2025-03-27T16:35:07.327+0000] {logging_mixin.py:188} INFO - [2025-03-27T16:35:07.327+0000] {dag.py:3823} INFO - Setting next_dagrun for example_sensor_decorator to None, run_after=None
[2025-03-27T16:35:07.343+0000] {processor.py:183} INFO - Processing /home/airflow/.local/lib/python3.8/site-packages/airflow/example_dags/example_sensor_decorator.py took 0.057 seconds
[2025-03-27T16:35:37.737+0000] {processor.py:161} INFO - Started process (PID=4403) to work on /home/airflow/.local/lib/python3.8/site-packages/airflow/example_dags/example_sensor_decorator.py
[2025-03-27T16:35:37.738+0000] {processor.py:830} INFO - Processing file /home/airflow/.local/lib/python3.8/site-packages/airflow/example_dags/example_sensor_decorator.py for tasks to queue
[2025-03-27T16:35:37.739+0000] {logging_mixin.py:188} INFO - [2025-03-27T16:35:37.739+0000] {dagbag.py:538} INFO - Filling up the DagBag from /home/airflow/.local/lib/python3.8/site-packages/airflow/example_dags/example_sensor_decorator.py
[2025-03-27T16:35:37.745+0000] {processor.py:840} INFO - DAG(s) 'example_sensor_decorator' retrieved from /home/airflow/.local/lib/python3.8/site-packages/airflow/example_dags/example_sensor_decorator.py
[2025-03-27T16:35:37.765+0000] {logging_mixin.py:188} INFO - [2025-03-27T16:35:37.765+0000] {dag.py:3036} INFO - Sync 1 DAGs
[2025-03-27T16:35:37.777+0000] {logging_mixin.py:188} INFO - [2025-03-27T16:35:37.777+0000] {dag.py:3823} INFO - Setting next_dagrun for example_sensor_decorator to None, run_after=None
[2025-03-27T16:35:37.796+0000] {processor.py:183} INFO - Processing /home/airflow/.local/lib/python3.8/site-packages/airflow/example_dags/example_sensor_decorator.py took 0.062 seconds
[2025-03-27T16:36:08.061+0000] {processor.py:161} INFO - Started process (PID=4650) to work on /home/airflow/.local/lib/python3.8/site-packages/airflow/example_dags/example_sensor_decorator.py
[2025-03-27T16:36:08.062+0000] {processor.py:830} INFO - Processing file /home/airflow/.local/lib/python3.8/site-packages/airflow/example_dags/example_sensor_decorator.py for tasks to queue
[2025-03-27T16:36:08.063+0000] {logging_mixin.py:188} INFO - [2025-03-27T16:36:08.063+0000] {dagbag.py:538} INFO - Filling up the DagBag from /home/airflow/.local/lib/python3.8/site-packages/airflow/example_dags/example_sensor_decorator.py
[2025-03-27T16:36:08.068+0000] {processor.py:840} INFO - DAG(s) 'example_sensor_decorator' retrieved from /home/airflow/.local/lib/python3.8/site-packages/airflow/example_dags/example_sensor_decorator.py
[2025-03-27T16:36:08.085+0000] {logging_mixin.py:188} INFO - [2025-03-27T16:36:08.085+0000] {dag.py:3036} INFO - Sync 1 DAGs
[2025-03-27T16:36:08.095+0000] {logging_mixin.py:188} INFO - [2025-03-27T16:36:08.095+0000] {dag.py:3823} INFO - Setting next_dagrun for example_sensor_decorator to None, run_after=None
[2025-03-27T16:36:08.111+0000] {processor.py:183} INFO - Processing /home/airflow/.local/lib/python3.8/site-packages/airflow/example_dags/example_sensor_decorator.py took 0.053 seconds
[2025-03-27T16:36:38.652+0000] {processor.py:161} INFO - Started process (PID=4897) to work on /home/airflow/.local/lib/python3.8/site-packages/airflow/example_dags/example_sensor_decorator.py
[2025-03-27T16:36:38.653+0000] {processor.py:830} INFO - Processing file /home/airflow/.local/lib/python3.8/site-packages/airflow/example_dags/example_sensor_decorator.py for tasks to queue
[2025-03-27T16:36:38.654+0000] {logging_mixin.py:188} INFO - [2025-03-27T16:36:38.653+0000] {dagbag.py:538} INFO - Filling up the DagBag from /home/airflow/.local/lib/python3.8/site-packages/airflow/example_dags/example_sensor_decorator.py
[2025-03-27T16:36:38.659+0000] {processor.py:840} INFO - DAG(s) 'example_sensor_decorator' retrieved from /home/airflow/.local/lib/python3.8/site-packages/airflow/example_dags/example_sensor_decorator.py
[2025-03-27T16:36:38.676+0000] {logging_mixin.py:188} INFO - [2025-03-27T16:36:38.676+0000] {dag.py:3036} INFO - Sync 1 DAGs
[2025-03-27T16:36:38.687+0000] {logging_mixin.py:188} INFO - [2025-03-27T16:36:38.687+0000] {dag.py:3823} INFO - Setting next_dagrun for example_sensor_decorator to None, run_after=None
[2025-03-27T16:36:38.702+0000] {processor.py:183} INFO - Processing /home/airflow/.local/lib/python3.8/site-packages/airflow/example_dags/example_sensor_decorator.py took 0.053 seconds
[2025-03-27T16:37:09.146+0000] {processor.py:161} INFO - Started process (PID=5149) to work on /home/airflow/.local/lib/python3.8/site-packages/airflow/example_dags/example_sensor_decorator.py
[2025-03-27T16:37:09.147+0000] {processor.py:830} INFO - Processing file /home/airflow/.local/lib/python3.8/site-packages/airflow/example_dags/example_sensor_decorator.py for tasks to queue
[2025-03-27T16:37:09.148+0000] {logging_mixin.py:188} INFO - [2025-03-27T16:37:09.148+0000] {dagbag.py:538} INFO - Filling up the DagBag from /home/airflow/.local/lib/python3.8/site-packages/airflow/example_dags/example_sensor_decorator.py
[2025-03-27T16:37:09.153+0000] {processor.py:840} INFO - DAG(s) 'example_sensor_decorator' retrieved from /home/airflow/.local/lib/python3.8/site-packages/airflow/example_dags/example_sensor_decorator.py
[2025-03-27T16:37:09.175+0000] {logging_mixin.py:188} INFO - [2025-03-27T16:37:09.174+0000] {dag.py:3036} INFO - Sync 1 DAGs
[2025-03-27T16:37:09.188+0000] {logging_mixin.py:188} INFO - [2025-03-27T16:37:09.187+0000] {dag.py:3823} INFO - Setting next_dagrun for example_sensor_decorator to None, run_after=None
[2025-03-27T16:37:09.207+0000] {processor.py:183} INFO - Processing /home/airflow/.local/lib/python3.8/site-packages/airflow/example_dags/example_sensor_decorator.py took 0.064 seconds
[2025-03-27T16:37:39.343+0000] {processor.py:161} INFO - Started process (PID=5401) to work on /home/airflow/.local/lib/python3.8/site-packages/airflow/example_dags/example_sensor_decorator.py
[2025-03-27T16:37:39.344+0000] {processor.py:830} INFO - Processing file /home/airflow/.local/lib/python3.8/site-packages/airflow/example_dags/example_sensor_decorator.py for tasks to queue
[2025-03-27T16:37:39.345+0000] {logging_mixin.py:188} INFO - [2025-03-27T16:37:39.344+0000] {dagbag.py:538} INFO - Filling up the DagBag from /home/airflow/.local/lib/python3.8/site-packages/airflow/example_dags/example_sensor_decorator.py
[2025-03-27T16:37:39.349+0000] {processor.py:840} INFO - DAG(s) 'example_sensor_decorator' retrieved from /home/airflow/.local/lib/python3.8/site-packages/airflow/example_dags/example_sensor_decorator.py
[2025-03-27T16:37:39.366+0000] {logging_mixin.py:188} INFO - [2025-03-27T16:37:39.366+0000] {dag.py:3036} INFO - Sync 1 DAGs
[2025-03-27T16:37:39.377+0000] {logging_mixin.py:188} INFO - [2025-03-27T16:37:39.376+0000] {dag.py:3823} INFO - Setting next_dagrun for example_sensor_decorator to None, run_after=None
[2025-03-27T16:37:39.392+0000] {processor.py:183} INFO - Processing /home/airflow/.local/lib/python3.8/site-packages/airflow/example_dags/example_sensor_decorator.py took 0.052 seconds
[2025-03-27T16:38:09.544+0000] {processor.py:161} INFO - Started process (PID=5653) to work on /home/airflow/.local/lib/python3.8/site-packages/airflow/example_dags/example_sensor_decorator.py
[2025-03-27T16:38:09.545+0000] {processor.py:830} INFO - Processing file /home/airflow/.local/lib/python3.8/site-packages/airflow/example_dags/example_sensor_decorator.py for tasks to queue
[2025-03-27T16:38:09.546+0000] {logging_mixin.py:188} INFO - [2025-03-27T16:38:09.546+0000] {dagbag.py:538} INFO - Filling up the DagBag from /home/airflow/.local/lib/python3.8/site-packages/airflow/example_dags/example_sensor_decorator.py
[2025-03-27T16:38:09.551+0000] {processor.py:840} INFO - DAG(s) 'example_sensor_decorator' retrieved from /home/airflow/.local/lib/python3.8/site-packages/airflow/example_dags/example_sensor_decorator.py
[2025-03-27T16:38:09.570+0000] {logging_mixin.py:188} INFO - [2025-03-27T16:38:09.570+0000] {dag.py:3036} INFO - Sync 1 DAGs
[2025-03-27T16:38:09.581+0000] {logging_mixin.py:188} INFO - [2025-03-27T16:38:09.581+0000] {dag.py:3823} INFO - Setting next_dagrun for example_sensor_decorator to None, run_after=None
[2025-03-27T16:38:09.599+0000] {processor.py:183} INFO - Processing /home/airflow/.local/lib/python3.8/site-packages/airflow/example_dags/example_sensor_decorator.py took 0.058 seconds
[2025-03-27T16:38:39.843+0000] {processor.py:161} INFO - Started process (PID=5905) to work on /home/airflow/.local/lib/python3.8/site-packages/airflow/example_dags/example_sensor_decorator.py
[2025-03-27T16:38:39.844+0000] {processor.py:830} INFO - Processing file /home/airflow/.local/lib/python3.8/site-packages/airflow/example_dags/example_sensor_decorator.py for tasks to queue
[2025-03-27T16:38:39.845+0000] {logging_mixin.py:188} INFO - [2025-03-27T16:38:39.845+0000] {dagbag.py:538} INFO - Filling up the DagBag from /home/airflow/.local/lib/python3.8/site-packages/airflow/example_dags/example_sensor_decorator.py
[2025-03-27T16:38:39.851+0000] {processor.py:840} INFO - DAG(s) 'example_sensor_decorator' retrieved from /home/airflow/.local/lib/python3.8/site-packages/airflow/example_dags/example_sensor_decorator.py
[2025-03-27T16:38:39.872+0000] {logging_mixin.py:188} INFO - [2025-03-27T16:38:39.872+0000] {dag.py:3036} INFO - Sync 1 DAGs
[2025-03-27T16:38:39.885+0000] {logging_mixin.py:188} INFO - [2025-03-27T16:38:39.885+0000] {dag.py:3823} INFO - Setting next_dagrun for example_sensor_decorator to None, run_after=None
[2025-03-27T16:38:39.906+0000] {processor.py:183} INFO - Processing /home/airflow/.local/lib/python3.8/site-packages/airflow/example_dags/example_sensor_decorator.py took 0.066 seconds
[2025-03-27T16:39:10.029+0000] {processor.py:161} INFO - Started process (PID=6172) to work on /home/airflow/.local/lib/python3.8/site-packages/airflow/example_dags/example_sensor_decorator.py
[2025-03-27T16:39:10.030+0000] {processor.py:830} INFO - Processing file /home/airflow/.local/lib/python3.8/site-packages/airflow/example_dags/example_sensor_decorator.py for tasks to queue
[2025-03-27T16:39:10.031+0000] {logging_mixin.py:188} INFO - [2025-03-27T16:39:10.031+0000] {dagbag.py:538} INFO - Filling up the DagBag from /home/airflow/.local/lib/python3.8/site-packages/airflow/example_dags/example_sensor_decorator.py
[2025-03-27T16:39:10.036+0000] {processor.py:840} INFO - DAG(s) 'example_sensor_decorator' retrieved from /home/airflow/.local/lib/python3.8/site-packages/airflow/example_dags/example_sensor_decorator.py
[2025-03-27T16:39:10.054+0000] {logging_mixin.py:188} INFO - [2025-03-27T16:39:10.054+0000] {dag.py:3036} INFO - Sync 1 DAGs
[2025-03-27T16:39:10.065+0000] {logging_mixin.py:188} INFO - [2025-03-27T16:39:10.065+0000] {dag.py:3823} INFO - Setting next_dagrun for example_sensor_decorator to None, run_after=None
[2025-03-27T16:39:10.082+0000] {processor.py:183} INFO - Processing /home/airflow/.local/lib/python3.8/site-packages/airflow/example_dags/example_sensor_decorator.py took 0.056 seconds
[2025-03-27T16:39:40.158+0000] {processor.py:161} INFO - Started process (PID=6429) to work on /home/airflow/.local/lib/python3.8/site-packages/airflow/example_dags/example_sensor_decorator.py
[2025-03-27T16:39:40.159+0000] {processor.py:830} INFO - Processing file /home/airflow/.local/lib/python3.8/site-packages/airflow/example_dags/example_sensor_decorator.py for tasks to queue
[2025-03-27T16:39:40.160+0000] {logging_mixin.py:188} INFO - [2025-03-27T16:39:40.160+0000] {dagbag.py:538} INFO - Filling up the DagBag from /home/airflow/.local/lib/python3.8/site-packages/airflow/example_dags/example_sensor_decorator.py
[2025-03-27T16:39:40.165+0000] {processor.py:840} INFO - DAG(s) 'example_sensor_decorator' retrieved from /home/airflow/.local/lib/python3.8/site-packages/airflow/example_dags/example_sensor_decorator.py
[2025-03-27T16:39:40.185+0000] {logging_mixin.py:188} INFO - [2025-03-27T16:39:40.185+0000] {dag.py:3036} INFO - Sync 1 DAGs
[2025-03-27T16:39:40.197+0000] {logging_mixin.py:188} INFO - [2025-03-27T16:39:40.197+0000] {dag.py:3823} INFO - Setting next_dagrun for example_sensor_decorator to None, run_after=None
[2025-03-27T16:39:40.218+0000] {processor.py:183} INFO - Processing /home/airflow/.local/lib/python3.8/site-packages/airflow/example_dags/example_sensor_decorator.py took 0.063 seconds
[2025-03-27T16:40:10.452+0000] {processor.py:161} INFO - Started process (PID=6686) to work on /home/airflow/.local/lib/python3.8/site-packages/airflow/example_dags/example_sensor_decorator.py
[2025-03-27T16:40:10.453+0000] {processor.py:830} INFO - Processing file /home/airflow/.local/lib/python3.8/site-packages/airflow/example_dags/example_sensor_decorator.py for tasks to queue
[2025-03-27T16:40:10.454+0000] {logging_mixin.py:188} INFO - [2025-03-27T16:40:10.454+0000] {dagbag.py:538} INFO - Filling up the DagBag from /home/airflow/.local/lib/python3.8/site-packages/airflow/example_dags/example_sensor_decorator.py
[2025-03-27T16:40:10.461+0000] {processor.py:840} INFO - DAG(s) 'example_sensor_decorator' retrieved from /home/airflow/.local/lib/python3.8/site-packages/airflow/example_dags/example_sensor_decorator.py
[2025-03-27T16:40:10.486+0000] {logging_mixin.py:188} INFO - [2025-03-27T16:40:10.485+0000] {dag.py:3036} INFO - Sync 1 DAGs
[2025-03-27T16:40:10.500+0000] {logging_mixin.py:188} INFO - [2025-03-27T16:40:10.500+0000] {dag.py:3823} INFO - Setting next_dagrun for example_sensor_decorator to None, run_after=None
[2025-03-27T16:40:10.526+0000] {processor.py:183} INFO - Processing /home/airflow/.local/lib/python3.8/site-packages/airflow/example_dags/example_sensor_decorator.py took 0.077 seconds
[2025-03-27T16:40:40.795+0000] {processor.py:161} INFO - Started process (PID=6938) to work on /home/airflow/.local/lib/python3.8/site-packages/airflow/example_dags/example_sensor_decorator.py
[2025-03-27T16:40:40.796+0000] {processor.py:830} INFO - Processing file /home/airflow/.local/lib/python3.8/site-packages/airflow/example_dags/example_sensor_decorator.py for tasks to queue
[2025-03-27T16:40:40.797+0000] {logging_mixin.py:188} INFO - [2025-03-27T16:40:40.796+0000] {dagbag.py:538} INFO - Filling up the DagBag from /home/airflow/.local/lib/python3.8/site-packages/airflow/example_dags/example_sensor_decorator.py
[2025-03-27T16:40:40.802+0000] {processor.py:840} INFO - DAG(s) 'example_sensor_decorator' retrieved from /home/airflow/.local/lib/python3.8/site-packages/airflow/example_dags/example_sensor_decorator.py
[2025-03-27T16:40:40.819+0000] {logging_mixin.py:188} INFO - [2025-03-27T16:40:40.819+0000] {dag.py:3036} INFO - Sync 1 DAGs
[2025-03-27T16:40:40.831+0000] {logging_mixin.py:188} INFO - [2025-03-27T16:40:40.831+0000] {dag.py:3823} INFO - Setting next_dagrun for example_sensor_decorator to None, run_after=None
[2025-03-27T16:40:40.848+0000] {processor.py:183} INFO - Processing /home/airflow/.local/lib/python3.8/site-packages/airflow/example_dags/example_sensor_decorator.py took 0.056 seconds
[2025-03-27T16:41:10.945+0000] {processor.py:161} INFO - Started process (PID=7195) to work on /home/airflow/.local/lib/python3.8/site-packages/airflow/example_dags/example_sensor_decorator.py
[2025-03-27T16:41:10.946+0000] {processor.py:830} INFO - Processing file /home/airflow/.local/lib/python3.8/site-packages/airflow/example_dags/example_sensor_decorator.py for tasks to queue
[2025-03-27T16:41:10.946+0000] {logging_mixin.py:188} INFO - [2025-03-27T16:41:10.946+0000] {dagbag.py:538} INFO - Filling up the DagBag from /home/airflow/.local/lib/python3.8/site-packages/airflow/example_dags/example_sensor_decorator.py
[2025-03-27T16:41:10.951+0000] {processor.py:840} INFO - DAG(s) 'example_sensor_decorator' retrieved from /home/airflow/.local/lib/python3.8/site-packages/airflow/example_dags/example_sensor_decorator.py
[2025-03-27T16:41:10.968+0000] {logging_mixin.py:188} INFO - [2025-03-27T16:41:10.968+0000] {dag.py:3036} INFO - Sync 1 DAGs
[2025-03-27T16:41:10.979+0000] {logging_mixin.py:188} INFO - [2025-03-27T16:41:10.979+0000] {dag.py:3823} INFO - Setting next_dagrun for example_sensor_decorator to None, run_after=None
[2025-03-27T16:41:10.996+0000] {processor.py:183} INFO - Processing /home/airflow/.local/lib/python3.8/site-packages/airflow/example_dags/example_sensor_decorator.py took 0.054 seconds
[2025-03-27T16:41:41.042+0000] {processor.py:161} INFO - Started process (PID=7450) to work on /home/airflow/.local/lib/python3.8/site-packages/airflow/example_dags/example_sensor_decorator.py
[2025-03-27T16:41:41.043+0000] {processor.py:830} INFO - Processing file /home/airflow/.local/lib/python3.8/site-packages/airflow/example_dags/example_sensor_decorator.py for tasks to queue
[2025-03-27T16:41:41.044+0000] {logging_mixin.py:188} INFO - [2025-03-27T16:41:41.043+0000] {dagbag.py:538} INFO - Filling up the DagBag from /home/airflow/.local/lib/python3.8/site-packages/airflow/example_dags/example_sensor_decorator.py
[2025-03-27T16:41:41.049+0000] {processor.py:840} INFO - DAG(s) 'example_sensor_decorator' retrieved from /home/airflow/.local/lib/python3.8/site-packages/airflow/example_dags/example_sensor_decorator.py
[2025-03-27T16:41:41.066+0000] {logging_mixin.py:188} INFO - [2025-03-27T16:41:41.066+0000] {dag.py:3036} INFO - Sync 1 DAGs
[2025-03-27T16:41:41.077+0000] {logging_mixin.py:188} INFO - [2025-03-27T16:41:41.077+0000] {dag.py:3823} INFO - Setting next_dagrun for example_sensor_decorator to None, run_after=None
[2025-03-27T16:41:41.092+0000] {processor.py:183} INFO - Processing /home/airflow/.local/lib/python3.8/site-packages/airflow/example_dags/example_sensor_decorator.py took 0.053 seconds
[2025-03-27T16:42:11.510+0000] {processor.py:161} INFO - Started process (PID=7704) to work on /home/airflow/.local/lib/python3.8/site-packages/airflow/example_dags/example_sensor_decorator.py
[2025-03-27T16:42:11.511+0000] {processor.py:830} INFO - Processing file /home/airflow/.local/lib/python3.8/site-packages/airflow/example_dags/example_sensor_decorator.py for tasks to queue
[2025-03-27T16:42:11.512+0000] {logging_mixin.py:188} INFO - [2025-03-27T16:42:11.512+0000] {dagbag.py:538} INFO - Filling up the DagBag from /home/airflow/.local/lib/python3.8/site-packages/airflow/example_dags/example_sensor_decorator.py
[2025-03-27T16:42:11.517+0000] {processor.py:840} INFO - DAG(s) 'example_sensor_decorator' retrieved from /home/airflow/.local/lib/python3.8/site-packages/airflow/example_dags/example_sensor_decorator.py
[2025-03-27T16:42:11.536+0000] {logging_mixin.py:188} INFO - [2025-03-27T16:42:11.536+0000] {dag.py:3036} INFO - Sync 1 DAGs
[2025-03-27T16:42:11.547+0000] {logging_mixin.py:188} INFO - [2025-03-27T16:42:11.547+0000] {dag.py:3823} INFO - Setting next_dagrun for example_sensor_decorator to None, run_after=None
[2025-03-27T16:42:11.565+0000] {processor.py:183} INFO - Processing /home/airflow/.local/lib/python3.8/site-packages/airflow/example_dags/example_sensor_decorator.py took 0.057 seconds
[2025-03-27T16:42:41.658+0000] {processor.py:161} INFO - Started process (PID=7956) to work on /home/airflow/.local/lib/python3.8/site-packages/airflow/example_dags/example_sensor_decorator.py
[2025-03-27T16:42:41.659+0000] {processor.py:830} INFO - Processing file /home/airflow/.local/lib/python3.8/site-packages/airflow/example_dags/example_sensor_decorator.py for tasks to queue
[2025-03-27T16:42:41.660+0000] {logging_mixin.py:188} INFO - [2025-03-27T16:42:41.659+0000] {dagbag.py:538} INFO - Filling up the DagBag from /home/airflow/.local/lib/python3.8/site-packages/airflow/example_dags/example_sensor_decorator.py
[2025-03-27T16:42:41.665+0000] {processor.py:840} INFO - DAG(s) 'example_sensor_decorator' retrieved from /home/airflow/.local/lib/python3.8/site-packages/airflow/example_dags/example_sensor_decorator.py
[2025-03-27T16:42:41.687+0000] {logging_mixin.py:188} INFO - [2025-03-27T16:42:41.687+0000] {dag.py:3036} INFO - Sync 1 DAGs
[2025-03-27T16:42:41.699+0000] {logging_mixin.py:188} INFO - [2025-03-27T16:42:41.699+0000] {dag.py:3823} INFO - Setting next_dagrun for example_sensor_decorator to None, run_after=None
[2025-03-27T16:42:41.719+0000] {processor.py:183} INFO - Processing /home/airflow/.local/lib/python3.8/site-packages/airflow/example_dags/example_sensor_decorator.py took 0.065 seconds
[2025-03-27T16:43:11.821+0000] {processor.py:161} INFO - Started process (PID=8218) to work on /home/airflow/.local/lib/python3.8/site-packages/airflow/example_dags/example_sensor_decorator.py
[2025-03-27T16:43:11.822+0000] {processor.py:830} INFO - Processing file /home/airflow/.local/lib/python3.8/site-packages/airflow/example_dags/example_sensor_decorator.py for tasks to queue
[2025-03-27T16:43:11.823+0000] {logging_mixin.py:188} INFO - [2025-03-27T16:43:11.822+0000] {dagbag.py:538} INFO - Filling up the DagBag from /home/airflow/.local/lib/python3.8/site-packages/airflow/example_dags/example_sensor_decorator.py
[2025-03-27T16:43:11.828+0000] {processor.py:840} INFO - DAG(s) 'example_sensor_decorator' retrieved from /home/airflow/.local/lib/python3.8/site-packages/airflow/example_dags/example_sensor_decorator.py
[2025-03-27T16:43:11.845+0000] {logging_mixin.py:188} INFO - [2025-03-27T16:43:11.845+0000] {dag.py:3036} INFO - Sync 1 DAGs
[2025-03-27T16:43:11.856+0000] {logging_mixin.py:188} INFO - [2025-03-27T16:43:11.856+0000] {dag.py:3823} INFO - Setting next_dagrun for example_sensor_decorator to None, run_after=None
[2025-03-27T16:43:11.874+0000] {processor.py:183} INFO - Processing /home/airflow/.local/lib/python3.8/site-packages/airflow/example_dags/example_sensor_decorator.py took 0.055 seconds
[2025-03-27T16:43:41.967+0000] {processor.py:161} INFO - Started process (PID=8532) to work on /home/airflow/.local/lib/python3.8/site-packages/airflow/example_dags/example_sensor_decorator.py
[2025-03-27T16:43:41.968+0000] {processor.py:830} INFO - Processing file /home/airflow/.local/lib/python3.8/site-packages/airflow/example_dags/example_sensor_decorator.py for tasks to queue
[2025-03-27T16:43:41.969+0000] {logging_mixin.py:188} INFO - [2025-03-27T16:43:41.968+0000] {dagbag.py:538} INFO - Filling up the DagBag from /home/airflow/.local/lib/python3.8/site-packages/airflow/example_dags/example_sensor_decorator.py
[2025-03-27T16:43:41.975+0000] {processor.py:840} INFO - DAG(s) 'example_sensor_decorator' retrieved from /home/airflow/.local/lib/python3.8/site-packages/airflow/example_dags/example_sensor_decorator.py
[2025-03-27T16:43:41.996+0000] {logging_mixin.py:188} INFO - [2025-03-27T16:43:41.996+0000] {dag.py:3036} INFO - Sync 1 DAGs
[2025-03-27T16:43:42.010+0000] {logging_mixin.py:188} INFO - [2025-03-27T16:43:42.010+0000] {dag.py:3823} INFO - Setting next_dagrun for example_sensor_decorator to None, run_after=None
[2025-03-27T16:43:42.033+0000] {processor.py:183} INFO - Processing /home/airflow/.local/lib/python3.8/site-packages/airflow/example_dags/example_sensor_decorator.py took 0.070 seconds
[2025-03-27T16:44:12.163+0000] {processor.py:161} INFO - Started process (PID=8784) to work on /home/airflow/.local/lib/python3.8/site-packages/airflow/example_dags/example_sensor_decorator.py
[2025-03-27T16:44:12.164+0000] {processor.py:830} INFO - Processing file /home/airflow/.local/lib/python3.8/site-packages/airflow/example_dags/example_sensor_decorator.py for tasks to queue
[2025-03-27T16:44:12.165+0000] {logging_mixin.py:188} INFO - [2025-03-27T16:44:12.165+0000] {dagbag.py:538} INFO - Filling up the DagBag from /home/airflow/.local/lib/python3.8/site-packages/airflow/example_dags/example_sensor_decorator.py
[2025-03-27T16:44:12.173+0000] {processor.py:840} INFO - DAG(s) 'example_sensor_decorator' retrieved from /home/airflow/.local/lib/python3.8/site-packages/airflow/example_dags/example_sensor_decorator.py
[2025-03-27T16:44:12.201+0000] {logging_mixin.py:188} INFO - [2025-03-27T16:44:12.201+0000] {dag.py:3036} INFO - Sync 1 DAGs
[2025-03-27T16:44:12.220+0000] {logging_mixin.py:188} INFO - [2025-03-27T16:44:12.219+0000] {dag.py:3823} INFO - Setting next_dagrun for example_sensor_decorator to None, run_after=None
[2025-03-27T16:44:12.253+0000] {processor.py:183} INFO - Processing /home/airflow/.local/lib/python3.8/site-packages/airflow/example_dags/example_sensor_decorator.py took 0.093 seconds
[2025-03-27T16:44:42.676+0000] {processor.py:161} INFO - Started process (PID=9053) to work on /home/airflow/.local/lib/python3.8/site-packages/airflow/example_dags/example_sensor_decorator.py
[2025-03-27T16:44:42.678+0000] {processor.py:830} INFO - Processing file /home/airflow/.local/lib/python3.8/site-packages/airflow/example_dags/example_sensor_decorator.py for tasks to queue
[2025-03-27T16:44:42.679+0000] {logging_mixin.py:188} INFO - [2025-03-27T16:44:42.679+0000] {dagbag.py:538} INFO - Filling up the DagBag from /home/airflow/.local/lib/python3.8/site-packages/airflow/example_dags/example_sensor_decorator.py
[2025-03-27T16:44:42.686+0000] {processor.py:840} INFO - DAG(s) 'example_sensor_decorator' retrieved from /home/airflow/.local/lib/python3.8/site-packages/airflow/example_dags/example_sensor_decorator.py
[2025-03-27T16:44:42.710+0000] {logging_mixin.py:188} INFO - [2025-03-27T16:44:42.709+0000] {dag.py:3036} INFO - Sync 1 DAGs
[2025-03-27T16:44:42.724+0000] {logging_mixin.py:188} INFO - [2025-03-27T16:44:42.723+0000] {dag.py:3823} INFO - Setting next_dagrun for example_sensor_decorator to None, run_after=None
[2025-03-27T16:44:42.747+0000] {processor.py:183} INFO - Processing /home/airflow/.local/lib/python3.8/site-packages/airflow/example_dags/example_sensor_decorator.py took 0.076 seconds
[2025-03-27T16:45:12.823+0000] {processor.py:161} INFO - Started process (PID=9305) to work on /home/airflow/.local/lib/python3.8/site-packages/airflow/example_dags/example_sensor_decorator.py
[2025-03-27T16:45:12.824+0000] {processor.py:830} INFO - Processing file /home/airflow/.local/lib/python3.8/site-packages/airflow/example_dags/example_sensor_decorator.py for tasks to queue
[2025-03-27T16:45:12.825+0000] {logging_mixin.py:188} INFO - [2025-03-27T16:45:12.824+0000] {dagbag.py:538} INFO - Filling up the DagBag from /home/airflow/.local/lib/python3.8/site-packages/airflow/example_dags/example_sensor_decorator.py
[2025-03-27T16:45:12.830+0000] {processor.py:840} INFO - DAG(s) 'example_sensor_decorator' retrieved from /home/airflow/.local/lib/python3.8/site-packages/airflow/example_dags/example_sensor_decorator.py
[2025-03-27T16:45:12.853+0000] {logging_mixin.py:188} INFO - [2025-03-27T16:45:12.853+0000] {dag.py:3036} INFO - Sync 1 DAGs
[2025-03-27T16:45:12.867+0000] {logging_mixin.py:188} INFO - [2025-03-27T16:45:12.867+0000] {dag.py:3823} INFO - Setting next_dagrun for example_sensor_decorator to None, run_after=None
[2025-03-27T16:45:12.891+0000] {processor.py:183} INFO - Processing /home/airflow/.local/lib/python3.8/site-packages/airflow/example_dags/example_sensor_decorator.py took 0.071 seconds
[2025-03-27T16:45:43.696+0000] {processor.py:161} INFO - Started process (PID=9795) to work on /home/airflow/.local/lib/python3.8/site-packages/airflow/example_dags/example_sensor_decorator.py
[2025-03-27T16:45:43.700+0000] {processor.py:830} INFO - Processing file /home/airflow/.local/lib/python3.8/site-packages/airflow/example_dags/example_sensor_decorator.py for tasks to queue
[2025-03-27T16:45:43.704+0000] {logging_mixin.py:188} INFO - [2025-03-27T16:45:43.704+0000] {dagbag.py:538} INFO - Filling up the DagBag from /home/airflow/.local/lib/python3.8/site-packages/airflow/example_dags/example_sensor_decorator.py
[2025-03-27T16:45:43.714+0000] {processor.py:840} INFO - DAG(s) 'example_sensor_decorator' retrieved from /home/airflow/.local/lib/python3.8/site-packages/airflow/example_dags/example_sensor_decorator.py
[2025-03-27T16:45:43.748+0000] {logging_mixin.py:188} INFO - [2025-03-27T16:45:43.748+0000] {dag.py:3036} INFO - Sync 1 DAGs
[2025-03-27T16:45:43.769+0000] {logging_mixin.py:188} INFO - [2025-03-27T16:45:43.769+0000] {dag.py:3823} INFO - Setting next_dagrun for example_sensor_decorator to None, run_after=None
[2025-03-27T16:45:43.802+0000] {processor.py:183} INFO - Processing /home/airflow/.local/lib/python3.8/site-packages/airflow/example_dags/example_sensor_decorator.py took 0.112 seconds
[2025-03-27T16:46:14.753+0000] {processor.py:161} INFO - Started process (PID=10428) to work on /home/airflow/.local/lib/python3.8/site-packages/airflow/example_dags/example_sensor_decorator.py
[2025-03-27T16:46:14.755+0000] {processor.py:830} INFO - Processing file /home/airflow/.local/lib/python3.8/site-packages/airflow/example_dags/example_sensor_decorator.py for tasks to queue
[2025-03-27T16:46:14.757+0000] {logging_mixin.py:188} INFO - [2025-03-27T16:46:14.757+0000] {dagbag.py:538} INFO - Filling up the DagBag from /home/airflow/.local/lib/python3.8/site-packages/airflow/example_dags/example_sensor_decorator.py
[2025-03-27T16:46:14.770+0000] {processor.py:840} INFO - DAG(s) 'example_sensor_decorator' retrieved from /home/airflow/.local/lib/python3.8/site-packages/airflow/example_dags/example_sensor_decorator.py
[2025-03-27T16:46:14.806+0000] {logging_mixin.py:188} INFO - [2025-03-27T16:46:14.806+0000] {dag.py:3036} INFO - Sync 1 DAGs
[2025-03-27T16:46:14.830+0000] {logging_mixin.py:188} INFO - [2025-03-27T16:46:14.830+0000] {dag.py:3823} INFO - Setting next_dagrun for example_sensor_decorator to None, run_after=None
[2025-03-27T16:46:14.867+0000] {processor.py:183} INFO - Processing /home/airflow/.local/lib/python3.8/site-packages/airflow/example_dags/example_sensor_decorator.py took 0.120 seconds
[2025-03-27T16:46:45.125+0000] {processor.py:161} INFO - Started process (PID=11116) to work on /home/airflow/.local/lib/python3.8/site-packages/airflow/example_dags/example_sensor_decorator.py
[2025-03-27T16:46:45.127+0000] {processor.py:830} INFO - Processing file /home/airflow/.local/lib/python3.8/site-packages/airflow/example_dags/example_sensor_decorator.py for tasks to queue
[2025-03-27T16:46:45.129+0000] {logging_mixin.py:188} INFO - [2025-03-27T16:46:45.128+0000] {dagbag.py:538} INFO - Filling up the DagBag from /home/airflow/.local/lib/python3.8/site-packages/airflow/example_dags/example_sensor_decorator.py
[2025-03-27T16:46:45.146+0000] {processor.py:840} INFO - DAG(s) 'example_sensor_decorator' retrieved from /home/airflow/.local/lib/python3.8/site-packages/airflow/example_dags/example_sensor_decorator.py
[2025-03-27T16:46:45.198+0000] {logging_mixin.py:188} INFO - [2025-03-27T16:46:45.197+0000] {dag.py:3036} INFO - Sync 1 DAGs
[2025-03-27T16:46:45.233+0000] {logging_mixin.py:188} INFO - [2025-03-27T16:46:45.232+0000] {dag.py:3823} INFO - Setting next_dagrun for example_sensor_decorator to None, run_after=None
[2025-03-27T16:46:45.287+0000] {processor.py:183} INFO - Processing /home/airflow/.local/lib/python3.8/site-packages/airflow/example_dags/example_sensor_decorator.py took 0.167 seconds
[2025-03-27T16:47:15.394+0000] {processor.py:161} INFO - Started process (PID=11831) to work on /home/airflow/.local/lib/python3.8/site-packages/airflow/example_dags/example_sensor_decorator.py
[2025-03-27T16:47:15.396+0000] {processor.py:830} INFO - Processing file /home/airflow/.local/lib/python3.8/site-packages/airflow/example_dags/example_sensor_decorator.py for tasks to queue
[2025-03-27T16:47:15.398+0000] {logging_mixin.py:188} INFO - [2025-03-27T16:47:15.397+0000] {dagbag.py:538} INFO - Filling up the DagBag from /home/airflow/.local/lib/python3.8/site-packages/airflow/example_dags/example_sensor_decorator.py
[2025-03-27T16:47:15.413+0000] {processor.py:840} INFO - DAG(s) 'example_sensor_decorator' retrieved from /home/airflow/.local/lib/python3.8/site-packages/airflow/example_dags/example_sensor_decorator.py
[2025-03-27T16:47:15.450+0000] {logging_mixin.py:188} INFO - [2025-03-27T16:47:15.450+0000] {dag.py:3036} INFO - Sync 1 DAGs
[2025-03-27T16:47:15.481+0000] {logging_mixin.py:188} INFO - [2025-03-27T16:47:15.481+0000] {dag.py:3823} INFO - Setting next_dagrun for example_sensor_decorator to None, run_after=None
[2025-03-27T16:47:15.525+0000] {processor.py:183} INFO - Processing /home/airflow/.local/lib/python3.8/site-packages/airflow/example_dags/example_sensor_decorator.py took 0.141 seconds
[2025-03-27T16:47:45.583+0000] {processor.py:161} INFO - Started process (PID=12509) to work on /home/airflow/.local/lib/python3.8/site-packages/airflow/example_dags/example_sensor_decorator.py
[2025-03-27T16:47:45.584+0000] {processor.py:830} INFO - Processing file /home/airflow/.local/lib/python3.8/site-packages/airflow/example_dags/example_sensor_decorator.py for tasks to queue
[2025-03-27T16:47:45.585+0000] {logging_mixin.py:188} INFO - [2025-03-27T16:47:45.585+0000] {dagbag.py:538} INFO - Filling up the DagBag from /home/airflow/.local/lib/python3.8/site-packages/airflow/example_dags/example_sensor_decorator.py
[2025-03-27T16:47:45.591+0000] {processor.py:840} INFO - DAG(s) 'example_sensor_decorator' retrieved from /home/airflow/.local/lib/python3.8/site-packages/airflow/example_dags/example_sensor_decorator.py
[2025-03-27T16:47:45.610+0000] {logging_mixin.py:188} INFO - [2025-03-27T16:47:45.610+0000] {dag.py:3036} INFO - Sync 1 DAGs
[2025-03-27T16:47:45.629+0000] {logging_mixin.py:188} INFO - [2025-03-27T16:47:45.628+0000] {dag.py:3823} INFO - Setting next_dagrun for example_sensor_decorator to None, run_after=None
[2025-03-27T16:47:45.654+0000] {processor.py:183} INFO - Processing /home/airflow/.local/lib/python3.8/site-packages/airflow/example_dags/example_sensor_decorator.py took 0.074 seconds
[2025-03-27T16:48:15.902+0000] {processor.py:161} INFO - Started process (PID=13159) to work on /home/airflow/.local/lib/python3.8/site-packages/airflow/example_dags/example_sensor_decorator.py
[2025-03-27T16:48:15.903+0000] {processor.py:830} INFO - Processing file /home/airflow/.local/lib/python3.8/site-packages/airflow/example_dags/example_sensor_decorator.py for tasks to queue
[2025-03-27T16:48:15.905+0000] {logging_mixin.py:188} INFO - [2025-03-27T16:48:15.904+0000] {dagbag.py:538} INFO - Filling up the DagBag from /home/airflow/.local/lib/python3.8/site-packages/airflow/example_dags/example_sensor_decorator.py
[2025-03-27T16:48:15.913+0000] {processor.py:840} INFO - DAG(s) 'example_sensor_decorator' retrieved from /home/airflow/.local/lib/python3.8/site-packages/airflow/example_dags/example_sensor_decorator.py
[2025-03-27T16:48:15.941+0000] {logging_mixin.py:188} INFO - [2025-03-27T16:48:15.941+0000] {dag.py:3036} INFO - Sync 1 DAGs
[2025-03-27T16:48:15.960+0000] {logging_mixin.py:188} INFO - [2025-03-27T16:48:15.960+0000] {dag.py:3823} INFO - Setting next_dagrun for example_sensor_decorator to None, run_after=None
[2025-03-27T16:48:15.991+0000] {processor.py:183} INFO - Processing /home/airflow/.local/lib/python3.8/site-packages/airflow/example_dags/example_sensor_decorator.py took 0.093 seconds
[2025-03-27T16:48:46.721+0000] {processor.py:161} INFO - Started process (PID=13865) to work on /home/airflow/.local/lib/python3.8/site-packages/airflow/example_dags/example_sensor_decorator.py
[2025-03-27T16:48:46.726+0000] {processor.py:830} INFO - Processing file /home/airflow/.local/lib/python3.8/site-packages/airflow/example_dags/example_sensor_decorator.py for tasks to queue
[2025-03-27T16:48:46.729+0000] {logging_mixin.py:188} INFO - [2025-03-27T16:48:46.729+0000] {dagbag.py:538} INFO - Filling up the DagBag from /home/airflow/.local/lib/python3.8/site-packages/airflow/example_dags/example_sensor_decorator.py
[2025-03-27T16:48:46.747+0000] {processor.py:840} INFO - DAG(s) 'example_sensor_decorator' retrieved from /home/airflow/.local/lib/python3.8/site-packages/airflow/example_dags/example_sensor_decorator.py
[2025-03-27T16:48:46.809+0000] {logging_mixin.py:188} INFO - [2025-03-27T16:48:46.809+0000] {dag.py:3036} INFO - Sync 1 DAGs
[2025-03-27T16:48:46.844+0000] {logging_mixin.py:188} INFO - [2025-03-27T16:48:46.844+0000] {dag.py:3823} INFO - Setting next_dagrun for example_sensor_decorator to None, run_after=None
[2025-03-27T16:48:46.916+0000] {processor.py:183} INFO - Processing /home/airflow/.local/lib/python3.8/site-packages/airflow/example_dags/example_sensor_decorator.py took 0.201 seconds
[2025-03-27T16:49:17.293+0000] {processor.py:161} INFO - Started process (PID=14536) to work on /home/airflow/.local/lib/python3.8/site-packages/airflow/example_dags/example_sensor_decorator.py
[2025-03-27T16:49:17.298+0000] {processor.py:830} INFO - Processing file /home/airflow/.local/lib/python3.8/site-packages/airflow/example_dags/example_sensor_decorator.py for tasks to queue
[2025-03-27T16:49:17.309+0000] {logging_mixin.py:188} INFO - [2025-03-27T16:49:17.309+0000] {dagbag.py:538} INFO - Filling up the DagBag from /home/airflow/.local/lib/python3.8/site-packages/airflow/example_dags/example_sensor_decorator.py
[2025-03-27T16:49:17.337+0000] {processor.py:840} INFO - DAG(s) 'example_sensor_decorator' retrieved from /home/airflow/.local/lib/python3.8/site-packages/airflow/example_dags/example_sensor_decorator.py
[2025-03-27T16:49:17.437+0000] {logging_mixin.py:188} INFO - [2025-03-27T16:49:17.436+0000] {dag.py:3036} INFO - Sync 1 DAGs
[2025-03-27T16:49:17.486+0000] {logging_mixin.py:188} INFO - [2025-03-27T16:49:17.485+0000] {dag.py:3823} INFO - Setting next_dagrun for example_sensor_decorator to None, run_after=None
[2025-03-27T16:49:17.575+0000] {processor.py:183} INFO - Processing /home/airflow/.local/lib/python3.8/site-packages/airflow/example_dags/example_sensor_decorator.py took 0.298 seconds
[2025-03-27T16:49:48.314+0000] {processor.py:161} INFO - Started process (PID=15244) to work on /home/airflow/.local/lib/python3.8/site-packages/airflow/example_dags/example_sensor_decorator.py
[2025-03-27T16:49:48.315+0000] {processor.py:830} INFO - Processing file /home/airflow/.local/lib/python3.8/site-packages/airflow/example_dags/example_sensor_decorator.py for tasks to queue
[2025-03-27T16:49:48.315+0000] {logging_mixin.py:188} INFO - [2025-03-27T16:49:48.315+0000] {dagbag.py:538} INFO - Filling up the DagBag from /home/airflow/.local/lib/python3.8/site-packages/airflow/example_dags/example_sensor_decorator.py
[2025-03-27T16:49:48.321+0000] {processor.py:840} INFO - DAG(s) 'example_sensor_decorator' retrieved from /home/airflow/.local/lib/python3.8/site-packages/airflow/example_dags/example_sensor_decorator.py
[2025-03-27T16:49:48.338+0000] {logging_mixin.py:188} INFO - [2025-03-27T16:49:48.338+0000] {dag.py:3036} INFO - Sync 1 DAGs
[2025-03-27T16:49:48.349+0000] {logging_mixin.py:188} INFO - [2025-03-27T16:49:48.349+0000] {dag.py:3823} INFO - Setting next_dagrun for example_sensor_decorator to None, run_after=None
[2025-03-27T16:49:48.368+0000] {processor.py:183} INFO - Processing /home/airflow/.local/lib/python3.8/site-packages/airflow/example_dags/example_sensor_decorator.py took 0.057 seconds
[2025-03-27T16:50:18.611+0000] {processor.py:161} INFO - Started process (PID=15932) to work on /home/airflow/.local/lib/python3.8/site-packages/airflow/example_dags/example_sensor_decorator.py
[2025-03-27T16:50:18.618+0000] {processor.py:830} INFO - Processing file /home/airflow/.local/lib/python3.8/site-packages/airflow/example_dags/example_sensor_decorator.py for tasks to queue
[2025-03-27T16:50:18.621+0000] {logging_mixin.py:188} INFO - [2025-03-27T16:50:18.620+0000] {dagbag.py:538} INFO - Filling up the DagBag from /home/airflow/.local/lib/python3.8/site-packages/airflow/example_dags/example_sensor_decorator.py
[2025-03-27T16:50:18.646+0000] {processor.py:840} INFO - DAG(s) 'example_sensor_decorator' retrieved from /home/airflow/.local/lib/python3.8/site-packages/airflow/example_dags/example_sensor_decorator.py
[2025-03-27T16:50:18.728+0000] {logging_mixin.py:188} INFO - [2025-03-27T16:50:18.727+0000] {dag.py:3036} INFO - Sync 1 DAGs
[2025-03-27T16:50:18.783+0000] {logging_mixin.py:188} INFO - [2025-03-27T16:50:18.782+0000] {dag.py:3823} INFO - Setting next_dagrun for example_sensor_decorator to None, run_after=None
[2025-03-27T16:50:18.827+0000] {processor.py:183} INFO - Processing /home/airflow/.local/lib/python3.8/site-packages/airflow/example_dags/example_sensor_decorator.py took 0.223 seconds
[2025-03-27T16:50:49.329+0000] {processor.py:161} INFO - Started process (PID=16641) to work on /home/airflow/.local/lib/python3.8/site-packages/airflow/example_dags/example_sensor_decorator.py
[2025-03-27T16:50:49.331+0000] {processor.py:830} INFO - Processing file /home/airflow/.local/lib/python3.8/site-packages/airflow/example_dags/example_sensor_decorator.py for tasks to queue
[2025-03-27T16:50:49.333+0000] {logging_mixin.py:188} INFO - [2025-03-27T16:50:49.332+0000] {dagbag.py:538} INFO - Filling up the DagBag from /home/airflow/.local/lib/python3.8/site-packages/airflow/example_dags/example_sensor_decorator.py
[2025-03-27T16:50:49.346+0000] {processor.py:840} INFO - DAG(s) 'example_sensor_decorator' retrieved from /home/airflow/.local/lib/python3.8/site-packages/airflow/example_dags/example_sensor_decorator.py
[2025-03-27T16:50:49.430+0000] {logging_mixin.py:188} INFO - [2025-03-27T16:50:49.429+0000] {dag.py:3036} INFO - Sync 1 DAGs
[2025-03-27T16:50:49.474+0000] {logging_mixin.py:188} INFO - [2025-03-27T16:50:49.473+0000] {dag.py:3823} INFO - Setting next_dagrun for example_sensor_decorator to None, run_after=None
[2025-03-27T16:50:49.525+0000] {processor.py:183} INFO - Processing /home/airflow/.local/lib/python3.8/site-packages/airflow/example_dags/example_sensor_decorator.py took 0.206 seconds
[2025-03-27T16:51:19.671+0000] {processor.py:161} INFO - Started process (PID=17316) to work on /home/airflow/.local/lib/python3.8/site-packages/airflow/example_dags/example_sensor_decorator.py
[2025-03-27T16:51:19.673+0000] {processor.py:830} INFO - Processing file /home/airflow/.local/lib/python3.8/site-packages/airflow/example_dags/example_sensor_decorator.py for tasks to queue
[2025-03-27T16:51:19.674+0000] {logging_mixin.py:188} INFO - [2025-03-27T16:51:19.673+0000] {dagbag.py:538} INFO - Filling up the DagBag from /home/airflow/.local/lib/python3.8/site-packages/airflow/example_dags/example_sensor_decorator.py
[2025-03-27T16:51:19.681+0000] {processor.py:840} INFO - DAG(s) 'example_sensor_decorator' retrieved from /home/airflow/.local/lib/python3.8/site-packages/airflow/example_dags/example_sensor_decorator.py
[2025-03-27T16:51:19.703+0000] {logging_mixin.py:188} INFO - [2025-03-27T16:51:19.703+0000] {dag.py:3036} INFO - Sync 1 DAGs
[2025-03-27T16:51:19.720+0000] {logging_mixin.py:188} INFO - [2025-03-27T16:51:19.720+0000] {dag.py:3823} INFO - Setting next_dagrun for example_sensor_decorator to None, run_after=None
[2025-03-27T16:51:19.750+0000] {processor.py:183} INFO - Processing /home/airflow/.local/lib/python3.8/site-packages/airflow/example_dags/example_sensor_decorator.py took 0.082 seconds
[2025-03-27T16:51:49.846+0000] {processor.py:161} INFO - Started process (PID=17739) to work on /home/airflow/.local/lib/python3.8/site-packages/airflow/example_dags/example_sensor_decorator.py
[2025-03-27T16:51:49.847+0000] {processor.py:830} INFO - Processing file /home/airflow/.local/lib/python3.8/site-packages/airflow/example_dags/example_sensor_decorator.py for tasks to queue
[2025-03-27T16:51:49.848+0000] {logging_mixin.py:188} INFO - [2025-03-27T16:51:49.847+0000] {dagbag.py:538} INFO - Filling up the DagBag from /home/airflow/.local/lib/python3.8/site-packages/airflow/example_dags/example_sensor_decorator.py
[2025-03-27T16:51:49.854+0000] {processor.py:840} INFO - DAG(s) 'example_sensor_decorator' retrieved from /home/airflow/.local/lib/python3.8/site-packages/airflow/example_dags/example_sensor_decorator.py
[2025-03-27T16:51:49.874+0000] {logging_mixin.py:188} INFO - [2025-03-27T16:51:49.874+0000] {dag.py:3036} INFO - Sync 1 DAGs
[2025-03-27T16:51:49.887+0000] {logging_mixin.py:188} INFO - [2025-03-27T16:51:49.886+0000] {dag.py:3823} INFO - Setting next_dagrun for example_sensor_decorator to None, run_after=None
[2025-03-27T16:51:49.906+0000] {processor.py:183} INFO - Processing /home/airflow/.local/lib/python3.8/site-packages/airflow/example_dags/example_sensor_decorator.py took 0.063 seconds
[2025-03-27T16:52:20.151+0000] {processor.py:161} INFO - Started process (PID=17991) to work on /home/airflow/.local/lib/python3.8/site-packages/airflow/example_dags/example_sensor_decorator.py
[2025-03-27T16:52:20.152+0000] {processor.py:830} INFO - Processing file /home/airflow/.local/lib/python3.8/site-packages/airflow/example_dags/example_sensor_decorator.py for tasks to queue
[2025-03-27T16:52:20.153+0000] {logging_mixin.py:188} INFO - [2025-03-27T16:52:20.153+0000] {dagbag.py:538} INFO - Filling up the DagBag from /home/airflow/.local/lib/python3.8/site-packages/airflow/example_dags/example_sensor_decorator.py
[2025-03-27T16:52:20.158+0000] {processor.py:840} INFO - DAG(s) 'example_sensor_decorator' retrieved from /home/airflow/.local/lib/python3.8/site-packages/airflow/example_dags/example_sensor_decorator.py
[2025-03-27T16:52:20.178+0000] {logging_mixin.py:188} INFO - [2025-03-27T16:52:20.178+0000] {dag.py:3036} INFO - Sync 1 DAGs
[2025-03-27T16:52:20.190+0000] {logging_mixin.py:188} INFO - [2025-03-27T16:52:20.190+0000] {dag.py:3823} INFO - Setting next_dagrun for example_sensor_decorator to None, run_after=None
[2025-03-27T16:52:20.207+0000] {processor.py:183} INFO - Processing /home/airflow/.local/lib/python3.8/site-packages/airflow/example_dags/example_sensor_decorator.py took 0.058 seconds
[2025-03-27T16:52:50.601+0000] {processor.py:161} INFO - Started process (PID=18243) to work on /home/airflow/.local/lib/python3.8/site-packages/airflow/example_dags/example_sensor_decorator.py
[2025-03-27T16:52:50.602+0000] {processor.py:830} INFO - Processing file /home/airflow/.local/lib/python3.8/site-packages/airflow/example_dags/example_sensor_decorator.py for tasks to queue
[2025-03-27T16:52:50.603+0000] {logging_mixin.py:188} INFO - [2025-03-27T16:52:50.602+0000] {dagbag.py:538} INFO - Filling up the DagBag from /home/airflow/.local/lib/python3.8/site-packages/airflow/example_dags/example_sensor_decorator.py
[2025-03-27T16:52:50.608+0000] {processor.py:840} INFO - DAG(s) 'example_sensor_decorator' retrieved from /home/airflow/.local/lib/python3.8/site-packages/airflow/example_dags/example_sensor_decorator.py
[2025-03-27T16:52:50.627+0000] {logging_mixin.py:188} INFO - [2025-03-27T16:52:50.627+0000] {dag.py:3036} INFO - Sync 1 DAGs
[2025-03-27T16:52:50.640+0000] {logging_mixin.py:188} INFO - [2025-03-27T16:52:50.639+0000] {dag.py:3823} INFO - Setting next_dagrun for example_sensor_decorator to None, run_after=None
[2025-03-27T16:52:50.781+0000] {processor.py:183} INFO - Processing /home/airflow/.local/lib/python3.8/site-packages/airflow/example_dags/example_sensor_decorator.py took 0.183 seconds
[2025-03-27T16:53:21.533+0000] {processor.py:161} INFO - Started process (PID=18493) to work on /home/airflow/.local/lib/python3.8/site-packages/airflow/example_dags/example_sensor_decorator.py
[2025-03-27T16:53:21.534+0000] {processor.py:830} INFO - Processing file /home/airflow/.local/lib/python3.8/site-packages/airflow/example_dags/example_sensor_decorator.py for tasks to queue
[2025-03-27T16:53:21.535+0000] {logging_mixin.py:188} INFO - [2025-03-27T16:53:21.535+0000] {dagbag.py:538} INFO - Filling up the DagBag from /home/airflow/.local/lib/python3.8/site-packages/airflow/example_dags/example_sensor_decorator.py
[2025-03-27T16:53:21.541+0000] {processor.py:840} INFO - DAG(s) 'example_sensor_decorator' retrieved from /home/airflow/.local/lib/python3.8/site-packages/airflow/example_dags/example_sensor_decorator.py
[2025-03-27T16:53:21.562+0000] {logging_mixin.py:188} INFO - [2025-03-27T16:53:21.561+0000] {dag.py:3036} INFO - Sync 1 DAGs
[2025-03-27T16:53:21.574+0000] {logging_mixin.py:188} INFO - [2025-03-27T16:53:21.574+0000] {dag.py:3823} INFO - Setting next_dagrun for example_sensor_decorator to None, run_after=None
[2025-03-27T16:53:21.593+0000] {processor.py:183} INFO - Processing /home/airflow/.local/lib/python3.8/site-packages/airflow/example_dags/example_sensor_decorator.py took 0.063 seconds
[2025-03-27T16:53:51.901+0000] {processor.py:161} INFO - Started process (PID=18747) to work on /home/airflow/.local/lib/python3.8/site-packages/airflow/example_dags/example_sensor_decorator.py
[2025-03-27T16:53:51.902+0000] {processor.py:830} INFO - Processing file /home/airflow/.local/lib/python3.8/site-packages/airflow/example_dags/example_sensor_decorator.py for tasks to queue
[2025-03-27T16:53:51.902+0000] {logging_mixin.py:188} INFO - [2025-03-27T16:53:51.902+0000] {dagbag.py:538} INFO - Filling up the DagBag from /home/airflow/.local/lib/python3.8/site-packages/airflow/example_dags/example_sensor_decorator.py
[2025-03-27T16:53:51.908+0000] {processor.py:840} INFO - DAG(s) 'example_sensor_decorator' retrieved from /home/airflow/.local/lib/python3.8/site-packages/airflow/example_dags/example_sensor_decorator.py
[2025-03-27T16:53:51.928+0000] {logging_mixin.py:188} INFO - [2025-03-27T16:53:51.928+0000] {dag.py:3036} INFO - Sync 1 DAGs
[2025-03-27T16:53:51.941+0000] {logging_mixin.py:188} INFO - [2025-03-27T16:53:51.941+0000] {dag.py:3823} INFO - Setting next_dagrun for example_sensor_decorator to None, run_after=None
[2025-03-27T16:53:51.960+0000] {processor.py:183} INFO - Processing /home/airflow/.local/lib/python3.8/site-packages/airflow/example_dags/example_sensor_decorator.py took 0.062 seconds
[2025-03-27T16:54:22.160+0000] {processor.py:161} INFO - Started process (PID=18999) to work on /home/airflow/.local/lib/python3.8/site-packages/airflow/example_dags/example_sensor_decorator.py
[2025-03-27T16:54:22.161+0000] {processor.py:830} INFO - Processing file /home/airflow/.local/lib/python3.8/site-packages/airflow/example_dags/example_sensor_decorator.py for tasks to queue
[2025-03-27T16:54:22.162+0000] {logging_mixin.py:188} INFO - [2025-03-27T16:54:22.162+0000] {dagbag.py:538} INFO - Filling up the DagBag from /home/airflow/.local/lib/python3.8/site-packages/airflow/example_dags/example_sensor_decorator.py
[2025-03-27T16:54:22.167+0000] {processor.py:840} INFO - DAG(s) 'example_sensor_decorator' retrieved from /home/airflow/.local/lib/python3.8/site-packages/airflow/example_dags/example_sensor_decorator.py
[2025-03-27T16:54:22.186+0000] {logging_mixin.py:188} INFO - [2025-03-27T16:54:22.186+0000] {dag.py:3036} INFO - Sync 1 DAGs
[2025-03-27T16:54:22.198+0000] {logging_mixin.py:188} INFO - [2025-03-27T16:54:22.198+0000] {dag.py:3823} INFO - Setting next_dagrun for example_sensor_decorator to None, run_after=None
[2025-03-27T16:54:22.215+0000] {processor.py:183} INFO - Processing /home/airflow/.local/lib/python3.8/site-packages/airflow/example_dags/example_sensor_decorator.py took 0.058 seconds
[2025-03-27T16:54:53.446+0000] {processor.py:161} INFO - Started process (PID=19251) to work on /home/airflow/.local/lib/python3.8/site-packages/airflow/example_dags/example_sensor_decorator.py
[2025-03-27T16:54:53.447+0000] {processor.py:830} INFO - Processing file /home/airflow/.local/lib/python3.8/site-packages/airflow/example_dags/example_sensor_decorator.py for tasks to queue
[2025-03-27T16:54:53.448+0000] {logging_mixin.py:188} INFO - [2025-03-27T16:54:53.447+0000] {dagbag.py:538} INFO - Filling up the DagBag from /home/airflow/.local/lib/python3.8/site-packages/airflow/example_dags/example_sensor_decorator.py
[2025-03-27T16:54:53.453+0000] {processor.py:840} INFO - DAG(s) 'example_sensor_decorator' retrieved from /home/airflow/.local/lib/python3.8/site-packages/airflow/example_dags/example_sensor_decorator.py
[2025-03-27T16:54:53.471+0000] {logging_mixin.py:188} INFO - [2025-03-27T16:54:53.471+0000] {dag.py:3036} INFO - Sync 1 DAGs
[2025-03-27T16:54:53.482+0000] {logging_mixin.py:188} INFO - [2025-03-27T16:54:53.481+0000] {dag.py:3823} INFO - Setting next_dagrun for example_sensor_decorator to None, run_after=None
[2025-03-27T16:54:53.498+0000] {processor.py:183} INFO - Processing /home/airflow/.local/lib/python3.8/site-packages/airflow/example_dags/example_sensor_decorator.py took 0.055 seconds
[2025-03-27T16:55:23.785+0000] {processor.py:161} INFO - Started process (PID=19503) to work on /home/airflow/.local/lib/python3.8/site-packages/airflow/example_dags/example_sensor_decorator.py
[2025-03-27T16:55:23.787+0000] {processor.py:830} INFO - Processing file /home/airflow/.local/lib/python3.8/site-packages/airflow/example_dags/example_sensor_decorator.py for tasks to queue
[2025-03-27T16:55:23.788+0000] {logging_mixin.py:188} INFO - [2025-03-27T16:55:23.787+0000] {dagbag.py:538} INFO - Filling up the DagBag from /home/airflow/.local/lib/python3.8/site-packages/airflow/example_dags/example_sensor_decorator.py
[2025-03-27T16:55:23.793+0000] {processor.py:840} INFO - DAG(s) 'example_sensor_decorator' retrieved from /home/airflow/.local/lib/python3.8/site-packages/airflow/example_dags/example_sensor_decorator.py
[2025-03-27T16:55:23.968+0000] {logging_mixin.py:188} INFO - [2025-03-27T16:55:23.967+0000] {dag.py:3036} INFO - Sync 1 DAGs
[2025-03-27T16:55:23.982+0000] {logging_mixin.py:188} INFO - [2025-03-27T16:55:23.982+0000] {dag.py:3823} INFO - Setting next_dagrun for example_sensor_decorator to None, run_after=None
[2025-03-27T16:55:24.007+0000] {processor.py:183} INFO - Processing /home/airflow/.local/lib/python3.8/site-packages/airflow/example_dags/example_sensor_decorator.py took 0.224 seconds
[2025-03-27T16:55:54.431+0000] {processor.py:161} INFO - Started process (PID=19755) to work on /home/airflow/.local/lib/python3.8/site-packages/airflow/example_dags/example_sensor_decorator.py
[2025-03-27T16:55:54.432+0000] {processor.py:830} INFO - Processing file /home/airflow/.local/lib/python3.8/site-packages/airflow/example_dags/example_sensor_decorator.py for tasks to queue
[2025-03-27T16:55:54.432+0000] {logging_mixin.py:188} INFO - [2025-03-27T16:55:54.432+0000] {dagbag.py:538} INFO - Filling up the DagBag from /home/airflow/.local/lib/python3.8/site-packages/airflow/example_dags/example_sensor_decorator.py
[2025-03-27T16:55:54.438+0000] {processor.py:840} INFO - DAG(s) 'example_sensor_decorator' retrieved from /home/airflow/.local/lib/python3.8/site-packages/airflow/example_dags/example_sensor_decorator.py
[2025-03-27T16:55:54.455+0000] {logging_mixin.py:188} INFO - [2025-03-27T16:55:54.455+0000] {dag.py:3036} INFO - Sync 1 DAGs
[2025-03-27T16:55:54.466+0000] {logging_mixin.py:188} INFO - [2025-03-27T16:55:54.466+0000] {dag.py:3823} INFO - Setting next_dagrun for example_sensor_decorator to None, run_after=None
[2025-03-27T16:55:54.482+0000] {processor.py:183} INFO - Processing /home/airflow/.local/lib/python3.8/site-packages/airflow/example_dags/example_sensor_decorator.py took 0.054 seconds
[2025-03-27T16:56:24.795+0000] {processor.py:161} INFO - Started process (PID=20007) to work on /home/airflow/.local/lib/python3.8/site-packages/airflow/example_dags/example_sensor_decorator.py
[2025-03-27T16:56:24.796+0000] {processor.py:830} INFO - Processing file /home/airflow/.local/lib/python3.8/site-packages/airflow/example_dags/example_sensor_decorator.py for tasks to queue
[2025-03-27T16:56:24.797+0000] {logging_mixin.py:188} INFO - [2025-03-27T16:56:24.796+0000] {dagbag.py:538} INFO - Filling up the DagBag from /home/airflow/.local/lib/python3.8/site-packages/airflow/example_dags/example_sensor_decorator.py
[2025-03-27T16:56:24.802+0000] {processor.py:840} INFO - DAG(s) 'example_sensor_decorator' retrieved from /home/airflow/.local/lib/python3.8/site-packages/airflow/example_dags/example_sensor_decorator.py
[2025-03-27T16:56:24.819+0000] {logging_mixin.py:188} INFO - [2025-03-27T16:56:24.819+0000] {dag.py:3036} INFO - Sync 1 DAGs
[2025-03-27T16:56:24.830+0000] {logging_mixin.py:188} INFO - [2025-03-27T16:56:24.830+0000] {dag.py:3823} INFO - Setting next_dagrun for example_sensor_decorator to None, run_after=None
[2025-03-27T16:56:24.847+0000] {processor.py:183} INFO - Processing /home/airflow/.local/lib/python3.8/site-packages/airflow/example_dags/example_sensor_decorator.py took 0.054 seconds
[2025-03-27T16:56:55.305+0000] {processor.py:161} INFO - Started process (PID=20259) to work on /home/airflow/.local/lib/python3.8/site-packages/airflow/example_dags/example_sensor_decorator.py
[2025-03-27T16:56:55.306+0000] {processor.py:830} INFO - Processing file /home/airflow/.local/lib/python3.8/site-packages/airflow/example_dags/example_sensor_decorator.py for tasks to queue
[2025-03-27T16:56:55.307+0000] {logging_mixin.py:188} INFO - [2025-03-27T16:56:55.307+0000] {dagbag.py:538} INFO - Filling up the DagBag from /home/airflow/.local/lib/python3.8/site-packages/airflow/example_dags/example_sensor_decorator.py
[2025-03-27T16:56:55.314+0000] {processor.py:840} INFO - DAG(s) 'example_sensor_decorator' retrieved from /home/airflow/.local/lib/python3.8/site-packages/airflow/example_dags/example_sensor_decorator.py
[2025-03-27T16:56:55.333+0000] {logging_mixin.py:188} INFO - [2025-03-27T16:56:55.332+0000] {dag.py:3036} INFO - Sync 1 DAGs
[2025-03-27T16:56:55.344+0000] {logging_mixin.py:188} INFO - [2025-03-27T16:56:55.344+0000] {dag.py:3823} INFO - Setting next_dagrun for example_sensor_decorator to None, run_after=None
[2025-03-27T16:56:55.360+0000] {processor.py:183} INFO - Processing /home/airflow/.local/lib/python3.8/site-packages/airflow/example_dags/example_sensor_decorator.py took 0.059 seconds
[2025-03-27T16:57:25.611+0000] {processor.py:161} INFO - Started process (PID=20511) to work on /home/airflow/.local/lib/python3.8/site-packages/airflow/example_dags/example_sensor_decorator.py
[2025-03-27T16:57:25.612+0000] {processor.py:830} INFO - Processing file /home/airflow/.local/lib/python3.8/site-packages/airflow/example_dags/example_sensor_decorator.py for tasks to queue
[2025-03-27T16:57:25.613+0000] {logging_mixin.py:188} INFO - [2025-03-27T16:57:25.613+0000] {dagbag.py:538} INFO - Filling up the DagBag from /home/airflow/.local/lib/python3.8/site-packages/airflow/example_dags/example_sensor_decorator.py
[2025-03-27T16:57:25.619+0000] {processor.py:840} INFO - DAG(s) 'example_sensor_decorator' retrieved from /home/airflow/.local/lib/python3.8/site-packages/airflow/example_dags/example_sensor_decorator.py
[2025-03-27T16:57:25.638+0000] {logging_mixin.py:188} INFO - [2025-03-27T16:57:25.637+0000] {dag.py:3036} INFO - Sync 1 DAGs
[2025-03-27T16:57:25.650+0000] {logging_mixin.py:188} INFO - [2025-03-27T16:57:25.649+0000] {dag.py:3823} INFO - Setting next_dagrun for example_sensor_decorator to None, run_after=None
[2025-03-27T16:57:25.667+0000] {processor.py:183} INFO - Processing /home/airflow/.local/lib/python3.8/site-packages/airflow/example_dags/example_sensor_decorator.py took 0.059 seconds
[2025-03-27T16:57:55.821+0000] {processor.py:161} INFO - Started process (PID=20763) to work on /home/airflow/.local/lib/python3.8/site-packages/airflow/example_dags/example_sensor_decorator.py
[2025-03-27T16:57:55.822+0000] {processor.py:830} INFO - Processing file /home/airflow/.local/lib/python3.8/site-packages/airflow/example_dags/example_sensor_decorator.py for tasks to queue
[2025-03-27T16:57:55.822+0000] {logging_mixin.py:188} INFO - [2025-03-27T16:57:55.822+0000] {dagbag.py:538} INFO - Filling up the DagBag from /home/airflow/.local/lib/python3.8/site-packages/airflow/example_dags/example_sensor_decorator.py
[2025-03-27T16:57:55.827+0000] {processor.py:840} INFO - DAG(s) 'example_sensor_decorator' retrieved from /home/airflow/.local/lib/python3.8/site-packages/airflow/example_dags/example_sensor_decorator.py
[2025-03-27T16:57:55.847+0000] {logging_mixin.py:188} INFO - [2025-03-27T16:57:55.846+0000] {dag.py:3036} INFO - Sync 1 DAGs
[2025-03-27T16:57:55.858+0000] {logging_mixin.py:188} INFO - [2025-03-27T16:57:55.858+0000] {dag.py:3823} INFO - Setting next_dagrun for example_sensor_decorator to None, run_after=None
[2025-03-27T16:57:55.875+0000] {processor.py:183} INFO - Processing /home/airflow/.local/lib/python3.8/site-packages/airflow/example_dags/example_sensor_decorator.py took 0.057 seconds
[2025-03-27T16:58:26.115+0000] {processor.py:161} INFO - Started process (PID=21015) to work on /home/airflow/.local/lib/python3.8/site-packages/airflow/example_dags/example_sensor_decorator.py
[2025-03-27T16:58:26.115+0000] {processor.py:830} INFO - Processing file /home/airflow/.local/lib/python3.8/site-packages/airflow/example_dags/example_sensor_decorator.py for tasks to queue
[2025-03-27T16:58:26.116+0000] {logging_mixin.py:188} INFO - [2025-03-27T16:58:26.116+0000] {dagbag.py:538} INFO - Filling up the DagBag from /home/airflow/.local/lib/python3.8/site-packages/airflow/example_dags/example_sensor_decorator.py
[2025-03-27T16:58:26.121+0000] {processor.py:840} INFO - DAG(s) 'example_sensor_decorator' retrieved from /home/airflow/.local/lib/python3.8/site-packages/airflow/example_dags/example_sensor_decorator.py
[2025-03-27T16:58:26.141+0000] {logging_mixin.py:188} INFO - [2025-03-27T16:58:26.141+0000] {dag.py:3036} INFO - Sync 1 DAGs
[2025-03-27T16:58:26.153+0000] {logging_mixin.py:188} INFO - [2025-03-27T16:58:26.153+0000] {dag.py:3823} INFO - Setting next_dagrun for example_sensor_decorator to None, run_after=None
[2025-03-27T16:58:26.172+0000] {processor.py:183} INFO - Processing /home/airflow/.local/lib/python3.8/site-packages/airflow/example_dags/example_sensor_decorator.py took 0.060 seconds
[2025-03-27T16:58:56.381+0000] {processor.py:161} INFO - Started process (PID=21267) to work on /home/airflow/.local/lib/python3.8/site-packages/airflow/example_dags/example_sensor_decorator.py
[2025-03-27T16:58:56.382+0000] {processor.py:830} INFO - Processing file /home/airflow/.local/lib/python3.8/site-packages/airflow/example_dags/example_sensor_decorator.py for tasks to queue
[2025-03-27T16:58:56.383+0000] {logging_mixin.py:188} INFO - [2025-03-27T16:58:56.383+0000] {dagbag.py:538} INFO - Filling up the DagBag from /home/airflow/.local/lib/python3.8/site-packages/airflow/example_dags/example_sensor_decorator.py
[2025-03-27T16:58:56.391+0000] {processor.py:840} INFO - DAG(s) 'example_sensor_decorator' retrieved from /home/airflow/.local/lib/python3.8/site-packages/airflow/example_dags/example_sensor_decorator.py
[2025-03-27T16:58:56.414+0000] {logging_mixin.py:188} INFO - [2025-03-27T16:58:56.414+0000] {dag.py:3036} INFO - Sync 1 DAGs
[2025-03-27T16:58:56.427+0000] {logging_mixin.py:188} INFO - [2025-03-27T16:58:56.427+0000] {dag.py:3823} INFO - Setting next_dagrun for example_sensor_decorator to None, run_after=None
[2025-03-27T16:58:56.455+0000] {processor.py:183} INFO - Processing /home/airflow/.local/lib/python3.8/site-packages/airflow/example_dags/example_sensor_decorator.py took 0.078 seconds
[2025-03-27T16:59:26.687+0000] {processor.py:161} INFO - Started process (PID=21519) to work on /home/airflow/.local/lib/python3.8/site-packages/airflow/example_dags/example_sensor_decorator.py
[2025-03-27T16:59:26.688+0000] {processor.py:830} INFO - Processing file /home/airflow/.local/lib/python3.8/site-packages/airflow/example_dags/example_sensor_decorator.py for tasks to queue
[2025-03-27T16:59:26.689+0000] {logging_mixin.py:188} INFO - [2025-03-27T16:59:26.688+0000] {dagbag.py:538} INFO - Filling up the DagBag from /home/airflow/.local/lib/python3.8/site-packages/airflow/example_dags/example_sensor_decorator.py
[2025-03-27T16:59:26.693+0000] {processor.py:840} INFO - DAG(s) 'example_sensor_decorator' retrieved from /home/airflow/.local/lib/python3.8/site-packages/airflow/example_dags/example_sensor_decorator.py
[2025-03-27T16:59:26.715+0000] {logging_mixin.py:188} INFO - [2025-03-27T16:59:26.715+0000] {dag.py:3036} INFO - Sync 1 DAGs
[2025-03-27T16:59:26.727+0000] {logging_mixin.py:188} INFO - [2025-03-27T16:59:26.726+0000] {dag.py:3823} INFO - Setting next_dagrun for example_sensor_decorator to None, run_after=None
[2025-03-27T16:59:26.743+0000] {processor.py:183} INFO - Processing /home/airflow/.local/lib/python3.8/site-packages/airflow/example_dags/example_sensor_decorator.py took 0.059 seconds
[2025-03-27T16:59:57.432+0000] {processor.py:161} INFO - Started process (PID=21771) to work on /home/airflow/.local/lib/python3.8/site-packages/airflow/example_dags/example_sensor_decorator.py
[2025-03-27T16:59:57.434+0000] {processor.py:830} INFO - Processing file /home/airflow/.local/lib/python3.8/site-packages/airflow/example_dags/example_sensor_decorator.py for tasks to queue
[2025-03-27T16:59:57.436+0000] {logging_mixin.py:188} INFO - [2025-03-27T16:59:57.435+0000] {dagbag.py:538} INFO - Filling up the DagBag from /home/airflow/.local/lib/python3.8/site-packages/airflow/example_dags/example_sensor_decorator.py
[2025-03-27T16:59:57.444+0000] {processor.py:840} INFO - DAG(s) 'example_sensor_decorator' retrieved from /home/airflow/.local/lib/python3.8/site-packages/airflow/example_dags/example_sensor_decorator.py
[2025-03-27T16:59:57.474+0000] {logging_mixin.py:188} INFO - [2025-03-27T16:59:57.473+0000] {dag.py:3036} INFO - Sync 1 DAGs
[2025-03-27T16:59:57.489+0000] {logging_mixin.py:188} INFO - [2025-03-27T16:59:57.489+0000] {dag.py:3823} INFO - Setting next_dagrun for example_sensor_decorator to None, run_after=None
[2025-03-27T16:59:57.516+0000] {processor.py:183} INFO - Processing /home/airflow/.local/lib/python3.8/site-packages/airflow/example_dags/example_sensor_decorator.py took 0.087 seconds
