[2025-03-27T16:27:02.522+0000] {processor.py:161} INFO - Started process (PID=401) to work on /home/airflow/.local/lib/python3.8/site-packages/airflow/example_dags/tutorial.py
[2025-03-27T16:27:02.523+0000] {processor.py:830} INFO - Processing file /home/airflow/.local/lib/python3.8/site-packages/airflow/example_dags/tutorial.py for tasks to queue
[2025-03-27T16:27:02.524+0000] {logging_mixin.py:188} INFO - [2025-03-27T16:27:02.524+0000] {dagbag.py:538} INFO - Filling up the DagBag from /home/airflow/.local/lib/python3.8/site-packages/airflow/example_dags/tutorial.py
[2025-03-27T16:27:02.531+0000] {processor.py:840} INFO - DAG(s) 'tutorial' retrieved from /home/airflow/.local/lib/python3.8/site-packages/airflow/example_dags/tutorial.py
[2025-03-27T16:27:02.546+0000] {logging_mixin.py:188} INFO - [2025-03-27T16:27:02.545+0000] {dag.py:3036} INFO - Sync 1 DAGs
[2025-03-27T16:27:02.574+0000] {logging_mixin.py:188} INFO - [2025-03-27T16:27:02.574+0000] {dag.py:3823} INFO - Setting next_dagrun for tutorial to 2025-03-26 00:00:00+00:00, run_after=2025-03-27 00:00:00+00:00
[2025-03-27T16:27:02.596+0000] {processor.py:183} INFO - Processing /home/airflow/.local/lib/python3.8/site-packages/airflow/example_dags/tutorial.py took 0.078 seconds
[2025-03-27T16:27:33.853+0000] {processor.py:161} INFO - Started process (PID=656) to work on /home/airflow/.local/lib/python3.8/site-packages/airflow/example_dags/tutorial.py
[2025-03-27T16:27:33.854+0000] {processor.py:830} INFO - Processing file /home/airflow/.local/lib/python3.8/site-packages/airflow/example_dags/tutorial.py for tasks to queue
[2025-03-27T16:27:33.855+0000] {logging_mixin.py:188} INFO - [2025-03-27T16:27:33.855+0000] {dagbag.py:538} INFO - Filling up the DagBag from /home/airflow/.local/lib/python3.8/site-packages/airflow/example_dags/tutorial.py
[2025-03-27T16:27:33.860+0000] {processor.py:840} INFO - DAG(s) 'tutorial' retrieved from /home/airflow/.local/lib/python3.8/site-packages/airflow/example_dags/tutorial.py
[2025-03-27T16:27:33.949+0000] {logging_mixin.py:188} INFO - [2025-03-27T16:27:33.949+0000] {dag.py:3036} INFO - Sync 1 DAGs
[2025-03-27T16:27:33.969+0000] {logging_mixin.py:188} INFO - [2025-03-27T16:27:33.969+0000] {dag.py:3823} INFO - Setting next_dagrun for tutorial to 2025-03-26 00:00:00+00:00, run_after=2025-03-27 00:00:00+00:00
[2025-03-27T16:27:33.986+0000] {processor.py:183} INFO - Processing /home/airflow/.local/lib/python3.8/site-packages/airflow/example_dags/tutorial.py took 0.135 seconds
[2025-03-27T16:28:04.102+0000] {processor.py:161} INFO - Started process (PID=906) to work on /home/airflow/.local/lib/python3.8/site-packages/airflow/example_dags/tutorial.py
[2025-03-27T16:28:04.104+0000] {processor.py:830} INFO - Processing file /home/airflow/.local/lib/python3.8/site-packages/airflow/example_dags/tutorial.py for tasks to queue
[2025-03-27T16:28:04.104+0000] {logging_mixin.py:188} INFO - [2025-03-27T16:28:04.104+0000] {dagbag.py:538} INFO - Filling up the DagBag from /home/airflow/.local/lib/python3.8/site-packages/airflow/example_dags/tutorial.py
[2025-03-27T16:28:04.110+0000] {processor.py:840} INFO - DAG(s) 'tutorial' retrieved from /home/airflow/.local/lib/python3.8/site-packages/airflow/example_dags/tutorial.py
[2025-03-27T16:28:04.131+0000] {logging_mixin.py:188} INFO - [2025-03-27T16:28:04.130+0000] {dag.py:3036} INFO - Sync 1 DAGs
[2025-03-27T16:28:04.161+0000] {logging_mixin.py:188} INFO - [2025-03-27T16:28:04.161+0000] {dag.py:3823} INFO - Setting next_dagrun for tutorial to 2025-03-26 00:00:00+00:00, run_after=2025-03-27 00:00:00+00:00
[2025-03-27T16:28:04.182+0000] {processor.py:183} INFO - Processing /home/airflow/.local/lib/python3.8/site-packages/airflow/example_dags/tutorial.py took 0.082 seconds
[2025-03-27T16:28:34.757+0000] {processor.py:161} INFO - Started process (PID=1148) to work on /home/airflow/.local/lib/python3.8/site-packages/airflow/example_dags/tutorial.py
[2025-03-27T16:28:34.758+0000] {processor.py:830} INFO - Processing file /home/airflow/.local/lib/python3.8/site-packages/airflow/example_dags/tutorial.py for tasks to queue
[2025-03-27T16:28:34.759+0000] {logging_mixin.py:188} INFO - [2025-03-27T16:28:34.759+0000] {dagbag.py:538} INFO - Filling up the DagBag from /home/airflow/.local/lib/python3.8/site-packages/airflow/example_dags/tutorial.py
[2025-03-27T16:28:34.764+0000] {processor.py:840} INFO - DAG(s) 'tutorial' retrieved from /home/airflow/.local/lib/python3.8/site-packages/airflow/example_dags/tutorial.py
[2025-03-27T16:28:34.783+0000] {logging_mixin.py:188} INFO - [2025-03-27T16:28:34.783+0000] {dag.py:3036} INFO - Sync 1 DAGs
[2025-03-27T16:28:34.804+0000] {logging_mixin.py:188} INFO - [2025-03-27T16:28:34.804+0000] {dag.py:3823} INFO - Setting next_dagrun for tutorial to 2025-03-26 00:00:00+00:00, run_after=2025-03-27 00:00:00+00:00
[2025-03-27T16:28:34.821+0000] {processor.py:183} INFO - Processing /home/airflow/.local/lib/python3.8/site-packages/airflow/example_dags/tutorial.py took 0.066 seconds
[2025-03-27T16:29:05.419+0000] {processor.py:161} INFO - Started process (PID=1397) to work on /home/airflow/.local/lib/python3.8/site-packages/airflow/example_dags/tutorial.py
[2025-03-27T16:29:05.420+0000] {processor.py:830} INFO - Processing file /home/airflow/.local/lib/python3.8/site-packages/airflow/example_dags/tutorial.py for tasks to queue
[2025-03-27T16:29:05.421+0000] {logging_mixin.py:188} INFO - [2025-03-27T16:29:05.421+0000] {dagbag.py:538} INFO - Filling up the DagBag from /home/airflow/.local/lib/python3.8/site-packages/airflow/example_dags/tutorial.py
[2025-03-27T16:29:05.426+0000] {processor.py:840} INFO - DAG(s) 'tutorial' retrieved from /home/airflow/.local/lib/python3.8/site-packages/airflow/example_dags/tutorial.py
[2025-03-27T16:29:05.444+0000] {logging_mixin.py:188} INFO - [2025-03-27T16:29:05.444+0000] {dag.py:3036} INFO - Sync 1 DAGs
[2025-03-27T16:29:05.465+0000] {logging_mixin.py:188} INFO - [2025-03-27T16:29:05.464+0000] {dag.py:3823} INFO - Setting next_dagrun for tutorial to 2025-03-26 00:00:00+00:00, run_after=2025-03-27 00:00:00+00:00
[2025-03-27T16:29:05.480+0000] {processor.py:183} INFO - Processing /home/airflow/.local/lib/python3.8/site-packages/airflow/example_dags/tutorial.py took 0.064 seconds
[2025-03-27T16:29:35.966+0000] {processor.py:161} INFO - Started process (PID=1642) to work on /home/airflow/.local/lib/python3.8/site-packages/airflow/example_dags/tutorial.py
[2025-03-27T16:29:35.967+0000] {processor.py:830} INFO - Processing file /home/airflow/.local/lib/python3.8/site-packages/airflow/example_dags/tutorial.py for tasks to queue
[2025-03-27T16:29:35.968+0000] {logging_mixin.py:188} INFO - [2025-03-27T16:29:35.967+0000] {dagbag.py:538} INFO - Filling up the DagBag from /home/airflow/.local/lib/python3.8/site-packages/airflow/example_dags/tutorial.py
[2025-03-27T16:29:35.973+0000] {processor.py:840} INFO - DAG(s) 'tutorial' retrieved from /home/airflow/.local/lib/python3.8/site-packages/airflow/example_dags/tutorial.py
[2025-03-27T16:29:35.990+0000] {logging_mixin.py:188} INFO - [2025-03-27T16:29:35.990+0000] {dag.py:3036} INFO - Sync 1 DAGs
[2025-03-27T16:29:36.009+0000] {logging_mixin.py:188} INFO - [2025-03-27T16:29:36.009+0000] {dag.py:3823} INFO - Setting next_dagrun for tutorial to 2025-03-26 00:00:00+00:00, run_after=2025-03-27 00:00:00+00:00
[2025-03-27T16:29:36.025+0000] {processor.py:183} INFO - Processing /home/airflow/.local/lib/python3.8/site-packages/airflow/example_dags/tutorial.py took 0.061 seconds
[2025-03-27T16:30:06.528+0000] {processor.py:161} INFO - Started process (PID=1889) to work on /home/airflow/.local/lib/python3.8/site-packages/airflow/example_dags/tutorial.py
[2025-03-27T16:30:06.529+0000] {processor.py:830} INFO - Processing file /home/airflow/.local/lib/python3.8/site-packages/airflow/example_dags/tutorial.py for tasks to queue
[2025-03-27T16:30:06.529+0000] {logging_mixin.py:188} INFO - [2025-03-27T16:30:06.529+0000] {dagbag.py:538} INFO - Filling up the DagBag from /home/airflow/.local/lib/python3.8/site-packages/airflow/example_dags/tutorial.py
[2025-03-27T16:30:06.534+0000] {processor.py:840} INFO - DAG(s) 'tutorial' retrieved from /home/airflow/.local/lib/python3.8/site-packages/airflow/example_dags/tutorial.py
[2025-03-27T16:30:06.552+0000] {logging_mixin.py:188} INFO - [2025-03-27T16:30:06.552+0000] {dag.py:3036} INFO - Sync 1 DAGs
[2025-03-27T16:30:06.571+0000] {logging_mixin.py:188} INFO - [2025-03-27T16:30:06.571+0000] {dag.py:3823} INFO - Setting next_dagrun for tutorial to 2025-03-26 00:00:00+00:00, run_after=2025-03-27 00:00:00+00:00
[2025-03-27T16:30:06.588+0000] {processor.py:183} INFO - Processing /home/airflow/.local/lib/python3.8/site-packages/airflow/example_dags/tutorial.py took 0.063 seconds
[2025-03-27T16:30:36.947+0000] {processor.py:161} INFO - Started process (PID=2136) to work on /home/airflow/.local/lib/python3.8/site-packages/airflow/example_dags/tutorial.py
[2025-03-27T16:30:36.948+0000] {processor.py:830} INFO - Processing file /home/airflow/.local/lib/python3.8/site-packages/airflow/example_dags/tutorial.py for tasks to queue
[2025-03-27T16:30:36.949+0000] {logging_mixin.py:188} INFO - [2025-03-27T16:30:36.948+0000] {dagbag.py:538} INFO - Filling up the DagBag from /home/airflow/.local/lib/python3.8/site-packages/airflow/example_dags/tutorial.py
[2025-03-27T16:30:36.954+0000] {processor.py:840} INFO - DAG(s) 'tutorial' retrieved from /home/airflow/.local/lib/python3.8/site-packages/airflow/example_dags/tutorial.py
[2025-03-27T16:30:36.974+0000] {logging_mixin.py:188} INFO - [2025-03-27T16:30:36.973+0000] {dag.py:3036} INFO - Sync 1 DAGs
[2025-03-27T16:30:36.994+0000] {logging_mixin.py:188} INFO - [2025-03-27T16:30:36.994+0000] {dag.py:3823} INFO - Setting next_dagrun for tutorial to 2025-03-26 00:00:00+00:00, run_after=2025-03-27 00:00:00+00:00
[2025-03-27T16:30:37.012+0000] {processor.py:183} INFO - Processing /home/airflow/.local/lib/python3.8/site-packages/airflow/example_dags/tutorial.py took 0.067 seconds
[2025-03-27T16:31:07.488+0000] {processor.py:161} INFO - Started process (PID=2383) to work on /home/airflow/.local/lib/python3.8/site-packages/airflow/example_dags/tutorial.py
[2025-03-27T16:31:07.489+0000] {processor.py:830} INFO - Processing file /home/airflow/.local/lib/python3.8/site-packages/airflow/example_dags/tutorial.py for tasks to queue
[2025-03-27T16:31:07.489+0000] {logging_mixin.py:188} INFO - [2025-03-27T16:31:07.489+0000] {dagbag.py:538} INFO - Filling up the DagBag from /home/airflow/.local/lib/python3.8/site-packages/airflow/example_dags/tutorial.py
[2025-03-27T16:31:07.494+0000] {processor.py:840} INFO - DAG(s) 'tutorial' retrieved from /home/airflow/.local/lib/python3.8/site-packages/airflow/example_dags/tutorial.py
[2025-03-27T16:31:07.512+0000] {logging_mixin.py:188} INFO - [2025-03-27T16:31:07.512+0000] {dag.py:3036} INFO - Sync 1 DAGs
[2025-03-27T16:31:07.531+0000] {logging_mixin.py:188} INFO - [2025-03-27T16:31:07.531+0000] {dag.py:3823} INFO - Setting next_dagrun for tutorial to 2025-03-26 00:00:00+00:00, run_after=2025-03-27 00:00:00+00:00
[2025-03-27T16:31:07.548+0000] {processor.py:183} INFO - Processing /home/airflow/.local/lib/python3.8/site-packages/airflow/example_dags/tutorial.py took 0.063 seconds
[2025-03-27T16:31:38.260+0000] {processor.py:161} INFO - Started process (PID=2632) to work on /home/airflow/.local/lib/python3.8/site-packages/airflow/example_dags/tutorial.py
[2025-03-27T16:31:38.261+0000] {processor.py:830} INFO - Processing file /home/airflow/.local/lib/python3.8/site-packages/airflow/example_dags/tutorial.py for tasks to queue
[2025-03-27T16:31:38.263+0000] {logging_mixin.py:188} INFO - [2025-03-27T16:31:38.262+0000] {dagbag.py:538} INFO - Filling up the DagBag from /home/airflow/.local/lib/python3.8/site-packages/airflow/example_dags/tutorial.py
[2025-03-27T16:31:38.269+0000] {processor.py:840} INFO - DAG(s) 'tutorial' retrieved from /home/airflow/.local/lib/python3.8/site-packages/airflow/example_dags/tutorial.py
[2025-03-27T16:31:38.289+0000] {logging_mixin.py:188} INFO - [2025-03-27T16:31:38.288+0000] {dag.py:3036} INFO - Sync 1 DAGs
[2025-03-27T16:31:38.325+0000] {logging_mixin.py:188} INFO - [2025-03-27T16:31:38.324+0000] {dag.py:3823} INFO - Setting next_dagrun for tutorial to 2025-03-26 00:00:00+00:00, run_after=2025-03-27 00:00:00+00:00
[2025-03-27T16:31:38.359+0000] {processor.py:183} INFO - Processing /home/airflow/.local/lib/python3.8/site-packages/airflow/example_dags/tutorial.py took 0.102 seconds
[2025-03-27T16:32:08.409+0000] {processor.py:161} INFO - Started process (PID=2884) to work on /home/airflow/.local/lib/python3.8/site-packages/airflow/example_dags/tutorial.py
[2025-03-27T16:32:08.410+0000] {processor.py:830} INFO - Processing file /home/airflow/.local/lib/python3.8/site-packages/airflow/example_dags/tutorial.py for tasks to queue
[2025-03-27T16:32:08.411+0000] {logging_mixin.py:188} INFO - [2025-03-27T16:32:08.411+0000] {dagbag.py:538} INFO - Filling up the DagBag from /home/airflow/.local/lib/python3.8/site-packages/airflow/example_dags/tutorial.py
[2025-03-27T16:32:08.417+0000] {processor.py:840} INFO - DAG(s) 'tutorial' retrieved from /home/airflow/.local/lib/python3.8/site-packages/airflow/example_dags/tutorial.py
[2025-03-27T16:32:08.436+0000] {logging_mixin.py:188} INFO - [2025-03-27T16:32:08.435+0000] {dag.py:3036} INFO - Sync 1 DAGs
[2025-03-27T16:32:08.458+0000] {logging_mixin.py:188} INFO - [2025-03-27T16:32:08.458+0000] {dag.py:3823} INFO - Setting next_dagrun for tutorial to 2025-03-26 00:00:00+00:00, run_after=2025-03-27 00:00:00+00:00
[2025-03-27T16:32:08.477+0000] {processor.py:183} INFO - Processing /home/airflow/.local/lib/python3.8/site-packages/airflow/example_dags/tutorial.py took 0.071 seconds
[2025-03-27T16:32:40.391+0000] {processor.py:161} INFO - Started process (PID=3126) to work on /home/airflow/.local/lib/python3.8/site-packages/airflow/example_dags/tutorial.py
[2025-03-27T16:32:40.393+0000] {processor.py:830} INFO - Processing file /home/airflow/.local/lib/python3.8/site-packages/airflow/example_dags/tutorial.py for tasks to queue
[2025-03-27T16:32:40.394+0000] {logging_mixin.py:188} INFO - [2025-03-27T16:32:40.394+0000] {dagbag.py:538} INFO - Filling up the DagBag from /home/airflow/.local/lib/python3.8/site-packages/airflow/example_dags/tutorial.py
[2025-03-27T16:32:40.404+0000] {processor.py:840} INFO - DAG(s) 'tutorial' retrieved from /home/airflow/.local/lib/python3.8/site-packages/airflow/example_dags/tutorial.py
[2025-03-27T16:32:40.437+0000] {logging_mixin.py:188} INFO - [2025-03-27T16:32:40.436+0000] {dag.py:3036} INFO - Sync 1 DAGs
[2025-03-27T16:32:40.473+0000] {logging_mixin.py:188} INFO - [2025-03-27T16:32:40.473+0000] {dag.py:3823} INFO - Setting next_dagrun for tutorial to 2025-03-26 00:00:00+00:00, run_after=2025-03-27 00:00:00+00:00
[2025-03-27T16:32:40.506+0000] {processor.py:183} INFO - Processing /home/airflow/.local/lib/python3.8/site-packages/airflow/example_dags/tutorial.py took 0.119 seconds
[2025-03-27T16:33:11.069+0000] {processor.py:161} INFO - Started process (PID=3371) to work on /home/airflow/.local/lib/python3.8/site-packages/airflow/example_dags/tutorial.py
[2025-03-27T16:33:11.070+0000] {processor.py:830} INFO - Processing file /home/airflow/.local/lib/python3.8/site-packages/airflow/example_dags/tutorial.py for tasks to queue
[2025-03-27T16:33:11.071+0000] {logging_mixin.py:188} INFO - [2025-03-27T16:33:11.071+0000] {dagbag.py:538} INFO - Filling up the DagBag from /home/airflow/.local/lib/python3.8/site-packages/airflow/example_dags/tutorial.py
[2025-03-27T16:33:11.076+0000] {processor.py:840} INFO - DAG(s) 'tutorial' retrieved from /home/airflow/.local/lib/python3.8/site-packages/airflow/example_dags/tutorial.py
[2025-03-27T16:33:11.095+0000] {logging_mixin.py:188} INFO - [2025-03-27T16:33:11.095+0000] {dag.py:3036} INFO - Sync 1 DAGs
[2025-03-27T16:33:11.114+0000] {logging_mixin.py:188} INFO - [2025-03-27T16:33:11.114+0000] {dag.py:3823} INFO - Setting next_dagrun for tutorial to 2025-03-26 00:00:00+00:00, run_after=2025-03-27 00:00:00+00:00
[2025-03-27T16:33:11.131+0000] {processor.py:183} INFO - Processing /home/airflow/.local/lib/python3.8/site-packages/airflow/example_dags/tutorial.py took 0.065 seconds
[2025-03-27T16:33:42.063+0000] {processor.py:161} INFO - Started process (PID=3618) to work on /home/airflow/.local/lib/python3.8/site-packages/airflow/example_dags/tutorial.py
[2025-03-27T16:33:42.064+0000] {processor.py:830} INFO - Processing file /home/airflow/.local/lib/python3.8/site-packages/airflow/example_dags/tutorial.py for tasks to queue
[2025-03-27T16:33:42.065+0000] {logging_mixin.py:188} INFO - [2025-03-27T16:33:42.064+0000] {dagbag.py:538} INFO - Filling up the DagBag from /home/airflow/.local/lib/python3.8/site-packages/airflow/example_dags/tutorial.py
[2025-03-27T16:33:42.070+0000] {processor.py:840} INFO - DAG(s) 'tutorial' retrieved from /home/airflow/.local/lib/python3.8/site-packages/airflow/example_dags/tutorial.py
[2025-03-27T16:33:42.090+0000] {logging_mixin.py:188} INFO - [2025-03-27T16:33:42.090+0000] {dag.py:3036} INFO - Sync 1 DAGs
[2025-03-27T16:33:42.111+0000] {logging_mixin.py:188} INFO - [2025-03-27T16:33:42.111+0000] {dag.py:3823} INFO - Setting next_dagrun for tutorial to 2025-03-26 00:00:00+00:00, run_after=2025-03-27 00:00:00+00:00
[2025-03-27T16:33:42.133+0000] {processor.py:183} INFO - Processing /home/airflow/.local/lib/python3.8/site-packages/airflow/example_dags/tutorial.py took 0.073 seconds
[2025-03-27T16:34:12.453+0000] {processor.py:161} INFO - Started process (PID=3865) to work on /home/airflow/.local/lib/python3.8/site-packages/airflow/example_dags/tutorial.py
[2025-03-27T16:34:12.454+0000] {processor.py:830} INFO - Processing file /home/airflow/.local/lib/python3.8/site-packages/airflow/example_dags/tutorial.py for tasks to queue
[2025-03-27T16:34:12.455+0000] {logging_mixin.py:188} INFO - [2025-03-27T16:34:12.455+0000] {dagbag.py:538} INFO - Filling up the DagBag from /home/airflow/.local/lib/python3.8/site-packages/airflow/example_dags/tutorial.py
[2025-03-27T16:34:12.461+0000] {processor.py:840} INFO - DAG(s) 'tutorial' retrieved from /home/airflow/.local/lib/python3.8/site-packages/airflow/example_dags/tutorial.py
[2025-03-27T16:34:12.480+0000] {logging_mixin.py:188} INFO - [2025-03-27T16:34:12.480+0000] {dag.py:3036} INFO - Sync 1 DAGs
[2025-03-27T16:34:12.501+0000] {logging_mixin.py:188} INFO - [2025-03-27T16:34:12.501+0000] {dag.py:3823} INFO - Setting next_dagrun for tutorial to 2025-03-26 00:00:00+00:00, run_after=2025-03-27 00:00:00+00:00
[2025-03-27T16:34:12.521+0000] {processor.py:183} INFO - Processing /home/airflow/.local/lib/python3.8/site-packages/airflow/example_dags/tutorial.py took 0.070 seconds
[2025-03-27T16:34:42.862+0000] {processor.py:161} INFO - Started process (PID=4112) to work on /home/airflow/.local/lib/python3.8/site-packages/airflow/example_dags/tutorial.py
[2025-03-27T16:34:42.863+0000] {processor.py:830} INFO - Processing file /home/airflow/.local/lib/python3.8/site-packages/airflow/example_dags/tutorial.py for tasks to queue
[2025-03-27T16:34:42.864+0000] {logging_mixin.py:188} INFO - [2025-03-27T16:34:42.863+0000] {dagbag.py:538} INFO - Filling up the DagBag from /home/airflow/.local/lib/python3.8/site-packages/airflow/example_dags/tutorial.py
[2025-03-27T16:34:42.869+0000] {processor.py:840} INFO - DAG(s) 'tutorial' retrieved from /home/airflow/.local/lib/python3.8/site-packages/airflow/example_dags/tutorial.py
[2025-03-27T16:34:42.888+0000] {logging_mixin.py:188} INFO - [2025-03-27T16:34:42.888+0000] {dag.py:3036} INFO - Sync 1 DAGs
[2025-03-27T16:34:42.912+0000] {logging_mixin.py:188} INFO - [2025-03-27T16:34:42.912+0000] {dag.py:3823} INFO - Setting next_dagrun for tutorial to 2025-03-26 00:00:00+00:00, run_after=2025-03-27 00:00:00+00:00
[2025-03-27T16:34:42.932+0000] {processor.py:183} INFO - Processing /home/airflow/.local/lib/python3.8/site-packages/airflow/example_dags/tutorial.py took 0.073 seconds
[2025-03-27T16:35:13.315+0000] {processor.py:161} INFO - Started process (PID=4359) to work on /home/airflow/.local/lib/python3.8/site-packages/airflow/example_dags/tutorial.py
[2025-03-27T16:35:13.316+0000] {processor.py:830} INFO - Processing file /home/airflow/.local/lib/python3.8/site-packages/airflow/example_dags/tutorial.py for tasks to queue
[2025-03-27T16:35:13.317+0000] {logging_mixin.py:188} INFO - [2025-03-27T16:35:13.317+0000] {dagbag.py:538} INFO - Filling up the DagBag from /home/airflow/.local/lib/python3.8/site-packages/airflow/example_dags/tutorial.py
[2025-03-27T16:35:13.322+0000] {processor.py:840} INFO - DAG(s) 'tutorial' retrieved from /home/airflow/.local/lib/python3.8/site-packages/airflow/example_dags/tutorial.py
[2025-03-27T16:35:13.342+0000] {logging_mixin.py:188} INFO - [2025-03-27T16:35:13.341+0000] {dag.py:3036} INFO - Sync 1 DAGs
[2025-03-27T16:35:13.362+0000] {logging_mixin.py:188} INFO - [2025-03-27T16:35:13.362+0000] {dag.py:3823} INFO - Setting next_dagrun for tutorial to 2025-03-26 00:00:00+00:00, run_after=2025-03-27 00:00:00+00:00
[2025-03-27T16:35:13.378+0000] {processor.py:183} INFO - Processing /home/airflow/.local/lib/python3.8/site-packages/airflow/example_dags/tutorial.py took 0.066 seconds
[2025-03-27T16:35:43.666+0000] {processor.py:161} INFO - Started process (PID=4608) to work on /home/airflow/.local/lib/python3.8/site-packages/airflow/example_dags/tutorial.py
[2025-03-27T16:35:43.668+0000] {processor.py:830} INFO - Processing file /home/airflow/.local/lib/python3.8/site-packages/airflow/example_dags/tutorial.py for tasks to queue
[2025-03-27T16:35:43.670+0000] {logging_mixin.py:188} INFO - [2025-03-27T16:35:43.669+0000] {dagbag.py:538} INFO - Filling up the DagBag from /home/airflow/.local/lib/python3.8/site-packages/airflow/example_dags/tutorial.py
[2025-03-27T16:35:43.677+0000] {processor.py:840} INFO - DAG(s) 'tutorial' retrieved from /home/airflow/.local/lib/python3.8/site-packages/airflow/example_dags/tutorial.py
[2025-03-27T16:35:43.711+0000] {logging_mixin.py:188} INFO - [2025-03-27T16:35:43.711+0000] {dag.py:3036} INFO - Sync 1 DAGs
[2025-03-27T16:35:43.743+0000] {logging_mixin.py:188} INFO - [2025-03-27T16:35:43.743+0000] {dag.py:3823} INFO - Setting next_dagrun for tutorial to 2025-03-26 00:00:00+00:00, run_after=2025-03-27 00:00:00+00:00
[2025-03-27T16:35:43.767+0000] {processor.py:183} INFO - Processing /home/airflow/.local/lib/python3.8/site-packages/airflow/example_dags/tutorial.py took 0.105 seconds
[2025-03-27T16:36:14.298+0000] {processor.py:161} INFO - Started process (PID=4855) to work on /home/airflow/.local/lib/python3.8/site-packages/airflow/example_dags/tutorial.py
[2025-03-27T16:36:14.299+0000] {processor.py:830} INFO - Processing file /home/airflow/.local/lib/python3.8/site-packages/airflow/example_dags/tutorial.py for tasks to queue
[2025-03-27T16:36:14.300+0000] {logging_mixin.py:188} INFO - [2025-03-27T16:36:14.300+0000] {dagbag.py:538} INFO - Filling up the DagBag from /home/airflow/.local/lib/python3.8/site-packages/airflow/example_dags/tutorial.py
[2025-03-27T16:36:14.305+0000] {processor.py:840} INFO - DAG(s) 'tutorial' retrieved from /home/airflow/.local/lib/python3.8/site-packages/airflow/example_dags/tutorial.py
[2025-03-27T16:36:14.323+0000] {logging_mixin.py:188} INFO - [2025-03-27T16:36:14.323+0000] {dag.py:3036} INFO - Sync 1 DAGs
[2025-03-27T16:36:14.343+0000] {logging_mixin.py:188} INFO - [2025-03-27T16:36:14.343+0000] {dag.py:3823} INFO - Setting next_dagrun for tutorial to 2025-03-26 00:00:00+00:00, run_after=2025-03-27 00:00:00+00:00
[2025-03-27T16:36:14.359+0000] {processor.py:183} INFO - Processing /home/airflow/.local/lib/python3.8/site-packages/airflow/example_dags/tutorial.py took 0.063 seconds
[2025-03-27T16:36:44.624+0000] {processor.py:161} INFO - Started process (PID=5100) to work on /home/airflow/.local/lib/python3.8/site-packages/airflow/example_dags/tutorial.py
[2025-03-27T16:36:44.624+0000] {processor.py:830} INFO - Processing file /home/airflow/.local/lib/python3.8/site-packages/airflow/example_dags/tutorial.py for tasks to queue
[2025-03-27T16:36:44.625+0000] {logging_mixin.py:188} INFO - [2025-03-27T16:36:44.625+0000] {dagbag.py:538} INFO - Filling up the DagBag from /home/airflow/.local/lib/python3.8/site-packages/airflow/example_dags/tutorial.py
[2025-03-27T16:36:44.631+0000] {processor.py:840} INFO - DAG(s) 'tutorial' retrieved from /home/airflow/.local/lib/python3.8/site-packages/airflow/example_dags/tutorial.py
[2025-03-27T16:36:44.648+0000] {logging_mixin.py:188} INFO - [2025-03-27T16:36:44.648+0000] {dag.py:3036} INFO - Sync 1 DAGs
[2025-03-27T16:36:44.672+0000] {logging_mixin.py:188} INFO - [2025-03-27T16:36:44.671+0000] {dag.py:3823} INFO - Setting next_dagrun for tutorial to 2025-03-26 00:00:00+00:00, run_after=2025-03-27 00:00:00+00:00
[2025-03-27T16:36:44.690+0000] {processor.py:183} INFO - Processing /home/airflow/.local/lib/python3.8/site-packages/airflow/example_dags/tutorial.py took 0.069 seconds
[2025-03-27T16:37:15.548+0000] {processor.py:161} INFO - Started process (PID=5352) to work on /home/airflow/.local/lib/python3.8/site-packages/airflow/example_dags/tutorial.py
[2025-03-27T16:37:15.549+0000] {processor.py:830} INFO - Processing file /home/airflow/.local/lib/python3.8/site-packages/airflow/example_dags/tutorial.py for tasks to queue
[2025-03-27T16:37:15.550+0000] {logging_mixin.py:188} INFO - [2025-03-27T16:37:15.550+0000] {dagbag.py:538} INFO - Filling up the DagBag from /home/airflow/.local/lib/python3.8/site-packages/airflow/example_dags/tutorial.py
[2025-03-27T16:37:15.557+0000] {processor.py:840} INFO - DAG(s) 'tutorial' retrieved from /home/airflow/.local/lib/python3.8/site-packages/airflow/example_dags/tutorial.py
[2025-03-27T16:37:15.577+0000] {logging_mixin.py:188} INFO - [2025-03-27T16:37:15.576+0000] {dag.py:3036} INFO - Sync 1 DAGs
[2025-03-27T16:37:15.598+0000] {logging_mixin.py:188} INFO - [2025-03-27T16:37:15.598+0000] {dag.py:3823} INFO - Setting next_dagrun for tutorial to 2025-03-26 00:00:00+00:00, run_after=2025-03-27 00:00:00+00:00
[2025-03-27T16:37:15.615+0000] {processor.py:183} INFO - Processing /home/airflow/.local/lib/python3.8/site-packages/airflow/example_dags/tutorial.py took 0.071 seconds
[2025-03-27T16:37:45.726+0000] {processor.py:161} INFO - Started process (PID=5604) to work on /home/airflow/.local/lib/python3.8/site-packages/airflow/example_dags/tutorial.py
[2025-03-27T16:37:45.727+0000] {processor.py:830} INFO - Processing file /home/airflow/.local/lib/python3.8/site-packages/airflow/example_dags/tutorial.py for tasks to queue
[2025-03-27T16:37:45.728+0000] {logging_mixin.py:188} INFO - [2025-03-27T16:37:45.727+0000] {dagbag.py:538} INFO - Filling up the DagBag from /home/airflow/.local/lib/python3.8/site-packages/airflow/example_dags/tutorial.py
[2025-03-27T16:37:45.732+0000] {processor.py:840} INFO - DAG(s) 'tutorial' retrieved from /home/airflow/.local/lib/python3.8/site-packages/airflow/example_dags/tutorial.py
[2025-03-27T16:37:45.750+0000] {logging_mixin.py:188} INFO - [2025-03-27T16:37:45.750+0000] {dag.py:3036} INFO - Sync 1 DAGs
[2025-03-27T16:37:45.770+0000] {logging_mixin.py:188} INFO - [2025-03-27T16:37:45.770+0000] {dag.py:3823} INFO - Setting next_dagrun for tutorial to 2025-03-26 00:00:00+00:00, run_after=2025-03-27 00:00:00+00:00
[2025-03-27T16:37:45.786+0000] {processor.py:183} INFO - Processing /home/airflow/.local/lib/python3.8/site-packages/airflow/example_dags/tutorial.py took 0.062 seconds
[2025-03-27T16:38:15.824+0000] {processor.py:161} INFO - Started process (PID=5851) to work on /home/airflow/.local/lib/python3.8/site-packages/airflow/example_dags/tutorial.py
[2025-03-27T16:38:15.825+0000] {processor.py:830} INFO - Processing file /home/airflow/.local/lib/python3.8/site-packages/airflow/example_dags/tutorial.py for tasks to queue
[2025-03-27T16:38:15.826+0000] {logging_mixin.py:188} INFO - [2025-03-27T16:38:15.826+0000] {dagbag.py:538} INFO - Filling up the DagBag from /home/airflow/.local/lib/python3.8/site-packages/airflow/example_dags/tutorial.py
[2025-03-27T16:38:15.831+0000] {processor.py:840} INFO - DAG(s) 'tutorial' retrieved from /home/airflow/.local/lib/python3.8/site-packages/airflow/example_dags/tutorial.py
[2025-03-27T16:38:15.850+0000] {logging_mixin.py:188} INFO - [2025-03-27T16:38:15.849+0000] {dag.py:3036} INFO - Sync 1 DAGs
[2025-03-27T16:38:15.870+0000] {logging_mixin.py:188} INFO - [2025-03-27T16:38:15.869+0000] {dag.py:3823} INFO - Setting next_dagrun for tutorial to 2025-03-26 00:00:00+00:00, run_after=2025-03-27 00:00:00+00:00
[2025-03-27T16:38:15.885+0000] {processor.py:183} INFO - Processing /home/airflow/.local/lib/python3.8/site-packages/airflow/example_dags/tutorial.py took 0.064 seconds
[2025-03-27T16:38:46.481+0000] {processor.py:161} INFO - Started process (PID=6110) to work on /home/airflow/.local/lib/python3.8/site-packages/airflow/example_dags/tutorial.py
[2025-03-27T16:38:46.483+0000] {processor.py:830} INFO - Processing file /home/airflow/.local/lib/python3.8/site-packages/airflow/example_dags/tutorial.py for tasks to queue
[2025-03-27T16:38:46.484+0000] {logging_mixin.py:188} INFO - [2025-03-27T16:38:46.484+0000] {dagbag.py:538} INFO - Filling up the DagBag from /home/airflow/.local/lib/python3.8/site-packages/airflow/example_dags/tutorial.py
[2025-03-27T16:38:46.491+0000] {processor.py:840} INFO - DAG(s) 'tutorial' retrieved from /home/airflow/.local/lib/python3.8/site-packages/airflow/example_dags/tutorial.py
[2025-03-27T16:38:46.514+0000] {logging_mixin.py:188} INFO - [2025-03-27T16:38:46.514+0000] {dag.py:3036} INFO - Sync 1 DAGs
[2025-03-27T16:38:46.536+0000] {logging_mixin.py:188} INFO - [2025-03-27T16:38:46.536+0000] {dag.py:3823} INFO - Setting next_dagrun for tutorial to 2025-03-26 00:00:00+00:00, run_after=2025-03-27 00:00:00+00:00
[2025-03-27T16:38:46.563+0000] {processor.py:183} INFO - Processing /home/airflow/.local/lib/python3.8/site-packages/airflow/example_dags/tutorial.py took 0.085 seconds
[2025-03-27T16:39:17.319+0000] {processor.py:161} INFO - Started process (PID=6385) to work on /home/airflow/.local/lib/python3.8/site-packages/airflow/example_dags/tutorial.py
[2025-03-27T16:39:17.321+0000] {processor.py:830} INFO - Processing file /home/airflow/.local/lib/python3.8/site-packages/airflow/example_dags/tutorial.py for tasks to queue
[2025-03-27T16:39:17.322+0000] {logging_mixin.py:188} INFO - [2025-03-27T16:39:17.322+0000] {dagbag.py:538} INFO - Filling up the DagBag from /home/airflow/.local/lib/python3.8/site-packages/airflow/example_dags/tutorial.py
[2025-03-27T16:39:17.328+0000] {processor.py:840} INFO - DAG(s) 'tutorial' retrieved from /home/airflow/.local/lib/python3.8/site-packages/airflow/example_dags/tutorial.py
[2025-03-27T16:39:17.347+0000] {logging_mixin.py:188} INFO - [2025-03-27T16:39:17.347+0000] {dag.py:3036} INFO - Sync 1 DAGs
[2025-03-27T16:39:17.370+0000] {logging_mixin.py:188} INFO - [2025-03-27T16:39:17.369+0000] {dag.py:3823} INFO - Setting next_dagrun for tutorial to 2025-03-26 00:00:00+00:00, run_after=2025-03-27 00:00:00+00:00
[2025-03-27T16:39:17.388+0000] {processor.py:183} INFO - Processing /home/airflow/.local/lib/python3.8/site-packages/airflow/example_dags/tutorial.py took 0.073 seconds
[2025-03-27T16:39:47.584+0000] {processor.py:161} INFO - Started process (PID=6637) to work on /home/airflow/.local/lib/python3.8/site-packages/airflow/example_dags/tutorial.py
[2025-03-27T16:39:47.585+0000] {processor.py:830} INFO - Processing file /home/airflow/.local/lib/python3.8/site-packages/airflow/example_dags/tutorial.py for tasks to queue
[2025-03-27T16:39:47.586+0000] {logging_mixin.py:188} INFO - [2025-03-27T16:39:47.585+0000] {dagbag.py:538} INFO - Filling up the DagBag from /home/airflow/.local/lib/python3.8/site-packages/airflow/example_dags/tutorial.py
[2025-03-27T16:39:47.591+0000] {processor.py:840} INFO - DAG(s) 'tutorial' retrieved from /home/airflow/.local/lib/python3.8/site-packages/airflow/example_dags/tutorial.py
[2025-03-27T16:39:47.610+0000] {logging_mixin.py:188} INFO - [2025-03-27T16:39:47.610+0000] {dag.py:3036} INFO - Sync 1 DAGs
[2025-03-27T16:39:47.631+0000] {logging_mixin.py:188} INFO - [2025-03-27T16:39:47.630+0000] {dag.py:3823} INFO - Setting next_dagrun for tutorial to 2025-03-26 00:00:00+00:00, run_after=2025-03-27 00:00:00+00:00
[2025-03-27T16:39:47.652+0000] {processor.py:183} INFO - Processing /home/airflow/.local/lib/python3.8/site-packages/airflow/example_dags/tutorial.py took 0.071 seconds
[2025-03-27T16:40:18.222+0000] {processor.py:161} INFO - Started process (PID=6889) to work on /home/airflow/.local/lib/python3.8/site-packages/airflow/example_dags/tutorial.py
[2025-03-27T16:40:18.223+0000] {processor.py:830} INFO - Processing file /home/airflow/.local/lib/python3.8/site-packages/airflow/example_dags/tutorial.py for tasks to queue
[2025-03-27T16:40:18.224+0000] {logging_mixin.py:188} INFO - [2025-03-27T16:40:18.224+0000] {dagbag.py:538} INFO - Filling up the DagBag from /home/airflow/.local/lib/python3.8/site-packages/airflow/example_dags/tutorial.py
[2025-03-27T16:40:18.229+0000] {processor.py:840} INFO - DAG(s) 'tutorial' retrieved from /home/airflow/.local/lib/python3.8/site-packages/airflow/example_dags/tutorial.py
[2025-03-27T16:40:18.248+0000] {logging_mixin.py:188} INFO - [2025-03-27T16:40:18.248+0000] {dag.py:3036} INFO - Sync 1 DAGs
[2025-03-27T16:40:18.268+0000] {logging_mixin.py:188} INFO - [2025-03-27T16:40:18.267+0000] {dag.py:3823} INFO - Setting next_dagrun for tutorial to 2025-03-26 00:00:00+00:00, run_after=2025-03-27 00:00:00+00:00
[2025-03-27T16:40:18.284+0000] {processor.py:183} INFO - Processing /home/airflow/.local/lib/python3.8/site-packages/airflow/example_dags/tutorial.py took 0.065 seconds
[2025-03-27T16:40:48.877+0000] {processor.py:161} INFO - Started process (PID=7141) to work on /home/airflow/.local/lib/python3.8/site-packages/airflow/example_dags/tutorial.py
[2025-03-27T16:40:48.878+0000] {processor.py:830} INFO - Processing file /home/airflow/.local/lib/python3.8/site-packages/airflow/example_dags/tutorial.py for tasks to queue
[2025-03-27T16:40:48.878+0000] {logging_mixin.py:188} INFO - [2025-03-27T16:40:48.878+0000] {dagbag.py:538} INFO - Filling up the DagBag from /home/airflow/.local/lib/python3.8/site-packages/airflow/example_dags/tutorial.py
[2025-03-27T16:40:48.884+0000] {processor.py:840} INFO - DAG(s) 'tutorial' retrieved from /home/airflow/.local/lib/python3.8/site-packages/airflow/example_dags/tutorial.py
[2025-03-27T16:40:48.901+0000] {logging_mixin.py:188} INFO - [2025-03-27T16:40:48.901+0000] {dag.py:3036} INFO - Sync 1 DAGs
[2025-03-27T16:40:48.920+0000] {logging_mixin.py:188} INFO - [2025-03-27T16:40:48.920+0000] {dag.py:3823} INFO - Setting next_dagrun for tutorial to 2025-03-26 00:00:00+00:00, run_after=2025-03-27 00:00:00+00:00
[2025-03-27T16:40:48.936+0000] {processor.py:183} INFO - Processing /home/airflow/.local/lib/python3.8/site-packages/airflow/example_dags/tutorial.py took 0.062 seconds
[2025-03-27T16:41:19.236+0000] {processor.py:161} INFO - Started process (PID=7408) to work on /home/airflow/.local/lib/python3.8/site-packages/airflow/example_dags/tutorial.py
[2025-03-27T16:41:19.237+0000] {processor.py:830} INFO - Processing file /home/airflow/.local/lib/python3.8/site-packages/airflow/example_dags/tutorial.py for tasks to queue
[2025-03-27T16:41:19.238+0000] {logging_mixin.py:188} INFO - [2025-03-27T16:41:19.238+0000] {dagbag.py:538} INFO - Filling up the DagBag from /home/airflow/.local/lib/python3.8/site-packages/airflow/example_dags/tutorial.py
[2025-03-27T16:41:19.243+0000] {processor.py:840} INFO - DAG(s) 'tutorial' retrieved from /home/airflow/.local/lib/python3.8/site-packages/airflow/example_dags/tutorial.py
[2025-03-27T16:41:19.262+0000] {logging_mixin.py:188} INFO - [2025-03-27T16:41:19.261+0000] {dag.py:3036} INFO - Sync 1 DAGs
[2025-03-27T16:41:19.281+0000] {logging_mixin.py:188} INFO - [2025-03-27T16:41:19.281+0000] {dag.py:3823} INFO - Setting next_dagrun for tutorial to 2025-03-26 00:00:00+00:00, run_after=2025-03-27 00:00:00+00:00
[2025-03-27T16:41:19.298+0000] {processor.py:183} INFO - Processing /home/airflow/.local/lib/python3.8/site-packages/airflow/example_dags/tutorial.py took 0.064 seconds
[2025-03-27T16:41:49.654+0000] {processor.py:161} INFO - Started process (PID=7662) to work on /home/airflow/.local/lib/python3.8/site-packages/airflow/example_dags/tutorial.py
[2025-03-27T16:41:49.655+0000] {processor.py:830} INFO - Processing file /home/airflow/.local/lib/python3.8/site-packages/airflow/example_dags/tutorial.py for tasks to queue
[2025-03-27T16:41:49.656+0000] {logging_mixin.py:188} INFO - [2025-03-27T16:41:49.656+0000] {dagbag.py:538} INFO - Filling up the DagBag from /home/airflow/.local/lib/python3.8/site-packages/airflow/example_dags/tutorial.py
[2025-03-27T16:41:49.661+0000] {processor.py:840} INFO - DAG(s) 'tutorial' retrieved from /home/airflow/.local/lib/python3.8/site-packages/airflow/example_dags/tutorial.py
[2025-03-27T16:41:49.679+0000] {logging_mixin.py:188} INFO - [2025-03-27T16:41:49.679+0000] {dag.py:3036} INFO - Sync 1 DAGs
[2025-03-27T16:41:49.698+0000] {logging_mixin.py:188} INFO - [2025-03-27T16:41:49.698+0000] {dag.py:3823} INFO - Setting next_dagrun for tutorial to 2025-03-26 00:00:00+00:00, run_after=2025-03-27 00:00:00+00:00
[2025-03-27T16:41:49.714+0000] {processor.py:183} INFO - Processing /home/airflow/.local/lib/python3.8/site-packages/airflow/example_dags/tutorial.py took 0.063 seconds
[2025-03-27T16:42:19.832+0000] {processor.py:161} INFO - Started process (PID=7914) to work on /home/airflow/.local/lib/python3.8/site-packages/airflow/example_dags/tutorial.py
[2025-03-27T16:42:19.832+0000] {processor.py:830} INFO - Processing file /home/airflow/.local/lib/python3.8/site-packages/airflow/example_dags/tutorial.py for tasks to queue
[2025-03-27T16:42:19.833+0000] {logging_mixin.py:188} INFO - [2025-03-27T16:42:19.833+0000] {dagbag.py:538} INFO - Filling up the DagBag from /home/airflow/.local/lib/python3.8/site-packages/airflow/example_dags/tutorial.py
[2025-03-27T16:42:19.838+0000] {processor.py:840} INFO - DAG(s) 'tutorial' retrieved from /home/airflow/.local/lib/python3.8/site-packages/airflow/example_dags/tutorial.py
[2025-03-27T16:42:19.856+0000] {logging_mixin.py:188} INFO - [2025-03-27T16:42:19.855+0000] {dag.py:3036} INFO - Sync 1 DAGs
[2025-03-27T16:42:19.876+0000] {logging_mixin.py:188} INFO - [2025-03-27T16:42:19.876+0000] {dag.py:3823} INFO - Setting next_dagrun for tutorial to 2025-03-26 00:00:00+00:00, run_after=2025-03-27 00:00:00+00:00
[2025-03-27T16:42:19.893+0000] {processor.py:183} INFO - Processing /home/airflow/.local/lib/python3.8/site-packages/airflow/example_dags/tutorial.py took 0.065 seconds
[2025-03-27T16:42:50.239+0000] {processor.py:161} INFO - Started process (PID=8164) to work on /home/airflow/.local/lib/python3.8/site-packages/airflow/example_dags/tutorial.py
[2025-03-27T16:42:50.240+0000] {processor.py:830} INFO - Processing file /home/airflow/.local/lib/python3.8/site-packages/airflow/example_dags/tutorial.py for tasks to queue
[2025-03-27T16:42:50.241+0000] {logging_mixin.py:188} INFO - [2025-03-27T16:42:50.241+0000] {dagbag.py:538} INFO - Filling up the DagBag from /home/airflow/.local/lib/python3.8/site-packages/airflow/example_dags/tutorial.py
[2025-03-27T16:42:50.247+0000] {processor.py:840} INFO - DAG(s) 'tutorial' retrieved from /home/airflow/.local/lib/python3.8/site-packages/airflow/example_dags/tutorial.py
[2025-03-27T16:42:50.269+0000] {logging_mixin.py:188} INFO - [2025-03-27T16:42:50.268+0000] {dag.py:3036} INFO - Sync 1 DAGs
[2025-03-27T16:42:50.291+0000] {logging_mixin.py:188} INFO - [2025-03-27T16:42:50.291+0000] {dag.py:3823} INFO - Setting next_dagrun for tutorial to 2025-03-26 00:00:00+00:00, run_after=2025-03-27 00:00:00+00:00
[2025-03-27T16:42:50.319+0000] {processor.py:183} INFO - Processing /home/airflow/.local/lib/python3.8/site-packages/airflow/example_dags/tutorial.py took 0.082 seconds
[2025-03-27T16:43:21.888+0000] {processor.py:161} INFO - Started process (PID=8467) to work on /home/airflow/.local/lib/python3.8/site-packages/airflow/example_dags/tutorial.py
[2025-03-27T16:43:21.890+0000] {processor.py:830} INFO - Processing file /home/airflow/.local/lib/python3.8/site-packages/airflow/example_dags/tutorial.py for tasks to queue
[2025-03-27T16:43:21.891+0000] {logging_mixin.py:188} INFO - [2025-03-27T16:43:21.891+0000] {dagbag.py:538} INFO - Filling up the DagBag from /home/airflow/.local/lib/python3.8/site-packages/airflow/example_dags/tutorial.py
[2025-03-27T16:43:21.904+0000] {processor.py:840} INFO - DAG(s) 'tutorial' retrieved from /home/airflow/.local/lib/python3.8/site-packages/airflow/example_dags/tutorial.py
[2025-03-27T16:43:21.939+0000] {logging_mixin.py:188} INFO - [2025-03-27T16:43:21.939+0000] {dag.py:3036} INFO - Sync 1 DAGs
[2025-03-27T16:43:21.978+0000] {logging_mixin.py:188} INFO - [2025-03-27T16:43:21.978+0000] {dag.py:3823} INFO - Setting next_dagrun for tutorial to 2025-03-26 00:00:00+00:00, run_after=2025-03-27 00:00:00+00:00
[2025-03-27T16:43:22.012+0000] {processor.py:183} INFO - Processing /home/airflow/.local/lib/python3.8/site-packages/airflow/example_dags/tutorial.py took 0.128 seconds
[2025-03-27T16:43:52.577+0000] {processor.py:161} INFO - Started process (PID=8737) to work on /home/airflow/.local/lib/python3.8/site-packages/airflow/example_dags/tutorial.py
[2025-03-27T16:43:52.578+0000] {processor.py:830} INFO - Processing file /home/airflow/.local/lib/python3.8/site-packages/airflow/example_dags/tutorial.py for tasks to queue
[2025-03-27T16:43:52.579+0000] {logging_mixin.py:188} INFO - [2025-03-27T16:43:52.579+0000] {dagbag.py:538} INFO - Filling up the DagBag from /home/airflow/.local/lib/python3.8/site-packages/airflow/example_dags/tutorial.py
[2025-03-27T16:43:52.585+0000] {processor.py:840} INFO - DAG(s) 'tutorial' retrieved from /home/airflow/.local/lib/python3.8/site-packages/airflow/example_dags/tutorial.py
[2025-03-27T16:43:52.604+0000] {logging_mixin.py:188} INFO - [2025-03-27T16:43:52.604+0000] {dag.py:3036} INFO - Sync 1 DAGs
[2025-03-27T16:43:52.624+0000] {logging_mixin.py:188} INFO - [2025-03-27T16:43:52.624+0000] {dag.py:3823} INFO - Setting next_dagrun for tutorial to 2025-03-26 00:00:00+00:00, run_after=2025-03-27 00:00:00+00:00
[2025-03-27T16:43:52.641+0000] {processor.py:183} INFO - Processing /home/airflow/.local/lib/python3.8/site-packages/airflow/example_dags/tutorial.py took 0.068 seconds
[2025-03-27T16:44:23.213+0000] {processor.py:161} INFO - Started process (PID=9009) to work on /home/airflow/.local/lib/python3.8/site-packages/airflow/example_dags/tutorial.py
[2025-03-27T16:44:23.215+0000] {processor.py:830} INFO - Processing file /home/airflow/.local/lib/python3.8/site-packages/airflow/example_dags/tutorial.py for tasks to queue
[2025-03-27T16:44:23.216+0000] {logging_mixin.py:188} INFO - [2025-03-27T16:44:23.216+0000] {dagbag.py:538} INFO - Filling up the DagBag from /home/airflow/.local/lib/python3.8/site-packages/airflow/example_dags/tutorial.py
[2025-03-27T16:44:23.224+0000] {processor.py:840} INFO - DAG(s) 'tutorial' retrieved from /home/airflow/.local/lib/python3.8/site-packages/airflow/example_dags/tutorial.py
[2025-03-27T16:44:23.249+0000] {logging_mixin.py:188} INFO - [2025-03-27T16:44:23.248+0000] {dag.py:3036} INFO - Sync 1 DAGs
[2025-03-27T16:44:23.275+0000] {logging_mixin.py:188} INFO - [2025-03-27T16:44:23.275+0000] {dag.py:3823} INFO - Setting next_dagrun for tutorial to 2025-03-26 00:00:00+00:00, run_after=2025-03-27 00:00:00+00:00
[2025-03-27T16:44:23.297+0000] {processor.py:183} INFO - Processing /home/airflow/.local/lib/python3.8/site-packages/airflow/example_dags/tutorial.py took 0.090 seconds
[2025-03-27T16:44:53.406+0000] {processor.py:161} INFO - Started process (PID=9261) to work on /home/airflow/.local/lib/python3.8/site-packages/airflow/example_dags/tutorial.py
[2025-03-27T16:44:53.407+0000] {processor.py:830} INFO - Processing file /home/airflow/.local/lib/python3.8/site-packages/airflow/example_dags/tutorial.py for tasks to queue
[2025-03-27T16:44:53.408+0000] {logging_mixin.py:188} INFO - [2025-03-27T16:44:53.408+0000] {dagbag.py:538} INFO - Filling up the DagBag from /home/airflow/.local/lib/python3.8/site-packages/airflow/example_dags/tutorial.py
[2025-03-27T16:44:53.414+0000] {processor.py:840} INFO - DAG(s) 'tutorial' retrieved from /home/airflow/.local/lib/python3.8/site-packages/airflow/example_dags/tutorial.py
[2025-03-27T16:44:53.438+0000] {logging_mixin.py:188} INFO - [2025-03-27T16:44:53.437+0000] {dag.py:3036} INFO - Sync 1 DAGs
[2025-03-27T16:44:53.463+0000] {logging_mixin.py:188} INFO - [2025-03-27T16:44:53.463+0000] {dag.py:3823} INFO - Setting next_dagrun for tutorial to 2025-03-26 00:00:00+00:00, run_after=2025-03-27 00:00:00+00:00
[2025-03-27T16:44:53.483+0000] {processor.py:183} INFO - Processing /home/airflow/.local/lib/python3.8/site-packages/airflow/example_dags/tutorial.py took 0.081 seconds
[2025-03-27T16:45:26.992+0000] {processor.py:161} INFO - Started process (PID=9566) to work on /home/airflow/.local/lib/python3.8/site-packages/airflow/example_dags/tutorial.py
[2025-03-27T16:45:27.054+0000] {processor.py:830} INFO - Processing file /home/airflow/.local/lib/python3.8/site-packages/airflow/example_dags/tutorial.py for tasks to queue
[2025-03-27T16:45:27.072+0000] {logging_mixin.py:188} INFO - [2025-03-27T16:45:27.062+0000] {dagbag.py:538} INFO - Filling up the DagBag from /home/airflow/.local/lib/python3.8/site-packages/airflow/example_dags/tutorial.py
[2025-03-27T16:45:27.187+0000] {processor.py:840} INFO - DAG(s) 'tutorial' retrieved from /home/airflow/.local/lib/python3.8/site-packages/airflow/example_dags/tutorial.py
[2025-03-27T16:45:27.357+0000] {logging_mixin.py:188} INFO - [2025-03-27T16:45:27.357+0000] {dag.py:3036} INFO - Sync 1 DAGs
[2025-03-27T16:45:27.683+0000] {logging_mixin.py:188} INFO - [2025-03-27T16:45:27.682+0000] {dag.py:3823} INFO - Setting next_dagrun for tutorial to 2025-03-26 00:00:00+00:00, run_after=2025-03-27 00:00:00+00:00
[2025-03-27T16:45:27.866+0000] {processor.py:183} INFO - Processing /home/airflow/.local/lib/python3.8/site-packages/airflow/example_dags/tutorial.py took 1.012 seconds
[2025-03-27T16:45:58.046+0000] {processor.py:161} INFO - Started process (PID=10161) to work on /home/airflow/.local/lib/python3.8/site-packages/airflow/example_dags/tutorial.py
[2025-03-27T16:45:58.046+0000] {processor.py:830} INFO - Processing file /home/airflow/.local/lib/python3.8/site-packages/airflow/example_dags/tutorial.py for tasks to queue
[2025-03-27T16:45:58.047+0000] {logging_mixin.py:188} INFO - [2025-03-27T16:45:58.047+0000] {dagbag.py:538} INFO - Filling up the DagBag from /home/airflow/.local/lib/python3.8/site-packages/airflow/example_dags/tutorial.py
[2025-03-27T16:45:58.053+0000] {processor.py:840} INFO - DAG(s) 'tutorial' retrieved from /home/airflow/.local/lib/python3.8/site-packages/airflow/example_dags/tutorial.py
[2025-03-27T16:45:58.073+0000] {logging_mixin.py:188} INFO - [2025-03-27T16:45:58.072+0000] {dag.py:3036} INFO - Sync 1 DAGs
[2025-03-27T16:45:58.094+0000] {logging_mixin.py:188} INFO - [2025-03-27T16:45:58.094+0000] {dag.py:3823} INFO - Setting next_dagrun for tutorial to 2025-03-26 00:00:00+00:00, run_after=2025-03-27 00:00:00+00:00
[2025-03-27T16:45:58.113+0000] {processor.py:183} INFO - Processing /home/airflow/.local/lib/python3.8/site-packages/airflow/example_dags/tutorial.py took 0.071 seconds
[2025-03-27T16:46:28.414+0000] {processor.py:161} INFO - Started process (PID=10812) to work on /home/airflow/.local/lib/python3.8/site-packages/airflow/example_dags/tutorial.py
[2025-03-27T16:46:28.415+0000] {processor.py:830} INFO - Processing file /home/airflow/.local/lib/python3.8/site-packages/airflow/example_dags/tutorial.py for tasks to queue
[2025-03-27T16:46:28.416+0000] {logging_mixin.py:188} INFO - [2025-03-27T16:46:28.416+0000] {dagbag.py:538} INFO - Filling up the DagBag from /home/airflow/.local/lib/python3.8/site-packages/airflow/example_dags/tutorial.py
[2025-03-27T16:46:28.421+0000] {processor.py:840} INFO - DAG(s) 'tutorial' retrieved from /home/airflow/.local/lib/python3.8/site-packages/airflow/example_dags/tutorial.py
[2025-03-27T16:46:28.441+0000] {logging_mixin.py:188} INFO - [2025-03-27T16:46:28.441+0000] {dag.py:3036} INFO - Sync 1 DAGs
[2025-03-27T16:46:28.465+0000] {logging_mixin.py:188} INFO - [2025-03-27T16:46:28.464+0000] {dag.py:3823} INFO - Setting next_dagrun for tutorial to 2025-03-26 00:00:00+00:00, run_after=2025-03-27 00:00:00+00:00
[2025-03-27T16:46:28.484+0000] {processor.py:183} INFO - Processing /home/airflow/.local/lib/python3.8/site-packages/airflow/example_dags/tutorial.py took 0.073 seconds
[2025-03-27T16:46:59.368+0000] {processor.py:161} INFO - Started process (PID=11536) to work on /home/airflow/.local/lib/python3.8/site-packages/airflow/example_dags/tutorial.py
[2025-03-27T16:46:59.370+0000] {processor.py:830} INFO - Processing file /home/airflow/.local/lib/python3.8/site-packages/airflow/example_dags/tutorial.py for tasks to queue
[2025-03-27T16:46:59.373+0000] {logging_mixin.py:188} INFO - [2025-03-27T16:46:59.372+0000] {dagbag.py:538} INFO - Filling up the DagBag from /home/airflow/.local/lib/python3.8/site-packages/airflow/example_dags/tutorial.py
[2025-03-27T16:46:59.388+0000] {processor.py:840} INFO - DAG(s) 'tutorial' retrieved from /home/airflow/.local/lib/python3.8/site-packages/airflow/example_dags/tutorial.py
[2025-03-27T16:46:59.460+0000] {logging_mixin.py:188} INFO - [2025-03-27T16:46:59.459+0000] {dag.py:3036} INFO - Sync 1 DAGs
[2025-03-27T16:46:59.526+0000] {logging_mixin.py:188} INFO - [2025-03-27T16:46:59.526+0000] {dag.py:3823} INFO - Setting next_dagrun for tutorial to 2025-03-26 00:00:00+00:00, run_after=2025-03-27 00:00:00+00:00
[2025-03-27T16:46:59.567+0000] {processor.py:183} INFO - Processing /home/airflow/.local/lib/python3.8/site-packages/airflow/example_dags/tutorial.py took 0.206 seconds
[2025-03-27T16:47:29.690+0000] {processor.py:161} INFO - Started process (PID=12250) to work on /home/airflow/.local/lib/python3.8/site-packages/airflow/example_dags/tutorial.py
[2025-03-27T16:47:29.691+0000] {processor.py:830} INFO - Processing file /home/airflow/.local/lib/python3.8/site-packages/airflow/example_dags/tutorial.py for tasks to queue
[2025-03-27T16:47:29.692+0000] {logging_mixin.py:188} INFO - [2025-03-27T16:47:29.692+0000] {dagbag.py:538} INFO - Filling up the DagBag from /home/airflow/.local/lib/python3.8/site-packages/airflow/example_dags/tutorial.py
[2025-03-27T16:47:29.700+0000] {processor.py:840} INFO - DAG(s) 'tutorial' retrieved from /home/airflow/.local/lib/python3.8/site-packages/airflow/example_dags/tutorial.py
[2025-03-27T16:47:29.736+0000] {logging_mixin.py:188} INFO - [2025-03-27T16:47:29.735+0000] {dag.py:3036} INFO - Sync 1 DAGs
[2025-03-27T16:47:29.769+0000] {logging_mixin.py:188} INFO - [2025-03-27T16:47:29.769+0000] {dag.py:3823} INFO - Setting next_dagrun for tutorial to 2025-03-26 00:00:00+00:00, run_after=2025-03-27 00:00:00+00:00
[2025-03-27T16:47:29.799+0000] {processor.py:183} INFO - Processing /home/airflow/.local/lib/python3.8/site-packages/airflow/example_dags/tutorial.py took 0.114 seconds
[2025-03-27T16:48:00.682+0000] {processor.py:161} INFO - Started process (PID=12909) to work on /home/airflow/.local/lib/python3.8/site-packages/airflow/example_dags/tutorial.py
[2025-03-27T16:48:00.683+0000] {processor.py:830} INFO - Processing file /home/airflow/.local/lib/python3.8/site-packages/airflow/example_dags/tutorial.py for tasks to queue
[2025-03-27T16:48:00.684+0000] {logging_mixin.py:188} INFO - [2025-03-27T16:48:00.684+0000] {dagbag.py:538} INFO - Filling up the DagBag from /home/airflow/.local/lib/python3.8/site-packages/airflow/example_dags/tutorial.py
[2025-03-27T16:48:00.690+0000] {processor.py:840} INFO - DAG(s) 'tutorial' retrieved from /home/airflow/.local/lib/python3.8/site-packages/airflow/example_dags/tutorial.py
[2025-03-27T16:48:00.711+0000] {logging_mixin.py:188} INFO - [2025-03-27T16:48:00.711+0000] {dag.py:3036} INFO - Sync 1 DAGs
[2025-03-27T16:48:00.733+0000] {logging_mixin.py:188} INFO - [2025-03-27T16:48:00.733+0000] {dag.py:3823} INFO - Setting next_dagrun for tutorial to 2025-03-26 00:00:00+00:00, run_after=2025-03-27 00:00:00+00:00
[2025-03-27T16:48:00.753+0000] {processor.py:183} INFO - Processing /home/airflow/.local/lib/python3.8/site-packages/airflow/example_dags/tutorial.py took 0.073 seconds
[2025-03-27T16:48:31.519+0000] {processor.py:161} INFO - Started process (PID=13592) to work on /home/airflow/.local/lib/python3.8/site-packages/airflow/example_dags/tutorial.py
[2025-03-27T16:48:31.522+0000] {processor.py:830} INFO - Processing file /home/airflow/.local/lib/python3.8/site-packages/airflow/example_dags/tutorial.py for tasks to queue
[2025-03-27T16:48:31.526+0000] {logging_mixin.py:188} INFO - [2025-03-27T16:48:31.525+0000] {dagbag.py:538} INFO - Filling up the DagBag from /home/airflow/.local/lib/python3.8/site-packages/airflow/example_dags/tutorial.py
[2025-03-27T16:48:31.544+0000] {processor.py:840} INFO - DAG(s) 'tutorial' retrieved from /home/airflow/.local/lib/python3.8/site-packages/airflow/example_dags/tutorial.py
[2025-03-27T16:48:31.596+0000] {logging_mixin.py:188} INFO - [2025-03-27T16:48:31.594+0000] {dag.py:3036} INFO - Sync 1 DAGs
[2025-03-27T16:48:31.659+0000] {logging_mixin.py:188} INFO - [2025-03-27T16:48:31.659+0000] {dag.py:3823} INFO - Setting next_dagrun for tutorial to 2025-03-26 00:00:00+00:00, run_after=2025-03-27 00:00:00+00:00
[2025-03-27T16:48:31.735+0000] {processor.py:183} INFO - Processing /home/airflow/.local/lib/python3.8/site-packages/airflow/example_dags/tutorial.py took 0.222 seconds
[2025-03-27T16:49:01.973+0000] {processor.py:161} INFO - Started process (PID=14277) to work on /home/airflow/.local/lib/python3.8/site-packages/airflow/example_dags/tutorial.py
[2025-03-27T16:49:01.975+0000] {processor.py:830} INFO - Processing file /home/airflow/.local/lib/python3.8/site-packages/airflow/example_dags/tutorial.py for tasks to queue
[2025-03-27T16:49:01.976+0000] {logging_mixin.py:188} INFO - [2025-03-27T16:49:01.976+0000] {dagbag.py:538} INFO - Filling up the DagBag from /home/airflow/.local/lib/python3.8/site-packages/airflow/example_dags/tutorial.py
[2025-03-27T16:49:01.993+0000] {processor.py:840} INFO - DAG(s) 'tutorial' retrieved from /home/airflow/.local/lib/python3.8/site-packages/airflow/example_dags/tutorial.py
[2025-03-27T16:49:02.030+0000] {logging_mixin.py:188} INFO - [2025-03-27T16:49:02.030+0000] {dag.py:3036} INFO - Sync 1 DAGs
[2025-03-27T16:49:02.087+0000] {logging_mixin.py:188} INFO - [2025-03-27T16:49:02.083+0000] {dag.py:3823} INFO - Setting next_dagrun for tutorial to 2025-03-26 00:00:00+00:00, run_after=2025-03-27 00:00:00+00:00
[2025-03-27T16:49:02.159+0000] {processor.py:183} INFO - Processing /home/airflow/.local/lib/python3.8/site-packages/airflow/example_dags/tutorial.py took 0.192 seconds
[2025-03-27T16:49:32.419+0000] {processor.py:161} INFO - Started process (PID=14998) to work on /home/airflow/.local/lib/python3.8/site-packages/airflow/example_dags/tutorial.py
[2025-03-27T16:49:32.421+0000] {processor.py:830} INFO - Processing file /home/airflow/.local/lib/python3.8/site-packages/airflow/example_dags/tutorial.py for tasks to queue
[2025-03-27T16:49:32.423+0000] {logging_mixin.py:188} INFO - [2025-03-27T16:49:32.422+0000] {dagbag.py:538} INFO - Filling up the DagBag from /home/airflow/.local/lib/python3.8/site-packages/airflow/example_dags/tutorial.py
[2025-03-27T16:49:32.434+0000] {processor.py:840} INFO - DAG(s) 'tutorial' retrieved from /home/airflow/.local/lib/python3.8/site-packages/airflow/example_dags/tutorial.py
[2025-03-27T16:49:32.471+0000] {logging_mixin.py:188} INFO - [2025-03-27T16:49:32.470+0000] {dag.py:3036} INFO - Sync 1 DAGs
[2025-03-27T16:49:32.508+0000] {logging_mixin.py:188} INFO - [2025-03-27T16:49:32.507+0000] {dag.py:3823} INFO - Setting next_dagrun for tutorial to 2025-03-26 00:00:00+00:00, run_after=2025-03-27 00:00:00+00:00
[2025-03-27T16:49:32.554+0000] {processor.py:183} INFO - Processing /home/airflow/.local/lib/python3.8/site-packages/airflow/example_dags/tutorial.py took 0.140 seconds
[2025-03-27T16:50:03.632+0000] {processor.py:161} INFO - Started process (PID=15679) to work on /home/airflow/.local/lib/python3.8/site-packages/airflow/example_dags/tutorial.py
[2025-03-27T16:50:03.644+0000] {processor.py:830} INFO - Processing file /home/airflow/.local/lib/python3.8/site-packages/airflow/example_dags/tutorial.py for tasks to queue
[2025-03-27T16:50:03.651+0000] {logging_mixin.py:188} INFO - [2025-03-27T16:50:03.650+0000] {dagbag.py:538} INFO - Filling up the DagBag from /home/airflow/.local/lib/python3.8/site-packages/airflow/example_dags/tutorial.py
[2025-03-27T16:50:03.669+0000] {processor.py:840} INFO - DAG(s) 'tutorial' retrieved from /home/airflow/.local/lib/python3.8/site-packages/airflow/example_dags/tutorial.py
[2025-03-27T16:50:03.722+0000] {logging_mixin.py:188} INFO - [2025-03-27T16:50:03.722+0000] {dag.py:3036} INFO - Sync 1 DAGs
[2025-03-27T16:50:03.769+0000] {logging_mixin.py:188} INFO - [2025-03-27T16:50:03.769+0000] {dag.py:3823} INFO - Setting next_dagrun for tutorial to 2025-03-26 00:00:00+00:00, run_after=2025-03-27 00:00:00+00:00
[2025-03-27T16:50:03.808+0000] {processor.py:183} INFO - Processing /home/airflow/.local/lib/python3.8/site-packages/airflow/example_dags/tutorial.py took 0.184 seconds
[2025-03-27T16:50:34.329+0000] {processor.py:161} INFO - Started process (PID=16372) to work on /home/airflow/.local/lib/python3.8/site-packages/airflow/example_dags/tutorial.py
[2025-03-27T16:50:34.333+0000] {processor.py:830} INFO - Processing file /home/airflow/.local/lib/python3.8/site-packages/airflow/example_dags/tutorial.py for tasks to queue
[2025-03-27T16:50:34.335+0000] {logging_mixin.py:188} INFO - [2025-03-27T16:50:34.334+0000] {dagbag.py:538} INFO - Filling up the DagBag from /home/airflow/.local/lib/python3.8/site-packages/airflow/example_dags/tutorial.py
[2025-03-27T16:50:34.347+0000] {processor.py:840} INFO - DAG(s) 'tutorial' retrieved from /home/airflow/.local/lib/python3.8/site-packages/airflow/example_dags/tutorial.py
[2025-03-27T16:50:34.389+0000] {logging_mixin.py:188} INFO - [2025-03-27T16:50:34.389+0000] {dag.py:3036} INFO - Sync 1 DAGs
[2025-03-27T16:50:34.435+0000] {logging_mixin.py:188} INFO - [2025-03-27T16:50:34.434+0000] {dag.py:3823} INFO - Setting next_dagrun for tutorial to 2025-03-26 00:00:00+00:00, run_after=2025-03-27 00:00:00+00:00
[2025-03-27T16:50:34.467+0000] {processor.py:183} INFO - Processing /home/airflow/.local/lib/python3.8/site-packages/airflow/example_dags/tutorial.py took 0.143 seconds
[2025-03-27T16:51:05.007+0000] {processor.py:161} INFO - Started process (PID=17072) to work on /home/airflow/.local/lib/python3.8/site-packages/airflow/example_dags/tutorial.py
[2025-03-27T16:51:05.009+0000] {processor.py:830} INFO - Processing file /home/airflow/.local/lib/python3.8/site-packages/airflow/example_dags/tutorial.py for tasks to queue
[2025-03-27T16:51:05.011+0000] {logging_mixin.py:188} INFO - [2025-03-27T16:51:05.010+0000] {dagbag.py:538} INFO - Filling up the DagBag from /home/airflow/.local/lib/python3.8/site-packages/airflow/example_dags/tutorial.py
[2025-03-27T16:51:05.023+0000] {processor.py:840} INFO - DAG(s) 'tutorial' retrieved from /home/airflow/.local/lib/python3.8/site-packages/airflow/example_dags/tutorial.py
[2025-03-27T16:51:05.056+0000] {logging_mixin.py:188} INFO - [2025-03-27T16:51:05.055+0000] {dag.py:3036} INFO - Sync 1 DAGs
[2025-03-27T16:51:05.092+0000] {logging_mixin.py:188} INFO - [2025-03-27T16:51:05.092+0000] {dag.py:3823} INFO - Setting next_dagrun for tutorial to 2025-03-26 00:00:00+00:00, run_after=2025-03-27 00:00:00+00:00
[2025-03-27T16:51:05.130+0000] {processor.py:183} INFO - Processing /home/airflow/.local/lib/python3.8/site-packages/airflow/example_dags/tutorial.py took 0.127 seconds
[2025-03-27T16:51:35.202+0000] {processor.py:161} INFO - Started process (PID=17699) to work on /home/airflow/.local/lib/python3.8/site-packages/airflow/example_dags/tutorial.py
[2025-03-27T16:51:35.203+0000] {processor.py:830} INFO - Processing file /home/airflow/.local/lib/python3.8/site-packages/airflow/example_dags/tutorial.py for tasks to queue
[2025-03-27T16:51:35.204+0000] {logging_mixin.py:188} INFO - [2025-03-27T16:51:35.204+0000] {dagbag.py:538} INFO - Filling up the DagBag from /home/airflow/.local/lib/python3.8/site-packages/airflow/example_dags/tutorial.py
[2025-03-27T16:51:35.210+0000] {processor.py:840} INFO - DAG(s) 'tutorial' retrieved from /home/airflow/.local/lib/python3.8/site-packages/airflow/example_dags/tutorial.py
[2025-03-27T16:51:35.231+0000] {logging_mixin.py:188} INFO - [2025-03-27T16:51:35.231+0000] {dag.py:3036} INFO - Sync 1 DAGs
[2025-03-27T16:51:35.254+0000] {logging_mixin.py:188} INFO - [2025-03-27T16:51:35.254+0000] {dag.py:3823} INFO - Setting next_dagrun for tutorial to 2025-03-26 00:00:00+00:00, run_after=2025-03-27 00:00:00+00:00
[2025-03-27T16:51:35.409+0000] {processor.py:183} INFO - Processing /home/airflow/.local/lib/python3.8/site-packages/airflow/example_dags/tutorial.py took 0.210 seconds
[2025-03-27T16:52:05.505+0000] {processor.py:161} INFO - Started process (PID=17951) to work on /home/airflow/.local/lib/python3.8/site-packages/airflow/example_dags/tutorial.py
[2025-03-27T16:52:05.507+0000] {processor.py:830} INFO - Processing file /home/airflow/.local/lib/python3.8/site-packages/airflow/example_dags/tutorial.py for tasks to queue
[2025-03-27T16:52:05.508+0000] {logging_mixin.py:188} INFO - [2025-03-27T16:52:05.507+0000] {dagbag.py:538} INFO - Filling up the DagBag from /home/airflow/.local/lib/python3.8/site-packages/airflow/example_dags/tutorial.py
[2025-03-27T16:52:05.514+0000] {processor.py:840} INFO - DAG(s) 'tutorial' retrieved from /home/airflow/.local/lib/python3.8/site-packages/airflow/example_dags/tutorial.py
[2025-03-27T16:52:05.535+0000] {logging_mixin.py:188} INFO - [2025-03-27T16:52:05.534+0000] {dag.py:3036} INFO - Sync 1 DAGs
[2025-03-27T16:52:05.559+0000] {logging_mixin.py:188} INFO - [2025-03-27T16:52:05.558+0000] {dag.py:3823} INFO - Setting next_dagrun for tutorial to 2025-03-26 00:00:00+00:00, run_after=2025-03-27 00:00:00+00:00
[2025-03-27T16:52:05.708+0000] {processor.py:183} INFO - Processing /home/airflow/.local/lib/python3.8/site-packages/airflow/example_dags/tutorial.py took 0.206 seconds
[2025-03-27T16:52:36.422+0000] {processor.py:161} INFO - Started process (PID=18201) to work on /home/airflow/.local/lib/python3.8/site-packages/airflow/example_dags/tutorial.py
[2025-03-27T16:52:36.423+0000] {processor.py:830} INFO - Processing file /home/airflow/.local/lib/python3.8/site-packages/airflow/example_dags/tutorial.py for tasks to queue
[2025-03-27T16:52:36.424+0000] {logging_mixin.py:188} INFO - [2025-03-27T16:52:36.423+0000] {dagbag.py:538} INFO - Filling up the DagBag from /home/airflow/.local/lib/python3.8/site-packages/airflow/example_dags/tutorial.py
[2025-03-27T16:52:36.429+0000] {processor.py:840} INFO - DAG(s) 'tutorial' retrieved from /home/airflow/.local/lib/python3.8/site-packages/airflow/example_dags/tutorial.py
[2025-03-27T16:52:36.449+0000] {logging_mixin.py:188} INFO - [2025-03-27T16:52:36.449+0000] {dag.py:3036} INFO - Sync 1 DAGs
[2025-03-27T16:52:36.471+0000] {logging_mixin.py:188} INFO - [2025-03-27T16:52:36.471+0000] {dag.py:3823} INFO - Setting next_dagrun for tutorial to 2025-03-26 00:00:00+00:00, run_after=2025-03-27 00:00:00+00:00
[2025-03-27T16:52:36.629+0000] {processor.py:183} INFO - Processing /home/airflow/.local/lib/python3.8/site-packages/airflow/example_dags/tutorial.py took 0.210 seconds
[2025-03-27T16:53:06.812+0000] {processor.py:161} INFO - Started process (PID=18453) to work on /home/airflow/.local/lib/python3.8/site-packages/airflow/example_dags/tutorial.py
[2025-03-27T16:53:06.813+0000] {processor.py:830} INFO - Processing file /home/airflow/.local/lib/python3.8/site-packages/airflow/example_dags/tutorial.py for tasks to queue
[2025-03-27T16:53:06.814+0000] {logging_mixin.py:188} INFO - [2025-03-27T16:53:06.814+0000] {dagbag.py:538} INFO - Filling up the DagBag from /home/airflow/.local/lib/python3.8/site-packages/airflow/example_dags/tutorial.py
[2025-03-27T16:53:06.820+0000] {processor.py:840} INFO - DAG(s) 'tutorial' retrieved from /home/airflow/.local/lib/python3.8/site-packages/airflow/example_dags/tutorial.py
[2025-03-27T16:53:06.839+0000] {logging_mixin.py:188} INFO - [2025-03-27T16:53:06.839+0000] {dag.py:3036} INFO - Sync 1 DAGs
[2025-03-27T16:53:06.859+0000] {logging_mixin.py:188} INFO - [2025-03-27T16:53:06.859+0000] {dag.py:3823} INFO - Setting next_dagrun for tutorial to 2025-03-26 00:00:00+00:00, run_after=2025-03-27 00:00:00+00:00
[2025-03-27T16:53:06.876+0000] {processor.py:183} INFO - Processing /home/airflow/.local/lib/python3.8/site-packages/airflow/example_dags/tutorial.py took 0.067 seconds
[2025-03-27T16:53:37.499+0000] {processor.py:161} INFO - Started process (PID=18705) to work on /home/airflow/.local/lib/python3.8/site-packages/airflow/example_dags/tutorial.py
[2025-03-27T16:53:37.500+0000] {processor.py:830} INFO - Processing file /home/airflow/.local/lib/python3.8/site-packages/airflow/example_dags/tutorial.py for tasks to queue
[2025-03-27T16:53:37.501+0000] {logging_mixin.py:188} INFO - [2025-03-27T16:53:37.501+0000] {dagbag.py:538} INFO - Filling up the DagBag from /home/airflow/.local/lib/python3.8/site-packages/airflow/example_dags/tutorial.py
[2025-03-27T16:53:37.507+0000] {processor.py:840} INFO - DAG(s) 'tutorial' retrieved from /home/airflow/.local/lib/python3.8/site-packages/airflow/example_dags/tutorial.py
[2025-03-27T16:53:37.526+0000] {logging_mixin.py:188} INFO - [2025-03-27T16:53:37.526+0000] {dag.py:3036} INFO - Sync 1 DAGs
[2025-03-27T16:53:37.546+0000] {logging_mixin.py:188} INFO - [2025-03-27T16:53:37.546+0000] {dag.py:3823} INFO - Setting next_dagrun for tutorial to 2025-03-26 00:00:00+00:00, run_after=2025-03-27 00:00:00+00:00
[2025-03-27T16:53:37.563+0000] {processor.py:183} INFO - Processing /home/airflow/.local/lib/python3.8/site-packages/airflow/example_dags/tutorial.py took 0.067 seconds
[2025-03-27T16:54:08.451+0000] {processor.py:161} INFO - Started process (PID=18957) to work on /home/airflow/.local/lib/python3.8/site-packages/airflow/example_dags/tutorial.py
[2025-03-27T16:54:08.452+0000] {processor.py:830} INFO - Processing file /home/airflow/.local/lib/python3.8/site-packages/airflow/example_dags/tutorial.py for tasks to queue
[2025-03-27T16:54:08.453+0000] {logging_mixin.py:188} INFO - [2025-03-27T16:54:08.452+0000] {dagbag.py:538} INFO - Filling up the DagBag from /home/airflow/.local/lib/python3.8/site-packages/airflow/example_dags/tutorial.py
[2025-03-27T16:54:08.458+0000] {processor.py:840} INFO - DAG(s) 'tutorial' retrieved from /home/airflow/.local/lib/python3.8/site-packages/airflow/example_dags/tutorial.py
[2025-03-27T16:54:08.477+0000] {logging_mixin.py:188} INFO - [2025-03-27T16:54:08.476+0000] {dag.py:3036} INFO - Sync 1 DAGs
[2025-03-27T16:54:08.497+0000] {logging_mixin.py:188} INFO - [2025-03-27T16:54:08.497+0000] {dag.py:3823} INFO - Setting next_dagrun for tutorial to 2025-03-26 00:00:00+00:00, run_after=2025-03-27 00:00:00+00:00
[2025-03-27T16:54:08.515+0000] {processor.py:183} INFO - Processing /home/airflow/.local/lib/python3.8/site-packages/airflow/example_dags/tutorial.py took 0.067 seconds
[2025-03-27T16:54:38.899+0000] {processor.py:161} INFO - Started process (PID=19209) to work on /home/airflow/.local/lib/python3.8/site-packages/airflow/example_dags/tutorial.py
[2025-03-27T16:54:38.900+0000] {processor.py:830} INFO - Processing file /home/airflow/.local/lib/python3.8/site-packages/airflow/example_dags/tutorial.py for tasks to queue
[2025-03-27T16:54:38.901+0000] {logging_mixin.py:188} INFO - [2025-03-27T16:54:38.901+0000] {dagbag.py:538} INFO - Filling up the DagBag from /home/airflow/.local/lib/python3.8/site-packages/airflow/example_dags/tutorial.py
[2025-03-27T16:54:38.906+0000] {processor.py:840} INFO - DAG(s) 'tutorial' retrieved from /home/airflow/.local/lib/python3.8/site-packages/airflow/example_dags/tutorial.py
[2025-03-27T16:54:38.925+0000] {logging_mixin.py:188} INFO - [2025-03-27T16:54:38.925+0000] {dag.py:3036} INFO - Sync 1 DAGs
[2025-03-27T16:54:38.945+0000] {logging_mixin.py:188} INFO - [2025-03-27T16:54:38.945+0000] {dag.py:3823} INFO - Setting next_dagrun for tutorial to 2025-03-26 00:00:00+00:00, run_after=2025-03-27 00:00:00+00:00
[2025-03-27T16:54:38.961+0000] {processor.py:183} INFO - Processing /home/airflow/.local/lib/python3.8/site-packages/airflow/example_dags/tutorial.py took 0.065 seconds
[2025-03-27T16:55:09.866+0000] {processor.py:161} INFO - Started process (PID=19461) to work on /home/airflow/.local/lib/python3.8/site-packages/airflow/example_dags/tutorial.py
[2025-03-27T16:55:09.867+0000] {processor.py:830} INFO - Processing file /home/airflow/.local/lib/python3.8/site-packages/airflow/example_dags/tutorial.py for tasks to queue
[2025-03-27T16:55:09.868+0000] {logging_mixin.py:188} INFO - [2025-03-27T16:55:09.868+0000] {dagbag.py:538} INFO - Filling up the DagBag from /home/airflow/.local/lib/python3.8/site-packages/airflow/example_dags/tutorial.py
[2025-03-27T16:55:09.874+0000] {processor.py:840} INFO - DAG(s) 'tutorial' retrieved from /home/airflow/.local/lib/python3.8/site-packages/airflow/example_dags/tutorial.py
[2025-03-27T16:55:09.896+0000] {logging_mixin.py:188} INFO - [2025-03-27T16:55:09.896+0000] {dag.py:3036} INFO - Sync 1 DAGs
[2025-03-27T16:55:10.087+0000] {logging_mixin.py:188} INFO - [2025-03-27T16:55:10.087+0000] {dag.py:3823} INFO - Setting next_dagrun for tutorial to 2025-03-26 00:00:00+00:00, run_after=2025-03-27 00:00:00+00:00
[2025-03-27T16:55:10.106+0000] {processor.py:183} INFO - Processing /home/airflow/.local/lib/python3.8/site-packages/airflow/example_dags/tutorial.py took 0.243 seconds
[2025-03-27T16:55:40.149+0000] {processor.py:161} INFO - Started process (PID=19723) to work on /home/airflow/.local/lib/python3.8/site-packages/airflow/example_dags/tutorial.py
[2025-03-27T16:55:40.150+0000] {processor.py:830} INFO - Processing file /home/airflow/.local/lib/python3.8/site-packages/airflow/example_dags/tutorial.py for tasks to queue
[2025-03-27T16:55:40.151+0000] {logging_mixin.py:188} INFO - [2025-03-27T16:55:40.151+0000] {dagbag.py:538} INFO - Filling up the DagBag from /home/airflow/.local/lib/python3.8/site-packages/airflow/example_dags/tutorial.py
[2025-03-27T16:55:40.157+0000] {processor.py:840} INFO - DAG(s) 'tutorial' retrieved from /home/airflow/.local/lib/python3.8/site-packages/airflow/example_dags/tutorial.py
[2025-03-27T16:55:40.175+0000] {logging_mixin.py:188} INFO - [2025-03-27T16:55:40.175+0000] {dag.py:3036} INFO - Sync 1 DAGs
[2025-03-27T16:55:40.196+0000] {logging_mixin.py:188} INFO - [2025-03-27T16:55:40.195+0000] {dag.py:3823} INFO - Setting next_dagrun for tutorial to 2025-03-26 00:00:00+00:00, run_after=2025-03-27 00:00:00+00:00
[2025-03-27T16:55:40.212+0000] {processor.py:183} INFO - Processing /home/airflow/.local/lib/python3.8/site-packages/airflow/example_dags/tutorial.py took 0.066 seconds
[2025-03-27T16:56:10.329+0000] {processor.py:161} INFO - Started process (PID=19965) to work on /home/airflow/.local/lib/python3.8/site-packages/airflow/example_dags/tutorial.py
[2025-03-27T16:56:10.330+0000] {processor.py:830} INFO - Processing file /home/airflow/.local/lib/python3.8/site-packages/airflow/example_dags/tutorial.py for tasks to queue
[2025-03-27T16:56:10.331+0000] {logging_mixin.py:188} INFO - [2025-03-27T16:56:10.330+0000] {dagbag.py:538} INFO - Filling up the DagBag from /home/airflow/.local/lib/python3.8/site-packages/airflow/example_dags/tutorial.py
[2025-03-27T16:56:10.336+0000] {processor.py:840} INFO - DAG(s) 'tutorial' retrieved from /home/airflow/.local/lib/python3.8/site-packages/airflow/example_dags/tutorial.py
[2025-03-27T16:56:10.355+0000] {logging_mixin.py:188} INFO - [2025-03-27T16:56:10.355+0000] {dag.py:3036} INFO - Sync 1 DAGs
[2025-03-27T16:56:10.375+0000] {logging_mixin.py:188} INFO - [2025-03-27T16:56:10.375+0000] {dag.py:3823} INFO - Setting next_dagrun for tutorial to 2025-03-26 00:00:00+00:00, run_after=2025-03-27 00:00:00+00:00
[2025-03-27T16:56:10.391+0000] {processor.py:183} INFO - Processing /home/airflow/.local/lib/python3.8/site-packages/airflow/example_dags/tutorial.py took 0.065 seconds
[2025-03-27T16:56:40.872+0000] {processor.py:161} INFO - Started process (PID=20217) to work on /home/airflow/.local/lib/python3.8/site-packages/airflow/example_dags/tutorial.py
[2025-03-27T16:56:40.873+0000] {processor.py:830} INFO - Processing file /home/airflow/.local/lib/python3.8/site-packages/airflow/example_dags/tutorial.py for tasks to queue
[2025-03-27T16:56:40.875+0000] {logging_mixin.py:188} INFO - [2025-03-27T16:56:40.874+0000] {dagbag.py:538} INFO - Filling up the DagBag from /home/airflow/.local/lib/python3.8/site-packages/airflow/example_dags/tutorial.py
[2025-03-27T16:56:40.881+0000] {processor.py:840} INFO - DAG(s) 'tutorial' retrieved from /home/airflow/.local/lib/python3.8/site-packages/airflow/example_dags/tutorial.py
[2025-03-27T16:56:40.903+0000] {logging_mixin.py:188} INFO - [2025-03-27T16:56:40.903+0000] {dag.py:3036} INFO - Sync 1 DAGs
[2025-03-27T16:56:40.929+0000] {logging_mixin.py:188} INFO - [2025-03-27T16:56:40.929+0000] {dag.py:3823} INFO - Setting next_dagrun for tutorial to 2025-03-26 00:00:00+00:00, run_after=2025-03-27 00:00:00+00:00
[2025-03-27T16:56:40.950+0000] {processor.py:183} INFO - Processing /home/airflow/.local/lib/python3.8/site-packages/airflow/example_dags/tutorial.py took 0.081 seconds
[2025-03-27T16:57:11.197+0000] {processor.py:161} INFO - Started process (PID=20469) to work on /home/airflow/.local/lib/python3.8/site-packages/airflow/example_dags/tutorial.py
[2025-03-27T16:57:11.198+0000] {processor.py:830} INFO - Processing file /home/airflow/.local/lib/python3.8/site-packages/airflow/example_dags/tutorial.py for tasks to queue
[2025-03-27T16:57:11.199+0000] {logging_mixin.py:188} INFO - [2025-03-27T16:57:11.199+0000] {dagbag.py:538} INFO - Filling up the DagBag from /home/airflow/.local/lib/python3.8/site-packages/airflow/example_dags/tutorial.py
[2025-03-27T16:57:11.205+0000] {processor.py:840} INFO - DAG(s) 'tutorial' retrieved from /home/airflow/.local/lib/python3.8/site-packages/airflow/example_dags/tutorial.py
[2025-03-27T16:57:11.226+0000] {logging_mixin.py:188} INFO - [2025-03-27T16:57:11.225+0000] {dag.py:3036} INFO - Sync 1 DAGs
[2025-03-27T16:57:11.251+0000] {logging_mixin.py:188} INFO - [2025-03-27T16:57:11.250+0000] {dag.py:3823} INFO - Setting next_dagrun for tutorial to 2025-03-26 00:00:00+00:00, run_after=2025-03-27 00:00:00+00:00
[2025-03-27T16:57:11.271+0000] {processor.py:183} INFO - Processing /home/airflow/.local/lib/python3.8/site-packages/airflow/example_dags/tutorial.py took 0.078 seconds
[2025-03-27T16:57:41.471+0000] {processor.py:161} INFO - Started process (PID=20721) to work on /home/airflow/.local/lib/python3.8/site-packages/airflow/example_dags/tutorial.py
[2025-03-27T16:57:41.472+0000] {processor.py:830} INFO - Processing file /home/airflow/.local/lib/python3.8/site-packages/airflow/example_dags/tutorial.py for tasks to queue
[2025-03-27T16:57:41.473+0000] {logging_mixin.py:188} INFO - [2025-03-27T16:57:41.473+0000] {dagbag.py:538} INFO - Filling up the DagBag from /home/airflow/.local/lib/python3.8/site-packages/airflow/example_dags/tutorial.py
[2025-03-27T16:57:41.478+0000] {processor.py:840} INFO - DAG(s) 'tutorial' retrieved from /home/airflow/.local/lib/python3.8/site-packages/airflow/example_dags/tutorial.py
[2025-03-27T16:57:41.496+0000] {logging_mixin.py:188} INFO - [2025-03-27T16:57:41.496+0000] {dag.py:3036} INFO - Sync 1 DAGs
[2025-03-27T16:57:41.517+0000] {logging_mixin.py:188} INFO - [2025-03-27T16:57:41.516+0000] {dag.py:3823} INFO - Setting next_dagrun for tutorial to 2025-03-26 00:00:00+00:00, run_after=2025-03-27 00:00:00+00:00
[2025-03-27T16:57:41.534+0000] {processor.py:183} INFO - Processing /home/airflow/.local/lib/python3.8/site-packages/airflow/example_dags/tutorial.py took 0.066 seconds
[2025-03-27T16:58:11.700+0000] {processor.py:161} INFO - Started process (PID=20973) to work on /home/airflow/.local/lib/python3.8/site-packages/airflow/example_dags/tutorial.py
[2025-03-27T16:58:11.701+0000] {processor.py:830} INFO - Processing file /home/airflow/.local/lib/python3.8/site-packages/airflow/example_dags/tutorial.py for tasks to queue
[2025-03-27T16:58:11.702+0000] {logging_mixin.py:188} INFO - [2025-03-27T16:58:11.702+0000] {dagbag.py:538} INFO - Filling up the DagBag from /home/airflow/.local/lib/python3.8/site-packages/airflow/example_dags/tutorial.py
[2025-03-27T16:58:11.708+0000] {processor.py:840} INFO - DAG(s) 'tutorial' retrieved from /home/airflow/.local/lib/python3.8/site-packages/airflow/example_dags/tutorial.py
[2025-03-27T16:58:11.728+0000] {logging_mixin.py:188} INFO - [2025-03-27T16:58:11.727+0000] {dag.py:3036} INFO - Sync 1 DAGs
[2025-03-27T16:58:11.749+0000] {logging_mixin.py:188} INFO - [2025-03-27T16:58:11.749+0000] {dag.py:3823} INFO - Setting next_dagrun for tutorial to 2025-03-26 00:00:00+00:00, run_after=2025-03-27 00:00:00+00:00
[2025-03-27T16:58:11.769+0000] {processor.py:183} INFO - Processing /home/airflow/.local/lib/python3.8/site-packages/airflow/example_dags/tutorial.py took 0.071 seconds
[2025-03-27T16:58:41.903+0000] {processor.py:161} INFO - Started process (PID=21225) to work on /home/airflow/.local/lib/python3.8/site-packages/airflow/example_dags/tutorial.py
[2025-03-27T16:58:41.904+0000] {processor.py:830} INFO - Processing file /home/airflow/.local/lib/python3.8/site-packages/airflow/example_dags/tutorial.py for tasks to queue
[2025-03-27T16:58:41.905+0000] {logging_mixin.py:188} INFO - [2025-03-27T16:58:41.904+0000] {dagbag.py:538} INFO - Filling up the DagBag from /home/airflow/.local/lib/python3.8/site-packages/airflow/example_dags/tutorial.py
[2025-03-27T16:58:41.910+0000] {processor.py:840} INFO - DAG(s) 'tutorial' retrieved from /home/airflow/.local/lib/python3.8/site-packages/airflow/example_dags/tutorial.py
[2025-03-27T16:58:41.927+0000] {logging_mixin.py:188} INFO - [2025-03-27T16:58:41.927+0000] {dag.py:3036} INFO - Sync 1 DAGs
[2025-03-27T16:58:41.948+0000] {logging_mixin.py:188} INFO - [2025-03-27T16:58:41.948+0000] {dag.py:3823} INFO - Setting next_dagrun for tutorial to 2025-03-26 00:00:00+00:00, run_after=2025-03-27 00:00:00+00:00
[2025-03-27T16:58:41.964+0000] {processor.py:183} INFO - Processing /home/airflow/.local/lib/python3.8/site-packages/airflow/example_dags/tutorial.py took 0.063 seconds
[2025-03-27T16:59:12.286+0000] {processor.py:161} INFO - Started process (PID=21477) to work on /home/airflow/.local/lib/python3.8/site-packages/airflow/example_dags/tutorial.py
[2025-03-27T16:59:12.287+0000] {processor.py:830} INFO - Processing file /home/airflow/.local/lib/python3.8/site-packages/airflow/example_dags/tutorial.py for tasks to queue
[2025-03-27T16:59:12.287+0000] {logging_mixin.py:188} INFO - [2025-03-27T16:59:12.287+0000] {dagbag.py:538} INFO - Filling up the DagBag from /home/airflow/.local/lib/python3.8/site-packages/airflow/example_dags/tutorial.py
[2025-03-27T16:59:12.293+0000] {processor.py:840} INFO - DAG(s) 'tutorial' retrieved from /home/airflow/.local/lib/python3.8/site-packages/airflow/example_dags/tutorial.py
[2025-03-27T16:59:12.312+0000] {logging_mixin.py:188} INFO - [2025-03-27T16:59:12.312+0000] {dag.py:3036} INFO - Sync 1 DAGs
[2025-03-27T16:59:12.333+0000] {logging_mixin.py:188} INFO - [2025-03-27T16:59:12.332+0000] {dag.py:3823} INFO - Setting next_dagrun for tutorial to 2025-03-26 00:00:00+00:00, run_after=2025-03-27 00:00:00+00:00
[2025-03-27T16:59:12.350+0000] {processor.py:183} INFO - Processing /home/airflow/.local/lib/python3.8/site-packages/airflow/example_dags/tutorial.py took 0.067 seconds
[2025-03-27T16:59:43.034+0000] {processor.py:161} INFO - Started process (PID=21729) to work on /home/airflow/.local/lib/python3.8/site-packages/airflow/example_dags/tutorial.py
[2025-03-27T16:59:43.035+0000] {processor.py:830} INFO - Processing file /home/airflow/.local/lib/python3.8/site-packages/airflow/example_dags/tutorial.py for tasks to queue
[2025-03-27T16:59:43.035+0000] {logging_mixin.py:188} INFO - [2025-03-27T16:59:43.035+0000] {dagbag.py:538} INFO - Filling up the DagBag from /home/airflow/.local/lib/python3.8/site-packages/airflow/example_dags/tutorial.py
[2025-03-27T16:59:43.041+0000] {processor.py:840} INFO - DAG(s) 'tutorial' retrieved from /home/airflow/.local/lib/python3.8/site-packages/airflow/example_dags/tutorial.py
[2025-03-27T16:59:43.058+0000] {logging_mixin.py:188} INFO - [2025-03-27T16:59:43.058+0000] {dag.py:3036} INFO - Sync 1 DAGs
[2025-03-27T16:59:43.078+0000] {logging_mixin.py:188} INFO - [2025-03-27T16:59:43.077+0000] {dag.py:3823} INFO - Setting next_dagrun for tutorial to 2025-03-26 00:00:00+00:00, run_after=2025-03-27 00:00:00+00:00
[2025-03-27T16:59:43.094+0000] {processor.py:183} INFO - Processing /home/airflow/.local/lib/python3.8/site-packages/airflow/example_dags/tutorial.py took 0.063 seconds
[2025-03-27T17:00:13.353+0000] {processor.py:161} INFO - Started process (PID=21981) to work on /home/airflow/.local/lib/python3.8/site-packages/airflow/example_dags/tutorial.py
[2025-03-27T17:00:13.354+0000] {processor.py:830} INFO - Processing file /home/airflow/.local/lib/python3.8/site-packages/airflow/example_dags/tutorial.py for tasks to queue
[2025-03-27T17:00:13.355+0000] {logging_mixin.py:188} INFO - [2025-03-27T17:00:13.355+0000] {dagbag.py:538} INFO - Filling up the DagBag from /home/airflow/.local/lib/python3.8/site-packages/airflow/example_dags/tutorial.py
[2025-03-27T17:00:13.360+0000] {processor.py:840} INFO - DAG(s) 'tutorial' retrieved from /home/airflow/.local/lib/python3.8/site-packages/airflow/example_dags/tutorial.py
[2025-03-27T17:00:13.378+0000] {logging_mixin.py:188} INFO - [2025-03-27T17:00:13.378+0000] {dag.py:3036} INFO - Sync 1 DAGs
[2025-03-27T17:00:13.399+0000] {logging_mixin.py:188} INFO - [2025-03-27T17:00:13.399+0000] {dag.py:3823} INFO - Setting next_dagrun for tutorial to 2025-03-26 00:00:00+00:00, run_after=2025-03-27 00:00:00+00:00
[2025-03-27T17:00:13.415+0000] {processor.py:183} INFO - Processing /home/airflow/.local/lib/python3.8/site-packages/airflow/example_dags/tutorial.py took 0.064 seconds
