[2025-03-27T16:27:01.041+0000] {processor.py:161} INFO - Started process (PID=296) to work on /home/airflow/.local/lib/python3.8/site-packages/airflow/example_dags/tutorial_dag.py
[2025-03-27T16:27:01.042+0000] {processor.py:830} INFO - Processing file /home/airflow/.local/lib/python3.8/site-packages/airflow/example_dags/tutorial_dag.py for tasks to queue
[2025-03-27T16:27:01.043+0000] {logging_mixin.py:188} INFO - [2025-03-27T16:27:01.043+0000] {dagbag.py:538} INFO - Filling up the DagBag from /home/airflow/.local/lib/python3.8/site-packages/airflow/example_dags/tutorial_dag.py
[2025-03-27T16:27:01.049+0000] {processor.py:840} INFO - DAG(s) 'tutorial_dag' retrieved from /home/airflow/.local/lib/python3.8/site-packages/airflow/example_dags/tutorial_dag.py
[2025-03-27T16:27:01.060+0000] {logging_mixin.py:188} INFO - [2025-03-27T16:27:01.060+0000] {dag.py:3036} INFO - Sync 1 DAGs
[2025-03-27T16:27:01.073+0000] {logging_mixin.py:188} INFO - [2025-03-27T16:27:01.073+0000] {dag.py:3823} INFO - Setting next_dagrun for tutorial_dag to None, run_after=None
[2025-03-27T16:27:01.093+0000] {processor.py:183} INFO - Processing /home/airflow/.local/lib/python3.8/site-packages/airflow/example_dags/tutorial_dag.py took 0.055 seconds
[2025-03-27T16:27:31.781+0000] {processor.py:161} INFO - Started process (PID=543) to work on /home/airflow/.local/lib/python3.8/site-packages/airflow/example_dags/tutorial_dag.py
[2025-03-27T16:27:31.782+0000] {processor.py:830} INFO - Processing file /home/airflow/.local/lib/python3.8/site-packages/airflow/example_dags/tutorial_dag.py for tasks to queue
[2025-03-27T16:27:31.783+0000] {logging_mixin.py:188} INFO - [2025-03-27T16:27:31.782+0000] {dagbag.py:538} INFO - Filling up the DagBag from /home/airflow/.local/lib/python3.8/site-packages/airflow/example_dags/tutorial_dag.py
[2025-03-27T16:27:31.788+0000] {processor.py:840} INFO - DAG(s) 'tutorial_dag' retrieved from /home/airflow/.local/lib/python3.8/site-packages/airflow/example_dags/tutorial_dag.py
[2025-03-27T16:27:31.876+0000] {logging_mixin.py:188} INFO - [2025-03-27T16:27:31.876+0000] {dag.py:3036} INFO - Sync 1 DAGs
[2025-03-27T16:27:31.888+0000] {logging_mixin.py:188} INFO - [2025-03-27T16:27:31.888+0000] {dag.py:3823} INFO - Setting next_dagrun for tutorial_dag to None, run_after=None
[2025-03-27T16:27:31.907+0000] {processor.py:183} INFO - Processing /home/airflow/.local/lib/python3.8/site-packages/airflow/example_dags/tutorial_dag.py took 0.129 seconds
[2025-03-27T16:28:02.744+0000] {processor.py:161} INFO - Started process (PID=796) to work on /home/airflow/.local/lib/python3.8/site-packages/airflow/example_dags/tutorial_dag.py
[2025-03-27T16:28:02.745+0000] {processor.py:830} INFO - Processing file /home/airflow/.local/lib/python3.8/site-packages/airflow/example_dags/tutorial_dag.py for tasks to queue
[2025-03-27T16:28:02.747+0000] {logging_mixin.py:188} INFO - [2025-03-27T16:28:02.746+0000] {dagbag.py:538} INFO - Filling up the DagBag from /home/airflow/.local/lib/python3.8/site-packages/airflow/example_dags/tutorial_dag.py
[2025-03-27T16:28:02.752+0000] {processor.py:840} INFO - DAG(s) 'tutorial_dag' retrieved from /home/airflow/.local/lib/python3.8/site-packages/airflow/example_dags/tutorial_dag.py
[2025-03-27T16:28:02.778+0000] {logging_mixin.py:188} INFO - [2025-03-27T16:28:02.778+0000] {dag.py:3036} INFO - Sync 1 DAGs
[2025-03-27T16:28:02.795+0000] {logging_mixin.py:188} INFO - [2025-03-27T16:28:02.794+0000] {dag.py:3823} INFO - Setting next_dagrun for tutorial_dag to None, run_after=None
[2025-03-27T16:28:02.824+0000] {processor.py:183} INFO - Processing /home/airflow/.local/lib/python3.8/site-packages/airflow/example_dags/tutorial_dag.py took 0.085 seconds
[2025-03-27T16:28:33.616+0000] {processor.py:161} INFO - Started process (PID=1043) to work on /home/airflow/.local/lib/python3.8/site-packages/airflow/example_dags/tutorial_dag.py
[2025-03-27T16:28:33.618+0000] {processor.py:830} INFO - Processing file /home/airflow/.local/lib/python3.8/site-packages/airflow/example_dags/tutorial_dag.py for tasks to queue
[2025-03-27T16:28:33.619+0000] {logging_mixin.py:188} INFO - [2025-03-27T16:28:33.618+0000] {dagbag.py:538} INFO - Filling up the DagBag from /home/airflow/.local/lib/python3.8/site-packages/airflow/example_dags/tutorial_dag.py
[2025-03-27T16:28:33.624+0000] {processor.py:840} INFO - DAG(s) 'tutorial_dag' retrieved from /home/airflow/.local/lib/python3.8/site-packages/airflow/example_dags/tutorial_dag.py
[2025-03-27T16:28:33.642+0000] {logging_mixin.py:188} INFO - [2025-03-27T16:28:33.642+0000] {dag.py:3036} INFO - Sync 1 DAGs
[2025-03-27T16:28:33.653+0000] {logging_mixin.py:188} INFO - [2025-03-27T16:28:33.652+0000] {dag.py:3823} INFO - Setting next_dagrun for tutorial_dag to None, run_after=None
[2025-03-27T16:28:33.668+0000] {processor.py:183} INFO - Processing /home/airflow/.local/lib/python3.8/site-packages/airflow/example_dags/tutorial_dag.py took 0.054 seconds
[2025-03-27T16:29:04.187+0000] {processor.py:161} INFO - Started process (PID=1290) to work on /home/airflow/.local/lib/python3.8/site-packages/airflow/example_dags/tutorial_dag.py
[2025-03-27T16:29:04.188+0000] {processor.py:830} INFO - Processing file /home/airflow/.local/lib/python3.8/site-packages/airflow/example_dags/tutorial_dag.py for tasks to queue
[2025-03-27T16:29:04.189+0000] {logging_mixin.py:188} INFO - [2025-03-27T16:29:04.189+0000] {dagbag.py:538} INFO - Filling up the DagBag from /home/airflow/.local/lib/python3.8/site-packages/airflow/example_dags/tutorial_dag.py
[2025-03-27T16:29:04.194+0000] {processor.py:840} INFO - DAG(s) 'tutorial_dag' retrieved from /home/airflow/.local/lib/python3.8/site-packages/airflow/example_dags/tutorial_dag.py
[2025-03-27T16:29:04.213+0000] {logging_mixin.py:188} INFO - [2025-03-27T16:29:04.212+0000] {dag.py:3036} INFO - Sync 1 DAGs
[2025-03-27T16:29:04.224+0000] {logging_mixin.py:188} INFO - [2025-03-27T16:29:04.224+0000] {dag.py:3823} INFO - Setting next_dagrun for tutorial_dag to None, run_after=None
[2025-03-27T16:29:04.244+0000] {processor.py:183} INFO - Processing /home/airflow/.local/lib/python3.8/site-packages/airflow/example_dags/tutorial_dag.py took 0.060 seconds
[2025-03-27T16:29:34.926+0000] {processor.py:161} INFO - Started process (PID=1539) to work on /home/airflow/.local/lib/python3.8/site-packages/airflow/example_dags/tutorial_dag.py
[2025-03-27T16:29:34.926+0000] {processor.py:830} INFO - Processing file /home/airflow/.local/lib/python3.8/site-packages/airflow/example_dags/tutorial_dag.py for tasks to queue
[2025-03-27T16:29:34.927+0000] {logging_mixin.py:188} INFO - [2025-03-27T16:29:34.927+0000] {dagbag.py:538} INFO - Filling up the DagBag from /home/airflow/.local/lib/python3.8/site-packages/airflow/example_dags/tutorial_dag.py
[2025-03-27T16:29:34.931+0000] {processor.py:840} INFO - DAG(s) 'tutorial_dag' retrieved from /home/airflow/.local/lib/python3.8/site-packages/airflow/example_dags/tutorial_dag.py
[2025-03-27T16:29:34.949+0000] {logging_mixin.py:188} INFO - [2025-03-27T16:29:34.949+0000] {dag.py:3036} INFO - Sync 1 DAGs
[2025-03-27T16:29:34.959+0000] {logging_mixin.py:188} INFO - [2025-03-27T16:29:34.959+0000] {dag.py:3823} INFO - Setting next_dagrun for tutorial_dag to None, run_after=None
[2025-03-27T16:29:34.974+0000] {processor.py:183} INFO - Processing /home/airflow/.local/lib/python3.8/site-packages/airflow/example_dags/tutorial_dag.py took 0.052 seconds
[2025-03-27T16:30:05.480+0000] {processor.py:161} INFO - Started process (PID=1786) to work on /home/airflow/.local/lib/python3.8/site-packages/airflow/example_dags/tutorial_dag.py
[2025-03-27T16:30:05.481+0000] {processor.py:830} INFO - Processing file /home/airflow/.local/lib/python3.8/site-packages/airflow/example_dags/tutorial_dag.py for tasks to queue
[2025-03-27T16:30:05.482+0000] {logging_mixin.py:188} INFO - [2025-03-27T16:30:05.482+0000] {dagbag.py:538} INFO - Filling up the DagBag from /home/airflow/.local/lib/python3.8/site-packages/airflow/example_dags/tutorial_dag.py
[2025-03-27T16:30:05.486+0000] {processor.py:840} INFO - DAG(s) 'tutorial_dag' retrieved from /home/airflow/.local/lib/python3.8/site-packages/airflow/example_dags/tutorial_dag.py
[2025-03-27T16:30:05.506+0000] {logging_mixin.py:188} INFO - [2025-03-27T16:30:05.505+0000] {dag.py:3036} INFO - Sync 1 DAGs
[2025-03-27T16:30:05.517+0000] {logging_mixin.py:188} INFO - [2025-03-27T16:30:05.517+0000] {dag.py:3823} INFO - Setting next_dagrun for tutorial_dag to None, run_after=None
[2025-03-27T16:30:05.533+0000] {processor.py:183} INFO - Processing /home/airflow/.local/lib/python3.8/site-packages/airflow/example_dags/tutorial_dag.py took 0.056 seconds
[2025-03-27T16:30:35.941+0000] {processor.py:161} INFO - Started process (PID=2031) to work on /home/airflow/.local/lib/python3.8/site-packages/airflow/example_dags/tutorial_dag.py
[2025-03-27T16:30:35.942+0000] {processor.py:830} INFO - Processing file /home/airflow/.local/lib/python3.8/site-packages/airflow/example_dags/tutorial_dag.py for tasks to queue
[2025-03-27T16:30:35.943+0000] {logging_mixin.py:188} INFO - [2025-03-27T16:30:35.942+0000] {dagbag.py:538} INFO - Filling up the DagBag from /home/airflow/.local/lib/python3.8/site-packages/airflow/example_dags/tutorial_dag.py
[2025-03-27T16:30:35.946+0000] {processor.py:840} INFO - DAG(s) 'tutorial_dag' retrieved from /home/airflow/.local/lib/python3.8/site-packages/airflow/example_dags/tutorial_dag.py
[2025-03-27T16:30:35.963+0000] {logging_mixin.py:188} INFO - [2025-03-27T16:30:35.963+0000] {dag.py:3036} INFO - Sync 1 DAGs
[2025-03-27T16:30:35.975+0000] {logging_mixin.py:188} INFO - [2025-03-27T16:30:35.974+0000] {dag.py:3823} INFO - Setting next_dagrun for tutorial_dag to None, run_after=None
[2025-03-27T16:30:35.990+0000] {processor.py:183} INFO - Processing /home/airflow/.local/lib/python3.8/site-packages/airflow/example_dags/tutorial_dag.py took 0.052 seconds
[2025-03-27T16:31:06.453+0000] {processor.py:161} INFO - Started process (PID=2280) to work on /home/airflow/.local/lib/python3.8/site-packages/airflow/example_dags/tutorial_dag.py
[2025-03-27T16:31:06.454+0000] {processor.py:830} INFO - Processing file /home/airflow/.local/lib/python3.8/site-packages/airflow/example_dags/tutorial_dag.py for tasks to queue
[2025-03-27T16:31:06.455+0000] {logging_mixin.py:188} INFO - [2025-03-27T16:31:06.454+0000] {dagbag.py:538} INFO - Filling up the DagBag from /home/airflow/.local/lib/python3.8/site-packages/airflow/example_dags/tutorial_dag.py
[2025-03-27T16:31:06.459+0000] {processor.py:840} INFO - DAG(s) 'tutorial_dag' retrieved from /home/airflow/.local/lib/python3.8/site-packages/airflow/example_dags/tutorial_dag.py
[2025-03-27T16:31:06.476+0000] {logging_mixin.py:188} INFO - [2025-03-27T16:31:06.476+0000] {dag.py:3036} INFO - Sync 1 DAGs
[2025-03-27T16:31:06.487+0000] {logging_mixin.py:188} INFO - [2025-03-27T16:31:06.487+0000] {dag.py:3823} INFO - Setting next_dagrun for tutorial_dag to None, run_after=None
[2025-03-27T16:31:06.503+0000] {processor.py:183} INFO - Processing /home/airflow/.local/lib/python3.8/site-packages/airflow/example_dags/tutorial_dag.py took 0.053 seconds
[2025-03-27T16:31:36.936+0000] {processor.py:161} INFO - Started process (PID=2525) to work on /home/airflow/.local/lib/python3.8/site-packages/airflow/example_dags/tutorial_dag.py
[2025-03-27T16:31:36.937+0000] {processor.py:830} INFO - Processing file /home/airflow/.local/lib/python3.8/site-packages/airflow/example_dags/tutorial_dag.py for tasks to queue
[2025-03-27T16:31:36.938+0000] {logging_mixin.py:188} INFO - [2025-03-27T16:31:36.937+0000] {dagbag.py:538} INFO - Filling up the DagBag from /home/airflow/.local/lib/python3.8/site-packages/airflow/example_dags/tutorial_dag.py
[2025-03-27T16:31:36.942+0000] {processor.py:840} INFO - DAG(s) 'tutorial_dag' retrieved from /home/airflow/.local/lib/python3.8/site-packages/airflow/example_dags/tutorial_dag.py
[2025-03-27T16:31:36.961+0000] {logging_mixin.py:188} INFO - [2025-03-27T16:31:36.961+0000] {dag.py:3036} INFO - Sync 1 DAGs
[2025-03-27T16:31:36.973+0000] {logging_mixin.py:188} INFO - [2025-03-27T16:31:36.973+0000] {dag.py:3823} INFO - Setting next_dagrun for tutorial_dag to None, run_after=None
[2025-03-27T16:31:36.992+0000] {processor.py:183} INFO - Processing /home/airflow/.local/lib/python3.8/site-packages/airflow/example_dags/tutorial_dag.py took 0.059 seconds
[2025-03-27T16:32:07.134+0000] {processor.py:161} INFO - Started process (PID=2772) to work on /home/airflow/.local/lib/python3.8/site-packages/airflow/example_dags/tutorial_dag.py
[2025-03-27T16:32:07.135+0000] {processor.py:830} INFO - Processing file /home/airflow/.local/lib/python3.8/site-packages/airflow/example_dags/tutorial_dag.py for tasks to queue
[2025-03-27T16:32:07.136+0000] {logging_mixin.py:188} INFO - [2025-03-27T16:32:07.136+0000] {dagbag.py:538} INFO - Filling up the DagBag from /home/airflow/.local/lib/python3.8/site-packages/airflow/example_dags/tutorial_dag.py
[2025-03-27T16:32:07.140+0000] {processor.py:840} INFO - DAG(s) 'tutorial_dag' retrieved from /home/airflow/.local/lib/python3.8/site-packages/airflow/example_dags/tutorial_dag.py
[2025-03-27T16:32:07.158+0000] {logging_mixin.py:188} INFO - [2025-03-27T16:32:07.158+0000] {dag.py:3036} INFO - Sync 1 DAGs
[2025-03-27T16:32:07.169+0000] {logging_mixin.py:188} INFO - [2025-03-27T16:32:07.168+0000] {dag.py:3823} INFO - Setting next_dagrun for tutorial_dag to None, run_after=None
[2025-03-27T16:32:07.184+0000] {processor.py:183} INFO - Processing /home/airflow/.local/lib/python3.8/site-packages/airflow/example_dags/tutorial_dag.py took 0.053 seconds
[2025-03-27T16:32:37.865+0000] {processor.py:161} INFO - Started process (PID=3019) to work on /home/airflow/.local/lib/python3.8/site-packages/airflow/example_dags/tutorial_dag.py
[2025-03-27T16:32:37.867+0000] {processor.py:830} INFO - Processing file /home/airflow/.local/lib/python3.8/site-packages/airflow/example_dags/tutorial_dag.py for tasks to queue
[2025-03-27T16:32:37.868+0000] {logging_mixin.py:188} INFO - [2025-03-27T16:32:37.867+0000] {dagbag.py:538} INFO - Filling up the DagBag from /home/airflow/.local/lib/python3.8/site-packages/airflow/example_dags/tutorial_dag.py
[2025-03-27T16:32:37.874+0000] {processor.py:840} INFO - DAG(s) 'tutorial_dag' retrieved from /home/airflow/.local/lib/python3.8/site-packages/airflow/example_dags/tutorial_dag.py
[2025-03-27T16:32:37.905+0000] {logging_mixin.py:188} INFO - [2025-03-27T16:32:37.904+0000] {dag.py:3036} INFO - Sync 1 DAGs
[2025-03-27T16:32:37.921+0000] {logging_mixin.py:188} INFO - [2025-03-27T16:32:37.921+0000] {dag.py:3823} INFO - Setting next_dagrun for tutorial_dag to None, run_after=None
[2025-03-27T16:32:37.947+0000] {processor.py:183} INFO - Processing /home/airflow/.local/lib/python3.8/site-packages/airflow/example_dags/tutorial_dag.py took 0.086 seconds
[2025-03-27T16:33:08.868+0000] {processor.py:161} INFO - Started process (PID=3266) to work on /home/airflow/.local/lib/python3.8/site-packages/airflow/example_dags/tutorial_dag.py
[2025-03-27T16:33:08.869+0000] {processor.py:830} INFO - Processing file /home/airflow/.local/lib/python3.8/site-packages/airflow/example_dags/tutorial_dag.py for tasks to queue
[2025-03-27T16:33:08.870+0000] {logging_mixin.py:188} INFO - [2025-03-27T16:33:08.870+0000] {dagbag.py:538} INFO - Filling up the DagBag from /home/airflow/.local/lib/python3.8/site-packages/airflow/example_dags/tutorial_dag.py
[2025-03-27T16:33:08.877+0000] {processor.py:840} INFO - DAG(s) 'tutorial_dag' retrieved from /home/airflow/.local/lib/python3.8/site-packages/airflow/example_dags/tutorial_dag.py
[2025-03-27T16:33:08.899+0000] {logging_mixin.py:188} INFO - [2025-03-27T16:33:08.899+0000] {dag.py:3036} INFO - Sync 1 DAGs
[2025-03-27T16:33:08.912+0000] {logging_mixin.py:188} INFO - [2025-03-27T16:33:08.912+0000] {dag.py:3823} INFO - Setting next_dagrun for tutorial_dag to None, run_after=None
[2025-03-27T16:33:08.936+0000] {processor.py:183} INFO - Processing /home/airflow/.local/lib/python3.8/site-packages/airflow/example_dags/tutorial_dag.py took 0.071 seconds
[2025-03-27T16:33:39.074+0000] {processor.py:161} INFO - Started process (PID=3513) to work on /home/airflow/.local/lib/python3.8/site-packages/airflow/example_dags/tutorial_dag.py
[2025-03-27T16:33:39.075+0000] {processor.py:830} INFO - Processing file /home/airflow/.local/lib/python3.8/site-packages/airflow/example_dags/tutorial_dag.py for tasks to queue
[2025-03-27T16:33:39.076+0000] {logging_mixin.py:188} INFO - [2025-03-27T16:33:39.076+0000] {dagbag.py:538} INFO - Filling up the DagBag from /home/airflow/.local/lib/python3.8/site-packages/airflow/example_dags/tutorial_dag.py
[2025-03-27T16:33:39.082+0000] {processor.py:840} INFO - DAG(s) 'tutorial_dag' retrieved from /home/airflow/.local/lib/python3.8/site-packages/airflow/example_dags/tutorial_dag.py
[2025-03-27T16:33:39.100+0000] {logging_mixin.py:188} INFO - [2025-03-27T16:33:39.100+0000] {dag.py:3036} INFO - Sync 1 DAGs
[2025-03-27T16:33:39.111+0000] {logging_mixin.py:188} INFO - [2025-03-27T16:33:39.111+0000] {dag.py:3823} INFO - Setting next_dagrun for tutorial_dag to None, run_after=None
[2025-03-27T16:33:39.127+0000] {processor.py:183} INFO - Processing /home/airflow/.local/lib/python3.8/site-packages/airflow/example_dags/tutorial_dag.py took 0.056 seconds
[2025-03-27T16:34:09.497+0000] {processor.py:161} INFO - Started process (PID=3760) to work on /home/airflow/.local/lib/python3.8/site-packages/airflow/example_dags/tutorial_dag.py
[2025-03-27T16:34:09.498+0000] {processor.py:830} INFO - Processing file /home/airflow/.local/lib/python3.8/site-packages/airflow/example_dags/tutorial_dag.py for tasks to queue
[2025-03-27T16:34:09.498+0000] {logging_mixin.py:188} INFO - [2025-03-27T16:34:09.498+0000] {dagbag.py:538} INFO - Filling up the DagBag from /home/airflow/.local/lib/python3.8/site-packages/airflow/example_dags/tutorial_dag.py
[2025-03-27T16:34:09.503+0000] {processor.py:840} INFO - DAG(s) 'tutorial_dag' retrieved from /home/airflow/.local/lib/python3.8/site-packages/airflow/example_dags/tutorial_dag.py
[2025-03-27T16:34:09.521+0000] {logging_mixin.py:188} INFO - [2025-03-27T16:34:09.521+0000] {dag.py:3036} INFO - Sync 1 DAGs
[2025-03-27T16:34:09.532+0000] {logging_mixin.py:188} INFO - [2025-03-27T16:34:09.532+0000] {dag.py:3823} INFO - Setting next_dagrun for tutorial_dag to None, run_after=None
[2025-03-27T16:34:09.551+0000] {processor.py:183} INFO - Processing /home/airflow/.local/lib/python3.8/site-packages/airflow/example_dags/tutorial_dag.py took 0.057 seconds
[2025-03-27T16:34:39.881+0000] {processor.py:161} INFO - Started process (PID=4007) to work on /home/airflow/.local/lib/python3.8/site-packages/airflow/example_dags/tutorial_dag.py
[2025-03-27T16:34:39.882+0000] {processor.py:830} INFO - Processing file /home/airflow/.local/lib/python3.8/site-packages/airflow/example_dags/tutorial_dag.py for tasks to queue
[2025-03-27T16:34:39.883+0000] {logging_mixin.py:188} INFO - [2025-03-27T16:34:39.883+0000] {dagbag.py:538} INFO - Filling up the DagBag from /home/airflow/.local/lib/python3.8/site-packages/airflow/example_dags/tutorial_dag.py
[2025-03-27T16:34:39.888+0000] {processor.py:840} INFO - DAG(s) 'tutorial_dag' retrieved from /home/airflow/.local/lib/python3.8/site-packages/airflow/example_dags/tutorial_dag.py
[2025-03-27T16:34:39.907+0000] {logging_mixin.py:188} INFO - [2025-03-27T16:34:39.907+0000] {dag.py:3036} INFO - Sync 1 DAGs
[2025-03-27T16:34:39.917+0000] {logging_mixin.py:188} INFO - [2025-03-27T16:34:39.917+0000] {dag.py:3823} INFO - Setting next_dagrun for tutorial_dag to None, run_after=None
[2025-03-27T16:34:39.933+0000] {processor.py:183} INFO - Processing /home/airflow/.local/lib/python3.8/site-packages/airflow/example_dags/tutorial_dag.py took 0.055 seconds
[2025-03-27T16:35:10.298+0000] {processor.py:161} INFO - Started process (PID=4254) to work on /home/airflow/.local/lib/python3.8/site-packages/airflow/example_dags/tutorial_dag.py
[2025-03-27T16:35:10.299+0000] {processor.py:830} INFO - Processing file /home/airflow/.local/lib/python3.8/site-packages/airflow/example_dags/tutorial_dag.py for tasks to queue
[2025-03-27T16:35:10.300+0000] {logging_mixin.py:188} INFO - [2025-03-27T16:35:10.300+0000] {dagbag.py:538} INFO - Filling up the DagBag from /home/airflow/.local/lib/python3.8/site-packages/airflow/example_dags/tutorial_dag.py
[2025-03-27T16:35:10.305+0000] {processor.py:840} INFO - DAG(s) 'tutorial_dag' retrieved from /home/airflow/.local/lib/python3.8/site-packages/airflow/example_dags/tutorial_dag.py
[2025-03-27T16:35:10.325+0000] {logging_mixin.py:188} INFO - [2025-03-27T16:35:10.325+0000] {dag.py:3036} INFO - Sync 1 DAGs
[2025-03-27T16:35:10.337+0000] {logging_mixin.py:188} INFO - [2025-03-27T16:35:10.337+0000] {dag.py:3823} INFO - Setting next_dagrun for tutorial_dag to None, run_after=None
[2025-03-27T16:35:10.355+0000] {processor.py:183} INFO - Processing /home/airflow/.local/lib/python3.8/site-packages/airflow/example_dags/tutorial_dag.py took 0.059 seconds
[2025-03-27T16:35:41.340+0000] {processor.py:161} INFO - Started process (PID=4503) to work on /home/airflow/.local/lib/python3.8/site-packages/airflow/example_dags/tutorial_dag.py
[2025-03-27T16:35:41.340+0000] {processor.py:830} INFO - Processing file /home/airflow/.local/lib/python3.8/site-packages/airflow/example_dags/tutorial_dag.py for tasks to queue
[2025-03-27T16:35:41.341+0000] {logging_mixin.py:188} INFO - [2025-03-27T16:35:41.341+0000] {dagbag.py:538} INFO - Filling up the DagBag from /home/airflow/.local/lib/python3.8/site-packages/airflow/example_dags/tutorial_dag.py
[2025-03-27T16:35:41.346+0000] {processor.py:840} INFO - DAG(s) 'tutorial_dag' retrieved from /home/airflow/.local/lib/python3.8/site-packages/airflow/example_dags/tutorial_dag.py
[2025-03-27T16:35:41.365+0000] {logging_mixin.py:188} INFO - [2025-03-27T16:35:41.365+0000] {dag.py:3036} INFO - Sync 1 DAGs
[2025-03-27T16:35:41.378+0000] {logging_mixin.py:188} INFO - [2025-03-27T16:35:41.378+0000] {dag.py:3823} INFO - Setting next_dagrun for tutorial_dag to None, run_after=None
[2025-03-27T16:35:41.396+0000] {processor.py:183} INFO - Processing /home/airflow/.local/lib/python3.8/site-packages/airflow/example_dags/tutorial_dag.py took 0.059 seconds
[2025-03-27T16:36:12.176+0000] {processor.py:161} INFO - Started process (PID=4748) to work on /home/airflow/.local/lib/python3.8/site-packages/airflow/example_dags/tutorial_dag.py
[2025-03-27T16:36:12.178+0000] {processor.py:830} INFO - Processing file /home/airflow/.local/lib/python3.8/site-packages/airflow/example_dags/tutorial_dag.py for tasks to queue
[2025-03-27T16:36:12.179+0000] {logging_mixin.py:188} INFO - [2025-03-27T16:36:12.178+0000] {dagbag.py:538} INFO - Filling up the DagBag from /home/airflow/.local/lib/python3.8/site-packages/airflow/example_dags/tutorial_dag.py
[2025-03-27T16:36:12.183+0000] {processor.py:840} INFO - DAG(s) 'tutorial_dag' retrieved from /home/airflow/.local/lib/python3.8/site-packages/airflow/example_dags/tutorial_dag.py
[2025-03-27T16:36:12.203+0000] {logging_mixin.py:188} INFO - [2025-03-27T16:36:12.203+0000] {dag.py:3036} INFO - Sync 1 DAGs
[2025-03-27T16:36:12.214+0000] {logging_mixin.py:188} INFO - [2025-03-27T16:36:12.214+0000] {dag.py:3823} INFO - Setting next_dagrun for tutorial_dag to None, run_after=None
[2025-03-27T16:36:12.232+0000] {processor.py:183} INFO - Processing /home/airflow/.local/lib/python3.8/site-packages/airflow/example_dags/tutorial_dag.py took 0.058 seconds
[2025-03-27T16:36:42.652+0000] {processor.py:161} INFO - Started process (PID=4995) to work on /home/airflow/.local/lib/python3.8/site-packages/airflow/example_dags/tutorial_dag.py
[2025-03-27T16:36:42.653+0000] {processor.py:830} INFO - Processing file /home/airflow/.local/lib/python3.8/site-packages/airflow/example_dags/tutorial_dag.py for tasks to queue
[2025-03-27T16:36:42.654+0000] {logging_mixin.py:188} INFO - [2025-03-27T16:36:42.653+0000] {dagbag.py:538} INFO - Filling up the DagBag from /home/airflow/.local/lib/python3.8/site-packages/airflow/example_dags/tutorial_dag.py
[2025-03-27T16:36:42.658+0000] {processor.py:840} INFO - DAG(s) 'tutorial_dag' retrieved from /home/airflow/.local/lib/python3.8/site-packages/airflow/example_dags/tutorial_dag.py
[2025-03-27T16:36:42.677+0000] {logging_mixin.py:188} INFO - [2025-03-27T16:36:42.676+0000] {dag.py:3036} INFO - Sync 1 DAGs
[2025-03-27T16:36:42.688+0000] {logging_mixin.py:188} INFO - [2025-03-27T16:36:42.688+0000] {dag.py:3823} INFO - Setting next_dagrun for tutorial_dag to None, run_after=None
[2025-03-27T16:36:42.704+0000] {processor.py:183} INFO - Processing /home/airflow/.local/lib/python3.8/site-packages/airflow/example_dags/tutorial_dag.py took 0.055 seconds
[2025-03-27T16:37:13.345+0000] {processor.py:161} INFO - Started process (PID=5247) to work on /home/airflow/.local/lib/python3.8/site-packages/airflow/example_dags/tutorial_dag.py
[2025-03-27T16:37:13.346+0000] {processor.py:830} INFO - Processing file /home/airflow/.local/lib/python3.8/site-packages/airflow/example_dags/tutorial_dag.py for tasks to queue
[2025-03-27T16:37:13.347+0000] {logging_mixin.py:188} INFO - [2025-03-27T16:37:13.347+0000] {dagbag.py:538} INFO - Filling up the DagBag from /home/airflow/.local/lib/python3.8/site-packages/airflow/example_dags/tutorial_dag.py
[2025-03-27T16:37:13.351+0000] {processor.py:840} INFO - DAG(s) 'tutorial_dag' retrieved from /home/airflow/.local/lib/python3.8/site-packages/airflow/example_dags/tutorial_dag.py
[2025-03-27T16:37:13.370+0000] {logging_mixin.py:188} INFO - [2025-03-27T16:37:13.369+0000] {dag.py:3036} INFO - Sync 1 DAGs
[2025-03-27T16:37:13.381+0000] {logging_mixin.py:188} INFO - [2025-03-27T16:37:13.380+0000] {dag.py:3823} INFO - Setting next_dagrun for tutorial_dag to None, run_after=None
[2025-03-27T16:37:13.397+0000] {processor.py:183} INFO - Processing /home/airflow/.local/lib/python3.8/site-packages/airflow/example_dags/tutorial_dag.py took 0.055 seconds
[2025-03-27T16:37:43.477+0000] {processor.py:161} INFO - Started process (PID=5499) to work on /home/airflow/.local/lib/python3.8/site-packages/airflow/example_dags/tutorial_dag.py
[2025-03-27T16:37:43.478+0000] {processor.py:830} INFO - Processing file /home/airflow/.local/lib/python3.8/site-packages/airflow/example_dags/tutorial_dag.py for tasks to queue
[2025-03-27T16:37:43.479+0000] {logging_mixin.py:188} INFO - [2025-03-27T16:37:43.478+0000] {dagbag.py:538} INFO - Filling up the DagBag from /home/airflow/.local/lib/python3.8/site-packages/airflow/example_dags/tutorial_dag.py
[2025-03-27T16:37:43.483+0000] {processor.py:840} INFO - DAG(s) 'tutorial_dag' retrieved from /home/airflow/.local/lib/python3.8/site-packages/airflow/example_dags/tutorial_dag.py
[2025-03-27T16:37:43.501+0000] {logging_mixin.py:188} INFO - [2025-03-27T16:37:43.501+0000] {dag.py:3036} INFO - Sync 1 DAGs
[2025-03-27T16:37:43.513+0000] {logging_mixin.py:188} INFO - [2025-03-27T16:37:43.512+0000] {dag.py:3823} INFO - Setting next_dagrun for tutorial_dag to None, run_after=None
[2025-03-27T16:37:43.528+0000] {processor.py:183} INFO - Processing /home/airflow/.local/lib/python3.8/site-packages/airflow/example_dags/tutorial_dag.py took 0.053 seconds
[2025-03-27T16:38:13.660+0000] {processor.py:161} INFO - Started process (PID=5751) to work on /home/airflow/.local/lib/python3.8/site-packages/airflow/example_dags/tutorial_dag.py
[2025-03-27T16:38:13.661+0000] {processor.py:830} INFO - Processing file /home/airflow/.local/lib/python3.8/site-packages/airflow/example_dags/tutorial_dag.py for tasks to queue
[2025-03-27T16:38:13.662+0000] {logging_mixin.py:188} INFO - [2025-03-27T16:38:13.662+0000] {dagbag.py:538} INFO - Filling up the DagBag from /home/airflow/.local/lib/python3.8/site-packages/airflow/example_dags/tutorial_dag.py
[2025-03-27T16:38:13.667+0000] {processor.py:840} INFO - DAG(s) 'tutorial_dag' retrieved from /home/airflow/.local/lib/python3.8/site-packages/airflow/example_dags/tutorial_dag.py
[2025-03-27T16:38:13.685+0000] {logging_mixin.py:188} INFO - [2025-03-27T16:38:13.685+0000] {dag.py:3036} INFO - Sync 1 DAGs
[2025-03-27T16:38:13.696+0000] {logging_mixin.py:188} INFO - [2025-03-27T16:38:13.696+0000] {dag.py:3823} INFO - Setting next_dagrun for tutorial_dag to None, run_after=None
[2025-03-27T16:38:13.711+0000] {processor.py:183} INFO - Processing /home/airflow/.local/lib/python3.8/site-packages/airflow/example_dags/tutorial_dag.py took 0.054 seconds
[2025-03-27T16:38:44.169+0000] {processor.py:161} INFO - Started process (PID=6003) to work on /home/airflow/.local/lib/python3.8/site-packages/airflow/example_dags/tutorial_dag.py
[2025-03-27T16:38:44.170+0000] {processor.py:830} INFO - Processing file /home/airflow/.local/lib/python3.8/site-packages/airflow/example_dags/tutorial_dag.py for tasks to queue
[2025-03-27T16:38:44.171+0000] {logging_mixin.py:188} INFO - [2025-03-27T16:38:44.171+0000] {dagbag.py:538} INFO - Filling up the DagBag from /home/airflow/.local/lib/python3.8/site-packages/airflow/example_dags/tutorial_dag.py
[2025-03-27T16:38:44.178+0000] {processor.py:840} INFO - DAG(s) 'tutorial_dag' retrieved from /home/airflow/.local/lib/python3.8/site-packages/airflow/example_dags/tutorial_dag.py
[2025-03-27T16:38:44.207+0000] {logging_mixin.py:188} INFO - [2025-03-27T16:38:44.207+0000] {dag.py:3036} INFO - Sync 1 DAGs
[2025-03-27T16:38:44.222+0000] {logging_mixin.py:188} INFO - [2025-03-27T16:38:44.222+0000] {dag.py:3823} INFO - Setting next_dagrun for tutorial_dag to None, run_after=None
[2025-03-27T16:38:44.244+0000] {processor.py:183} INFO - Processing /home/airflow/.local/lib/python3.8/site-packages/airflow/example_dags/tutorial_dag.py took 0.079 seconds
[2025-03-27T16:39:15.149+0000] {processor.py:161} INFO - Started process (PID=6275) to work on /home/airflow/.local/lib/python3.8/site-packages/airflow/example_dags/tutorial_dag.py
[2025-03-27T16:39:15.150+0000] {processor.py:830} INFO - Processing file /home/airflow/.local/lib/python3.8/site-packages/airflow/example_dags/tutorial_dag.py for tasks to queue
[2025-03-27T16:39:15.151+0000] {logging_mixin.py:188} INFO - [2025-03-27T16:39:15.150+0000] {dagbag.py:538} INFO - Filling up the DagBag from /home/airflow/.local/lib/python3.8/site-packages/airflow/example_dags/tutorial_dag.py
[2025-03-27T16:39:15.155+0000] {processor.py:840} INFO - DAG(s) 'tutorial_dag' retrieved from /home/airflow/.local/lib/python3.8/site-packages/airflow/example_dags/tutorial_dag.py
[2025-03-27T16:39:15.173+0000] {logging_mixin.py:188} INFO - [2025-03-27T16:39:15.173+0000] {dag.py:3036} INFO - Sync 1 DAGs
[2025-03-27T16:39:15.184+0000] {logging_mixin.py:188} INFO - [2025-03-27T16:39:15.184+0000] {dag.py:3823} INFO - Setting next_dagrun for tutorial_dag to None, run_after=None
[2025-03-27T16:39:15.203+0000] {processor.py:183} INFO - Processing /home/airflow/.local/lib/python3.8/site-packages/airflow/example_dags/tutorial_dag.py took 0.056 seconds
[2025-03-27T16:39:45.454+0000] {processor.py:161} INFO - Started process (PID=6532) to work on /home/airflow/.local/lib/python3.8/site-packages/airflow/example_dags/tutorial_dag.py
[2025-03-27T16:39:45.455+0000] {processor.py:830} INFO - Processing file /home/airflow/.local/lib/python3.8/site-packages/airflow/example_dags/tutorial_dag.py for tasks to queue
[2025-03-27T16:39:45.456+0000] {logging_mixin.py:188} INFO - [2025-03-27T16:39:45.455+0000] {dagbag.py:538} INFO - Filling up the DagBag from /home/airflow/.local/lib/python3.8/site-packages/airflow/example_dags/tutorial_dag.py
[2025-03-27T16:39:45.460+0000] {processor.py:840} INFO - DAG(s) 'tutorial_dag' retrieved from /home/airflow/.local/lib/python3.8/site-packages/airflow/example_dags/tutorial_dag.py
[2025-03-27T16:39:45.479+0000] {logging_mixin.py:188} INFO - [2025-03-27T16:39:45.479+0000] {dag.py:3036} INFO - Sync 1 DAGs
[2025-03-27T16:39:45.492+0000] {logging_mixin.py:188} INFO - [2025-03-27T16:39:45.492+0000] {dag.py:3823} INFO - Setting next_dagrun for tutorial_dag to None, run_after=None
[2025-03-27T16:39:45.513+0000] {processor.py:183} INFO - Processing /home/airflow/.local/lib/python3.8/site-packages/airflow/example_dags/tutorial_dag.py took 0.062 seconds
[2025-03-27T16:40:15.802+0000] {processor.py:161} INFO - Started process (PID=6784) to work on /home/airflow/.local/lib/python3.8/site-packages/airflow/example_dags/tutorial_dag.py
[2025-03-27T16:40:15.803+0000] {processor.py:830} INFO - Processing file /home/airflow/.local/lib/python3.8/site-packages/airflow/example_dags/tutorial_dag.py for tasks to queue
[2025-03-27T16:40:15.804+0000] {logging_mixin.py:188} INFO - [2025-03-27T16:40:15.803+0000] {dagbag.py:538} INFO - Filling up the DagBag from /home/airflow/.local/lib/python3.8/site-packages/airflow/example_dags/tutorial_dag.py
[2025-03-27T16:40:15.809+0000] {processor.py:840} INFO - DAG(s) 'tutorial_dag' retrieved from /home/airflow/.local/lib/python3.8/site-packages/airflow/example_dags/tutorial_dag.py
[2025-03-27T16:40:15.830+0000] {logging_mixin.py:188} INFO - [2025-03-27T16:40:15.830+0000] {dag.py:3036} INFO - Sync 1 DAGs
[2025-03-27T16:40:15.844+0000] {logging_mixin.py:188} INFO - [2025-03-27T16:40:15.843+0000] {dag.py:3823} INFO - Setting next_dagrun for tutorial_dag to None, run_after=None
[2025-03-27T16:40:15.863+0000] {processor.py:183} INFO - Processing /home/airflow/.local/lib/python3.8/site-packages/airflow/example_dags/tutorial_dag.py took 0.065 seconds
[2025-03-27T16:40:46.932+0000] {processor.py:161} INFO - Started process (PID=7036) to work on /home/airflow/.local/lib/python3.8/site-packages/airflow/example_dags/tutorial_dag.py
[2025-03-27T16:40:46.933+0000] {processor.py:830} INFO - Processing file /home/airflow/.local/lib/python3.8/site-packages/airflow/example_dags/tutorial_dag.py for tasks to queue
[2025-03-27T16:40:46.934+0000] {logging_mixin.py:188} INFO - [2025-03-27T16:40:46.933+0000] {dagbag.py:538} INFO - Filling up the DagBag from /home/airflow/.local/lib/python3.8/site-packages/airflow/example_dags/tutorial_dag.py
[2025-03-27T16:40:46.938+0000] {processor.py:840} INFO - DAG(s) 'tutorial_dag' retrieved from /home/airflow/.local/lib/python3.8/site-packages/airflow/example_dags/tutorial_dag.py
[2025-03-27T16:40:46.956+0000] {logging_mixin.py:188} INFO - [2025-03-27T16:40:46.956+0000] {dag.py:3036} INFO - Sync 1 DAGs
[2025-03-27T16:40:46.968+0000] {logging_mixin.py:188} INFO - [2025-03-27T16:40:46.967+0000] {dag.py:3823} INFO - Setting next_dagrun for tutorial_dag to None, run_after=None
[2025-03-27T16:40:46.984+0000] {processor.py:183} INFO - Processing /home/airflow/.local/lib/python3.8/site-packages/airflow/example_dags/tutorial_dag.py took 0.055 seconds
[2025-03-27T16:41:17.065+0000] {processor.py:161} INFO - Started process (PID=7298) to work on /home/airflow/.local/lib/python3.8/site-packages/airflow/example_dags/tutorial_dag.py
[2025-03-27T16:41:17.066+0000] {processor.py:830} INFO - Processing file /home/airflow/.local/lib/python3.8/site-packages/airflow/example_dags/tutorial_dag.py for tasks to queue
[2025-03-27T16:41:17.067+0000] {logging_mixin.py:188} INFO - [2025-03-27T16:41:17.067+0000] {dagbag.py:538} INFO - Filling up the DagBag from /home/airflow/.local/lib/python3.8/site-packages/airflow/example_dags/tutorial_dag.py
[2025-03-27T16:41:17.071+0000] {processor.py:840} INFO - DAG(s) 'tutorial_dag' retrieved from /home/airflow/.local/lib/python3.8/site-packages/airflow/example_dags/tutorial_dag.py
[2025-03-27T16:41:17.090+0000] {logging_mixin.py:188} INFO - [2025-03-27T16:41:17.089+0000] {dag.py:3036} INFO - Sync 1 DAGs
[2025-03-27T16:41:17.102+0000] {logging_mixin.py:188} INFO - [2025-03-27T16:41:17.101+0000] {dag.py:3823} INFO - Setting next_dagrun for tutorial_dag to None, run_after=None
[2025-03-27T16:41:17.119+0000] {processor.py:183} INFO - Processing /home/airflow/.local/lib/python3.8/site-packages/airflow/example_dags/tutorial_dag.py took 0.057 seconds
[2025-03-27T16:41:47.228+0000] {processor.py:161} INFO - Started process (PID=7550) to work on /home/airflow/.local/lib/python3.8/site-packages/airflow/example_dags/tutorial_dag.py
[2025-03-27T16:41:47.229+0000] {processor.py:830} INFO - Processing file /home/airflow/.local/lib/python3.8/site-packages/airflow/example_dags/tutorial_dag.py for tasks to queue
[2025-03-27T16:41:47.230+0000] {logging_mixin.py:188} INFO - [2025-03-27T16:41:47.229+0000] {dagbag.py:538} INFO - Filling up the DagBag from /home/airflow/.local/lib/python3.8/site-packages/airflow/example_dags/tutorial_dag.py
[2025-03-27T16:41:47.235+0000] {processor.py:840} INFO - DAG(s) 'tutorial_dag' retrieved from /home/airflow/.local/lib/python3.8/site-packages/airflow/example_dags/tutorial_dag.py
[2025-03-27T16:41:47.256+0000] {logging_mixin.py:188} INFO - [2025-03-27T16:41:47.255+0000] {dag.py:3036} INFO - Sync 1 DAGs
[2025-03-27T16:41:47.268+0000] {logging_mixin.py:188} INFO - [2025-03-27T16:41:47.268+0000] {dag.py:3823} INFO - Setting next_dagrun for tutorial_dag to None, run_after=None
[2025-03-27T16:41:47.287+0000] {processor.py:183} INFO - Processing /home/airflow/.local/lib/python3.8/site-packages/airflow/example_dags/tutorial_dag.py took 0.062 seconds
[2025-03-27T16:42:17.437+0000] {processor.py:161} INFO - Started process (PID=7799) to work on /home/airflow/.local/lib/python3.8/site-packages/airflow/example_dags/tutorial_dag.py
[2025-03-27T16:42:17.438+0000] {processor.py:830} INFO - Processing file /home/airflow/.local/lib/python3.8/site-packages/airflow/example_dags/tutorial_dag.py for tasks to queue
[2025-03-27T16:42:17.438+0000] {logging_mixin.py:188} INFO - [2025-03-27T16:42:17.438+0000] {dagbag.py:538} INFO - Filling up the DagBag from /home/airflow/.local/lib/python3.8/site-packages/airflow/example_dags/tutorial_dag.py
[2025-03-27T16:42:17.443+0000] {processor.py:840} INFO - DAG(s) 'tutorial_dag' retrieved from /home/airflow/.local/lib/python3.8/site-packages/airflow/example_dags/tutorial_dag.py
[2025-03-27T16:42:17.461+0000] {logging_mixin.py:188} INFO - [2025-03-27T16:42:17.461+0000] {dag.py:3036} INFO - Sync 1 DAGs
[2025-03-27T16:42:17.472+0000] {logging_mixin.py:188} INFO - [2025-03-27T16:42:17.472+0000] {dag.py:3823} INFO - Setting next_dagrun for tutorial_dag to None, run_after=None
[2025-03-27T16:42:17.489+0000] {processor.py:183} INFO - Processing /home/airflow/.local/lib/python3.8/site-packages/airflow/example_dags/tutorial_dag.py took 0.055 seconds
[2025-03-27T16:42:47.798+0000] {processor.py:161} INFO - Started process (PID=8051) to work on /home/airflow/.local/lib/python3.8/site-packages/airflow/example_dags/tutorial_dag.py
[2025-03-27T16:42:47.799+0000] {processor.py:830} INFO - Processing file /home/airflow/.local/lib/python3.8/site-packages/airflow/example_dags/tutorial_dag.py for tasks to queue
[2025-03-27T16:42:47.800+0000] {logging_mixin.py:188} INFO - [2025-03-27T16:42:47.800+0000] {dagbag.py:538} INFO - Filling up the DagBag from /home/airflow/.local/lib/python3.8/site-packages/airflow/example_dags/tutorial_dag.py
[2025-03-27T16:42:47.804+0000] {processor.py:840} INFO - DAG(s) 'tutorial_dag' retrieved from /home/airflow/.local/lib/python3.8/site-packages/airflow/example_dags/tutorial_dag.py
[2025-03-27T16:42:47.822+0000] {logging_mixin.py:188} INFO - [2025-03-27T16:42:47.822+0000] {dag.py:3036} INFO - Sync 1 DAGs
[2025-03-27T16:42:47.833+0000] {logging_mixin.py:188} INFO - [2025-03-27T16:42:47.833+0000] {dag.py:3823} INFO - Setting next_dagrun for tutorial_dag to None, run_after=None
[2025-03-27T16:42:47.848+0000] {processor.py:183} INFO - Processing /home/airflow/.local/lib/python3.8/site-packages/airflow/example_dags/tutorial_dag.py took 0.052 seconds
[2025-03-27T16:43:18.102+0000] {processor.py:161} INFO - Started process (PID=8313) to work on /home/airflow/.local/lib/python3.8/site-packages/airflow/example_dags/tutorial_dag.py
[2025-03-27T16:43:18.103+0000] {processor.py:830} INFO - Processing file /home/airflow/.local/lib/python3.8/site-packages/airflow/example_dags/tutorial_dag.py for tasks to queue
[2025-03-27T16:43:18.104+0000] {logging_mixin.py:188} INFO - [2025-03-27T16:43:18.104+0000] {dagbag.py:538} INFO - Filling up the DagBag from /home/airflow/.local/lib/python3.8/site-packages/airflow/example_dags/tutorial_dag.py
[2025-03-27T16:43:18.109+0000] {processor.py:840} INFO - DAG(s) 'tutorial_dag' retrieved from /home/airflow/.local/lib/python3.8/site-packages/airflow/example_dags/tutorial_dag.py
[2025-03-27T16:43:18.130+0000] {logging_mixin.py:188} INFO - [2025-03-27T16:43:18.130+0000] {dag.py:3036} INFO - Sync 1 DAGs
[2025-03-27T16:43:18.142+0000] {logging_mixin.py:188} INFO - [2025-03-27T16:43:18.142+0000] {dag.py:3823} INFO - Setting next_dagrun for tutorial_dag to None, run_after=None
[2025-03-27T16:43:18.162+0000] {processor.py:183} INFO - Processing /home/airflow/.local/lib/python3.8/site-packages/airflow/example_dags/tutorial_dag.py took 0.062 seconds
[2025-03-27T16:43:48.253+0000] {processor.py:161} INFO - Started process (PID=8629) to work on /home/airflow/.local/lib/python3.8/site-packages/airflow/example_dags/tutorial_dag.py
[2025-03-27T16:43:48.254+0000] {processor.py:830} INFO - Processing file /home/airflow/.local/lib/python3.8/site-packages/airflow/example_dags/tutorial_dag.py for tasks to queue
[2025-03-27T16:43:48.255+0000] {logging_mixin.py:188} INFO - [2025-03-27T16:43:48.255+0000] {dagbag.py:538} INFO - Filling up the DagBag from /home/airflow/.local/lib/python3.8/site-packages/airflow/example_dags/tutorial_dag.py
[2025-03-27T16:43:48.259+0000] {processor.py:840} INFO - DAG(s) 'tutorial_dag' retrieved from /home/airflow/.local/lib/python3.8/site-packages/airflow/example_dags/tutorial_dag.py
[2025-03-27T16:43:48.285+0000] {logging_mixin.py:188} INFO - [2025-03-27T16:43:48.285+0000] {dag.py:3036} INFO - Sync 1 DAGs
[2025-03-27T16:43:48.299+0000] {logging_mixin.py:188} INFO - [2025-03-27T16:43:48.298+0000] {dag.py:3823} INFO - Setting next_dagrun for tutorial_dag to None, run_after=None
[2025-03-27T16:43:48.317+0000] {processor.py:183} INFO - Processing /home/airflow/.local/lib/python3.8/site-packages/airflow/example_dags/tutorial_dag.py took 0.068 seconds
[2025-03-27T16:44:18.656+0000] {processor.py:161} INFO - Started process (PID=8901) to work on /home/airflow/.local/lib/python3.8/site-packages/airflow/example_dags/tutorial_dag.py
[2025-03-27T16:44:18.657+0000] {processor.py:830} INFO - Processing file /home/airflow/.local/lib/python3.8/site-packages/airflow/example_dags/tutorial_dag.py for tasks to queue
[2025-03-27T16:44:18.659+0000] {logging_mixin.py:188} INFO - [2025-03-27T16:44:18.658+0000] {dagbag.py:538} INFO - Filling up the DagBag from /home/airflow/.local/lib/python3.8/site-packages/airflow/example_dags/tutorial_dag.py
[2025-03-27T16:44:18.671+0000] {processor.py:840} INFO - DAG(s) 'tutorial_dag' retrieved from /home/airflow/.local/lib/python3.8/site-packages/airflow/example_dags/tutorial_dag.py
[2025-03-27T16:44:18.705+0000] {logging_mixin.py:188} INFO - [2025-03-27T16:44:18.704+0000] {dag.py:3036} INFO - Sync 1 DAGs
[2025-03-27T16:44:18.722+0000] {logging_mixin.py:188} INFO - [2025-03-27T16:44:18.722+0000] {dag.py:3823} INFO - Setting next_dagrun for tutorial_dag to None, run_after=None
[2025-03-27T16:44:18.749+0000] {processor.py:183} INFO - Processing /home/airflow/.local/lib/python3.8/site-packages/airflow/example_dags/tutorial_dag.py took 0.098 seconds
[2025-03-27T16:44:48.822+0000] {processor.py:161} INFO - Started process (PID=9153) to work on /home/airflow/.local/lib/python3.8/site-packages/airflow/example_dags/tutorial_dag.py
[2025-03-27T16:44:48.823+0000] {processor.py:830} INFO - Processing file /home/airflow/.local/lib/python3.8/site-packages/airflow/example_dags/tutorial_dag.py for tasks to queue
[2025-03-27T16:44:48.824+0000] {logging_mixin.py:188} INFO - [2025-03-27T16:44:48.824+0000] {dagbag.py:538} INFO - Filling up the DagBag from /home/airflow/.local/lib/python3.8/site-packages/airflow/example_dags/tutorial_dag.py
[2025-03-27T16:44:48.829+0000] {processor.py:840} INFO - DAG(s) 'tutorial_dag' retrieved from /home/airflow/.local/lib/python3.8/site-packages/airflow/example_dags/tutorial_dag.py
[2025-03-27T16:44:48.849+0000] {logging_mixin.py:188} INFO - [2025-03-27T16:44:48.849+0000] {dag.py:3036} INFO - Sync 1 DAGs
[2025-03-27T16:44:48.861+0000] {logging_mixin.py:188} INFO - [2025-03-27T16:44:48.861+0000] {dag.py:3823} INFO - Setting next_dagrun for tutorial_dag to None, run_after=None
[2025-03-27T16:44:48.880+0000] {processor.py:183} INFO - Processing /home/airflow/.local/lib/python3.8/site-packages/airflow/example_dags/tutorial_dag.py took 0.062 seconds
[2025-03-27T16:45:18.925+0000] {processor.py:161} INFO - Started process (PID=9405) to work on /home/airflow/.local/lib/python3.8/site-packages/airflow/example_dags/tutorial_dag.py
[2025-03-27T16:45:18.926+0000] {processor.py:830} INFO - Processing file /home/airflow/.local/lib/python3.8/site-packages/airflow/example_dags/tutorial_dag.py for tasks to queue
[2025-03-27T16:45:18.927+0000] {logging_mixin.py:188} INFO - [2025-03-27T16:45:18.926+0000] {dagbag.py:538} INFO - Filling up the DagBag from /home/airflow/.local/lib/python3.8/site-packages/airflow/example_dags/tutorial_dag.py
[2025-03-27T16:45:18.932+0000] {processor.py:840} INFO - DAG(s) 'tutorial_dag' retrieved from /home/airflow/.local/lib/python3.8/site-packages/airflow/example_dags/tutorial_dag.py
[2025-03-27T16:45:18.952+0000] {logging_mixin.py:188} INFO - [2025-03-27T16:45:18.951+0000] {dag.py:3036} INFO - Sync 1 DAGs
[2025-03-27T16:45:18.964+0000] {logging_mixin.py:188} INFO - [2025-03-27T16:45:18.963+0000] {dag.py:3823} INFO - Setting next_dagrun for tutorial_dag to None, run_after=None
[2025-03-27T16:45:18.988+0000] {processor.py:183} INFO - Processing /home/airflow/.local/lib/python3.8/site-packages/airflow/example_dags/tutorial_dag.py took 0.066 seconds
[2025-03-27T16:45:50.637+0000] {processor.py:161} INFO - Started process (PID=9986) to work on /home/airflow/.local/lib/python3.8/site-packages/airflow/example_dags/tutorial_dag.py
[2025-03-27T16:45:50.654+0000] {processor.py:830} INFO - Processing file /home/airflow/.local/lib/python3.8/site-packages/airflow/example_dags/tutorial_dag.py for tasks to queue
[2025-03-27T16:45:50.673+0000] {logging_mixin.py:188} INFO - [2025-03-27T16:45:50.672+0000] {dagbag.py:538} INFO - Filling up the DagBag from /home/airflow/.local/lib/python3.8/site-packages/airflow/example_dags/tutorial_dag.py
[2025-03-27T16:45:50.701+0000] {processor.py:840} INFO - DAG(s) 'tutorial_dag' retrieved from /home/airflow/.local/lib/python3.8/site-packages/airflow/example_dags/tutorial_dag.py
[2025-03-27T16:45:50.847+0000] {logging_mixin.py:188} INFO - [2025-03-27T16:45:50.846+0000] {dag.py:3036} INFO - Sync 1 DAGs
[2025-03-27T16:45:50.899+0000] {logging_mixin.py:188} INFO - [2025-03-27T16:45:50.899+0000] {dag.py:3823} INFO - Setting next_dagrun for tutorial_dag to None, run_after=None
[2025-03-27T16:45:51.000+0000] {processor.py:183} INFO - Processing /home/airflow/.local/lib/python3.8/site-packages/airflow/example_dags/tutorial_dag.py took 0.384 seconds
[2025-03-27T16:46:21.241+0000] {processor.py:161} INFO - Started process (PID=10645) to work on /home/airflow/.local/lib/python3.8/site-packages/airflow/example_dags/tutorial_dag.py
[2025-03-27T16:46:21.242+0000] {processor.py:830} INFO - Processing file /home/airflow/.local/lib/python3.8/site-packages/airflow/example_dags/tutorial_dag.py for tasks to queue
[2025-03-27T16:46:21.245+0000] {logging_mixin.py:188} INFO - [2025-03-27T16:46:21.244+0000] {dagbag.py:538} INFO - Filling up the DagBag from /home/airflow/.local/lib/python3.8/site-packages/airflow/example_dags/tutorial_dag.py
[2025-03-27T16:46:21.258+0000] {processor.py:840} INFO - DAG(s) 'tutorial_dag' retrieved from /home/airflow/.local/lib/python3.8/site-packages/airflow/example_dags/tutorial_dag.py
[2025-03-27T16:46:21.313+0000] {logging_mixin.py:188} INFO - [2025-03-27T16:46:21.313+0000] {dag.py:3036} INFO - Sync 1 DAGs
[2025-03-27T16:46:21.344+0000] {logging_mixin.py:188} INFO - [2025-03-27T16:46:21.343+0000] {dag.py:3823} INFO - Setting next_dagrun for tutorial_dag to None, run_after=None
[2025-03-27T16:46:21.387+0000] {processor.py:183} INFO - Processing /home/airflow/.local/lib/python3.8/site-packages/airflow/example_dags/tutorial_dag.py took 0.153 seconds
[2025-03-27T16:46:51.469+0000] {processor.py:161} INFO - Started process (PID=11333) to work on /home/airflow/.local/lib/python3.8/site-packages/airflow/example_dags/tutorial_dag.py
[2025-03-27T16:46:51.470+0000] {processor.py:830} INFO - Processing file /home/airflow/.local/lib/python3.8/site-packages/airflow/example_dags/tutorial_dag.py for tasks to queue
[2025-03-27T16:46:51.471+0000] {logging_mixin.py:188} INFO - [2025-03-27T16:46:51.471+0000] {dagbag.py:538} INFO - Filling up the DagBag from /home/airflow/.local/lib/python3.8/site-packages/airflow/example_dags/tutorial_dag.py
[2025-03-27T16:46:51.476+0000] {processor.py:840} INFO - DAG(s) 'tutorial_dag' retrieved from /home/airflow/.local/lib/python3.8/site-packages/airflow/example_dags/tutorial_dag.py
[2025-03-27T16:46:51.498+0000] {logging_mixin.py:188} INFO - [2025-03-27T16:46:51.497+0000] {dag.py:3036} INFO - Sync 1 DAGs
[2025-03-27T16:46:51.510+0000] {logging_mixin.py:188} INFO - [2025-03-27T16:46:51.510+0000] {dag.py:3823} INFO - Setting next_dagrun for tutorial_dag to None, run_after=None
[2025-03-27T16:46:51.532+0000] {processor.py:183} INFO - Processing /home/airflow/.local/lib/python3.8/site-packages/airflow/example_dags/tutorial_dag.py took 0.066 seconds
[2025-03-27T16:47:21.781+0000] {processor.py:161} INFO - Started process (PID=11986) to work on /home/airflow/.local/lib/python3.8/site-packages/airflow/example_dags/tutorial_dag.py
[2025-03-27T16:47:21.782+0000] {processor.py:830} INFO - Processing file /home/airflow/.local/lib/python3.8/site-packages/airflow/example_dags/tutorial_dag.py for tasks to queue
[2025-03-27T16:47:21.784+0000] {logging_mixin.py:188} INFO - [2025-03-27T16:47:21.783+0000] {dagbag.py:538} INFO - Filling up the DagBag from /home/airflow/.local/lib/python3.8/site-packages/airflow/example_dags/tutorial_dag.py
[2025-03-27T16:47:21.792+0000] {processor.py:840} INFO - DAG(s) 'tutorial_dag' retrieved from /home/airflow/.local/lib/python3.8/site-packages/airflow/example_dags/tutorial_dag.py
[2025-03-27T16:47:21.821+0000] {logging_mixin.py:188} INFO - [2025-03-27T16:47:21.821+0000] {dag.py:3036} INFO - Sync 1 DAGs
[2025-03-27T16:47:21.840+0000] {logging_mixin.py:188} INFO - [2025-03-27T16:47:21.840+0000] {dag.py:3823} INFO - Setting next_dagrun for tutorial_dag to None, run_after=None
[2025-03-27T16:47:21.871+0000] {processor.py:183} INFO - Processing /home/airflow/.local/lib/python3.8/site-packages/airflow/example_dags/tutorial_dag.py took 0.095 seconds
[2025-03-27T16:47:53.429+0000] {processor.py:161} INFO - Started process (PID=12697) to work on /home/airflow/.local/lib/python3.8/site-packages/airflow/example_dags/tutorial_dag.py
[2025-03-27T16:47:53.432+0000] {processor.py:830} INFO - Processing file /home/airflow/.local/lib/python3.8/site-packages/airflow/example_dags/tutorial_dag.py for tasks to queue
[2025-03-27T16:47:53.435+0000] {logging_mixin.py:188} INFO - [2025-03-27T16:47:53.434+0000] {dagbag.py:538} INFO - Filling up the DagBag from /home/airflow/.local/lib/python3.8/site-packages/airflow/example_dags/tutorial_dag.py
[2025-03-27T16:47:53.445+0000] {processor.py:840} INFO - DAG(s) 'tutorial_dag' retrieved from /home/airflow/.local/lib/python3.8/site-packages/airflow/example_dags/tutorial_dag.py
[2025-03-27T16:47:53.496+0000] {logging_mixin.py:188} INFO - [2025-03-27T16:47:53.496+0000] {dag.py:3036} INFO - Sync 1 DAGs
[2025-03-27T16:47:53.556+0000] {logging_mixin.py:188} INFO - [2025-03-27T16:47:53.555+0000] {dag.py:3823} INFO - Setting next_dagrun for tutorial_dag to None, run_after=None
[2025-03-27T16:47:53.604+0000] {processor.py:183} INFO - Processing /home/airflow/.local/lib/python3.8/site-packages/airflow/example_dags/tutorial_dag.py took 0.181 seconds
[2025-03-27T16:48:23.801+0000] {processor.py:161} INFO - Started process (PID=13410) to work on /home/airflow/.local/lib/python3.8/site-packages/airflow/example_dags/tutorial_dag.py
[2025-03-27T16:48:23.803+0000] {processor.py:830} INFO - Processing file /home/airflow/.local/lib/python3.8/site-packages/airflow/example_dags/tutorial_dag.py for tasks to queue
[2025-03-27T16:48:23.804+0000] {logging_mixin.py:188} INFO - [2025-03-27T16:48:23.804+0000] {dagbag.py:538} INFO - Filling up the DagBag from /home/airflow/.local/lib/python3.8/site-packages/airflow/example_dags/tutorial_dag.py
[2025-03-27T16:48:23.813+0000] {processor.py:840} INFO - DAG(s) 'tutorial_dag' retrieved from /home/airflow/.local/lib/python3.8/site-packages/airflow/example_dags/tutorial_dag.py
[2025-03-27T16:48:23.845+0000] {logging_mixin.py:188} INFO - [2025-03-27T16:48:23.845+0000] {dag.py:3036} INFO - Sync 1 DAGs
[2025-03-27T16:48:23.864+0000] {logging_mixin.py:188} INFO - [2025-03-27T16:48:23.863+0000] {dag.py:3823} INFO - Setting next_dagrun for tutorial_dag to None, run_after=None
[2025-03-27T16:48:23.886+0000] {processor.py:183} INFO - Processing /home/airflow/.local/lib/python3.8/site-packages/airflow/example_dags/tutorial_dag.py took 0.090 seconds
[2025-03-27T16:48:54.552+0000] {processor.py:161} INFO - Started process (PID=14070) to work on /home/airflow/.local/lib/python3.8/site-packages/airflow/example_dags/tutorial_dag.py
[2025-03-27T16:48:54.553+0000] {processor.py:830} INFO - Processing file /home/airflow/.local/lib/python3.8/site-packages/airflow/example_dags/tutorial_dag.py for tasks to queue
[2025-03-27T16:48:54.555+0000] {logging_mixin.py:188} INFO - [2025-03-27T16:48:54.554+0000] {dagbag.py:538} INFO - Filling up the DagBag from /home/airflow/.local/lib/python3.8/site-packages/airflow/example_dags/tutorial_dag.py
[2025-03-27T16:48:54.561+0000] {processor.py:840} INFO - DAG(s) 'tutorial_dag' retrieved from /home/airflow/.local/lib/python3.8/site-packages/airflow/example_dags/tutorial_dag.py
[2025-03-27T16:48:54.583+0000] {logging_mixin.py:188} INFO - [2025-03-27T16:48:54.582+0000] {dag.py:3036} INFO - Sync 1 DAGs
[2025-03-27T16:48:54.595+0000] {logging_mixin.py:188} INFO - [2025-03-27T16:48:54.595+0000] {dag.py:3823} INFO - Setting next_dagrun for tutorial_dag to None, run_after=None
[2025-03-27T16:48:54.613+0000] {processor.py:183} INFO - Processing /home/airflow/.local/lib/python3.8/site-packages/airflow/example_dags/tutorial_dag.py took 0.065 seconds
[2025-03-27T16:49:24.913+0000] {processor.py:161} INFO - Started process (PID=14749) to work on /home/airflow/.local/lib/python3.8/site-packages/airflow/example_dags/tutorial_dag.py
[2025-03-27T16:49:24.915+0000] {processor.py:830} INFO - Processing file /home/airflow/.local/lib/python3.8/site-packages/airflow/example_dags/tutorial_dag.py for tasks to queue
[2025-03-27T16:49:24.917+0000] {logging_mixin.py:188} INFO - [2025-03-27T16:49:24.917+0000] {dagbag.py:538} INFO - Filling up the DagBag from /home/airflow/.local/lib/python3.8/site-packages/airflow/example_dags/tutorial_dag.py
[2025-03-27T16:49:24.934+0000] {processor.py:840} INFO - DAG(s) 'tutorial_dag' retrieved from /home/airflow/.local/lib/python3.8/site-packages/airflow/example_dags/tutorial_dag.py
[2025-03-27T16:49:24.983+0000] {logging_mixin.py:188} INFO - [2025-03-27T16:49:24.983+0000] {dag.py:3036} INFO - Sync 1 DAGs
[2025-03-27T16:49:25.009+0000] {logging_mixin.py:188} INFO - [2025-03-27T16:49:25.008+0000] {dag.py:3823} INFO - Setting next_dagrun for tutorial_dag to None, run_after=None
[2025-03-27T16:49:25.065+0000] {processor.py:183} INFO - Processing /home/airflow/.local/lib/python3.8/site-packages/airflow/example_dags/tutorial_dag.py took 0.159 seconds
[2025-03-27T16:49:57.021+0000] {processor.py:161} INFO - Started process (PID=15499) to work on /home/airflow/.local/lib/python3.8/site-packages/airflow/example_dags/tutorial_dag.py
[2025-03-27T16:49:57.023+0000] {processor.py:830} INFO - Processing file /home/airflow/.local/lib/python3.8/site-packages/airflow/example_dags/tutorial_dag.py for tasks to queue
[2025-03-27T16:49:57.025+0000] {logging_mixin.py:188} INFO - [2025-03-27T16:49:57.025+0000] {dagbag.py:538} INFO - Filling up the DagBag from /home/airflow/.local/lib/python3.8/site-packages/airflow/example_dags/tutorial_dag.py
[2025-03-27T16:49:57.034+0000] {processor.py:840} INFO - DAG(s) 'tutorial_dag' retrieved from /home/airflow/.local/lib/python3.8/site-packages/airflow/example_dags/tutorial_dag.py
[2025-03-27T16:49:57.070+0000] {logging_mixin.py:188} INFO - [2025-03-27T16:49:57.069+0000] {dag.py:3036} INFO - Sync 1 DAGs
[2025-03-27T16:49:57.095+0000] {logging_mixin.py:188} INFO - [2025-03-27T16:49:57.094+0000] {dag.py:3823} INFO - Setting next_dagrun for tutorial_dag to None, run_after=None
[2025-03-27T16:49:57.147+0000] {processor.py:183} INFO - Processing /home/airflow/.local/lib/python3.8/site-packages/airflow/example_dags/tutorial_dag.py took 0.132 seconds
[2025-03-27T16:50:27.571+0000] {processor.py:161} INFO - Started process (PID=16172) to work on /home/airflow/.local/lib/python3.8/site-packages/airflow/example_dags/tutorial_dag.py
[2025-03-27T16:50:27.572+0000] {processor.py:830} INFO - Processing file /home/airflow/.local/lib/python3.8/site-packages/airflow/example_dags/tutorial_dag.py for tasks to queue
[2025-03-27T16:50:27.573+0000] {logging_mixin.py:188} INFO - [2025-03-27T16:50:27.573+0000] {dagbag.py:538} INFO - Filling up the DagBag from /home/airflow/.local/lib/python3.8/site-packages/airflow/example_dags/tutorial_dag.py
[2025-03-27T16:50:27.579+0000] {processor.py:840} INFO - DAG(s) 'tutorial_dag' retrieved from /home/airflow/.local/lib/python3.8/site-packages/airflow/example_dags/tutorial_dag.py
[2025-03-27T16:50:27.606+0000] {logging_mixin.py:188} INFO - [2025-03-27T16:50:27.606+0000] {dag.py:3036} INFO - Sync 1 DAGs
[2025-03-27T16:50:27.622+0000] {logging_mixin.py:188} INFO - [2025-03-27T16:50:27.621+0000] {dag.py:3823} INFO - Setting next_dagrun for tutorial_dag to None, run_after=None
[2025-03-27T16:50:27.650+0000] {processor.py:183} INFO - Processing /home/airflow/.local/lib/python3.8/site-packages/airflow/example_dags/tutorial_dag.py took 0.083 seconds
[2025-03-27T16:50:58.077+0000] {processor.py:161} INFO - Started process (PID=16830) to work on /home/airflow/.local/lib/python3.8/site-packages/airflow/example_dags/tutorial_dag.py
[2025-03-27T16:50:58.080+0000] {processor.py:830} INFO - Processing file /home/airflow/.local/lib/python3.8/site-packages/airflow/example_dags/tutorial_dag.py for tasks to queue
[2025-03-27T16:50:58.082+0000] {logging_mixin.py:188} INFO - [2025-03-27T16:50:58.082+0000] {dagbag.py:538} INFO - Filling up the DagBag from /home/airflow/.local/lib/python3.8/site-packages/airflow/example_dags/tutorial_dag.py
[2025-03-27T16:50:58.096+0000] {processor.py:840} INFO - DAG(s) 'tutorial_dag' retrieved from /home/airflow/.local/lib/python3.8/site-packages/airflow/example_dags/tutorial_dag.py
[2025-03-27T16:50:58.144+0000] {logging_mixin.py:188} INFO - [2025-03-27T16:50:58.144+0000] {dag.py:3036} INFO - Sync 1 DAGs
[2025-03-27T16:50:58.174+0000] {logging_mixin.py:188} INFO - [2025-03-27T16:50:58.173+0000] {dag.py:3823} INFO - Setting next_dagrun for tutorial_dag to None, run_after=None
[2025-03-27T16:50:58.218+0000] {processor.py:183} INFO - Processing /home/airflow/.local/lib/python3.8/site-packages/airflow/example_dags/tutorial_dag.py took 0.154 seconds
[2025-03-27T16:51:28.687+0000] {processor.py:161} INFO - Started process (PID=17519) to work on /home/airflow/.local/lib/python3.8/site-packages/airflow/example_dags/tutorial_dag.py
[2025-03-27T16:51:28.701+0000] {processor.py:830} INFO - Processing file /home/airflow/.local/lib/python3.8/site-packages/airflow/example_dags/tutorial_dag.py for tasks to queue
[2025-03-27T16:51:28.703+0000] {logging_mixin.py:188} INFO - [2025-03-27T16:51:28.702+0000] {dagbag.py:538} INFO - Filling up the DagBag from /home/airflow/.local/lib/python3.8/site-packages/airflow/example_dags/tutorial_dag.py
[2025-03-27T16:51:28.714+0000] {processor.py:840} INFO - DAG(s) 'tutorial_dag' retrieved from /home/airflow/.local/lib/python3.8/site-packages/airflow/example_dags/tutorial_dag.py
[2025-03-27T16:51:28.754+0000] {logging_mixin.py:188} INFO - [2025-03-27T16:51:28.754+0000] {dag.py:3036} INFO - Sync 1 DAGs
[2025-03-27T16:51:28.779+0000] {logging_mixin.py:188} INFO - [2025-03-27T16:51:28.778+0000] {dag.py:3823} INFO - Setting next_dagrun for tutorial_dag to None, run_after=None
[2025-03-27T16:51:28.822+0000] {processor.py:183} INFO - Processing /home/airflow/.local/lib/python3.8/site-packages/airflow/example_dags/tutorial_dag.py took 0.142 seconds
[2025-03-27T16:51:58.998+0000] {processor.py:161} INFO - Started process (PID=17833) to work on /home/airflow/.local/lib/python3.8/site-packages/airflow/example_dags/tutorial_dag.py
[2025-03-27T16:51:58.999+0000] {processor.py:830} INFO - Processing file /home/airflow/.local/lib/python3.8/site-packages/airflow/example_dags/tutorial_dag.py for tasks to queue
[2025-03-27T16:51:59.000+0000] {logging_mixin.py:188} INFO - [2025-03-27T16:51:59.000+0000] {dagbag.py:538} INFO - Filling up the DagBag from /home/airflow/.local/lib/python3.8/site-packages/airflow/example_dags/tutorial_dag.py
[2025-03-27T16:51:59.005+0000] {processor.py:840} INFO - DAG(s) 'tutorial_dag' retrieved from /home/airflow/.local/lib/python3.8/site-packages/airflow/example_dags/tutorial_dag.py
[2025-03-27T16:51:59.024+0000] {logging_mixin.py:188} INFO - [2025-03-27T16:51:59.024+0000] {dag.py:3036} INFO - Sync 1 DAGs
[2025-03-27T16:51:59.036+0000] {logging_mixin.py:188} INFO - [2025-03-27T16:51:59.036+0000] {dag.py:3823} INFO - Setting next_dagrun for tutorial_dag to None, run_after=None
[2025-03-27T16:51:59.055+0000] {processor.py:183} INFO - Processing /home/airflow/.local/lib/python3.8/site-packages/airflow/example_dags/tutorial_dag.py took 0.059 seconds
[2025-03-27T16:52:29.292+0000] {processor.py:161} INFO - Started process (PID=18087) to work on /home/airflow/.local/lib/python3.8/site-packages/airflow/example_dags/tutorial_dag.py
[2025-03-27T16:52:29.293+0000] {processor.py:830} INFO - Processing file /home/airflow/.local/lib/python3.8/site-packages/airflow/example_dags/tutorial_dag.py for tasks to queue
[2025-03-27T16:52:29.294+0000] {logging_mixin.py:188} INFO - [2025-03-27T16:52:29.294+0000] {dagbag.py:538} INFO - Filling up the DagBag from /home/airflow/.local/lib/python3.8/site-packages/airflow/example_dags/tutorial_dag.py
[2025-03-27T16:52:29.299+0000] {processor.py:840} INFO - DAG(s) 'tutorial_dag' retrieved from /home/airflow/.local/lib/python3.8/site-packages/airflow/example_dags/tutorial_dag.py
[2025-03-27T16:52:29.320+0000] {logging_mixin.py:188} INFO - [2025-03-27T16:52:29.320+0000] {dag.py:3036} INFO - Sync 1 DAGs
[2025-03-27T16:52:29.332+0000] {logging_mixin.py:188} INFO - [2025-03-27T16:52:29.331+0000] {dag.py:3823} INFO - Setting next_dagrun for tutorial_dag to None, run_after=None
[2025-03-27T16:52:29.348+0000] {processor.py:183} INFO - Processing /home/airflow/.local/lib/python3.8/site-packages/airflow/example_dags/tutorial_dag.py took 0.058 seconds
[2025-03-27T16:52:59.835+0000] {processor.py:161} INFO - Started process (PID=18337) to work on /home/airflow/.local/lib/python3.8/site-packages/airflow/example_dags/tutorial_dag.py
[2025-03-27T16:52:59.836+0000] {processor.py:830} INFO - Processing file /home/airflow/.local/lib/python3.8/site-packages/airflow/example_dags/tutorial_dag.py for tasks to queue
[2025-03-27T16:52:59.837+0000] {logging_mixin.py:188} INFO - [2025-03-27T16:52:59.837+0000] {dagbag.py:538} INFO - Filling up the DagBag from /home/airflow/.local/lib/python3.8/site-packages/airflow/example_dags/tutorial_dag.py
[2025-03-27T16:52:59.841+0000] {processor.py:840} INFO - DAG(s) 'tutorial_dag' retrieved from /home/airflow/.local/lib/python3.8/site-packages/airflow/example_dags/tutorial_dag.py
[2025-03-27T16:52:59.862+0000] {logging_mixin.py:188} INFO - [2025-03-27T16:52:59.862+0000] {dag.py:3036} INFO - Sync 1 DAGs
[2025-03-27T16:52:59.875+0000] {logging_mixin.py:188} INFO - [2025-03-27T16:52:59.875+0000] {dag.py:3823} INFO - Setting next_dagrun for tutorial_dag to None, run_after=None
[2025-03-27T16:52:59.895+0000] {processor.py:183} INFO - Processing /home/airflow/.local/lib/python3.8/site-packages/airflow/example_dags/tutorial_dag.py took 0.064 seconds
[2025-03-27T16:53:30.554+0000] {processor.py:161} INFO - Started process (PID=18591) to work on /home/airflow/.local/lib/python3.8/site-packages/airflow/example_dags/tutorial_dag.py
[2025-03-27T16:53:30.555+0000] {processor.py:830} INFO - Processing file /home/airflow/.local/lib/python3.8/site-packages/airflow/example_dags/tutorial_dag.py for tasks to queue
[2025-03-27T16:53:30.556+0000] {logging_mixin.py:188} INFO - [2025-03-27T16:53:30.556+0000] {dagbag.py:538} INFO - Filling up the DagBag from /home/airflow/.local/lib/python3.8/site-packages/airflow/example_dags/tutorial_dag.py
[2025-03-27T16:53:30.560+0000] {processor.py:840} INFO - DAG(s) 'tutorial_dag' retrieved from /home/airflow/.local/lib/python3.8/site-packages/airflow/example_dags/tutorial_dag.py
[2025-03-27T16:53:30.579+0000] {logging_mixin.py:188} INFO - [2025-03-27T16:53:30.579+0000] {dag.py:3036} INFO - Sync 1 DAGs
[2025-03-27T16:53:30.590+0000] {logging_mixin.py:188} INFO - [2025-03-27T16:53:30.590+0000] {dag.py:3823} INFO - Setting next_dagrun for tutorial_dag to None, run_after=None
[2025-03-27T16:53:30.606+0000] {processor.py:183} INFO - Processing /home/airflow/.local/lib/python3.8/site-packages/airflow/example_dags/tutorial_dag.py took 0.055 seconds
[2025-03-27T16:54:01.419+0000] {processor.py:161} INFO - Started process (PID=18843) to work on /home/airflow/.local/lib/python3.8/site-packages/airflow/example_dags/tutorial_dag.py
[2025-03-27T16:54:01.420+0000] {processor.py:830} INFO - Processing file /home/airflow/.local/lib/python3.8/site-packages/airflow/example_dags/tutorial_dag.py for tasks to queue
[2025-03-27T16:54:01.421+0000] {logging_mixin.py:188} INFO - [2025-03-27T16:54:01.421+0000] {dagbag.py:538} INFO - Filling up the DagBag from /home/airflow/.local/lib/python3.8/site-packages/airflow/example_dags/tutorial_dag.py
[2025-03-27T16:54:01.425+0000] {processor.py:840} INFO - DAG(s) 'tutorial_dag' retrieved from /home/airflow/.local/lib/python3.8/site-packages/airflow/example_dags/tutorial_dag.py
[2025-03-27T16:54:01.443+0000] {logging_mixin.py:188} INFO - [2025-03-27T16:54:01.443+0000] {dag.py:3036} INFO - Sync 1 DAGs
[2025-03-27T16:54:01.580+0000] {logging_mixin.py:188} INFO - [2025-03-27T16:54:01.580+0000] {dag.py:3823} INFO - Setting next_dagrun for tutorial_dag to None, run_after=None
[2025-03-27T16:54:01.597+0000] {processor.py:183} INFO - Processing /home/airflow/.local/lib/python3.8/site-packages/airflow/example_dags/tutorial_dag.py took 0.181 seconds
[2025-03-27T16:54:31.936+0000] {processor.py:161} INFO - Started process (PID=19095) to work on /home/airflow/.local/lib/python3.8/site-packages/airflow/example_dags/tutorial_dag.py
[2025-03-27T16:54:31.937+0000] {processor.py:830} INFO - Processing file /home/airflow/.local/lib/python3.8/site-packages/airflow/example_dags/tutorial_dag.py for tasks to queue
[2025-03-27T16:54:31.938+0000] {logging_mixin.py:188} INFO - [2025-03-27T16:54:31.938+0000] {dagbag.py:538} INFO - Filling up the DagBag from /home/airflow/.local/lib/python3.8/site-packages/airflow/example_dags/tutorial_dag.py
[2025-03-27T16:54:31.943+0000] {processor.py:840} INFO - DAG(s) 'tutorial_dag' retrieved from /home/airflow/.local/lib/python3.8/site-packages/airflow/example_dags/tutorial_dag.py
[2025-03-27T16:54:31.962+0000] {logging_mixin.py:188} INFO - [2025-03-27T16:54:31.962+0000] {dag.py:3036} INFO - Sync 1 DAGs
[2025-03-27T16:54:31.974+0000] {logging_mixin.py:188} INFO - [2025-03-27T16:54:31.974+0000] {dag.py:3823} INFO - Setting next_dagrun for tutorial_dag to None, run_after=None
[2025-03-27T16:54:32.115+0000] {processor.py:183} INFO - Processing /home/airflow/.local/lib/python3.8/site-packages/airflow/example_dags/tutorial_dag.py took 0.181 seconds
[2025-03-27T16:55:02.901+0000] {processor.py:161} INFO - Started process (PID=19345) to work on /home/airflow/.local/lib/python3.8/site-packages/airflow/example_dags/tutorial_dag.py
[2025-03-27T16:55:02.902+0000] {processor.py:830} INFO - Processing file /home/airflow/.local/lib/python3.8/site-packages/airflow/example_dags/tutorial_dag.py for tasks to queue
[2025-03-27T16:55:02.902+0000] {logging_mixin.py:188} INFO - [2025-03-27T16:55:02.902+0000] {dagbag.py:538} INFO - Filling up the DagBag from /home/airflow/.local/lib/python3.8/site-packages/airflow/example_dags/tutorial_dag.py
[2025-03-27T16:55:02.906+0000] {processor.py:840} INFO - DAG(s) 'tutorial_dag' retrieved from /home/airflow/.local/lib/python3.8/site-packages/airflow/example_dags/tutorial_dag.py
[2025-03-27T16:55:02.925+0000] {logging_mixin.py:188} INFO - [2025-03-27T16:55:02.924+0000] {dag.py:3036} INFO - Sync 1 DAGs
[2025-03-27T16:55:02.936+0000] {logging_mixin.py:188} INFO - [2025-03-27T16:55:02.935+0000] {dag.py:3823} INFO - Setting next_dagrun for tutorial_dag to None, run_after=None
[2025-03-27T16:55:02.952+0000] {processor.py:183} INFO - Processing /home/airflow/.local/lib/python3.8/site-packages/airflow/example_dags/tutorial_dag.py took 0.053 seconds
[2025-03-27T16:55:33.175+0000] {processor.py:161} INFO - Started process (PID=19597) to work on /home/airflow/.local/lib/python3.8/site-packages/airflow/example_dags/tutorial_dag.py
[2025-03-27T16:55:33.175+0000] {processor.py:830} INFO - Processing file /home/airflow/.local/lib/python3.8/site-packages/airflow/example_dags/tutorial_dag.py for tasks to queue
[2025-03-27T16:55:33.176+0000] {logging_mixin.py:188} INFO - [2025-03-27T16:55:33.176+0000] {dagbag.py:538} INFO - Filling up the DagBag from /home/airflow/.local/lib/python3.8/site-packages/airflow/example_dags/tutorial_dag.py
[2025-03-27T16:55:33.181+0000] {processor.py:840} INFO - DAG(s) 'tutorial_dag' retrieved from /home/airflow/.local/lib/python3.8/site-packages/airflow/example_dags/tutorial_dag.py
[2025-03-27T16:55:33.201+0000] {logging_mixin.py:188} INFO - [2025-03-27T16:55:33.201+0000] {dag.py:3036} INFO - Sync 1 DAGs
[2025-03-27T16:55:33.212+0000] {logging_mixin.py:188} INFO - [2025-03-27T16:55:33.212+0000] {dag.py:3823} INFO - Setting next_dagrun for tutorial_dag to None, run_after=None
[2025-03-27T16:55:33.239+0000] {processor.py:183} INFO - Processing /home/airflow/.local/lib/python3.8/site-packages/airflow/example_dags/tutorial_dag.py took 0.067 seconds
[2025-03-27T16:56:03.383+0000] {processor.py:161} INFO - Started process (PID=19849) to work on /home/airflow/.local/lib/python3.8/site-packages/airflow/example_dags/tutorial_dag.py
[2025-03-27T16:56:03.384+0000] {processor.py:830} INFO - Processing file /home/airflow/.local/lib/python3.8/site-packages/airflow/example_dags/tutorial_dag.py for tasks to queue
[2025-03-27T16:56:03.384+0000] {logging_mixin.py:188} INFO - [2025-03-27T16:56:03.384+0000] {dagbag.py:538} INFO - Filling up the DagBag from /home/airflow/.local/lib/python3.8/site-packages/airflow/example_dags/tutorial_dag.py
[2025-03-27T16:56:03.388+0000] {processor.py:840} INFO - DAG(s) 'tutorial_dag' retrieved from /home/airflow/.local/lib/python3.8/site-packages/airflow/example_dags/tutorial_dag.py
[2025-03-27T16:56:03.406+0000] {logging_mixin.py:188} INFO - [2025-03-27T16:56:03.406+0000] {dag.py:3036} INFO - Sync 1 DAGs
[2025-03-27T16:56:03.417+0000] {logging_mixin.py:188} INFO - [2025-03-27T16:56:03.417+0000] {dag.py:3823} INFO - Setting next_dagrun for tutorial_dag to None, run_after=None
[2025-03-27T16:56:03.433+0000] {processor.py:183} INFO - Processing /home/airflow/.local/lib/python3.8/site-packages/airflow/example_dags/tutorial_dag.py took 0.052 seconds
[2025-03-27T16:56:33.514+0000] {processor.py:161} INFO - Started process (PID=20101) to work on /home/airflow/.local/lib/python3.8/site-packages/airflow/example_dags/tutorial_dag.py
[2025-03-27T16:56:33.515+0000] {processor.py:830} INFO - Processing file /home/airflow/.local/lib/python3.8/site-packages/airflow/example_dags/tutorial_dag.py for tasks to queue
[2025-03-27T16:56:33.516+0000] {logging_mixin.py:188} INFO - [2025-03-27T16:56:33.515+0000] {dagbag.py:538} INFO - Filling up the DagBag from /home/airflow/.local/lib/python3.8/site-packages/airflow/example_dags/tutorial_dag.py
[2025-03-27T16:56:33.520+0000] {processor.py:840} INFO - DAG(s) 'tutorial_dag' retrieved from /home/airflow/.local/lib/python3.8/site-packages/airflow/example_dags/tutorial_dag.py
[2025-03-27T16:56:33.539+0000] {logging_mixin.py:188} INFO - [2025-03-27T16:56:33.539+0000] {dag.py:3036} INFO - Sync 1 DAGs
[2025-03-27T16:56:33.550+0000] {logging_mixin.py:188} INFO - [2025-03-27T16:56:33.550+0000] {dag.py:3823} INFO - Setting next_dagrun for tutorial_dag to None, run_after=None
[2025-03-27T16:56:33.567+0000] {processor.py:183} INFO - Processing /home/airflow/.local/lib/python3.8/site-packages/airflow/example_dags/tutorial_dag.py took 0.056 seconds
[2025-03-27T16:57:04.063+0000] {processor.py:161} INFO - Started process (PID=20353) to work on /home/airflow/.local/lib/python3.8/site-packages/airflow/example_dags/tutorial_dag.py
[2025-03-27T16:57:04.064+0000] {processor.py:830} INFO - Processing file /home/airflow/.local/lib/python3.8/site-packages/airflow/example_dags/tutorial_dag.py for tasks to queue
[2025-03-27T16:57:04.065+0000] {logging_mixin.py:188} INFO - [2025-03-27T16:57:04.065+0000] {dagbag.py:538} INFO - Filling up the DagBag from /home/airflow/.local/lib/python3.8/site-packages/airflow/example_dags/tutorial_dag.py
[2025-03-27T16:57:04.069+0000] {processor.py:840} INFO - DAG(s) 'tutorial_dag' retrieved from /home/airflow/.local/lib/python3.8/site-packages/airflow/example_dags/tutorial_dag.py
[2025-03-27T16:57:04.089+0000] {logging_mixin.py:188} INFO - [2025-03-27T16:57:04.088+0000] {dag.py:3036} INFO - Sync 1 DAGs
[2025-03-27T16:57:04.101+0000] {logging_mixin.py:188} INFO - [2025-03-27T16:57:04.101+0000] {dag.py:3823} INFO - Setting next_dagrun for tutorial_dag to None, run_after=None
[2025-03-27T16:57:04.117+0000] {processor.py:183} INFO - Processing /home/airflow/.local/lib/python3.8/site-packages/airflow/example_dags/tutorial_dag.py took 0.056 seconds
[2025-03-27T16:57:34.314+0000] {processor.py:161} INFO - Started process (PID=20605) to work on /home/airflow/.local/lib/python3.8/site-packages/airflow/example_dags/tutorial_dag.py
[2025-03-27T16:57:34.315+0000] {processor.py:830} INFO - Processing file /home/airflow/.local/lib/python3.8/site-packages/airflow/example_dags/tutorial_dag.py for tasks to queue
[2025-03-27T16:57:34.316+0000] {logging_mixin.py:188} INFO - [2025-03-27T16:57:34.316+0000] {dagbag.py:538} INFO - Filling up the DagBag from /home/airflow/.local/lib/python3.8/site-packages/airflow/example_dags/tutorial_dag.py
[2025-03-27T16:57:34.322+0000] {processor.py:840} INFO - DAG(s) 'tutorial_dag' retrieved from /home/airflow/.local/lib/python3.8/site-packages/airflow/example_dags/tutorial_dag.py
[2025-03-27T16:57:34.345+0000] {logging_mixin.py:188} INFO - [2025-03-27T16:57:34.344+0000] {dag.py:3036} INFO - Sync 1 DAGs
[2025-03-27T16:57:34.359+0000] {logging_mixin.py:188} INFO - [2025-03-27T16:57:34.359+0000] {dag.py:3823} INFO - Setting next_dagrun for tutorial_dag to None, run_after=None
[2025-03-27T16:57:34.386+0000] {processor.py:183} INFO - Processing /home/airflow/.local/lib/python3.8/site-packages/airflow/example_dags/tutorial_dag.py took 0.076 seconds
[2025-03-27T16:58:04.587+0000] {processor.py:161} INFO - Started process (PID=20857) to work on /home/airflow/.local/lib/python3.8/site-packages/airflow/example_dags/tutorial_dag.py
[2025-03-27T16:58:04.587+0000] {processor.py:830} INFO - Processing file /home/airflow/.local/lib/python3.8/site-packages/airflow/example_dags/tutorial_dag.py for tasks to queue
[2025-03-27T16:58:04.588+0000] {logging_mixin.py:188} INFO - [2025-03-27T16:58:04.588+0000] {dagbag.py:538} INFO - Filling up the DagBag from /home/airflow/.local/lib/python3.8/site-packages/airflow/example_dags/tutorial_dag.py
[2025-03-27T16:58:04.592+0000] {processor.py:840} INFO - DAG(s) 'tutorial_dag' retrieved from /home/airflow/.local/lib/python3.8/site-packages/airflow/example_dags/tutorial_dag.py
[2025-03-27T16:58:04.612+0000] {logging_mixin.py:188} INFO - [2025-03-27T16:58:04.612+0000] {dag.py:3036} INFO - Sync 1 DAGs
[2025-03-27T16:58:04.623+0000] {logging_mixin.py:188} INFO - [2025-03-27T16:58:04.623+0000] {dag.py:3823} INFO - Setting next_dagrun for tutorial_dag to None, run_after=None
[2025-03-27T16:58:04.639+0000] {processor.py:183} INFO - Processing /home/airflow/.local/lib/python3.8/site-packages/airflow/example_dags/tutorial_dag.py took 0.055 seconds
[2025-03-27T16:58:34.833+0000] {processor.py:161} INFO - Started process (PID=21109) to work on /home/airflow/.local/lib/python3.8/site-packages/airflow/example_dags/tutorial_dag.py
[2025-03-27T16:58:34.835+0000] {processor.py:830} INFO - Processing file /home/airflow/.local/lib/python3.8/site-packages/airflow/example_dags/tutorial_dag.py for tasks to queue
[2025-03-27T16:58:34.837+0000] {logging_mixin.py:188} INFO - [2025-03-27T16:58:34.837+0000] {dagbag.py:538} INFO - Filling up the DagBag from /home/airflow/.local/lib/python3.8/site-packages/airflow/example_dags/tutorial_dag.py
[2025-03-27T16:58:34.846+0000] {processor.py:840} INFO - DAG(s) 'tutorial_dag' retrieved from /home/airflow/.local/lib/python3.8/site-packages/airflow/example_dags/tutorial_dag.py
[2025-03-27T16:58:34.882+0000] {logging_mixin.py:188} INFO - [2025-03-27T16:58:34.882+0000] {dag.py:3036} INFO - Sync 1 DAGs
[2025-03-27T16:58:34.901+0000] {logging_mixin.py:188} INFO - [2025-03-27T16:58:34.901+0000] {dag.py:3823} INFO - Setting next_dagrun for tutorial_dag to None, run_after=None
[2025-03-27T16:58:34.929+0000] {processor.py:183} INFO - Processing /home/airflow/.local/lib/python3.8/site-packages/airflow/example_dags/tutorial_dag.py took 0.100 seconds
[2025-03-27T16:59:05.305+0000] {processor.py:161} INFO - Started process (PID=21357) to work on /home/airflow/.local/lib/python3.8/site-packages/airflow/example_dags/tutorial_dag.py
[2025-03-27T16:59:05.306+0000] {processor.py:830} INFO - Processing file /home/airflow/.local/lib/python3.8/site-packages/airflow/example_dags/tutorial_dag.py for tasks to queue
[2025-03-27T16:59:05.307+0000] {logging_mixin.py:188} INFO - [2025-03-27T16:59:05.307+0000] {dagbag.py:538} INFO - Filling up the DagBag from /home/airflow/.local/lib/python3.8/site-packages/airflow/example_dags/tutorial_dag.py
[2025-03-27T16:59:05.312+0000] {processor.py:840} INFO - DAG(s) 'tutorial_dag' retrieved from /home/airflow/.local/lib/python3.8/site-packages/airflow/example_dags/tutorial_dag.py
[2025-03-27T16:59:05.331+0000] {logging_mixin.py:188} INFO - [2025-03-27T16:59:05.331+0000] {dag.py:3036} INFO - Sync 1 DAGs
[2025-03-27T16:59:05.344+0000] {logging_mixin.py:188} INFO - [2025-03-27T16:59:05.344+0000] {dag.py:3823} INFO - Setting next_dagrun for tutorial_dag to None, run_after=None
[2025-03-27T16:59:05.363+0000] {processor.py:183} INFO - Processing /home/airflow/.local/lib/python3.8/site-packages/airflow/example_dags/tutorial_dag.py took 0.061 seconds
[2025-03-27T16:59:35.740+0000] {processor.py:161} INFO - Started process (PID=21615) to work on /home/airflow/.local/lib/python3.8/site-packages/airflow/example_dags/tutorial_dag.py
[2025-03-27T16:59:35.741+0000] {processor.py:830} INFO - Processing file /home/airflow/.local/lib/python3.8/site-packages/airflow/example_dags/tutorial_dag.py for tasks to queue
[2025-03-27T16:59:35.742+0000] {logging_mixin.py:188} INFO - [2025-03-27T16:59:35.741+0000] {dagbag.py:538} INFO - Filling up the DagBag from /home/airflow/.local/lib/python3.8/site-packages/airflow/example_dags/tutorial_dag.py
[2025-03-27T16:59:35.746+0000] {processor.py:840} INFO - DAG(s) 'tutorial_dag' retrieved from /home/airflow/.local/lib/python3.8/site-packages/airflow/example_dags/tutorial_dag.py
[2025-03-27T16:59:35.766+0000] {logging_mixin.py:188} INFO - [2025-03-27T16:59:35.765+0000] {dag.py:3036} INFO - Sync 1 DAGs
[2025-03-27T16:59:35.777+0000] {logging_mixin.py:188} INFO - [2025-03-27T16:59:35.777+0000] {dag.py:3823} INFO - Setting next_dagrun for tutorial_dag to None, run_after=None
[2025-03-27T16:59:35.793+0000] {processor.py:183} INFO - Processing /home/airflow/.local/lib/python3.8/site-packages/airflow/example_dags/tutorial_dag.py took 0.056 seconds
[2025-03-27T17:00:06.320+0000] {processor.py:161} INFO - Started process (PID=21865) to work on /home/airflow/.local/lib/python3.8/site-packages/airflow/example_dags/tutorial_dag.py
[2025-03-27T17:00:06.321+0000] {processor.py:830} INFO - Processing file /home/airflow/.local/lib/python3.8/site-packages/airflow/example_dags/tutorial_dag.py for tasks to queue
[2025-03-27T17:00:06.322+0000] {logging_mixin.py:188} INFO - [2025-03-27T17:00:06.322+0000] {dagbag.py:538} INFO - Filling up the DagBag from /home/airflow/.local/lib/python3.8/site-packages/airflow/example_dags/tutorial_dag.py
[2025-03-27T17:00:06.326+0000] {processor.py:840} INFO - DAG(s) 'tutorial_dag' retrieved from /home/airflow/.local/lib/python3.8/site-packages/airflow/example_dags/tutorial_dag.py
[2025-03-27T17:00:06.345+0000] {logging_mixin.py:188} INFO - [2025-03-27T17:00:06.345+0000] {dag.py:3036} INFO - Sync 1 DAGs
[2025-03-27T17:00:06.356+0000] {logging_mixin.py:188} INFO - [2025-03-27T17:00:06.356+0000] {dag.py:3823} INFO - Setting next_dagrun for tutorial_dag to None, run_after=None
[2025-03-27T17:00:06.373+0000] {processor.py:183} INFO - Processing /home/airflow/.local/lib/python3.8/site-packages/airflow/example_dags/tutorial_dag.py took 0.056 seconds
