[2025-03-27T16:27:01.129+0000] {processor.py:161} INFO - Started process (PID=303) to work on /home/airflow/.local/lib/python3.8/site-packages/airflow/example_dags/tutorial_taskflow_api.py
[2025-03-27T16:27:01.130+0000] {processor.py:830} INFO - Processing file /home/airflow/.local/lib/python3.8/site-packages/airflow/example_dags/tutorial_taskflow_api.py for tasks to queue
[2025-03-27T16:27:01.131+0000] {logging_mixin.py:188} INFO - [2025-03-27T16:27:01.131+0000] {dagbag.py:538} INFO - Filling up the DagBag from /home/airflow/.local/lib/python3.8/site-packages/airflow/example_dags/tutorial_taskflow_api.py
[2025-03-27T16:27:01.137+0000] {processor.py:840} INFO - DAG(s) 'tutorial_taskflow_api' retrieved from /home/airflow/.local/lib/python3.8/site-packages/airflow/example_dags/tutorial_taskflow_api.py
[2025-03-27T16:27:01.149+0000] {logging_mixin.py:188} INFO - [2025-03-27T16:27:01.148+0000] {dag.py:3036} INFO - Sync 1 DAGs
[2025-03-27T16:27:01.162+0000] {logging_mixin.py:188} INFO - [2025-03-27T16:27:01.162+0000] {dag.py:3823} INFO - Setting next_dagrun for tutorial_taskflow_api to None, run_after=None
[2025-03-27T16:27:01.180+0000] {processor.py:183} INFO - Processing /home/airflow/.local/lib/python3.8/site-packages/airflow/example_dags/tutorial_taskflow_api.py took 0.055 seconds
[2025-03-27T16:27:31.900+0000] {processor.py:161} INFO - Started process (PID=548) to work on /home/airflow/.local/lib/python3.8/site-packages/airflow/example_dags/tutorial_taskflow_api.py
[2025-03-27T16:27:31.901+0000] {processor.py:830} INFO - Processing file /home/airflow/.local/lib/python3.8/site-packages/airflow/example_dags/tutorial_taskflow_api.py for tasks to queue
[2025-03-27T16:27:31.902+0000] {logging_mixin.py:188} INFO - [2025-03-27T16:27:31.902+0000] {dagbag.py:538} INFO - Filling up the DagBag from /home/airflow/.local/lib/python3.8/site-packages/airflow/example_dags/tutorial_taskflow_api.py
[2025-03-27T16:27:31.907+0000] {processor.py:840} INFO - DAG(s) 'tutorial_taskflow_api' retrieved from /home/airflow/.local/lib/python3.8/site-packages/airflow/example_dags/tutorial_taskflow_api.py
[2025-03-27T16:27:31.998+0000] {logging_mixin.py:188} INFO - [2025-03-27T16:27:31.998+0000] {dag.py:3036} INFO - Sync 1 DAGs
[2025-03-27T16:27:32.010+0000] {logging_mixin.py:188} INFO - [2025-03-27T16:27:32.009+0000] {dag.py:3823} INFO - Setting next_dagrun for tutorial_taskflow_api to None, run_after=None
[2025-03-27T16:27:32.027+0000] {processor.py:183} INFO - Processing /home/airflow/.local/lib/python3.8/site-packages/airflow/example_dags/tutorial_taskflow_api.py took 0.129 seconds
[2025-03-27T16:28:02.870+0000] {processor.py:161} INFO - Started process (PID=803) to work on /home/airflow/.local/lib/python3.8/site-packages/airflow/example_dags/tutorial_taskflow_api.py
[2025-03-27T16:28:02.871+0000] {processor.py:830} INFO - Processing file /home/airflow/.local/lib/python3.8/site-packages/airflow/example_dags/tutorial_taskflow_api.py for tasks to queue
[2025-03-27T16:28:02.872+0000] {logging_mixin.py:188} INFO - [2025-03-27T16:28:02.872+0000] {dagbag.py:538} INFO - Filling up the DagBag from /home/airflow/.local/lib/python3.8/site-packages/airflow/example_dags/tutorial_taskflow_api.py
[2025-03-27T16:28:02.881+0000] {processor.py:840} INFO - DAG(s) 'tutorial_taskflow_api' retrieved from /home/airflow/.local/lib/python3.8/site-packages/airflow/example_dags/tutorial_taskflow_api.py
[2025-03-27T16:28:02.904+0000] {logging_mixin.py:188} INFO - [2025-03-27T16:28:02.904+0000] {dag.py:3036} INFO - Sync 1 DAGs
[2025-03-27T16:28:02.917+0000] {logging_mixin.py:188} INFO - [2025-03-27T16:28:02.916+0000] {dag.py:3823} INFO - Setting next_dagrun for tutorial_taskflow_api to None, run_after=None
[2025-03-27T16:28:02.938+0000] {processor.py:183} INFO - Processing /home/airflow/.local/lib/python3.8/site-packages/airflow/example_dags/tutorial_taskflow_api.py took 0.072 seconds
[2025-03-27T16:28:33.697+0000] {processor.py:161} INFO - Started process (PID=1050) to work on /home/airflow/.local/lib/python3.8/site-packages/airflow/example_dags/tutorial_taskflow_api.py
[2025-03-27T16:28:33.698+0000] {processor.py:830} INFO - Processing file /home/airflow/.local/lib/python3.8/site-packages/airflow/example_dags/tutorial_taskflow_api.py for tasks to queue
[2025-03-27T16:28:33.699+0000] {logging_mixin.py:188} INFO - [2025-03-27T16:28:33.699+0000] {dagbag.py:538} INFO - Filling up the DagBag from /home/airflow/.local/lib/python3.8/site-packages/airflow/example_dags/tutorial_taskflow_api.py
[2025-03-27T16:28:33.705+0000] {processor.py:840} INFO - DAG(s) 'tutorial_taskflow_api' retrieved from /home/airflow/.local/lib/python3.8/site-packages/airflow/example_dags/tutorial_taskflow_api.py
[2025-03-27T16:28:33.723+0000] {logging_mixin.py:188} INFO - [2025-03-27T16:28:33.723+0000] {dag.py:3036} INFO - Sync 1 DAGs
[2025-03-27T16:28:33.735+0000] {logging_mixin.py:188} INFO - [2025-03-27T16:28:33.735+0000] {dag.py:3823} INFO - Setting next_dagrun for tutorial_taskflow_api to None, run_after=None
[2025-03-27T16:28:33.757+0000] {processor.py:183} INFO - Processing /home/airflow/.local/lib/python3.8/site-packages/airflow/example_dags/tutorial_taskflow_api.py took 0.063 seconds
[2025-03-27T16:29:04.275+0000] {processor.py:161} INFO - Started process (PID=1297) to work on /home/airflow/.local/lib/python3.8/site-packages/airflow/example_dags/tutorial_taskflow_api.py
[2025-03-27T16:29:04.276+0000] {processor.py:830} INFO - Processing file /home/airflow/.local/lib/python3.8/site-packages/airflow/example_dags/tutorial_taskflow_api.py for tasks to queue
[2025-03-27T16:29:04.277+0000] {logging_mixin.py:188} INFO - [2025-03-27T16:29:04.277+0000] {dagbag.py:538} INFO - Filling up the DagBag from /home/airflow/.local/lib/python3.8/site-packages/airflow/example_dags/tutorial_taskflow_api.py
[2025-03-27T16:29:04.282+0000] {processor.py:840} INFO - DAG(s) 'tutorial_taskflow_api' retrieved from /home/airflow/.local/lib/python3.8/site-packages/airflow/example_dags/tutorial_taskflow_api.py
[2025-03-27T16:29:04.300+0000] {logging_mixin.py:188} INFO - [2025-03-27T16:29:04.299+0000] {dag.py:3036} INFO - Sync 1 DAGs
[2025-03-27T16:29:04.310+0000] {logging_mixin.py:188} INFO - [2025-03-27T16:29:04.310+0000] {dag.py:3823} INFO - Setting next_dagrun for tutorial_taskflow_api to None, run_after=None
[2025-03-27T16:29:04.325+0000] {processor.py:183} INFO - Processing /home/airflow/.local/lib/python3.8/site-packages/airflow/example_dags/tutorial_taskflow_api.py took 0.052 seconds
[2025-03-27T16:29:34.926+0000] {processor.py:161} INFO - Started process (PID=1542) to work on /home/airflow/.local/lib/python3.8/site-packages/airflow/example_dags/tutorial_taskflow_api.py
[2025-03-27T16:29:34.926+0000] {processor.py:830} INFO - Processing file /home/airflow/.local/lib/python3.8/site-packages/airflow/example_dags/tutorial_taskflow_api.py for tasks to queue
[2025-03-27T16:29:34.927+0000] {logging_mixin.py:188} INFO - [2025-03-27T16:29:34.927+0000] {dagbag.py:538} INFO - Filling up the DagBag from /home/airflow/.local/lib/python3.8/site-packages/airflow/example_dags/tutorial_taskflow_api.py
[2025-03-27T16:29:34.932+0000] {processor.py:840} INFO - DAG(s) 'tutorial_taskflow_api' retrieved from /home/airflow/.local/lib/python3.8/site-packages/airflow/example_dags/tutorial_taskflow_api.py
[2025-03-27T16:29:34.949+0000] {logging_mixin.py:188} INFO - [2025-03-27T16:29:34.949+0000] {dag.py:3036} INFO - Sync 1 DAGs
[2025-03-27T16:29:34.959+0000] {logging_mixin.py:188} INFO - [2025-03-27T16:29:34.959+0000] {dag.py:3823} INFO - Setting next_dagrun for tutorial_taskflow_api to None, run_after=None
[2025-03-27T16:29:34.975+0000] {processor.py:183} INFO - Processing /home/airflow/.local/lib/python3.8/site-packages/airflow/example_dags/tutorial_taskflow_api.py took 0.051 seconds
[2025-03-27T16:30:05.481+0000] {processor.py:161} INFO - Started process (PID=1789) to work on /home/airflow/.local/lib/python3.8/site-packages/airflow/example_dags/tutorial_taskflow_api.py
[2025-03-27T16:30:05.481+0000] {processor.py:830} INFO - Processing file /home/airflow/.local/lib/python3.8/site-packages/airflow/example_dags/tutorial_taskflow_api.py for tasks to queue
[2025-03-27T16:30:05.482+0000] {logging_mixin.py:188} INFO - [2025-03-27T16:30:05.482+0000] {dagbag.py:538} INFO - Filling up the DagBag from /home/airflow/.local/lib/python3.8/site-packages/airflow/example_dags/tutorial_taskflow_api.py
[2025-03-27T16:30:05.487+0000] {processor.py:840} INFO - DAG(s) 'tutorial_taskflow_api' retrieved from /home/airflow/.local/lib/python3.8/site-packages/airflow/example_dags/tutorial_taskflow_api.py
[2025-03-27T16:30:05.506+0000] {logging_mixin.py:188} INFO - [2025-03-27T16:30:05.505+0000] {dag.py:3036} INFO - Sync 1 DAGs
[2025-03-27T16:30:05.517+0000] {logging_mixin.py:188} INFO - [2025-03-27T16:30:05.517+0000] {dag.py:3823} INFO - Setting next_dagrun for tutorial_taskflow_api to None, run_after=None
[2025-03-27T16:30:05.533+0000] {processor.py:183} INFO - Processing /home/airflow/.local/lib/python3.8/site-packages/airflow/example_dags/tutorial_taskflow_api.py took 0.056 seconds
[2025-03-27T16:30:36.019+0000] {processor.py:161} INFO - Started process (PID=2038) to work on /home/airflow/.local/lib/python3.8/site-packages/airflow/example_dags/tutorial_taskflow_api.py
[2025-03-27T16:30:36.020+0000] {processor.py:830} INFO - Processing file /home/airflow/.local/lib/python3.8/site-packages/airflow/example_dags/tutorial_taskflow_api.py for tasks to queue
[2025-03-27T16:30:36.021+0000] {logging_mixin.py:188} INFO - [2025-03-27T16:30:36.021+0000] {dagbag.py:538} INFO - Filling up the DagBag from /home/airflow/.local/lib/python3.8/site-packages/airflow/example_dags/tutorial_taskflow_api.py
[2025-03-27T16:30:36.026+0000] {processor.py:840} INFO - DAG(s) 'tutorial_taskflow_api' retrieved from /home/airflow/.local/lib/python3.8/site-packages/airflow/example_dags/tutorial_taskflow_api.py
[2025-03-27T16:30:36.043+0000] {logging_mixin.py:188} INFO - [2025-03-27T16:30:36.043+0000] {dag.py:3036} INFO - Sync 1 DAGs
[2025-03-27T16:30:36.054+0000] {logging_mixin.py:188} INFO - [2025-03-27T16:30:36.054+0000] {dag.py:3823} INFO - Setting next_dagrun for tutorial_taskflow_api to None, run_after=None
[2025-03-27T16:30:36.070+0000] {processor.py:183} INFO - Processing /home/airflow/.local/lib/python3.8/site-packages/airflow/example_dags/tutorial_taskflow_api.py took 0.053 seconds
[2025-03-27T16:31:06.534+0000] {processor.py:161} INFO - Started process (PID=2285) to work on /home/airflow/.local/lib/python3.8/site-packages/airflow/example_dags/tutorial_taskflow_api.py
[2025-03-27T16:31:06.535+0000] {processor.py:830} INFO - Processing file /home/airflow/.local/lib/python3.8/site-packages/airflow/example_dags/tutorial_taskflow_api.py for tasks to queue
[2025-03-27T16:31:06.536+0000] {logging_mixin.py:188} INFO - [2025-03-27T16:31:06.536+0000] {dagbag.py:538} INFO - Filling up the DagBag from /home/airflow/.local/lib/python3.8/site-packages/airflow/example_dags/tutorial_taskflow_api.py
[2025-03-27T16:31:06.541+0000] {processor.py:840} INFO - DAG(s) 'tutorial_taskflow_api' retrieved from /home/airflow/.local/lib/python3.8/site-packages/airflow/example_dags/tutorial_taskflow_api.py
[2025-03-27T16:31:06.557+0000] {logging_mixin.py:188} INFO - [2025-03-27T16:31:06.557+0000] {dag.py:3036} INFO - Sync 1 DAGs
[2025-03-27T16:31:06.568+0000] {logging_mixin.py:188} INFO - [2025-03-27T16:31:06.567+0000] {dag.py:3823} INFO - Setting next_dagrun for tutorial_taskflow_api to None, run_after=None
[2025-03-27T16:31:06.584+0000] {processor.py:183} INFO - Processing /home/airflow/.local/lib/python3.8/site-packages/airflow/example_dags/tutorial_taskflow_api.py took 0.052 seconds
[2025-03-27T16:31:37.026+0000] {processor.py:161} INFO - Started process (PID=2532) to work on /home/airflow/.local/lib/python3.8/site-packages/airflow/example_dags/tutorial_taskflow_api.py
[2025-03-27T16:31:37.027+0000] {processor.py:830} INFO - Processing file /home/airflow/.local/lib/python3.8/site-packages/airflow/example_dags/tutorial_taskflow_api.py for tasks to queue
[2025-03-27T16:31:37.028+0000] {logging_mixin.py:188} INFO - [2025-03-27T16:31:37.028+0000] {dagbag.py:538} INFO - Filling up the DagBag from /home/airflow/.local/lib/python3.8/site-packages/airflow/example_dags/tutorial_taskflow_api.py
[2025-03-27T16:31:37.036+0000] {processor.py:840} INFO - DAG(s) 'tutorial_taskflow_api' retrieved from /home/airflow/.local/lib/python3.8/site-packages/airflow/example_dags/tutorial_taskflow_api.py
[2025-03-27T16:31:37.058+0000] {logging_mixin.py:188} INFO - [2025-03-27T16:31:37.057+0000] {dag.py:3036} INFO - Sync 1 DAGs
[2025-03-27T16:31:37.071+0000] {logging_mixin.py:188} INFO - [2025-03-27T16:31:37.070+0000] {dag.py:3823} INFO - Setting next_dagrun for tutorial_taskflow_api to None, run_after=None
[2025-03-27T16:31:37.088+0000] {processor.py:183} INFO - Processing /home/airflow/.local/lib/python3.8/site-packages/airflow/example_dags/tutorial_taskflow_api.py took 0.065 seconds
[2025-03-27T16:32:07.153+0000] {processor.py:161} INFO - Started process (PID=2777) to work on /home/airflow/.local/lib/python3.8/site-packages/airflow/example_dags/tutorial_taskflow_api.py
[2025-03-27T16:32:07.154+0000] {processor.py:830} INFO - Processing file /home/airflow/.local/lib/python3.8/site-packages/airflow/example_dags/tutorial_taskflow_api.py for tasks to queue
[2025-03-27T16:32:07.155+0000] {logging_mixin.py:188} INFO - [2025-03-27T16:32:07.154+0000] {dagbag.py:538} INFO - Filling up the DagBag from /home/airflow/.local/lib/python3.8/site-packages/airflow/example_dags/tutorial_taskflow_api.py
[2025-03-27T16:32:07.160+0000] {processor.py:840} INFO - DAG(s) 'tutorial_taskflow_api' retrieved from /home/airflow/.local/lib/python3.8/site-packages/airflow/example_dags/tutorial_taskflow_api.py
[2025-03-27T16:32:07.177+0000] {logging_mixin.py:188} INFO - [2025-03-27T16:32:07.177+0000] {dag.py:3036} INFO - Sync 1 DAGs
[2025-03-27T16:32:07.188+0000] {logging_mixin.py:188} INFO - [2025-03-27T16:32:07.188+0000] {dag.py:3823} INFO - Setting next_dagrun for tutorial_taskflow_api to None, run_after=None
[2025-03-27T16:32:07.204+0000] {processor.py:183} INFO - Processing /home/airflow/.local/lib/python3.8/site-packages/airflow/example_dags/tutorial_taskflow_api.py took 0.054 seconds
[2025-03-27T16:32:37.996+0000] {processor.py:161} INFO - Started process (PID=3026) to work on /home/airflow/.local/lib/python3.8/site-packages/airflow/example_dags/tutorial_taskflow_api.py
[2025-03-27T16:32:37.997+0000] {processor.py:830} INFO - Processing file /home/airflow/.local/lib/python3.8/site-packages/airflow/example_dags/tutorial_taskflow_api.py for tasks to queue
[2025-03-27T16:32:37.999+0000] {logging_mixin.py:188} INFO - [2025-03-27T16:32:37.998+0000] {dagbag.py:538} INFO - Filling up the DagBag from /home/airflow/.local/lib/python3.8/site-packages/airflow/example_dags/tutorial_taskflow_api.py
[2025-03-27T16:32:38.008+0000] {processor.py:840} INFO - DAG(s) 'tutorial_taskflow_api' retrieved from /home/airflow/.local/lib/python3.8/site-packages/airflow/example_dags/tutorial_taskflow_api.py
[2025-03-27T16:32:38.036+0000] {logging_mixin.py:188} INFO - [2025-03-27T16:32:38.036+0000] {dag.py:3036} INFO - Sync 1 DAGs
[2025-03-27T16:32:38.055+0000] {logging_mixin.py:188} INFO - [2025-03-27T16:32:38.055+0000] {dag.py:3823} INFO - Setting next_dagrun for tutorial_taskflow_api to None, run_after=None
[2025-03-27T16:32:38.085+0000] {processor.py:183} INFO - Processing /home/airflow/.local/lib/python3.8/site-packages/airflow/example_dags/tutorial_taskflow_api.py took 0.094 seconds
[2025-03-27T16:33:08.920+0000] {processor.py:161} INFO - Started process (PID=3271) to work on /home/airflow/.local/lib/python3.8/site-packages/airflow/example_dags/tutorial_taskflow_api.py
[2025-03-27T16:33:08.921+0000] {processor.py:830} INFO - Processing file /home/airflow/.local/lib/python3.8/site-packages/airflow/example_dags/tutorial_taskflow_api.py for tasks to queue
[2025-03-27T16:33:08.922+0000] {logging_mixin.py:188} INFO - [2025-03-27T16:33:08.922+0000] {dagbag.py:538} INFO - Filling up the DagBag from /home/airflow/.local/lib/python3.8/site-packages/airflow/example_dags/tutorial_taskflow_api.py
[2025-03-27T16:33:08.928+0000] {processor.py:840} INFO - DAG(s) 'tutorial_taskflow_api' retrieved from /home/airflow/.local/lib/python3.8/site-packages/airflow/example_dags/tutorial_taskflow_api.py
[2025-03-27T16:33:08.953+0000] {logging_mixin.py:188} INFO - [2025-03-27T16:33:08.952+0000] {dag.py:3036} INFO - Sync 1 DAGs
[2025-03-27T16:33:08.965+0000] {logging_mixin.py:188} INFO - [2025-03-27T16:33:08.965+0000] {dag.py:3823} INFO - Setting next_dagrun for tutorial_taskflow_api to None, run_after=None
[2025-03-27T16:33:08.984+0000] {processor.py:183} INFO - Processing /home/airflow/.local/lib/python3.8/site-packages/airflow/example_dags/tutorial_taskflow_api.py took 0.068 seconds
[2025-03-27T16:33:39.094+0000] {processor.py:161} INFO - Started process (PID=3518) to work on /home/airflow/.local/lib/python3.8/site-packages/airflow/example_dags/tutorial_taskflow_api.py
[2025-03-27T16:33:39.095+0000] {processor.py:830} INFO - Processing file /home/airflow/.local/lib/python3.8/site-packages/airflow/example_dags/tutorial_taskflow_api.py for tasks to queue
[2025-03-27T16:33:39.096+0000] {logging_mixin.py:188} INFO - [2025-03-27T16:33:39.096+0000] {dagbag.py:538} INFO - Filling up the DagBag from /home/airflow/.local/lib/python3.8/site-packages/airflow/example_dags/tutorial_taskflow_api.py
[2025-03-27T16:33:39.102+0000] {processor.py:840} INFO - DAG(s) 'tutorial_taskflow_api' retrieved from /home/airflow/.local/lib/python3.8/site-packages/airflow/example_dags/tutorial_taskflow_api.py
[2025-03-27T16:33:39.119+0000] {logging_mixin.py:188} INFO - [2025-03-27T16:33:39.119+0000] {dag.py:3036} INFO - Sync 1 DAGs
[2025-03-27T16:33:39.131+0000] {logging_mixin.py:188} INFO - [2025-03-27T16:33:39.130+0000] {dag.py:3823} INFO - Setting next_dagrun for tutorial_taskflow_api to None, run_after=None
[2025-03-27T16:33:39.146+0000] {processor.py:183} INFO - Processing /home/airflow/.local/lib/python3.8/site-packages/airflow/example_dags/tutorial_taskflow_api.py took 0.055 seconds
[2025-03-27T16:34:09.548+0000] {processor.py:161} INFO - Started process (PID=3765) to work on /home/airflow/.local/lib/python3.8/site-packages/airflow/example_dags/tutorial_taskflow_api.py
[2025-03-27T16:34:09.550+0000] {processor.py:830} INFO - Processing file /home/airflow/.local/lib/python3.8/site-packages/airflow/example_dags/tutorial_taskflow_api.py for tasks to queue
[2025-03-27T16:34:09.551+0000] {logging_mixin.py:188} INFO - [2025-03-27T16:34:09.551+0000] {dagbag.py:538} INFO - Filling up the DagBag from /home/airflow/.local/lib/python3.8/site-packages/airflow/example_dags/tutorial_taskflow_api.py
[2025-03-27T16:34:09.557+0000] {processor.py:840} INFO - DAG(s) 'tutorial_taskflow_api' retrieved from /home/airflow/.local/lib/python3.8/site-packages/airflow/example_dags/tutorial_taskflow_api.py
[2025-03-27T16:34:09.577+0000] {logging_mixin.py:188} INFO - [2025-03-27T16:34:09.577+0000] {dag.py:3036} INFO - Sync 1 DAGs
[2025-03-27T16:34:09.588+0000] {logging_mixin.py:188} INFO - [2025-03-27T16:34:09.588+0000] {dag.py:3823} INFO - Setting next_dagrun for tutorial_taskflow_api to None, run_after=None
[2025-03-27T16:34:09.603+0000] {processor.py:183} INFO - Processing /home/airflow/.local/lib/python3.8/site-packages/airflow/example_dags/tutorial_taskflow_api.py took 0.059 seconds
[2025-03-27T16:34:39.921+0000] {processor.py:161} INFO - Started process (PID=4012) to work on /home/airflow/.local/lib/python3.8/site-packages/airflow/example_dags/tutorial_taskflow_api.py
[2025-03-27T16:34:39.922+0000] {processor.py:830} INFO - Processing file /home/airflow/.local/lib/python3.8/site-packages/airflow/example_dags/tutorial_taskflow_api.py for tasks to queue
[2025-03-27T16:34:39.923+0000] {logging_mixin.py:188} INFO - [2025-03-27T16:34:39.922+0000] {dagbag.py:538} INFO - Filling up the DagBag from /home/airflow/.local/lib/python3.8/site-packages/airflow/example_dags/tutorial_taskflow_api.py
[2025-03-27T16:34:39.928+0000] {processor.py:840} INFO - DAG(s) 'tutorial_taskflow_api' retrieved from /home/airflow/.local/lib/python3.8/site-packages/airflow/example_dags/tutorial_taskflow_api.py
[2025-03-27T16:34:39.946+0000] {logging_mixin.py:188} INFO - [2025-03-27T16:34:39.945+0000] {dag.py:3036} INFO - Sync 1 DAGs
[2025-03-27T16:34:39.957+0000] {logging_mixin.py:188} INFO - [2025-03-27T16:34:39.957+0000] {dag.py:3823} INFO - Setting next_dagrun for tutorial_taskflow_api to None, run_after=None
[2025-03-27T16:34:39.975+0000] {processor.py:183} INFO - Processing /home/airflow/.local/lib/python3.8/site-packages/airflow/example_dags/tutorial_taskflow_api.py took 0.057 seconds
[2025-03-27T16:35:10.340+0000] {processor.py:161} INFO - Started process (PID=4259) to work on /home/airflow/.local/lib/python3.8/site-packages/airflow/example_dags/tutorial_taskflow_api.py
[2025-03-27T16:35:10.341+0000] {processor.py:830} INFO - Processing file /home/airflow/.local/lib/python3.8/site-packages/airflow/example_dags/tutorial_taskflow_api.py for tasks to queue
[2025-03-27T16:35:10.342+0000] {logging_mixin.py:188} INFO - [2025-03-27T16:35:10.342+0000] {dagbag.py:538} INFO - Filling up the DagBag from /home/airflow/.local/lib/python3.8/site-packages/airflow/example_dags/tutorial_taskflow_api.py
[2025-03-27T16:35:10.347+0000] {processor.py:840} INFO - DAG(s) 'tutorial_taskflow_api' retrieved from /home/airflow/.local/lib/python3.8/site-packages/airflow/example_dags/tutorial_taskflow_api.py
[2025-03-27T16:35:10.367+0000] {logging_mixin.py:188} INFO - [2025-03-27T16:35:10.366+0000] {dag.py:3036} INFO - Sync 1 DAGs
[2025-03-27T16:35:10.379+0000] {logging_mixin.py:188} INFO - [2025-03-27T16:35:10.379+0000] {dag.py:3823} INFO - Setting next_dagrun for tutorial_taskflow_api to None, run_after=None
[2025-03-27T16:35:10.396+0000] {processor.py:183} INFO - Processing /home/airflow/.local/lib/python3.8/site-packages/airflow/example_dags/tutorial_taskflow_api.py took 0.058 seconds
[2025-03-27T16:35:41.341+0000] {processor.py:161} INFO - Started process (PID=4506) to work on /home/airflow/.local/lib/python3.8/site-packages/airflow/example_dags/tutorial_taskflow_api.py
[2025-03-27T16:35:41.341+0000] {processor.py:830} INFO - Processing file /home/airflow/.local/lib/python3.8/site-packages/airflow/example_dags/tutorial_taskflow_api.py for tasks to queue
[2025-03-27T16:35:41.342+0000] {logging_mixin.py:188} INFO - [2025-03-27T16:35:41.342+0000] {dagbag.py:538} INFO - Filling up the DagBag from /home/airflow/.local/lib/python3.8/site-packages/airflow/example_dags/tutorial_taskflow_api.py
[2025-03-27T16:35:41.347+0000] {processor.py:840} INFO - DAG(s) 'tutorial_taskflow_api' retrieved from /home/airflow/.local/lib/python3.8/site-packages/airflow/example_dags/tutorial_taskflow_api.py
[2025-03-27T16:35:41.365+0000] {logging_mixin.py:188} INFO - [2025-03-27T16:35:41.365+0000] {dag.py:3036} INFO - Sync 1 DAGs
[2025-03-27T16:35:41.378+0000] {logging_mixin.py:188} INFO - [2025-03-27T16:35:41.378+0000] {dag.py:3823} INFO - Setting next_dagrun for tutorial_taskflow_api to None, run_after=None
[2025-03-27T16:35:41.396+0000] {processor.py:183} INFO - Processing /home/airflow/.local/lib/python3.8/site-packages/airflow/example_dags/tutorial_taskflow_api.py took 0.058 seconds
[2025-03-27T16:36:12.209+0000] {processor.py:161} INFO - Started process (PID=4753) to work on /home/airflow/.local/lib/python3.8/site-packages/airflow/example_dags/tutorial_taskflow_api.py
[2025-03-27T16:36:12.210+0000] {processor.py:830} INFO - Processing file /home/airflow/.local/lib/python3.8/site-packages/airflow/example_dags/tutorial_taskflow_api.py for tasks to queue
[2025-03-27T16:36:12.211+0000] {logging_mixin.py:188} INFO - [2025-03-27T16:36:12.211+0000] {dagbag.py:538} INFO - Filling up the DagBag from /home/airflow/.local/lib/python3.8/site-packages/airflow/example_dags/tutorial_taskflow_api.py
[2025-03-27T16:36:12.217+0000] {processor.py:840} INFO - DAG(s) 'tutorial_taskflow_api' retrieved from /home/airflow/.local/lib/python3.8/site-packages/airflow/example_dags/tutorial_taskflow_api.py
[2025-03-27T16:36:12.238+0000] {logging_mixin.py:188} INFO - [2025-03-27T16:36:12.237+0000] {dag.py:3036} INFO - Sync 1 DAGs
[2025-03-27T16:36:12.249+0000] {logging_mixin.py:188} INFO - [2025-03-27T16:36:12.249+0000] {dag.py:3823} INFO - Setting next_dagrun for tutorial_taskflow_api to None, run_after=None
[2025-03-27T16:36:12.266+0000] {processor.py:183} INFO - Processing /home/airflow/.local/lib/python3.8/site-packages/airflow/example_dags/tutorial_taskflow_api.py took 0.060 seconds
[2025-03-27T16:36:42.685+0000] {processor.py:161} INFO - Started process (PID=5000) to work on /home/airflow/.local/lib/python3.8/site-packages/airflow/example_dags/tutorial_taskflow_api.py
[2025-03-27T16:36:42.686+0000] {processor.py:830} INFO - Processing file /home/airflow/.local/lib/python3.8/site-packages/airflow/example_dags/tutorial_taskflow_api.py for tasks to queue
[2025-03-27T16:36:42.687+0000] {logging_mixin.py:188} INFO - [2025-03-27T16:36:42.687+0000] {dagbag.py:538} INFO - Filling up the DagBag from /home/airflow/.local/lib/python3.8/site-packages/airflow/example_dags/tutorial_taskflow_api.py
[2025-03-27T16:36:42.692+0000] {processor.py:840} INFO - DAG(s) 'tutorial_taskflow_api' retrieved from /home/airflow/.local/lib/python3.8/site-packages/airflow/example_dags/tutorial_taskflow_api.py
[2025-03-27T16:36:42.709+0000] {logging_mixin.py:188} INFO - [2025-03-27T16:36:42.709+0000] {dag.py:3036} INFO - Sync 1 DAGs
[2025-03-27T16:36:42.721+0000] {logging_mixin.py:188} INFO - [2025-03-27T16:36:42.720+0000] {dag.py:3823} INFO - Setting next_dagrun for tutorial_taskflow_api to None, run_after=None
[2025-03-27T16:36:42.738+0000] {processor.py:183} INFO - Processing /home/airflow/.local/lib/python3.8/site-packages/airflow/example_dags/tutorial_taskflow_api.py took 0.056 seconds
[2025-03-27T16:37:13.429+0000] {processor.py:161} INFO - Started process (PID=5254) to work on /home/airflow/.local/lib/python3.8/site-packages/airflow/example_dags/tutorial_taskflow_api.py
[2025-03-27T16:37:13.429+0000] {processor.py:830} INFO - Processing file /home/airflow/.local/lib/python3.8/site-packages/airflow/example_dags/tutorial_taskflow_api.py for tasks to queue
[2025-03-27T16:37:13.430+0000] {logging_mixin.py:188} INFO - [2025-03-27T16:37:13.430+0000] {dagbag.py:538} INFO - Filling up the DagBag from /home/airflow/.local/lib/python3.8/site-packages/airflow/example_dags/tutorial_taskflow_api.py
[2025-03-27T16:37:13.436+0000] {processor.py:840} INFO - DAG(s) 'tutorial_taskflow_api' retrieved from /home/airflow/.local/lib/python3.8/site-packages/airflow/example_dags/tutorial_taskflow_api.py
[2025-03-27T16:37:13.455+0000] {logging_mixin.py:188} INFO - [2025-03-27T16:37:13.454+0000] {dag.py:3036} INFO - Sync 1 DAGs
[2025-03-27T16:37:13.466+0000] {logging_mixin.py:188} INFO - [2025-03-27T16:37:13.466+0000] {dag.py:3823} INFO - Setting next_dagrun for tutorial_taskflow_api to None, run_after=None
[2025-03-27T16:37:13.485+0000] {processor.py:183} INFO - Processing /home/airflow/.local/lib/python3.8/site-packages/airflow/example_dags/tutorial_taskflow_api.py took 0.059 seconds
[2025-03-27T16:37:43.558+0000] {processor.py:161} INFO - Started process (PID=5506) to work on /home/airflow/.local/lib/python3.8/site-packages/airflow/example_dags/tutorial_taskflow_api.py
[2025-03-27T16:37:43.559+0000] {processor.py:830} INFO - Processing file /home/airflow/.local/lib/python3.8/site-packages/airflow/example_dags/tutorial_taskflow_api.py for tasks to queue
[2025-03-27T16:37:43.560+0000] {logging_mixin.py:188} INFO - [2025-03-27T16:37:43.560+0000] {dagbag.py:538} INFO - Filling up the DagBag from /home/airflow/.local/lib/python3.8/site-packages/airflow/example_dags/tutorial_taskflow_api.py
[2025-03-27T16:37:43.565+0000] {processor.py:840} INFO - DAG(s) 'tutorial_taskflow_api' retrieved from /home/airflow/.local/lib/python3.8/site-packages/airflow/example_dags/tutorial_taskflow_api.py
[2025-03-27T16:37:43.584+0000] {logging_mixin.py:188} INFO - [2025-03-27T16:37:43.584+0000] {dag.py:3036} INFO - Sync 1 DAGs
[2025-03-27T16:37:43.595+0000] {logging_mixin.py:188} INFO - [2025-03-27T16:37:43.595+0000] {dag.py:3823} INFO - Setting next_dagrun for tutorial_taskflow_api to None, run_after=None
[2025-03-27T16:37:43.612+0000] {processor.py:183} INFO - Processing /home/airflow/.local/lib/python3.8/site-packages/airflow/example_dags/tutorial_taskflow_api.py took 0.056 seconds
[2025-03-27T16:38:13.688+0000] {processor.py:161} INFO - Started process (PID=5756) to work on /home/airflow/.local/lib/python3.8/site-packages/airflow/example_dags/tutorial_taskflow_api.py
[2025-03-27T16:38:13.689+0000] {processor.py:830} INFO - Processing file /home/airflow/.local/lib/python3.8/site-packages/airflow/example_dags/tutorial_taskflow_api.py for tasks to queue
[2025-03-27T16:38:13.690+0000] {logging_mixin.py:188} INFO - [2025-03-27T16:38:13.689+0000] {dagbag.py:538} INFO - Filling up the DagBag from /home/airflow/.local/lib/python3.8/site-packages/airflow/example_dags/tutorial_taskflow_api.py
[2025-03-27T16:38:13.695+0000] {processor.py:840} INFO - DAG(s) 'tutorial_taskflow_api' retrieved from /home/airflow/.local/lib/python3.8/site-packages/airflow/example_dags/tutorial_taskflow_api.py
[2025-03-27T16:38:13.714+0000] {logging_mixin.py:188} INFO - [2025-03-27T16:38:13.714+0000] {dag.py:3036} INFO - Sync 1 DAGs
[2025-03-27T16:38:13.726+0000] {logging_mixin.py:188} INFO - [2025-03-27T16:38:13.725+0000] {dag.py:3823} INFO - Setting next_dagrun for tutorial_taskflow_api to None, run_after=None
[2025-03-27T16:38:13.742+0000] {processor.py:183} INFO - Processing /home/airflow/.local/lib/python3.8/site-packages/airflow/example_dags/tutorial_taskflow_api.py took 0.057 seconds
[2025-03-27T16:38:44.253+0000] {processor.py:161} INFO - Started process (PID=6008) to work on /home/airflow/.local/lib/python3.8/site-packages/airflow/example_dags/tutorial_taskflow_api.py
[2025-03-27T16:38:44.255+0000] {processor.py:830} INFO - Processing file /home/airflow/.local/lib/python3.8/site-packages/airflow/example_dags/tutorial_taskflow_api.py for tasks to queue
[2025-03-27T16:38:44.256+0000] {logging_mixin.py:188} INFO - [2025-03-27T16:38:44.256+0000] {dagbag.py:538} INFO - Filling up the DagBag from /home/airflow/.local/lib/python3.8/site-packages/airflow/example_dags/tutorial_taskflow_api.py
[2025-03-27T16:38:44.264+0000] {processor.py:840} INFO - DAG(s) 'tutorial_taskflow_api' retrieved from /home/airflow/.local/lib/python3.8/site-packages/airflow/example_dags/tutorial_taskflow_api.py
[2025-03-27T16:38:44.288+0000] {logging_mixin.py:188} INFO - [2025-03-27T16:38:44.288+0000] {dag.py:3036} INFO - Sync 1 DAGs
[2025-03-27T16:38:44.305+0000] {logging_mixin.py:188} INFO - [2025-03-27T16:38:44.304+0000] {dag.py:3823} INFO - Setting next_dagrun for tutorial_taskflow_api to None, run_after=None
[2025-03-27T16:38:44.326+0000] {processor.py:183} INFO - Processing /home/airflow/.local/lib/python3.8/site-packages/airflow/example_dags/tutorial_taskflow_api.py took 0.076 seconds
[2025-03-27T16:39:15.205+0000] {processor.py:161} INFO - Started process (PID=6280) to work on /home/airflow/.local/lib/python3.8/site-packages/airflow/example_dags/tutorial_taskflow_api.py
[2025-03-27T16:39:15.206+0000] {processor.py:830} INFO - Processing file /home/airflow/.local/lib/python3.8/site-packages/airflow/example_dags/tutorial_taskflow_api.py for tasks to queue
[2025-03-27T16:39:15.207+0000] {logging_mixin.py:188} INFO - [2025-03-27T16:39:15.206+0000] {dagbag.py:538} INFO - Filling up the DagBag from /home/airflow/.local/lib/python3.8/site-packages/airflow/example_dags/tutorial_taskflow_api.py
[2025-03-27T16:39:15.212+0000] {processor.py:840} INFO - DAG(s) 'tutorial_taskflow_api' retrieved from /home/airflow/.local/lib/python3.8/site-packages/airflow/example_dags/tutorial_taskflow_api.py
[2025-03-27T16:39:15.229+0000] {logging_mixin.py:188} INFO - [2025-03-27T16:39:15.229+0000] {dag.py:3036} INFO - Sync 1 DAGs
[2025-03-27T16:39:15.241+0000] {logging_mixin.py:188} INFO - [2025-03-27T16:39:15.240+0000] {dag.py:3823} INFO - Setting next_dagrun for tutorial_taskflow_api to None, run_after=None
[2025-03-27T16:39:15.256+0000] {processor.py:183} INFO - Processing /home/airflow/.local/lib/python3.8/site-packages/airflow/example_dags/tutorial_taskflow_api.py took 0.054 seconds
[2025-03-27T16:39:45.540+0000] {processor.py:161} INFO - Started process (PID=6539) to work on /home/airflow/.local/lib/python3.8/site-packages/airflow/example_dags/tutorial_taskflow_api.py
[2025-03-27T16:39:45.541+0000] {processor.py:830} INFO - Processing file /home/airflow/.local/lib/python3.8/site-packages/airflow/example_dags/tutorial_taskflow_api.py for tasks to queue
[2025-03-27T16:39:45.542+0000] {logging_mixin.py:188} INFO - [2025-03-27T16:39:45.541+0000] {dagbag.py:538} INFO - Filling up the DagBag from /home/airflow/.local/lib/python3.8/site-packages/airflow/example_dags/tutorial_taskflow_api.py
[2025-03-27T16:39:45.547+0000] {processor.py:840} INFO - DAG(s) 'tutorial_taskflow_api' retrieved from /home/airflow/.local/lib/python3.8/site-packages/airflow/example_dags/tutorial_taskflow_api.py
[2025-03-27T16:39:45.565+0000] {logging_mixin.py:188} INFO - [2025-03-27T16:39:45.565+0000] {dag.py:3036} INFO - Sync 1 DAGs
[2025-03-27T16:39:45.576+0000] {logging_mixin.py:188} INFO - [2025-03-27T16:39:45.576+0000] {dag.py:3823} INFO - Setting next_dagrun for tutorial_taskflow_api to None, run_after=None
[2025-03-27T16:39:45.593+0000] {processor.py:183} INFO - Processing /home/airflow/.local/lib/python3.8/site-packages/airflow/example_dags/tutorial_taskflow_api.py took 0.056 seconds
[2025-03-27T16:40:15.853+0000] {processor.py:161} INFO - Started process (PID=6789) to work on /home/airflow/.local/lib/python3.8/site-packages/airflow/example_dags/tutorial_taskflow_api.py
[2025-03-27T16:40:15.854+0000] {processor.py:830} INFO - Processing file /home/airflow/.local/lib/python3.8/site-packages/airflow/example_dags/tutorial_taskflow_api.py for tasks to queue
[2025-03-27T16:40:15.855+0000] {logging_mixin.py:188} INFO - [2025-03-27T16:40:15.855+0000] {dagbag.py:538} INFO - Filling up the DagBag from /home/airflow/.local/lib/python3.8/site-packages/airflow/example_dags/tutorial_taskflow_api.py
[2025-03-27T16:40:15.861+0000] {processor.py:840} INFO - DAG(s) 'tutorial_taskflow_api' retrieved from /home/airflow/.local/lib/python3.8/site-packages/airflow/example_dags/tutorial_taskflow_api.py
[2025-03-27T16:40:15.883+0000] {logging_mixin.py:188} INFO - [2025-03-27T16:40:15.882+0000] {dag.py:3036} INFO - Sync 1 DAGs
[2025-03-27T16:40:15.897+0000] {logging_mixin.py:188} INFO - [2025-03-27T16:40:15.897+0000] {dag.py:3823} INFO - Setting next_dagrun for tutorial_taskflow_api to None, run_after=None
[2025-03-27T16:40:15.922+0000] {processor.py:183} INFO - Processing /home/airflow/.local/lib/python3.8/site-packages/airflow/example_dags/tutorial_taskflow_api.py took 0.072 seconds
[2025-03-27T16:40:46.954+0000] {processor.py:161} INFO - Started process (PID=7041) to work on /home/airflow/.local/lib/python3.8/site-packages/airflow/example_dags/tutorial_taskflow_api.py
[2025-03-27T16:40:46.955+0000] {processor.py:830} INFO - Processing file /home/airflow/.local/lib/python3.8/site-packages/airflow/example_dags/tutorial_taskflow_api.py for tasks to queue
[2025-03-27T16:40:46.955+0000] {logging_mixin.py:188} INFO - [2025-03-27T16:40:46.955+0000] {dagbag.py:538} INFO - Filling up the DagBag from /home/airflow/.local/lib/python3.8/site-packages/airflow/example_dags/tutorial_taskflow_api.py
[2025-03-27T16:40:46.961+0000] {processor.py:840} INFO - DAG(s) 'tutorial_taskflow_api' retrieved from /home/airflow/.local/lib/python3.8/site-packages/airflow/example_dags/tutorial_taskflow_api.py
[2025-03-27T16:40:46.980+0000] {logging_mixin.py:188} INFO - [2025-03-27T16:40:46.979+0000] {dag.py:3036} INFO - Sync 1 DAGs
[2025-03-27T16:40:46.990+0000] {logging_mixin.py:188} INFO - [2025-03-27T16:40:46.990+0000] {dag.py:3823} INFO - Setting next_dagrun for tutorial_taskflow_api to None, run_after=None
[2025-03-27T16:40:47.006+0000] {processor.py:183} INFO - Processing /home/airflow/.local/lib/python3.8/site-packages/airflow/example_dags/tutorial_taskflow_api.py took 0.055 seconds
[2025-03-27T16:41:17.146+0000] {processor.py:161} INFO - Started process (PID=7303) to work on /home/airflow/.local/lib/python3.8/site-packages/airflow/example_dags/tutorial_taskflow_api.py
[2025-03-27T16:41:17.147+0000] {processor.py:830} INFO - Processing file /home/airflow/.local/lib/python3.8/site-packages/airflow/example_dags/tutorial_taskflow_api.py for tasks to queue
[2025-03-27T16:41:17.148+0000] {logging_mixin.py:188} INFO - [2025-03-27T16:41:17.147+0000] {dagbag.py:538} INFO - Filling up the DagBag from /home/airflow/.local/lib/python3.8/site-packages/airflow/example_dags/tutorial_taskflow_api.py
[2025-03-27T16:41:17.153+0000] {processor.py:840} INFO - DAG(s) 'tutorial_taskflow_api' retrieved from /home/airflow/.local/lib/python3.8/site-packages/airflow/example_dags/tutorial_taskflow_api.py
[2025-03-27T16:41:17.172+0000] {logging_mixin.py:188} INFO - [2025-03-27T16:41:17.172+0000] {dag.py:3036} INFO - Sync 1 DAGs
[2025-03-27T16:41:17.185+0000] {logging_mixin.py:188} INFO - [2025-03-27T16:41:17.184+0000] {dag.py:3823} INFO - Setting next_dagrun for tutorial_taskflow_api to None, run_after=None
[2025-03-27T16:41:17.202+0000] {processor.py:183} INFO - Processing /home/airflow/.local/lib/python3.8/site-packages/airflow/example_dags/tutorial_taskflow_api.py took 0.059 seconds
[2025-03-27T16:41:47.319+0000] {processor.py:161} INFO - Started process (PID=7555) to work on /home/airflow/.local/lib/python3.8/site-packages/airflow/example_dags/tutorial_taskflow_api.py
[2025-03-27T16:41:47.320+0000] {processor.py:830} INFO - Processing file /home/airflow/.local/lib/python3.8/site-packages/airflow/example_dags/tutorial_taskflow_api.py for tasks to queue
[2025-03-27T16:41:47.321+0000] {logging_mixin.py:188} INFO - [2025-03-27T16:41:47.320+0000] {dagbag.py:538} INFO - Filling up the DagBag from /home/airflow/.local/lib/python3.8/site-packages/airflow/example_dags/tutorial_taskflow_api.py
[2025-03-27T16:41:47.326+0000] {processor.py:840} INFO - DAG(s) 'tutorial_taskflow_api' retrieved from /home/airflow/.local/lib/python3.8/site-packages/airflow/example_dags/tutorial_taskflow_api.py
[2025-03-27T16:41:47.347+0000] {logging_mixin.py:188} INFO - [2025-03-27T16:41:47.346+0000] {dag.py:3036} INFO - Sync 1 DAGs
[2025-03-27T16:41:47.359+0000] {logging_mixin.py:188} INFO - [2025-03-27T16:41:47.359+0000] {dag.py:3823} INFO - Setting next_dagrun for tutorial_taskflow_api to None, run_after=None
[2025-03-27T16:41:47.380+0000] {processor.py:183} INFO - Processing /home/airflow/.local/lib/python3.8/site-packages/airflow/example_dags/tutorial_taskflow_api.py took 0.065 seconds
[2025-03-27T16:42:17.437+0000] {processor.py:161} INFO - Started process (PID=7802) to work on /home/airflow/.local/lib/python3.8/site-packages/airflow/example_dags/tutorial_taskflow_api.py
[2025-03-27T16:42:17.438+0000] {processor.py:830} INFO - Processing file /home/airflow/.local/lib/python3.8/site-packages/airflow/example_dags/tutorial_taskflow_api.py for tasks to queue
[2025-03-27T16:42:17.439+0000] {logging_mixin.py:188} INFO - [2025-03-27T16:42:17.438+0000] {dagbag.py:538} INFO - Filling up the DagBag from /home/airflow/.local/lib/python3.8/site-packages/airflow/example_dags/tutorial_taskflow_api.py
[2025-03-27T16:42:17.444+0000] {processor.py:840} INFO - DAG(s) 'tutorial_taskflow_api' retrieved from /home/airflow/.local/lib/python3.8/site-packages/airflow/example_dags/tutorial_taskflow_api.py
[2025-03-27T16:42:17.461+0000] {logging_mixin.py:188} INFO - [2025-03-27T16:42:17.461+0000] {dag.py:3036} INFO - Sync 1 DAGs
[2025-03-27T16:42:17.472+0000] {logging_mixin.py:188} INFO - [2025-03-27T16:42:17.471+0000] {dag.py:3823} INFO - Setting next_dagrun for tutorial_taskflow_api to None, run_after=None
[2025-03-27T16:42:17.488+0000] {processor.py:183} INFO - Processing /home/airflow/.local/lib/python3.8/site-packages/airflow/example_dags/tutorial_taskflow_api.py took 0.054 seconds
[2025-03-27T16:42:47.799+0000] {processor.py:161} INFO - Started process (PID=8054) to work on /home/airflow/.local/lib/python3.8/site-packages/airflow/example_dags/tutorial_taskflow_api.py
[2025-03-27T16:42:47.800+0000] {processor.py:830} INFO - Processing file /home/airflow/.local/lib/python3.8/site-packages/airflow/example_dags/tutorial_taskflow_api.py for tasks to queue
[2025-03-27T16:42:47.800+0000] {logging_mixin.py:188} INFO - [2025-03-27T16:42:47.800+0000] {dagbag.py:538} INFO - Filling up the DagBag from /home/airflow/.local/lib/python3.8/site-packages/airflow/example_dags/tutorial_taskflow_api.py
[2025-03-27T16:42:47.805+0000] {processor.py:840} INFO - DAG(s) 'tutorial_taskflow_api' retrieved from /home/airflow/.local/lib/python3.8/site-packages/airflow/example_dags/tutorial_taskflow_api.py
[2025-03-27T16:42:47.822+0000] {logging_mixin.py:188} INFO - [2025-03-27T16:42:47.822+0000] {dag.py:3036} INFO - Sync 1 DAGs
[2025-03-27T16:42:47.833+0000] {logging_mixin.py:188} INFO - [2025-03-27T16:42:47.833+0000] {dag.py:3823} INFO - Setting next_dagrun for tutorial_taskflow_api to None, run_after=None
[2025-03-27T16:42:47.848+0000] {processor.py:183} INFO - Processing /home/airflow/.local/lib/python3.8/site-packages/airflow/example_dags/tutorial_taskflow_api.py took 0.052 seconds
[2025-03-27T16:43:18.103+0000] {processor.py:161} INFO - Started process (PID=8316) to work on /home/airflow/.local/lib/python3.8/site-packages/airflow/example_dags/tutorial_taskflow_api.py
[2025-03-27T16:43:18.104+0000] {processor.py:830} INFO - Processing file /home/airflow/.local/lib/python3.8/site-packages/airflow/example_dags/tutorial_taskflow_api.py for tasks to queue
[2025-03-27T16:43:18.105+0000] {logging_mixin.py:188} INFO - [2025-03-27T16:43:18.105+0000] {dagbag.py:538} INFO - Filling up the DagBag from /home/airflow/.local/lib/python3.8/site-packages/airflow/example_dags/tutorial_taskflow_api.py
[2025-03-27T16:43:18.111+0000] {processor.py:840} INFO - DAG(s) 'tutorial_taskflow_api' retrieved from /home/airflow/.local/lib/python3.8/site-packages/airflow/example_dags/tutorial_taskflow_api.py
[2025-03-27T16:43:18.130+0000] {logging_mixin.py:188} INFO - [2025-03-27T16:43:18.130+0000] {dag.py:3036} INFO - Sync 1 DAGs
[2025-03-27T16:43:18.142+0000] {logging_mixin.py:188} INFO - [2025-03-27T16:43:18.142+0000] {dag.py:3823} INFO - Setting next_dagrun for tutorial_taskflow_api to None, run_after=None
[2025-03-27T16:43:18.162+0000] {processor.py:183} INFO - Processing /home/airflow/.local/lib/python3.8/site-packages/airflow/example_dags/tutorial_taskflow_api.py took 0.061 seconds
[2025-03-27T16:43:48.254+0000] {processor.py:161} INFO - Started process (PID=8632) to work on /home/airflow/.local/lib/python3.8/site-packages/airflow/example_dags/tutorial_taskflow_api.py
[2025-03-27T16:43:48.255+0000] {processor.py:830} INFO - Processing file /home/airflow/.local/lib/python3.8/site-packages/airflow/example_dags/tutorial_taskflow_api.py for tasks to queue
[2025-03-27T16:43:48.256+0000] {logging_mixin.py:188} INFO - [2025-03-27T16:43:48.255+0000] {dagbag.py:538} INFO - Filling up the DagBag from /home/airflow/.local/lib/python3.8/site-packages/airflow/example_dags/tutorial_taskflow_api.py
[2025-03-27T16:43:48.261+0000] {processor.py:840} INFO - DAG(s) 'tutorial_taskflow_api' retrieved from /home/airflow/.local/lib/python3.8/site-packages/airflow/example_dags/tutorial_taskflow_api.py
[2025-03-27T16:43:48.285+0000] {logging_mixin.py:188} INFO - [2025-03-27T16:43:48.285+0000] {dag.py:3036} INFO - Sync 1 DAGs
[2025-03-27T16:43:48.299+0000] {logging_mixin.py:188} INFO - [2025-03-27T16:43:48.299+0000] {dag.py:3823} INFO - Setting next_dagrun for tutorial_taskflow_api to None, run_after=None
[2025-03-27T16:43:48.317+0000] {processor.py:183} INFO - Processing /home/airflow/.local/lib/python3.8/site-packages/airflow/example_dags/tutorial_taskflow_api.py took 0.066 seconds
[2025-03-27T16:44:18.658+0000] {processor.py:161} INFO - Started process (PID=8904) to work on /home/airflow/.local/lib/python3.8/site-packages/airflow/example_dags/tutorial_taskflow_api.py
[2025-03-27T16:44:18.660+0000] {processor.py:830} INFO - Processing file /home/airflow/.local/lib/python3.8/site-packages/airflow/example_dags/tutorial_taskflow_api.py for tasks to queue
[2025-03-27T16:44:18.662+0000] {logging_mixin.py:188} INFO - [2025-03-27T16:44:18.662+0000] {dagbag.py:538} INFO - Filling up the DagBag from /home/airflow/.local/lib/python3.8/site-packages/airflow/example_dags/tutorial_taskflow_api.py
[2025-03-27T16:44:18.673+0000] {processor.py:840} INFO - DAG(s) 'tutorial_taskflow_api' retrieved from /home/airflow/.local/lib/python3.8/site-packages/airflow/example_dags/tutorial_taskflow_api.py
[2025-03-27T16:44:18.705+0000] {logging_mixin.py:188} INFO - [2025-03-27T16:44:18.704+0000] {dag.py:3036} INFO - Sync 1 DAGs
[2025-03-27T16:44:18.722+0000] {logging_mixin.py:188} INFO - [2025-03-27T16:44:18.722+0000] {dag.py:3823} INFO - Setting next_dagrun for tutorial_taskflow_api to None, run_after=None
[2025-03-27T16:44:18.749+0000] {processor.py:183} INFO - Processing /home/airflow/.local/lib/python3.8/site-packages/airflow/example_dags/tutorial_taskflow_api.py took 0.096 seconds
[2025-03-27T16:44:48.822+0000] {processor.py:161} INFO - Started process (PID=9156) to work on /home/airflow/.local/lib/python3.8/site-packages/airflow/example_dags/tutorial_taskflow_api.py
[2025-03-27T16:44:48.823+0000] {processor.py:830} INFO - Processing file /home/airflow/.local/lib/python3.8/site-packages/airflow/example_dags/tutorial_taskflow_api.py for tasks to queue
[2025-03-27T16:44:48.824+0000] {logging_mixin.py:188} INFO - [2025-03-27T16:44:48.824+0000] {dagbag.py:538} INFO - Filling up the DagBag from /home/airflow/.local/lib/python3.8/site-packages/airflow/example_dags/tutorial_taskflow_api.py
[2025-03-27T16:44:48.829+0000] {processor.py:840} INFO - DAG(s) 'tutorial_taskflow_api' retrieved from /home/airflow/.local/lib/python3.8/site-packages/airflow/example_dags/tutorial_taskflow_api.py
[2025-03-27T16:44:48.849+0000] {logging_mixin.py:188} INFO - [2025-03-27T16:44:48.849+0000] {dag.py:3036} INFO - Sync 1 DAGs
[2025-03-27T16:44:48.861+0000] {logging_mixin.py:188} INFO - [2025-03-27T16:44:48.861+0000] {dag.py:3823} INFO - Setting next_dagrun for tutorial_taskflow_api to None, run_after=None
[2025-03-27T16:44:48.879+0000] {processor.py:183} INFO - Processing /home/airflow/.local/lib/python3.8/site-packages/airflow/example_dags/tutorial_taskflow_api.py took 0.061 seconds
[2025-03-27T16:45:18.925+0000] {processor.py:161} INFO - Started process (PID=9408) to work on /home/airflow/.local/lib/python3.8/site-packages/airflow/example_dags/tutorial_taskflow_api.py
[2025-03-27T16:45:18.926+0000] {processor.py:830} INFO - Processing file /home/airflow/.local/lib/python3.8/site-packages/airflow/example_dags/tutorial_taskflow_api.py for tasks to queue
[2025-03-27T16:45:18.927+0000] {logging_mixin.py:188} INFO - [2025-03-27T16:45:18.927+0000] {dagbag.py:538} INFO - Filling up the DagBag from /home/airflow/.local/lib/python3.8/site-packages/airflow/example_dags/tutorial_taskflow_api.py
[2025-03-27T16:45:18.932+0000] {processor.py:840} INFO - DAG(s) 'tutorial_taskflow_api' retrieved from /home/airflow/.local/lib/python3.8/site-packages/airflow/example_dags/tutorial_taskflow_api.py
[2025-03-27T16:45:18.952+0000] {logging_mixin.py:188} INFO - [2025-03-27T16:45:18.951+0000] {dag.py:3036} INFO - Sync 1 DAGs
[2025-03-27T16:45:18.964+0000] {logging_mixin.py:188} INFO - [2025-03-27T16:45:18.963+0000] {dag.py:3823} INFO - Setting next_dagrun for tutorial_taskflow_api to None, run_after=None
[2025-03-27T16:45:18.987+0000] {processor.py:183} INFO - Processing /home/airflow/.local/lib/python3.8/site-packages/airflow/example_dags/tutorial_taskflow_api.py took 0.065 seconds
[2025-03-27T16:45:50.806+0000] {processor.py:161} INFO - Started process (PID=9994) to work on /home/airflow/.local/lib/python3.8/site-packages/airflow/example_dags/tutorial_taskflow_api.py
[2025-03-27T16:45:50.826+0000] {processor.py:830} INFO - Processing file /home/airflow/.local/lib/python3.8/site-packages/airflow/example_dags/tutorial_taskflow_api.py for tasks to queue
[2025-03-27T16:45:50.838+0000] {logging_mixin.py:188} INFO - [2025-03-27T16:45:50.837+0000] {dagbag.py:538} INFO - Filling up the DagBag from /home/airflow/.local/lib/python3.8/site-packages/airflow/example_dags/tutorial_taskflow_api.py
[2025-03-27T16:45:50.868+0000] {processor.py:840} INFO - DAG(s) 'tutorial_taskflow_api' retrieved from /home/airflow/.local/lib/python3.8/site-packages/airflow/example_dags/tutorial_taskflow_api.py
[2025-03-27T16:45:50.960+0000] {logging_mixin.py:188} INFO - [2025-03-27T16:45:50.959+0000] {dag.py:3036} INFO - Sync 1 DAGs
[2025-03-27T16:45:51.007+0000] {logging_mixin.py:188} INFO - [2025-03-27T16:45:51.007+0000] {dag.py:3823} INFO - Setting next_dagrun for tutorial_taskflow_api to None, run_after=None
[2025-03-27T16:45:51.072+0000] {processor.py:183} INFO - Processing /home/airflow/.local/lib/python3.8/site-packages/airflow/example_dags/tutorial_taskflow_api.py took 0.289 seconds
[2025-03-27T16:46:21.455+0000] {processor.py:161} INFO - Started process (PID=10652) to work on /home/airflow/.local/lib/python3.8/site-packages/airflow/example_dags/tutorial_taskflow_api.py
[2025-03-27T16:46:21.457+0000] {processor.py:830} INFO - Processing file /home/airflow/.local/lib/python3.8/site-packages/airflow/example_dags/tutorial_taskflow_api.py for tasks to queue
[2025-03-27T16:46:21.460+0000] {logging_mixin.py:188} INFO - [2025-03-27T16:46:21.459+0000] {dagbag.py:538} INFO - Filling up the DagBag from /home/airflow/.local/lib/python3.8/site-packages/airflow/example_dags/tutorial_taskflow_api.py
[2025-03-27T16:46:21.473+0000] {processor.py:840} INFO - DAG(s) 'tutorial_taskflow_api' retrieved from /home/airflow/.local/lib/python3.8/site-packages/airflow/example_dags/tutorial_taskflow_api.py
[2025-03-27T16:46:21.516+0000] {logging_mixin.py:188} INFO - [2025-03-27T16:46:21.516+0000] {dag.py:3036} INFO - Sync 1 DAGs
[2025-03-27T16:46:21.542+0000] {logging_mixin.py:188} INFO - [2025-03-27T16:46:21.542+0000] {dag.py:3823} INFO - Setting next_dagrun for tutorial_taskflow_api to None, run_after=None
[2025-03-27T16:46:21.581+0000] {processor.py:183} INFO - Processing /home/airflow/.local/lib/python3.8/site-packages/airflow/example_dags/tutorial_taskflow_api.py took 0.133 seconds
[2025-03-27T16:46:52.489+0000] {processor.py:161} INFO - Started process (PID=11344) to work on /home/airflow/.local/lib/python3.8/site-packages/airflow/example_dags/tutorial_taskflow_api.py
[2025-03-27T16:46:52.491+0000] {processor.py:830} INFO - Processing file /home/airflow/.local/lib/python3.8/site-packages/airflow/example_dags/tutorial_taskflow_api.py for tasks to queue
[2025-03-27T16:46:52.492+0000] {logging_mixin.py:188} INFO - [2025-03-27T16:46:52.491+0000] {dagbag.py:538} INFO - Filling up the DagBag from /home/airflow/.local/lib/python3.8/site-packages/airflow/example_dags/tutorial_taskflow_api.py
[2025-03-27T16:46:52.498+0000] {processor.py:840} INFO - DAG(s) 'tutorial_taskflow_api' retrieved from /home/airflow/.local/lib/python3.8/site-packages/airflow/example_dags/tutorial_taskflow_api.py
[2025-03-27T16:46:52.522+0000] {logging_mixin.py:188} INFO - [2025-03-27T16:46:52.522+0000] {dag.py:3036} INFO - Sync 1 DAGs
[2025-03-27T16:46:52.539+0000] {logging_mixin.py:188} INFO - [2025-03-27T16:46:52.538+0000] {dag.py:3823} INFO - Setting next_dagrun for tutorial_taskflow_api to None, run_after=None
[2025-03-27T16:46:52.561+0000] {processor.py:183} INFO - Processing /home/airflow/.local/lib/python3.8/site-packages/airflow/example_dags/tutorial_taskflow_api.py took 0.075 seconds
[2025-03-27T16:47:22.914+0000] {processor.py:161} INFO - Started process (PID=12014) to work on /home/airflow/.local/lib/python3.8/site-packages/airflow/example_dags/tutorial_taskflow_api.py
[2025-03-27T16:47:22.917+0000] {processor.py:830} INFO - Processing file /home/airflow/.local/lib/python3.8/site-packages/airflow/example_dags/tutorial_taskflow_api.py for tasks to queue
[2025-03-27T16:47:22.918+0000] {logging_mixin.py:188} INFO - [2025-03-27T16:47:22.918+0000] {dagbag.py:538} INFO - Filling up the DagBag from /home/airflow/.local/lib/python3.8/site-packages/airflow/example_dags/tutorial_taskflow_api.py
[2025-03-27T16:47:22.936+0000] {processor.py:840} INFO - DAG(s) 'tutorial_taskflow_api' retrieved from /home/airflow/.local/lib/python3.8/site-packages/airflow/example_dags/tutorial_taskflow_api.py
[2025-03-27T16:47:22.980+0000] {logging_mixin.py:188} INFO - [2025-03-27T16:47:22.980+0000] {dag.py:3036} INFO - Sync 1 DAGs
[2025-03-27T16:47:23.005+0000] {logging_mixin.py:188} INFO - [2025-03-27T16:47:23.004+0000] {dag.py:3823} INFO - Setting next_dagrun for tutorial_taskflow_api to None, run_after=None
[2025-03-27T16:47:23.042+0000] {processor.py:183} INFO - Processing /home/airflow/.local/lib/python3.8/site-packages/airflow/example_dags/tutorial_taskflow_api.py took 0.133 seconds
[2025-03-27T16:47:53.701+0000] {processor.py:161} INFO - Started process (PID=12711) to work on /home/airflow/.local/lib/python3.8/site-packages/airflow/example_dags/tutorial_taskflow_api.py
[2025-03-27T16:47:53.703+0000] {processor.py:830} INFO - Processing file /home/airflow/.local/lib/python3.8/site-packages/airflow/example_dags/tutorial_taskflow_api.py for tasks to queue
[2025-03-27T16:47:53.705+0000] {logging_mixin.py:188} INFO - [2025-03-27T16:47:53.705+0000] {dagbag.py:538} INFO - Filling up the DagBag from /home/airflow/.local/lib/python3.8/site-packages/airflow/example_dags/tutorial_taskflow_api.py
[2025-03-27T16:47:53.718+0000] {processor.py:840} INFO - DAG(s) 'tutorial_taskflow_api' retrieved from /home/airflow/.local/lib/python3.8/site-packages/airflow/example_dags/tutorial_taskflow_api.py
[2025-03-27T16:47:53.760+0000] {logging_mixin.py:188} INFO - [2025-03-27T16:47:53.759+0000] {dag.py:3036} INFO - Sync 1 DAGs
[2025-03-27T16:47:53.792+0000] {logging_mixin.py:188} INFO - [2025-03-27T16:47:53.792+0000] {dag.py:3823} INFO - Setting next_dagrun for tutorial_taskflow_api to None, run_after=None
[2025-03-27T16:47:53.839+0000] {processor.py:183} INFO - Processing /home/airflow/.local/lib/python3.8/site-packages/airflow/example_dags/tutorial_taskflow_api.py took 0.143 seconds
[2025-03-27T16:48:23.928+0000] {processor.py:161} INFO - Started process (PID=13415) to work on /home/airflow/.local/lib/python3.8/site-packages/airflow/example_dags/tutorial_taskflow_api.py
[2025-03-27T16:48:23.930+0000] {processor.py:830} INFO - Processing file /home/airflow/.local/lib/python3.8/site-packages/airflow/example_dags/tutorial_taskflow_api.py for tasks to queue
[2025-03-27T16:48:23.931+0000] {logging_mixin.py:188} INFO - [2025-03-27T16:48:23.931+0000] {dagbag.py:538} INFO - Filling up the DagBag from /home/airflow/.local/lib/python3.8/site-packages/airflow/example_dags/tutorial_taskflow_api.py
[2025-03-27T16:48:23.938+0000] {processor.py:840} INFO - DAG(s) 'tutorial_taskflow_api' retrieved from /home/airflow/.local/lib/python3.8/site-packages/airflow/example_dags/tutorial_taskflow_api.py
[2025-03-27T16:48:23.963+0000] {logging_mixin.py:188} INFO - [2025-03-27T16:48:23.963+0000] {dag.py:3036} INFO - Sync 1 DAGs
[2025-03-27T16:48:23.979+0000] {logging_mixin.py:188} INFO - [2025-03-27T16:48:23.978+0000] {dag.py:3823} INFO - Setting next_dagrun for tutorial_taskflow_api to None, run_after=None
[2025-03-27T16:48:24.005+0000] {processor.py:183} INFO - Processing /home/airflow/.local/lib/python3.8/site-packages/airflow/example_dags/tutorial_taskflow_api.py took 0.080 seconds
[2025-03-27T16:48:54.649+0000] {processor.py:161} INFO - Started process (PID=14077) to work on /home/airflow/.local/lib/python3.8/site-packages/airflow/example_dags/tutorial_taskflow_api.py
[2025-03-27T16:48:54.650+0000] {processor.py:830} INFO - Processing file /home/airflow/.local/lib/python3.8/site-packages/airflow/example_dags/tutorial_taskflow_api.py for tasks to queue
[2025-03-27T16:48:54.651+0000] {logging_mixin.py:188} INFO - [2025-03-27T16:48:54.651+0000] {dagbag.py:538} INFO - Filling up the DagBag from /home/airflow/.local/lib/python3.8/site-packages/airflow/example_dags/tutorial_taskflow_api.py
[2025-03-27T16:48:54.657+0000] {processor.py:840} INFO - DAG(s) 'tutorial_taskflow_api' retrieved from /home/airflow/.local/lib/python3.8/site-packages/airflow/example_dags/tutorial_taskflow_api.py
[2025-03-27T16:48:54.678+0000] {logging_mixin.py:188} INFO - [2025-03-27T16:48:54.677+0000] {dag.py:3036} INFO - Sync 1 DAGs
[2025-03-27T16:48:54.691+0000] {logging_mixin.py:188} INFO - [2025-03-27T16:48:54.691+0000] {dag.py:3823} INFO - Setting next_dagrun for tutorial_taskflow_api to None, run_after=None
[2025-03-27T16:48:54.709+0000] {processor.py:183} INFO - Processing /home/airflow/.local/lib/python3.8/site-packages/airflow/example_dags/tutorial_taskflow_api.py took 0.063 seconds
[2025-03-27T16:49:25.041+0000] {processor.py:161} INFO - Started process (PID=14755) to work on /home/airflow/.local/lib/python3.8/site-packages/airflow/example_dags/tutorial_taskflow_api.py
[2025-03-27T16:49:25.050+0000] {processor.py:830} INFO - Processing file /home/airflow/.local/lib/python3.8/site-packages/airflow/example_dags/tutorial_taskflow_api.py for tasks to queue
[2025-03-27T16:49:25.053+0000] {logging_mixin.py:188} INFO - [2025-03-27T16:49:25.053+0000] {dagbag.py:538} INFO - Filling up the DagBag from /home/airflow/.local/lib/python3.8/site-packages/airflow/example_dags/tutorial_taskflow_api.py
[2025-03-27T16:49:25.071+0000] {processor.py:840} INFO - DAG(s) 'tutorial_taskflow_api' retrieved from /home/airflow/.local/lib/python3.8/site-packages/airflow/example_dags/tutorial_taskflow_api.py
[2025-03-27T16:49:25.113+0000] {logging_mixin.py:188} INFO - [2025-03-27T16:49:25.112+0000] {dag.py:3036} INFO - Sync 1 DAGs
[2025-03-27T16:49:25.145+0000] {logging_mixin.py:188} INFO - [2025-03-27T16:49:25.145+0000] {dag.py:3823} INFO - Setting next_dagrun for tutorial_taskflow_api to None, run_after=None
[2025-03-27T16:49:25.192+0000] {processor.py:183} INFO - Processing /home/airflow/.local/lib/python3.8/site-packages/airflow/example_dags/tutorial_taskflow_api.py took 0.156 seconds
[2025-03-27T16:49:57.022+0000] {processor.py:161} INFO - Started process (PID=15502) to work on /home/airflow/.local/lib/python3.8/site-packages/airflow/example_dags/tutorial_taskflow_api.py
[2025-03-27T16:49:57.025+0000] {processor.py:830} INFO - Processing file /home/airflow/.local/lib/python3.8/site-packages/airflow/example_dags/tutorial_taskflow_api.py for tasks to queue
[2025-03-27T16:49:57.026+0000] {logging_mixin.py:188} INFO - [2025-03-27T16:49:57.026+0000] {dagbag.py:538} INFO - Filling up the DagBag from /home/airflow/.local/lib/python3.8/site-packages/airflow/example_dags/tutorial_taskflow_api.py
[2025-03-27T16:49:57.037+0000] {processor.py:840} INFO - DAG(s) 'tutorial_taskflow_api' retrieved from /home/airflow/.local/lib/python3.8/site-packages/airflow/example_dags/tutorial_taskflow_api.py
[2025-03-27T16:49:57.070+0000] {logging_mixin.py:188} INFO - [2025-03-27T16:49:57.069+0000] {dag.py:3036} INFO - Sync 1 DAGs
[2025-03-27T16:49:57.096+0000] {logging_mixin.py:188} INFO - [2025-03-27T16:49:57.095+0000] {dag.py:3823} INFO - Setting next_dagrun for tutorial_taskflow_api to None, run_after=None
[2025-03-27T16:49:57.155+0000] {processor.py:183} INFO - Processing /home/airflow/.local/lib/python3.8/site-packages/airflow/example_dags/tutorial_taskflow_api.py took 0.139 seconds
[2025-03-27T16:50:27.705+0000] {processor.py:161} INFO - Started process (PID=16179) to work on /home/airflow/.local/lib/python3.8/site-packages/airflow/example_dags/tutorial_taskflow_api.py
[2025-03-27T16:50:27.706+0000] {processor.py:830} INFO - Processing file /home/airflow/.local/lib/python3.8/site-packages/airflow/example_dags/tutorial_taskflow_api.py for tasks to queue
[2025-03-27T16:50:27.708+0000] {logging_mixin.py:188} INFO - [2025-03-27T16:50:27.707+0000] {dagbag.py:538} INFO - Filling up the DagBag from /home/airflow/.local/lib/python3.8/site-packages/airflow/example_dags/tutorial_taskflow_api.py
[2025-03-27T16:50:27.718+0000] {processor.py:840} INFO - DAG(s) 'tutorial_taskflow_api' retrieved from /home/airflow/.local/lib/python3.8/site-packages/airflow/example_dags/tutorial_taskflow_api.py
[2025-03-27T16:50:27.749+0000] {logging_mixin.py:188} INFO - [2025-03-27T16:50:27.749+0000] {dag.py:3036} INFO - Sync 1 DAGs
[2025-03-27T16:50:27.769+0000] {logging_mixin.py:188} INFO - [2025-03-27T16:50:27.768+0000] {dag.py:3823} INFO - Setting next_dagrun for tutorial_taskflow_api to None, run_after=None
[2025-03-27T16:50:27.795+0000] {processor.py:183} INFO - Processing /home/airflow/.local/lib/python3.8/site-packages/airflow/example_dags/tutorial_taskflow_api.py took 0.095 seconds
[2025-03-27T16:50:58.405+0000] {processor.py:161} INFO - Started process (PID=16841) to work on /home/airflow/.local/lib/python3.8/site-packages/airflow/example_dags/tutorial_taskflow_api.py
[2025-03-27T16:50:58.412+0000] {processor.py:830} INFO - Processing file /home/airflow/.local/lib/python3.8/site-packages/airflow/example_dags/tutorial_taskflow_api.py for tasks to queue
[2025-03-27T16:50:58.415+0000] {logging_mixin.py:188} INFO - [2025-03-27T16:50:58.414+0000] {dagbag.py:538} INFO - Filling up the DagBag from /home/airflow/.local/lib/python3.8/site-packages/airflow/example_dags/tutorial_taskflow_api.py
[2025-03-27T16:50:58.441+0000] {processor.py:840} INFO - DAG(s) 'tutorial_taskflow_api' retrieved from /home/airflow/.local/lib/python3.8/site-packages/airflow/example_dags/tutorial_taskflow_api.py
[2025-03-27T16:50:58.503+0000] {logging_mixin.py:188} INFO - [2025-03-27T16:50:58.502+0000] {dag.py:3036} INFO - Sync 1 DAGs
[2025-03-27T16:50:58.531+0000] {logging_mixin.py:188} INFO - [2025-03-27T16:50:58.531+0000] {dag.py:3823} INFO - Setting next_dagrun for tutorial_taskflow_api to None, run_after=None
[2025-03-27T16:50:58.585+0000] {processor.py:183} INFO - Processing /home/airflow/.local/lib/python3.8/site-packages/airflow/example_dags/tutorial_taskflow_api.py took 0.187 seconds
[2025-03-27T16:51:28.937+0000] {processor.py:161} INFO - Started process (PID=17529) to work on /home/airflow/.local/lib/python3.8/site-packages/airflow/example_dags/tutorial_taskflow_api.py
[2025-03-27T16:51:28.945+0000] {processor.py:830} INFO - Processing file /home/airflow/.local/lib/python3.8/site-packages/airflow/example_dags/tutorial_taskflow_api.py for tasks to queue
[2025-03-27T16:51:28.948+0000] {logging_mixin.py:188} INFO - [2025-03-27T16:51:28.947+0000] {dagbag.py:538} INFO - Filling up the DagBag from /home/airflow/.local/lib/python3.8/site-packages/airflow/example_dags/tutorial_taskflow_api.py
[2025-03-27T16:51:28.962+0000] {processor.py:840} INFO - DAG(s) 'tutorial_taskflow_api' retrieved from /home/airflow/.local/lib/python3.8/site-packages/airflow/example_dags/tutorial_taskflow_api.py
[2025-03-27T16:51:29.017+0000] {logging_mixin.py:188} INFO - [2025-03-27T16:51:29.017+0000] {dag.py:3036} INFO - Sync 1 DAGs
[2025-03-27T16:51:29.061+0000] {logging_mixin.py:188} INFO - [2025-03-27T16:51:29.061+0000] {dag.py:3823} INFO - Setting next_dagrun for tutorial_taskflow_api to None, run_after=None
[2025-03-27T16:51:29.117+0000] {processor.py:183} INFO - Processing /home/airflow/.local/lib/python3.8/site-packages/airflow/example_dags/tutorial_taskflow_api.py took 0.186 seconds
[2025-03-27T16:52:00.082+0000] {processor.py:161} INFO - Started process (PID=17843) to work on /home/airflow/.local/lib/python3.8/site-packages/airflow/example_dags/tutorial_taskflow_api.py
[2025-03-27T16:52:00.083+0000] {processor.py:830} INFO - Processing file /home/airflow/.local/lib/python3.8/site-packages/airflow/example_dags/tutorial_taskflow_api.py for tasks to queue
[2025-03-27T16:52:00.084+0000] {logging_mixin.py:188} INFO - [2025-03-27T16:52:00.084+0000] {dagbag.py:538} INFO - Filling up the DagBag from /home/airflow/.local/lib/python3.8/site-packages/airflow/example_dags/tutorial_taskflow_api.py
[2025-03-27T16:52:00.089+0000] {processor.py:840} INFO - DAG(s) 'tutorial_taskflow_api' retrieved from /home/airflow/.local/lib/python3.8/site-packages/airflow/example_dags/tutorial_taskflow_api.py
[2025-03-27T16:52:00.107+0000] {logging_mixin.py:188} INFO - [2025-03-27T16:52:00.107+0000] {dag.py:3036} INFO - Sync 1 DAGs
[2025-03-27T16:52:00.119+0000] {logging_mixin.py:188} INFO - [2025-03-27T16:52:00.119+0000] {dag.py:3823} INFO - Setting next_dagrun for tutorial_taskflow_api to None, run_after=None
[2025-03-27T16:52:00.135+0000] {processor.py:183} INFO - Processing /home/airflow/.local/lib/python3.8/site-packages/airflow/example_dags/tutorial_taskflow_api.py took 0.055 seconds
[2025-03-27T16:52:30.305+0000] {processor.py:161} INFO - Started process (PID=18095) to work on /home/airflow/.local/lib/python3.8/site-packages/airflow/example_dags/tutorial_taskflow_api.py
[2025-03-27T16:52:30.306+0000] {processor.py:830} INFO - Processing file /home/airflow/.local/lib/python3.8/site-packages/airflow/example_dags/tutorial_taskflow_api.py for tasks to queue
[2025-03-27T16:52:30.307+0000] {logging_mixin.py:188} INFO - [2025-03-27T16:52:30.307+0000] {dagbag.py:538} INFO - Filling up the DagBag from /home/airflow/.local/lib/python3.8/site-packages/airflow/example_dags/tutorial_taskflow_api.py
[2025-03-27T16:52:30.313+0000] {processor.py:840} INFO - DAG(s) 'tutorial_taskflow_api' retrieved from /home/airflow/.local/lib/python3.8/site-packages/airflow/example_dags/tutorial_taskflow_api.py
[2025-03-27T16:52:30.332+0000] {logging_mixin.py:188} INFO - [2025-03-27T16:52:30.332+0000] {dag.py:3036} INFO - Sync 1 DAGs
[2025-03-27T16:52:30.344+0000] {logging_mixin.py:188} INFO - [2025-03-27T16:52:30.344+0000] {dag.py:3823} INFO - Setting next_dagrun for tutorial_taskflow_api to None, run_after=None
[2025-03-27T16:52:30.362+0000] {processor.py:183} INFO - Processing /home/airflow/.local/lib/python3.8/site-packages/airflow/example_dags/tutorial_taskflow_api.py took 0.059 seconds
[2025-03-27T16:53:00.850+0000] {processor.py:161} INFO - Started process (PID=18347) to work on /home/airflow/.local/lib/python3.8/site-packages/airflow/example_dags/tutorial_taskflow_api.py
[2025-03-27T16:53:00.851+0000] {processor.py:830} INFO - Processing file /home/airflow/.local/lib/python3.8/site-packages/airflow/example_dags/tutorial_taskflow_api.py for tasks to queue
[2025-03-27T16:53:00.852+0000] {logging_mixin.py:188} INFO - [2025-03-27T16:53:00.852+0000] {dagbag.py:538} INFO - Filling up the DagBag from /home/airflow/.local/lib/python3.8/site-packages/airflow/example_dags/tutorial_taskflow_api.py
[2025-03-27T16:53:00.857+0000] {processor.py:840} INFO - DAG(s) 'tutorial_taskflow_api' retrieved from /home/airflow/.local/lib/python3.8/site-packages/airflow/example_dags/tutorial_taskflow_api.py
[2025-03-27T16:53:00.876+0000] {logging_mixin.py:188} INFO - [2025-03-27T16:53:00.875+0000] {dag.py:3036} INFO - Sync 1 DAGs
[2025-03-27T16:53:00.887+0000] {logging_mixin.py:188} INFO - [2025-03-27T16:53:00.887+0000] {dag.py:3823} INFO - Setting next_dagrun for tutorial_taskflow_api to None, run_after=None
[2025-03-27T16:53:00.905+0000] {processor.py:183} INFO - Processing /home/airflow/.local/lib/python3.8/site-packages/airflow/example_dags/tutorial_taskflow_api.py took 0.057 seconds
[2025-03-27T16:53:31.565+0000] {processor.py:161} INFO - Started process (PID=18599) to work on /home/airflow/.local/lib/python3.8/site-packages/airflow/example_dags/tutorial_taskflow_api.py
[2025-03-27T16:53:31.566+0000] {processor.py:830} INFO - Processing file /home/airflow/.local/lib/python3.8/site-packages/airflow/example_dags/tutorial_taskflow_api.py for tasks to queue
[2025-03-27T16:53:31.567+0000] {logging_mixin.py:188} INFO - [2025-03-27T16:53:31.566+0000] {dagbag.py:538} INFO - Filling up the DagBag from /home/airflow/.local/lib/python3.8/site-packages/airflow/example_dags/tutorial_taskflow_api.py
[2025-03-27T16:53:31.573+0000] {processor.py:840} INFO - DAG(s) 'tutorial_taskflow_api' retrieved from /home/airflow/.local/lib/python3.8/site-packages/airflow/example_dags/tutorial_taskflow_api.py
[2025-03-27T16:53:31.591+0000] {logging_mixin.py:188} INFO - [2025-03-27T16:53:31.591+0000] {dag.py:3036} INFO - Sync 1 DAGs
[2025-03-27T16:53:31.603+0000] {logging_mixin.py:188} INFO - [2025-03-27T16:53:31.603+0000] {dag.py:3823} INFO - Setting next_dagrun for tutorial_taskflow_api to None, run_after=None
[2025-03-27T16:53:31.620+0000] {processor.py:183} INFO - Processing /home/airflow/.local/lib/python3.8/site-packages/airflow/example_dags/tutorial_taskflow_api.py took 0.058 seconds
[2025-03-27T16:54:02.431+0000] {processor.py:161} INFO - Started process (PID=18851) to work on /home/airflow/.local/lib/python3.8/site-packages/airflow/example_dags/tutorial_taskflow_api.py
[2025-03-27T16:54:02.432+0000] {processor.py:830} INFO - Processing file /home/airflow/.local/lib/python3.8/site-packages/airflow/example_dags/tutorial_taskflow_api.py for tasks to queue
[2025-03-27T16:54:02.433+0000] {logging_mixin.py:188} INFO - [2025-03-27T16:54:02.433+0000] {dagbag.py:538} INFO - Filling up the DagBag from /home/airflow/.local/lib/python3.8/site-packages/airflow/example_dags/tutorial_taskflow_api.py
[2025-03-27T16:54:02.438+0000] {processor.py:840} INFO - DAG(s) 'tutorial_taskflow_api' retrieved from /home/airflow/.local/lib/python3.8/site-packages/airflow/example_dags/tutorial_taskflow_api.py
[2025-03-27T16:54:02.457+0000] {logging_mixin.py:188} INFO - [2025-03-27T16:54:02.457+0000] {dag.py:3036} INFO - Sync 1 DAGs
[2025-03-27T16:54:02.612+0000] {logging_mixin.py:188} INFO - [2025-03-27T16:54:02.612+0000] {dag.py:3823} INFO - Setting next_dagrun for tutorial_taskflow_api to None, run_after=None
[2025-03-27T16:54:02.631+0000] {processor.py:183} INFO - Processing /home/airflow/.local/lib/python3.8/site-packages/airflow/example_dags/tutorial_taskflow_api.py took 0.202 seconds
[2025-03-27T16:54:32.946+0000] {processor.py:161} INFO - Started process (PID=19103) to work on /home/airflow/.local/lib/python3.8/site-packages/airflow/example_dags/tutorial_taskflow_api.py
[2025-03-27T16:54:32.947+0000] {processor.py:830} INFO - Processing file /home/airflow/.local/lib/python3.8/site-packages/airflow/example_dags/tutorial_taskflow_api.py for tasks to queue
[2025-03-27T16:54:32.948+0000] {logging_mixin.py:188} INFO - [2025-03-27T16:54:32.948+0000] {dagbag.py:538} INFO - Filling up the DagBag from /home/airflow/.local/lib/python3.8/site-packages/airflow/example_dags/tutorial_taskflow_api.py
[2025-03-27T16:54:32.954+0000] {processor.py:840} INFO - DAG(s) 'tutorial_taskflow_api' retrieved from /home/airflow/.local/lib/python3.8/site-packages/airflow/example_dags/tutorial_taskflow_api.py
[2025-03-27T16:54:32.973+0000] {logging_mixin.py:188} INFO - [2025-03-27T16:54:32.972+0000] {dag.py:3036} INFO - Sync 1 DAGs
[2025-03-27T16:54:32.984+0000] {logging_mixin.py:188} INFO - [2025-03-27T16:54:32.984+0000] {dag.py:3823} INFO - Setting next_dagrun for tutorial_taskflow_api to None, run_after=None
[2025-03-27T16:54:33.140+0000] {processor.py:183} INFO - Processing /home/airflow/.local/lib/python3.8/site-packages/airflow/example_dags/tutorial_taskflow_api.py took 0.196 seconds
[2025-03-27T16:55:03.990+0000] {processor.py:161} INFO - Started process (PID=19355) to work on /home/airflow/.local/lib/python3.8/site-packages/airflow/example_dags/tutorial_taskflow_api.py
[2025-03-27T16:55:03.991+0000] {processor.py:830} INFO - Processing file /home/airflow/.local/lib/python3.8/site-packages/airflow/example_dags/tutorial_taskflow_api.py for tasks to queue
[2025-03-27T16:55:03.992+0000] {logging_mixin.py:188} INFO - [2025-03-27T16:55:03.991+0000] {dagbag.py:538} INFO - Filling up the DagBag from /home/airflow/.local/lib/python3.8/site-packages/airflow/example_dags/tutorial_taskflow_api.py
[2025-03-27T16:55:03.996+0000] {processor.py:840} INFO - DAG(s) 'tutorial_taskflow_api' retrieved from /home/airflow/.local/lib/python3.8/site-packages/airflow/example_dags/tutorial_taskflow_api.py
[2025-03-27T16:55:04.014+0000] {logging_mixin.py:188} INFO - [2025-03-27T16:55:04.014+0000] {dag.py:3036} INFO - Sync 1 DAGs
[2025-03-27T16:55:04.025+0000] {logging_mixin.py:188} INFO - [2025-03-27T16:55:04.025+0000] {dag.py:3823} INFO - Setting next_dagrun for tutorial_taskflow_api to None, run_after=None
[2025-03-27T16:55:04.042+0000] {processor.py:183} INFO - Processing /home/airflow/.local/lib/python3.8/site-packages/airflow/example_dags/tutorial_taskflow_api.py took 0.054 seconds
[2025-03-27T16:55:34.200+0000] {processor.py:161} INFO - Started process (PID=19607) to work on /home/airflow/.local/lib/python3.8/site-packages/airflow/example_dags/tutorial_taskflow_api.py
[2025-03-27T16:55:34.200+0000] {processor.py:830} INFO - Processing file /home/airflow/.local/lib/python3.8/site-packages/airflow/example_dags/tutorial_taskflow_api.py for tasks to queue
[2025-03-27T16:55:34.202+0000] {logging_mixin.py:188} INFO - [2025-03-27T16:55:34.201+0000] {dagbag.py:538} INFO - Filling up the DagBag from /home/airflow/.local/lib/python3.8/site-packages/airflow/example_dags/tutorial_taskflow_api.py
[2025-03-27T16:55:34.207+0000] {processor.py:840} INFO - DAG(s) 'tutorial_taskflow_api' retrieved from /home/airflow/.local/lib/python3.8/site-packages/airflow/example_dags/tutorial_taskflow_api.py
[2025-03-27T16:55:34.225+0000] {logging_mixin.py:188} INFO - [2025-03-27T16:55:34.225+0000] {dag.py:3036} INFO - Sync 1 DAGs
[2025-03-27T16:55:34.237+0000] {logging_mixin.py:188} INFO - [2025-03-27T16:55:34.236+0000] {dag.py:3823} INFO - Setting next_dagrun for tutorial_taskflow_api to None, run_after=None
[2025-03-27T16:55:34.255+0000] {processor.py:183} INFO - Processing /home/airflow/.local/lib/python3.8/site-packages/airflow/example_dags/tutorial_taskflow_api.py took 0.058 seconds
[2025-03-27T16:56:04.406+0000] {processor.py:161} INFO - Started process (PID=19859) to work on /home/airflow/.local/lib/python3.8/site-packages/airflow/example_dags/tutorial_taskflow_api.py
[2025-03-27T16:56:04.407+0000] {processor.py:830} INFO - Processing file /home/airflow/.local/lib/python3.8/site-packages/airflow/example_dags/tutorial_taskflow_api.py for tasks to queue
[2025-03-27T16:56:04.408+0000] {logging_mixin.py:188} INFO - [2025-03-27T16:56:04.407+0000] {dagbag.py:538} INFO - Filling up the DagBag from /home/airflow/.local/lib/python3.8/site-packages/airflow/example_dags/tutorial_taskflow_api.py
[2025-03-27T16:56:04.412+0000] {processor.py:840} INFO - DAG(s) 'tutorial_taskflow_api' retrieved from /home/airflow/.local/lib/python3.8/site-packages/airflow/example_dags/tutorial_taskflow_api.py
[2025-03-27T16:56:04.430+0000] {logging_mixin.py:188} INFO - [2025-03-27T16:56:04.430+0000] {dag.py:3036} INFO - Sync 1 DAGs
[2025-03-27T16:56:04.441+0000] {logging_mixin.py:188} INFO - [2025-03-27T16:56:04.440+0000] {dag.py:3823} INFO - Setting next_dagrun for tutorial_taskflow_api to None, run_after=None
[2025-03-27T16:56:04.457+0000] {processor.py:183} INFO - Processing /home/airflow/.local/lib/python3.8/site-packages/airflow/example_dags/tutorial_taskflow_api.py took 0.053 seconds
[2025-03-27T16:56:34.614+0000] {processor.py:161} INFO - Started process (PID=20111) to work on /home/airflow/.local/lib/python3.8/site-packages/airflow/example_dags/tutorial_taskflow_api.py
[2025-03-27T16:56:34.615+0000] {processor.py:830} INFO - Processing file /home/airflow/.local/lib/python3.8/site-packages/airflow/example_dags/tutorial_taskflow_api.py for tasks to queue
[2025-03-27T16:56:34.616+0000] {logging_mixin.py:188} INFO - [2025-03-27T16:56:34.616+0000] {dagbag.py:538} INFO - Filling up the DagBag from /home/airflow/.local/lib/python3.8/site-packages/airflow/example_dags/tutorial_taskflow_api.py
[2025-03-27T16:56:34.622+0000] {processor.py:840} INFO - DAG(s) 'tutorial_taskflow_api' retrieved from /home/airflow/.local/lib/python3.8/site-packages/airflow/example_dags/tutorial_taskflow_api.py
[2025-03-27T16:56:34.642+0000] {logging_mixin.py:188} INFO - [2025-03-27T16:56:34.641+0000] {dag.py:3036} INFO - Sync 1 DAGs
[2025-03-27T16:56:34.657+0000] {logging_mixin.py:188} INFO - [2025-03-27T16:56:34.656+0000] {dag.py:3823} INFO - Setting next_dagrun for tutorial_taskflow_api to None, run_after=None
[2025-03-27T16:56:34.684+0000] {processor.py:183} INFO - Processing /home/airflow/.local/lib/python3.8/site-packages/airflow/example_dags/tutorial_taskflow_api.py took 0.072 seconds
[2025-03-27T16:57:05.157+0000] {processor.py:161} INFO - Started process (PID=20363) to work on /home/airflow/.local/lib/python3.8/site-packages/airflow/example_dags/tutorial_taskflow_api.py
[2025-03-27T16:57:05.158+0000] {processor.py:830} INFO - Processing file /home/airflow/.local/lib/python3.8/site-packages/airflow/example_dags/tutorial_taskflow_api.py for tasks to queue
[2025-03-27T16:57:05.159+0000] {logging_mixin.py:188} INFO - [2025-03-27T16:57:05.158+0000] {dagbag.py:538} INFO - Filling up the DagBag from /home/airflow/.local/lib/python3.8/site-packages/airflow/example_dags/tutorial_taskflow_api.py
[2025-03-27T16:57:05.164+0000] {processor.py:840} INFO - DAG(s) 'tutorial_taskflow_api' retrieved from /home/airflow/.local/lib/python3.8/site-packages/airflow/example_dags/tutorial_taskflow_api.py
[2025-03-27T16:57:05.181+0000] {logging_mixin.py:188} INFO - [2025-03-27T16:57:05.180+0000] {dag.py:3036} INFO - Sync 1 DAGs
[2025-03-27T16:57:05.192+0000] {logging_mixin.py:188} INFO - [2025-03-27T16:57:05.192+0000] {dag.py:3823} INFO - Setting next_dagrun for tutorial_taskflow_api to None, run_after=None
[2025-03-27T16:57:05.210+0000] {processor.py:183} INFO - Processing /home/airflow/.local/lib/python3.8/site-packages/airflow/example_dags/tutorial_taskflow_api.py took 0.055 seconds
[2025-03-27T16:57:35.438+0000] {processor.py:161} INFO - Started process (PID=20621) to work on /home/airflow/.local/lib/python3.8/site-packages/airflow/example_dags/tutorial_taskflow_api.py
[2025-03-27T16:57:35.438+0000] {processor.py:830} INFO - Processing file /home/airflow/.local/lib/python3.8/site-packages/airflow/example_dags/tutorial_taskflow_api.py for tasks to queue
[2025-03-27T16:57:35.439+0000] {logging_mixin.py:188} INFO - [2025-03-27T16:57:35.439+0000] {dagbag.py:538} INFO - Filling up the DagBag from /home/airflow/.local/lib/python3.8/site-packages/airflow/example_dags/tutorial_taskflow_api.py
[2025-03-27T16:57:35.445+0000] {processor.py:840} INFO - DAG(s) 'tutorial_taskflow_api' retrieved from /home/airflow/.local/lib/python3.8/site-packages/airflow/example_dags/tutorial_taskflow_api.py
[2025-03-27T16:57:35.465+0000] {logging_mixin.py:188} INFO - [2025-03-27T16:57:35.465+0000] {dag.py:3036} INFO - Sync 1 DAGs
[2025-03-27T16:57:35.478+0000] {logging_mixin.py:188} INFO - [2025-03-27T16:57:35.478+0000] {dag.py:3823} INFO - Setting next_dagrun for tutorial_taskflow_api to None, run_after=None
[2025-03-27T16:57:35.502+0000] {processor.py:183} INFO - Processing /home/airflow/.local/lib/python3.8/site-packages/airflow/example_dags/tutorial_taskflow_api.py took 0.066 seconds
[2025-03-27T16:58:05.604+0000] {processor.py:161} INFO - Started process (PID=20873) to work on /home/airflow/.local/lib/python3.8/site-packages/airflow/example_dags/tutorial_taskflow_api.py
[2025-03-27T16:58:05.605+0000] {processor.py:830} INFO - Processing file /home/airflow/.local/lib/python3.8/site-packages/airflow/example_dags/tutorial_taskflow_api.py for tasks to queue
[2025-03-27T16:58:05.605+0000] {logging_mixin.py:188} INFO - [2025-03-27T16:58:05.605+0000] {dagbag.py:538} INFO - Filling up the DagBag from /home/airflow/.local/lib/python3.8/site-packages/airflow/example_dags/tutorial_taskflow_api.py
[2025-03-27T16:58:05.610+0000] {processor.py:840} INFO - DAG(s) 'tutorial_taskflow_api' retrieved from /home/airflow/.local/lib/python3.8/site-packages/airflow/example_dags/tutorial_taskflow_api.py
[2025-03-27T16:58:05.628+0000] {logging_mixin.py:188} INFO - [2025-03-27T16:58:05.627+0000] {dag.py:3036} INFO - Sync 1 DAGs
[2025-03-27T16:58:05.638+0000] {logging_mixin.py:188} INFO - [2025-03-27T16:58:05.638+0000] {dag.py:3823} INFO - Setting next_dagrun for tutorial_taskflow_api to None, run_after=None
[2025-03-27T16:58:05.654+0000] {processor.py:183} INFO - Processing /home/airflow/.local/lib/python3.8/site-packages/airflow/example_dags/tutorial_taskflow_api.py took 0.053 seconds
[2025-03-27T16:58:35.848+0000] {processor.py:161} INFO - Started process (PID=21125) to work on /home/airflow/.local/lib/python3.8/site-packages/airflow/example_dags/tutorial_taskflow_api.py
[2025-03-27T16:58:35.849+0000] {processor.py:830} INFO - Processing file /home/airflow/.local/lib/python3.8/site-packages/airflow/example_dags/tutorial_taskflow_api.py for tasks to queue
[2025-03-27T16:58:35.850+0000] {logging_mixin.py:188} INFO - [2025-03-27T16:58:35.850+0000] {dagbag.py:538} INFO - Filling up the DagBag from /home/airflow/.local/lib/python3.8/site-packages/airflow/example_dags/tutorial_taskflow_api.py
[2025-03-27T16:58:35.856+0000] {processor.py:840} INFO - DAG(s) 'tutorial_taskflow_api' retrieved from /home/airflow/.local/lib/python3.8/site-packages/airflow/example_dags/tutorial_taskflow_api.py
[2025-03-27T16:58:35.877+0000] {logging_mixin.py:188} INFO - [2025-03-27T16:58:35.876+0000] {dag.py:3036} INFO - Sync 1 DAGs
[2025-03-27T16:58:35.890+0000] {logging_mixin.py:188} INFO - [2025-03-27T16:58:35.889+0000] {dag.py:3823} INFO - Setting next_dagrun for tutorial_taskflow_api to None, run_after=None
[2025-03-27T16:58:35.909+0000] {processor.py:183} INFO - Processing /home/airflow/.local/lib/python3.8/site-packages/airflow/example_dags/tutorial_taskflow_api.py took 0.065 seconds
[2025-03-27T16:59:06.409+0000] {processor.py:161} INFO - Started process (PID=21377) to work on /home/airflow/.local/lib/python3.8/site-packages/airflow/example_dags/tutorial_taskflow_api.py
[2025-03-27T16:59:06.409+0000] {processor.py:830} INFO - Processing file /home/airflow/.local/lib/python3.8/site-packages/airflow/example_dags/tutorial_taskflow_api.py for tasks to queue
[2025-03-27T16:59:06.410+0000] {logging_mixin.py:188} INFO - [2025-03-27T16:59:06.410+0000] {dagbag.py:538} INFO - Filling up the DagBag from /home/airflow/.local/lib/python3.8/site-packages/airflow/example_dags/tutorial_taskflow_api.py
[2025-03-27T16:59:06.415+0000] {processor.py:840} INFO - DAG(s) 'tutorial_taskflow_api' retrieved from /home/airflow/.local/lib/python3.8/site-packages/airflow/example_dags/tutorial_taskflow_api.py
[2025-03-27T16:59:06.432+0000] {logging_mixin.py:188} INFO - [2025-03-27T16:59:06.432+0000] {dag.py:3036} INFO - Sync 1 DAGs
[2025-03-27T16:59:06.444+0000] {logging_mixin.py:188} INFO - [2025-03-27T16:59:06.443+0000] {dag.py:3823} INFO - Setting next_dagrun for tutorial_taskflow_api to None, run_after=None
[2025-03-27T16:59:06.461+0000] {processor.py:183} INFO - Processing /home/airflow/.local/lib/python3.8/site-packages/airflow/example_dags/tutorial_taskflow_api.py took 0.055 seconds
[2025-03-27T16:59:36.848+0000] {processor.py:161} INFO - Started process (PID=21629) to work on /home/airflow/.local/lib/python3.8/site-packages/airflow/example_dags/tutorial_taskflow_api.py
[2025-03-27T16:59:36.850+0000] {processor.py:830} INFO - Processing file /home/airflow/.local/lib/python3.8/site-packages/airflow/example_dags/tutorial_taskflow_api.py for tasks to queue
[2025-03-27T16:59:36.851+0000] {logging_mixin.py:188} INFO - [2025-03-27T16:59:36.850+0000] {dagbag.py:538} INFO - Filling up the DagBag from /home/airflow/.local/lib/python3.8/site-packages/airflow/example_dags/tutorial_taskflow_api.py
[2025-03-27T16:59:36.861+0000] {processor.py:840} INFO - DAG(s) 'tutorial_taskflow_api' retrieved from /home/airflow/.local/lib/python3.8/site-packages/airflow/example_dags/tutorial_taskflow_api.py
[2025-03-27T16:59:36.897+0000] {logging_mixin.py:188} INFO - [2025-03-27T16:59:36.896+0000] {dag.py:3036} INFO - Sync 1 DAGs
[2025-03-27T16:59:36.918+0000] {logging_mixin.py:188} INFO - [2025-03-27T16:59:36.917+0000] {dag.py:3823} INFO - Setting next_dagrun for tutorial_taskflow_api to None, run_after=None
[2025-03-27T16:59:36.953+0000] {processor.py:183} INFO - Processing /home/airflow/.local/lib/python3.8/site-packages/airflow/example_dags/tutorial_taskflow_api.py took 0.109 seconds
[2025-03-27T17:00:07.424+0000] {processor.py:161} INFO - Started process (PID=21881) to work on /home/airflow/.local/lib/python3.8/site-packages/airflow/example_dags/tutorial_taskflow_api.py
[2025-03-27T17:00:07.425+0000] {processor.py:830} INFO - Processing file /home/airflow/.local/lib/python3.8/site-packages/airflow/example_dags/tutorial_taskflow_api.py for tasks to queue
[2025-03-27T17:00:07.426+0000] {logging_mixin.py:188} INFO - [2025-03-27T17:00:07.426+0000] {dagbag.py:538} INFO - Filling up the DagBag from /home/airflow/.local/lib/python3.8/site-packages/airflow/example_dags/tutorial_taskflow_api.py
[2025-03-27T17:00:07.432+0000] {processor.py:840} INFO - DAG(s) 'tutorial_taskflow_api' retrieved from /home/airflow/.local/lib/python3.8/site-packages/airflow/example_dags/tutorial_taskflow_api.py
[2025-03-27T17:00:07.452+0000] {logging_mixin.py:188} INFO - [2025-03-27T17:00:07.451+0000] {dag.py:3036} INFO - Sync 1 DAGs
[2025-03-27T17:00:07.463+0000] {logging_mixin.py:188} INFO - [2025-03-27T17:00:07.463+0000] {dag.py:3823} INFO - Setting next_dagrun for tutorial_taskflow_api to None, run_after=None
[2025-03-27T17:00:07.481+0000] {processor.py:183} INFO - Processing /home/airflow/.local/lib/python3.8/site-packages/airflow/example_dags/tutorial_taskflow_api.py took 0.059 seconds
