[2025-03-27T17:19:29.801+0000] {processor.py:161} INFO - Started process (PID=399) to work on /home/airflow/.local/lib/python3.8/site-packages/airflow/example_dags/tutorial_objectstorage.py
[2025-03-27T17:19:29.802+0000] {processor.py:830} INFO - Processing file /home/airflow/.local/lib/python3.8/site-packages/airflow/example_dags/tutorial_objectstorage.py for tasks to queue
[2025-03-27T17:19:29.803+0000] {logging_mixin.py:188} INFO - [2025-03-27T17:19:29.802+0000] {dagbag.py:538} INFO - Filling up the DagBag from /home/airflow/.local/lib/python3.8/site-packages/airflow/example_dags/tutorial_objectstorage.py
[2025-03-27T17:19:29.811+0000] {processor.py:840} INFO - DAG(s) 'tutorial_objectstorage' retrieved from /home/airflow/.local/lib/python3.8/site-packages/airflow/example_dags/tutorial_objectstorage.py
[2025-03-27T17:19:29.825+0000] {logging_mixin.py:188} INFO - [2025-03-27T17:19:29.824+0000] {dag.py:3036} INFO - Sync 1 DAGs
[2025-03-27T17:19:29.839+0000] {logging_mixin.py:188} INFO - [2025-03-27T17:19:29.838+0000] {dag.py:3823} INFO - Setting next_dagrun for tutorial_objectstorage to None, run_after=None
[2025-03-27T17:19:29.859+0000] {processor.py:183} INFO - Processing /home/airflow/.local/lib/python3.8/site-packages/airflow/example_dags/tutorial_objectstorage.py took 0.061 seconds
[2025-03-27T17:20:02.157+0000] {processor.py:161} INFO - Started process (PID=644) to work on /home/airflow/.local/lib/python3.8/site-packages/airflow/example_dags/tutorial_objectstorage.py
[2025-03-27T17:20:02.158+0000] {processor.py:830} INFO - Processing file /home/airflow/.local/lib/python3.8/site-packages/airflow/example_dags/tutorial_objectstorage.py for tasks to queue
[2025-03-27T17:20:02.159+0000] {logging_mixin.py:188} INFO - [2025-03-27T17:20:02.158+0000] {dagbag.py:538} INFO - Filling up the DagBag from /home/airflow/.local/lib/python3.8/site-packages/airflow/example_dags/tutorial_objectstorage.py
[2025-03-27T17:20:02.165+0000] {processor.py:840} INFO - DAG(s) 'tutorial_objectstorage' retrieved from /home/airflow/.local/lib/python3.8/site-packages/airflow/example_dags/tutorial_objectstorage.py
[2025-03-27T17:20:02.256+0000] {logging_mixin.py:188} INFO - [2025-03-27T17:20:02.256+0000] {dag.py:3036} INFO - Sync 1 DAGs
[2025-03-27T17:20:02.266+0000] {logging_mixin.py:188} INFO - [2025-03-27T17:20:02.266+0000] {dag.py:3823} INFO - Setting next_dagrun for tutorial_objectstorage to None, run_after=None
[2025-03-27T17:20:02.284+0000] {processor.py:183} INFO - Processing /home/airflow/.local/lib/python3.8/site-packages/airflow/example_dags/tutorial_objectstorage.py took 0.130 seconds
[2025-03-27T17:22:40.622+0000] {processor.py:161} INFO - Started process (PID=393) to work on /home/airflow/.local/lib/python3.8/site-packages/airflow/example_dags/tutorial_objectstorage.py
[2025-03-27T17:22:40.623+0000] {processor.py:830} INFO - Processing file /home/airflow/.local/lib/python3.8/site-packages/airflow/example_dags/tutorial_objectstorage.py for tasks to queue
[2025-03-27T17:22:40.624+0000] {logging_mixin.py:188} INFO - [2025-03-27T17:22:40.624+0000] {dagbag.py:538} INFO - Filling up the DagBag from /home/airflow/.local/lib/python3.8/site-packages/airflow/example_dags/tutorial_objectstorage.py
[2025-03-27T17:22:40.630+0000] {processor.py:840} INFO - DAG(s) 'tutorial_objectstorage' retrieved from /home/airflow/.local/lib/python3.8/site-packages/airflow/example_dags/tutorial_objectstorage.py
[2025-03-27T17:22:40.641+0000] {logging_mixin.py:188} INFO - [2025-03-27T17:22:40.641+0000] {dag.py:3036} INFO - Sync 1 DAGs
[2025-03-27T17:22:40.654+0000] {logging_mixin.py:188} INFO - [2025-03-27T17:22:40.654+0000] {dag.py:3823} INFO - Setting next_dagrun for tutorial_objectstorage to None, run_after=None
[2025-03-27T17:22:40.673+0000] {processor.py:183} INFO - Processing /home/airflow/.local/lib/python3.8/site-packages/airflow/example_dags/tutorial_objectstorage.py took 0.054 seconds
[2025-03-27T17:23:13.191+0000] {processor.py:161} INFO - Started process (PID=638) to work on /home/airflow/.local/lib/python3.8/site-packages/airflow/example_dags/tutorial_objectstorage.py
[2025-03-27T17:23:13.193+0000] {processor.py:830} INFO - Processing file /home/airflow/.local/lib/python3.8/site-packages/airflow/example_dags/tutorial_objectstorage.py for tasks to queue
[2025-03-27T17:23:13.194+0000] {logging_mixin.py:188} INFO - [2025-03-27T17:23:13.194+0000] {dagbag.py:538} INFO - Filling up the DagBag from /home/airflow/.local/lib/python3.8/site-packages/airflow/example_dags/tutorial_objectstorage.py
[2025-03-27T17:23:13.205+0000] {processor.py:840} INFO - DAG(s) 'tutorial_objectstorage' retrieved from /home/airflow/.local/lib/python3.8/site-packages/airflow/example_dags/tutorial_objectstorage.py
[2025-03-27T17:23:13.327+0000] {logging_mixin.py:188} INFO - [2025-03-27T17:23:13.326+0000] {dag.py:3036} INFO - Sync 1 DAGs
[2025-03-27T17:23:13.340+0000] {logging_mixin.py:188} INFO - [2025-03-27T17:23:13.340+0000] {dag.py:3823} INFO - Setting next_dagrun for tutorial_objectstorage to None, run_after=None
[2025-03-27T17:23:13.368+0000] {processor.py:183} INFO - Processing /home/airflow/.local/lib/python3.8/site-packages/airflow/example_dags/tutorial_objectstorage.py took 0.180 seconds
[2025-03-27T17:23:43.777+0000] {processor.py:161} INFO - Started process (PID=885) to work on /home/airflow/.local/lib/python3.8/site-packages/airflow/example_dags/tutorial_objectstorage.py
[2025-03-27T17:23:43.778+0000] {processor.py:830} INFO - Processing file /home/airflow/.local/lib/python3.8/site-packages/airflow/example_dags/tutorial_objectstorage.py for tasks to queue
[2025-03-27T17:23:43.779+0000] {logging_mixin.py:188} INFO - [2025-03-27T17:23:43.778+0000] {dagbag.py:538} INFO - Filling up the DagBag from /home/airflow/.local/lib/python3.8/site-packages/airflow/example_dags/tutorial_objectstorage.py
[2025-03-27T17:23:43.785+0000] {processor.py:840} INFO - DAG(s) 'tutorial_objectstorage' retrieved from /home/airflow/.local/lib/python3.8/site-packages/airflow/example_dags/tutorial_objectstorage.py
[2025-03-27T17:23:43.802+0000] {logging_mixin.py:188} INFO - [2025-03-27T17:23:43.802+0000] {dag.py:3036} INFO - Sync 1 DAGs
[2025-03-27T17:23:43.814+0000] {logging_mixin.py:188} INFO - [2025-03-27T17:23:43.813+0000] {dag.py:3823} INFO - Setting next_dagrun for tutorial_objectstorage to None, run_after=None
[2025-03-27T17:23:43.829+0000] {processor.py:183} INFO - Processing /home/airflow/.local/lib/python3.8/site-packages/airflow/example_dags/tutorial_objectstorage.py took 0.055 seconds
[2025-03-27T17:24:14.009+0000] {processor.py:161} INFO - Started process (PID=1132) to work on /home/airflow/.local/lib/python3.8/site-packages/airflow/example_dags/tutorial_objectstorage.py
[2025-03-27T17:24:14.010+0000] {processor.py:830} INFO - Processing file /home/airflow/.local/lib/python3.8/site-packages/airflow/example_dags/tutorial_objectstorage.py for tasks to queue
[2025-03-27T17:24:14.011+0000] {logging_mixin.py:188} INFO - [2025-03-27T17:24:14.011+0000] {dagbag.py:538} INFO - Filling up the DagBag from /home/airflow/.local/lib/python3.8/site-packages/airflow/example_dags/tutorial_objectstorage.py
[2025-03-27T17:24:14.017+0000] {processor.py:840} INFO - DAG(s) 'tutorial_objectstorage' retrieved from /home/airflow/.local/lib/python3.8/site-packages/airflow/example_dags/tutorial_objectstorage.py
[2025-03-27T17:24:14.039+0000] {logging_mixin.py:188} INFO - [2025-03-27T17:24:14.039+0000] {dag.py:3036} INFO - Sync 1 DAGs
[2025-03-27T17:24:14.052+0000] {logging_mixin.py:188} INFO - [2025-03-27T17:24:14.052+0000] {dag.py:3823} INFO - Setting next_dagrun for tutorial_objectstorage to None, run_after=None
[2025-03-27T17:24:14.072+0000] {processor.py:183} INFO - Processing /home/airflow/.local/lib/python3.8/site-packages/airflow/example_dags/tutorial_objectstorage.py took 0.066 seconds
[2025-03-27T17:24:44.726+0000] {processor.py:161} INFO - Started process (PID=1379) to work on /home/airflow/.local/lib/python3.8/site-packages/airflow/example_dags/tutorial_objectstorage.py
[2025-03-27T17:24:44.727+0000] {processor.py:830} INFO - Processing file /home/airflow/.local/lib/python3.8/site-packages/airflow/example_dags/tutorial_objectstorage.py for tasks to queue
[2025-03-27T17:24:44.728+0000] {logging_mixin.py:188} INFO - [2025-03-27T17:24:44.728+0000] {dagbag.py:538} INFO - Filling up the DagBag from /home/airflow/.local/lib/python3.8/site-packages/airflow/example_dags/tutorial_objectstorage.py
[2025-03-27T17:24:44.734+0000] {processor.py:840} INFO - DAG(s) 'tutorial_objectstorage' retrieved from /home/airflow/.local/lib/python3.8/site-packages/airflow/example_dags/tutorial_objectstorage.py
[2025-03-27T17:24:44.753+0000] {logging_mixin.py:188} INFO - [2025-03-27T17:24:44.752+0000] {dag.py:3036} INFO - Sync 1 DAGs
[2025-03-27T17:24:44.767+0000] {logging_mixin.py:188} INFO - [2025-03-27T17:24:44.766+0000] {dag.py:3823} INFO - Setting next_dagrun for tutorial_objectstorage to None, run_after=None
[2025-03-27T17:24:44.788+0000] {processor.py:183} INFO - Processing /home/airflow/.local/lib/python3.8/site-packages/airflow/example_dags/tutorial_objectstorage.py took 0.065 seconds
[2025-03-27T17:25:15.344+0000] {processor.py:161} INFO - Started process (PID=1626) to work on /home/airflow/.local/lib/python3.8/site-packages/airflow/example_dags/tutorial_objectstorage.py
[2025-03-27T17:25:15.345+0000] {processor.py:830} INFO - Processing file /home/airflow/.local/lib/python3.8/site-packages/airflow/example_dags/tutorial_objectstorage.py for tasks to queue
[2025-03-27T17:25:15.346+0000] {logging_mixin.py:188} INFO - [2025-03-27T17:25:15.346+0000] {dagbag.py:538} INFO - Filling up the DagBag from /home/airflow/.local/lib/python3.8/site-packages/airflow/example_dags/tutorial_objectstorage.py
[2025-03-27T17:25:15.352+0000] {processor.py:840} INFO - DAG(s) 'tutorial_objectstorage' retrieved from /home/airflow/.local/lib/python3.8/site-packages/airflow/example_dags/tutorial_objectstorage.py
[2025-03-27T17:25:15.370+0000] {logging_mixin.py:188} INFO - [2025-03-27T17:25:15.369+0000] {dag.py:3036} INFO - Sync 1 DAGs
[2025-03-27T17:25:15.381+0000] {logging_mixin.py:188} INFO - [2025-03-27T17:25:15.380+0000] {dag.py:3823} INFO - Setting next_dagrun for tutorial_objectstorage to None, run_after=None
[2025-03-27T17:25:15.396+0000] {processor.py:183} INFO - Processing /home/airflow/.local/lib/python3.8/site-packages/airflow/example_dags/tutorial_objectstorage.py took 0.054 seconds
[2025-03-27T17:27:53.678+0000] {processor.py:161} INFO - Started process (PID=402) to work on /home/airflow/.local/lib/python3.8/site-packages/airflow/example_dags/tutorial_objectstorage.py
[2025-03-27T17:27:53.679+0000] {processor.py:830} INFO - Processing file /home/airflow/.local/lib/python3.8/site-packages/airflow/example_dags/tutorial_objectstorage.py for tasks to queue
[2025-03-27T17:27:53.680+0000] {logging_mixin.py:188} INFO - [2025-03-27T17:27:53.680+0000] {dagbag.py:538} INFO - Filling up the DagBag from /home/airflow/.local/lib/python3.8/site-packages/airflow/example_dags/tutorial_objectstorage.py
[2025-03-27T17:27:53.687+0000] {processor.py:840} INFO - DAG(s) 'tutorial_objectstorage' retrieved from /home/airflow/.local/lib/python3.8/site-packages/airflow/example_dags/tutorial_objectstorage.py
[2025-03-27T17:27:53.785+0000] {logging_mixin.py:188} INFO - [2025-03-27T17:27:53.785+0000] {override.py:1769} INFO - Created Permission View: can edit on DAG:tutorial_objectstorage
[2025-03-27T17:27:53.795+0000] {logging_mixin.py:188} INFO - [2025-03-27T17:27:53.795+0000] {override.py:1769} INFO - Created Permission View: can read on DAG:tutorial_objectstorage
[2025-03-27T17:27:53.801+0000] {logging_mixin.py:188} INFO - [2025-03-27T17:27:53.801+0000] {override.py:1769} INFO - Created Permission View: can delete on DAG:tutorial_objectstorage
[2025-03-27T17:27:53.802+0000] {logging_mixin.py:188} INFO - [2025-03-27T17:27:53.802+0000] {dag.py:3036} INFO - Sync 1 DAGs
[2025-03-27T17:27:53.812+0000] {logging_mixin.py:188} INFO - [2025-03-27T17:27:53.812+0000] {dag.py:3058} INFO - Creating ORM DAG for tutorial_objectstorage
[2025-03-27T17:27:53.813+0000] {logging_mixin.py:188} INFO - [2025-03-27T17:27:53.813+0000] {dag.py:3823} INFO - Setting next_dagrun for tutorial_objectstorage to None, run_after=None
[2025-03-27T17:27:53.830+0000] {processor.py:183} INFO - Processing /home/airflow/.local/lib/python3.8/site-packages/airflow/example_dags/tutorial_objectstorage.py took 0.155 seconds
[2025-03-27T17:28:23.901+0000] {processor.py:161} INFO - Started process (PID=656) to work on /home/airflow/.local/lib/python3.8/site-packages/airflow/example_dags/tutorial_objectstorage.py
[2025-03-27T17:28:23.902+0000] {processor.py:830} INFO - Processing file /home/airflow/.local/lib/python3.8/site-packages/airflow/example_dags/tutorial_objectstorage.py for tasks to queue
[2025-03-27T17:28:23.903+0000] {logging_mixin.py:188} INFO - [2025-03-27T17:28:23.903+0000] {dagbag.py:538} INFO - Filling up the DagBag from /home/airflow/.local/lib/python3.8/site-packages/airflow/example_dags/tutorial_objectstorage.py
[2025-03-27T17:28:23.910+0000] {processor.py:840} INFO - DAG(s) 'tutorial_objectstorage' retrieved from /home/airflow/.local/lib/python3.8/site-packages/airflow/example_dags/tutorial_objectstorage.py
[2025-03-27T17:28:23.929+0000] {logging_mixin.py:188} INFO - [2025-03-27T17:28:23.929+0000] {dag.py:3036} INFO - Sync 1 DAGs
[2025-03-27T17:28:23.941+0000] {logging_mixin.py:188} INFO - [2025-03-27T17:28:23.941+0000] {dag.py:3823} INFO - Setting next_dagrun for tutorial_objectstorage to None, run_after=None
[2025-03-27T17:28:23.958+0000] {processor.py:183} INFO - Processing /home/airflow/.local/lib/python3.8/site-packages/airflow/example_dags/tutorial_objectstorage.py took 0.060 seconds
[2025-03-27T17:28:57.706+0000] {processor.py:161} INFO - Started process (PID=989) to work on /home/airflow/.local/lib/python3.8/site-packages/airflow/example_dags/tutorial_objectstorage.py
[2025-03-27T17:28:57.708+0000] {processor.py:830} INFO - Processing file /home/airflow/.local/lib/python3.8/site-packages/airflow/example_dags/tutorial_objectstorage.py for tasks to queue
[2025-03-27T17:28:57.710+0000] {logging_mixin.py:188} INFO - [2025-03-27T17:28:57.709+0000] {dagbag.py:538} INFO - Filling up the DagBag from /home/airflow/.local/lib/python3.8/site-packages/airflow/example_dags/tutorial_objectstorage.py
[2025-03-27T17:28:57.722+0000] {processor.py:840} INFO - DAG(s) 'tutorial_objectstorage' retrieved from /home/airflow/.local/lib/python3.8/site-packages/airflow/example_dags/tutorial_objectstorage.py
[2025-03-27T17:28:57.763+0000] {logging_mixin.py:188} INFO - [2025-03-27T17:28:57.763+0000] {dag.py:3036} INFO - Sync 1 DAGs
[2025-03-27T17:28:57.792+0000] {logging_mixin.py:188} INFO - [2025-03-27T17:28:57.792+0000] {dag.py:3823} INFO - Setting next_dagrun for tutorial_objectstorage to None, run_after=None
[2025-03-27T17:28:57.853+0000] {processor.py:183} INFO - Processing /home/airflow/.local/lib/python3.8/site-packages/airflow/example_dags/tutorial_objectstorage.py took 0.154 seconds
[2025-03-27T17:29:30.232+0000] {processor.py:161} INFO - Started process (PID=1651) to work on /home/airflow/.local/lib/python3.8/site-packages/airflow/example_dags/tutorial_objectstorage.py
[2025-03-27T17:29:30.237+0000] {processor.py:830} INFO - Processing file /home/airflow/.local/lib/python3.8/site-packages/airflow/example_dags/tutorial_objectstorage.py for tasks to queue
[2025-03-27T17:29:30.246+0000] {logging_mixin.py:188} INFO - [2025-03-27T17:29:30.245+0000] {dagbag.py:538} INFO - Filling up the DagBag from /home/airflow/.local/lib/python3.8/site-packages/airflow/example_dags/tutorial_objectstorage.py
[2025-03-27T17:29:30.271+0000] {processor.py:840} INFO - DAG(s) 'tutorial_objectstorage' retrieved from /home/airflow/.local/lib/python3.8/site-packages/airflow/example_dags/tutorial_objectstorage.py
[2025-03-27T17:29:30.374+0000] {logging_mixin.py:188} INFO - [2025-03-27T17:29:30.373+0000] {dag.py:3036} INFO - Sync 1 DAGs
[2025-03-27T17:29:30.424+0000] {logging_mixin.py:188} INFO - [2025-03-27T17:29:30.423+0000] {dag.py:3823} INFO - Setting next_dagrun for tutorial_objectstorage to None, run_after=None
[2025-03-27T17:29:30.493+0000] {processor.py:183} INFO - Processing /home/airflow/.local/lib/python3.8/site-packages/airflow/example_dags/tutorial_objectstorage.py took 0.301 seconds
